[config.py] Random numbers for execution time: [738.7567487313221, 908.1430120173984, 1414.8986942771999]
benchmark                        : synthetic
num_threads                      : 8
num_conns                        : 512
target_service                   : service2
request_type                     : chain-d2-http-sync
repetitions                      : 1
target_num_exp                   : 10
pre_run                          : False
num_req                          : 40000
groundtruths                     : []
slowdowns                        : []
predicteds                       : []
errs                             : []
client_cpu_quota                 : 2
random_seed                      : 22717
request_ratio                    : {'service0': 1, 'service1': 1, 'service2': 1}
baseline_service_processing_time : {'service0': 1414.9, 'service1': 908.14, 'service2': 1477.51}
cpu_quota                        : {'service0': 2, 'service1': 2, 'service2': 2}
target_processing_time_range     : [0, 1477.51]
baseline_throughputs             : []
poker_batch                      : 20000000
[test.py] Starting experiment...
[test.py] >>>>>>>>>>>>>>>>>>>>>>>>>>>>> Running experiment 0...
[test.py] Actual processing time range: [0, 147, 294, 441, 588, 735, 882, 1029, 1176, 1323]
[test.py] Running baseline experiment
    [exp] Running (pre_run: False) workload synthetic/chain-d2-http-sync request with the following configuration: {'CLIENT_CPU_QUOTA': '2', 'SLOWPOKE_POKER_BATCH_THRESHOLD': '20000000', 'PROCESSING_TIME_SERVICE0': '0.0014149', 'PROCESSING_TIME_SERVICE1': '0.00090814', 'PROCESSING_TIME_SERVICE2': '0.00147751', 'SLOWPOKE_DELAY_MICROS_SERVICE0': '0.0', 'SLOWPOKE_POKER_BATCH_THRESHOLD_SERVICE0': '10', 'SLOWPOKE_DELAY_MICROS_SERVICE1': '0.0', 'SLOWPOKE_POKER_BATCH_THRESHOLD_SERVICE1': '10', 'SLOWPOKE_DELAY_MICROS_SERVICE2': '0.0', 'SLOWPOKE_POKER_BATCH_THRESHOLD_SERVICE2': '10'}
    [exp] Executing cmd `bash run.sh synthetic chain-d2-http-sync 8 512 40000`:
        [run.sh] Running benchmark synthetic with request chain-d2-http-sync, thread 8, conn 512, duration 60
        [run.sh] Deleting all services
        configmap "config-service0" deleted
        deployment.apps "service0" deleted
        service "service0" deleted
        configmap "config-service1" deleted
        deployment.apps "service1" deleted
        service "service1" deleted
        configmap "config-service2" deleted
        deployment.apps "service2" deleted
        service "service2" deleted
        deployment.apps "ubuntu-client" deleted
        [run.sh] Waiting for all pods to be deleted
        [run.sh] Deploying all services
        configmap/config-service0 created
        deployment.apps/service0 created
        service/service0 created
        configmap/config-service1 created
        deployment.apps/service1 created
        service/service1 created
        configmap/config-service2 created
        deployment.apps/service2 created
        service/service2 created
        [run.sh] Client pod not found, deploying client
        deployment.apps/ubuntu-client created
        [run.sh] Waiting for all pods to be running
        [run.sh] All pods are running
        [run.sh] Checking heartbeat for all services
        [run.sh] service0-5f7bfff576-j92rv cannot connect to service1
        [run.sh] All pods can connect to all services
        [run.sh] Running warmup test
        [run.sh] /wrk/wrk -t8 -c512 -d3s -L http://service0:80/endpoint1
        Running 3s test @ http://service0:80/endpoint1
        8 threads and 512 connections
        Thread Stats   Avg      Stdev     Max   +/- Stdev
        Latency   481.12ms  259.19ms   1.88s    76.88%
        Req/Sec   128.72     44.86   250.00     72.41%
        Latency Distribution
        50%  422.91ms
        75%  488.96ms
        90%  887.10ms
        99%    1.48s
        3024 requests in 3.02s, 1.48MB read
        Requests/sec:    999.93
        Transfer/sec:    500.94KB
        [run.sh] Speed is 999.93, duration is 80
        [run.sh] Fix the request number.
        [run.sh] Running the actual test
        [run.sh] /wrk/wrk --timeout 20s -t8 -c512 -d80s -L -s /wrk/fix_req_n.lua http://service0:80/endpoint1
        [run.sh] Checking the resource usage
        NAME                             CPU(cores)   MEMORY(bytes)
        service0-5f7bfff576-j92rv        1936m        54Mi
        service1-96558989f-vggjn         1486m        18Mi
        service2-b9b68cb9d-s4qtc         1897m        14Mi
        ubuntu-client-76886f6bbd-dflbg   57m          14Mi
        Running 1m test @ http://service0:80/endpoint1
        8 threads and 512 connections
        Thread Stats   Avg      Stdev     Max   +/- Stdev
        Latency   444.78ms   85.76ms   1.54s    87.44%
        Req/Sec   144.47     38.60   444.00     73.60%
        Latency Distribution
        50%  432.17ms
        75%  469.64ms
        90%  519.73ms
        99%  752.44ms
        40000 requests in 1.33m, 19.57MB read
        Requests/sec:    500.00
        Transfer/sec:    250.49KB
        ------------------------------
        stop time: 34.261945
        stop time: 34.690310
        stop time: 34.665341
        stop time: 35.142813
        stop time: 35.126606
        stop time: 35.164191
        stop time: 35.170257
        stop time: 35.295408
        [run.sh] Test finished with status 0
        > STDERR
        > No resources found in default namespace.
        > command terminated with exit code 1
    [exp] Times: [34.261945, 34.69031, 34.665341, 35.142813, 35.126606, 35.164191, 35.170257, 35.295408]
    [exp] Throughput: 1144.832506371324
[test.py] Baseline throughput: 1144.832506371324
[test.py] Running groundtruth experiment
    [exp] Running (pre_run: False) workload synthetic/chain-d2-http-sync request with the following configuration: {'CLIENT_CPU_QUOTA': '2', 'SLOWPOKE_POKER_BATCH_THRESHOLD': '20000000', 'PROCESSING_TIME_SERVICE0': '0.0014149', 'PROCESSING_TIME_SERVICE1': '0.00090814', 'PROCESSING_TIME_SERVICE2': '0.0', 'SLOWPOKE_DELAY_MICROS_SERVICE0': '0.0', 'SLOWPOKE_POKER_BATCH_THRESHOLD_SERVICE0': '10', 'SLOWPOKE_DELAY_MICROS_SERVICE1': '0.0', 'SLOWPOKE_POKER_BATCH_THRESHOLD_SERVICE1': '10', 'SLOWPOKE_DELAY_MICROS_SERVICE2': '0.0', 'SLOWPOKE_POKER_BATCH_THRESHOLD_SERVICE2': '10'}
    [exp] Executing cmd `bash run.sh synthetic chain-d2-http-sync 8 512 40000`:
        [run.sh] Running benchmark synthetic with request chain-d2-http-sync, thread 8, conn 512, duration 60
        [run.sh] Deleting all services
        configmap "config-service0" deleted
        deployment.apps "service0" deleted
        service "service0" deleted
        configmap "config-service1" deleted
        deployment.apps "service1" deleted
        service "service1" deleted
        configmap "config-service2" deleted
        deployment.apps "service2" deleted
        service "service2" deleted
        deployment.apps "ubuntu-client" deleted
        [run.sh] Waiting for all pods to be deleted
        [run.sh] Deploying all services
        configmap/config-service0 created
        deployment.apps/service0 created
        service/service0 created
        configmap/config-service1 created
        deployment.apps/service1 created
        service/service1 created
        configmap/config-service2 created
        deployment.apps/service2 created
        service/service2 created
        [run.sh] Client pod not found, deploying client
        deployment.apps/ubuntu-client created
        [run.sh] Waiting for all pods to be running
        [run.sh] All pods are running
        [run.sh] Checking heartbeat for all services
        [run.sh] All pods can connect to all services
        [run.sh] Running warmup test
        [run.sh] /wrk/wrk -t8 -c512 -d3s -L http://service0:80/endpoint1
        Running 3s test @ http://service0:80/endpoint1
        8 threads and 512 connections
        Thread Stats   Avg      Stdev     Max   +/- Stdev
        Latency   468.61ms  177.34ms   1.41s    89.20%
        Req/Sec   140.51     45.63   282.00     73.15%
        Latency Distribution
        50%  414.15ms
        75%  497.50ms
        90%  661.39ms
        99%    1.27s
        3073 requests in 3.02s, 1.50MB read
        Requests/sec:   1016.41
        Transfer/sec:    509.20KB
        [run.sh] Speed is 1016.41, duration is 78
        [run.sh] Fix the request number.
        [run.sh] Running the actual test
        [run.sh] /wrk/wrk --timeout 20s -t8 -c512 -d78s -L -s /wrk/fix_req_n.lua http://service0:80/endpoint1
        [run.sh] Checking the resource usage
        NAME                             CPU(cores)   MEMORY(bytes)
        service0-5f7bfff576-ng5r9        1925m        50Mi
        service1-96558989f-pw9p2         1411m        17Mi
        service2-b9b68cb9d-hfqgs         193m         8Mi
        ubuntu-client-76886f6bbd-mprnx   52m          15Mi
        Running 1m test @ http://service0:80/endpoint1
        8 threads and 512 connections
        Thread Stats   Avg      Stdev     Max   +/- Stdev
        Latency   442.36ms  139.51ms   2.45s    88.44%
        Req/Sec   144.92     40.99   450.00     69.06%
        Latency Distribution
        50%  417.21ms
        75%  470.65ms
        90%  556.59ms
        99%  920.90ms
        40000 requests in 1.30m, 19.57MB read
        Requests/sec:    512.82
        Transfer/sec:    256.92KB
        ------------------------------
        stop time: 34.109422
        stop time: 34.493220
        stop time: 34.751192
        stop time: 34.827601
        stop time: 34.864182
        stop time: 34.918473
        stop time: 34.911685
        stop time: 34.891625
        [run.sh] Test finished with status 0
        > STDERR
        > No resources found in default namespace.
    [exp] Times: [34.109422, 34.49322, 34.751192, 34.827601, 34.864182, 34.918473, 34.911685, 34.891625]
    [exp] Throughput: 1152.0430403279865
    [exp] Running (pre_run: False) workload synthetic/chain-d2-http-sync request with the following configuration: {'CLIENT_CPU_QUOTA': '2', 'SLOWPOKE_POKER_BATCH_THRESHOLD': '20000000', 'PROCESSING_TIME_SERVICE0': '0.0014149', 'PROCESSING_TIME_SERVICE1': '0.00090814', 'PROCESSING_TIME_SERVICE2': '0.000147', 'SLOWPOKE_DELAY_MICROS_SERVICE0': '0.0', 'SLOWPOKE_POKER_BATCH_THRESHOLD_SERVICE0': '10', 'SLOWPOKE_DELAY_MICROS_SERVICE1': '0.0', 'SLOWPOKE_POKER_BATCH_THRESHOLD_SERVICE1': '10', 'SLOWPOKE_DELAY_MICROS_SERVICE2': '0.0', 'SLOWPOKE_POKER_BATCH_THRESHOLD_SERVICE2': '10'}
    [exp] Executing cmd `bash run.sh synthetic chain-d2-http-sync 8 512 40000`:
        [run.sh] Running benchmark synthetic with request chain-d2-http-sync, thread 8, conn 512, duration 60
        [run.sh] Deleting all services
        configmap "config-service0" deleted
        deployment.apps "service0" deleted
        service "service0" deleted
        configmap "config-service1" deleted
        deployment.apps "service1" deleted
        service "service1" deleted
        configmap "config-service2" deleted
        deployment.apps "service2" deleted
        service "service2" deleted
        deployment.apps "ubuntu-client" deleted
        [run.sh] Waiting for all pods to be deleted
        [run.sh] Deploying all services
        configmap/config-service0 created
        deployment.apps/service0 created
        service/service0 created
        configmap/config-service1 created
        deployment.apps/service1 created
        service/service1 created
        configmap/config-service2 created
        deployment.apps/service2 created
        service/service2 created
        [run.sh] Client pod not found, deploying client
        deployment.apps/ubuntu-client created
        [run.sh] Waiting for all pods to be running
        [run.sh] All pods are running
        [run.sh] Checking heartbeat for all services
        [run.sh] service0-5f7bfff576-2wrzq cannot connect to service1
        [run.sh] All pods can connect to all services
        [run.sh] Running warmup test
        [run.sh] /wrk/wrk -t8 -c512 -d3s -L http://service0:80/endpoint1
        Running 3s test @ http://service0:80/endpoint1
        8 threads and 512 connections
        Thread Stats   Avg      Stdev     Max   +/- Stdev
        Latency   476.52ms  133.16ms 958.03ms   77.90%
        Req/Sec   142.67     47.68   262.00     75.24%
        Latency Distribution
        50%  434.35ms
        75%  523.74ms
        90%  698.97ms
        99%  870.11ms
        2968 requests in 3.02s, 1.45MB read
        Requests/sec:    982.72
        Transfer/sec:    492.32KB
        [run.sh] Speed is 982.72, duration is 81
        [run.sh] Fix the request number.
        [run.sh] Running the actual test
        [run.sh] /wrk/wrk --timeout 20s -t8 -c512 -d81s -L -s /wrk/fix_req_n.lua http://service0:80/endpoint1
        [run.sh] Checking the resource usage
        NAME                             CPU(cores)   MEMORY(bytes)
        service0-5f7bfff576-2wrzq        540m         43Mi
        service1-96558989f-s8669         436m         16Mi
        service2-b9b68cb9d-d8jjr         123m         10Mi
        ubuntu-client-76886f6bbd-k9dxl   21m          0Mi
        Running 1m test @ http://service0:80/endpoint1
        8 threads and 512 connections
        Thread Stats   Avg      Stdev     Max   +/- Stdev
        Latency   437.99ms  162.08ms   2.96s    88.61%
        Req/Sec   147.10     45.08   530.00     72.50%
        Latency Distribution
        50%  415.47ms
        75%  469.06ms
        90%  552.18ms
        99%    1.11s
        40000 requests in 1.35m, 19.57MB read
        Requests/sec:    493.83
        Transfer/sec:    247.40KB
        ------------------------------
        stop time: 33.819115
        stop time: 34.007640
        stop time: 33.925358
        stop time: 34.235234
        stop time: 34.475113
        stop time: 34.657808
        stop time: 34.758402
        stop time: 34.708650
        [run.sh] Test finished with status 0
        > STDERR
        > No resources found in default namespace.
        > command terminated with exit code 1
    [exp] Times: [33.819115, 34.00764, 33.925358, 34.235234, 34.475113, 34.657808, 34.758402, 34.70865]
    [exp] Throughput: 1165.3852042403125
    [exp] Running (pre_run: False) workload synthetic/chain-d2-http-sync request with the following configuration: {'CLIENT_CPU_QUOTA': '2', 'SLOWPOKE_POKER_BATCH_THRESHOLD': '20000000', 'PROCESSING_TIME_SERVICE0': '0.0014149', 'PROCESSING_TIME_SERVICE1': '0.00090814', 'PROCESSING_TIME_SERVICE2': '0.000294', 'SLOWPOKE_DELAY_MICROS_SERVICE0': '0.0', 'SLOWPOKE_POKER_BATCH_THRESHOLD_SERVICE0': '10', 'SLOWPOKE_DELAY_MICROS_SERVICE1': '0.0', 'SLOWPOKE_POKER_BATCH_THRESHOLD_SERVICE1': '10', 'SLOWPOKE_DELAY_MICROS_SERVICE2': '0.0', 'SLOWPOKE_POKER_BATCH_THRESHOLD_SERVICE2': '10'}
    [exp] Executing cmd `bash run.sh synthetic chain-d2-http-sync 8 512 40000`:
        [run.sh] Running benchmark synthetic with request chain-d2-http-sync, thread 8, conn 512, duration 60
        [run.sh] Deleting all services
        configmap "config-service0" deleted
        deployment.apps "service0" deleted
        service "service0" deleted
        configmap "config-service1" deleted
        deployment.apps "service1" deleted
        service "service1" deleted
        configmap "config-service2" deleted
        deployment.apps "service2" deleted
        service "service2" deleted
        deployment.apps "ubuntu-client" deleted
        [run.sh] Waiting for all pods to be deleted
        [run.sh] Deploying all services
        configmap/config-service0 created
        deployment.apps/service0 created
        service/service0 created
        configmap/config-service1 created
        deployment.apps/service1 created
        service/service1 created
        configmap/config-service2 created
        deployment.apps/service2 created
        service/service2 created
        [run.sh] Client pod not found, deploying client
        deployment.apps/ubuntu-client created
        [run.sh] Waiting for all pods to be running
        [run.sh] All pods are running
        [run.sh] Checking heartbeat for all services
        [run.sh] service0-5f7bfff576-l8nfn cannot connect to service1
        [run.sh] All pods can connect to all services
        [run.sh] Running warmup test
        [run.sh] /wrk/wrk -t8 -c512 -d3s -L http://service0:80/endpoint1
        Running 3s test @ http://service0:80/endpoint1
        8 threads and 512 connections
        Thread Stats   Avg      Stdev     Max   +/- Stdev
        Latency   470.65ms  164.13ms   1.65s    83.86%
        Req/Sec   131.09     57.98   282.00     66.95%
        Latency Distribution
        50%  426.56ms
        75%  506.36ms
        90%  689.22ms
        99%    1.18s
        3073 requests in 3.03s, 1.50MB read
        Requests/sec:   1014.42
        Transfer/sec:    508.20KB
        [run.sh] Speed is 1014.42, duration is 78
        [run.sh] Fix the request number.
        [run.sh] Running the actual test
        [run.sh] /wrk/wrk --timeout 20s -t8 -c512 -d78s -L -s /wrk/fix_req_n.lua http://service0:80/endpoint1
        [run.sh] Checking the resource usage
        Running 1m test @ http://service0:80/endpoint1
        8 threads and 512 connections
        Thread Stats   Avg      Stdev     Max   +/- Stdev
        Latency   439.53ms  151.64ms   2.60s    89.04%
        Req/Sec   146.34     43.12   380.00     68.70%
        Latency Distribution
        50%  418.98ms
        75%  470.10ms
        90%  542.76ms
        99%    1.00s
        40000 requests in 1.30m, 19.57MB read
        Requests/sec:    512.82
        Transfer/sec:    256.91KB
        ------------------------------
        stop time: 33.687479
        stop time: 33.922077
        stop time: 34.098554
        stop time: 34.557703
        stop time: 34.724546
        stop time: 34.796429
        stop time: 34.795182
        stop time: 34.764785
        [run.sh] Test finished with status 0
        > STDERR
        > No resources found in default namespace.
        > command terminated with exit code 1
        > error: metrics not available yet
    [exp] Times: [33.687479, 33.922077, 34.098554, 34.557703, 34.724546, 34.796429, 34.795182, 34.764785]
    [exp] Throughput: 1162.1709505891943
    [exp] Running (pre_run: False) workload synthetic/chain-d2-http-sync request with the following configuration: {'CLIENT_CPU_QUOTA': '2', 'SLOWPOKE_POKER_BATCH_THRESHOLD': '20000000', 'PROCESSING_TIME_SERVICE0': '0.0014149', 'PROCESSING_TIME_SERVICE1': '0.00090814', 'PROCESSING_TIME_SERVICE2': '0.000441', 'SLOWPOKE_DELAY_MICROS_SERVICE0': '0.0', 'SLOWPOKE_POKER_BATCH_THRESHOLD_SERVICE0': '10', 'SLOWPOKE_DELAY_MICROS_SERVICE1': '0.0', 'SLOWPOKE_POKER_BATCH_THRESHOLD_SERVICE1': '10', 'SLOWPOKE_DELAY_MICROS_SERVICE2': '0.0', 'SLOWPOKE_POKER_BATCH_THRESHOLD_SERVICE2': '10'}
    [exp] Executing cmd `bash run.sh synthetic chain-d2-http-sync 8 512 40000`:
        [run.sh] Running benchmark synthetic with request chain-d2-http-sync, thread 8, conn 512, duration 60
        [run.sh] Deleting all services
        configmap "config-service0" deleted
        deployment.apps "service0" deleted
        service "service0" deleted
        configmap "config-service1" deleted
        deployment.apps "service1" deleted
        service "service1" deleted
        configmap "config-service2" deleted
        deployment.apps "service2" deleted
        service "service2" deleted
        deployment.apps "ubuntu-client" deleted
        [run.sh] Waiting for all pods to be deleted
        [run.sh] Deploying all services
        configmap/config-service0 created
        deployment.apps/service0 created
        service/service0 created
        configmap/config-service1 created
        deployment.apps/service1 created
        service/service1 created
        configmap/config-service2 created
        deployment.apps/service2 created
        service/service2 created
        [run.sh] Client pod not found, deploying client
        deployment.apps/ubuntu-client created
        [run.sh] Waiting for all pods to be running
        [run.sh] All pods are running
        [run.sh] Checking heartbeat for all services
        [run.sh] service0-5f7bfff576-f97gd cannot connect to service1
        [run.sh] All pods can connect to all services
        [run.sh] Running warmup test
        [run.sh] /wrk/wrk -t8 -c512 -d3s -L http://service0:80/endpoint1
        Running 3s test @ http://service0:80/endpoint1
        8 threads and 512 connections
        Thread Stats   Avg      Stdev     Max   +/- Stdev
        Latency   457.57ms  332.30ms   2.00s    82.61%
        Req/Sec   129.17     48.16   282.00     67.80%
        Latency Distribution
        50%  362.32ms
        75%  483.44ms
        90%  843.41ms
        99%    1.77s
        3042 requests in 3.03s, 1.49MB read
        Socket errors: connect 0, read 0, write 0, timeout 57
        Requests/sec:   1004.72
        Transfer/sec:    503.34KB
        [run.sh] Speed is 1004.72, duration is 79
        [run.sh] Fix the request number.
        [run.sh] Running the actual test
        [run.sh] /wrk/wrk --timeout 20s -t8 -c512 -d79s -L -s /wrk/fix_req_n.lua http://service0:80/endpoint1
        [run.sh] Checking the resource usage
        NAME                             CPU(cores)   MEMORY(bytes)
        service0-5f7bfff576-f97gd        1946m        50Mi
        service1-96558989f-cpvgh         1458m        16Mi
        service2-b9b68cb9d-pdrvq         749m         10Mi
        ubuntu-client-76886f6bbd-cnmv7   58m          16Mi
        Running 1m test @ http://service0:80/endpoint1
        8 threads and 512 connections
        Thread Stats   Avg      Stdev     Max   +/- Stdev
        Latency   437.45ms  150.04ms   2.58s    87.86%
        Req/Sec   147.37     46.41   484.00     73.97%
        Latency Distribution
        50%  418.29ms
        75%  471.04ms
        90%  546.29ms
        99%    1.01s
        40000 requests in 1.32m, 19.57MB read
        Requests/sec:    506.33
        Transfer/sec:    253.66KB
        ------------------------------
        stop time: 33.309420
        stop time: 33.596692
        stop time: 34.227729
        stop time: 34.328828
        stop time: 34.535761
        stop time: 34.721374
        stop time: 34.772693
        stop time: 34.770689
        [run.sh] Test finished with status 0
        > STDERR
        > No resources found in default namespace.
        > command terminated with exit code 1
    [exp] Times: [33.30942, 33.596692, 34.227729, 34.328828, 34.535761, 34.721374, 34.772693, 34.770689]
    [exp] Throughput: 1166.7624979752113
    [exp] Running (pre_run: False) workload synthetic/chain-d2-http-sync request with the following configuration: {'CLIENT_CPU_QUOTA': '2', 'SLOWPOKE_POKER_BATCH_THRESHOLD': '20000000', 'PROCESSING_TIME_SERVICE0': '0.0014149', 'PROCESSING_TIME_SERVICE1': '0.00090814', 'PROCESSING_TIME_SERVICE2': '0.000588', 'SLOWPOKE_DELAY_MICROS_SERVICE0': '0.0', 'SLOWPOKE_POKER_BATCH_THRESHOLD_SERVICE0': '10', 'SLOWPOKE_DELAY_MICROS_SERVICE1': '0.0', 'SLOWPOKE_POKER_BATCH_THRESHOLD_SERVICE1': '10', 'SLOWPOKE_DELAY_MICROS_SERVICE2': '0.0', 'SLOWPOKE_POKER_BATCH_THRESHOLD_SERVICE2': '10'}
    [exp] Executing cmd `bash run.sh synthetic chain-d2-http-sync 8 512 40000`:
        [run.sh] Running benchmark synthetic with request chain-d2-http-sync, thread 8, conn 512, duration 60
        [run.sh] Deleting all services
        configmap "config-service0" deleted
        deployment.apps "service0" deleted
        service "service0" deleted
        configmap "config-service1" deleted
        deployment.apps "service1" deleted
        service "service1" deleted
        configmap "config-service2" deleted
        deployment.apps "service2" deleted
        service "service2" deleted
        deployment.apps "ubuntu-client" deleted
        [run.sh] Waiting for all pods to be deleted
        [run.sh] Deploying all services
        configmap/config-service0 created
        deployment.apps/service0 created
        service/service0 created
        configmap/config-service1 created
        deployment.apps/service1 created
        service/service1 created
        configmap/config-service2 created
        deployment.apps/service2 created
        service/service2 created
        [run.sh] Client pod not found, deploying client
        deployment.apps/ubuntu-client created
        [run.sh] Waiting for all pods to be running
        [run.sh] All pods are running
        [run.sh] Checking heartbeat for all services
        [run.sh] service0-5f7bfff576-q77rz cannot connect to service1
        [run.sh] All pods can connect to all services
        [run.sh] Running warmup test
        [run.sh] /wrk/wrk -t8 -c512 -d3s -L http://service0:80/endpoint1
        Running 3s test @ http://service0:80/endpoint1
        8 threads and 512 connections
        Thread Stats   Avg      Stdev     Max   +/- Stdev
        Latency   468.03ms  141.49ms   1.10s    82.11%
        Req/Sec   129.02     55.39   262.00     65.52%
        Latency Distribution
        50%  435.20ms
        75%  508.17ms
        90%  664.13ms
        99%  959.80ms
        3002 requests in 3.03s, 1.47MB read
        Requests/sec:    990.89
        Transfer/sec:    496.41KB
        [run.sh] Speed is 990.89, duration is 80
        [run.sh] Fix the request number.
        [run.sh] Running the actual test
        [run.sh] /wrk/wrk --timeout 20s -t8 -c512 -d80s -L -s /wrk/fix_req_n.lua http://service0:80/endpoint1
        [run.sh] Checking the resource usage
        NAME                             CPU(cores)   MEMORY(bytes)
        service0-5f7bfff576-q77rz        169m         54Mi
        service1-96558989f-vtnns         92m          16Mi
        service2-b9b68cb9d-ldlqt         678m         10Mi
        ubuntu-client-76886f6bbd-srfl6   39m          14Mi
        Running 1m test @ http://service0:80/endpoint1
        8 threads and 512 connections
        Thread Stats   Avg      Stdev     Max   +/- Stdev
        Latency   439.32ms  113.11ms   1.96s    85.43%
        Req/Sec   145.96     43.95   410.00     66.87%
        Latency Distribution
        50%  420.60ms
        75%  471.39ms
        90%  545.58ms
        99%  855.86ms
        40000 requests in 1.33m, 19.57MB read
        Requests/sec:    500.00
        Transfer/sec:    250.51KB
        ------------------------------
        stop time: 33.815447
        stop time: 34.232146
        stop time: 34.277243
        stop time: 34.589152
        stop time: 34.648308
        stop time: 34.639597
        stop time: 34.784566
        stop time: 34.778098
        [run.sh] Test finished with status 0
        > STDERR
        > No resources found in default namespace.
        > command terminated with exit code 1
    [exp] Times: [33.815447, 34.232146, 34.277243, 34.589152, 34.648308, 34.639597, 34.784566, 34.778098]
    [exp] Throughput: 1160.4101828067774
    [exp] Running (pre_run: False) workload synthetic/chain-d2-http-sync request with the following configuration: {'CLIENT_CPU_QUOTA': '2', 'SLOWPOKE_POKER_BATCH_THRESHOLD': '20000000', 'PROCESSING_TIME_SERVICE0': '0.0014149', 'PROCESSING_TIME_SERVICE1': '0.00090814', 'PROCESSING_TIME_SERVICE2': '0.000735', 'SLOWPOKE_DELAY_MICROS_SERVICE0': '0.0', 'SLOWPOKE_POKER_BATCH_THRESHOLD_SERVICE0': '10', 'SLOWPOKE_DELAY_MICROS_SERVICE1': '0.0', 'SLOWPOKE_POKER_BATCH_THRESHOLD_SERVICE1': '10', 'SLOWPOKE_DELAY_MICROS_SERVICE2': '0.0', 'SLOWPOKE_POKER_BATCH_THRESHOLD_SERVICE2': '10'}
    [exp] Executing cmd `bash run.sh synthetic chain-d2-http-sync 8 512 40000`:
        [run.sh] Running benchmark synthetic with request chain-d2-http-sync, thread 8, conn 512, duration 60
        [run.sh] Deleting all services
        configmap "config-service0" deleted
        deployment.apps "service0" deleted
        service "service0" deleted
        configmap "config-service1" deleted
        deployment.apps "service1" deleted
        service "service1" deleted
        configmap "config-service2" deleted
        deployment.apps "service2" deleted
        service "service2" deleted
        deployment.apps "ubuntu-client" deleted
        [run.sh] Waiting for all pods to be deleted
        [run.sh] Deploying all services
        configmap/config-service0 created
        deployment.apps/service0 created
        service/service0 created
        configmap/config-service1 created
        deployment.apps/service1 created
        service/service1 created
        configmap/config-service2 created
        deployment.apps/service2 created
        service/service2 created
        [run.sh] Client pod not found, deploying client
        deployment.apps/ubuntu-client created
        [run.sh] Waiting for all pods to be running
        [run.sh] All pods are running
        [run.sh] Checking heartbeat for all services
        [run.sh] service0-5f7bfff576-nqvlj cannot connect to service1
        [run.sh] All pods can connect to all services
        [run.sh] Running warmup test
        [run.sh] /wrk/wrk -t8 -c512 -d3s -L http://service0:80/endpoint1
        Running 3s test @ http://service0:80/endpoint1
        8 threads and 512 connections
        Thread Stats   Avg      Stdev     Max   +/- Stdev
        Latency   467.62ms  174.52ms   1.69s    84.17%
        Req/Sec   135.98     48.32   303.00     75.45%
        Latency Distribution
        50%  406.33ms
        75%  493.41ms
        90%  734.91ms
        99%    1.08s
        3051 requests in 3.03s, 1.49MB read
        Requests/sec:   1007.87
        Transfer/sec:    505.08KB
        [run.sh] Speed is 1007.87, duration is 79
        [run.sh] Fix the request number.
        [run.sh] Running the actual test
        [run.sh] /wrk/wrk --timeout 20s -t8 -c512 -d79s -L -s /wrk/fix_req_n.lua http://service0:80/endpoint1
        [run.sh] Checking the resource usage
        NAME                             CPU(cores)   MEMORY(bytes)
        service2-b9b68cb9d-8dt2r         328m         10Mi
        ubuntu-client-76886f6bbd-64t9k   22m          0Mi
        Running 1m test @ http://service0:80/endpoint1
        8 threads and 512 connections
        Thread Stats   Avg      Stdev     Max   +/- Stdev
        Latency   438.03ms  106.41ms   1.50s    85.54%
        Req/Sec   146.28     42.89   380.00     67.47%
        Latency Distribution
        50%  421.24ms
        75%  469.64ms
        90%  537.33ms
        99%  843.41ms
        40000 requests in 1.32m, 19.57MB read
        Requests/sec:    506.33
        Transfer/sec:    253.68KB
        ------------------------------
        stop time: 34.036183
        stop time: 33.886470
        stop time: 34.140590
        stop time: 34.674602
        stop time: 34.675896
        stop time: 34.583567
        stop time: 34.573209
        stop time: 34.572003
        [run.sh] Test finished with status 0
        > STDERR
        > No resources found in default namespace.
        > command terminated with exit code 1
    [exp] Times: [34.036183, 33.88647, 34.14059, 34.674602, 34.675896, 34.583567, 34.573209, 34.572003]
    [exp] Throughput: 1163.033616178263
    [exp] Running (pre_run: False) workload synthetic/chain-d2-http-sync request with the following configuration: {'CLIENT_CPU_QUOTA': '2', 'SLOWPOKE_POKER_BATCH_THRESHOLD': '20000000', 'PROCESSING_TIME_SERVICE0': '0.0014149', 'PROCESSING_TIME_SERVICE1': '0.00090814', 'PROCESSING_TIME_SERVICE2': '0.000882', 'SLOWPOKE_DELAY_MICROS_SERVICE0': '0.0', 'SLOWPOKE_POKER_BATCH_THRESHOLD_SERVICE0': '10', 'SLOWPOKE_DELAY_MICROS_SERVICE1': '0.0', 'SLOWPOKE_POKER_BATCH_THRESHOLD_SERVICE1': '10', 'SLOWPOKE_DELAY_MICROS_SERVICE2': '0.0', 'SLOWPOKE_POKER_BATCH_THRESHOLD_SERVICE2': '10'}
    [exp] Executing cmd `bash run.sh synthetic chain-d2-http-sync 8 512 40000`:
        [run.sh] Running benchmark synthetic with request chain-d2-http-sync, thread 8, conn 512, duration 60
        [run.sh] Deleting all services
        configmap "config-service0" deleted
        deployment.apps "service0" deleted
        service "service0" deleted
        configmap "config-service1" deleted
        deployment.apps "service1" deleted
        service "service1" deleted
        configmap "config-service2" deleted
        deployment.apps "service2" deleted
        service "service2" deleted
        deployment.apps "ubuntu-client" deleted
        [run.sh] Waiting for all pods to be deleted
        [run.sh] Deploying all services
        configmap/config-service0 created
        deployment.apps/service0 created
        service/service0 created
        configmap/config-service1 created
        deployment.apps/service1 created
        service/service1 created
        configmap/config-service2 created
        deployment.apps/service2 created
        service/service2 created
        [run.sh] Client pod not found, deploying client
        deployment.apps/ubuntu-client created
        [run.sh] Waiting for all pods to be running
        [run.sh] All pods are running
        [run.sh] Checking heartbeat for all services
        [run.sh] service0-5f7bfff576-ktks6 cannot connect to service1
        [run.sh] All pods can connect to all services
        [run.sh] Running warmup test
        [run.sh] /wrk/wrk -t8 -c512 -d3s -L http://service0:80/endpoint1
        Running 3s test @ http://service0:80/endpoint1
        8 threads and 512 connections
        Thread Stats   Avg      Stdev     Max   +/- Stdev
        Latency   474.18ms  172.14ms   1.15s    80.19%
        Req/Sec   129.17     55.24   270.00     69.00%
        Latency Distribution
        50%  424.04ms
        75%  500.18ms
        90%  752.10ms
        99%  968.20ms
        2968 requests in 3.03s, 1.45MB read
        Requests/sec:    978.72
        Transfer/sec:    490.64KB
        [run.sh] Speed is 978.72, duration is 81
        [run.sh] Fix the request number.
        [run.sh] Running the actual test
        [run.sh] /wrk/wrk --timeout 20s -t8 -c512 -d81s -L -s /wrk/fix_req_n.lua http://service0:80/endpoint1
        [run.sh] Checking the resource usage
        Running 1m test @ http://service0:80/endpoint1
        8 threads and 512 connections
        Thread Stats   Avg      Stdev     Max   +/- Stdev
        Latency   439.19ms  105.02ms   1.77s    85.24%
        Req/Sec   145.67     42.19   343.00     67.47%
        Latency Distribution
        50%  422.05ms
        75%  470.21ms
        90%  534.24ms
        99%  845.90ms
        40000 requests in 1.35m, 19.57MB read
        Requests/sec:    493.83
        Transfer/sec:    247.40KB
        ------------------------------
        stop time: 34.042558
        stop time: 34.179580
        stop time: 34.248885
        stop time: 34.622084
        stop time: 34.670468
        stop time: 34.728340
        stop time: 34.737207
        stop time: 34.626658
        [run.sh] Test finished with status 0
        > STDERR
        > No resources found in default namespace.
        > command terminated with exit code 1
        > error: metrics not available yet
    [exp] Times: [34.042558, 34.17958, 34.248885, 34.622084, 34.670468, 34.72834, 34.737207, 34.626658]
    [exp] Throughput: 1160.0264457028957
    [exp] Running (pre_run: False) workload synthetic/chain-d2-http-sync request with the following configuration: {'CLIENT_CPU_QUOTA': '2', 'SLOWPOKE_POKER_BATCH_THRESHOLD': '20000000', 'PROCESSING_TIME_SERVICE0': '0.0014149', 'PROCESSING_TIME_SERVICE1': '0.00090814', 'PROCESSING_TIME_SERVICE2': '0.001029', 'SLOWPOKE_DELAY_MICROS_SERVICE0': '0.0', 'SLOWPOKE_POKER_BATCH_THRESHOLD_SERVICE0': '10', 'SLOWPOKE_DELAY_MICROS_SERVICE1': '0.0', 'SLOWPOKE_POKER_BATCH_THRESHOLD_SERVICE1': '10', 'SLOWPOKE_DELAY_MICROS_SERVICE2': '0.0', 'SLOWPOKE_POKER_BATCH_THRESHOLD_SERVICE2': '10'}
    [exp] Executing cmd `bash run.sh synthetic chain-d2-http-sync 8 512 40000`:
        [run.sh] Running benchmark synthetic with request chain-d2-http-sync, thread 8, conn 512, duration 60
        [run.sh] Deleting all services
        configmap "config-service0" deleted
        deployment.apps "service0" deleted
        service "service0" deleted
        configmap "config-service1" deleted
        deployment.apps "service1" deleted
        service "service1" deleted
        configmap "config-service2" deleted
        deployment.apps "service2" deleted
        service "service2" deleted
        deployment.apps "ubuntu-client" deleted
        [run.sh] Waiting for all pods to be deleted
        [run.sh] Deploying all services
        configmap/config-service0 created
        deployment.apps/service0 created
        service/service0 created
        configmap/config-service1 created
        deployment.apps/service1 created
        service/service1 created
        configmap/config-service2 created
        deployment.apps/service2 created
        service/service2 created
        [run.sh] Client pod not found, deploying client
        deployment.apps/ubuntu-client created
        [run.sh] Waiting for all pods to be running
        [run.sh] All pods are running
        [run.sh] Checking heartbeat for all services
        [run.sh] service0-5f7bfff576-flvcp cannot connect to service1
        [run.sh] All pods can connect to all services
        [run.sh] Running warmup test
        [run.sh] /wrk/wrk -t8 -c512 -d3s -L http://service0:80/endpoint1
        Running 3s test @ http://service0:80/endpoint1
        8 threads and 512 connections
        Thread Stats   Avg      Stdev     Max   +/- Stdev
        Latency   471.67ms  121.21ms 949.35ms   77.84%
        Req/Sec   144.72     50.18   282.00     74.88%
        Latency Distribution
        50%  432.36ms
        75%  508.85ms
        90%  673.49ms
        99%  831.86ms
        3019 requests in 3.02s, 1.48MB read
        Requests/sec:    998.59
        Transfer/sec:    500.60KB
        [run.sh] Speed is 998.59, duration is 80
        [run.sh] Fix the request number.
        [run.sh] Running the actual test
        [run.sh] /wrk/wrk --timeout 20s -t8 -c512 -d80s -L -s /wrk/fix_req_n.lua http://service0:80/endpoint1
        [run.sh] Checking the resource usage
        NAME                             CPU(cores)   MEMORY(bytes)
        service0-5f7bfff576-flvcp        1940m        50Mi
        service1-96558989f-zkfcw         1492m        16Mi
        service2-b9b68cb9d-p4s6g         1377m        11Mi
        ubuntu-client-76886f6bbd-x9hbv   62m          14Mi
        Running 1m test @ http://service0:80/endpoint1
        8 threads and 512 connections
        Thread Stats   Avg      Stdev     Max   +/- Stdev
        Latency   440.32ms  110.01ms   2.12s    86.19%
        Req/Sec   145.62     42.47   434.00     68.13%
        Latency Distribution
        50%  423.23ms
        75%  471.89ms
        90%  537.55ms
        99%  828.44ms
        40000 requests in 1.33m, 19.57MB read
        Requests/sec:    500.00
        Transfer/sec:    250.50KB
        ------------------------------
        stop time: 33.680170
        stop time: 34.293507
        stop time: 34.580037
        stop time: 34.662515
        stop time: 34.748549
        stop time: 34.767282
        stop time: 34.891488
        stop time: 34.935239
        [run.sh] Test finished with status 0
        > STDERR
        > No resources found in default namespace.
        > command terminated with exit code 1
    [exp] Times: [33.68017, 34.293507, 34.580037, 34.662515, 34.748549, 34.767282, 34.891488, 34.935239]
    [exp] Throughput: 1157.077681281557
    [exp] Running (pre_run: False) workload synthetic/chain-d2-http-sync request with the following configuration: {'CLIENT_CPU_QUOTA': '2', 'SLOWPOKE_POKER_BATCH_THRESHOLD': '20000000', 'PROCESSING_TIME_SERVICE0': '0.0014149', 'PROCESSING_TIME_SERVICE1': '0.00090814', 'PROCESSING_TIME_SERVICE2': '0.001176', 'SLOWPOKE_DELAY_MICROS_SERVICE0': '0.0', 'SLOWPOKE_POKER_BATCH_THRESHOLD_SERVICE0': '10', 'SLOWPOKE_DELAY_MICROS_SERVICE1': '0.0', 'SLOWPOKE_POKER_BATCH_THRESHOLD_SERVICE1': '10', 'SLOWPOKE_DELAY_MICROS_SERVICE2': '0.0', 'SLOWPOKE_POKER_BATCH_THRESHOLD_SERVICE2': '10'}
    [exp] Executing cmd `bash run.sh synthetic chain-d2-http-sync 8 512 40000`:
        [run.sh] Running benchmark synthetic with request chain-d2-http-sync, thread 8, conn 512, duration 60
        [run.sh] Deleting all services
        configmap "config-service0" deleted
        deployment.apps "service0" deleted
        service "service0" deleted
        configmap "config-service1" deleted
        deployment.apps "service1" deleted
        service "service1" deleted
        configmap "config-service2" deleted
        deployment.apps "service2" deleted
        service "service2" deleted
        deployment.apps "ubuntu-client" deleted
        [run.sh] Waiting for all pods to be deleted
        [run.sh] Deploying all services
        configmap/config-service0 created
        deployment.apps/service0 created
        service/service0 created
        configmap/config-service1 created
        deployment.apps/service1 created
        service/service1 created
        configmap/config-service2 created
        deployment.apps/service2 created
        service/service2 created
        [run.sh] Client pod not found, deploying client
        deployment.apps/ubuntu-client created
        [run.sh] Waiting for all pods to be running
        [run.sh] All pods are running
        [run.sh] Checking heartbeat for all services
        [run.sh] service0-5f7bfff576-l4774 cannot connect to service1
        [run.sh] All pods can connect to all services
        [run.sh] Running warmup test
        [run.sh] /wrk/wrk -t8 -c512 -d3s -L http://service0:80/endpoint1
        Running 3s test @ http://service0:80/endpoint1
        8 threads and 512 connections
        Thread Stats   Avg      Stdev     Max   +/- Stdev
        Latency   492.42ms  281.39ms   1.94s    86.83%
        Req/Sec   129.42     44.32   250.00     72.12%
        Latency Distribution
        50%  404.03ms
        75%  476.78ms
        90%  902.16ms
        99%    1.57s
        2960 requests in 3.03s, 1.45MB read
        Socket errors: connect 0, read 0, write 0, timeout 1
        Requests/sec:    975.84
        Transfer/sec:    488.87KB
        [run.sh] Speed is 975.84, duration is 81
        [run.sh] Fix the request number.
        [run.sh] Running the actual test
        [run.sh] /wrk/wrk --timeout 20s -t8 -c512 -d81s -L -s /wrk/fix_req_n.lua http://service0:80/endpoint1
        [run.sh] Checking the resource usage
        NAME                             CPU(cores)   MEMORY(bytes)
        service0-5f7bfff576-l4774        447m         46Mi
        service1-96558989f-sqrc9         460m         17Mi
        service2-b9b68cb9d-fjf66         468m         11Mi
        ubuntu-client-76886f6bbd-djhxq   10m          11Mi
        Running 1m test @ http://service0:80/endpoint1
        8 threads and 512 connections
        Thread Stats   Avg      Stdev     Max   +/- Stdev
        Latency   440.57ms  104.22ms   1.60s    86.39%
        Req/Sec   145.53     40.00   303.00     69.49%
        Latency Distribution
        50%  421.45ms
        75%  468.59ms
        90%  531.42ms
        99%  839.25ms
        40000 requests in 1.35m, 19.57MB read
        Requests/sec:    493.83
        Transfer/sec:    247.40KB
        ------------------------------
        stop time: 34.120692
        stop time: 34.434609
        stop time: 34.618969
        stop time: 34.557659
        stop time: 34.717735
        stop time: 34.828972
        stop time: 34.863165
        stop time: 34.871286
        [run.sh] Test finished with status 0
        > STDERR
        > No resources found in default namespace.
        > command terminated with exit code 1
    [exp] Times: [34.120692, 34.434609, 34.618969, 34.557659, 34.717735, 34.828972, 34.863165, 34.871286]
    [exp] Throughput: 1155.1800799938378
    [exp] Running (pre_run: False) workload synthetic/chain-d2-http-sync request with the following configuration: {'CLIENT_CPU_QUOTA': '2', 'SLOWPOKE_POKER_BATCH_THRESHOLD': '20000000', 'PROCESSING_TIME_SERVICE0': '0.0014149', 'PROCESSING_TIME_SERVICE1': '0.00090814', 'PROCESSING_TIME_SERVICE2': '0.001323', 'SLOWPOKE_DELAY_MICROS_SERVICE0': '0.0', 'SLOWPOKE_POKER_BATCH_THRESHOLD_SERVICE0': '10', 'SLOWPOKE_DELAY_MICROS_SERVICE1': '0.0', 'SLOWPOKE_POKER_BATCH_THRESHOLD_SERVICE1': '10', 'SLOWPOKE_DELAY_MICROS_SERVICE2': '0.0', 'SLOWPOKE_POKER_BATCH_THRESHOLD_SERVICE2': '10'}
    [exp] Executing cmd `bash run.sh synthetic chain-d2-http-sync 8 512 40000`:
        [run.sh] Running benchmark synthetic with request chain-d2-http-sync, thread 8, conn 512, duration 60
        [run.sh] Deleting all services
        configmap "config-service0" deleted
        deployment.apps "service0" deleted
        service "service0" deleted
        configmap "config-service1" deleted
        deployment.apps "service1" deleted
        service "service1" deleted
        configmap "config-service2" deleted
        deployment.apps "service2" deleted
        service "service2" deleted
        deployment.apps "ubuntu-client" deleted
        [run.sh] Waiting for all pods to be deleted
        [run.sh] Deploying all services
        configmap/config-service0 created
        deployment.apps/service0 created
        service/service0 created
        configmap/config-service1 created
        deployment.apps/service1 created
        service/service1 created
        configmap/config-service2 created
        deployment.apps/service2 created
        service/service2 created
        [run.sh] Client pod not found, deploying client
        deployment.apps/ubuntu-client created
        [run.sh] Waiting for all pods to be running
        [run.sh] All pods are running
        [run.sh] Checking heartbeat for all services
        [run.sh] service0-5f7bfff576-5vvhw cannot connect to service1
        [run.sh] All pods can connect to all services
        [run.sh] Running warmup test
        [run.sh] /wrk/wrk -t8 -c512 -d3s -L http://service0:80/endpoint1
        Running 3s test @ http://service0:80/endpoint1
        8 threads and 512 connections
        Thread Stats   Avg      Stdev     Max   +/- Stdev
        Latency   479.34ms  194.40ms   1.70s    88.81%
        Req/Sec   132.13     54.82   290.00     67.41%
        Latency Distribution
        50%  422.02ms
        75%  490.62ms
        90%  682.46ms
        99%    1.37s
        2963 requests in 3.03s, 1.45MB read
        Requests/sec:    977.26
        Transfer/sec:    489.59KB
        [run.sh] Speed is 977.26, duration is 81
        [run.sh] Fix the request number.
        [run.sh] Running the actual test
        [run.sh] /wrk/wrk --timeout 20s -t8 -c512 -d81s -L -s /wrk/fix_req_n.lua http://service0:80/endpoint1
        [run.sh] Checking the resource usage
        Running 1m test @ http://service0:80/endpoint1
        8 threads and 512 connections
        Thread Stats   Avg      Stdev     Max   +/- Stdev
        Latency   439.90ms  120.43ms   2.30s    89.59%
        Req/Sec   145.64     40.05   393.00     68.92%
        Latency Distribution
        50%  423.67ms
        75%  468.11ms
        90%  528.39ms
        99%  813.66ms
        40000 requests in 1.35m, 19.57MB read
        Requests/sec:    493.83
        Transfer/sec:    247.40KB
        ------------------------------
        stop time: 33.950570
        stop time: 33.956781
        stop time: 34.435708
        stop time: 34.640752
        stop time: 34.780792
        stop time: 34.809786
        stop time: 34.889572
        stop time: 34.661064
        [run.sh] Test finished with status 0
        > STDERR
        > No resources found in default namespace.
        > command terminated with exit code 1
        > error: metrics not available yet
    [exp] Times: [33.95057, 33.956781, 34.435708, 34.640752, 34.780792, 34.809786, 34.889572, 34.661064]
    [exp] Throughput: 1158.8953228705004
[test.py] Running slowdown experiment
    [exp] Running (pre_run: False) workload synthetic/chain-d2-http-sync request with the following configuration: {'CLIENT_CPU_QUOTA': '2', 'SLOWPOKE_POKER_BATCH_THRESHOLD': '20000000', 'PROCESSING_TIME_SERVICE0': '0.0014149', 'PROCESSING_TIME_SERVICE1': '0.00090814', 'PROCESSING_TIME_SERVICE2': '0.00147751', 'SLOWPOKE_DELAY_MICROS_SERVICE0': '738.5', 'SLOWPOKE_POKER_BATCH_THRESHOLD_SERVICE0': '73849990', 'SLOWPOKE_DELAY_MICROS_SERVICE1': '738.5', 'SLOWPOKE_POKER_BATCH_THRESHOLD_SERVICE1': '73849990', 'SLOWPOKE_DELAY_MICROS_SERVICE2': '0.0', 'SLOWPOKE_POKER_BATCH_THRESHOLD_SERVICE2': '10'}
    [exp] Executing cmd `bash run.sh synthetic chain-d2-http-sync 8 512 40000`:
        [run.sh] Running benchmark synthetic with request chain-d2-http-sync, thread 8, conn 512, duration 60
        [run.sh] Deleting all services
        configmap "config-service0" deleted
        deployment.apps "service0" deleted
        service "service0" deleted
        configmap "config-service1" deleted
        deployment.apps "service1" deleted
        service "service1" deleted
        configmap "config-service2" deleted
        deployment.apps "service2" deleted
        service "service2" deleted
        deployment.apps "ubuntu-client" deleted
        [run.sh] Waiting for all pods to be deleted
        [run.sh] Deploying all services
        configmap/config-service0 created
        deployment.apps/service0 created
        service/service0 created
        configmap/config-service1 created
        deployment.apps/service1 created
        service/service1 created
        configmap/config-service2 created
        deployment.apps/service2 created
        service/service2 created
        [run.sh] Client pod not found, deploying client
        deployment.apps/ubuntu-client created
        [run.sh] Waiting for all pods to be running
        [run.sh] All pods are running
        [run.sh] Checking heartbeat for all services
        [run.sh] service0-84bbf59477-tkvxz cannot connect to service1
        [run.sh] All pods can connect to all services
        [run.sh] Running warmup test
        [run.sh] /wrk/wrk -t8 -c512 -d3s -L http://service0:80/endpoint1
        Running 3s test @ http://service0:80/endpoint1
        8 threads and 512 connections
        Thread Stats   Avg      Stdev     Max   +/- Stdev
        Latency   805.92ms  139.78ms   1.45s    70.88%
        Req/Sec    78.26     54.79   272.00     67.50%
        Latency Distribution
        50%  794.37ms
        75%  847.78ms
        90%  980.17ms
        99%    1.14s
        1621 requests in 3.03s, 824.98KB read
        Requests/sec:    534.57
        Transfer/sec:    272.06KB
        [run.sh] Speed is 534.57, duration is 149
        [run.sh] Fix the request number.
        [run.sh] Running the actual test
        [run.sh] /wrk/wrk --timeout 20s -t8 -c512 -d149s -L -s /wrk/fix_req_n.lua http://service0:80/endpoint1
        [run.sh] Checking the resource usage
        NAME                             CPU(cores)   MEMORY(bytes)
        service0-84bbf59477-tkvxz        1064m        50Mi
        service1-5cbfb57c9d-k6qgv        782m         19Mi
        service2-b9b68cb9d-n4q7c         1042m        14Mi
        ubuntu-client-76886f6bbd-2m8dt   33m          13Mi
        Running 2m test @ http://service0:80/endpoint1
        8 threads and 512 connections
        Thread Stats   Avg      Stdev     Max   +/- Stdev
        Latency   811.85ms  108.53ms   2.06s    74.21%
        Req/Sec    80.41     44.84   232.00     63.01%
        Latency Distribution
        50%  802.12ms
        75%  840.61ms
        90%  946.90ms
        99%    1.12s
        40000 requests in 2.48m, 19.57MB read
        Requests/sec:    268.46
        Transfer/sec:    134.51KB
        ------------------------------
        stop time: 63.296831
        stop time: 63.339998
        stop time: 63.463469
        stop time: 63.892336
        stop time: 63.997424
        stop time: 64.117356
        stop time: 64.114084
        stop time: 64.094844
        [run.sh] Test finished with status 0
        > STDERR
        > No resources found in default namespace.
        > command terminated with exit code 1
    [exp] Times: [63.296831, 63.339998, 63.463469, 63.892336, 63.997424, 64.117356, 64.114084, 64.094844]
    [exp] Throughput: 627.0620273414642
    [exp] Running (pre_run: False) workload synthetic/chain-d2-http-sync request with the following configuration: {'CLIENT_CPU_QUOTA': '2', 'SLOWPOKE_POKER_BATCH_THRESHOLD': '20000000', 'PROCESSING_TIME_SERVICE0': '0.0014149', 'PROCESSING_TIME_SERVICE1': '0.00090814', 'PROCESSING_TIME_SERVICE2': '0.00147751', 'SLOWPOKE_DELAY_MICROS_SERVICE0': '665.0', 'SLOWPOKE_POKER_BATCH_THRESHOLD_SERVICE0': '66499990', 'SLOWPOKE_DELAY_MICROS_SERVICE1': '665.0', 'SLOWPOKE_POKER_BATCH_THRESHOLD_SERVICE1': '66499990', 'SLOWPOKE_DELAY_MICROS_SERVICE2': '0.0', 'SLOWPOKE_POKER_BATCH_THRESHOLD_SERVICE2': '10'}
    [exp] Executing cmd `bash run.sh synthetic chain-d2-http-sync 8 512 40000`:
        [run.sh] Running benchmark synthetic with request chain-d2-http-sync, thread 8, conn 512, duration 60
        [run.sh] Deleting all services
        configmap "config-service0" deleted
        deployment.apps "service0" deleted
        service "service0" deleted
        configmap "config-service1" deleted
        deployment.apps "service1" deleted
        service "service1" deleted
        configmap "config-service2" deleted
        deployment.apps "service2" deleted
        service "service2" deleted
        deployment.apps "ubuntu-client" deleted
        [run.sh] Waiting for all pods to be deleted
        [run.sh] Deploying all services
        configmap/config-service0 created
        deployment.apps/service0 created
        service/service0 created
        configmap/config-service1 created
        deployment.apps/service1 created
        service/service1 created
        configmap/config-service2 created
        deployment.apps/service2 created
        service/service2 created
        [run.sh] Client pod not found, deploying client
        deployment.apps/ubuntu-client created
        [run.sh] Waiting for all pods to be running
        [run.sh] All pods are running
        [run.sh] Checking heartbeat for all services
        [run.sh] service0-58956cf8d-pj84h cannot connect to service1
        [run.sh] All pods can connect to all services
        [run.sh] Running warmup test
        [run.sh] /wrk/wrk -t8 -c512 -d3s -L http://service0:80/endpoint1
        Running 3s test @ http://service0:80/endpoint1
        8 threads and 512 connections
        Thread Stats   Avg      Stdev     Max   +/- Stdev
        Latency   768.27ms  284.66ms   1.86s    74.41%
        Req/Sec    78.42     46.22   191.00     59.91%
        Latency Distribution
        50%  741.81ms
        75%  852.88ms
        90%    1.19s
        99%    1.70s
        1770 requests in 3.03s, 0.87MB read
        Requests/sec:    584.68
        Transfer/sec:    293.08KB
        [run.sh] Speed is 584.68, duration is 136
        [run.sh] Fix the request number.
        [run.sh] Running the actual test
        [run.sh] /wrk/wrk --timeout 20s -t8 -c512 -d136s -L -s /wrk/fix_req_n.lua http://service0:80/endpoint1
        [run.sh] Checking the resource usage
        NAME                             CPU(cores)   MEMORY(bytes)
        service0-58956cf8d-pj84h         27m          46Mi
        service1-6865bdd759-dh6k6        184m         19Mi
        service2-b9b68cb9d-q5f72         378m         13Mi
        ubuntu-client-76886f6bbd-lf2n7   16m          10Mi
        Running 2m test @ http://service0:80/endpoint1
        8 threads and 512 connections
        Thread Stats   Avg      Stdev     Max   +/- Stdev
        Latency   774.66ms  118.22ms   2.40s    79.73%
        Req/Sec    83.72     43.69   363.00     59.85%
        Latency Distribution
        50%  760.31ms
        75%  804.79ms
        90%  901.47ms
        99%    1.08s
        40000 requests in 2.27m, 19.57MB read
        Requests/sec:    294.12
        Transfer/sec:    147.38KB
        ------------------------------
        stop time: 60.092622
        stop time: 60.106765
        stop time: 60.624703
        stop time: 61.037679
        stop time: 60.941959
        stop time: 61.031753
        stop time: 61.285158
        stop time: 61.418438
        [run.sh] Test finished with status 0
        > STDERR
        > No resources found in default namespace.
        > command terminated with exit code 1
    [exp] Times: [60.092622, 60.106765, 60.624703, 61.037679, 60.941959, 61.031753, 61.285158, 61.418438]
    [exp] Throughput: 657.7066778954736
    [exp] Running (pre_run: False) workload synthetic/chain-d2-http-sync request with the following configuration: {'CLIENT_CPU_QUOTA': '2', 'SLOWPOKE_POKER_BATCH_THRESHOLD': '20000000', 'PROCESSING_TIME_SERVICE0': '0.0014149', 'PROCESSING_TIME_SERVICE1': '0.00090814', 'PROCESSING_TIME_SERVICE2': '0.00147751', 'SLOWPOKE_DELAY_MICROS_SERVICE0': '591.5', 'SLOWPOKE_POKER_BATCH_THRESHOLD_SERVICE0': '59149990', 'SLOWPOKE_DELAY_MICROS_SERVICE1': '591.5', 'SLOWPOKE_POKER_BATCH_THRESHOLD_SERVICE1': '59149990', 'SLOWPOKE_DELAY_MICROS_SERVICE2': '0.0', 'SLOWPOKE_POKER_BATCH_THRESHOLD_SERVICE2': '10'}
    [exp] Executing cmd `bash run.sh synthetic chain-d2-http-sync 8 512 40000`:
        [run.sh] Running benchmark synthetic with request chain-d2-http-sync, thread 8, conn 512, duration 60
        [run.sh] Deleting all services
        configmap "config-service0" deleted
        deployment.apps "service0" deleted
        service "service0" deleted
        configmap "config-service1" deleted
        deployment.apps "service1" deleted
        service "service1" deleted
        configmap "config-service2" deleted
        deployment.apps "service2" deleted
        service "service2" deleted
        deployment.apps "ubuntu-client" deleted
        [run.sh] Waiting for all pods to be deleted
        [run.sh] Deploying all services
        configmap/config-service0 created
        deployment.apps/service0 created
        service/service0 created
        configmap/config-service1 created
        deployment.apps/service1 created
        service/service1 created
        configmap/config-service2 created
        deployment.apps/service2 created
        service/service2 created
        [run.sh] Client pod not found, deploying client
        deployment.apps/ubuntu-client created
        [run.sh] Waiting for all pods to be running
        [run.sh] All pods are running
        [run.sh] Checking heartbeat for all services
        [run.sh] All pods can connect to all services
        [run.sh] Running warmup test
        [run.sh] /wrk/wrk -t8 -c512 -d3s -L http://service0:80/endpoint1
        Running 3s test @ http://service0:80/endpoint1
        8 threads and 512 connections
        Thread Stats   Avg      Stdev     Max   +/- Stdev
        Latency   735.06ms  125.46ms   1.23s    74.52%
        Req/Sec    85.33     51.10   230.00     66.67%
        Latency Distribution
        50%  719.23ms
        75%  772.52ms
        90%  884.74ms
        99%    1.09s
        1817 requests in 3.02s, 0.89MB read
        Requests/sec:    600.83
        Transfer/sec:    301.33KB
        [run.sh] Speed is 600.83, duration is 133
        [run.sh] Fix the request number.
        [run.sh] Running the actual test
        [run.sh] /wrk/wrk --timeout 20s -t8 -c512 -d133s -L -s /wrk/fix_req_n.lua http://service0:80/endpoint1
        [run.sh] Checking the resource usage
        NAME                       CPU(cores)   MEMORY(bytes)
        service0-55784bd85-2zc5f   418m         45Mi
        service1-d8fd88f54-twvn7   145m         18Mi
        Running 2m test @ http://service0:80/endpoint1
        8 threads and 512 connections
        Thread Stats   Avg      Stdev     Max   +/- Stdev
        Latency   735.43ms  121.34ms   2.21s    78.53%
        Req/Sec    88.34     46.04   350.00     63.85%
        Latency Distribution
        50%  725.33ms
        75%  767.12ms
        90%  866.16ms
        99%    1.13s
        40000 requests in 2.22m, 19.57MB read
        Requests/sec:    300.75
        Transfer/sec:    150.67KB
        ------------------------------
        stop time: 56.912248
        stop time: 57.273218
        stop time: 57.399350
        stop time: 58.022991
        stop time: 58.025145
        stop time: 58.029548
        stop time: 58.262762
        stop time: 58.135315
        [run.sh] Test finished with status 0
        > STDERR
        > No resources found in default namespace.
    [exp] Times: [56.912248, 57.273218, 57.39935, 58.022991, 58.025145, 58.029548, 58.262762, 58.135315]
    [exp] Throughput: 692.5498861591908
    [exp] Running (pre_run: False) workload synthetic/chain-d2-http-sync request with the following configuration: {'CLIENT_CPU_QUOTA': '2', 'SLOWPOKE_POKER_BATCH_THRESHOLD': '20000000', 'PROCESSING_TIME_SERVICE0': '0.0014149', 'PROCESSING_TIME_SERVICE1': '0.00090814', 'PROCESSING_TIME_SERVICE2': '0.00147751', 'SLOWPOKE_DELAY_MICROS_SERVICE0': '518.0', 'SLOWPOKE_POKER_BATCH_THRESHOLD_SERVICE0': '51799990', 'SLOWPOKE_DELAY_MICROS_SERVICE1': '518.0', 'SLOWPOKE_POKER_BATCH_THRESHOLD_SERVICE1': '51799990', 'SLOWPOKE_DELAY_MICROS_SERVICE2': '0.0', 'SLOWPOKE_POKER_BATCH_THRESHOLD_SERVICE2': '10'}
    [exp] Executing cmd `bash run.sh synthetic chain-d2-http-sync 8 512 40000`:
        [run.sh] Running benchmark synthetic with request chain-d2-http-sync, thread 8, conn 512, duration 60
        [run.sh] Deleting all services
        configmap "config-service0" deleted
        deployment.apps "service0" deleted
        service "service0" deleted
        configmap "config-service1" deleted
        deployment.apps "service1" deleted
        service "service1" deleted
        configmap "config-service2" deleted
        deployment.apps "service2" deleted
        service "service2" deleted
        deployment.apps "ubuntu-client" deleted
        [run.sh] Waiting for all pods to be deleted
        [run.sh] Deploying all services
        configmap/config-service0 created
        deployment.apps/service0 created
        service/service0 created
        configmap/config-service1 created
        deployment.apps/service1 created
        service/service1 created
        configmap/config-service2 created
        deployment.apps/service2 created
        service/service2 created
        [run.sh] Client pod not found, deploying client
        deployment.apps/ubuntu-client created
        [run.sh] Waiting for all pods to be running
        [run.sh] All pods are running
        [run.sh] Checking heartbeat for all services
        [run.sh] service0-8485dcbcf4-gnh6q cannot connect to service1
        [run.sh] All pods can connect to all services
        [run.sh] Running warmup test
        [run.sh] /wrk/wrk -t8 -c512 -d3s -L http://service0:80/endpoint1
        Running 3s test @ http://service0:80/endpoint1
        8 threads and 512 connections
        Thread Stats   Avg      Stdev     Max   +/- Stdev
        Latency   723.49ms  139.46ms   1.30s    77.97%
        Req/Sec    87.77     51.61   232.00     64.22%
        Latency Distribution
        50%  691.10ms
        75%  770.45ms
        90%  918.51ms
        99%    1.19s
        1861 requests in 3.03s, 0.92MB read
        Requests/sec:    614.17
        Transfer/sec:    310.79KB
        [run.sh] Speed is 614.17, duration is 130
        [run.sh] Fix the request number.
        [run.sh] Running the actual test
        [run.sh] /wrk/wrk --timeout 20s -t8 -c512 -d130s -L -s /wrk/fix_req_n.lua http://service0:80/endpoint1
        [run.sh] Checking the resource usage
        Running 2m test @ http://service0:80/endpoint1
        8 threads and 512 connections
        Thread Stats   Avg      Stdev     Max   +/- Stdev
        Latency   698.82ms  114.79ms   2.70s    81.36%
        Req/Sec    92.34     43.83   340.00     65.52%
        Latency Distribution
        50%  684.67ms
        75%  732.28ms
        90%  816.75ms
        99%    1.08s
        40001 requests in 2.17m, 19.59MB read
        Requests/sec:    307.70
        Transfer/sec:    154.28KB
        ------------------------------
        stop time: 54.089081
        stop time: 54.475252
        stop time: 54.620736
        stop time: 55.182465
        stop time: 55.183622
        stop time: 55.185242
        stop time: 55.185150
        stop time: 55.251585
        [run.sh] Test finished with status 0
        > STDERR
        > No resources found in default namespace.
        > command terminated with exit code 1
        > error: metrics not available yet
    [exp] Times: [54.089081, 54.475252, 54.620736, 55.182465, 55.183622, 55.185242, 55.18515, 55.251585]
    [exp] Throughput: 728.6420228261094
    [exp] Running (pre_run: False) workload synthetic/chain-d2-http-sync request with the following configuration: {'CLIENT_CPU_QUOTA': '2', 'SLOWPOKE_POKER_BATCH_THRESHOLD': '20000000', 'PROCESSING_TIME_SERVICE0': '0.0014149', 'PROCESSING_TIME_SERVICE1': '0.00090814', 'PROCESSING_TIME_SERVICE2': '0.00147751', 'SLOWPOKE_DELAY_MICROS_SERVICE0': '444.5', 'SLOWPOKE_POKER_BATCH_THRESHOLD_SERVICE0': '44449990', 'SLOWPOKE_DELAY_MICROS_SERVICE1': '444.5', 'SLOWPOKE_POKER_BATCH_THRESHOLD_SERVICE1': '44449990', 'SLOWPOKE_DELAY_MICROS_SERVICE2': '0.0', 'SLOWPOKE_POKER_BATCH_THRESHOLD_SERVICE2': '10'}
    [exp] Executing cmd `bash run.sh synthetic chain-d2-http-sync 8 512 40000`:
        [run.sh] Running benchmark synthetic with request chain-d2-http-sync, thread 8, conn 512, duration 60
        [run.sh] Deleting all services
        configmap "config-service0" deleted
        deployment.apps "service0" deleted
        service "service0" deleted
        configmap "config-service1" deleted
        deployment.apps "service1" deleted
        service "service1" deleted
        configmap "config-service2" deleted
        deployment.apps "service2" deleted
        service "service2" deleted
        deployment.apps "ubuntu-client" deleted
        [run.sh] Waiting for all pods to be deleted
        [run.sh] Deploying all services
        configmap/config-service0 created
        deployment.apps/service0 created
        service/service0 created
        configmap/config-service1 created
        deployment.apps/service1 created
        service/service1 created
        configmap/config-service2 created
        deployment.apps/service2 created
        service/service2 created
        [run.sh] Client pod not found, deploying client
        deployment.apps/ubuntu-client created
        [run.sh] Waiting for all pods to be running
        [run.sh] All pods are running
        [run.sh] Checking heartbeat for all services
        [run.sh] service0-7c9d78db49-xxzn6 cannot connect to service1
        [run.sh] All pods can connect to all services
        [run.sh] Running warmup test
        [run.sh] /wrk/wrk -t8 -c512 -d3s -L http://service0:80/endpoint1
        Running 3s test @ http://service0:80/endpoint1
        8 threads and 512 connections
        Thread Stats   Avg      Stdev     Max   +/- Stdev
        Latency   624.45ms  292.50ms   1.99s    87.32%
        Req/Sec    84.04     44.95   202.00     62.95%
        Latency Distribution
        50%  582.57ms
        75%  650.98ms
        90%  768.36ms
        99%    1.88s
        1923 requests in 3.03s, 0.95MB read
        Socket errors: connect 0, read 0, write 0, timeout 86
        Requests/sec:    633.79
        Transfer/sec:    320.46KB
        [run.sh] Speed is 633.79, duration is 126
        [run.sh] Fix the request number.
        [run.sh] Running the actual test
        [run.sh] /wrk/wrk --timeout 20s -t8 -c512 -d126s -L -s /wrk/fix_req_n.lua http://service0:80/endpoint1
        [run.sh] Checking the resource usage
        Running 2m test @ http://service0:80/endpoint1
        8 threads and 512 connections
        Thread Stats   Avg      Stdev     Max   +/- Stdev
        Latency   662.88ms  107.00ms   2.53s    80.09%
        Req/Sec    96.94     43.86   252.00     64.74%
        Latency Distribution
        50%  651.94ms
        75%  692.24ms
        90%  775.69ms
        99%  989.61ms
        40000 requests in 2.10m, 19.57MB read
        Requests/sec:    317.46
        Transfer/sec:    159.06KB
        ------------------------------
        stop time: 51.936049
        stop time: 51.949508
        stop time: 51.800201
        stop time: 52.046591
        stop time: 52.243223
        stop time: 52.351715
        stop time: 52.260776
        stop time: 52.252260
        [run.sh] Test finished with status 0
        > STDERR
        > No resources found in default namespace.
        > command terminated with exit code 1
        > error: metrics not available yet
    [exp] Times: [51.936049, 51.949508, 51.800201, 52.046591, 52.243223, 52.351715, 52.260776, 52.25226]
    [exp] Throughput: 767.6800499936278
    [exp] Running (pre_run: False) workload synthetic/chain-d2-http-sync request with the following configuration: {'CLIENT_CPU_QUOTA': '2', 'SLOWPOKE_POKER_BATCH_THRESHOLD': '20000000', 'PROCESSING_TIME_SERVICE0': '0.0014149', 'PROCESSING_TIME_SERVICE1': '0.00090814', 'PROCESSING_TIME_SERVICE2': '0.00147751', 'SLOWPOKE_DELAY_MICROS_SERVICE0': '371.0', 'SLOWPOKE_POKER_BATCH_THRESHOLD_SERVICE0': '37099990', 'SLOWPOKE_DELAY_MICROS_SERVICE1': '371.0', 'SLOWPOKE_POKER_BATCH_THRESHOLD_SERVICE1': '37099990', 'SLOWPOKE_DELAY_MICROS_SERVICE2': '0.0', 'SLOWPOKE_POKER_BATCH_THRESHOLD_SERVICE2': '10'}
    [exp] Executing cmd `bash run.sh synthetic chain-d2-http-sync 8 512 40000`:
        [run.sh] Running benchmark synthetic with request chain-d2-http-sync, thread 8, conn 512, duration 60
        [run.sh] Deleting all services
        configmap "config-service0" deleted
        deployment.apps "service0" deleted
        service "service0" deleted
        configmap "config-service1" deleted
        deployment.apps "service1" deleted
        service "service1" deleted
        configmap "config-service2" deleted
        deployment.apps "service2" deleted
        service "service2" deleted
        deployment.apps "ubuntu-client" deleted
        [run.sh] Waiting for all pods to be deleted
        [run.sh] Deploying all services
        configmap/config-service0 created
        deployment.apps/service0 created
        service/service0 created
        configmap/config-service1 created
        deployment.apps/service1 created
        service/service1 created
        configmap/config-service2 created
        deployment.apps/service2 created
        service/service2 created
        [run.sh] Client pod not found, deploying client
        deployment.apps/ubuntu-client created
        [run.sh] Waiting for all pods to be running
        [run.sh] All pods are running
        [run.sh] Checking heartbeat for all services
        [run.sh] service0-5858689fb8-92pvz cannot connect to service1
        [run.sh] All pods can connect to all services
        [run.sh] Running warmup test
        [run.sh] /wrk/wrk -t8 -c512 -d3s -L http://service0:80/endpoint1
        Running 3s test @ http://service0:80/endpoint1
        8 threads and 512 connections
        Thread Stats   Avg      Stdev     Max   +/- Stdev
        Latency   655.36ms  237.35ms   1.69s    84.01%
        Req/Sec    96.84     50.77   232.00     66.36%
        Latency Distribution
        50%  601.24ms
        75%  669.89ms
        90%  857.03ms
        99%    1.59s
        2152 requests in 3.02s, 1.05MB read
        Requests/sec:    713.55
        Transfer/sec:    357.47KB
        [run.sh] Speed is 713.55, duration is 112
        [run.sh] Fix the request number.
        [run.sh] Running the actual test
        [run.sh] /wrk/wrk --timeout 20s -t8 -c512 -d112s -L -s /wrk/fix_req_n.lua http://service0:80/endpoint1
        [run.sh] Checking the resource usage
        NAME                             CPU(cores)   MEMORY(bytes)
        service0-5858689fb8-92pvz        1392m        51Mi
        service1-5987f5567-8tmcz         1023m        18Mi
        service2-b9b68cb9d-dgtqp         1357m        13Mi
        ubuntu-client-76886f6bbd-cj5h8   44m          15Mi
        Running 2m test @ http://service0:80/endpoint1
        8 threads and 512 connections
        Thread Stats   Avg      Stdev     Max   +/- Stdev
        Latency   622.53ms  118.72ms   2.23s    84.72%
        Req/Sec   103.36     44.65   404.00     68.94%
        Latency Distribution
        50%  610.16ms
        75%  655.94ms
        90%  732.33ms
        99%  979.15ms
        40000 requests in 1.87m, 19.57MB read
        Requests/sec:    357.14
        Transfer/sec:    178.92KB
        ------------------------------
        stop time: 48.292483
        stop time: 48.330447
        stop time: 48.500602
        stop time: 49.023654
        stop time: 49.129966
        stop time: 49.272956
        stop time: 49.121527
        stop time: 49.379390
        [run.sh] Test finished with status 0
        > STDERR
        > No resources found in default namespace.
        > command terminated with exit code 1
    [exp] Times: [48.292483, 48.330447, 48.500602, 49.023654, 49.129966, 49.272956, 49.121527, 49.37939]
    [exp] Throughput: 818.3075341638599
    [exp] Running (pre_run: False) workload synthetic/chain-d2-http-sync request with the following configuration: {'CLIENT_CPU_QUOTA': '2', 'SLOWPOKE_POKER_BATCH_THRESHOLD': '20000000', 'PROCESSING_TIME_SERVICE0': '0.0014149', 'PROCESSING_TIME_SERVICE1': '0.00090814', 'PROCESSING_TIME_SERVICE2': '0.00147751', 'SLOWPOKE_DELAY_MICROS_SERVICE0': '297.5', 'SLOWPOKE_POKER_BATCH_THRESHOLD_SERVICE0': '29749990', 'SLOWPOKE_DELAY_MICROS_SERVICE1': '297.5', 'SLOWPOKE_POKER_BATCH_THRESHOLD_SERVICE1': '29749990', 'SLOWPOKE_DELAY_MICROS_SERVICE2': '0.0', 'SLOWPOKE_POKER_BATCH_THRESHOLD_SERVICE2': '10'}
    [exp] Executing cmd `bash run.sh synthetic chain-d2-http-sync 8 512 40000`:
        [run.sh] Running benchmark synthetic with request chain-d2-http-sync, thread 8, conn 512, duration 60
        [run.sh] Deleting all services
        configmap "config-service0" deleted
        deployment.apps "service0" deleted
        service "service0" deleted
        configmap "config-service1" deleted
        deployment.apps "service1" deleted
        service "service1" deleted
        configmap "config-service2" deleted
        deployment.apps "service2" deleted
        service "service2" deleted
        deployment.apps "ubuntu-client" deleted
        [run.sh] Waiting for all pods to be deleted
        [run.sh] Deploying all services
        configmap/config-service0 created
        deployment.apps/service0 created
        service/service0 created
        configmap/config-service1 created
        deployment.apps/service1 created
        service/service1 created
        configmap/config-service2 created
        deployment.apps/service2 created
        service/service2 created
        [run.sh] Client pod not found, deploying client
        deployment.apps/ubuntu-client created
        [run.sh] Waiting for all pods to be running
        [run.sh] All pods are running
        [run.sh] Checking heartbeat for all services
        [run.sh] All pods can connect to all services
        [run.sh] Running warmup test
        [run.sh] /wrk/wrk -t8 -c512 -d3s -L http://service0:80/endpoint1
        Running 3s test @ http://service0:80/endpoint1
        8 threads and 512 connections
        Thread Stats   Avg      Stdev     Max   +/- Stdev
        Latency   611.33ms  127.32ms   1.08s    79.66%
        Req/Sec   107.78     43.51   212.00     72.82%
        Latency Distribution
        50%  574.76ms
        75%  642.39ms
        90%  798.97ms
        99%    1.02s
        2252 requests in 3.02s, 1.10MB read
        Requests/sec:    745.93
        Transfer/sec:    373.69KB
        [run.sh] Speed is 745.93, duration is 107
        [run.sh] Fix the request number.
        [run.sh] Running the actual test
        [run.sh] /wrk/wrk --timeout 20s -t8 -c512 -d107s -L -s /wrk/fix_req_n.lua http://service0:80/endpoint1
        [run.sh] Checking the resource usage
        Running 2m test @ http://service0:80/endpoint1
        8 threads and 512 connections
        Thread Stats   Avg      Stdev     Max   +/- Stdev
        Latency   586.66ms  104.39ms   1.94s    80.19%
        Req/Sec   109.64     43.71   460.00     71.31%
        Latency Distribution
        50%  573.27ms
        75%  616.73ms
        90%  695.08ms
        99%  969.98ms
        40000 requests in 1.78m, 19.57MB read
        Requests/sec:    373.83
        Transfer/sec:    187.29KB
        ------------------------------
        stop time: 45.320025
        stop time: 46.151280
        stop time: 46.054996
        stop time: 46.075425
        stop time: 46.232856
        stop time: 46.242715
        stop time: 46.323142
        stop time: 46.348975
        [run.sh] Test finished with status 0
        > STDERR
        > No resources found in default namespace.
        > error: metrics not available yet
    [exp] Times: [45.320025, 46.15128, 46.054996, 46.075425, 46.232856, 46.242715, 46.323142, 46.348975]
    [exp] Throughput: 867.7979892328724
    [exp] Running (pre_run: False) workload synthetic/chain-d2-http-sync request with the following configuration: {'CLIENT_CPU_QUOTA': '2', 'SLOWPOKE_POKER_BATCH_THRESHOLD': '20000000', 'PROCESSING_TIME_SERVICE0': '0.0014149', 'PROCESSING_TIME_SERVICE1': '0.00090814', 'PROCESSING_TIME_SERVICE2': '0.00147751', 'SLOWPOKE_DELAY_MICROS_SERVICE0': '224.0', 'SLOWPOKE_POKER_BATCH_THRESHOLD_SERVICE0': '22399990', 'SLOWPOKE_DELAY_MICROS_SERVICE1': '224.0', 'SLOWPOKE_POKER_BATCH_THRESHOLD_SERVICE1': '22399990', 'SLOWPOKE_DELAY_MICROS_SERVICE2': '0.0', 'SLOWPOKE_POKER_BATCH_THRESHOLD_SERVICE2': '10'}
    [exp] Executing cmd `bash run.sh synthetic chain-d2-http-sync 8 512 40000`:
        [run.sh] Running benchmark synthetic with request chain-d2-http-sync, thread 8, conn 512, duration 60
        [run.sh] Deleting all services
        configmap "config-service0" deleted
        deployment.apps "service0" deleted
        service "service0" deleted
        configmap "config-service1" deleted
        deployment.apps "service1" deleted
        service "service1" deleted
        configmap "config-service2" deleted
        deployment.apps "service2" deleted
        service "service2" deleted
        deployment.apps "ubuntu-client" deleted
        [run.sh] Waiting for all pods to be deleted
        [run.sh] Deploying all services
        configmap/config-service0 created
        deployment.apps/service0 created
        service/service0 created
        configmap/config-service1 created
        deployment.apps/service1 created
        service/service1 created
        configmap/config-service2 created
        deployment.apps/service2 created
        service/service2 created
        [run.sh] Client pod not found, deploying client
        deployment.apps/ubuntu-client created
        [run.sh] Waiting for all pods to be running
        [run.sh] All pods are running
        [run.sh] Checking heartbeat for all services
        [run.sh] All pods can connect to all services
        [run.sh] Running warmup test
        [run.sh] /wrk/wrk -t8 -c512 -d3s -L http://service0:80/endpoint1
        Running 3s test @ http://service0:80/endpoint1
        8 threads and 512 connections
        Thread Stats   Avg      Stdev     Max   +/- Stdev
        Latency   573.28ms  116.39ms   1.07s    80.20%
        Req/Sec   113.37     52.29   282.00     67.63%
        Latency Distribution
        50%  536.33ms
        75%  613.68ms
        90%  735.64ms
        99%  990.03ms
        2399 requests in 3.02s, 1.18MB read
        Requests/sec:    793.80
        Transfer/sec:    399.15KB
        [run.sh] Speed is 793.80, duration is 100
        [run.sh] Fix the request number.
        [run.sh] Running the actual test
        [run.sh] /wrk/wrk --timeout 20s -t8 -c512 -d100s -L -s /wrk/fix_req_n.lua http://service0:80/endpoint1
        [run.sh] Checking the resource usage
        NAME                             CPU(cores)   MEMORY(bytes)
        service0-ff54c54d6-gtbmd         46m          49Mi
        service1-75b7946789-n4fdr        296m         18Mi
        service2-b9b68cb9d-jh6h7         480m         13Mi
        ubuntu-client-76886f6bbd-ndpbr   8m           13Mi
        Running 2m test @ http://service0:80/endpoint1
        8 threads and 512 connections
        Thread Stats   Avg      Stdev     Max   +/- Stdev
        Latency   547.45ms  126.48ms   2.10s    87.20%
        Req/Sec   117.18     43.92   410.00     71.95%
        Latency Distribution
        50%  531.42ms
        75%  579.64ms
        90%  655.62ms
        99%  988.10ms
        40000 requests in 1.67m, 19.57MB read
        Requests/sec:    400.00
        Transfer/sec:    200.41KB
        ------------------------------
        stop time: 42.726467
        stop time: 42.250620
        stop time: 42.500247
        stop time: 43.162446
        stop time: 43.337686
        stop time: 43.212282
        stop time: 43.330073
        stop time: 43.248864
        [run.sh] Test finished with status 0
        > STDERR
        > No resources found in default namespace.
    [exp] Times: [42.726467, 42.25062, 42.500247, 43.162446, 43.337686, 43.212282, 43.330073, 43.248864]
    [exp] Throughput: 930.8584928263608
    [exp] Running (pre_run: False) workload synthetic/chain-d2-http-sync request with the following configuration: {'CLIENT_CPU_QUOTA': '2', 'SLOWPOKE_POKER_BATCH_THRESHOLD': '20000000', 'PROCESSING_TIME_SERVICE0': '0.0014149', 'PROCESSING_TIME_SERVICE1': '0.00090814', 'PROCESSING_TIME_SERVICE2': '0.00147751', 'SLOWPOKE_DELAY_MICROS_SERVICE0': '150.5', 'SLOWPOKE_POKER_BATCH_THRESHOLD_SERVICE0': '15049990', 'SLOWPOKE_DELAY_MICROS_SERVICE1': '150.5', 'SLOWPOKE_POKER_BATCH_THRESHOLD_SERVICE1': '15049990', 'SLOWPOKE_DELAY_MICROS_SERVICE2': '0.0', 'SLOWPOKE_POKER_BATCH_THRESHOLD_SERVICE2': '10'}
    [exp] Executing cmd `bash run.sh synthetic chain-d2-http-sync 8 512 40000`:
        [run.sh] Running benchmark synthetic with request chain-d2-http-sync, thread 8, conn 512, duration 60
        [run.sh] Deleting all services
        configmap "config-service0" deleted
        deployment.apps "service0" deleted
        service "service0" deleted
        configmap "config-service1" deleted
        deployment.apps "service1" deleted
        service "service1" deleted
        configmap "config-service2" deleted
        deployment.apps "service2" deleted
        service "service2" deleted
        deployment.apps "ubuntu-client" deleted
        [run.sh] Waiting for all pods to be deleted
        [run.sh] Deploying all services
        configmap/config-service0 created
        deployment.apps/service0 created
        service/service0 created
        configmap/config-service1 created
        deployment.apps/service1 created
        service/service1 created
        configmap/config-service2 created
        deployment.apps/service2 created
        service/service2 created
        [run.sh] Client pod not found, deploying client
        deployment.apps/ubuntu-client created
        [run.sh] Waiting for all pods to be running
        [run.sh] All pods are running
        [run.sh] Checking heartbeat for all services
        [run.sh] service0-69d8484689-78p87 cannot connect to service1
        [run.sh] All pods can connect to all services
        [run.sh] Running warmup test
        [run.sh] /wrk/wrk -t8 -c512 -d3s -L http://service0:80/endpoint1
        Running 3s test @ http://service0:80/endpoint1
        8 threads and 512 connections
        Thread Stats   Avg      Stdev     Max   +/- Stdev
        Latency   540.98ms  121.52ms   1.13s    77.13%
        Req/Sec   124.21     46.64   232.00     70.67%
        Latency Distribution
        50%  508.11ms
        75%  580.82ms
        90%  724.29ms
        99%  917.79ms
        2624 requests in 3.04s, 1.29MB read
        Requests/sec:    864.39
        Transfer/sec:    433.53KB
        [run.sh] Speed is 864.39, duration is 92
        [run.sh] Fix the request number.
        [run.sh] Running the actual test
        [run.sh] /wrk/wrk --timeout 20s -t8 -c512 -d92s -L -s /wrk/fix_req_n.lua http://service0:80/endpoint1
        [run.sh] Checking the resource usage
        NAME                             CPU(cores)   MEMORY(bytes)
        service0-69d8484689-78p87        1695m        50Mi
        service1-6b589dd6bb-9tv7j        1262m        17Mi
        service2-b9b68cb9d-xg86k         1657m        13Mi
        ubuntu-client-76886f6bbd-6mwhp   52m          14Mi
        Running 2m test @ http://service0:80/endpoint1
        8 threads and 512 connections
        Thread Stats   Avg      Stdev     Max   +/- Stdev
        Latency   510.51ms  110.55ms   2.03s    84.22%
        Req/Sec   125.64     46.61   303.00     74.24%
        Latency Distribution
        50%  493.84ms
        75%  539.47ms
        90%  613.93ms
        99%  935.94ms
        40000 requests in 1.53m, 19.57MB read
        Requests/sec:    434.78
        Transfer/sec:    217.82KB
        ------------------------------
        stop time: 39.802574
        stop time: 39.809895
        stop time: 39.759142
        stop time: 40.182091
        stop time: 40.201779
        stop time: 40.276914
        stop time: 40.387449
        stop time: 40.473612
        [run.sh] Test finished with status 0
        > STDERR
        > No resources found in default namespace.
        > command terminated with exit code 1
    [exp] Times: [39.802574, 39.809895, 39.759142, 40.182091, 40.201779, 40.276914, 40.387449, 40.473612]
    [exp] Throughput: 997.2157238382575
    [exp] Running (pre_run: False) workload synthetic/chain-d2-http-sync request with the following configuration: {'CLIENT_CPU_QUOTA': '2', 'SLOWPOKE_POKER_BATCH_THRESHOLD': '20000000', 'PROCESSING_TIME_SERVICE0': '0.0014149', 'PROCESSING_TIME_SERVICE1': '0.00090814', 'PROCESSING_TIME_SERVICE2': '0.00147751', 'SLOWPOKE_DELAY_MICROS_SERVICE0': '77.0', 'SLOWPOKE_POKER_BATCH_THRESHOLD_SERVICE0': '7699990', 'SLOWPOKE_DELAY_MICROS_SERVICE1': '77.0', 'SLOWPOKE_POKER_BATCH_THRESHOLD_SERVICE1': '7699990', 'SLOWPOKE_DELAY_MICROS_SERVICE2': '0.0', 'SLOWPOKE_POKER_BATCH_THRESHOLD_SERVICE2': '10'}
    [exp] Executing cmd `bash run.sh synthetic chain-d2-http-sync 8 512 40000`:
        [run.sh] Running benchmark synthetic with request chain-d2-http-sync, thread 8, conn 512, duration 60
        [run.sh] Deleting all services
        configmap "config-service0" deleted
        deployment.apps "service0" deleted
        service "service0" deleted
        configmap "config-service1" deleted
        deployment.apps "service1" deleted
        service "service1" deleted
        configmap "config-service2" deleted
        deployment.apps "service2" deleted
        service "service2" deleted
        deployment.apps "ubuntu-client" deleted
        [run.sh] Waiting for all pods to be deleted
        [run.sh] Deploying all services
        configmap/config-service0 created
        deployment.apps/service0 created
        service/service0 created
        configmap/config-service1 created
        deployment.apps/service1 created
        service/service1 created
        configmap/config-service2 created
        deployment.apps/service2 created
        service/service2 created
        [run.sh] Client pod not found, deploying client
        deployment.apps/ubuntu-client created
        [run.sh] Waiting for all pods to be running
        [run.sh] All pods are running
        [run.sh] Checking heartbeat for all services
        [run.sh] service0-7845b6fdd4-z5xvv cannot connect to service1
        [run.sh] All pods can connect to all services
        [run.sh] Running warmup test
        [run.sh] /wrk/wrk -t8 -c512 -d3s -L http://service0:80/endpoint1
        Running 3s test @ http://service0:80/endpoint1
        8 threads and 512 connections
        Thread Stats   Avg      Stdev     Max   +/- Stdev
        Latency   512.38ms  147.52ms   1.17s    80.90%
        Req/Sec   132.11     53.47   280.00     72.33%
        Latency Distribution
        50%  460.07ms
        75%  540.40ms
        90%  750.68ms
        99%  992.73ms
        2743 requests in 3.03s, 1.35MB read
        Requests/sec:    903.86
        Transfer/sec:    456.74KB
        [run.sh] Speed is 903.86, duration is 88
        [run.sh] Fix the request number.
        [run.sh] Running the actual test
        [run.sh] /wrk/wrk --timeout 20s -t8 -c512 -d88s -L -s /wrk/fix_req_n.lua http://service0:80/endpoint1
        [run.sh] Checking the resource usage
        NAME                             CPU(cores)   MEMORY(bytes)
        service0-7845b6fdd4-z5xvv        576m         38Mi
        service1-758698db4c-hgd6p        426m         18Mi
        service2-b9b68cb9d-kl6wn         538m         13Mi
        ubuntu-client-76886f6bbd-qmqjs   20m          0Mi
        Running 1m test @ http://service0:80/endpoint1
        8 threads and 512 connections
        Thread Stats   Avg      Stdev     Max   +/- Stdev
        Latency   471.97ms  144.85ms   2.76s    88.75%
        Req/Sec   135.73     43.40   380.00     66.20%
        Latency Distribution
        50%  448.58ms
        75%  499.38ms
        90%  578.13ms
        99%    1.01s
        40000 requests in 1.47m, 19.57MB read
        Requests/sec:    454.54
        Transfer/sec:    227.73KB
        ------------------------------
        stop time: 36.411568
        stop time: 36.626882
        stop time: 36.901969
        stop time: 37.203616
        stop time: 37.190641
        stop time: 37.312912
        stop time: 37.380900
        stop time: 37.281870
        [run.sh] Test finished with status 0
        > STDERR
        > No resources found in default namespace.
        > command terminated with exit code 1
    [exp] Times: [36.411568, 36.626882, 36.901969, 37.203616, 37.190641, 37.312912, 37.3809, 37.28187]
    [exp] Throughput: 1079.9487475223527
[test.py] Baseline throughput:  1144.832506371324
[test.py] Groundtruth:  [1152.0430403279865, 1165.3852042403125, 1162.1709505891943, 1166.7624979752113, 1160.4101828067774, 1163.033616178263, 1160.0264457028957, 1157.077681281557, 1155.1800799938378, 1158.8953228705004]
[test.py] Slowdown:  [627.0620273414642, 657.7066778954736, 692.5498861591908, 728.6420228261094, 767.6800499936278, 818.3075341638599, 867.7979892328724, 930.8584928263608, 997.2157238382575, 1079.9487475223527]
[test.py] Predicted:  [1168.2467240116632, 1169.3449910743716, 1173.4550804713874, 1170.739418492194, 1165.676411805252, 1175.392748763381, 1170.1559877170776, 1176.439944569826, 1173.657882600293, 1178.2520099745805]
[test.py] Error percentage:  [1.4065172147616538, 0.33978351704236304, 0.9709526706438806, 0.34085090358014447, 0.45382478338278326, 1.062663401401088, 0.8732164729265356, 1.67337626518071, 1.5995603565596317, 1.6702705345410245]
[test.py] ++++++++++++++++++++++++++++++++ Summary: 
[test.py] Result for the experiment 0: 
    Baseline throughput: 1144.832506371324
    Groundtruth: [1152.0430403279865, 1165.3852042403125, 1162.1709505891943, 1166.7624979752113, 1160.4101828067774, 1163.033616178263, 1160.0264457028957, 1157.077681281557, 1155.1800799938378, 1158.8953228705004]
    Slowdown:    [627.0620273414642, 657.7066778954736, 692.5498861591908, 728.6420228261094, 767.6800499936278, 818.3075341638599, 867.7979892328724, 930.8584928263608, 997.2157238382575, 1079.9487475223527]
    Predicted:   [1168.2467240116632, 1169.3449910743716, 1173.4550804713874, 1170.739418492194, 1165.676411805252, 1175.392748763381, 1170.1559877170776, 1176.439944569826, 1173.657882600293, 1178.2520099745805]
    Error Perc:  [1.4065172147616538, 0.33978351704236304, 0.9709526706438806, 0.34085090358014447, 0.45382478338278326, 1.062663401401088, 0.8732164729265356, 1.67337626518071, 1.5995603565596317, 1.6702705345410245]
