[config.py] Random numbers for execution time: [652.4185451586567, 724.4164304797239, 901.4983386752051]
benchmark                        : synthetic
num_threads                      : 8
num_conns                        : 512
target_service                   : service1
request_type                     : chain-d2-http-sync
repetitions                      : 1
target_num_exp                   : 10
pre_run                          : False
num_req                          : 40000
groundtruths                     : []
slowdowns                        : []
predicteds                       : []
errs                             : []
client_cpu_quota                 : 2
random_seed                      : 7748
request_ratio                    : {'service0': 1, 'service1': 1, 'service2': 1}
baseline_service_processing_time : {'service0': 901.5, 'service1': 724.42, 'service2': 652.42}
cpu_quota                        : {'service0': 2, 'service1': 2, 'service2': 2}
target_processing_time_range     : [0, 724.42]
baseline_throughputs             : []
poker_batch                      : 20000000
[test.py] Starting experiment...
[test.py] >>>>>>>>>>>>>>>>>>>>>>>>>>>>> Running experiment 0...
[test.py] Actual processing time range: [0, 72, 144, 216, 288, 360, 432, 504, 576, 648]
[test.py] Running baseline experiment
    [exp] Running (pre_run: False) workload synthetic/chain-d2-http-sync request with the following configuration: {'CLIENT_CPU_QUOTA': '2', 'SLOWPOKE_POKER_BATCH_THRESHOLD': '20000000', 'PROCESSING_TIME_SERVICE0': '0.0009015', 'PROCESSING_TIME_SERVICE1': '0.00072442', 'PROCESSING_TIME_SERVICE2': '0.00065242', 'SLOWPOKE_DELAY_MICROS_SERVICE0': '0.0', 'SLOWPOKE_POKER_BATCH_THRESHOLD_SERVICE0': '10', 'SLOWPOKE_DELAY_MICROS_SERVICE1': '0.0', 'SLOWPOKE_POKER_BATCH_THRESHOLD_SERVICE1': '10', 'SLOWPOKE_DELAY_MICROS_SERVICE2': '0.0', 'SLOWPOKE_POKER_BATCH_THRESHOLD_SERVICE2': '10'}
    [exp] Executing cmd `bash run.sh synthetic chain-d2-http-sync 8 512 40000`:
        [run.sh] Running benchmark synthetic with request chain-d2-http-sync, thread 8, conn 512, duration 60
        [run.sh] Deleting all services
        configmap "config-service0" deleted
        deployment.apps "service0" deleted
        service "service0" deleted
        configmap "config-service1" deleted
        deployment.apps "service1" deleted
        service "service1" deleted
        configmap "config-service2" deleted
        deployment.apps "service2" deleted
        service "service2" deleted
        deployment.apps "ubuntu-client" deleted
        [run.sh] Waiting for all pods to be deleted
        [run.sh] Deploying all services
        configmap/config-service0 created
        deployment.apps/service0 created
        service/service0 created
        configmap/config-service1 created
        deployment.apps/service1 created
        service/service1 created
        configmap/config-service2 created
        deployment.apps/service2 created
        service/service2 created
        [run.sh] Client pod not found, deploying client
        deployment.apps/ubuntu-client created
        [run.sh] Waiting for all pods to be running
        [run.sh] All pods are running
        [run.sh] Checking heartbeat for all services
        [run.sh] service0-5f7bfff576-cscw6 cannot connect to service1
        [run.sh] All pods can connect to all services
        [run.sh] Running warmup test
        [run.sh] /wrk/wrk -t8 -c512 -d3s -L http://service0:80/endpoint1
        Running 3s test @ http://service0:80/endpoint1
        8 threads and 512 connections
        Thread Stats   Avg      Stdev     Max   +/- Stdev
        Latency   328.63ms  167.17ms   1.43s    88.66%
        Req/Sec   198.83     57.90   360.00     74.57%
        Latency Distribution
        50%  284.45ms
        75%  337.63ms
        90%  481.13ms
        99%    1.09s
        4629 requests in 3.03s, 2.27MB read
        Requests/sec:   1526.01
        Transfer/sec:    764.66KB
        [run.sh] Speed is 1526.01, duration is 52
        [run.sh] Fix the request number.
        [run.sh] Running the actual test
        [run.sh] /wrk/wrk --timeout 20s -t8 -c512 -d52s -L -s /wrk/fix_req_n.lua http://service0:80/endpoint1
        [run.sh] Checking the resource usage
        NAME                             CPU(cores)   MEMORY(bytes)
        service0-5f7bfff576-cscw6        1246m        49Mi
        service1-96558989f-pg8qj         955m         17Mi
        service2-b9b68cb9d-dt82c         1363m        12Mi
        ubuntu-client-76886f6bbd-fz8vl   84m          13Mi
        Running 1m test @ http://service0:80/endpoint1
        8 threads and 512 connections
        Thread Stats   Avg      Stdev     Max   +/- Stdev
        Latency   303.17ms   89.76ms   1.90s    89.81%
        Req/Sec   212.44     54.24   686.00     75.68%
        Latency Distribution
        50%  290.62ms
        75%  324.20ms
        90%  369.08ms
        99%  596.81ms
        40000 requests in 0.87m, 19.57MB read
        Requests/sec:    769.23
        Transfer/sec:    385.37KB
        ------------------------------
        stop time: 23.227779
        stop time: 23.597380
        stop time: 23.529105
        stop time: 23.743315
        stop time: 23.779350
        stop time: 24.024654
        stop time: 24.069023
        stop time: 24.094472
        [run.sh] Test finished with status 0
        > STDERR
        > No resources found in default namespace.
        > command terminated with exit code 1
    [exp] Times: [23.227779, 23.59738, 23.529105, 23.743315, 23.77935, 24.024654, 24.069023, 24.094472]
    [exp] Throughput: 1683.633855136713
[test.py] Baseline throughput: 1683.633855136713
[test.py] Running groundtruth experiment
    [exp] Running (pre_run: False) workload synthetic/chain-d2-http-sync request with the following configuration: {'CLIENT_CPU_QUOTA': '2', 'SLOWPOKE_POKER_BATCH_THRESHOLD': '20000000', 'PROCESSING_TIME_SERVICE0': '0.0009015', 'PROCESSING_TIME_SERVICE1': '0.0', 'PROCESSING_TIME_SERVICE2': '0.00065242', 'SLOWPOKE_DELAY_MICROS_SERVICE0': '0.0', 'SLOWPOKE_POKER_BATCH_THRESHOLD_SERVICE0': '10', 'SLOWPOKE_DELAY_MICROS_SERVICE1': '0.0', 'SLOWPOKE_POKER_BATCH_THRESHOLD_SERVICE1': '10', 'SLOWPOKE_DELAY_MICROS_SERVICE2': '0.0', 'SLOWPOKE_POKER_BATCH_THRESHOLD_SERVICE2': '10'}
    [exp] Executing cmd `bash run.sh synthetic chain-d2-http-sync 8 512 40000`:
        [run.sh] Running benchmark synthetic with request chain-d2-http-sync, thread 8, conn 512, duration 60
        [run.sh] Deleting all services
        configmap "config-service0" deleted
        deployment.apps "service0" deleted
        service "service0" deleted
        configmap "config-service1" deleted
        deployment.apps "service1" deleted
        service "service1" deleted
        configmap "config-service2" deleted
        deployment.apps "service2" deleted
        service "service2" deleted
        deployment.apps "ubuntu-client" deleted
        [run.sh] Waiting for all pods to be deleted
        [run.sh] Deploying all services
        configmap/config-service0 created
        deployment.apps/service0 created
        service/service0 created
        configmap/config-service1 created
        deployment.apps/service1 created
        service/service1 created
        configmap/config-service2 created
        deployment.apps/service2 created
        service/service2 created
        [run.sh] Client pod not found, deploying client
        deployment.apps/ubuntu-client created
        [run.sh] Waiting for all pods to be running
        [run.sh] All pods are running
        [run.sh] Checking heartbeat for all services
        [run.sh] All pods can connect to all services
        [run.sh] Running warmup test
        [run.sh] /wrk/wrk -t8 -c512 -d3s -L http://service0:80/endpoint1
        Running 3s test @ http://service0:80/endpoint1
        8 threads and 512 connections
        Thread Stats   Avg      Stdev     Max   +/- Stdev
        Latency   332.84ms  197.48ms   1.32s    85.37%
        Req/Sec   196.00     59.20   353.00     73.71%
        Latency Distribution
        50%  274.39ms
        75%  338.18ms
        90%  582.47ms
        99%    1.12s
        4566 requests in 3.03s, 2.23MB read
        Requests/sec:   1505.31
        Transfer/sec:    754.45KB
        [run.sh] Speed is 1505.31, duration is 53
        [run.sh] Fix the request number.
        [run.sh] Running the actual test
        [run.sh] /wrk/wrk --timeout 20s -t8 -c512 -d53s -L -s /wrk/fix_req_n.lua http://service0:80/endpoint1
        [run.sh] Checking the resource usage
        NAME                             CPU(cores)   MEMORY(bytes)
        service0-5f7bfff576-zq9wt        1943m        48Mi
        service1-96558989f-l6grp         918m         15Mi
        service2-b9b68cb9d-rfv44         1415m        11Mi
        ubuntu-client-76886f6bbd-fbzmb   76m          13Mi
        Running 1m test @ http://service0:80/endpoint1
        8 threads and 512 connections
        Thread Stats   Avg      Stdev     Max   +/- Stdev
        Latency   301.22ms   87.58ms   1.46s    87.75%
        Req/Sec   213.23     50.30   640.00     73.75%
        Latency Distribution
        50%  286.15ms
        75%  321.69ms
        90%  374.27ms
        99%  629.27ms
        40000 requests in 0.88m, 19.57MB read
        Requests/sec:    754.71
        Transfer/sec:    378.12KB
        ------------------------------
        stop time: 23.456131
        stop time: 23.263355
        stop time: 23.432171
        stop time: 23.724339
        stop time: 23.848460
        stop time: 23.812075
        stop time: 23.851780
        stop time: 23.779088
        [run.sh] Test finished with status 0
        > STDERR
        > No resources found in default namespace.
    [exp] Times: [23.456131, 23.263355, 23.432171, 23.724339, 23.84846, 23.812075, 23.85178, 23.779088]
    [exp] Throughput: 1691.6234070544049
    [exp] Running (pre_run: False) workload synthetic/chain-d2-http-sync request with the following configuration: {'CLIENT_CPU_QUOTA': '2', 'SLOWPOKE_POKER_BATCH_THRESHOLD': '20000000', 'PROCESSING_TIME_SERVICE0': '0.0009015', 'PROCESSING_TIME_SERVICE1': '7.2e-05', 'PROCESSING_TIME_SERVICE2': '0.00065242', 'SLOWPOKE_DELAY_MICROS_SERVICE0': '0.0', 'SLOWPOKE_POKER_BATCH_THRESHOLD_SERVICE0': '10', 'SLOWPOKE_DELAY_MICROS_SERVICE1': '0.0', 'SLOWPOKE_POKER_BATCH_THRESHOLD_SERVICE1': '10', 'SLOWPOKE_DELAY_MICROS_SERVICE2': '0.0', 'SLOWPOKE_POKER_BATCH_THRESHOLD_SERVICE2': '10'}
    [exp] Executing cmd `bash run.sh synthetic chain-d2-http-sync 8 512 40000`:
        [run.sh] Running benchmark synthetic with request chain-d2-http-sync, thread 8, conn 512, duration 60
        [run.sh] Deleting all services
        configmap "config-service0" deleted
        deployment.apps "service0" deleted
        service "service0" deleted
        configmap "config-service1" deleted
        deployment.apps "service1" deleted
        service "service1" deleted
        configmap "config-service2" deleted
        deployment.apps "service2" deleted
        service "service2" deleted
        deployment.apps "ubuntu-client" deleted
        [run.sh] Waiting for all pods to be deleted
        [run.sh] Deploying all services
        configmap/config-service0 created
        deployment.apps/service0 created
        service/service0 created
        configmap/config-service1 created
        deployment.apps/service1 created
        service/service1 created
        configmap/config-service2 created
        deployment.apps/service2 created
        service/service2 created
        [run.sh] Client pod not found, deploying client
        deployment.apps/ubuntu-client created
        [run.sh] Waiting for all pods to be running
        [run.sh] All pods are running
        [run.sh] Checking heartbeat for all services
        [run.sh] All pods can connect to all services
        [run.sh] Running warmup test
        [run.sh] /wrk/wrk -t8 -c512 -d3s -L http://service0:80/endpoint1
        Running 3s test @ http://service0:80/endpoint1
        8 threads and 512 connections
        Thread Stats   Avg      Stdev     Max   +/- Stdev
        Latency   341.32ms  225.68ms   1.58s    81.75%
        Req/Sec   191.35     62.49   353.00     75.31%
        Latency Distribution
        50%  282.39ms
        75%  347.44ms
        90%  619.04ms
        99%    1.28s
        4566 requests in 3.02s, 2.23MB read
        Requests/sec:   1510.71
        Transfer/sec:    757.16KB
        [run.sh] Speed is 1510.71, duration is 52
        [run.sh] Fix the request number.
        [run.sh] Running the actual test
        [run.sh] /wrk/wrk --timeout 20s -t8 -c512 -d52s -L -s /wrk/fix_req_n.lua http://service0:80/endpoint1
        [run.sh] Checking the resource usage
        Running 1m test @ http://service0:80/endpoint1
        8 threads and 512 connections
        Thread Stats   Avg      Stdev     Max   +/- Stdev
        Latency   302.75ms  108.71ms   2.01s    89.98%
        Req/Sec   212.00     51.61   490.00     72.41%
        Latency Distribution
        50%  287.16ms
        75%  322.14ms
        90%  371.12ms
        99%  687.46ms
        40000 requests in 0.87m, 19.57MB read
        Requests/sec:    769.23
        Transfer/sec:    385.38KB
        ------------------------------
        stop time: 23.276082
        stop time: 23.451985
        stop time: 23.451419
        stop time: 23.873870
        stop time: 23.789599
        stop time: 23.901773
        stop time: 23.905802
        stop time: 23.896784
        [run.sh] Test finished with status 0
        > STDERR
        > No resources found in default namespace.
        > error: metrics not available yet
    [exp] Times: [23.276082, 23.451985, 23.451419, 23.87387, 23.789599, 23.901773, 23.905802, 23.896784]
    [exp] Throughput: 1688.2328387940124
    [exp] Running (pre_run: False) workload synthetic/chain-d2-http-sync request with the following configuration: {'CLIENT_CPU_QUOTA': '2', 'SLOWPOKE_POKER_BATCH_THRESHOLD': '20000000', 'PROCESSING_TIME_SERVICE0': '0.0009015', 'PROCESSING_TIME_SERVICE1': '0.000144', 'PROCESSING_TIME_SERVICE2': '0.00065242', 'SLOWPOKE_DELAY_MICROS_SERVICE0': '0.0', 'SLOWPOKE_POKER_BATCH_THRESHOLD_SERVICE0': '10', 'SLOWPOKE_DELAY_MICROS_SERVICE1': '0.0', 'SLOWPOKE_POKER_BATCH_THRESHOLD_SERVICE1': '10', 'SLOWPOKE_DELAY_MICROS_SERVICE2': '0.0', 'SLOWPOKE_POKER_BATCH_THRESHOLD_SERVICE2': '10'}
    [exp] Executing cmd `bash run.sh synthetic chain-d2-http-sync 8 512 40000`:
        [run.sh] Running benchmark synthetic with request chain-d2-http-sync, thread 8, conn 512, duration 60
        [run.sh] Deleting all services
        configmap "config-service0" deleted
        deployment.apps "service0" deleted
        service "service0" deleted
        configmap "config-service1" deleted
        deployment.apps "service1" deleted
        service "service1" deleted
        configmap "config-service2" deleted
        deployment.apps "service2" deleted
        service "service2" deleted
        deployment.apps "ubuntu-client" deleted
        [run.sh] Waiting for all pods to be deleted
        [run.sh] Deploying all services
        configmap/config-service0 created
        deployment.apps/service0 created
        service/service0 created
        configmap/config-service1 created
        deployment.apps/service1 created
        service/service1 created
        configmap/config-service2 created
        deployment.apps/service2 created
        service/service2 created
        [run.sh] Client pod not found, deploying client
        deployment.apps/ubuntu-client created
        [run.sh] Waiting for all pods to be running
        [run.sh] All pods are running
        [run.sh] Checking heartbeat for all services
        [run.sh] All pods can connect to all services
        [run.sh] Running warmup test
        [run.sh] /wrk/wrk -t8 -c512 -d3s -L http://service0:80/endpoint1
        Running 3s test @ http://service0:80/endpoint1
        8 threads and 512 connections
        Thread Stats   Avg      Stdev     Max   +/- Stdev
        Latency   328.04ms  161.69ms   1.32s    89.03%
        Req/Sec   198.07     53.64   300.00     77.39%
        Latency Distribution
        50%  280.97ms
        75%  330.53ms
        90%  495.22ms
        99%    1.07s
        4575 requests in 3.03s, 2.24MB read
        Requests/sec:   1511.36
        Transfer/sec:    757.48KB
        [run.sh] Speed is 1511.36, duration is 52
        [run.sh] Fix the request number.
        [run.sh] Running the actual test
        [run.sh] /wrk/wrk --timeout 20s -t8 -c512 -d52s -L -s /wrk/fix_req_n.lua http://service0:80/endpoint1
        [run.sh] Checking the resource usage
        NAME                             CPU(cores)   MEMORY(bytes)
        ubuntu-client-76886f6bbd-bq8vf   20m          0Mi
        Running 1m test @ http://service0:80/endpoint1
        8 threads and 512 connections
        Thread Stats   Avg      Stdev     Max   +/- Stdev
        Latency   301.97ms   76.40ms   1.44s    85.35%
        Req/Sec   212.08     49.74   636.00     68.56%
        Latency Distribution
        50%  287.23ms
        75%  323.12ms
        90%  377.45ms
        99%  592.61ms
        40000 requests in 0.87m, 19.57MB read
        Requests/sec:    769.23
        Transfer/sec:    385.38KB
        ------------------------------
        stop time: 23.211152
        stop time: 23.517243
        stop time: 23.719407
        stop time: 23.806920
        stop time: 23.907340
        stop time: 23.871582
        stop time: 23.791726
        stop time: 23.891980
        [run.sh] Test finished with status 0
        > STDERR
        > No resources found in default namespace.
    [exp] Times: [23.211152, 23.517243, 23.719407, 23.80692, 23.90734, 23.871582, 23.791726, 23.89198]
    [exp] Throughput: 1686.7197438716069
    [exp] Running (pre_run: False) workload synthetic/chain-d2-http-sync request with the following configuration: {'CLIENT_CPU_QUOTA': '2', 'SLOWPOKE_POKER_BATCH_THRESHOLD': '20000000', 'PROCESSING_TIME_SERVICE0': '0.0009015', 'PROCESSING_TIME_SERVICE1': '0.000216', 'PROCESSING_TIME_SERVICE2': '0.00065242', 'SLOWPOKE_DELAY_MICROS_SERVICE0': '0.0', 'SLOWPOKE_POKER_BATCH_THRESHOLD_SERVICE0': '10', 'SLOWPOKE_DELAY_MICROS_SERVICE1': '0.0', 'SLOWPOKE_POKER_BATCH_THRESHOLD_SERVICE1': '10', 'SLOWPOKE_DELAY_MICROS_SERVICE2': '0.0', 'SLOWPOKE_POKER_BATCH_THRESHOLD_SERVICE2': '10'}
    [exp] Executing cmd `bash run.sh synthetic chain-d2-http-sync 8 512 40000`:
        [run.sh] Running benchmark synthetic with request chain-d2-http-sync, thread 8, conn 512, duration 60
        [run.sh] Deleting all services
        configmap "config-service0" deleted
        deployment.apps "service0" deleted
        service "service0" deleted
        configmap "config-service1" deleted
        deployment.apps "service1" deleted
        service "service1" deleted
        configmap "config-service2" deleted
        deployment.apps "service2" deleted
        service "service2" deleted
        deployment.apps "ubuntu-client" deleted
        [run.sh] Waiting for all pods to be deleted
        [run.sh] Deploying all services
        configmap/config-service0 created
        deployment.apps/service0 created
        service/service0 created
        configmap/config-service1 created
        deployment.apps/service1 created
        service/service1 created
        configmap/config-service2 created
        deployment.apps/service2 created
        service/service2 created
        [run.sh] Client pod not found, deploying client
        deployment.apps/ubuntu-client created
        [run.sh] Waiting for all pods to be running
        [run.sh] All pods are running
        [run.sh] Checking heartbeat for all services
        [run.sh] service0-5f7bfff576-pgm2p cannot connect to service1
        [run.sh] All pods can connect to all services
        [run.sh] Running warmup test
        [run.sh] /wrk/wrk -t8 -c512 -d3s -L http://service0:80/endpoint1
        Running 3s test @ http://service0:80/endpoint1
        8 threads and 512 connections
        Thread Stats   Avg      Stdev     Max   +/- Stdev
        Latency   323.37ms   96.26ms   1.13s    89.78%
        Req/Sec   198.62     60.27   370.00     74.12%
        Latency Distribution
        50%  300.31ms
        75%  340.31ms
        90%  404.82ms
        99%  782.25ms
        4543 requests in 3.02s, 2.23MB read
        Requests/sec:   1503.80
        Transfer/sec:    754.19KB
        [run.sh] Speed is 1503.80, duration is 53
        [run.sh] Fix the request number.
        [run.sh] Running the actual test
        [run.sh] /wrk/wrk --timeout 20s -t8 -c512 -d53s -L -s /wrk/fix_req_n.lua http://service0:80/endpoint1
        [run.sh] Checking the resource usage
        NAME                             CPU(cores)   MEMORY(bytes)
        service0-5f7bfff576-pgm2p        545m         48Mi
        service1-96558989f-6n6wq         347m         15Mi
        service2-b9b68cb9d-hx4mj         417m         11Mi
        ubuntu-client-76886f6bbd-765wm   12m          12Mi
        Running 1m test @ http://service0:80/endpoint1
        8 threads and 512 connections
        Thread Stats   Avg      Stdev     Max   +/- Stdev
        Latency   301.77ms   81.96ms   1.47s    86.70%
        Req/Sec   212.60     49.13   580.00     71.91%
        Latency Distribution
        50%  285.53ms
        75%  321.52ms
        90%  377.32ms
        99%  608.48ms
        40000 requests in 0.88m, 19.57MB read
        Requests/sec:    754.72
        Transfer/sec:    378.10KB
        ------------------------------
        stop time: 23.558049
        stop time: 23.210993
        stop time: 23.587521
        stop time: 23.842416
        stop time: 23.845917
        stop time: 23.829004
        stop time: 23.792116
        stop time: 23.871188
        [run.sh] Test finished with status 0
        > STDERR
        > No resources found in default namespace.
        > command terminated with exit code 1
    [exp] Times: [23.558049, 23.210993, 23.587521, 23.842416, 23.845917, 23.829004, 23.792116, 23.871188]
    [exp] Throughput: 1688.3228898955376
    [exp] Running (pre_run: False) workload synthetic/chain-d2-http-sync request with the following configuration: {'CLIENT_CPU_QUOTA': '2', 'SLOWPOKE_POKER_BATCH_THRESHOLD': '20000000', 'PROCESSING_TIME_SERVICE0': '0.0009015', 'PROCESSING_TIME_SERVICE1': '0.000288', 'PROCESSING_TIME_SERVICE2': '0.00065242', 'SLOWPOKE_DELAY_MICROS_SERVICE0': '0.0', 'SLOWPOKE_POKER_BATCH_THRESHOLD_SERVICE0': '10', 'SLOWPOKE_DELAY_MICROS_SERVICE1': '0.0', 'SLOWPOKE_POKER_BATCH_THRESHOLD_SERVICE1': '10', 'SLOWPOKE_DELAY_MICROS_SERVICE2': '0.0', 'SLOWPOKE_POKER_BATCH_THRESHOLD_SERVICE2': '10'}
    [exp] Executing cmd `bash run.sh synthetic chain-d2-http-sync 8 512 40000`:
        [run.sh] Running benchmark synthetic with request chain-d2-http-sync, thread 8, conn 512, duration 60
        [run.sh] Deleting all services
        configmap "config-service0" deleted
        deployment.apps "service0" deleted
        service "service0" deleted
        configmap "config-service1" deleted
        deployment.apps "service1" deleted
        service "service1" deleted
        configmap "config-service2" deleted
        deployment.apps "service2" deleted
        service "service2" deleted
        deployment.apps "ubuntu-client" deleted
        [run.sh] Waiting for all pods to be deleted
        [run.sh] Deploying all services
        configmap/config-service0 created
        deployment.apps/service0 created
        service/service0 created
        configmap/config-service1 created
        deployment.apps/service1 created
        service/service1 created
        configmap/config-service2 created
        deployment.apps/service2 created
        service/service2 created
        [run.sh] Client pod not found, deploying client
        deployment.apps/ubuntu-client created
        [run.sh] Waiting for all pods to be running
        [run.sh] All pods are running
        [run.sh] Checking heartbeat for all services
        [run.sh] All pods can connect to all services
        [run.sh] Running warmup test
        [run.sh] /wrk/wrk -t8 -c512 -d3s -L http://service0:80/endpoint1
        Running 3s test @ http://service0:80/endpoint1
        8 threads and 512 connections
        Thread Stats   Avg      Stdev     Max   +/- Stdev
        Latency   320.29ms   95.08ms   1.05s    85.98%
        Req/Sec   203.56     51.52   330.00     75.78%
        Latency Distribution
        50%  295.89ms
        75%  343.26ms
        90%  424.92ms
        99%  753.69ms
        4591 requests in 3.02s, 2.25MB read
        Requests/sec:   1518.51
        Transfer/sec:    760.74KB
        [run.sh] Speed is 1518.51, duration is 52
        [run.sh] Fix the request number.
        [run.sh] Running the actual test
        [run.sh] /wrk/wrk --timeout 20s -t8 -c512 -d52s -L -s /wrk/fix_req_n.lua http://service0:80/endpoint1
        [run.sh] Checking the resource usage
        NAME                             CPU(cores)   MEMORY(bytes)
        service0-5f7bfff576-sml74        1746m        48Mi
        service1-96558989f-c9dc6         977m         16Mi
        service2-b9b68cb9d-8vj8k         928m         11Mi
        ubuntu-client-76886f6bbd-tpnfh   81m          14Mi
        Running 1m test @ http://service0:80/endpoint1
        8 threads and 512 connections
        Thread Stats   Avg      Stdev     Max   +/- Stdev
        Latency   302.39ms   97.10ms   1.89s    88.77%
        Req/Sec   212.58     54.15   650.00     73.99%
        Latency Distribution
        50%  288.65ms
        75%  325.06ms
        90%  374.96ms
        99%  632.27ms
        40000 requests in 0.87m, 19.57MB read
        Requests/sec:    769.23
        Transfer/sec:    385.38KB
        ------------------------------
        stop time: 23.207551
        stop time: 23.365745
        stop time: 23.553464
        stop time: 23.746103
        stop time: 23.873397
        stop time: 23.905329
        stop time: 23.984131
        stop time: 23.976540
        [run.sh] Test finished with status 0
        > STDERR
        > No resources found in default namespace.
    [exp] Times: [23.207551, 23.365745, 23.553464, 23.746103, 23.873397, 23.905329, 23.984131, 23.97654]
    [exp] Throughput: 1687.6545852045645
    [exp] Running (pre_run: False) workload synthetic/chain-d2-http-sync request with the following configuration: {'CLIENT_CPU_QUOTA': '2', 'SLOWPOKE_POKER_BATCH_THRESHOLD': '20000000', 'PROCESSING_TIME_SERVICE0': '0.0009015', 'PROCESSING_TIME_SERVICE1': '0.00036', 'PROCESSING_TIME_SERVICE2': '0.00065242', 'SLOWPOKE_DELAY_MICROS_SERVICE0': '0.0', 'SLOWPOKE_POKER_BATCH_THRESHOLD_SERVICE0': '10', 'SLOWPOKE_DELAY_MICROS_SERVICE1': '0.0', 'SLOWPOKE_POKER_BATCH_THRESHOLD_SERVICE1': '10', 'SLOWPOKE_DELAY_MICROS_SERVICE2': '0.0', 'SLOWPOKE_POKER_BATCH_THRESHOLD_SERVICE2': '10'}
    [exp] Executing cmd `bash run.sh synthetic chain-d2-http-sync 8 512 40000`:
        [run.sh] Running benchmark synthetic with request chain-d2-http-sync, thread 8, conn 512, duration 60
        [run.sh] Deleting all services
        configmap "config-service0" deleted
        deployment.apps "service0" deleted
        service "service0" deleted
        configmap "config-service1" deleted
        deployment.apps "service1" deleted
        service "service1" deleted
        configmap "config-service2" deleted
        deployment.apps "service2" deleted
        service "service2" deleted
        deployment.apps "ubuntu-client" deleted
        [run.sh] Waiting for all pods to be deleted
        [run.sh] Deploying all services
        configmap/config-service0 created
        deployment.apps/service0 created
        service/service0 created
        configmap/config-service1 created
        deployment.apps/service1 created
        service/service1 created
        configmap/config-service2 created
        deployment.apps/service2 created
        service/service2 created
        [run.sh] Client pod not found, deploying client
        deployment.apps/ubuntu-client created
        [run.sh] Waiting for all pods to be running
        [run.sh] All pods are running
        [run.sh] Checking heartbeat for all services
        [run.sh] All pods can connect to all services
        [run.sh] Running warmup test
        [run.sh] /wrk/wrk -t8 -c512 -d3s -L http://service0:80/endpoint1
        Running 3s test @ http://service0:80/endpoint1
        8 threads and 512 connections
        Thread Stats   Avg      Stdev     Max   +/- Stdev
        Latency   316.84ms   94.00ms 767.74ms   80.43%
        Req/Sec   209.50     59.64   350.00     74.07%
        Latency Distribution
        50%  287.33ms
        75%  338.36ms
        90%  473.48ms
        99%  609.02ms
        4605 requests in 3.03s, 2.25MB read
        Requests/sec:   1521.33
        Transfer/sec:    762.15KB
        [run.sh] Speed is 1521.33, duration is 52
        [run.sh] Fix the request number.
        [run.sh] Running the actual test
        [run.sh] /wrk/wrk --timeout 20s -t8 -c512 -d52s -L -s /wrk/fix_req_n.lua http://service0:80/endpoint1
        [run.sh] Checking the resource usage
        NAME                             CPU(cores)   MEMORY(bytes)
        service0-5f7bfff576-lp54j        1941m        48Mi
        service1-96558989f-zqmrj         1312m        16Mi
        service2-b9b68cb9d-nktfd         1387m        12Mi
        ubuntu-client-76886f6bbd-8rv4g   73m          13Mi
        Running 1m test @ http://service0:80/endpoint1
        8 threads and 512 connections
        Thread Stats   Avg      Stdev     Max   +/- Stdev
        Latency   302.21ms   92.09ms   1.80s    89.01%
        Req/Sec   212.31     52.87   484.00     73.74%
        Latency Distribution
        50%  288.21ms
        75%  323.38ms
        90%  372.17ms
        99%  614.74ms
        40000 requests in 0.87m, 19.57MB read
        Requests/sec:    769.23
        Transfer/sec:    385.39KB
        ------------------------------
        stop time: 23.246771
        stop time: 23.373880
        stop time: 23.586816
        stop time: 23.807467
        stop time: 23.880398
        stop time: 23.866065
        stop time: 23.913556
        stop time: 23.956213
        [run.sh] Test finished with status 0
        > STDERR
        > No resources found in default namespace.
    [exp] Times: [23.246771, 23.37388, 23.586816, 23.807467, 23.880398, 23.866065, 23.913556, 23.956213]
    [exp] Throughput: 1687.486328064871
    [exp] Running (pre_run: False) workload synthetic/chain-d2-http-sync request with the following configuration: {'CLIENT_CPU_QUOTA': '2', 'SLOWPOKE_POKER_BATCH_THRESHOLD': '20000000', 'PROCESSING_TIME_SERVICE0': '0.0009015', 'PROCESSING_TIME_SERVICE1': '0.000432', 'PROCESSING_TIME_SERVICE2': '0.00065242', 'SLOWPOKE_DELAY_MICROS_SERVICE0': '0.0', 'SLOWPOKE_POKER_BATCH_THRESHOLD_SERVICE0': '10', 'SLOWPOKE_DELAY_MICROS_SERVICE1': '0.0', 'SLOWPOKE_POKER_BATCH_THRESHOLD_SERVICE1': '10', 'SLOWPOKE_DELAY_MICROS_SERVICE2': '0.0', 'SLOWPOKE_POKER_BATCH_THRESHOLD_SERVICE2': '10'}
    [exp] Executing cmd `bash run.sh synthetic chain-d2-http-sync 8 512 40000`:
        [run.sh] Running benchmark synthetic with request chain-d2-http-sync, thread 8, conn 512, duration 60
        [run.sh] Deleting all services
        configmap "config-service0" deleted
        deployment.apps "service0" deleted
        service "service0" deleted
        configmap "config-service1" deleted
        deployment.apps "service1" deleted
        service "service1" deleted
        configmap "config-service2" deleted
        deployment.apps "service2" deleted
        service "service2" deleted
        deployment.apps "ubuntu-client" deleted
        [run.sh] Waiting for all pods to be deleted
        [run.sh] Deploying all services
        configmap/config-service0 created
        deployment.apps/service0 created
        service/service0 created
        configmap/config-service1 created
        deployment.apps/service1 created
        service/service1 created
        configmap/config-service2 created
        deployment.apps/service2 created
        service/service2 created
        [run.sh] Client pod not found, deploying client
        deployment.apps/ubuntu-client created
        [run.sh] Waiting for all pods to be running
        [run.sh] All pods are running
        [run.sh] Checking heartbeat for all services
        [run.sh] All pods can connect to all services
        [run.sh] Running warmup test
        [run.sh] /wrk/wrk -t8 -c512 -d3s -L http://service0:80/endpoint1
        Running 3s test @ http://service0:80/endpoint1
        8 threads and 512 connections
        Thread Stats   Avg      Stdev     Max   +/- Stdev
        Latency   321.93ms  111.53ms   1.12s    90.52%
        Req/Sec   201.62     59.36   343.00     72.57%
        Latency Distribution
        50%  292.09ms
        75%  335.64ms
        90%  415.76ms
        99%  859.00ms
        4612 requests in 3.03s, 2.26MB read
        Requests/sec:   1520.31
        Transfer/sec:    761.97KB
        [run.sh] Speed is 1520.31, duration is 52
        [run.sh] Fix the request number.
        [run.sh] Running the actual test
        [run.sh] /wrk/wrk --timeout 20s -t8 -c512 -d52s -L -s /wrk/fix_req_n.lua http://service0:80/endpoint1
        [run.sh] Checking the resource usage
        Running 1m test @ http://service0:80/endpoint1
        8 threads and 512 connections
        Thread Stats   Avg      Stdev     Max   +/- Stdev
        Latency   302.01ms  105.29ms   1.79s    89.59%
        Req/Sec   213.06     51.55   636.00     71.82%
        Latency Distribution
        50%  285.82ms
        75%  322.35ms
        90%  374.09ms
        99%  684.99ms
        40000 requests in 0.87m, 19.57MB read
        Requests/sec:    769.23
        Transfer/sec:    385.38KB
        ------------------------------
        stop time: 23.464239
        stop time: 23.296164
        stop time: 23.324570
        stop time: 23.830511
        stop time: 23.777912
        stop time: 23.875023
        stop time: 23.845856
        stop time: 23.828614
        [run.sh] Test finished with status 0
        > STDERR
        > No resources found in default namespace.
        > error: metrics not available yet
    [exp] Times: [23.464239, 23.296164, 23.32457, 23.830511, 23.777912, 23.875023, 23.845856, 23.828614]
    [exp] Throughput: 1690.9486094349363
    [exp] Running (pre_run: False) workload synthetic/chain-d2-http-sync request with the following configuration: {'CLIENT_CPU_QUOTA': '2', 'SLOWPOKE_POKER_BATCH_THRESHOLD': '20000000', 'PROCESSING_TIME_SERVICE0': '0.0009015', 'PROCESSING_TIME_SERVICE1': '0.000504', 'PROCESSING_TIME_SERVICE2': '0.00065242', 'SLOWPOKE_DELAY_MICROS_SERVICE0': '0.0', 'SLOWPOKE_POKER_BATCH_THRESHOLD_SERVICE0': '10', 'SLOWPOKE_DELAY_MICROS_SERVICE1': '0.0', 'SLOWPOKE_POKER_BATCH_THRESHOLD_SERVICE1': '10', 'SLOWPOKE_DELAY_MICROS_SERVICE2': '0.0', 'SLOWPOKE_POKER_BATCH_THRESHOLD_SERVICE2': '10'}
    [exp] Executing cmd `bash run.sh synthetic chain-d2-http-sync 8 512 40000`:
        [run.sh] Running benchmark synthetic with request chain-d2-http-sync, thread 8, conn 512, duration 60
        [run.sh] Deleting all services
        configmap "config-service0" deleted
        deployment.apps "service0" deleted
        service "service0" deleted
        configmap "config-service1" deleted
        deployment.apps "service1" deleted
        service "service1" deleted
        configmap "config-service2" deleted
        deployment.apps "service2" deleted
        service "service2" deleted
        deployment.apps "ubuntu-client" deleted
        [run.sh] Waiting for all pods to be deleted
        [run.sh] Deploying all services
        configmap/config-service0 created
        deployment.apps/service0 created
        service/service0 created
        configmap/config-service1 created
        deployment.apps/service1 created
        service/service1 created
        configmap/config-service2 created
        deployment.apps/service2 created
        service/service2 created
        [run.sh] Client pod not found, deploying client
        deployment.apps/ubuntu-client created
        [run.sh] Waiting for all pods to be running
        [run.sh] All pods are running
        [run.sh] Checking heartbeat for all services
        [run.sh] All pods can connect to all services
        [run.sh] Running warmup test
        [run.sh] /wrk/wrk -t8 -c512 -d3s -L http://service0:80/endpoint1
        Running 3s test @ http://service0:80/endpoint1
        8 threads and 512 connections
        Thread Stats   Avg      Stdev     Max   +/- Stdev
        Latency   328.41ms  126.29ms   1.35s    89.87%
        Req/Sec   198.20     57.56   323.00     68.30%
        Latency Distribution
        50%  293.56ms
        75%  339.49ms
        90%  451.14ms
        99%  942.67ms
        4513 requests in 3.02s, 2.21MB read
        Requests/sec:   1492.72
        Transfer/sec:    747.98KB
        [run.sh] Speed is 1492.72, duration is 53
        [run.sh] Fix the request number.
        [run.sh] Running the actual test
        [run.sh] /wrk/wrk --timeout 20s -t8 -c512 -d53s -L -s /wrk/fix_req_n.lua http://service0:80/endpoint1
        [run.sh] Checking the resource usage
        NAME                             CPU(cores)   MEMORY(bytes)
        service0-5f7bfff576-9gxs6        198m         37Mi
        ubuntu-client-76886f6bbd-h8msd   33m          0Mi
        Running 1m test @ http://service0:80/endpoint1
        8 threads and 512 connections
        Thread Stats   Avg      Stdev     Max   +/- Stdev
        Latency   300.01ms   89.64ms   1.59s    88.94%
        Req/Sec   214.47     56.02     0.90k    76.33%
        Latency Distribution
        50%  285.66ms
        75%  321.18ms
        90%  370.90ms
        99%  592.84ms
        40000 requests in 0.88m, 19.57MB read
        Requests/sec:    754.71
        Transfer/sec:    378.10KB
        ------------------------------
        stop time: 22.914823
        stop time: 23.353912
        stop time: 23.308224
        stop time: 23.564766
        stop time: 23.677783
        stop time: 23.721698
        stop time: 23.762378
        stop time: 23.826826
        [run.sh] Test finished with status 0
        > STDERR
        > No resources found in default namespace.
    [exp] Times: [22.914823, 23.353912, 23.308224, 23.564766, 23.677783, 23.721698, 23.762378, 23.826826]
    [exp] Throughput: 1700.947762777958
    [exp] Running (pre_run: False) workload synthetic/chain-d2-http-sync request with the following configuration: {'CLIENT_CPU_QUOTA': '2', 'SLOWPOKE_POKER_BATCH_THRESHOLD': '20000000', 'PROCESSING_TIME_SERVICE0': '0.0009015', 'PROCESSING_TIME_SERVICE1': '0.000576', 'PROCESSING_TIME_SERVICE2': '0.00065242', 'SLOWPOKE_DELAY_MICROS_SERVICE0': '0.0', 'SLOWPOKE_POKER_BATCH_THRESHOLD_SERVICE0': '10', 'SLOWPOKE_DELAY_MICROS_SERVICE1': '0.0', 'SLOWPOKE_POKER_BATCH_THRESHOLD_SERVICE1': '10', 'SLOWPOKE_DELAY_MICROS_SERVICE2': '0.0', 'SLOWPOKE_POKER_BATCH_THRESHOLD_SERVICE2': '10'}
    [exp] Executing cmd `bash run.sh synthetic chain-d2-http-sync 8 512 40000`:
        [run.sh] Running benchmark synthetic with request chain-d2-http-sync, thread 8, conn 512, duration 60
        [run.sh] Deleting all services
        configmap "config-service0" deleted
        deployment.apps "service0" deleted
        service "service0" deleted
        configmap "config-service1" deleted
        deployment.apps "service1" deleted
        service "service1" deleted
        configmap "config-service2" deleted
        deployment.apps "service2" deleted
        service "service2" deleted
        deployment.apps "ubuntu-client" deleted
        [run.sh] Waiting for all pods to be deleted
        [run.sh] Deploying all services
        configmap/config-service0 created
        deployment.apps/service0 created
        service/service0 created
        configmap/config-service1 created
        deployment.apps/service1 created
        service/service1 created
        configmap/config-service2 created
        deployment.apps/service2 created
        service/service2 created
        [run.sh] Client pod not found, deploying client
        deployment.apps/ubuntu-client created
        [run.sh] Waiting for all pods to be running
        [run.sh] All pods are running
        [run.sh] Checking heartbeat for all services
        [run.sh] service0-5f7bfff576-dhkct cannot connect to service1
        [run.sh] All pods can connect to all services
        [run.sh] Running warmup test
        [run.sh] /wrk/wrk -t8 -c512 -d3s -L http://service0:80/endpoint1
        Running 3s test @ http://service0:80/endpoint1
        8 threads and 512 connections
        Thread Stats   Avg      Stdev     Max   +/- Stdev
        Latency   323.45ms  113.51ms   1.02s    87.57%
        Req/Sec   198.12     59.29   330.00     71.88%
        Latency Distribution
        50%  292.00ms
        75%  334.30ms
        90%  447.16ms
        99%  854.35ms
        4504 requests in 3.03s, 2.20MB read
        Requests/sec:   1487.18
        Transfer/sec:    745.37KB
        [run.sh] Speed is 1487.18, duration is 53
        [run.sh] Fix the request number.
        [run.sh] Running the actual test
        [run.sh] /wrk/wrk --timeout 20s -t8 -c512 -d53s -L -s /wrk/fix_req_n.lua http://service0:80/endpoint1
        [run.sh] Checking the resource usage
        NAME                             CPU(cores)   MEMORY(bytes)
        service0-5f7bfff576-dhkct        51m          45Mi
        service1-96558989f-ghrhp         228m         16Mi
        service2-b9b68cb9d-ssdtq         356m         10Mi
        ubuntu-client-76886f6bbd-qqbbc   19m          12Mi
        Running 1m test @ http://service0:80/endpoint1
        8 threads and 512 connections
        Thread Stats   Avg      Stdev     Max   +/- Stdev
        Latency   301.05ms   95.38ms   1.42s    88.54%
        Req/Sec   214.07     58.58   690.00     77.10%
        Latency Distribution
        50%  287.76ms
        75%  324.92ms
        90%  373.83ms
        99%  669.15ms
        40001 requests in 0.88m, 19.57MB read
        Requests/sec:    754.73
        Transfer/sec:    378.10KB
        ------------------------------
        stop time: 23.054248
        stop time: 23.172690
        stop time: 23.274648
        stop time: 23.852074
        stop time: 23.947694
        stop time: 23.881697
        stop time: 23.967483
        stop time: 23.947653
        [run.sh] Test finished with status 0
        > STDERR
        > No resources found in default namespace.
        > command terminated with exit code 1
    [exp] Times: [23.054248, 23.17269, 23.274648, 23.852074, 23.947694, 23.881697, 23.967483, 23.947653]
    [exp] Throughput: 1692.2425596814421
    [exp] Running (pre_run: False) workload synthetic/chain-d2-http-sync request with the following configuration: {'CLIENT_CPU_QUOTA': '2', 'SLOWPOKE_POKER_BATCH_THRESHOLD': '20000000', 'PROCESSING_TIME_SERVICE0': '0.0009015', 'PROCESSING_TIME_SERVICE1': '0.000648', 'PROCESSING_TIME_SERVICE2': '0.00065242', 'SLOWPOKE_DELAY_MICROS_SERVICE0': '0.0', 'SLOWPOKE_POKER_BATCH_THRESHOLD_SERVICE0': '10', 'SLOWPOKE_DELAY_MICROS_SERVICE1': '0.0', 'SLOWPOKE_POKER_BATCH_THRESHOLD_SERVICE1': '10', 'SLOWPOKE_DELAY_MICROS_SERVICE2': '0.0', 'SLOWPOKE_POKER_BATCH_THRESHOLD_SERVICE2': '10'}
    [exp] Executing cmd `bash run.sh synthetic chain-d2-http-sync 8 512 40000`:
        [run.sh] Running benchmark synthetic with request chain-d2-http-sync, thread 8, conn 512, duration 60
        [run.sh] Deleting all services
        configmap "config-service0" deleted
        deployment.apps "service0" deleted
        service "service0" deleted
        configmap "config-service1" deleted
        deployment.apps "service1" deleted
        service "service1" deleted
        configmap "config-service2" deleted
        deployment.apps "service2" deleted
        service "service2" deleted
        deployment.apps "ubuntu-client" deleted
        [run.sh] Waiting for all pods to be deleted
        [run.sh] Deploying all services
        configmap/config-service0 created
        deployment.apps/service0 created
        service/service0 created
        configmap/config-service1 created
        deployment.apps/service1 created
        service/service1 created
        configmap/config-service2 created
        deployment.apps/service2 created
        service/service2 created
        [run.sh] Client pod not found, deploying client
        deployment.apps/ubuntu-client created
        [run.sh] Waiting for all pods to be running
        [run.sh] All pods are running
        [run.sh] Checking heartbeat for all services
        [run.sh] service0-5f7bfff576-vhwz4 cannot connect to service1
        [run.sh] All pods can connect to all services
        [run.sh] Running warmup test
        [run.sh] /wrk/wrk -t8 -c512 -d3s -L http://service0:80/endpoint1
        Running 3s test @ http://service0:80/endpoint1
        8 threads and 512 connections
        Thread Stats   Avg      Stdev     Max   +/- Stdev
        Latency   318.59ms   97.23ms 785.65ms   87.40%
        Req/Sec   192.58     74.08   350.00     66.95%
        Latency Distribution
        50%  294.73ms
        75%  333.63ms
        90%  416.96ms
        99%  710.19ms
        4593 requests in 3.02s, 2.25MB read
        Requests/sec:   1520.38
        Transfer/sec:    761.67KB
        [run.sh] Speed is 1520.38, duration is 52
        [run.sh] Fix the request number.
        [run.sh] Running the actual test
        [run.sh] /wrk/wrk --timeout 20s -t8 -c512 -d52s -L -s /wrk/fix_req_n.lua http://service0:80/endpoint1
        [run.sh] Checking the resource usage
        NAME                             CPU(cores)   MEMORY(bytes)
        service0-5f7bfff576-vhwz4        1928m        48Mi
        service1-96558989f-5wwr4         1604m        17Mi
        service2-b9b68cb9d-2dl9p         1214m        11Mi
        ubuntu-client-76886f6bbd-jbq22   30m          13Mi
        Running 1m test @ http://service0:80/endpoint1
        8 threads and 512 connections
        Thread Stats   Avg      Stdev     Max   +/- Stdev
        Latency   305.13ms   91.47ms   1.69s    89.48%
        Req/Sec   209.88     51.33   515.00     73.12%
        Latency Distribution
        50%  291.05ms
        75%  325.57ms
        90%  372.32ms
        99%  594.14ms
        40000 requests in 0.87m, 19.57MB read
        Requests/sec:    769.23
        Transfer/sec:    385.37KB
        ------------------------------
        stop time: 23.441621
        stop time: 23.827970
        stop time: 23.760259
        stop time: 24.044174
        stop time: 24.073537
        stop time: 24.102682
        stop time: 24.108352
        stop time: 24.120681
        [run.sh] Test finished with status 0
        > STDERR
        > No resources found in default namespace.
        > command terminated with exit code 1
    [exp] Times: [23.441621, 23.82797, 23.760259, 24.044174, 24.073537, 24.102682, 24.108352, 24.120681]
    [exp] Throughput: 1671.199132798058
[test.py] Running slowdown experiment
    [exp] Running (pre_run: False) workload synthetic/chain-d2-http-sync request with the following configuration: {'CLIENT_CPU_QUOTA': '2', 'SLOWPOKE_POKER_BATCH_THRESHOLD': '20000000', 'PROCESSING_TIME_SERVICE0': '0.0009015', 'PROCESSING_TIME_SERVICE1': '0.00072442', 'PROCESSING_TIME_SERVICE2': '0.00065242', 'SLOWPOKE_DELAY_MICROS_SERVICE0': '362.0', 'SLOWPOKE_POKER_BATCH_THRESHOLD_SERVICE0': '36199990', 'SLOWPOKE_DELAY_MICROS_SERVICE1': '0.0', 'SLOWPOKE_POKER_BATCH_THRESHOLD_SERVICE1': '10', 'SLOWPOKE_DELAY_MICROS_SERVICE2': '362.0', 'SLOWPOKE_POKER_BATCH_THRESHOLD_SERVICE2': '36199990'}
    [exp] Executing cmd `bash run.sh synthetic chain-d2-http-sync 8 512 40000`:
        [run.sh] Running benchmark synthetic with request chain-d2-http-sync, thread 8, conn 512, duration 60
        [run.sh] Deleting all services
        configmap "config-service0" deleted
        deployment.apps "service0" deleted
        service "service0" deleted
        configmap "config-service1" deleted
        deployment.apps "service1" deleted
        service "service1" deleted
        configmap "config-service2" deleted
        deployment.apps "service2" deleted
        service "service2" deleted
        deployment.apps "ubuntu-client" deleted
        [run.sh] Waiting for all pods to be deleted
        [run.sh] Deploying all services
        configmap/config-service0 created
        deployment.apps/service0 created
        service/service0 created
        configmap/config-service1 created
        deployment.apps/service1 created
        service/service1 created
        configmap/config-service2 created
        deployment.apps/service2 created
        service/service2 created
        [run.sh] Client pod not found, deploying client
        deployment.apps/ubuntu-client created
        [run.sh] Waiting for all pods to be running
        [run.sh] All pods are running
        [run.sh] Checking heartbeat for all services
        [run.sh] service0-6676469846-7z6xv cannot connect to service1
        [run.sh] All pods can connect to all services
        [run.sh] Running warmup test
        [run.sh] /wrk/wrk -t8 -c512 -d3s -L http://service0:80/endpoint1
        Running 3s test @ http://service0:80/endpoint1
        8 threads and 512 connections
        Thread Stats   Avg      Stdev     Max   +/- Stdev
        Latency   498.49ms  327.02ms   1.99s    85.02%
        Req/Sec   125.65     45.24   252.00     67.53%
        Latency Distribution
        50%  433.07ms
        75%  507.09ms
        90%  908.69ms
        99%    1.79s
        2949 requests in 3.02s, 1.46MB read
        Socket errors: connect 0, read 0, write 0, timeout 5
        Requests/sec:    975.76
        Transfer/sec:    495.56KB
        [run.sh] Speed is 975.76, duration is 81
        [run.sh] Fix the request number.
        [run.sh] Running the actual test
        [run.sh] /wrk/wrk --timeout 20s -t8 -c512 -d81s -L -s /wrk/fix_req_n.lua http://service0:80/endpoint1
        [run.sh] Checking the resource usage
        NAME                             CPU(cores)   MEMORY(bytes)
        service0-6676469846-7z6xv        1241m        49Mi
        service1-96558989f-kq2sk         1199m        18Mi
        service2-8457bcb5c6-psjb6        901m         12Mi
        ubuntu-client-76886f6bbd-4rfqf   54m          15Mi
        Running 1m test @ http://service0:80/endpoint1
        8 threads and 512 connections
        Thread Stats   Avg      Stdev     Max   +/- Stdev
        Latency   472.86ms  138.52ms   2.29s    86.26%
        Req/Sec   135.74     50.69   470.00     72.79%
        Latency Distribution
        50%  456.78ms
        75%  518.43ms
        90%  591.33ms
        99%  928.89ms
        40000 requests in 1.35m, 19.58MB read
        Requests/sec:    493.83
        Transfer/sec:    247.57KB
        ------------------------------
        stop time: 36.109138
        stop time: 36.560373
        stop time: 36.865069
        stop time: 37.412145
        stop time: 37.474207
        stop time: 37.539479
        stop time: 37.538521
        stop time: 37.395529
        [run.sh] Test finished with status 0
        > STDERR
        > No resources found in default namespace.
        > command terminated with exit code 1
    [exp] Times: [36.109138, 36.560373, 36.865069, 37.412145, 37.474207, 37.539479, 37.538521, 37.395529]
    [exp] Throughput: 1077.8240824102136
    [exp] Running (pre_run: False) workload synthetic/chain-d2-http-sync request with the following configuration: {'CLIENT_CPU_QUOTA': '2', 'SLOWPOKE_POKER_BATCH_THRESHOLD': '20000000', 'PROCESSING_TIME_SERVICE0': '0.0009015', 'PROCESSING_TIME_SERVICE1': '0.00072442', 'PROCESSING_TIME_SERVICE2': '0.00065242', 'SLOWPOKE_DELAY_MICROS_SERVICE0': '326.0', 'SLOWPOKE_POKER_BATCH_THRESHOLD_SERVICE0': '32599990', 'SLOWPOKE_DELAY_MICROS_SERVICE1': '0.0', 'SLOWPOKE_POKER_BATCH_THRESHOLD_SERVICE1': '10', 'SLOWPOKE_DELAY_MICROS_SERVICE2': '326.0', 'SLOWPOKE_POKER_BATCH_THRESHOLD_SERVICE2': '32599990'}
    [exp] Executing cmd `bash run.sh synthetic chain-d2-http-sync 8 512 40000`:
        [run.sh] Running benchmark synthetic with request chain-d2-http-sync, thread 8, conn 512, duration 60
        [run.sh] Deleting all services
        configmap "config-service0" deleted
        deployment.apps "service0" deleted
        service "service0" deleted
        configmap "config-service1" deleted
        deployment.apps "service1" deleted
        service "service1" deleted
        configmap "config-service2" deleted
        deployment.apps "service2" deleted
        service "service2" deleted
        deployment.apps "ubuntu-client" deleted
        [run.sh] Waiting for all pods to be deleted
        [run.sh] Deploying all services
        configmap/config-service0 created
        deployment.apps/service0 created
        service/service0 created
        configmap/config-service1 created
        deployment.apps/service1 created
        service/service1 created
        configmap/config-service2 created
        deployment.apps/service2 created
        service/service2 created
        [run.sh] Client pod not found, deploying client
        deployment.apps/ubuntu-client created
        [run.sh] Waiting for all pods to be running
        [run.sh] All pods are running
        [run.sh] Checking heartbeat for all services
        [run.sh] service0-5bbc86f6f4-th2dz cannot connect to service1
        [run.sh] All pods can connect to all services
        [run.sh] Running warmup test
        [run.sh] /wrk/wrk -t8 -c512 -d3s -L http://service0:80/endpoint1
        Running 3s test @ http://service0:80/endpoint1
        8 threads and 512 connections
        Thread Stats   Avg      Stdev     Max   +/- Stdev
        Latency   494.90ms  141.55ms   1.10s    81.57%
        Req/Sec   133.74     43.82   262.00     72.12%
        Latency Distribution
        50%  453.33ms
        75%  543.84ms
        90%  697.17ms
        99%  990.63ms
        2865 requests in 3.03s, 1.41MB read
        Requests/sec:    946.72
        Transfer/sec:    476.58KB
        [run.sh] Speed is 946.72, duration is 84
        [run.sh] Fix the request number.
        [run.sh] Running the actual test
        [run.sh] /wrk/wrk --timeout 20s -t8 -c512 -d84s -L -s /wrk/fix_req_n.lua http://service0:80/endpoint1
        [run.sh] Checking the resource usage
        NAME                             CPU(cores)   MEMORY(bytes)
        service0-5bbc86f6f4-th2dz        1055m        50Mi
        service1-96558989f-bztbq         848m         17Mi
        service2-5b8577f6b4-j67g5        516m         13Mi
        ubuntu-client-76886f6bbd-8jrlk   6m           13Mi
        Running 1m test @ http://service0:80/endpoint1
        8 threads and 512 connections
        Thread Stats   Avg      Stdev     Max   +/- Stdev
        Latency   457.70ms  110.93ms   1.49s    80.99%
        Req/Sec   140.05     49.40   350.00     67.54%
        Latency Distribution
        50%  440.76ms
        75%  499.36ms
        90%  575.52ms
        99%  899.84ms
        40001 requests in 1.40m, 19.58MB read
        Requests/sec:    476.20
        Transfer/sec:    238.74KB
        ------------------------------
        stop time: 35.532088
        stop time: 35.844418
        stop time: 35.699360
        stop time: 36.148078
        stop time: 36.052029
        stop time: 36.052059
        stop time: 36.227066
        stop time: 36.276079
        [run.sh] Test finished with status 0
        > STDERR
        > No resources found in default namespace.
        > command terminated with exit code 1
    [exp] Times: [35.532088, 35.844418, 35.69936, 36.148078, 36.052029, 36.052059, 36.227066, 36.276079]
    [exp] Throughput: 1111.7628164373589
    [exp] Running (pre_run: False) workload synthetic/chain-d2-http-sync request with the following configuration: {'CLIENT_CPU_QUOTA': '2', 'SLOWPOKE_POKER_BATCH_THRESHOLD': '20000000', 'PROCESSING_TIME_SERVICE0': '0.0009015', 'PROCESSING_TIME_SERVICE1': '0.00072442', 'PROCESSING_TIME_SERVICE2': '0.00065242', 'SLOWPOKE_DELAY_MICROS_SERVICE0': '290.0', 'SLOWPOKE_POKER_BATCH_THRESHOLD_SERVICE0': '28999990', 'SLOWPOKE_DELAY_MICROS_SERVICE1': '0.0', 'SLOWPOKE_POKER_BATCH_THRESHOLD_SERVICE1': '10', 'SLOWPOKE_DELAY_MICROS_SERVICE2': '290.0', 'SLOWPOKE_POKER_BATCH_THRESHOLD_SERVICE2': '28999990'}
    [exp] Executing cmd `bash run.sh synthetic chain-d2-http-sync 8 512 40000`:
        [run.sh] Running benchmark synthetic with request chain-d2-http-sync, thread 8, conn 512, duration 60
        [run.sh] Deleting all services
        configmap "config-service0" deleted
        deployment.apps "service0" deleted
        service "service0" deleted
        configmap "config-service1" deleted
        deployment.apps "service1" deleted
        service "service1" deleted
        configmap "config-service2" deleted
        deployment.apps "service2" deleted
        service "service2" deleted
        deployment.apps "ubuntu-client" deleted
        [run.sh] Waiting for all pods to be deleted
        [run.sh] Deploying all services
        configmap/config-service0 created
        deployment.apps/service0 created
        service/service0 created
        configmap/config-service1 created
        deployment.apps/service1 created
        service/service1 created
        configmap/config-service2 created
        deployment.apps/service2 created
        service/service2 created
        [run.sh] Client pod not found, deploying client
        deployment.apps/ubuntu-client created
        [run.sh] Waiting for all pods to be running
        [run.sh] All pods are running
        [run.sh] Checking heartbeat for all services
        [run.sh] service0-7567bd6b5c-6jxwb cannot connect to service1
        [run.sh] All pods can connect to all services
        [run.sh] Running warmup test
        [run.sh] /wrk/wrk -t8 -c512 -d3s -L http://service0:80/endpoint1
        Running 3s test @ http://service0:80/endpoint1
        8 threads and 512 connections
        Thread Stats   Avg      Stdev     Max   +/- Stdev
        Latency   458.61ms  111.70ms 952.98ms   74.96%
        Req/Sec   138.00     57.74   313.00     71.88%
        Latency Distribution
        50%  433.58ms
        75%  506.71ms
        90%  619.68ms
        99%  802.93ms
        3099 requests in 3.02s, 1.53MB read
        Requests/sec:   1025.92
        Transfer/sec:    517.08KB
        [run.sh] Speed is 1025.92, duration is 77
        [run.sh] Fix the request number.
        [run.sh] Running the actual test
        [run.sh] /wrk/wrk --timeout 20s -t8 -c512 -d77s -L -s /wrk/fix_req_n.lua http://service0:80/endpoint1
        [run.sh] Checking the resource usage
        NAME                       CPU(cores)   MEMORY(bytes)
        service1-96558989f-lzqsk   2m           14Mi
        Running 1m test @ http://service0:80/endpoint1
        8 threads and 512 connections
        Thread Stats   Avg      Stdev     Max   +/- Stdev
        Latency   438.04ms  157.53ms   2.53s    88.25%
        Req/Sec   147.22     53.94   636.00     70.95%
        Latency Distribution
        50%  420.20ms
        75%  475.85ms
        90%  553.13ms
        99%    1.00s
        40000 requests in 1.28m, 19.58MB read
        Requests/sec:    519.48
        Transfer/sec:    260.33KB
        ------------------------------
        stop time: 33.453752
        stop time: 34.034511
        stop time: 34.174614
        stop time: 34.238034
        stop time: 34.338841
        stop time: 34.639178
        stop time: 34.780172
        stop time: 34.822167
        [run.sh] Test finished with status 0
        > STDERR
        > No resources found in default namespace.
        > command terminated with exit code 1
    [exp] Times: [33.453752, 34.034511, 34.174614, 34.238034, 34.338841, 34.639178, 34.780172, 34.822167]
    [exp] Throughput: 1165.8354727294707
    [exp] Running (pre_run: False) workload synthetic/chain-d2-http-sync request with the following configuration: {'CLIENT_CPU_QUOTA': '2', 'SLOWPOKE_POKER_BATCH_THRESHOLD': '20000000', 'PROCESSING_TIME_SERVICE0': '0.0009015', 'PROCESSING_TIME_SERVICE1': '0.00072442', 'PROCESSING_TIME_SERVICE2': '0.00065242', 'SLOWPOKE_DELAY_MICROS_SERVICE0': '254.0', 'SLOWPOKE_POKER_BATCH_THRESHOLD_SERVICE0': '25399990', 'SLOWPOKE_DELAY_MICROS_SERVICE1': '0.0', 'SLOWPOKE_POKER_BATCH_THRESHOLD_SERVICE1': '10', 'SLOWPOKE_DELAY_MICROS_SERVICE2': '254.0', 'SLOWPOKE_POKER_BATCH_THRESHOLD_SERVICE2': '25399990'}
    [exp] Executing cmd `bash run.sh synthetic chain-d2-http-sync 8 512 40000`:
        [run.sh] Running benchmark synthetic with request chain-d2-http-sync, thread 8, conn 512, duration 60
        [run.sh] Deleting all services
        configmap "config-service0" deleted
        deployment.apps "service0" deleted
        service "service0" deleted
        configmap "config-service1" deleted
        deployment.apps "service1" deleted
        service "service1" deleted
        configmap "config-service2" deleted
        deployment.apps "service2" deleted
        service "service2" deleted
        deployment.apps "ubuntu-client" deleted
        [run.sh] Waiting for all pods to be deleted
        [run.sh] Deploying all services
        configmap/config-service0 created
        deployment.apps/service0 created
        service/service0 created
        configmap/config-service1 created
        deployment.apps/service1 created
        service/service1 created
        configmap/config-service2 created
        deployment.apps/service2 created
        service/service2 created
        [run.sh] Client pod not found, deploying client
        deployment.apps/ubuntu-client created
        [run.sh] Waiting for all pods to be running
        [run.sh] All pods are running
        [run.sh] Checking heartbeat for all services
        [run.sh] All pods can connect to all services
        [run.sh] Running warmup test
        [run.sh] /wrk/wrk -t8 -c512 -d3s -L http://service0:80/endpoint1
        Running 3s test @ http://service0:80/endpoint1
        8 threads and 512 connections
        Thread Stats   Avg      Stdev     Max   +/- Stdev
        Latency   426.54ms  124.83ms   1.15s    82.86%
        Req/Sec   147.71     57.86   303.00     70.09%
        Latency Distribution
        50%  394.72ms
        75%  467.20ms
        90%  567.94ms
        99%  911.82ms
        3361 requests in 3.03s, 1.65MB read
        Requests/sec:   1107.86
        Transfer/sec:    558.61KB
        [run.sh] Speed is 1107.86, duration is 72
        [run.sh] Fix the request number.
        [run.sh] Running the actual test
        [run.sh] /wrk/wrk --timeout 20s -t8 -c512 -d72s -L -s /wrk/fix_req_n.lua http://service0:80/endpoint1
        [run.sh] Checking the resource usage
        NAME                             CPU(cores)   MEMORY(bytes)
        service0-84cfb754cd-lq8h7        1410m        48Mi
        service1-96558989f-kz5r5         1311m        18Mi
        service2-859f494756-df85p        958m         13Mi
        ubuntu-client-76886f6bbd-wb88x   61m          14Mi
        Running 1m test @ http://service0:80/endpoint1
        8 threads and 512 connections
        Thread Stats   Avg      Stdev     Max   +/- Stdev
        Latency   420.43ms  120.62ms   1.92s    83.83%
        Req/Sec   152.32     54.85   410.00     71.75%
        Latency Distribution
        50%  403.49ms
        75%  459.87ms
        90%  536.34ms
        99%  895.48ms
        40000 requests in 1.20m, 19.58MB read
        Requests/sec:    555.55
        Transfer/sec:    278.45KB
        ------------------------------
        stop time: 32.740565
        stop time: 32.453793
        stop time: 32.993615
        stop time: 33.117635
        stop time: 33.097949
        stop time: 33.215348
        stop time: 33.350426
        stop time: 33.278297
        [run.sh] Test finished with status 0
        > STDERR
        > No resources found in default namespace.
    [exp] Times: [32.740565, 32.453793, 32.993615, 33.117635, 33.097949, 33.215348, 33.350426, 33.278297]
    [exp] Throughput: 1210.9853262334675
    [exp] Running (pre_run: False) workload synthetic/chain-d2-http-sync request with the following configuration: {'CLIENT_CPU_QUOTA': '2', 'SLOWPOKE_POKER_BATCH_THRESHOLD': '20000000', 'PROCESSING_TIME_SERVICE0': '0.0009015', 'PROCESSING_TIME_SERVICE1': '0.00072442', 'PROCESSING_TIME_SERVICE2': '0.00065242', 'SLOWPOKE_DELAY_MICROS_SERVICE0': '218.0', 'SLOWPOKE_POKER_BATCH_THRESHOLD_SERVICE0': '21799990', 'SLOWPOKE_DELAY_MICROS_SERVICE1': '0.0', 'SLOWPOKE_POKER_BATCH_THRESHOLD_SERVICE1': '10', 'SLOWPOKE_DELAY_MICROS_SERVICE2': '218.0', 'SLOWPOKE_POKER_BATCH_THRESHOLD_SERVICE2': '21799990'}
    [exp] Executing cmd `bash run.sh synthetic chain-d2-http-sync 8 512 40000`:
        [run.sh] Running benchmark synthetic with request chain-d2-http-sync, thread 8, conn 512, duration 60
        [run.sh] Deleting all services
        configmap "config-service0" deleted
        deployment.apps "service0" deleted
        service "service0" deleted
        configmap "config-service1" deleted
        deployment.apps "service1" deleted
        service "service1" deleted
        configmap "config-service2" deleted
        deployment.apps "service2" deleted
        service "service2" deleted
        deployment.apps "ubuntu-client" deleted
        [run.sh] Waiting for all pods to be deleted
        [run.sh] Deploying all services
        configmap/config-service0 created
        deployment.apps/service0 created
        service/service0 created
        configmap/config-service1 created
        deployment.apps/service1 created
        service/service1 created
        configmap/config-service2 created
        deployment.apps/service2 created
        service/service2 created
        [run.sh] Client pod not found, deploying client
        deployment.apps/ubuntu-client created
        [run.sh] Waiting for all pods to be running
        [run.sh] All pods are running
        [run.sh] Checking heartbeat for all services
        [run.sh] service0-d56dffb66-q9z8v cannot connect to service1
        [run.sh] All pods can connect to all services
        [run.sh] Running warmup test
        [run.sh] /wrk/wrk -t8 -c512 -d3s -L http://service0:80/endpoint1
        Running 3s test @ http://service0:80/endpoint1
        8 threads and 512 connections
        Thread Stats   Avg      Stdev     Max   +/- Stdev
        Latency   417.39ms  130.77ms   1.21s    81.43%
        Req/Sec   148.15     61.99   323.00     75.22%
        Latency Distribution
        50%  384.38ms
        75%  454.61ms
        90%  595.84ms
        99%  855.69ms
        3414 requests in 3.02s, 1.69MB read
        Requests/sec:   1130.10
        Transfer/sec:    572.23KB
        [run.sh] Speed is 1130.10, duration is 70
        [run.sh] Fix the request number.
        [run.sh] Running the actual test
        [run.sh] /wrk/wrk --timeout 20s -t8 -c512 -d70s -L -s /wrk/fix_req_n.lua http://service0:80/endpoint1
        [run.sh] Checking the resource usage
        NAME                             CPU(cores)   MEMORY(bytes)
        service0-d56dffb66-q9z8v         1466m        49Mi
        service1-96558989f-vg5f2         1377m        19Mi
        service2-78799cc988-989f8        1044m        12Mi
        ubuntu-client-76886f6bbd-z6rg4   63m          15Mi
        Running 1m test @ http://service0:80/endpoint1
        8 threads and 512 connections
        Thread Stats   Avg      Stdev     Max   +/- Stdev
        Latency   400.32ms  110.24ms   1.49s    82.26%
        Req/Sec   160.15     57.15   470.00     66.03%
        Latency Distribution
        50%  384.61ms
        75%  440.62ms
        90%  516.74ms
        99%  819.15ms
        40000 requests in 1.17m, 19.59MB read
        Requests/sec:    571.43
        Transfer/sec:    286.63KB
        ------------------------------
        stop time: 30.888776
        stop time: 30.885499
        stop time: 31.388239
        stop time: 31.652499
        stop time: 31.651993
        stop time: 31.647527
        stop time: 31.689374
        stop time: 31.741895
        [run.sh] Test finished with status 0
        > STDERR
        > No resources found in default namespace.
        > command terminated with exit code 1
    [exp] Times: [30.888776, 30.885499, 31.388239, 31.652499, 31.651993, 31.647527, 31.689374, 31.741895]
    [exp] Throughput: 1272.134130069879
    [exp] Running (pre_run: False) workload synthetic/chain-d2-http-sync request with the following configuration: {'CLIENT_CPU_QUOTA': '2', 'SLOWPOKE_POKER_BATCH_THRESHOLD': '20000000', 'PROCESSING_TIME_SERVICE0': '0.0009015', 'PROCESSING_TIME_SERVICE1': '0.00072442', 'PROCESSING_TIME_SERVICE2': '0.00065242', 'SLOWPOKE_DELAY_MICROS_SERVICE0': '182.0', 'SLOWPOKE_POKER_BATCH_THRESHOLD_SERVICE0': '18199990', 'SLOWPOKE_DELAY_MICROS_SERVICE1': '0.0', 'SLOWPOKE_POKER_BATCH_THRESHOLD_SERVICE1': '10', 'SLOWPOKE_DELAY_MICROS_SERVICE2': '182.0', 'SLOWPOKE_POKER_BATCH_THRESHOLD_SERVICE2': '18199990'}
    [exp] Executing cmd `bash run.sh synthetic chain-d2-http-sync 8 512 40000`:
        [run.sh] Running benchmark synthetic with request chain-d2-http-sync, thread 8, conn 512, duration 60
        [run.sh] Deleting all services
        configmap "config-service0" deleted
        deployment.apps "service0" deleted
        service "service0" deleted
        configmap "config-service1" deleted
        deployment.apps "service1" deleted
        service "service1" deleted
        configmap "config-service2" deleted
        deployment.apps "service2" deleted
        service "service2" deleted
        deployment.apps "ubuntu-client" deleted
        [run.sh] Waiting for all pods to be deleted
        [run.sh] Deploying all services
        configmap/config-service0 created
        deployment.apps/service0 created
        service/service0 created
        configmap/config-service1 created
        deployment.apps/service1 created
        service/service1 created
        configmap/config-service2 created
        deployment.apps/service2 created
        service/service2 created
        [run.sh] Client pod not found, deploying client
        deployment.apps/ubuntu-client created
        [run.sh] Waiting for all pods to be running
        [run.sh] All pods are running
        [run.sh] Checking heartbeat for all services
        [run.sh] service0-589cb65674-qvxfr cannot connect to service1
        [run.sh] All pods can connect to all services
        [run.sh] Running warmup test
        [run.sh] /wrk/wrk -t8 -c512 -d3s -L http://service0:80/endpoint1
        Running 3s test @ http://service0:80/endpoint1
        8 threads and 512 connections
        Thread Stats   Avg      Stdev     Max   +/- Stdev
        Latency   403.02ms  115.94ms 944.18ms   82.15%
        Req/Sec   149.70     68.22   330.00     67.92%
        Latency Distribution
        50%  378.15ms
        75%  436.85ms
        90%  556.52ms
        99%  795.19ms
        3580 requests in 3.02s, 1.78MB read
        Requests/sec:   1184.77
        Transfer/sec:    603.89KB
        [run.sh] Speed is 1184.77, duration is 67
        [run.sh] Fix the request number.
        [run.sh] Running the actual test
        [run.sh] /wrk/wrk --timeout 20s -t8 -c512 -d67s -L -s /wrk/fix_req_n.lua http://service0:80/endpoint1
        [run.sh] Checking the resource usage
        NAME                             CPU(cores)   MEMORY(bytes)
        service0-589cb65674-qvxfr        1538m        49Mi
        service1-96558989f-tnm7c         1411m        17Mi
        service2-b8d8c8796-pwbrd         985m         12Mi
        ubuntu-client-76886f6bbd-lntzs   67m          15Mi
        Running 1m test @ http://service0:80/endpoint1
        8 threads and 512 connections
        Thread Stats   Avg      Stdev     Max   +/- Stdev
        Latency   384.94ms  118.29ms   1.73s    83.97%
        Req/Sec   166.50     57.94   750.00     71.82%
        Latency Distribution
        50%  364.74ms
        75%  416.10ms
        90%  504.75ms
        99%  857.67ms
        40000 requests in 1.12m, 19.59MB read
        Requests/sec:    597.01
        Transfer/sec:    299.35KB
        ------------------------------
        stop time: 29.387614
        stop time: 30.233968
        stop time: 29.888841
        stop time: 30.282475
        stop time: 30.375727
        stop time: 30.532935
        stop time: 30.571844
        stop time: 30.575977
        [run.sh] Test finished with status 0
        > STDERR
        > No resources found in default namespace.
        > command terminated with exit code 1
    [exp] Times: [29.387614, 30.233968, 29.888841, 30.282475, 30.375727, 30.532935, 30.571844, 30.575977]
    [exp] Throughput: 1323.137560562952
    [exp] Running (pre_run: False) workload synthetic/chain-d2-http-sync request with the following configuration: {'CLIENT_CPU_QUOTA': '2', 'SLOWPOKE_POKER_BATCH_THRESHOLD': '20000000', 'PROCESSING_TIME_SERVICE0': '0.0009015', 'PROCESSING_TIME_SERVICE1': '0.00072442', 'PROCESSING_TIME_SERVICE2': '0.00065242', 'SLOWPOKE_DELAY_MICROS_SERVICE0': '146.0', 'SLOWPOKE_POKER_BATCH_THRESHOLD_SERVICE0': '14599990', 'SLOWPOKE_DELAY_MICROS_SERVICE1': '0.0', 'SLOWPOKE_POKER_BATCH_THRESHOLD_SERVICE1': '10', 'SLOWPOKE_DELAY_MICROS_SERVICE2': '146.0', 'SLOWPOKE_POKER_BATCH_THRESHOLD_SERVICE2': '14599990'}
    [exp] Executing cmd `bash run.sh synthetic chain-d2-http-sync 8 512 40000`:
        [run.sh] Running benchmark synthetic with request chain-d2-http-sync, thread 8, conn 512, duration 60
        [run.sh] Deleting all services
        configmap "config-service0" deleted
        deployment.apps "service0" deleted
        service "service0" deleted
        configmap "config-service1" deleted
        deployment.apps "service1" deleted
        service "service1" deleted
        configmap "config-service2" deleted
        deployment.apps "service2" deleted
        service "service2" deleted
        deployment.apps "ubuntu-client" deleted
        [run.sh] Waiting for all pods to be deleted
        [run.sh] Deploying all services
        configmap/config-service0 created
        deployment.apps/service0 created
        service/service0 created
        configmap/config-service1 created
        deployment.apps/service1 created
        service/service1 created
        configmap/config-service2 created
        deployment.apps/service2 created
        service/service2 created
        [run.sh] Client pod not found, deploying client
        deployment.apps/ubuntu-client created
        [run.sh] Waiting for all pods to be running
        [run.sh] All pods are running
        [run.sh] Checking heartbeat for all services
        [run.sh] service0-567d8cf5fd-gtb4b cannot connect to service1
        [run.sh] All pods can connect to all services
        [run.sh] Running warmup test
        [run.sh] /wrk/wrk -t8 -c512 -d3s -L http://service0:80/endpoint1
        Running 3s test @ http://service0:80/endpoint1
        8 threads and 512 connections
        Thread Stats   Avg      Stdev     Max   +/- Stdev
        Latency   383.16ms   99.29ms 962.18ms   77.10%
        Req/Sec   164.80     57.58   300.00     70.54%
        Latency Distribution
        50%  362.07ms
        75%  418.37ms
        90%  515.38ms
        99%  749.21ms
        3728 requests in 3.03s, 1.90MB read
        Requests/sec:   1229.73
        Transfer/sec:    642.25KB
        [run.sh] Speed is 1229.73, duration is 65
        [run.sh] Fix the request number.
        [run.sh] Running the actual test
        [run.sh] /wrk/wrk --timeout 20s -t8 -c512 -d65s -L -s /wrk/fix_req_n.lua http://service0:80/endpoint1
        [run.sh] Checking the resource usage
        NAME                             CPU(cores)   MEMORY(bytes)
        service0-567d8cf5fd-gtb4b        1362m        49Mi
        service1-96558989f-fdfhc         1094m        18Mi
        service2-799c5f6bc6-r4kkx        665m         13Mi
        ubuntu-client-76886f6bbd-kwfh5   57m          14Mi
        Running 1m test @ http://service0:80/endpoint1
        8 threads and 512 connections
        Thread Stats   Avg      Stdev     Max   +/- Stdev
        Latency   367.89ms  101.85ms   1.41s    83.24%
        Req/Sec   173.51     57.13   420.00     67.78%
        Latency Distribution
        50%  352.34ms
        75%  403.58ms
        90%  467.35ms
        99%  772.28ms
        40000 requests in 1.08m, 19.59MB read
        Requests/sec:    615.38
        Transfer/sec:    308.59KB
        ------------------------------
        stop time: 28.532226
        stop time: 28.859380
        stop time: 29.032238
        stop time: 28.961047
        stop time: 29.107991
        stop time: 29.055590
        stop time: 28.813906
        stop time: 29.016585
        [run.sh] Test finished with status 0
        > STDERR
        > No resources found in default namespace.
        > command terminated with exit code 1
    [exp] Times: [28.532226, 28.85938, 29.032238, 28.961047, 29.107991, 29.05559, 28.813906, 29.016585]
    [exp] Throughput: 1383.0125083584198
    [exp] Running (pre_run: False) workload synthetic/chain-d2-http-sync request with the following configuration: {'CLIENT_CPU_QUOTA': '2', 'SLOWPOKE_POKER_BATCH_THRESHOLD': '20000000', 'PROCESSING_TIME_SERVICE0': '0.0009015', 'PROCESSING_TIME_SERVICE1': '0.00072442', 'PROCESSING_TIME_SERVICE2': '0.00065242', 'SLOWPOKE_DELAY_MICROS_SERVICE0': '110.0', 'SLOWPOKE_POKER_BATCH_THRESHOLD_SERVICE0': '10999990', 'SLOWPOKE_DELAY_MICROS_SERVICE1': '0.0', 'SLOWPOKE_POKER_BATCH_THRESHOLD_SERVICE1': '10', 'SLOWPOKE_DELAY_MICROS_SERVICE2': '110.0', 'SLOWPOKE_POKER_BATCH_THRESHOLD_SERVICE2': '10999990'}
    [exp] Executing cmd `bash run.sh synthetic chain-d2-http-sync 8 512 40000`:
        [run.sh] Running benchmark synthetic with request chain-d2-http-sync, thread 8, conn 512, duration 60
        [run.sh] Deleting all services
        configmap "config-service0" deleted
        deployment.apps "service0" deleted
        service "service0" deleted
        configmap "config-service1" deleted
        deployment.apps "service1" deleted
        service "service1" deleted
        configmap "config-service2" deleted
        deployment.apps "service2" deleted
        service "service2" deleted
        deployment.apps "ubuntu-client" deleted
        [run.sh] Waiting for all pods to be deleted
        [run.sh] Deploying all services
        configmap/config-service0 created
        deployment.apps/service0 created
        service/service0 created
        configmap/config-service1 created
        deployment.apps/service1 created
        service/service1 created
        configmap/config-service2 created
        deployment.apps/service2 created
        service/service2 created
        [run.sh] Client pod not found, deploying client
        deployment.apps/ubuntu-client created
        [run.sh] Waiting for all pods to be running
        [run.sh] All pods are running
        [run.sh] Checking heartbeat for all services
        [run.sh] service0-86d56598df-vdvdf cannot connect to service1
        [run.sh] All pods can connect to all services
        [run.sh] Running warmup test
        [run.sh] /wrk/wrk -t8 -c512 -d3s -L http://service0:80/endpoint1
        Running 3s test @ http://service0:80/endpoint1
        8 threads and 512 connections
        Thread Stats   Avg      Stdev     Max   +/- Stdev
        Latency   362.67ms  127.25ms   1.06s    87.04%
        Req/Sec   173.90     65.18   330.00     68.72%
        Latency Distribution
        50%  338.83ms
        75%  388.36ms
        90%  462.44ms
        99%  901.69ms
        3999 requests in 3.02s, 1.96MB read
        Requests/sec:   1325.62
        Transfer/sec:    664.76KB
        [run.sh] Speed is 1325.62, duration is 60
        [run.sh] Fix the request number.
        [run.sh] Running the actual test
        [run.sh] /wrk/wrk --timeout 20s -t8 -c512 -d60s -L -s /wrk/fix_req_n.lua http://service0:80/endpoint1
        [run.sh] Checking the resource usage
        NAME                             CPU(cores)   MEMORY(bytes)
        service0-86d56598df-vdvdf        1250m        49Mi
        service1-96558989f-c88ll         953m         17Mi
        service2-8d658bbf5-g5cqx         560m         12Mi
        ubuntu-client-76886f6bbd-xc7wz   50m          14Mi
        Running 1m test @ http://service0:80/endpoint1
        8 threads and 512 connections
        Thread Stats   Avg      Stdev     Max   +/- Stdev
        Latency   347.76ms  113.31ms   1.84s    85.08%
        Req/Sec   184.30     59.10   545.00     71.05%
        Latency Distribution
        50%  327.34ms
        75%  381.83ms
        90%  456.66ms
        99%  814.49ms
        40000 requests in 1.00m, 19.59MB read
        Requests/sec:    666.66
        Transfer/sec:    334.34KB
        ------------------------------
        stop time: 27.071962
        stop time: 26.908979
        stop time: 27.154656
        stop time: 27.342662
        stop time: 27.388484
        stop time: 27.553184
        stop time: 27.540773
        stop time: 27.550641
        [run.sh] Test finished with status 0
        > STDERR
        > No resources found in default namespace.
        > command terminated with exit code 1
    [exp] Times: [27.071962, 26.908979, 27.154656, 27.342662, 27.388484, 27.553184, 27.540773, 27.550641]
    [exp] Throughput: 1464.4548815431963
    [exp] Running (pre_run: False) workload synthetic/chain-d2-http-sync request with the following configuration: {'CLIENT_CPU_QUOTA': '2', 'SLOWPOKE_POKER_BATCH_THRESHOLD': '20000000', 'PROCESSING_TIME_SERVICE0': '0.0009015', 'PROCESSING_TIME_SERVICE1': '0.00072442', 'PROCESSING_TIME_SERVICE2': '0.00065242', 'SLOWPOKE_DELAY_MICROS_SERVICE0': '74.0', 'SLOWPOKE_POKER_BATCH_THRESHOLD_SERVICE0': '7399990', 'SLOWPOKE_DELAY_MICROS_SERVICE1': '0.0', 'SLOWPOKE_POKER_BATCH_THRESHOLD_SERVICE1': '10', 'SLOWPOKE_DELAY_MICROS_SERVICE2': '74.0', 'SLOWPOKE_POKER_BATCH_THRESHOLD_SERVICE2': '7399990'}
    [exp] Executing cmd `bash run.sh synthetic chain-d2-http-sync 8 512 40000`:
        [run.sh] Running benchmark synthetic with request chain-d2-http-sync, thread 8, conn 512, duration 60
        [run.sh] Deleting all services
        configmap "config-service0" deleted
        deployment.apps "service0" deleted
        service "service0" deleted
        configmap "config-service1" deleted
        deployment.apps "service1" deleted
        service "service1" deleted
        configmap "config-service2" deleted
        deployment.apps "service2" deleted
        service "service2" deleted
        deployment.apps "ubuntu-client" deleted
        [run.sh] Waiting for all pods to be deleted
        [run.sh] Deploying all services
        configmap/config-service0 created
        deployment.apps/service0 created
        service/service0 created
        configmap/config-service1 created
        deployment.apps/service1 created
        service/service1 created
        configmap/config-service2 created
        deployment.apps/service2 created
        service/service2 created
        [run.sh] Client pod not found, deploying client
        deployment.apps/ubuntu-client created
        [run.sh] Waiting for all pods to be running
        [run.sh] All pods are running
        [run.sh] Checking heartbeat for all services
        [run.sh] All pods can connect to all services
        [run.sh] Running warmup test
        [run.sh] /wrk/wrk -t8 -c512 -d3s -L http://service0:80/endpoint1
        Running 3s test @ http://service0:80/endpoint1
        8 threads and 512 connections
        Thread Stats   Avg      Stdev     Max   +/- Stdev
        Latency   352.91ms  103.33ms   1.03s    79.45%
        Req/Sec   185.45     62.38   333.00     73.18%
        Latency Distribution
        50%  322.08ms
        75%  391.15ms
        90%  508.18ms
        99%  708.14ms
        4088 requests in 3.03s, 2.00MB read
        Requests/sec:   1349.44
        Transfer/sec:    676.36KB
        [run.sh] Speed is 1349.44, duration is 59
        [run.sh] Fix the request number.
        [run.sh] Running the actual test
        [run.sh] /wrk/wrk --timeout 20s -t8 -c512 -d59s -L -s /wrk/fix_req_n.lua http://service0:80/endpoint1
        [run.sh] Checking the resource usage
        NAME                             CPU(cores)   MEMORY(bytes)
        service0-9fc59ff4d-kzpjp         1776m        50Mi
        service1-96558989f-mc7st         1594m        18Mi
        service2-66f7647f98-ch95b        1197m        12Mi
        ubuntu-client-76886f6bbd-f2z7j   76m          13Mi
        Running 1m test @ http://service0:80/endpoint1
        8 threads and 512 connections
        Thread Stats   Avg      Stdev     Max   +/- Stdev
        Latency   334.30ms   98.29ms   1.62s    82.65%
        Req/Sec   191.23     57.00   414.00     65.19%
        Latency Distribution
        50%  316.16ms
        75%  366.76ms
        90%  437.52ms
        99%  733.67ms
        40000 requests in 0.98m, 19.57MB read
        Requests/sec:    677.96
        Transfer/sec:    339.69KB
        ------------------------------
        stop time: 25.934799
        stop time: 26.361161
        stop time: 26.362146
        stop time: 26.281874
        stop time: 26.486311
        stop time: 26.332048
        stop time: 26.321275
        stop time: 26.252004
        [run.sh] Test finished with status 0
        > STDERR
        > No resources found in default namespace.
    [exp] Times: [25.934799, 26.361161, 26.362146, 26.281874, 26.486311, 26.332048, 26.321275, 26.252004]
    [exp] Throughput: 1521.4070192718243
    [exp] Running (pre_run: False) workload synthetic/chain-d2-http-sync request with the following configuration: {'CLIENT_CPU_QUOTA': '2', 'SLOWPOKE_POKER_BATCH_THRESHOLD': '20000000', 'PROCESSING_TIME_SERVICE0': '0.0009015', 'PROCESSING_TIME_SERVICE1': '0.00072442', 'PROCESSING_TIME_SERVICE2': '0.00065242', 'SLOWPOKE_DELAY_MICROS_SERVICE0': '38.0', 'SLOWPOKE_POKER_BATCH_THRESHOLD_SERVICE0': '3799990', 'SLOWPOKE_DELAY_MICROS_SERVICE1': '0.0', 'SLOWPOKE_POKER_BATCH_THRESHOLD_SERVICE1': '10', 'SLOWPOKE_DELAY_MICROS_SERVICE2': '38.0', 'SLOWPOKE_POKER_BATCH_THRESHOLD_SERVICE2': '3799990'}
    [exp] Executing cmd `bash run.sh synthetic chain-d2-http-sync 8 512 40000`:
        [run.sh] Running benchmark synthetic with request chain-d2-http-sync, thread 8, conn 512, duration 60
        [run.sh] Deleting all services
        configmap "config-service0" deleted
        deployment.apps "service0" deleted
        service "service0" deleted
        configmap "config-service1" deleted
        deployment.apps "service1" deleted
        service "service1" deleted
        configmap "config-service2" deleted
        deployment.apps "service2" deleted
        service "service2" deleted
        deployment.apps "ubuntu-client" deleted
        [run.sh] Waiting for all pods to be deleted
        [run.sh] Deploying all services
        configmap/config-service0 created
        deployment.apps/service0 created
        service/service0 created
        configmap/config-service1 created
        deployment.apps/service1 created
        service/service1 created
        configmap/config-service2 created
        deployment.apps/service2 created
        service/service2 created
        [run.sh] Client pod not found, deploying client
        deployment.apps/ubuntu-client created
        [run.sh] Waiting for all pods to be running
        [run.sh] All pods are running
        [run.sh] Checking heartbeat for all services
        [run.sh] All pods can connect to all services
        [run.sh] Running warmup test
        [run.sh] /wrk/wrk -t8 -c512 -d3s -L http://service0:80/endpoint1
        Running 3s test @ http://service0:80/endpoint1
        8 threads and 512 connections
        Thread Stats   Avg      Stdev     Max   +/- Stdev
        Latency   346.81ms  136.67ms   1.20s    91.26%
        Req/Sec   186.99     59.81   370.00     70.67%
        Latency Distribution
        50%  311.01ms
        75%  358.02ms
        90%  445.48ms
        99%    1.03s
        4270 requests in 3.02s, 2.09MB read
        Requests/sec:   1412.07
        Transfer/sec:    707.41KB
        [run.sh] Speed is 1412.07, duration is 56
        [run.sh] Fix the request number.
        [run.sh] Running the actual test
        [run.sh] /wrk/wrk --timeout 20s -t8 -c512 -d56s -L -s /wrk/fix_req_n.lua http://service0:80/endpoint1
        [run.sh] Checking the resource usage
        NAME                             CPU(cores)   MEMORY(bytes)
        service0-8fc47bfc6-wxdtv         1869m        50Mi
        service1-96558989f-j5xsz         1677m        17Mi
        service2-85fc66d854-hpwq6        1327m        12Mi
        ubuntu-client-76886f6bbd-nhp58   81m          14Mi
        Running 1m test @ http://service0:80/endpoint1
        8 threads and 512 connections
        Thread Stats   Avg      Stdev     Max   +/- Stdev
        Latency   317.48ms   88.74ms   1.55s    84.09%
        Req/Sec   201.81     59.92   494.00     66.82%
        Latency Distribution
        50%  300.81ms
        75%  344.54ms
        90%  409.37ms
        99%  663.49ms
        40000 requests in 0.93m, 19.57MB read
        Requests/sec:    714.28
        Transfer/sec:    357.90KB
        ------------------------------
        stop time: 24.585570
        stop time: 24.878577
        stop time: 24.724146
        stop time: 25.003185
        stop time: 25.063862
        stop time: 25.169034
        stop time: 25.141944
        stop time: 25.036322
        [run.sh] Test finished with status 0
        > STDERR
        > No resources found in default namespace.
    [exp] Times: [24.58557, 24.878577, 24.724146, 25.003185, 25.063862, 25.169034, 25.141944, 25.036322]
    [exp] Throughput: 1603.1852083719934
[test.py] Baseline throughput:  1683.633855136713
[test.py] Groundtruth:  [1691.6234070544049, 1688.2328387940124, 1686.7197438716069, 1688.3228898955376, 1687.6545852045645, 1687.486328064871, 1690.9486094349363, 1700.947762777958, 1692.2425596814421, 1671.199132798058]
[test.py] Slowdown:  [1077.8240824102136, 1111.7628164373589, 1165.8354727294707, 1210.9853262334675, 1272.134130069879, 1323.137560562952, 1383.0125083584198, 1464.4548815431963, 1521.4070192718243, 1603.1852083719934]
[test.py] Predicted:  [1768.0802407413628, 1744.4017799505075, 1761.9780326600137, 1749.5858456930453, 1760.9644608646063, 1743.4684400966114, 1733.5551424361227, 1746.3041287633855, 1715.0413921488341, 1707.8011931553035]
[test.py] Error percentage:  [4.519731363855439, 3.3270849770117787, 4.461813473272268, 3.628627922073495, 4.3438910013186005, 3.317485368662986, 2.519682311068232, 2.6665349152964217, 1.3472555891564264, 2.1901675054105274]
[test.py] ++++++++++++++++++++++++++++++++ Summary: 
[test.py] Result for the experiment 0: 
    Baseline throughput: 1683.633855136713
    Groundtruth: [1691.6234070544049, 1688.2328387940124, 1686.7197438716069, 1688.3228898955376, 1687.6545852045645, 1687.486328064871, 1690.9486094349363, 1700.947762777958, 1692.2425596814421, 1671.199132798058]
    Slowdown:    [1077.8240824102136, 1111.7628164373589, 1165.8354727294707, 1210.9853262334675, 1272.134130069879, 1323.137560562952, 1383.0125083584198, 1464.4548815431963, 1521.4070192718243, 1603.1852083719934]
    Predicted:   [1768.0802407413628, 1744.4017799505075, 1761.9780326600137, 1749.5858456930453, 1760.9644608646063, 1743.4684400966114, 1733.5551424361227, 1746.3041287633855, 1715.0413921488341, 1707.8011931553035]
    Error Perc:  [4.519731363855439, 3.3270849770117787, 4.461813473272268, 3.628627922073495, 4.3438910013186005, 3.317485368662986, 2.519682311068232, 2.6665349152964217, 1.3472555891564264, 2.1901675054105274]
