[config.py] Random numbers for execution time: [328.9465052257479, 499.38047625351794, 540.8366431644105, 628.9070707676815, 933.235357351573]
benchmark                        : synthetic
num_threads                      : 8
num_conns                        : 512
target_service                   : service2
request_type                     : dag-cross-grpc-async
repetitions                      : 5
target_num_exp                   : 10
pre_run                          : False
num_req                          : 20000
groundtruths                     : []
slowdowns                        : []
predicteds                       : []
errs                             : []
poker_batch_req                  : 100
client_cpu_quota                 : 2
random_seed                      : 16181
request_ratio                    : {'service0': 1, 'service1': 1, 'service2': 2, 'service3': 1, 'service4': 4}
baseline_service_processing_time : {'service0': 3732.94, 'service1': 2515.63, 'service2': 1081.67, 'service3': 1997.52, 'service4': 328.95}
cpu_quota                        : {'service0': 2, 'service1': 2, 'service2': 2, 'service3': 2, 'service4': 2}
target_processing_time_range     : [0, 1081.67]
baseline_throughputs             : []
poker_batch                      : 20000000
[test.py] Starting experiment...
[test.py] >>>>>>>>>>>>>>>>>>>>>>>>>>>>> Running experiment 0...
[test.py] Actual processing time range: [0, 108, 216, 324, 432, 540, 648, 756, 864, 972]
[test.py] Running baseline experiment
    [exp] Running (pre_run: False) workload synthetic/dag-cross-grpc-async request with the following configuration: {'CLIENT_CPU_QUOTA': '2', 'SLOWPOKE_POKER_BATCH_THRESHOLD': '20000000', 'PROCESSING_TIME_SERVICE0': '0.00373294', 'PROCESSING_TIME_SERVICE1': '0.00251563', 'PROCESSING_TIME_SERVICE2': '0.00108167', 'PROCESSING_TIME_SERVICE3': '0.00199752', 'PROCESSING_TIME_SERVICE4': '0.00032895', 'SLOWPOKE_DELAY_MICROS_SERVICE0': '0.0', 'SLOWPOKE_POKER_BATCH_THRESHOLD_SERVICE0': '100', 'SLOWPOKE_IS_TARGET_SERVICE_SERVICE0': 'false', 'SLOWPOKE_DELAY_MICROS_SERVICE1': '0.0', 'SLOWPOKE_POKER_BATCH_THRESHOLD_SERVICE1': '100', 'SLOWPOKE_IS_TARGET_SERVICE_SERVICE1': 'false', 'SLOWPOKE_DELAY_MICROS_SERVICE2': '0.0', 'SLOWPOKE_POKER_BATCH_THRESHOLD_SERVICE2': '100', 'SLOWPOKE_IS_TARGET_SERVICE_SERVICE2': 'true', 'SLOWPOKE_DELAY_MICROS_SERVICE3': '0.0', 'SLOWPOKE_POKER_BATCH_THRESHOLD_SERVICE3': '100', 'SLOWPOKE_IS_TARGET_SERVICE_SERVICE3': 'false', 'SLOWPOKE_DELAY_MICROS_SERVICE4': '0.0', 'SLOWPOKE_POKER_BATCH_THRESHOLD_SERVICE4': '100', 'SLOWPOKE_IS_TARGET_SERVICE_SERVICE4': 'false'}
    [exp] Executing cmd `bash run.sh synthetic dag-cross-grpc-async 8 512 20000`:
        [run.sh] Running benchmark synthetic with request dag-cross-grpc-async, thread 8, conn 512, duration 60
        [run.sh] Deleting all services
        configmap "config-service0" deleted
        deployment.apps "service0" deleted
        service "service0" deleted
        configmap "config-service1" deleted
        deployment.apps "service1" deleted
        service "service1" deleted
        configmap "config-service2" deleted
        deployment.apps "service2" deleted
        service "service2" deleted
        configmap "config-service3" deleted
        deployment.apps "service3" deleted
        service "service3" deleted
        configmap "config-service4" deleted
        deployment.apps "service4" deleted
        service "service4" deleted
        deployment.apps "ubuntu-client" deleted
        [run.sh] Waiting for all pods to be deleted
        [run.sh] Deploying all services
        configmap/config-service0 created
        deployment.apps/service0 created
        service/service0 created
        configmap/config-service1 created
        deployment.apps/service1 created
        service/service1 created
        configmap/config-service2 created
        deployment.apps/service2 created
        service/service2 created
        configmap/config-service3 created
        deployment.apps/service3 created
        service/service3 created
        configmap/config-service4 created
        deployment.apps/service4 created
        service/service4 created
        [run.sh] Client pod not found, deploying client
        deployment.apps/ubuntu-client created
        [run.sh] Waiting for all pods to be running
        [run.sh] All pods are running
        [run.sh] Checking heartbeat for all services
        [run.sh] Running warmup test
        [run.sh] /wrk/wrk -t8 -c512 --timeout 3s -d3s -L http://service0:80/endpoint1
        Running 3s test @ http://service0:80/endpoint1
        8 threads and 512 connections
        Thread Stats   Avg      Stdev     Max   +/- Stdev
        Latency     1.77s   669.77ms   2.60s    78.22%
        Req/Sec    95.59    140.81   535.00     87.30%
        Latency Distribution
        50%    2.15s
        75%    2.16s
        90%    2.19s
        99%    2.24s
        652 requests in 3.03s, 101.24KB read
        Requests/sec:    215.47
        Transfer/sec:     33.46KB
        [run.sh] Speed is 215.47, duration is 139
        [run.sh] Fix the request number.
        [run.sh] Running the actual test
        [run.sh] /wrk/wrk --timeout 20s -t8 -c512 -d139s -L -s /wrk/fix_req_n.lua http://service0:80/endpoint1
        [run.sh] Checking the resource usage
        NAME                             CPU(cores)   MEMORY(bytes)
        service0-6fb7cc7c7f-m2g4f        517m         81Mi
        service1-76b89695f7-zhmpp        181m         12Mi
        service2-7bdbb95446-m7lq8        0m           12Mi
        service3-766854894f-lcnkb        268m         18Mi
        service4-6fb56c9f99-t2zv8        0m           10Mi
        ubuntu-client-76886f6bbd-kcpds   8m           0Mi
        Running 2m test @ http://service0:80/endpoint1
        8 threads and 512 connections
        Thread Stats   Avg      Stdev     Max   +/- Stdev
        Latency     1.20s   438.72ms   3.09s    66.79%
        Req/Sec    74.85     82.57   500.00     85.10%
        Latency Distribution
        50%    1.14s
        75%    1.48s
        90%    1.80s
        99%    2.38s
        20000 requests in 2.32m, 3.03MB read
        Requests/sec:    143.88
        Transfer/sec:     22.34KB
        ------------------------------
        stop time: 47.802226
        stop time: 47.278407
        stop time: 46.445040
        stop time: 47.786226
        stop time: 47.882357
        stop time: 47.875622
        stop time: 47.864520
        stop time: 47.852284
        [run.sh] Test finished with status 0
        > STDERR
        > No resources found in default namespace.
    [exp] Times: [47.802226, 47.278407, 46.44504, 47.786226, 47.882357, 47.875622, 47.86452, 47.852284]
    [exp] Throughput: 420.1827625893702
[test.py] Baseline throughput: 420.1827625893702
[test.py] Running 0th optmization experiment
[test.py] Running 0th groundtruth exp
    [exp] Running (pre_run: False) workload synthetic/dag-cross-grpc-async request with the following configuration: {'CLIENT_CPU_QUOTA': '2', 'SLOWPOKE_POKER_BATCH_THRESHOLD': '20000000', 'PROCESSING_TIME_SERVICE0': '0.00373294', 'PROCESSING_TIME_SERVICE1': '0.00251563', 'PROCESSING_TIME_SERVICE2': '0.0', 'PROCESSING_TIME_SERVICE3': '0.00199752', 'PROCESSING_TIME_SERVICE4': '0.00032895', 'SLOWPOKE_DELAY_MICROS_SERVICE0': '0.0', 'SLOWPOKE_POKER_BATCH_THRESHOLD_SERVICE0': '100', 'SLOWPOKE_IS_TARGET_SERVICE_SERVICE0': 'false', 'SLOWPOKE_DELAY_MICROS_SERVICE1': '0.0', 'SLOWPOKE_POKER_BATCH_THRESHOLD_SERVICE1': '100', 'SLOWPOKE_IS_TARGET_SERVICE_SERVICE1': 'false', 'SLOWPOKE_DELAY_MICROS_SERVICE2': '0.0', 'SLOWPOKE_POKER_BATCH_THRESHOLD_SERVICE2': '100', 'SLOWPOKE_IS_TARGET_SERVICE_SERVICE2': 'true', 'SLOWPOKE_DELAY_MICROS_SERVICE3': '0.0', 'SLOWPOKE_POKER_BATCH_THRESHOLD_SERVICE3': '100', 'SLOWPOKE_IS_TARGET_SERVICE_SERVICE3': 'false', 'SLOWPOKE_DELAY_MICROS_SERVICE4': '0.0', 'SLOWPOKE_POKER_BATCH_THRESHOLD_SERVICE4': '100', 'SLOWPOKE_IS_TARGET_SERVICE_SERVICE4': 'false'}
    [exp] Executing cmd `bash run.sh synthetic dag-cross-grpc-async 8 512 20000`:
        [run.sh] Running benchmark synthetic with request dag-cross-grpc-async, thread 8, conn 512, duration 60
        [run.sh] Deleting all services
        configmap "config-service0" deleted
        deployment.apps "service0" deleted
        service "service0" deleted
        configmap "config-service1" deleted
        deployment.apps "service1" deleted
        service "service1" deleted
        configmap "config-service2" deleted
        deployment.apps "service2" deleted
        service "service2" deleted
        configmap "config-service3" deleted
        deployment.apps "service3" deleted
        service "service3" deleted
        configmap "config-service4" deleted
        deployment.apps "service4" deleted
        service "service4" deleted
        deployment.apps "ubuntu-client" deleted
        [run.sh] Waiting for all pods to be deleted
        [run.sh] Deploying all services
        configmap/config-service0 created
        deployment.apps/service0 created
        service/service0 created
        configmap/config-service1 created
        deployment.apps/service1 created
        service/service1 created
        configmap/config-service2 created
        deployment.apps/service2 created
        service/service2 created
        configmap/config-service3 created
        deployment.apps/service3 created
        service/service3 created
        configmap/config-service4 created
        deployment.apps/service4 created
        service/service4 created
        [run.sh] Client pod not found, deploying client
        deployment.apps/ubuntu-client created
        [run.sh] Waiting for all pods to be running
        [run.sh] All pods are running
        [run.sh] Checking heartbeat for all services
        [run.sh] Running warmup test
        [run.sh] /wrk/wrk -t8 -c512 --timeout 3s -d3s -L http://service0:80/endpoint1
        Running 3s test @ http://service0:80/endpoint1
        8 threads and 512 connections
        Thread Stats   Avg      Stdev     Max   +/- Stdev
        Latency     1.95s   400.22ms   2.75s    94.63%
        Req/Sec   132.41    134.27   414.00     76.47%
        Latency Distribution
        50%    2.04s
        75%    2.09s
        90%    2.13s
        99%    2.14s
        540 requests in 3.04s, 83.85KB read
        Requests/sec:    177.84
        Transfer/sec:     27.61KB
        [run.sh] Speed is 177.84, duration is 168
        [run.sh] Fix the request number.
        [run.sh] Running the actual test
        [run.sh] /wrk/wrk --timeout 20s -t8 -c512 -d168s -L -s /wrk/fix_req_n.lua http://service0:80/endpoint1
        [run.sh] Checking the resource usage
        Running 3m test @ http://service0:80/endpoint1
        8 threads and 512 connections
        Thread Stats   Avg      Stdev     Max   +/- Stdev
        Latency     1.17s   380.87ms   3.27s    68.33%
        Req/Sec    75.45     81.93   500.00     85.04%
        Latency Distribution
        50%    1.13s
        75%    1.39s
        90%    1.69s
        99%    2.26s
        20000 requests in 2.80m, 3.03MB read
        Requests/sec:    119.05
        Transfer/sec:     18.48KB
        ------------------------------
        stop time: 45.838702
        stop time: 45.832669
        stop time: 45.818730
        stop time: 45.839526
        stop time: 46.032687
        stop time: 46.617347
        stop time: 45.856595
        stop time: 46.597416
        [run.sh] Test finished with status 0
        > STDERR
        > No resources found in default namespace.
        > error: metrics not available yet
    [exp] Times: [45.838702, 45.832669, 45.81873, 45.839526, 46.032687, 46.617347, 45.856595, 46.597416]
    [exp] Throughput: 434.27083939276855
[test.py] Running 0th slowdown exp
    [exp] Running (pre_run: False) workload synthetic/dag-cross-grpc-async request with the following configuration: {'CLIENT_CPU_QUOTA': '2', 'SLOWPOKE_POKER_BATCH_THRESHOLD': '20000000', 'PROCESSING_TIME_SERVICE0': '0.00373294', 'PROCESSING_TIME_SERVICE1': '0.00251563', 'PROCESSING_TIME_SERVICE2': '0.00108167', 'PROCESSING_TIME_SERVICE3': '0.00199752', 'PROCESSING_TIME_SERVICE4': '0.00032895', 'SLOWPOKE_DELAY_MICROS_SERVICE0': '1081.5', 'SLOWPOKE_POKER_BATCH_THRESHOLD_SERVICE0': '100', 'SLOWPOKE_IS_TARGET_SERVICE_SERVICE0': 'false', 'SLOWPOKE_DELAY_MICROS_SERVICE1': '1081.5', 'SLOWPOKE_POKER_BATCH_THRESHOLD_SERVICE1': '100', 'SLOWPOKE_IS_TARGET_SERVICE_SERVICE1': 'false', 'SLOWPOKE_DELAY_MICROS_SERVICE2': '0.0', 'SLOWPOKE_POKER_BATCH_THRESHOLD_SERVICE2': '100', 'SLOWPOKE_IS_TARGET_SERVICE_SERVICE2': 'true', 'SLOWPOKE_DELAY_MICROS_SERVICE3': '1081.5', 'SLOWPOKE_POKER_BATCH_THRESHOLD_SERVICE3': '100', 'SLOWPOKE_IS_TARGET_SERVICE_SERVICE3': 'false', 'SLOWPOKE_DELAY_MICROS_SERVICE4': '270.0', 'SLOWPOKE_POKER_BATCH_THRESHOLD_SERVICE4': '100', 'SLOWPOKE_IS_TARGET_SERVICE_SERVICE4': 'false'}
    [exp] Executing cmd `bash run.sh synthetic dag-cross-grpc-async 8 512 20000`:
        [run.sh] Running benchmark synthetic with request dag-cross-grpc-async, thread 8, conn 512, duration 60
        [run.sh] Deleting all services
        configmap "config-service0" deleted
        deployment.apps "service0" deleted
        service "service0" deleted
        configmap "config-service1" deleted
        deployment.apps "service1" deleted
        service "service1" deleted
        configmap "config-service2" deleted
        deployment.apps "service2" deleted
        service "service2" deleted
        configmap "config-service3" deleted
        deployment.apps "service3" deleted
        service "service3" deleted
        configmap "config-service4" deleted
        deployment.apps "service4" deleted
        service "service4" deleted
        deployment.apps "ubuntu-client" deleted
        [run.sh] Waiting for all pods to be deleted
        [run.sh] Deploying all services
        configmap/config-service0 created
        deployment.apps/service0 created
        service/service0 created
        configmap/config-service1 created
        deployment.apps/service1 created
        service/service1 created
        configmap/config-service2 created
        deployment.apps/service2 created
        service/service2 created
        configmap/config-service3 created
        deployment.apps/service3 created
        service/service3 created
        configmap/config-service4 created
        deployment.apps/service4 created
        service/service4 created
        [run.sh] Client pod not found, deploying client
        deployment.apps/ubuntu-client created
        [run.sh] Waiting for all pods to be running
        [run.sh] All pods are running
        [run.sh] Checking heartbeat for all services
        [run.sh] Running warmup test
        [run.sh] /wrk/wrk -t8 -c512 --timeout 3s -d3s -L http://service0:80/endpoint1
        Running 3s test @ http://service0:80/endpoint1
        8 threads and 512 connections
        Thread Stats   Avg      Stdev     Max   +/- Stdev
        Latency     1.58s   460.54ms   3.00s    74.13%
        Req/Sec    66.73     67.40   340.00     87.01%
        Latency Distribution
        50%    1.48s
        75%    1.70s
        90%    2.19s
        99%    3.00s
        758 requests in 3.02s, 117.70KB read
        Socket errors: connect 0, read 0, write 0, timeout 8
        Requests/sec:    250.96
        Transfer/sec:     38.97KB
        [run.sh] Speed is 250.96, duration is 119
        [run.sh] Fix the request number.
        [run.sh] Running the actual test
        [run.sh] /wrk/wrk --timeout 20s -t8 -c512 -d119s -L -s /wrk/fix_req_n.lua http://service0:80/endpoint1
        [run.sh] Checking the resource usage
        NAME                        CPU(cores)   MEMORY(bytes)
        service1-5dc5978fc6-mt7r2   0m           11Mi
        service3-54684d6848-62h4m   125m         14Mi
        Running 2m test @ http://service0:80/endpoint1
        8 threads and 512 connections
        Thread Stats   Avg      Stdev     Max   +/- Stdev
        Latency     1.73s   574.62ms   4.20s    71.21%
        Req/Sec    58.62     62.84   400.00     86.10%
        Latency Distribution
        50%    1.69s
        75%    2.01s
        90%    2.52s
        99%    3.45s
        20000 requests in 1.98m, 3.03MB read
        Requests/sec:    168.07
        Transfer/sec:     26.10KB
        ------------------------------
        stop time: 67.959231
        stop time: 67.959457
        stop time: 68.391157
        stop time: 68.265587
        stop time: 68.732088
        stop time: 68.859447
        stop time: 68.785661
        stop time: 68.703833
        [run.sh] Test finished with status 0
        > STDERR
        > No resources found in default namespace.
    [exp] Times: [67.959231, 67.959457, 68.391157, 68.265587, 68.732088, 68.859447, 68.785661, 68.703833]
    [exp] Throughput: 292.15395306000056
[test.py] Finished running 0th optmization experiment: groundtruth->434.27083939276855, slowdown->292.15395306000056, predicted->427.1345088026964, err->-1.6432903024413774
[test.py] Running 1th optmization experiment
[test.py] Running 1th groundtruth exp
    [exp] Running (pre_run: False) workload synthetic/dag-cross-grpc-async request with the following configuration: {'CLIENT_CPU_QUOTA': '2', 'SLOWPOKE_POKER_BATCH_THRESHOLD': '20000000', 'PROCESSING_TIME_SERVICE0': '0.00373294', 'PROCESSING_TIME_SERVICE1': '0.00251563', 'PROCESSING_TIME_SERVICE2': '0.000108', 'PROCESSING_TIME_SERVICE3': '0.00199752', 'PROCESSING_TIME_SERVICE4': '0.00032895', 'SLOWPOKE_DELAY_MICROS_SERVICE0': '0.0', 'SLOWPOKE_POKER_BATCH_THRESHOLD_SERVICE0': '100', 'SLOWPOKE_IS_TARGET_SERVICE_SERVICE0': 'false', 'SLOWPOKE_DELAY_MICROS_SERVICE1': '0.0', 'SLOWPOKE_POKER_BATCH_THRESHOLD_SERVICE1': '100', 'SLOWPOKE_IS_TARGET_SERVICE_SERVICE1': 'false', 'SLOWPOKE_DELAY_MICROS_SERVICE2': '0.0', 'SLOWPOKE_POKER_BATCH_THRESHOLD_SERVICE2': '100', 'SLOWPOKE_IS_TARGET_SERVICE_SERVICE2': 'true', 'SLOWPOKE_DELAY_MICROS_SERVICE3': '0.0', 'SLOWPOKE_POKER_BATCH_THRESHOLD_SERVICE3': '100', 'SLOWPOKE_IS_TARGET_SERVICE_SERVICE3': 'false', 'SLOWPOKE_DELAY_MICROS_SERVICE4': '0.0', 'SLOWPOKE_POKER_BATCH_THRESHOLD_SERVICE4': '100', 'SLOWPOKE_IS_TARGET_SERVICE_SERVICE4': 'false'}
    [exp] Executing cmd `bash run.sh synthetic dag-cross-grpc-async 8 512 20000`:
        [run.sh] Running benchmark synthetic with request dag-cross-grpc-async, thread 8, conn 512, duration 60
        [run.sh] Deleting all services
        configmap "config-service0" deleted
        deployment.apps "service0" deleted
        service "service0" deleted
        configmap "config-service1" deleted
        deployment.apps "service1" deleted
        service "service1" deleted
        configmap "config-service2" deleted
        deployment.apps "service2" deleted
        service "service2" deleted
        configmap "config-service3" deleted
        deployment.apps "service3" deleted
        service "service3" deleted
        configmap "config-service4" deleted
        deployment.apps "service4" deleted
        service "service4" deleted
        deployment.apps "ubuntu-client" deleted
        [run.sh] Waiting for all pods to be deleted
        [run.sh] Deploying all services
        configmap/config-service0 created
        deployment.apps/service0 created
        service/service0 created
        configmap/config-service1 created
        deployment.apps/service1 created
        service/service1 created
        configmap/config-service2 created
        deployment.apps/service2 created
        service/service2 created
        configmap/config-service3 created
        deployment.apps/service3 created
        service/service3 created
        configmap/config-service4 created
        deployment.apps/service4 created
        service/service4 created
        [run.sh] Client pod not found, deploying client
        deployment.apps/ubuntu-client created
        [run.sh] Waiting for all pods to be running
        [run.sh] All pods are running
        [run.sh] Checking heartbeat for all services
        [run.sh] Running warmup test
        [run.sh] /wrk/wrk -t8 -c512 --timeout 3s -d3s -L http://service0:80/endpoint1
        Running 3s test @ http://service0:80/endpoint1
        8 threads and 512 connections
        Thread Stats   Avg      Stdev     Max   +/- Stdev
        Latency     1.92s   493.81ms   3.00s    85.84%
        Req/Sec    61.42     67.93   252.00     79.03%
        Latency Distribution
        50%    2.03s
        75%    2.19s
        90%    2.25s
        99%    2.99s
        565 requests in 3.03s, 87.73KB read
        Requests/sec:    186.59
        Transfer/sec:     28.97KB
        [run.sh] Speed is 186.59, duration is 160
        [run.sh] Fix the request number.
        [run.sh] Running the actual test
        [run.sh] /wrk/wrk --timeout 20s -t8 -c512 -d160s -L -s /wrk/fix_req_n.lua http://service0:80/endpoint1
        [run.sh] Checking the resource usage
        NAME                             CPU(cores)   MEMORY(bytes)
        service1-76b89695f7-n6j4b        31m          24Mi
        service2-7bdbb95446-l2lht        0m           12Mi
        ubuntu-client-76886f6bbd-pgtjh   0m           2Mi
        Running 3m test @ http://service0:80/endpoint1
        8 threads and 512 connections
        Thread Stats   Avg      Stdev     Max   +/- Stdev
        Latency     1.18s   438.15ms   2.83s    66.98%
        Req/Sec    71.48     75.32   480.00     85.68%
        Latency Distribution
        50%    1.15s
        75%    1.46s
        90%    1.79s
        99%    2.34s
        20000 requests in 2.67m, 3.03MB read
        Requests/sec:    125.00
        Transfer/sec:     19.41KB
        ------------------------------
        stop time: 46.356019
        stop time: 46.232549
        stop time: 45.436413
        stop time: 46.985220
        stop time: 46.981570
        stop time: 47.119126
        stop time: 47.079087
        stop time: 46.977479
        [run.sh] Test finished with status 0
        > STDERR
        > No resources found in default namespace.
    [exp] Times: [46.356019, 46.232549, 45.436413, 46.98522, 46.98157, 47.119126, 47.079087, 46.977479]
    [exp] Throughput: 428.76192558084836
[test.py] Running 1th slowdown exp
    [exp] Running (pre_run: False) workload synthetic/dag-cross-grpc-async request with the following configuration: {'CLIENT_CPU_QUOTA': '2', 'SLOWPOKE_POKER_BATCH_THRESHOLD': '20000000', 'PROCESSING_TIME_SERVICE0': '0.00373294', 'PROCESSING_TIME_SERVICE1': '0.00251563', 'PROCESSING_TIME_SERVICE2': '0.00108167', 'PROCESSING_TIME_SERVICE3': '0.00199752', 'PROCESSING_TIME_SERVICE4': '0.00032895', 'SLOWPOKE_DELAY_MICROS_SERVICE0': '973.5', 'SLOWPOKE_POKER_BATCH_THRESHOLD_SERVICE0': '100', 'SLOWPOKE_IS_TARGET_SERVICE_SERVICE0': 'false', 'SLOWPOKE_DELAY_MICROS_SERVICE1': '973.5', 'SLOWPOKE_POKER_BATCH_THRESHOLD_SERVICE1': '100', 'SLOWPOKE_IS_TARGET_SERVICE_SERVICE1': 'false', 'SLOWPOKE_DELAY_MICROS_SERVICE2': '0.0', 'SLOWPOKE_POKER_BATCH_THRESHOLD_SERVICE2': '100', 'SLOWPOKE_IS_TARGET_SERVICE_SERVICE2': 'true', 'SLOWPOKE_DELAY_MICROS_SERVICE3': '973.5', 'SLOWPOKE_POKER_BATCH_THRESHOLD_SERVICE3': '100', 'SLOWPOKE_IS_TARGET_SERVICE_SERVICE3': 'false', 'SLOWPOKE_DELAY_MICROS_SERVICE4': '243.0', 'SLOWPOKE_POKER_BATCH_THRESHOLD_SERVICE4': '100', 'SLOWPOKE_IS_TARGET_SERVICE_SERVICE4': 'false'}
    [exp] Executing cmd `bash run.sh synthetic dag-cross-grpc-async 8 512 20000`:
        [run.sh] Running benchmark synthetic with request dag-cross-grpc-async, thread 8, conn 512, duration 60
        [run.sh] Deleting all services
        configmap "config-service0" deleted
        deployment.apps "service0" deleted
        service "service0" deleted
        configmap "config-service1" deleted
        deployment.apps "service1" deleted
        service "service1" deleted
        configmap "config-service2" deleted
        deployment.apps "service2" deleted
        service "service2" deleted
        configmap "config-service3" deleted
        deployment.apps "service3" deleted
        service "service3" deleted
        configmap "config-service4" deleted
        deployment.apps "service4" deleted
        service "service4" deleted
        deployment.apps "ubuntu-client" deleted
        [run.sh] Waiting for all pods to be deleted
        [run.sh] Deploying all services
        configmap/config-service0 created
        deployment.apps/service0 created
        service/service0 created
        configmap/config-service1 created
        deployment.apps/service1 created
        service/service1 created
        configmap/config-service2 created
        deployment.apps/service2 created
        service/service2 created
        configmap/config-service3 created
        deployment.apps/service3 created
        service/service3 created
        configmap/config-service4 created
        deployment.apps/service4 created
        service/service4 created
        [run.sh] Client pod not found, deploying client
        deployment.apps/ubuntu-client created
        [run.sh] Waiting for all pods to be running
        [run.sh] All pods are running
        [run.sh] Checking heartbeat for all services
        [run.sh] Running warmup test
        [run.sh] /wrk/wrk -t8 -c512 --timeout 3s -d3s -L http://service0:80/endpoint1
        Running 3s test @ http://service0:80/endpoint1
        8 threads and 512 connections
        Thread Stats   Avg      Stdev     Max   +/- Stdev
        Latency     2.11s   287.81ms   2.57s    97.08%
        Req/Sec    52.52     50.58   222.00     80.77%
        Latency Distribution
        50%    2.12s
        75%    2.31s
        90%    2.33s
        99%    2.35s
        308 requests in 3.02s, 47.82KB read
        Requests/sec:    101.93
        Transfer/sec:     15.83KB
        [run.sh] Speed is 101.93, duration is 200
        [run.sh] Fix the request number.
        [run.sh] Running the actual test
        [run.sh] /wrk/wrk --timeout 20s -t8 -c512 -d200s -L -s /wrk/fix_req_n.lua http://service0:80/endpoint1
        [run.sh] Checking the resource usage
        NAME                             CPU(cores)   MEMORY(bytes)
        service0-8659b648b9-nkmw5        376m         66Mi
        service1-65f46758bc-b98xc        779m         25Mi
        service2-7bdbb95446-t2b9q        465m         18Mi
        service3-f79cdb8c5-rtwnn         36m          24Mi
        service4-c48cb459b-h8fr4         322m         11Mi
        ubuntu-client-76886f6bbd-9rjzd   13m          14Mi
        Running 3m test @ http://service0:80/endpoint1
        8 threads and 512 connections
        Thread Stats   Avg      Stdev     Max   +/- Stdev
        Latency     1.67s   629.45ms   4.87s    70.19%
        Req/Sec    59.50     65.84   434.00     86.14%
        Latency Distribution
        50%    1.61s
        75%    2.04s
        90%    2.46s
        99%    3.53s
        20000 requests in 3.33m, 3.03MB read
        Requests/sec:    100.00
        Transfer/sec:     15.53KB
        ------------------------------
        stop time: 65.939174
        stop time: 65.150072
        stop time: 65.784301
        stop time: 66.780887
        stop time: 66.579915
        stop time: 66.365115
        stop time: 66.552139
        stop time: 66.259518
        [run.sh] Test finished with status 0
        > STDERR
        > No resources found in default namespace.
    [exp] Times: [65.939174, 65.150072, 65.784301, 66.780887, 66.579915, 66.365115, 66.552139, 66.259518]
    [exp] Throughput: 302.22258969131093
[test.py] Finished running 1th optmization experiment: groundtruth->428.76192558084836, slowdown->302.22258969131093, predicted->428.2381052363078, err->-0.12217044314999671
[test.py] Running 2th optmization experiment
[test.py] Running 2th groundtruth exp
    [exp] Running (pre_run: False) workload synthetic/dag-cross-grpc-async request with the following configuration: {'CLIENT_CPU_QUOTA': '2', 'SLOWPOKE_POKER_BATCH_THRESHOLD': '20000000', 'PROCESSING_TIME_SERVICE0': '0.00373294', 'PROCESSING_TIME_SERVICE1': '0.00251563', 'PROCESSING_TIME_SERVICE2': '0.000216', 'PROCESSING_TIME_SERVICE3': '0.00199752', 'PROCESSING_TIME_SERVICE4': '0.00032895', 'SLOWPOKE_DELAY_MICROS_SERVICE0': '0.0', 'SLOWPOKE_POKER_BATCH_THRESHOLD_SERVICE0': '100', 'SLOWPOKE_IS_TARGET_SERVICE_SERVICE0': 'false', 'SLOWPOKE_DELAY_MICROS_SERVICE1': '0.0', 'SLOWPOKE_POKER_BATCH_THRESHOLD_SERVICE1': '100', 'SLOWPOKE_IS_TARGET_SERVICE_SERVICE1': 'false', 'SLOWPOKE_DELAY_MICROS_SERVICE2': '0.0', 'SLOWPOKE_POKER_BATCH_THRESHOLD_SERVICE2': '100', 'SLOWPOKE_IS_TARGET_SERVICE_SERVICE2': 'true', 'SLOWPOKE_DELAY_MICROS_SERVICE3': '0.0', 'SLOWPOKE_POKER_BATCH_THRESHOLD_SERVICE3': '100', 'SLOWPOKE_IS_TARGET_SERVICE_SERVICE3': 'false', 'SLOWPOKE_DELAY_MICROS_SERVICE4': '0.0', 'SLOWPOKE_POKER_BATCH_THRESHOLD_SERVICE4': '100', 'SLOWPOKE_IS_TARGET_SERVICE_SERVICE4': 'false'}
    [exp] Executing cmd `bash run.sh synthetic dag-cross-grpc-async 8 512 20000`:
        [run.sh] Running benchmark synthetic with request dag-cross-grpc-async, thread 8, conn 512, duration 60
        [run.sh] Deleting all services
        configmap "config-service0" deleted
        deployment.apps "service0" deleted
        service "service0" deleted
        configmap "config-service1" deleted
        deployment.apps "service1" deleted
        service "service1" deleted
        configmap "config-service2" deleted
        deployment.apps "service2" deleted
        service "service2" deleted
        configmap "config-service3" deleted
        deployment.apps "service3" deleted
        service "service3" deleted
        configmap "config-service4" deleted
        deployment.apps "service4" deleted
        service "service4" deleted
        deployment.apps "ubuntu-client" deleted
        [run.sh] Waiting for all pods to be deleted
        [run.sh] Deploying all services
        configmap/config-service0 created
        deployment.apps/service0 created
        service/service0 created
        configmap/config-service1 created
        deployment.apps/service1 created
        service/service1 created
        configmap/config-service2 created
        deployment.apps/service2 created
        service/service2 created
        configmap/config-service3 created
        deployment.apps/service3 created
        service/service3 created
        configmap/config-service4 created
        deployment.apps/service4 created
        service/service4 created
        [run.sh] Client pod not found, deploying client
        deployment.apps/ubuntu-client created
        [run.sh] Waiting for all pods to be running
        [run.sh] All pods are running
        [run.sh] Checking heartbeat for all services
        [run.sh] Running warmup test
        [run.sh] /wrk/wrk -t8 -c512 --timeout 3s -d3s -L http://service0:80/endpoint1
        Running 3s test @ http://service0:80/endpoint1
        8 threads and 512 connections
        Thread Stats   Avg      Stdev     Max   +/- Stdev
        Latency     1.62s   606.02ms   2.48s    52.27%
        Req/Sec    85.88     71.50   270.00     59.42%
        Latency Distribution
        50%    1.70s
        75%    2.05s
        90%    2.32s
        99%    2.40s
        683 requests in 3.02s, 106.05KB read
        Requests/sec:    226.19
        Transfer/sec:     35.12KB
        [run.sh] Speed is 226.19, duration is 132
        [run.sh] Fix the request number.
        [run.sh] Running the actual test
        [run.sh] /wrk/wrk --timeout 20s -t8 -c512 -d132s -L -s /wrk/fix_req_n.lua http://service0:80/endpoint1
        [run.sh] Checking the resource usage
        NAME                             CPU(cores)   MEMORY(bytes)
        service0-6fb7cc7c7f-7wgj6        0m           65Mi
        service2-7bdbb95446-ns2s5        0m           10Mi
        service4-6fb56c9f99-kw94n        0m           13Mi
        ubuntu-client-76886f6bbd-v5gbn   5m           7Mi
        Running 2m test @ http://service0:80/endpoint1
        8 threads and 512 connections
        Thread Stats   Avg      Stdev     Max   +/- Stdev
        Latency     1.20s   453.96ms   3.74s    69.71%
        Req/Sec    72.79     74.81   484.00     85.00%
        Latency Distribution
        50%    1.16s
        75%    1.44s
        90%    1.82s
        99%    2.41s
        20000 requests in 2.20m, 3.03MB read
        Requests/sec:    151.51
        Transfer/sec:     23.53KB
        ------------------------------
        stop time: 46.496669
        stop time: 47.327435
        stop time: 47.809856
        stop time: 47.290217
        stop time: 47.332732
        stop time: 47.833468
        stop time: 47.908592
        stop time: 47.833486
        [run.sh] Test finished with status 0
        > STDERR
        > No resources found in default namespace.
    [exp] Times: [46.496669, 47.327435, 47.809856, 47.290217, 47.332732, 47.833468, 47.908592, 47.833486]
    [exp] Throughput: 421.23835889695107
[test.py] Running 2th slowdown exp
    [exp] Running (pre_run: False) workload synthetic/dag-cross-grpc-async request with the following configuration: {'CLIENT_CPU_QUOTA': '2', 'SLOWPOKE_POKER_BATCH_THRESHOLD': '20000000', 'PROCESSING_TIME_SERVICE0': '0.00373294', 'PROCESSING_TIME_SERVICE1': '0.00251563', 'PROCESSING_TIME_SERVICE2': '0.00108167', 'PROCESSING_TIME_SERVICE3': '0.00199752', 'PROCESSING_TIME_SERVICE4': '0.00032895', 'SLOWPOKE_DELAY_MICROS_SERVICE0': '865.5', 'SLOWPOKE_POKER_BATCH_THRESHOLD_SERVICE0': '100', 'SLOWPOKE_IS_TARGET_SERVICE_SERVICE0': 'false', 'SLOWPOKE_DELAY_MICROS_SERVICE1': '865.5', 'SLOWPOKE_POKER_BATCH_THRESHOLD_SERVICE1': '100', 'SLOWPOKE_IS_TARGET_SERVICE_SERVICE1': 'false', 'SLOWPOKE_DELAY_MICROS_SERVICE2': '0.0', 'SLOWPOKE_POKER_BATCH_THRESHOLD_SERVICE2': '100', 'SLOWPOKE_IS_TARGET_SERVICE_SERVICE2': 'true', 'SLOWPOKE_DELAY_MICROS_SERVICE3': '865.5', 'SLOWPOKE_POKER_BATCH_THRESHOLD_SERVICE3': '100', 'SLOWPOKE_IS_TARGET_SERVICE_SERVICE3': 'false', 'SLOWPOKE_DELAY_MICROS_SERVICE4': '216.0', 'SLOWPOKE_POKER_BATCH_THRESHOLD_SERVICE4': '100', 'SLOWPOKE_IS_TARGET_SERVICE_SERVICE4': 'false'}
    [exp] Executing cmd `bash run.sh synthetic dag-cross-grpc-async 8 512 20000`:
        [run.sh] Running benchmark synthetic with request dag-cross-grpc-async, thread 8, conn 512, duration 60
        [run.sh] Deleting all services
        configmap "config-service0" deleted
        deployment.apps "service0" deleted
        service "service0" deleted
        configmap "config-service1" deleted
        deployment.apps "service1" deleted
        service "service1" deleted
        configmap "config-service2" deleted
        deployment.apps "service2" deleted
        service "service2" deleted
        configmap "config-service3" deleted
        deployment.apps "service3" deleted
        service "service3" deleted
        configmap "config-service4" deleted
        deployment.apps "service4" deleted
        service "service4" deleted
        deployment.apps "ubuntu-client" deleted
        [run.sh] Waiting for all pods to be deleted
        [run.sh] Deploying all services
        configmap/config-service0 created
        deployment.apps/service0 created
        service/service0 created
        configmap/config-service1 created
        deployment.apps/service1 created
        service/service1 created
        configmap/config-service2 created
        deployment.apps/service2 created
        service/service2 created
        configmap/config-service3 created
        deployment.apps/service3 created
        service/service3 created
        configmap/config-service4 created
        deployment.apps/service4 created
        service/service4 created
        [run.sh] Client pod not found, deploying client
        deployment.apps/ubuntu-client created
        [run.sh] Waiting for all pods to be running
        [run.sh] All pods are running
        [run.sh] Checking heartbeat for all services
        [run.sh] Running warmup test
        [run.sh] /wrk/wrk -t8 -c512 --timeout 3s -d3s -L http://service0:80/endpoint1
        Running 3s test @ http://service0:80/endpoint1
        8 threads and 512 connections
        Thread Stats   Avg      Stdev     Max   +/- Stdev
        Latency     1.58s   667.57ms   2.82s    62.05%
        Req/Sec    52.80     74.46   350.00     90.44%
        Latency Distribution
        50%    1.60s
        75%    2.00s
        90%    2.71s
        99%    2.77s
        780 requests in 3.02s, 121.11KB read
        Requests/sec:    258.18
        Transfer/sec:     40.09KB
        [run.sh] Speed is 258.18, duration is 116
        [run.sh] Fix the request number.
        [run.sh] Running the actual test
        [run.sh] /wrk/wrk --timeout 20s -t8 -c512 -d116s -L -s /wrk/fix_req_n.lua http://service0:80/endpoint1
        [run.sh] Checking the resource usage
        Running 2m test @ http://service0:80/endpoint1
        8 threads and 512 connections
        Thread Stats   Avg      Stdev     Max   +/- Stdev
        Latency     1.63s   553.22ms   4.45s    70.21%
        Req/Sec    59.65     66.23   494.00     86.50%
        Latency Distribution
        50%    1.55s
        75%    1.97s
        90%    2.34s
        99%    3.23s
        20000 requests in 1.93m, 3.03MB read
        Requests/sec:    172.41
        Transfer/sec:     26.77KB
        ------------------------------
        stop time: 63.395441
        stop time: 63.303611
        stop time: 64.334836
        stop time: 64.597630
        stop time: 64.599632
        stop time: 64.570906
        stop time: 64.579035
        stop time: 64.560420
        [run.sh] Test finished with status 0
        > STDERR
        > No resources found in default namespace.
        > error: metrics not available yet
    [exp] Times: [63.395441, 63.303611, 64.334836, 64.59763, 64.599632, 64.570906, 64.579035, 64.56042]
    [exp] Throughput: 311.3194723046997
[test.py] Finished running 2th optmization experiment: groundtruth->421.23835889695107, slowdown->311.3194723046997, predicted->426.1730889055582, err->1.171481633707133
[test.py] Running 3th optmization experiment
[test.py] Running 3th groundtruth exp
    [exp] Running (pre_run: False) workload synthetic/dag-cross-grpc-async request with the following configuration: {'CLIENT_CPU_QUOTA': '2', 'SLOWPOKE_POKER_BATCH_THRESHOLD': '20000000', 'PROCESSING_TIME_SERVICE0': '0.00373294', 'PROCESSING_TIME_SERVICE1': '0.00251563', 'PROCESSING_TIME_SERVICE2': '0.000324', 'PROCESSING_TIME_SERVICE3': '0.00199752', 'PROCESSING_TIME_SERVICE4': '0.00032895', 'SLOWPOKE_DELAY_MICROS_SERVICE0': '0.0', 'SLOWPOKE_POKER_BATCH_THRESHOLD_SERVICE0': '100', 'SLOWPOKE_IS_TARGET_SERVICE_SERVICE0': 'false', 'SLOWPOKE_DELAY_MICROS_SERVICE1': '0.0', 'SLOWPOKE_POKER_BATCH_THRESHOLD_SERVICE1': '100', 'SLOWPOKE_IS_TARGET_SERVICE_SERVICE1': 'false', 'SLOWPOKE_DELAY_MICROS_SERVICE2': '0.0', 'SLOWPOKE_POKER_BATCH_THRESHOLD_SERVICE2': '100', 'SLOWPOKE_IS_TARGET_SERVICE_SERVICE2': 'true', 'SLOWPOKE_DELAY_MICROS_SERVICE3': '0.0', 'SLOWPOKE_POKER_BATCH_THRESHOLD_SERVICE3': '100', 'SLOWPOKE_IS_TARGET_SERVICE_SERVICE3': 'false', 'SLOWPOKE_DELAY_MICROS_SERVICE4': '0.0', 'SLOWPOKE_POKER_BATCH_THRESHOLD_SERVICE4': '100', 'SLOWPOKE_IS_TARGET_SERVICE_SERVICE4': 'false'}
    [exp] Executing cmd `bash run.sh synthetic dag-cross-grpc-async 8 512 20000`:
        [run.sh] Running benchmark synthetic with request dag-cross-grpc-async, thread 8, conn 512, duration 60
        [run.sh] Deleting all services
        configmap "config-service0" deleted
        deployment.apps "service0" deleted
        service "service0" deleted
        configmap "config-service1" deleted
        deployment.apps "service1" deleted
        service "service1" deleted
        configmap "config-service2" deleted
        deployment.apps "service2" deleted
        service "service2" deleted
        configmap "config-service3" deleted
        deployment.apps "service3" deleted
        service "service3" deleted
        configmap "config-service4" deleted
        deployment.apps "service4" deleted
        service "service4" deleted
        deployment.apps "ubuntu-client" deleted
        [run.sh] Waiting for all pods to be deleted
        [run.sh] Deploying all services
        configmap/config-service0 created
        deployment.apps/service0 created
        service/service0 created
        configmap/config-service1 created
        deployment.apps/service1 created
        service/service1 created
        configmap/config-service2 created
        deployment.apps/service2 created
        service/service2 created
        configmap/config-service3 created
        deployment.apps/service3 created
        service/service3 created
        configmap/config-service4 created
        deployment.apps/service4 created
        service/service4 created
        [run.sh] Client pod not found, deploying client
        deployment.apps/ubuntu-client created
        [run.sh] Waiting for all pods to be running
        [run.sh] All pods are running
        [run.sh] Checking heartbeat for all services
        [run.sh] Running warmup test
        [run.sh] /wrk/wrk -t8 -c512 --timeout 3s -d3s -L http://service0:80/endpoint1
        Running 3s test @ http://service0:80/endpoint1
        8 threads and 512 connections
        Thread Stats   Avg      Stdev     Max   +/- Stdev
        Latency     1.93s   615.55ms   2.56s    83.42%
        Req/Sec    84.88     65.89   270.00     59.62%
        Latency Distribution
        50%    1.95s
        75%    2.41s
        90%    2.50s
        99%    2.55s
        597 requests in 3.03s, 92.70KB read
        Requests/sec:    196.92
        Transfer/sec:     30.58KB
        [run.sh] Speed is 196.92, duration is 152
        [run.sh] Fix the request number.
        [run.sh] Running the actual test
        [run.sh] /wrk/wrk --timeout 20s -t8 -c512 -d152s -L -s /wrk/fix_req_n.lua http://service0:80/endpoint1
        [run.sh] Checking the resource usage
        Running 3m test @ http://service0:80/endpoint1
        8 threads and 512 connections
        Thread Stats   Avg      Stdev     Max   +/- Stdev
        Latency     1.17s   365.85ms   3.09s    69.41%
        Req/Sec    74.88     77.10   484.00     85.28%
        Latency Distribution
        50%    1.13s
        75%    1.39s
        90%    1.64s
        99%    2.16s
        20000 requests in 2.53m, 3.03MB read
        Requests/sec:    131.58
        Transfer/sec:     20.43KB
        ------------------------------
        stop time: 46.161425
        stop time: 46.054609
        stop time: 46.159440
        stop time: 46.160552
        stop time: 46.354678
        stop time: 46.357898
        stop time: 46.332013
        stop time: 46.360689
        [run.sh] Test finished with status 0
        > STDERR
        > No resources found in default namespace.
        > error: metrics not available yet
    [exp] Times: [46.161425, 46.054609, 46.15944, 46.160552, 46.354678, 46.357898, 46.332013, 46.360689]
    [exp] Throughput: 432.50104346282995
[test.py] Running 3th slowdown exp
    [exp] Running (pre_run: False) workload synthetic/dag-cross-grpc-async request with the following configuration: {'CLIENT_CPU_QUOTA': '2', 'SLOWPOKE_POKER_BATCH_THRESHOLD': '20000000', 'PROCESSING_TIME_SERVICE0': '0.00373294', 'PROCESSING_TIME_SERVICE1': '0.00251563', 'PROCESSING_TIME_SERVICE2': '0.00108167', 'PROCESSING_TIME_SERVICE3': '0.00199752', 'PROCESSING_TIME_SERVICE4': '0.00032895', 'SLOWPOKE_DELAY_MICROS_SERVICE0': '757.5', 'SLOWPOKE_POKER_BATCH_THRESHOLD_SERVICE0': '100', 'SLOWPOKE_IS_TARGET_SERVICE_SERVICE0': 'false', 'SLOWPOKE_DELAY_MICROS_SERVICE1': '757.5', 'SLOWPOKE_POKER_BATCH_THRESHOLD_SERVICE1': '100', 'SLOWPOKE_IS_TARGET_SERVICE_SERVICE1': 'false', 'SLOWPOKE_DELAY_MICROS_SERVICE2': '0.0', 'SLOWPOKE_POKER_BATCH_THRESHOLD_SERVICE2': '100', 'SLOWPOKE_IS_TARGET_SERVICE_SERVICE2': 'true', 'SLOWPOKE_DELAY_MICROS_SERVICE3': '757.5', 'SLOWPOKE_POKER_BATCH_THRESHOLD_SERVICE3': '100', 'SLOWPOKE_IS_TARGET_SERVICE_SERVICE3': 'false', 'SLOWPOKE_DELAY_MICROS_SERVICE4': '189.0', 'SLOWPOKE_POKER_BATCH_THRESHOLD_SERVICE4': '100', 'SLOWPOKE_IS_TARGET_SERVICE_SERVICE4': 'false'}
    [exp] Executing cmd `bash run.sh synthetic dag-cross-grpc-async 8 512 20000`:
        [run.sh] Running benchmark synthetic with request dag-cross-grpc-async, thread 8, conn 512, duration 60
        [run.sh] Deleting all services
        configmap "config-service0" deleted
        deployment.apps "service0" deleted
        service "service0" deleted
        configmap "config-service1" deleted
        deployment.apps "service1" deleted
        service "service1" deleted
        configmap "config-service2" deleted
        deployment.apps "service2" deleted
        service "service2" deleted
        configmap "config-service3" deleted
        deployment.apps "service3" deleted
        service "service3" deleted
        configmap "config-service4" deleted
        deployment.apps "service4" deleted
        service "service4" deleted
        deployment.apps "ubuntu-client" deleted
        [run.sh] Waiting for all pods to be deleted
        [run.sh] Deploying all services
        configmap/config-service0 created
        deployment.apps/service0 created
        service/service0 created
        configmap/config-service1 created
        deployment.apps/service1 created
        service/service1 created
        configmap/config-service2 created
        deployment.apps/service2 created
        service/service2 created
        configmap/config-service3 created
        deployment.apps/service3 created
        service/service3 created
        configmap/config-service4 created
        deployment.apps/service4 created
        service/service4 created
        [run.sh] Client pod not found, deploying client
        deployment.apps/ubuntu-client created
        [run.sh] Waiting for all pods to be running
        [run.sh] All pods are running
        [run.sh] Checking heartbeat for all services
