[config.py] Random numbers for execution time: [457.8190171971569, 510.5244189842223, 569.5877680219319, 681.5840739845216, 759.3515679562805, 826.3618367022134, 909.8265613867029, 932.441954121777, 984.287486755421, 994.5039736858845, 1033.5791531668715]
benchmark                        : synthetic
num_threads                      : 8
num_conns                        : 512
target_service                   : service0
request_type                     : fanout-w10-http-sync
repetitions                      : 1
target_num_exp                   : 10
pre_run                          : False
num_req                          : 20000
groundtruths                     : []
slowdowns                        : []
predicteds                       : []
errs                             : []
poker_batch_req                  : 100
client_cpu_quota                 : 2
random_seed                      : 29513
request_ratio                    : {'service0': 1, 'service1': 1, 'service2': 1, 'service3': 1, 'service4': 1, 'service5': 1, 'service6': 1, 'service7': 1, 'service8': 1, 'service9': 1, 'service10': 1}
baseline_service_processing_time : {'service0': 1033.58, 'service1': 994.5, 'service2': 984.29, 'service3': 932.44, 'service4': 909.83, 'service5': 826.36, 'service6': 759.35, 'service7': 681.58, 'service8': 569.59, 'service9': 510.52, 'service10': 457.82}
cpu_quota                        : {'service0': 2, 'service1': 2, 'service2': 2, 'service3': 2, 'service4': 2, 'service5': 2, 'service6': 2, 'service7': 2, 'service8': 2, 'service9': 2, 'service10': 2}
target_processing_time_range     : [0, 1033.58]
baseline_throughputs             : []
poker_batch                      : 20000000
[test.py] Starting experiment...
[test.py] >>>>>>>>>>>>>>>>>>>>>>>>>>>>> Running experiment 0...
[test.py] Actual processing time range: [0, 103, 206, 309, 412, 515, 618, 721, 824, 927]
[test.py] Running baseline experiment
    [exp] Running (pre_run: False) workload synthetic/fanout-w10-http-sync request with the following configuration: {'CLIENT_CPU_QUOTA': '2', 'SLOWPOKE_POKER_BATCH_THRESHOLD': '20000000', 'PROCESSING_TIME_SERVICE0': '0.00103358', 'PROCESSING_TIME_SERVICE1': '0.0009945', 'PROCESSING_TIME_SERVICE2': '0.00098429', 'PROCESSING_TIME_SERVICE3': '0.00093244', 'PROCESSING_TIME_SERVICE4': '0.00090983', 'PROCESSING_TIME_SERVICE5': '0.00082636', 'PROCESSING_TIME_SERVICE6': '0.00075935', 'PROCESSING_TIME_SERVICE7': '0.00068158', 'PROCESSING_TIME_SERVICE8': '0.00056959', 'PROCESSING_TIME_SERVICE9': '0.00051052', 'PROCESSING_TIME_SERVICE10': '0.00045782', 'SLOWPOKE_DELAY_MICROS_SERVICE0': '0.0', 'SLOWPOKE_POKER_BATCH_THRESHOLD_SERVICE0': '100', 'SLOWPOKE_IS_TARGET_SERVICE_SERVICE0': 'true', 'SLOWPOKE_DELAY_MICROS_SERVICE1': '0.0', 'SLOWPOKE_POKER_BATCH_THRESHOLD_SERVICE1': '100', 'SLOWPOKE_IS_TARGET_SERVICE_SERVICE1': 'false', 'SLOWPOKE_DELAY_MICROS_SERVICE2': '0.0', 'SLOWPOKE_POKER_BATCH_THRESHOLD_SERVICE2': '100', 'SLOWPOKE_IS_TARGET_SERVICE_SERVICE2': 'false', 'SLOWPOKE_DELAY_MICROS_SERVICE3': '0.0', 'SLOWPOKE_POKER_BATCH_THRESHOLD_SERVICE3': '100', 'SLOWPOKE_IS_TARGET_SERVICE_SERVICE3': 'false', 'SLOWPOKE_DELAY_MICROS_SERVICE4': '0.0', 'SLOWPOKE_POKER_BATCH_THRESHOLD_SERVICE4': '100', 'SLOWPOKE_IS_TARGET_SERVICE_SERVICE4': 'false', 'SLOWPOKE_DELAY_MICROS_SERVICE5': '0.0', 'SLOWPOKE_POKER_BATCH_THRESHOLD_SERVICE5': '100', 'SLOWPOKE_IS_TARGET_SERVICE_SERVICE5': 'false', 'SLOWPOKE_DELAY_MICROS_SERVICE6': '0.0', 'SLOWPOKE_POKER_BATCH_THRESHOLD_SERVICE6': '100', 'SLOWPOKE_IS_TARGET_SERVICE_SERVICE6': 'false', 'SLOWPOKE_DELAY_MICROS_SERVICE7': '0.0', 'SLOWPOKE_POKER_BATCH_THRESHOLD_SERVICE7': '100', 'SLOWPOKE_IS_TARGET_SERVICE_SERVICE7': 'false', 'SLOWPOKE_DELAY_MICROS_SERVICE8': '0.0', 'SLOWPOKE_POKER_BATCH_THRESHOLD_SERVICE8': '100', 'SLOWPOKE_IS_TARGET_SERVICE_SERVICE8': 'false', 'SLOWPOKE_DELAY_MICROS_SERVICE9': '0.0', 'SLOWPOKE_POKER_BATCH_THRESHOLD_SERVICE9': '100', 'SLOWPOKE_IS_TARGET_SERVICE_SERVICE9': 'false', 'SLOWPOKE_DELAY_MICROS_SERVICE10': '0.0', 'SLOWPOKE_POKER_BATCH_THRESHOLD_SERVICE10': '100', 'SLOWPOKE_IS_TARGET_SERVICE_SERVICE10': 'false'}
    [exp] Executing cmd `bash run.sh synthetic fanout-w10-http-sync 8 512 20000`:
        [run.sh] Running benchmark synthetic with request fanout-w10-http-sync, thread 8, conn 512, duration 60
        [run.sh] Deleting all services
        deployment.apps "ubuntu-client" deleted
        [run.sh] Waiting for all pods to be deleted
        [run.sh] Deploying all services
        configmap/config-service0 created
        deployment.apps/service0 created
        service/service0 created
        configmap/config-service1 created
        deployment.apps/service1 created
        service/service1 created
        configmap/config-service10 created
        deployment.apps/service10 created
        service/service10 created
        configmap/config-service2 created
        deployment.apps/service2 created
        service/service2 created
        configmap/config-service3 created
        deployment.apps/service3 created
        service/service3 created
        configmap/config-service4 created
        deployment.apps/service4 created
        service/service4 created
        configmap/config-service5 created
        deployment.apps/service5 created
        service/service5 created
        configmap/config-service6 created
        deployment.apps/service6 created
        service/service6 created
        configmap/config-service7 created
        deployment.apps/service7 created
        service/service7 created
        configmap/config-service8 created
        deployment.apps/service8 created
        service/service8 created
        configmap/config-service9 created
        deployment.apps/service9 created
        service/service9 created
        [run.sh] Client pod not found, deploying client
        deployment.apps/ubuntu-client created
        [run.sh] Waiting for all pods to be running
        [run.sh] All pods are running
        [run.sh] Checking heartbeat for all services
        [run.sh] All pods can connect to all services
        [run.sh] Running warmup test
        [run.sh] /wrk/wrk -t8 -c512 --timeout 3s -d3s -L http://service0:80/endpoint1
        Running 3s test @ http://service0:80/endpoint1
        8 threads and 512 connections
        Thread Stats   Avg      Stdev     Max   +/- Stdev
        Latency   972.21ms  268.09ms   1.84s    67.55%
        Req/Sec    65.45     40.89   200.00     69.02%
        Latency Distribution
        50%  923.68ms
        75%    1.19s
        90%    1.33s
        99%    1.64s
        1279 requests in 3.04s, 2.07MB read
        Requests/sec:    421.38
        Transfer/sec:    699.97KB
        [run.sh] Speed is 421.38, duration is 71
        [run.sh] Fix the request number.
        [run.sh] Running the actual test
        [run.sh] /wrk/wrk --timeout 20s -t8 -c512 -d71s -L -s /wrk/fix_req_n.lua http://service0:80/endpoint1
        [run.sh] Checking the resource usage
        NAME                             CPU(cores)   MEMORY(bytes)
        service0-894dd795b-z5zgn         1795m        65Mi
        service1-7d944647c5-rsg7v        933m         10Mi
        service10-56557f757f-rnzs6       481m         10Mi
        service2-8594bdb7d9-q8d25        929m         10Mi
        service3-d458cc7f-qbtdq          841m         11Mi
        service4-864bd87969-p5kq9        753m         10Mi
        service5-77c87579f9-9nmvm        762m         9Mi
        service6-cb68cb65c-whbmw         703m         9Mi
        service7-7997875fdc-dkzfb        640m         9Mi
        service8-f9fc48d65-l9jzf         560m         9Mi
        service9-5d744fcb4d-m7xnj        525m         9Mi
        ubuntu-client-76886f6bbd-c7rw9   34m          17Mi
        Running 1m test @ http://service0:80/endpoint1
        8 threads and 512 connections
        Thread Stats   Avg      Stdev     Max   +/- Stdev
        Latency   797.38ms  224.54ms   1.82s    72.14%
        Req/Sec    80.99     39.09   250.00     64.69%
        Latency Distribution
        50%  774.67ms
        75%  927.56ms
        90%    1.13s
        99%    1.42s
        20000 requests in 1.18m, 32.44MB read
        Requests/sec:    281.69
        Transfer/sec:    467.92KB
        ------------------------------
        stop time: 31.600585
        stop time: 31.537574
        stop time: 31.489763
        stop time: 31.419930
        stop time: 31.487104
        stop time: 31.578273
        stop time: 31.598344
        stop time: 31.621880
        [run.sh] Test finished with status 0
        > STDERR
        > No resources found in default namespace.
    [exp] Times: [31.600585, 31.537574, 31.489763, 31.41993, 31.487104, 31.578273, 31.598344, 31.62188]
    [exp] Throughput: 634.08160153858
[test.py] Baseline throughput: 634.08160153858
[test.py] Running 0th optmization experiment
[test.py] Running 0th groundtruth exp
    [exp] Running (pre_run: False) workload synthetic/fanout-w10-http-sync request with the following configuration: {'CLIENT_CPU_QUOTA': '2', 'SLOWPOKE_POKER_BATCH_THRESHOLD': '20000000', 'PROCESSING_TIME_SERVICE0': '0.0', 'PROCESSING_TIME_SERVICE1': '0.0009945', 'PROCESSING_TIME_SERVICE2': '0.00098429', 'PROCESSING_TIME_SERVICE3': '0.00093244', 'PROCESSING_TIME_SERVICE4': '0.00090983', 'PROCESSING_TIME_SERVICE5': '0.00082636', 'PROCESSING_TIME_SERVICE6': '0.00075935', 'PROCESSING_TIME_SERVICE7': '0.00068158', 'PROCESSING_TIME_SERVICE8': '0.00056959', 'PROCESSING_TIME_SERVICE9': '0.00051052', 'PROCESSING_TIME_SERVICE10': '0.00045782', 'SLOWPOKE_DELAY_MICROS_SERVICE0': '0.0', 'SLOWPOKE_POKER_BATCH_THRESHOLD_SERVICE0': '100', 'SLOWPOKE_IS_TARGET_SERVICE_SERVICE0': 'true', 'SLOWPOKE_DELAY_MICROS_SERVICE1': '0.0', 'SLOWPOKE_POKER_BATCH_THRESHOLD_SERVICE1': '100', 'SLOWPOKE_IS_TARGET_SERVICE_SERVICE1': 'false', 'SLOWPOKE_DELAY_MICROS_SERVICE2': '0.0', 'SLOWPOKE_POKER_BATCH_THRESHOLD_SERVICE2': '100', 'SLOWPOKE_IS_TARGET_SERVICE_SERVICE2': 'false', 'SLOWPOKE_DELAY_MICROS_SERVICE3': '0.0', 'SLOWPOKE_POKER_BATCH_THRESHOLD_SERVICE3': '100', 'SLOWPOKE_IS_TARGET_SERVICE_SERVICE3': 'false', 'SLOWPOKE_DELAY_MICROS_SERVICE4': '0.0', 'SLOWPOKE_POKER_BATCH_THRESHOLD_SERVICE4': '100', 'SLOWPOKE_IS_TARGET_SERVICE_SERVICE4': 'false', 'SLOWPOKE_DELAY_MICROS_SERVICE5': '0.0', 'SLOWPOKE_POKER_BATCH_THRESHOLD_SERVICE5': '100', 'SLOWPOKE_IS_TARGET_SERVICE_SERVICE5': 'false', 'SLOWPOKE_DELAY_MICROS_SERVICE6': '0.0', 'SLOWPOKE_POKER_BATCH_THRESHOLD_SERVICE6': '100', 'SLOWPOKE_IS_TARGET_SERVICE_SERVICE6': 'false', 'SLOWPOKE_DELAY_MICROS_SERVICE7': '0.0', 'SLOWPOKE_POKER_BATCH_THRESHOLD_SERVICE7': '100', 'SLOWPOKE_IS_TARGET_SERVICE_SERVICE7': 'false', 'SLOWPOKE_DELAY_MICROS_SERVICE8': '0.0', 'SLOWPOKE_POKER_BATCH_THRESHOLD_SERVICE8': '100', 'SLOWPOKE_IS_TARGET_SERVICE_SERVICE8': 'false', 'SLOWPOKE_DELAY_MICROS_SERVICE9': '0.0', 'SLOWPOKE_POKER_BATCH_THRESHOLD_SERVICE9': '100', 'SLOWPOKE_IS_TARGET_SERVICE_SERVICE9': 'false', 'SLOWPOKE_DELAY_MICROS_SERVICE10': '0.0', 'SLOWPOKE_POKER_BATCH_THRESHOLD_SERVICE10': '100', 'SLOWPOKE_IS_TARGET_SERVICE_SERVICE10': 'false'}
    [exp] Executing cmd `bash run.sh synthetic fanout-w10-http-sync 8 512 20000`:
        [run.sh] Running benchmark synthetic with request fanout-w10-http-sync, thread 8, conn 512, duration 60
        [run.sh] Deleting all services
        configmap "config-service0" deleted
        deployment.apps "service0" deleted
        service "service0" deleted
        configmap "config-service1" deleted
        deployment.apps "service1" deleted
        service "service1" deleted
        configmap "config-service10" deleted
        deployment.apps "service10" deleted
        service "service10" deleted
        configmap "config-service2" deleted
        deployment.apps "service2" deleted
        service "service2" deleted
        configmap "config-service3" deleted
        deployment.apps "service3" deleted
        service "service3" deleted
        configmap "config-service4" deleted
        deployment.apps "service4" deleted
        service "service4" deleted
        configmap "config-service5" deleted
        deployment.apps "service5" deleted
        service "service5" deleted
        configmap "config-service6" deleted
        deployment.apps "service6" deleted
        service "service6" deleted
        configmap "config-service7" deleted
        deployment.apps "service7" deleted
        service "service7" deleted
        configmap "config-service8" deleted
        deployment.apps "service8" deleted
        service "service8" deleted
        configmap "config-service9" deleted
        deployment.apps "service9" deleted
        service "service9" deleted
        deployment.apps "ubuntu-client" deleted
        [run.sh] Waiting for all pods to be deleted
        [run.sh] Deploying all services
        configmap/config-service0 created
        deployment.apps/service0 created
        service/service0 created
        configmap/config-service1 created
        deployment.apps/service1 created
        service/service1 created
        configmap/config-service10 created
        deployment.apps/service10 created
        service/service10 created
        configmap/config-service2 created
        deployment.apps/service2 created
        service/service2 created
        configmap/config-service3 created
        deployment.apps/service3 created
        service/service3 created
        configmap/config-service4 created
        deployment.apps/service4 created
        service/service4 created
        configmap/config-service5 created
        deployment.apps/service5 created
        service/service5 created
        configmap/config-service6 created
        deployment.apps/service6 created
        service/service6 created
        configmap/config-service7 created
        deployment.apps/service7 created
        service/service7 created
        configmap/config-service8 created
        deployment.apps/service8 created
        service/service8 created
        configmap/config-service9 created
        deployment.apps/service9 created
        service/service9 created
        [run.sh] Client pod not found, deploying client
        deployment.apps/ubuntu-client created
        [run.sh] Waiting for all pods to be running
        [run.sh] All pods are running
        [run.sh] Checking heartbeat for all services
        [run.sh] All pods can connect to all services
        [run.sh] Running warmup test
        [run.sh] /wrk/wrk -t8 -c512 --timeout 3s -d3s -L http://service0:80/endpoint1
        Running 3s test @ http://service0:80/endpoint1
        8 threads and 512 connections
        Thread Stats   Avg      Stdev     Max   +/- Stdev
        Latency   664.91ms  175.01ms   1.25s    67.03%
        Req/Sec    93.16     56.03   222.00     62.15%
        Latency Distribution
        50%  664.20ms
        75%  783.43ms
        90%  896.91ms
        99%    1.09s
        2023 requests in 3.02s, 3.28MB read
        Requests/sec:    669.83
        Transfer/sec:      1.09MB
        [run.sh] Speed is 669.83, duration is 44
        [run.sh] Fix the request number.
        [run.sh] Running the actual test
        [run.sh] /wrk/wrk --timeout 20s -t8 -c512 -d44s -L -s /wrk/fix_req_n.lua http://service0:80/endpoint1
        [run.sh] Checking the resource usage
        NAME                             CPU(cores)   MEMORY(bytes)
        service0-894dd795b-956w4         618m         66Mi
        service1-7d944647c5-sjpvd        241m         13Mi
        service10-56557f757f-trz48       96m          11Mi
        service2-8594bdb7d9-vjrzw        233m         12Mi
        service3-d458cc7f-wk9g9          188m         12Mi
        service4-864bd87969-7tdqv        279m         13Mi
        service5-77c87579f9-89g2l        214m         12Mi
        service6-cb68cb65c-9jkzd         208m         12Mi
        service7-7997875fdc-q465l        211m         12Mi
        service8-f9fc48d65-hxnxn         166m         12Mi
        service9-5d744fcb4d-mg5xz        90m          10Mi
        ubuntu-client-76886f6bbd-nbmc7   16m          14Mi
        Running 44s test @ http://service0:80/endpoint1
        8 threads and 512 connections
        Thread Stats   Avg      Stdev     Max   +/- Stdev
        Latency   907.92ms    1.02s    5.40s    89.90%
        Req/Sec   117.29     63.76   404.00     68.32%
        Latency Distribution
        50%  551.46ms
        75%  812.82ms
        90%    1.94s
        99%    5.18s
        20000 requests in 44.00s, 32.44MB read
        Requests/sec:    454.54
        Transfer/sec:    755.06KB
        ------------------------------
        stop time: 28.509595
        stop time: 28.596017
        stop time: 28.542173
        stop time: 28.674797
        stop time: 28.672022
        stop time: 28.729935
        stop time: 28.687075
        stop time: 28.744822
        [run.sh] Test finished with status 0
        > STDERR
        > No resources found in default namespace.
    [exp] Times: [28.509595, 28.596017, 28.542173, 28.674797, 28.672022, 28.729935, 28.687075, 28.744822]
    [exp] Throughput: 698.2129884407873
[test.py] Running 0th slowdown exp
    [exp] Running (pre_run: False) workload synthetic/fanout-w10-http-sync request with the following configuration: {'CLIENT_CPU_QUOTA': '2', 'SLOWPOKE_POKER_BATCH_THRESHOLD': '20000000', 'PROCESSING_TIME_SERVICE0': '0.00103358', 'PROCESSING_TIME_SERVICE1': '0.0009945', 'PROCESSING_TIME_SERVICE2': '0.00098429', 'PROCESSING_TIME_SERVICE3': '0.00093244', 'PROCESSING_TIME_SERVICE4': '0.00090983', 'PROCESSING_TIME_SERVICE5': '0.00082636', 'PROCESSING_TIME_SERVICE6': '0.00075935', 'PROCESSING_TIME_SERVICE7': '0.00068158', 'PROCESSING_TIME_SERVICE8': '0.00056959', 'PROCESSING_TIME_SERVICE9': '0.00051052', 'PROCESSING_TIME_SERVICE10': '0.00045782', 'SLOWPOKE_DELAY_MICROS_SERVICE0': '0.0', 'SLOWPOKE_POKER_BATCH_THRESHOLD_SERVICE0': '100', 'SLOWPOKE_IS_TARGET_SERVICE_SERVICE0': 'true', 'SLOWPOKE_DELAY_MICROS_SERVICE1': '516.5', 'SLOWPOKE_POKER_BATCH_THRESHOLD_SERVICE1': '100', 'SLOWPOKE_IS_TARGET_SERVICE_SERVICE1': 'false', 'SLOWPOKE_DELAY_MICROS_SERVICE2': '516.5', 'SLOWPOKE_POKER_BATCH_THRESHOLD_SERVICE2': '100', 'SLOWPOKE_IS_TARGET_SERVICE_SERVICE2': 'false', 'SLOWPOKE_DELAY_MICROS_SERVICE3': '516.5', 'SLOWPOKE_POKER_BATCH_THRESHOLD_SERVICE3': '100', 'SLOWPOKE_IS_TARGET_SERVICE_SERVICE3': 'false', 'SLOWPOKE_DELAY_MICROS_SERVICE4': '516.5', 'SLOWPOKE_POKER_BATCH_THRESHOLD_SERVICE4': '100', 'SLOWPOKE_IS_TARGET_SERVICE_SERVICE4': 'false', 'SLOWPOKE_DELAY_MICROS_SERVICE5': '516.5', 'SLOWPOKE_POKER_BATCH_THRESHOLD_SERVICE5': '100', 'SLOWPOKE_IS_TARGET_SERVICE_SERVICE5': 'false', 'SLOWPOKE_DELAY_MICROS_SERVICE6': '516.5', 'SLOWPOKE_POKER_BATCH_THRESHOLD_SERVICE6': '100', 'SLOWPOKE_IS_TARGET_SERVICE_SERVICE6': 'false', 'SLOWPOKE_DELAY_MICROS_SERVICE7': '516.5', 'SLOWPOKE_POKER_BATCH_THRESHOLD_SERVICE7': '100', 'SLOWPOKE_IS_TARGET_SERVICE_SERVICE7': 'false', 'SLOWPOKE_DELAY_MICROS_SERVICE8': '516.5', 'SLOWPOKE_POKER_BATCH_THRESHOLD_SERVICE8': '100', 'SLOWPOKE_IS_TARGET_SERVICE_SERVICE8': 'false', 'SLOWPOKE_DELAY_MICROS_SERVICE9': '516.5', 'SLOWPOKE_POKER_BATCH_THRESHOLD_SERVICE9': '100', 'SLOWPOKE_IS_TARGET_SERVICE_SERVICE9': 'false', 'SLOWPOKE_DELAY_MICROS_SERVICE10': '516.5', 'SLOWPOKE_POKER_BATCH_THRESHOLD_SERVICE10': '100', 'SLOWPOKE_IS_TARGET_SERVICE_SERVICE10': 'false'}
    [exp] Executing cmd `bash run.sh synthetic fanout-w10-http-sync 8 512 20000`:
        [run.sh] Running benchmark synthetic with request fanout-w10-http-sync, thread 8, conn 512, duration 60
        [run.sh] Deleting all services
        configmap "config-service0" deleted
        deployment.apps "service0" deleted
        service "service0" deleted
        configmap "config-service1" deleted
        deployment.apps "service1" deleted
        service "service1" deleted
        configmap "config-service10" deleted
        deployment.apps "service10" deleted
        service "service10" deleted
        configmap "config-service2" deleted
        deployment.apps "service2" deleted
        service "service2" deleted
        configmap "config-service3" deleted
        deployment.apps "service3" deleted
        service "service3" deleted
        configmap "config-service4" deleted
        deployment.apps "service4" deleted
        service "service4" deleted
        configmap "config-service5" deleted
        deployment.apps "service5" deleted
        service "service5" deleted
        configmap "config-service6" deleted
        deployment.apps "service6" deleted
        service "service6" deleted
        configmap "config-service7" deleted
        deployment.apps "service7" deleted
        service "service7" deleted
        configmap "config-service8" deleted
        deployment.apps "service8" deleted
        service "service8" deleted
        configmap "config-service9" deleted
        deployment.apps "service9" deleted
        service "service9" deleted
        deployment.apps "ubuntu-client" deleted
        [run.sh] Waiting for all pods to be deleted
        [run.sh] Deploying all services
        configmap/config-service0 created
        deployment.apps/service0 created
        service/service0 created
        configmap/config-service1 created
        deployment.apps/service1 created
        service/service1 created
        configmap/config-service10 created
        deployment.apps/service10 created
        service/service10 created
        configmap/config-service2 created
        deployment.apps/service2 created
        service/service2 created
        configmap/config-service3 created
        deployment.apps/service3 created
        service/service3 created
        configmap/config-service4 created
        deployment.apps/service4 created
        service/service4 created
        configmap/config-service5 created
        deployment.apps/service5 created
        service/service5 created
        configmap/config-service6 created
        deployment.apps/service6 created
        service/service6 created
        configmap/config-service7 created
        deployment.apps/service7 created
        service/service7 created
        configmap/config-service8 created
        deployment.apps/service8 created
        service/service8 created
        configmap/config-service9 created
        deployment.apps/service9 created
        service/service9 created
        [run.sh] Client pod not found, deploying client
        deployment.apps/ubuntu-client created
        [run.sh] Waiting for all pods to be running
        [run.sh] All pods are running
        [run.sh] Checking heartbeat for all services
        [run.sh] All pods can connect to all services
        [run.sh] Running warmup test
        [run.sh] /wrk/wrk -t8 -c512 --timeout 3s -d3s -L http://service0:80/endpoint1
        Running 3s test @ http://service0:80/endpoint1
        8 threads and 512 connections
        Thread Stats   Avg      Stdev     Max   +/- Stdev
        Latency     0.00us    0.00us   0.00us    -nan%
        Req/Sec     0.00      0.00     0.00      -nan%
        Latency Distribution
        50%    0.00us
        75%    0.00us
        90%    0.00us
        99%    0.00us
        0 requests in 3.03s, 0.00B read
        Requests/sec:      0.00
        Transfer/sec:       0.00B
        [run.sh] Speed is 0.00, duration is
        [run.sh] Fix the request number.
        [run.sh] Running the actual test
        [run.sh] /wrk/wrk --timeout 20s -t8 -c512 -ds -L -s /wrk/fix_req_n.lua http://service0:80/endpoint1
        Usage: wrk <options> <url>
        Options:
        -c, --connections <N>  Connections to keep open
        -d, --duration    <T>  Duration of test
        -t, --threads     <N>  Number of threads to use
        
        -s, --script      <S>  Load Lua script file
        -H, --header      <H>  Add header to request
        --latency          Print latency statistics
        --timeout     <T>  Socket/request timeout
        -v, --version          Print version details
        
        Numeric arguments may include a SI unit (1k, 1M, 1G)
        Time arguments may include a time unit (2s, 2m, 2h)
        [run.sh] Checking the resource usage
        NAME                             CPU(cores)   MEMORY(bytes)
        service0-894dd795b-9csr6         73m          27Mi
        service1-77457588b8-v66tj        1m           10Mi
        service10-fcbfb778d-twbmc        1m           3Mi
        service2-6df6bcb5cd-bpgfh        1m           8Mi
        service3-79f7dd9fc6-k6q7r        1m           3Mi
        service4-8574f75766-6sspb        1m           3Mi
        service5-7c5955864d-f8tnr        1m           3Mi
        service6-65d65b9bf4-mdkw6        1m           3Mi
        service7-c4db49f5b-cj6ld         1m           3Mi
        service8-66fbd646c8-d6jl6        1m           3Mi
        service9-79b5989dbf-6lglp        1m           3Mi
        ubuntu-client-76886f6bbd-rszwf   7m           0Mi
        [run.sh] Test finished with status 1
        > STDERR
        > No resources found in default namespace.
        > Runtime error (func=(main), adr=19): Divide by zero
        > command terminated with exit code 1
    [exp] Error running bash run.sh synthetic fanout-w10-http-sync 8 512 20000
[test.py] Found 0 throughput, rerun experiment
    [exp] Running (pre_run: False) workload synthetic/fanout-w10-http-sync request with the following configuration: {'CLIENT_CPU_QUOTA': '2', 'SLOWPOKE_POKER_BATCH_THRESHOLD': '20000000', 'PROCESSING_TIME_SERVICE0': '0.00103358', 'PROCESSING_TIME_SERVICE1': '0.0009945', 'PROCESSING_TIME_SERVICE2': '0.00098429', 'PROCESSING_TIME_SERVICE3': '0.00093244', 'PROCESSING_TIME_SERVICE4': '0.00090983', 'PROCESSING_TIME_SERVICE5': '0.00082636', 'PROCESSING_TIME_SERVICE6': '0.00075935', 'PROCESSING_TIME_SERVICE7': '0.00068158', 'PROCESSING_TIME_SERVICE8': '0.00056959', 'PROCESSING_TIME_SERVICE9': '0.00051052', 'PROCESSING_TIME_SERVICE10': '0.00045782', 'SLOWPOKE_DELAY_MICROS_SERVICE0': '0.0', 'SLOWPOKE_POKER_BATCH_THRESHOLD_SERVICE0': '100', 'SLOWPOKE_IS_TARGET_SERVICE_SERVICE0': 'true', 'SLOWPOKE_DELAY_MICROS_SERVICE1': '516.5', 'SLOWPOKE_POKER_BATCH_THRESHOLD_SERVICE1': '100', 'SLOWPOKE_IS_TARGET_SERVICE_SERVICE1': 'false', 'SLOWPOKE_DELAY_MICROS_SERVICE2': '516.5', 'SLOWPOKE_POKER_BATCH_THRESHOLD_SERVICE2': '100', 'SLOWPOKE_IS_TARGET_SERVICE_SERVICE2': 'false', 'SLOWPOKE_DELAY_MICROS_SERVICE3': '516.5', 'SLOWPOKE_POKER_BATCH_THRESHOLD_SERVICE3': '100', 'SLOWPOKE_IS_TARGET_SERVICE_SERVICE3': 'false', 'SLOWPOKE_DELAY_MICROS_SERVICE4': '516.5', 'SLOWPOKE_POKER_BATCH_THRESHOLD_SERVICE4': '100', 'SLOWPOKE_IS_TARGET_SERVICE_SERVICE4': 'false', 'SLOWPOKE_DELAY_MICROS_SERVICE5': '516.5', 'SLOWPOKE_POKER_BATCH_THRESHOLD_SERVICE5': '100', 'SLOWPOKE_IS_TARGET_SERVICE_SERVICE5': 'false', 'SLOWPOKE_DELAY_MICROS_SERVICE6': '516.5', 'SLOWPOKE_POKER_BATCH_THRESHOLD_SERVICE6': '100', 'SLOWPOKE_IS_TARGET_SERVICE_SERVICE6': 'false', 'SLOWPOKE_DELAY_MICROS_SERVICE7': '516.5', 'SLOWPOKE_POKER_BATCH_THRESHOLD_SERVICE7': '100', 'SLOWPOKE_IS_TARGET_SERVICE_SERVICE7': 'false', 'SLOWPOKE_DELAY_MICROS_SERVICE8': '516.5', 'SLOWPOKE_POKER_BATCH_THRESHOLD_SERVICE8': '100', 'SLOWPOKE_IS_TARGET_SERVICE_SERVICE8': 'false', 'SLOWPOKE_DELAY_MICROS_SERVICE9': '516.5', 'SLOWPOKE_POKER_BATCH_THRESHOLD_SERVICE9': '100', 'SLOWPOKE_IS_TARGET_SERVICE_SERVICE9': 'false', 'SLOWPOKE_DELAY_MICROS_SERVICE10': '516.5', 'SLOWPOKE_POKER_BATCH_THRESHOLD_SERVICE10': '100', 'SLOWPOKE_IS_TARGET_SERVICE_SERVICE10': 'false'}
    [exp] Executing cmd `bash run.sh synthetic fanout-w10-http-sync 8 512 20000`:
        [run.sh] Running benchmark synthetic with request fanout-w10-http-sync, thread 8, conn 512, duration 60
        [run.sh] Deleting all services
        configmap "config-service0" deleted
        deployment.apps "service0" deleted
        service "service0" deleted
        configmap "config-service1" deleted
        deployment.apps "service1" deleted
        service "service1" deleted
        configmap "config-service10" deleted
        deployment.apps "service10" deleted
        service "service10" deleted
        configmap "config-service2" deleted
        deployment.apps "service2" deleted
        service "service2" deleted
        configmap "config-service3" deleted
        deployment.apps "service3" deleted
        service "service3" deleted
        configmap "config-service4" deleted
        deployment.apps "service4" deleted
        service "service4" deleted
        configmap "config-service5" deleted
        deployment.apps "service5" deleted
        service "service5" deleted
        configmap "config-service6" deleted
        deployment.apps "service6" deleted
        service "service6" deleted
        configmap "config-service7" deleted
        deployment.apps "service7" deleted
        service "service7" deleted
        configmap "config-service8" deleted
        deployment.apps "service8" deleted
        service "service8" deleted
        configmap "config-service9" deleted
        deployment.apps "service9" deleted
        service "service9" deleted
        deployment.apps "ubuntu-client" deleted
        [run.sh] Waiting for all pods to be deleted
        [run.sh] Deploying all services
        configmap/config-service0 created
        deployment.apps/service0 created
        service/service0 created
        configmap/config-service1 created
        deployment.apps/service1 created
        service/service1 created
        configmap/config-service10 created
        deployment.apps/service10 created
        service/service10 created
        configmap/config-service2 created
        deployment.apps/service2 created
        service/service2 created
        configmap/config-service3 created
        deployment.apps/service3 created
        service/service3 created
        configmap/config-service4 created
        deployment.apps/service4 created
        service/service4 created
        configmap/config-service5 created
        deployment.apps/service5 created
        service/service5 created
        configmap/config-service6 created
        deployment.apps/service6 created
        service/service6 created
        configmap/config-service7 created
        deployment.apps/service7 created
        service/service7 created
        configmap/config-service8 created
        deployment.apps/service8 created
        service/service8 created
        configmap/config-service9 created
        deployment.apps/service9 created
        service/service9 created
        [run.sh] Client pod not found, deploying client
        deployment.apps/ubuntu-client created
        [run.sh] Waiting for all pods to be running
        [run.sh] All pods are running
        [run.sh] Checking heartbeat for all services
        [run.sh] All pods can connect to all services
        [run.sh] Running warmup test
        [run.sh] /wrk/wrk -t8 -c512 --timeout 3s -d3s -L http://service0:80/endpoint1
        Running 3s test @ http://service0:80/endpoint1
        8 threads and 512 connections
        Thread Stats   Avg      Stdev     Max   +/- Stdev
        Latency     1.12s   266.39ms   1.92s    67.48%
        Req/Sec    56.76     31.90   140.00     60.34%
        Latency Distribution
        50%    1.10s
        75%    1.26s
        90%    1.56s
        99%    1.81s
        1101 requests in 3.03s, 1.79MB read
        Requests/sec:    363.49
        Transfer/sec:    603.81KB
        [run.sh] Speed is 363.49, duration is 82
        [run.sh] Fix the request number.
        [run.sh] Running the actual test
        [run.sh] /wrk/wrk --timeout 20s -t8 -c512 -d82s -L -s /wrk/fix_req_n.lua http://service0:80/endpoint1
        [run.sh] Checking the resource usage
        NAME                             CPU(cores)   MEMORY(bytes)
        service0-894dd795b-5tsrn         413m         68Mi
        service1-77457588b8-c7p88        112m         13Mi
        service10-fcbfb778d-b8xsv        345m         11Mi
        service2-6df6bcb5cd-qfl6h        105m         13Mi
        service3-79f7dd9fc6-wc2mz        76m          13Mi
        service4-8574f75766-7nwpm        238m         13Mi
        service5-7c5955864d-4mwr9        93m          12Mi
        service6-65d65b9bf4-pgzlh        97m          12Mi
        service7-c4db49f5b-9rd86         93m          12Mi
        service8-66fbd646c8-bqk86        72m          12Mi
        service9-79b5989dbf-c2sz7        365m         11Mi
        ubuntu-client-76886f6bbd-xh4g5   15m          17Mi
        Running 1m test @ http://service0:80/endpoint1
        8 threads and 512 connections
        Thread Stats   Avg      Stdev     Max   +/- Stdev
        Latency     1.03s   633.65ms   8.71s    94.45%
        Req/Sec    70.80     34.01   202.00     70.27%
        Latency Distribution
        50%  860.30ms
        75%    1.02s
        90%    1.29s
        99%    4.41s
        20000 requests in 1.37m, 32.44MB read
        Requests/sec:    243.90
        Transfer/sec:    405.15KB
        ------------------------------
        stop time: 39.356953
        stop time: 39.249371
        stop time: 39.277086
        stop time: 39.276605
        stop time: 39.244098
        stop time: 39.128823
        stop time: 39.321985
        stop time: 39.160630
        [run.sh] Test finished with status 0
        > STDERR
        > No resources found in default namespace.
    [exp] Times: [39.356953, 39.249371, 39.277086, 39.276605, 39.244098, 39.128823, 39.321985, 39.16063]
    [exp] Throughput: 509.5289054649399
[test.py] Finished running 0th optmization experiment: groundtruth->698.2129884407873, slowdown->509.5289054649399, predicted->691.6551559038057, err->-0.9392309575372063
[test.py] Running 1th optmization experiment
[test.py] Running 1th groundtruth exp
    [exp] Running (pre_run: False) workload synthetic/fanout-w10-http-sync request with the following configuration: {'CLIENT_CPU_QUOTA': '2', 'SLOWPOKE_POKER_BATCH_THRESHOLD': '20000000', 'PROCESSING_TIME_SERVICE0': '0.000103', 'PROCESSING_TIME_SERVICE1': '0.0009945', 'PROCESSING_TIME_SERVICE2': '0.00098429', 'PROCESSING_TIME_SERVICE3': '0.00093244', 'PROCESSING_TIME_SERVICE4': '0.00090983', 'PROCESSING_TIME_SERVICE5': '0.00082636', 'PROCESSING_TIME_SERVICE6': '0.00075935', 'PROCESSING_TIME_SERVICE7': '0.00068158', 'PROCESSING_TIME_SERVICE8': '0.00056959', 'PROCESSING_TIME_SERVICE9': '0.00051052', 'PROCESSING_TIME_SERVICE10': '0.00045782', 'SLOWPOKE_DELAY_MICROS_SERVICE0': '0.0', 'SLOWPOKE_POKER_BATCH_THRESHOLD_SERVICE0': '100', 'SLOWPOKE_IS_TARGET_SERVICE_SERVICE0': 'true', 'SLOWPOKE_DELAY_MICROS_SERVICE1': '0.0', 'SLOWPOKE_POKER_BATCH_THRESHOLD_SERVICE1': '100', 'SLOWPOKE_IS_TARGET_SERVICE_SERVICE1': 'false', 'SLOWPOKE_DELAY_MICROS_SERVICE2': '0.0', 'SLOWPOKE_POKER_BATCH_THRESHOLD_SERVICE2': '100', 'SLOWPOKE_IS_TARGET_SERVICE_SERVICE2': 'false', 'SLOWPOKE_DELAY_MICROS_SERVICE3': '0.0', 'SLOWPOKE_POKER_BATCH_THRESHOLD_SERVICE3': '100', 'SLOWPOKE_IS_TARGET_SERVICE_SERVICE3': 'false', 'SLOWPOKE_DELAY_MICROS_SERVICE4': '0.0', 'SLOWPOKE_POKER_BATCH_THRESHOLD_SERVICE4': '100', 'SLOWPOKE_IS_TARGET_SERVICE_SERVICE4': 'false', 'SLOWPOKE_DELAY_MICROS_SERVICE5': '0.0', 'SLOWPOKE_POKER_BATCH_THRESHOLD_SERVICE5': '100', 'SLOWPOKE_IS_TARGET_SERVICE_SERVICE5': 'false', 'SLOWPOKE_DELAY_MICROS_SERVICE6': '0.0', 'SLOWPOKE_POKER_BATCH_THRESHOLD_SERVICE6': '100', 'SLOWPOKE_IS_TARGET_SERVICE_SERVICE6': 'false', 'SLOWPOKE_DELAY_MICROS_SERVICE7': '0.0', 'SLOWPOKE_POKER_BATCH_THRESHOLD_SERVICE7': '100', 'SLOWPOKE_IS_TARGET_SERVICE_SERVICE7': 'false', 'SLOWPOKE_DELAY_MICROS_SERVICE8': '0.0', 'SLOWPOKE_POKER_BATCH_THRESHOLD_SERVICE8': '100', 'SLOWPOKE_IS_TARGET_SERVICE_SERVICE8': 'false', 'SLOWPOKE_DELAY_MICROS_SERVICE9': '0.0', 'SLOWPOKE_POKER_BATCH_THRESHOLD_SERVICE9': '100', 'SLOWPOKE_IS_TARGET_SERVICE_SERVICE9': 'false', 'SLOWPOKE_DELAY_MICROS_SERVICE10': '0.0', 'SLOWPOKE_POKER_BATCH_THRESHOLD_SERVICE10': '100', 'SLOWPOKE_IS_TARGET_SERVICE_SERVICE10': 'false'}
    [exp] Executing cmd `bash run.sh synthetic fanout-w10-http-sync 8 512 20000`:
        [run.sh] Running benchmark synthetic with request fanout-w10-http-sync, thread 8, conn 512, duration 60
        [run.sh] Deleting all services
        configmap "config-service0" deleted
        deployment.apps "service0" deleted
        service "service0" deleted
        configmap "config-service1" deleted
        deployment.apps "service1" deleted
        service "service1" deleted
        configmap "config-service10" deleted
        deployment.apps "service10" deleted
        service "service10" deleted
        configmap "config-service2" deleted
        deployment.apps "service2" deleted
        service "service2" deleted
        configmap "config-service3" deleted
        deployment.apps "service3" deleted
        service "service3" deleted
        configmap "config-service4" deleted
        deployment.apps "service4" deleted
        service "service4" deleted
        configmap "config-service5" deleted
        deployment.apps "service5" deleted
        service "service5" deleted
        configmap "config-service6" deleted
        deployment.apps "service6" deleted
        service "service6" deleted
        configmap "config-service7" deleted
        deployment.apps "service7" deleted
        service "service7" deleted
        configmap "config-service8" deleted
        deployment.apps "service8" deleted
        service "service8" deleted
        configmap "config-service9" deleted
        deployment.apps "service9" deleted
        service "service9" deleted
        deployment.apps "ubuntu-client" deleted
        [run.sh] Waiting for all pods to be deleted
        [run.sh] Deploying all services
        configmap/config-service0 created
        deployment.apps/service0 created
        service/service0 created
        configmap/config-service1 created
        deployment.apps/service1 created
        service/service1 created
        configmap/config-service10 created
        deployment.apps/service10 created
        service/service10 created
        configmap/config-service2 created
        deployment.apps/service2 created
        service/service2 created
        configmap/config-service3 created
        deployment.apps/service3 created
        service/service3 created
        configmap/config-service4 created
        deployment.apps/service4 created
        service/service4 created
        configmap/config-service5 created
        deployment.apps/service5 created
        service/service5 created
        configmap/config-service6 created
        deployment.apps/service6 created
        service/service6 created
        configmap/config-service7 created
        deployment.apps/service7 created
        service/service7 created
        configmap/config-service8 created
        deployment.apps/service8 created
        service/service8 created
        configmap/config-service9 created
        deployment.apps/service9 created
        service/service9 created
        [run.sh] Client pod not found, deploying client
        deployment.apps/ubuntu-client created
        [run.sh] Waiting for all pods to be running
        [run.sh] All pods are running
        [run.sh] Checking heartbeat for all services
        [run.sh] All pods can connect to all services
        [run.sh] Running warmup test
        [run.sh] /wrk/wrk -t8 -c512 --timeout 3s -d3s -L http://service0:80/endpoint1
        Running 3s test @ http://service0:80/endpoint1
        8 threads and 512 connections
        Thread Stats   Avg      Stdev     Max   +/- Stdev
        Latency   775.39ms  202.65ms   1.36s    67.07%
        Req/Sec    82.05     43.55   212.00     70.19%
        Latency Distribution
        50%  764.48ms
        75%  924.18ms
        90%    1.03s
        99%    1.24s
        1728 requests in 3.03s, 2.80MB read
        Requests/sec:    570.98
        Transfer/sec:      0.93MB
        [run.sh] Speed is 570.98, duration is 52
        [run.sh] Fix the request number.
        [run.sh] Running the actual test
        [run.sh] /wrk/wrk --timeout 20s -t8 -c512 -d52s -L -s /wrk/fix_req_n.lua http://service0:80/endpoint1
        [run.sh] Checking the resource usage
        NAME                             CPU(cores)   MEMORY(bytes)
        service0-894dd795b-6kcjz         1223m        57Mi
        service1-7d944647c5-bzzsp        970m         11Mi
        service10-56557f757f-6v929       601m         10Mi
        service2-8594bdb7d9-vlbp4        966m         10Mi
        service3-d458cc7f-dbzdc          953m         10Mi
        service4-864bd87969-nz7z4        616m         10Mi
        service5-77c87579f9-mngpb        831m         12Mi
        service6-cb68cb65c-fqddq         765m         10Mi
        service7-7997875fdc-9nh6m        674m         10Mi
        service8-f9fc48d65-j6nfn         613m         10Mi
        service9-5d744fcb4d-9c6fh        665m         10Mi
        ubuntu-client-76886f6bbd-r4zxt   26m          15Mi
        Running 1m test @ http://service0:80/endpoint1
        8 threads and 512 connections
        Thread Stats   Avg      Stdev     Max   +/- Stdev
        Latency   534.71ms  199.68ms   1.41s    79.68%
        Req/Sec   120.81     59.45   383.00     63.39%
        Latency Distribution
        50%  429.30ms
        75%  659.74ms
        90%  843.64ms
        99%    1.14s
        20000 requests in 0.87m, 32.44MB read
        Requests/sec:    384.61
        Transfer/sec:    638.90KB
        ------------------------------
        stop time: 21.121422
        stop time: 21.066594
        stop time: 21.006995
        stop time: 21.144950
        stop time: 21.031584
        stop time: 21.133316
        stop time: 21.151350
        stop time: 21.151015
        [run.sh] Test finished with status 0
        > STDERR
        > No resources found in default namespace.
    [exp] Times: [21.121422, 21.066594, 21.006995, 21.14495, 21.031584, 21.133316, 21.15135, 21.151015]
    [exp] Throughput: 947.8267239578951
[test.py] Running 1th slowdown exp
    [exp] Running (pre_run: False) workload synthetic/fanout-w10-http-sync request with the following configuration: {'CLIENT_CPU_QUOTA': '2', 'SLOWPOKE_POKER_BATCH_THRESHOLD': '20000000', 'PROCESSING_TIME_SERVICE0': '0.00103358', 'PROCESSING_TIME_SERVICE1': '0.0009945', 'PROCESSING_TIME_SERVICE2': '0.00098429', 'PROCESSING_TIME_SERVICE3': '0.00093244', 'PROCESSING_TIME_SERVICE4': '0.00090983', 'PROCESSING_TIME_SERVICE5': '0.00082636', 'PROCESSING_TIME_SERVICE6': '0.00075935', 'PROCESSING_TIME_SERVICE7': '0.00068158', 'PROCESSING_TIME_SERVICE8': '0.00056959', 'PROCESSING_TIME_SERVICE9': '0.00051052', 'PROCESSING_TIME_SERVICE10': '0.00045782', 'SLOWPOKE_DELAY_MICROS_SERVICE0': '0.0', 'SLOWPOKE_POKER_BATCH_THRESHOLD_SERVICE0': '100', 'SLOWPOKE_IS_TARGET_SERVICE_SERVICE0': 'true', 'SLOWPOKE_DELAY_MICROS_SERVICE1': '465.0', 'SLOWPOKE_POKER_BATCH_THRESHOLD_SERVICE1': '100', 'SLOWPOKE_IS_TARGET_SERVICE_SERVICE1': 'false', 'SLOWPOKE_DELAY_MICROS_SERVICE2': '465.0', 'SLOWPOKE_POKER_BATCH_THRESHOLD_SERVICE2': '100', 'SLOWPOKE_IS_TARGET_SERVICE_SERVICE2': 'false', 'SLOWPOKE_DELAY_MICROS_SERVICE3': '465.0', 'SLOWPOKE_POKER_BATCH_THRESHOLD_SERVICE3': '100', 'SLOWPOKE_IS_TARGET_SERVICE_SERVICE3': 'false', 'SLOWPOKE_DELAY_MICROS_SERVICE4': '465.0', 'SLOWPOKE_POKER_BATCH_THRESHOLD_SERVICE4': '100', 'SLOWPOKE_IS_TARGET_SERVICE_SERVICE4': 'false', 'SLOWPOKE_DELAY_MICROS_SERVICE5': '465.0', 'SLOWPOKE_POKER_BATCH_THRESHOLD_SERVICE5': '100', 'SLOWPOKE_IS_TARGET_SERVICE_SERVICE5': 'false', 'SLOWPOKE_DELAY_MICROS_SERVICE6': '465.0', 'SLOWPOKE_POKER_BATCH_THRESHOLD_SERVICE6': '100', 'SLOWPOKE_IS_TARGET_SERVICE_SERVICE6': 'false', 'SLOWPOKE_DELAY_MICROS_SERVICE7': '465.0', 'SLOWPOKE_POKER_BATCH_THRESHOLD_SERVICE7': '100', 'SLOWPOKE_IS_TARGET_SERVICE_SERVICE7': 'false', 'SLOWPOKE_DELAY_MICROS_SERVICE8': '465.0', 'SLOWPOKE_POKER_BATCH_THRESHOLD_SERVICE8': '100', 'SLOWPOKE_IS_TARGET_SERVICE_SERVICE8': 'false', 'SLOWPOKE_DELAY_MICROS_SERVICE9': '465.0', 'SLOWPOKE_POKER_BATCH_THRESHOLD_SERVICE9': '100', 'SLOWPOKE_IS_TARGET_SERVICE_SERVICE9': 'false', 'SLOWPOKE_DELAY_MICROS_SERVICE10': '465.0', 'SLOWPOKE_POKER_BATCH_THRESHOLD_SERVICE10': '100', 'SLOWPOKE_IS_TARGET_SERVICE_SERVICE10': 'false'}
    [exp] Executing cmd `bash run.sh synthetic fanout-w10-http-sync 8 512 20000`:
        [run.sh] Running benchmark synthetic with request fanout-w10-http-sync, thread 8, conn 512, duration 60
        [run.sh] Deleting all services
        configmap "config-service0" deleted
        deployment.apps "service0" deleted
        service "service0" deleted
        configmap "config-service1" deleted
        deployment.apps "service1" deleted
        service "service1" deleted
        configmap "config-service10" deleted
        deployment.apps "service10" deleted
        service "service10" deleted
        configmap "config-service2" deleted
        deployment.apps "service2" deleted
        service "service2" deleted
        configmap "config-service3" deleted
        deployment.apps "service3" deleted
        service "service3" deleted
        configmap "config-service4" deleted
        deployment.apps "service4" deleted
        service "service4" deleted
        configmap "config-service5" deleted
        deployment.apps "service5" deleted
        service "service5" deleted
        configmap "config-service6" deleted
        deployment.apps "service6" deleted
        service "service6" deleted
        configmap "config-service7" deleted
        deployment.apps "service7" deleted
        service "service7" deleted
        configmap "config-service8" deleted
        deployment.apps "service8" deleted
        service "service8" deleted
        configmap "config-service9" deleted
        deployment.apps "service9" deleted
        service "service9" deleted
        deployment.apps "ubuntu-client" deleted
        [run.sh] Waiting for all pods to be deleted
        [run.sh] Deploying all services
        configmap/config-service0 created
        deployment.apps/service0 created
        service/service0 created
        configmap/config-service1 created
        deployment.apps/service1 created
        service/service1 created
        configmap/config-service10 created
        deployment.apps/service10 created
        service/service10 created
        configmap/config-service2 created
        deployment.apps/service2 created
        service/service2 created
        configmap/config-service3 created
        deployment.apps/service3 created
        service/service3 created
        configmap/config-service4 created
        deployment.apps/service4 created
        service/service4 created
        configmap/config-service5 created
        deployment.apps/service5 created
        service/service5 created
        configmap/config-service6 created
        deployment.apps/service6 created
        service/service6 created
        configmap/config-service7 created
        deployment.apps/service7 created
        service/service7 created
        configmap/config-service8 created
        deployment.apps/service8 created
        service/service8 created
        configmap/config-service9 created
        deployment.apps/service9 created
        service/service9 created
        [run.sh] Client pod not found, deploying client
        deployment.apps/ubuntu-client created
        [run.sh] Waiting for all pods to be running
        [run.sh] All pods are running
        [run.sh] Checking heartbeat for all services
        [run.sh] All pods can connect to all services
        [run.sh] Running warmup test
        [run.sh] /wrk/wrk -t8 -c512 --timeout 3s -d3s -L http://service0:80/endpoint1
        Running 3s test @ http://service0:80/endpoint1
        8 threads and 512 connections
        Thread Stats   Avg      Stdev     Max   +/- Stdev
        Latency     1.08s   336.74ms   2.16s    65.54%
        Req/Sec    58.48     33.45   190.00     68.85%
        Latency Distribution
        50%    1.04s
        75%    1.31s
        90%    1.53s
        99%    2.00s
        1181 requests in 3.02s, 1.92MB read
        Requests/sec:    390.99
        Transfer/sec:    649.49KB
        [run.sh] Speed is 390.99, duration is 76
        [run.sh] Fix the request number.
        [run.sh] Running the actual test
        [run.sh] /wrk/wrk --timeout 20s -t8 -c512 -d76s -L -s /wrk/fix_req_n.lua http://service0:80/endpoint1
        [run.sh] Checking the resource usage
        NAME                             CPU(cores)   MEMORY(bytes)
        service0-894dd795b-6hs4k         1794m        73Mi
        service1-59477dd5fd-str7w        641m         11Mi
        service10-dd5bc77f4-77k6g        351m         10Mi
        service2-6cbd966576-p7scp        644m         13Mi
        service3-7bbd6cdc98-flwrt        616m         12Mi
        service4-7bd6fd4cfb-ff8fq        639m         11Mi
        service5-557569bb66-frplv        570m         12Mi
        service6-9fc8b4df6-6qqj9         526m         11Mi
        service7-cc6d6d6c8-8gsxz         485m         11Mi
        service8-7984dbcbbd-8ps6n        425m         10Mi
        service9-86d4ffc959-4hfhp        382m         9Mi
        ubuntu-client-76886f6bbd-gcc6z   28m          17Mi
        Running 1m test @ http://service0:80/endpoint1
        8 threads and 512 connections
        Thread Stats   Avg      Stdev     Max   +/- Stdev
        Latency   878.33ms  201.50ms   1.99s    79.11%
        Req/Sec    73.26     32.95   262.00     64.78%
        Latency Distribution
        50%  814.33ms
        75%  964.45ms
        90%    1.17s
        99%    1.54s
        20000 requests in 1.27m, 32.44MB read
        Requests/sec:    263.16
        Transfer/sec:    437.14KB
        ------------------------------
        stop time: 34.301930
        stop time: 34.835760
        stop time: 34.776721
        stop time: 34.799556
        stop time: 34.686901
        stop time: 34.800923
        stop time: 34.792186
        stop time: 34.743191
        [run.sh] Test finished with status 0
        > STDERR
        > No resources found in default namespace.
    [exp] Times: [34.30193, 34.83576, 34.776721, 34.799556, 34.686901, 34.800923, 34.792186, 34.743191]
    [exp] Throughput: 576.0842207478689
[test.py] Finished running 1th optmization experiment: groundtruth->947.8267239578951, slowdown->576.0842207478689, predicted->787.0500051433715, err->-16.962669942788576
[test.py] Running 2th optmization experiment
[test.py] Running 2th groundtruth exp
    [exp] Running (pre_run: False) workload synthetic/fanout-w10-http-sync request with the following configuration: {'CLIENT_CPU_QUOTA': '2', 'SLOWPOKE_POKER_BATCH_THRESHOLD': '20000000', 'PROCESSING_TIME_SERVICE0': '0.000206', 'PROCESSING_TIME_SERVICE1': '0.0009945', 'PROCESSING_TIME_SERVICE2': '0.00098429', 'PROCESSING_TIME_SERVICE3': '0.00093244', 'PROCESSING_TIME_SERVICE4': '0.00090983', 'PROCESSING_TIME_SERVICE5': '0.00082636', 'PROCESSING_TIME_SERVICE6': '0.00075935', 'PROCESSING_TIME_SERVICE7': '0.00068158', 'PROCESSING_TIME_SERVICE8': '0.00056959', 'PROCESSING_TIME_SERVICE9': '0.00051052', 'PROCESSING_TIME_SERVICE10': '0.00045782', 'SLOWPOKE_DELAY_MICROS_SERVICE0': '0.0', 'SLOWPOKE_POKER_BATCH_THRESHOLD_SERVICE0': '100', 'SLOWPOKE_IS_TARGET_SERVICE_SERVICE0': 'true', 'SLOWPOKE_DELAY_MICROS_SERVICE1': '0.0', 'SLOWPOKE_POKER_BATCH_THRESHOLD_SERVICE1': '100', 'SLOWPOKE_IS_TARGET_SERVICE_SERVICE1': 'false', 'SLOWPOKE_DELAY_MICROS_SERVICE2': '0.0', 'SLOWPOKE_POKER_BATCH_THRESHOLD_SERVICE2': '100', 'SLOWPOKE_IS_TARGET_SERVICE_SERVICE2': 'false', 'SLOWPOKE_DELAY_MICROS_SERVICE3': '0.0', 'SLOWPOKE_POKER_BATCH_THRESHOLD_SERVICE3': '100', 'SLOWPOKE_IS_TARGET_SERVICE_SERVICE3': 'false', 'SLOWPOKE_DELAY_MICROS_SERVICE4': '0.0', 'SLOWPOKE_POKER_BATCH_THRESHOLD_SERVICE4': '100', 'SLOWPOKE_IS_TARGET_SERVICE_SERVICE4': 'false', 'SLOWPOKE_DELAY_MICROS_SERVICE5': '0.0', 'SLOWPOKE_POKER_BATCH_THRESHOLD_SERVICE5': '100', 'SLOWPOKE_IS_TARGET_SERVICE_SERVICE5': 'false', 'SLOWPOKE_DELAY_MICROS_SERVICE6': '0.0', 'SLOWPOKE_POKER_BATCH_THRESHOLD_SERVICE6': '100', 'SLOWPOKE_IS_TARGET_SERVICE_SERVICE6': 'false', 'SLOWPOKE_DELAY_MICROS_SERVICE7': '0.0', 'SLOWPOKE_POKER_BATCH_THRESHOLD_SERVICE7': '100', 'SLOWPOKE_IS_TARGET_SERVICE_SERVICE7': 'false', 'SLOWPOKE_DELAY_MICROS_SERVICE8': '0.0', 'SLOWPOKE_POKER_BATCH_THRESHOLD_SERVICE8': '100', 'SLOWPOKE_IS_TARGET_SERVICE_SERVICE8': 'false', 'SLOWPOKE_DELAY_MICROS_SERVICE9': '0.0', 'SLOWPOKE_POKER_BATCH_THRESHOLD_SERVICE9': '100', 'SLOWPOKE_IS_TARGET_SERVICE_SERVICE9': 'false', 'SLOWPOKE_DELAY_MICROS_SERVICE10': '0.0', 'SLOWPOKE_POKER_BATCH_THRESHOLD_SERVICE10': '100', 'SLOWPOKE_IS_TARGET_SERVICE_SERVICE10': 'false'}
    [exp] Executing cmd `bash run.sh synthetic fanout-w10-http-sync 8 512 20000`:
        [run.sh] Running benchmark synthetic with request fanout-w10-http-sync, thread 8, conn 512, duration 60
        [run.sh] Deleting all services
        configmap "config-service0" deleted
        deployment.apps "service0" deleted
        service "service0" deleted
        configmap "config-service1" deleted
        deployment.apps "service1" deleted
        service "service1" deleted
        configmap "config-service10" deleted
        deployment.apps "service10" deleted
        service "service10" deleted
        configmap "config-service2" deleted
        deployment.apps "service2" deleted
        service "service2" deleted
        configmap "config-service3" deleted
        deployment.apps "service3" deleted
        service "service3" deleted
        configmap "config-service4" deleted
        deployment.apps "service4" deleted
        service "service4" deleted
        configmap "config-service5" deleted
        deployment.apps "service5" deleted
        service "service5" deleted
        configmap "config-service6" deleted
        deployment.apps "service6" deleted
        service "service6" deleted
        configmap "config-service7" deleted
        deployment.apps "service7" deleted
        service "service7" deleted
        configmap "config-service8" deleted
        deployment.apps "service8" deleted
        service "service8" deleted
        configmap "config-service9" deleted
        deployment.apps "service9" deleted
        service "service9" deleted
        deployment.apps "ubuntu-client" deleted
        [run.sh] Waiting for all pods to be deleted
        [run.sh] Deploying all services
        configmap/config-service0 created
        deployment.apps/service0 created
        service/service0 created
        configmap/config-service1 created
        deployment.apps/service1 created
        service/service1 created
        configmap/config-service10 created
        deployment.apps/service10 created
        service/service10 created
        configmap/config-service2 created
        deployment.apps/service2 created
        service/service2 created
        configmap/config-service3 created
        deployment.apps/service3 created
        service/service3 created
        configmap/config-service4 created
        deployment.apps/service4 created
        service/service4 created
        configmap/config-service5 created
        deployment.apps/service5 created
        service/service5 created
        configmap/config-service6 created
        deployment.apps/service6 created
        service/service6 created
        configmap/config-service7 created
        deployment.apps/service7 created
        service/service7 created
        configmap/config-service8 created
        deployment.apps/service8 created
        service/service8 created
        configmap/config-service9 created
        deployment.apps/service9 created
        service/service9 created
        [run.sh] Client pod not found, deploying client
        deployment.apps/ubuntu-client created
        [run.sh] Waiting for all pods to be running
        [run.sh] All pods are running
        [run.sh] Checking heartbeat for all services
        [run.sh] All pods can connect to all services
        [run.sh] Running warmup test
        [run.sh] /wrk/wrk -t8 -c512 --timeout 3s -d3s -L http://service0:80/endpoint1
        Running 3s test @ http://service0:80/endpoint1
        8 threads and 512 connections
        Thread Stats   Avg      Stdev     Max   +/- Stdev
        Latency   794.93ms  236.79ms   1.58s    67.83%
        Req/Sec    78.72     48.60   210.00     60.00%
        Latency Distribution
        50%  773.02ms
        75%  948.03ms
        90%    1.11s
        99%    1.40s
        1694 requests in 3.02s, 2.75MB read
        Requests/sec:    561.50
        Transfer/sec:      0.91MB
        [run.sh] Speed is 561.50, duration is 53
        [run.sh] Fix the request number.
        [run.sh] Running the actual test
        [run.sh] /wrk/wrk --timeout 20s -t8 -c512 -d53s -L -s /wrk/fix_req_n.lua http://service0:80/endpoint1
        [run.sh] Checking the resource usage
        NAME                             CPU(cores)   MEMORY(bytes)
        service0-894dd795b-zg5s5         1m           59Mi
        service1-7d944647c5-cff9n        1m           11Mi
        service10-56557f757f-tvtvm       1m           11Mi
        service2-8594bdb7d9-sfkdk        1m           11Mi
        service3-d458cc7f-h92w8          1m           11Mi
        service4-864bd87969-4ckrw        39m          11Mi
        service5-77c87579f9-bspfs        6m           10Mi
        service6-cb68cb65c-t2glr         6m           10Mi
        service7-7997875fdc-mp7bx        6m           12Mi
        service8-f9fc48d65-4nn4g         6m           10Mi
        service9-5d744fcb4d-dll7x        6m           11Mi
        ubuntu-client-76886f6bbd-k2tm9   12m          0Mi
        Running 1m test @ http://service0:80/endpoint1
        8 threads and 512 connections
        Thread Stats   Avg      Stdev     Max   +/- Stdev
        Latency   568.95ms  208.09ms   1.46s    74.80%
        Req/Sec   113.07     54.37   343.00     67.18%
        Latency Distribution
        50%  468.18ms
        75%  715.46ms
        90%  889.02ms
        99%    1.15s
        20000 requests in 0.88m, 32.44MB read
        Requests/sec:    377.36
        Transfer/sec:    626.84KB
        ------------------------------
        stop time: 22.449126
        stop time: 22.308016
        stop time: 22.496015
        stop time: 22.496664
        stop time: 22.483543
        stop time: 22.550752
        stop time: 22.482281
        stop time: 22.463344
        [run.sh] Test finished with status 0
        > STDERR
        > No resources found in default namespace.
    [exp] Times: [22.449126, 22.308016, 22.496015, 22.496664, 22.483543, 22.550752, 22.482281, 22.463344]
    [exp] Throughput: 890.2255080866111
[test.py] Running 2th slowdown exp
    [exp] Running (pre_run: False) workload synthetic/fanout-w10-http-sync request with the following configuration: {'CLIENT_CPU_QUOTA': '2', 'SLOWPOKE_POKER_BATCH_THRESHOLD': '20000000', 'PROCESSING_TIME_SERVICE0': '0.00103358', 'PROCESSING_TIME_SERVICE1': '0.0009945', 'PROCESSING_TIME_SERVICE2': '0.00098429', 'PROCESSING_TIME_SERVICE3': '0.00093244', 'PROCESSING_TIME_SERVICE4': '0.00090983', 'PROCESSING_TIME_SERVICE5': '0.00082636', 'PROCESSING_TIME_SERVICE6': '0.00075935', 'PROCESSING_TIME_SERVICE7': '0.00068158', 'PROCESSING_TIME_SERVICE8': '0.00056959', 'PROCESSING_TIME_SERVICE9': '0.00051052', 'PROCESSING_TIME_SERVICE10': '0.00045782', 'SLOWPOKE_DELAY_MICROS_SERVICE0': '0.0', 'SLOWPOKE_POKER_BATCH_THRESHOLD_SERVICE0': '100', 'SLOWPOKE_IS_TARGET_SERVICE_SERVICE0': 'true', 'SLOWPOKE_DELAY_MICROS_SERVICE1': '413.5', 'SLOWPOKE_POKER_BATCH_THRESHOLD_SERVICE1': '100', 'SLOWPOKE_IS_TARGET_SERVICE_SERVICE1': 'false', 'SLOWPOKE_DELAY_MICROS_SERVICE2': '413.5', 'SLOWPOKE_POKER_BATCH_THRESHOLD_SERVICE2': '100', 'SLOWPOKE_IS_TARGET_SERVICE_SERVICE2': 'false', 'SLOWPOKE_DELAY_MICROS_SERVICE3': '413.5', 'SLOWPOKE_POKER_BATCH_THRESHOLD_SERVICE3': '100', 'SLOWPOKE_IS_TARGET_SERVICE_SERVICE3': 'false', 'SLOWPOKE_DELAY_MICROS_SERVICE4': '413.5', 'SLOWPOKE_POKER_BATCH_THRESHOLD_SERVICE4': '100', 'SLOWPOKE_IS_TARGET_SERVICE_SERVICE4': 'false', 'SLOWPOKE_DELAY_MICROS_SERVICE5': '413.5', 'SLOWPOKE_POKER_BATCH_THRESHOLD_SERVICE5': '100', 'SLOWPOKE_IS_TARGET_SERVICE_SERVICE5': 'false', 'SLOWPOKE_DELAY_MICROS_SERVICE6': '413.5', 'SLOWPOKE_POKER_BATCH_THRESHOLD_SERVICE6': '100', 'SLOWPOKE_IS_TARGET_SERVICE_SERVICE6': 'false', 'SLOWPOKE_DELAY_MICROS_SERVICE7': '413.5', 'SLOWPOKE_POKER_BATCH_THRESHOLD_SERVICE7': '100', 'SLOWPOKE_IS_TARGET_SERVICE_SERVICE7': 'false', 'SLOWPOKE_DELAY_MICROS_SERVICE8': '413.5', 'SLOWPOKE_POKER_BATCH_THRESHOLD_SERVICE8': '100', 'SLOWPOKE_IS_TARGET_SERVICE_SERVICE8': 'false', 'SLOWPOKE_DELAY_MICROS_SERVICE9': '413.5', 'SLOWPOKE_POKER_BATCH_THRESHOLD_SERVICE9': '100', 'SLOWPOKE_IS_TARGET_SERVICE_SERVICE9': 'false', 'SLOWPOKE_DELAY_MICROS_SERVICE10': '413.5', 'SLOWPOKE_POKER_BATCH_THRESHOLD_SERVICE10': '100', 'SLOWPOKE_IS_TARGET_SERVICE_SERVICE10': 'false'}
    [exp] Executing cmd `bash run.sh synthetic fanout-w10-http-sync 8 512 20000`:
        [run.sh] Running benchmark synthetic with request fanout-w10-http-sync, thread 8, conn 512, duration 60
        [run.sh] Deleting all services
        configmap "config-service0" deleted
        deployment.apps "service0" deleted
        service "service0" deleted
        configmap "config-service1" deleted
        deployment.apps "service1" deleted
        service "service1" deleted
        configmap "config-service10" deleted
        deployment.apps "service10" deleted
        service "service10" deleted
        configmap "config-service2" deleted
        deployment.apps "service2" deleted
        service "service2" deleted
        configmap "config-service3" deleted
        deployment.apps "service3" deleted
        service "service3" deleted
        configmap "config-service4" deleted
        deployment.apps "service4" deleted
        service "service4" deleted
        configmap "config-service5" deleted
        deployment.apps "service5" deleted
        service "service5" deleted
        configmap "config-service6" deleted
        deployment.apps "service6" deleted
        service "service6" deleted
        configmap "config-service7" deleted
        deployment.apps "service7" deleted
        service "service7" deleted
        configmap "config-service8" deleted
        deployment.apps "service8" deleted
        service "service8" deleted
        configmap "config-service9" deleted
        deployment.apps "service9" deleted
        service "service9" deleted
        deployment.apps "ubuntu-client" deleted
        [run.sh] Waiting for all pods to be deleted
        [run.sh] Deploying all services
        configmap/config-service0 created
        deployment.apps/service0 created
        service/service0 created
        configmap/config-service1 created
        deployment.apps/service1 created
        service/service1 created
        configmap/config-service10 created
        deployment.apps/service10 created
        service/service10 created
        configmap/config-service2 created
        deployment.apps/service2 created
        service/service2 created
        configmap/config-service3 created
        deployment.apps/service3 created
        service/service3 created
        configmap/config-service4 created
        deployment.apps/service4 created
        service/service4 created
        configmap/config-service5 created
        deployment.apps/service5 created
        service/service5 created
        configmap/config-service6 created
        deployment.apps/service6 created
        service/service6 created
        configmap/config-service7 created
        deployment.apps/service7 created
        service/service7 created
        configmap/config-service8 created
        deployment.apps/service8 created
        service/service8 created
        configmap/config-service9 created
        deployment.apps/service9 created
        service/service9 created
        [run.sh] Client pod not found, deploying client
        deployment.apps/ubuntu-client created
        [run.sh] Waiting for all pods to be running
        [run.sh] All pods are running
        [run.sh] Checking heartbeat for all services
        [run.sh] All pods can connect to all services
        [run.sh] Running warmup test
        [run.sh] /wrk/wrk -t8 -c512 --timeout 3s -d3s -L http://service0:80/endpoint1
        Running 3s test @ http://service0:80/endpoint1
        8 threads and 512 connections
        Thread Stats   Avg      Stdev     Max   +/- Stdev
        Latency   999.41ms  336.20ms   2.26s    70.55%
        Req/Sec    61.86     36.98   170.00     65.15%
        Latency Distribution
        50%  940.60ms
        75%    1.19s
        90%    1.48s
        99%    2.00s
        1253 requests in 3.03s, 2.03MB read
        Requests/sec:    413.02
        Transfer/sec:    686.09KB
        [run.sh] Speed is 413.02, duration is 72
        [run.sh] Fix the request number.
        [run.sh] Running the actual test
        [run.sh] /wrk/wrk --timeout 20s -t8 -c512 -d72s -L -s /wrk/fix_req_n.lua http://service0:80/endpoint1
        [run.sh] Checking the resource usage
        NAME                             CPU(cores)   MEMORY(bytes)
        service0-894dd795b-zvq5g         6m           3Mi
        service1-5885d8968d-9d572        6m           3Mi
        service10-775f68d944-58rpv       6m           3Mi
        service2-7c4d567d6b-gcxgl        6m           3Mi
        service3-5b6d68856-p27k2         7m           3Mi
        service4-68df9b8cb6-wlfwc        7m           3Mi
        service5-74dcfd7d4d-hksfr        1m           3Mi
        service6-7bd65f5cc4-jlw8s        1m           3Mi
        service7-749c759c6-fchgl         1m           3Mi
        service8-7c9fcc97cd-tg4g9        1m           3Mi
        service9-b4b6f9f5c-8qqvq         1m           3Mi
        ubuntu-client-76886f6bbd-bcwr7   0m           0Mi
        Running 1m test @ http://service0:80/endpoint1
        8 threads and 512 connections
        Thread Stats   Avg      Stdev     Max   +/- Stdev
        Latency     1.12s     1.01s    6.81s    92.78%
        Req/Sec    75.53     35.45   262.00     63.97%
        Latency Distribution
        50%  812.85ms
        75%    1.04s
        90%    1.43s
        99%    6.15s
        20000 requests in 1.20m, 32.44MB read
        Requests/sec:    277.78
        Transfer/sec:    461.42KB
        ------------------------------
        stop time: 39.610963
        stop time: 39.609839
        stop time: 39.543834
        stop time: 39.660116
        stop time: 39.669215
        stop time: 39.569535
        stop time: 39.636984
        stop time: 39.648919
        [run.sh] Test finished with status 0
        > STDERR
        > No resources found in default namespace.
    [exp] Times: [39.610963, 39.609839, 39.543834, 39.660116, 39.669215, 39.569535, 39.636984, 39.648919]
    [exp] Throughput: 504.81243212934885
[test.py] Finished running 2th optmization experiment: groundtruth->890.2255080866111, slowdown->504.81243212934885, predicted->638.1035435066274, err->-28.321134621482273
[test.py] Running 3th optmization experiment
[test.py] Running 3th groundtruth exp
    [exp] Running (pre_run: False) workload synthetic/fanout-w10-http-sync request with the following configuration: {'CLIENT_CPU_QUOTA': '2', 'SLOWPOKE_POKER_BATCH_THRESHOLD': '20000000', 'PROCESSING_TIME_SERVICE0': '0.000309', 'PROCESSING_TIME_SERVICE1': '0.0009945', 'PROCESSING_TIME_SERVICE2': '0.00098429', 'PROCESSING_TIME_SERVICE3': '0.00093244', 'PROCESSING_TIME_SERVICE4': '0.00090983', 'PROCESSING_TIME_SERVICE5': '0.00082636', 'PROCESSING_TIME_SERVICE6': '0.00075935', 'PROCESSING_TIME_SERVICE7': '0.00068158', 'PROCESSING_TIME_SERVICE8': '0.00056959', 'PROCESSING_TIME_SERVICE9': '0.00051052', 'PROCESSING_TIME_SERVICE10': '0.00045782', 'SLOWPOKE_DELAY_MICROS_SERVICE0': '0.0', 'SLOWPOKE_POKER_BATCH_THRESHOLD_SERVICE0': '100', 'SLOWPOKE_IS_TARGET_SERVICE_SERVICE0': 'true', 'SLOWPOKE_DELAY_MICROS_SERVICE1': '0.0', 'SLOWPOKE_POKER_BATCH_THRESHOLD_SERVICE1': '100', 'SLOWPOKE_IS_TARGET_SERVICE_SERVICE1': 'false', 'SLOWPOKE_DELAY_MICROS_SERVICE2': '0.0', 'SLOWPOKE_POKER_BATCH_THRESHOLD_SERVICE2': '100', 'SLOWPOKE_IS_TARGET_SERVICE_SERVICE2': 'false', 'SLOWPOKE_DELAY_MICROS_SERVICE3': '0.0', 'SLOWPOKE_POKER_BATCH_THRESHOLD_SERVICE3': '100', 'SLOWPOKE_IS_TARGET_SERVICE_SERVICE3': 'false', 'SLOWPOKE_DELAY_MICROS_SERVICE4': '0.0', 'SLOWPOKE_POKER_BATCH_THRESHOLD_SERVICE4': '100', 'SLOWPOKE_IS_TARGET_SERVICE_SERVICE4': 'false', 'SLOWPOKE_DELAY_MICROS_SERVICE5': '0.0', 'SLOWPOKE_POKER_BATCH_THRESHOLD_SERVICE5': '100', 'SLOWPOKE_IS_TARGET_SERVICE_SERVICE5': 'false', 'SLOWPOKE_DELAY_MICROS_SERVICE6': '0.0', 'SLOWPOKE_POKER_BATCH_THRESHOLD_SERVICE6': '100', 'SLOWPOKE_IS_TARGET_SERVICE_SERVICE6': 'false', 'SLOWPOKE_DELAY_MICROS_SERVICE7': '0.0', 'SLOWPOKE_POKER_BATCH_THRESHOLD_SERVICE7': '100', 'SLOWPOKE_IS_TARGET_SERVICE_SERVICE7': 'false', 'SLOWPOKE_DELAY_MICROS_SERVICE8': '0.0', 'SLOWPOKE_POKER_BATCH_THRESHOLD_SERVICE8': '100', 'SLOWPOKE_IS_TARGET_SERVICE_SERVICE8': 'false', 'SLOWPOKE_DELAY_MICROS_SERVICE9': '0.0', 'SLOWPOKE_POKER_BATCH_THRESHOLD_SERVICE9': '100', 'SLOWPOKE_IS_TARGET_SERVICE_SERVICE9': 'false', 'SLOWPOKE_DELAY_MICROS_SERVICE10': '0.0', 'SLOWPOKE_POKER_BATCH_THRESHOLD_SERVICE10': '100', 'SLOWPOKE_IS_TARGET_SERVICE_SERVICE10': 'false'}
    [exp] Executing cmd `bash run.sh synthetic fanout-w10-http-sync 8 512 20000`:
        [run.sh] Running benchmark synthetic with request fanout-w10-http-sync, thread 8, conn 512, duration 60
        [run.sh] Deleting all services
        configmap "config-service0" deleted
        deployment.apps "service0" deleted
        service "service0" deleted
        configmap "config-service1" deleted
        deployment.apps "service1" deleted
        service "service1" deleted
        configmap "config-service10" deleted
        deployment.apps "service10" deleted
        service "service10" deleted
        configmap "config-service2" deleted
        deployment.apps "service2" deleted
        service "service2" deleted
        configmap "config-service3" deleted
        deployment.apps "service3" deleted
        service "service3" deleted
        configmap "config-service4" deleted
        deployment.apps "service4" deleted
        service "service4" deleted
        configmap "config-service5" deleted
        deployment.apps "service5" deleted
        service "service5" deleted
        configmap "config-service6" deleted
        deployment.apps "service6" deleted
        service "service6" deleted
        configmap "config-service7" deleted
        deployment.apps "service7" deleted
        service "service7" deleted
        configmap "config-service8" deleted
        deployment.apps "service8" deleted
        service "service8" deleted
        configmap "config-service9" deleted
        deployment.apps "service9" deleted
        service "service9" deleted
        deployment.apps "ubuntu-client" deleted
        [run.sh] Waiting for all pods to be deleted
