[config.py] Random numbers for execution time: [207.56191924285463, 228.10834499298699, 251.54297266141458, 476.075272239858, 477.29450431696637, 482.9554454292452, 516.2947473075429, 528.4748547993806, 553.6710466540935, 763.5126709144843, 1005.8585704066938]
benchmark                        : synthetic
num_threads                      : 8
num_conns                        : 800
target_service                   : service5
request_type                     : fanout-w10-grpc-sync
repetitions                      : 3
target_num_exp                   : 10
pre_run                          : False
num_req                          : 20000
groundtruths                     : []
slowdowns                        : []
predicteds                       : []
errs                             : []
poker_batch_req                  : 100
client_cpu_quota                 : 2
random_seed                      : 30007
request_ratio                    : {'service0': 1, 'service1': 1, 'service2': 1, 'service3': 1, 'service4': 1, 'service5': 1, 'service6': 1, 'service7': 1, 'service8': 1, 'service9': 1, 'service10': 1}
baseline_service_processing_time : {'service0': 1005.86, 'service1': 763.51, 'service2': 553.67, 'service3': 528.47, 'service4': 516.29, 'service5': 965.91, 'service6': 477.29, 'service7': 476.08, 'service8': 251.54, 'service9': 228.11, 'service10': 207.56}
cpu_quota                        : {'service0': 2, 'service1': 2, 'service2': 2, 'service3': 2, 'service4': 2, 'service5': 2, 'service6': 2, 'service7': 2, 'service8': 2, 'service9': 2, 'service10': 2}
target_processing_time_range     : [0, 965.91]
baseline_throughputs             : []
poker_batch                      : 20000000
[test.py] Starting experiment...
[test.py] >>>>>>>>>>>>>>>>>>>>>>>>>>>>> Running experiment 0...
[test.py] Actual processing time range: [0, 96, 192, 288, 384, 480, 576, 672, 768, 864]
[test.py] Running baseline experiment
    [exp] Running (pre_run: False) workload synthetic/fanout-w10-grpc-sync request with the following configuration: {'CLIENT_CPU_QUOTA': '2', 'SLOWPOKE_POKER_BATCH_THRESHOLD': '20000000', 'PROCESSING_TIME_SERVICE0': '0.00100586', 'PROCESSING_TIME_SERVICE1': '0.00076351', 'PROCESSING_TIME_SERVICE2': '0.00055367', 'PROCESSING_TIME_SERVICE3': '0.00052847', 'PROCESSING_TIME_SERVICE4': '0.00051629', 'PROCESSING_TIME_SERVICE5': '0.00096591', 'PROCESSING_TIME_SERVICE6': '0.00047729', 'PROCESSING_TIME_SERVICE7': '0.00047608', 'PROCESSING_TIME_SERVICE8': '0.00025154', 'PROCESSING_TIME_SERVICE9': '0.00022811', 'PROCESSING_TIME_SERVICE10': '0.00020756', 'SLOWPOKE_DELAY_MICROS_SERVICE0': '0.0', 'SLOWPOKE_POKER_BATCH_THRESHOLD_SERVICE0': '100', 'SLOWPOKE_IS_TARGET_SERVICE_SERVICE0': 'false', 'SLOWPOKE_DELAY_MICROS_SERVICE1': '0.0', 'SLOWPOKE_POKER_BATCH_THRESHOLD_SERVICE1': '100', 'SLOWPOKE_IS_TARGET_SERVICE_SERVICE1': 'false', 'SLOWPOKE_DELAY_MICROS_SERVICE2': '0.0', 'SLOWPOKE_POKER_BATCH_THRESHOLD_SERVICE2': '100', 'SLOWPOKE_IS_TARGET_SERVICE_SERVICE2': 'false', 'SLOWPOKE_DELAY_MICROS_SERVICE3': '0.0', 'SLOWPOKE_POKER_BATCH_THRESHOLD_SERVICE3': '100', 'SLOWPOKE_IS_TARGET_SERVICE_SERVICE3': 'false', 'SLOWPOKE_DELAY_MICROS_SERVICE4': '0.0', 'SLOWPOKE_POKER_BATCH_THRESHOLD_SERVICE4': '100', 'SLOWPOKE_IS_TARGET_SERVICE_SERVICE4': 'false', 'SLOWPOKE_DELAY_MICROS_SERVICE5': '0.0', 'SLOWPOKE_POKER_BATCH_THRESHOLD_SERVICE5': '100', 'SLOWPOKE_IS_TARGET_SERVICE_SERVICE5': 'true', 'SLOWPOKE_DELAY_MICROS_SERVICE6': '0.0', 'SLOWPOKE_POKER_BATCH_THRESHOLD_SERVICE6': '100', 'SLOWPOKE_IS_TARGET_SERVICE_SERVICE6': 'false', 'SLOWPOKE_DELAY_MICROS_SERVICE7': '0.0', 'SLOWPOKE_POKER_BATCH_THRESHOLD_SERVICE7': '100', 'SLOWPOKE_IS_TARGET_SERVICE_SERVICE7': 'false', 'SLOWPOKE_DELAY_MICROS_SERVICE8': '0.0', 'SLOWPOKE_POKER_BATCH_THRESHOLD_SERVICE8': '100', 'SLOWPOKE_IS_TARGET_SERVICE_SERVICE8': 'false', 'SLOWPOKE_DELAY_MICROS_SERVICE9': '0.0', 'SLOWPOKE_POKER_BATCH_THRESHOLD_SERVICE9': '100', 'SLOWPOKE_IS_TARGET_SERVICE_SERVICE9': 'false', 'SLOWPOKE_DELAY_MICROS_SERVICE10': '0.0', 'SLOWPOKE_POKER_BATCH_THRESHOLD_SERVICE10': '100', 'SLOWPOKE_IS_TARGET_SERVICE_SERVICE10': 'false'}
    [exp] Executing cmd `bash run.sh synthetic fanout-w10-grpc-sync 8 800 20000`:
        [run.sh] Running benchmark synthetic with request fanout-w10-grpc-sync, thread 8, conn 800, duration 60
        [run.sh] Deleting all services
        configmap "config-service0" deleted
        deployment.apps "service0" deleted
        service "service0" deleted
        configmap "config-service1" deleted
        deployment.apps "service1" deleted
        service "service1" deleted
        configmap "config-service10" deleted
        deployment.apps "service10" deleted
        service "service10" deleted
        configmap "config-service2" deleted
        deployment.apps "service2" deleted
        service "service2" deleted
        configmap "config-service3" deleted
        deployment.apps "service3" deleted
        service "service3" deleted
        configmap "config-service4" deleted
        deployment.apps "service4" deleted
        service "service4" deleted
        configmap "config-service5" deleted
        deployment.apps "service5" deleted
        service "service5" deleted
        configmap "config-service6" deleted
        deployment.apps "service6" deleted
        service "service6" deleted
        configmap "config-service7" deleted
        deployment.apps "service7" deleted
        service "service7" deleted
        configmap "config-service8" deleted
        deployment.apps "service8" deleted
        service "service8" deleted
        configmap "config-service9" deleted
        deployment.apps "service9" deleted
        service "service9" deleted
        deployment.apps "ubuntu-client" deleted
        [run.sh] Waiting for all pods to be deleted
        [run.sh] Deploying all services
        configmap/config-service0 created
        deployment.apps/service0 created
        service/service0 created
        configmap/config-service1 created
        deployment.apps/service1 created
        service/service1 created
        configmap/config-service10 created
        deployment.apps/service10 created
        service/service10 created
        configmap/config-service2 created
        deployment.apps/service2 created
        service/service2 created
        configmap/config-service3 created
        deployment.apps/service3 created
        service/service3 created
        configmap/config-service4 created
        deployment.apps/service4 created
        service/service4 created
        configmap/config-service5 created
        deployment.apps/service5 created
        service/service5 created
        configmap/config-service6 created
        deployment.apps/service6 created
        service/service6 created
        configmap/config-service7 created
        deployment.apps/service7 created
        service/service7 created
        configmap/config-service8 created
        deployment.apps/service8 created
        service/service8 created
        configmap/config-service9 created
        deployment.apps/service9 created
        service/service9 created
        [run.sh] Client pod not found, deploying client
        deployment.apps/ubuntu-client created
        [run.sh] Waiting for all pods to be running
        [run.sh] All pods are running
        [run.sh] Checking heartbeat for all services
        [run.sh] Running warmup test
        [run.sh] /wrk/wrk -t8 -c800 --timeout 3s -d3s -L http://service0:80/endpoint1
        Running 3s test @ http://service0:80/endpoint1
        8 threads and 800 connections
        Thread Stats   Avg      Stdev     Max   +/- Stdev
        Latency   810.20ms  280.39ms   1.70s    69.42%
        Req/Sec   132.35     73.01   360.00     68.62%
        Latency Distribution
        50%  748.27ms
        75%  977.72ms
        90%    1.18s
        99%    1.63s
        2554 requests in 3.03s, 396.57KB read
        Requests/sec:    844.21
        Transfer/sec:    131.08KB
        [run.sh] Speed is 844.21, duration is 35
        [run.sh] Fix the request number.
        [run.sh] Running the actual test
        [run.sh] /wrk/wrk --timeout 20s -t8 -c800 -d35s -L -s /wrk/fix_req_n.lua http://service0:80/endpoint1
        [run.sh] Checking the resource usage
        NAME                             CPU(cores)   MEMORY(bytes)
        service0-6fb7cc7c7f-8dsqf        0m           52Mi
        service1-76b89695f7-6fxkm        311m         11Mi
        service10-7f8c689877-chzb4       115m         11Mi
        service2-8f7c6f8f5-xchz6         231m         10Mi
        service3-766854894f-z8z75        223m         10Mi
        service4-6fb56c9f99-cm86m        0m           10Mi
        service5-858ff6f8bb-m5mdk        264m         13Mi
        service6-67d69f5cf-lr97m         0m           11Mi
        service7-7d79587cdf-xfbqr        0m           11Mi
        service8-b5f5d4f7f-l7cgp         0m           9Mi
        service9-569757778-sts7g         121m         9Mi
        ubuntu-client-76886f6bbd-hbxlq   19m          0Mi
        Running 35s test @ http://service0:80/endpoint1
        8 threads and 800 connections
        Thread Stats   Avg      Stdev     Max   +/- Stdev
        Latency   723.19ms  213.50ms   2.14s    74.33%
        Req/Sec   140.36     74.16   520.00     72.03%
        Latency Distribution
        50%  691.19ms
        75%  824.35ms
        90%  997.65ms
        99%    1.43s
        20000 requests in 35.00s, 3.03MB read
        Requests/sec:    571.43
        Transfer/sec:     88.73KB
        ------------------------------
        stop time: 18.315657
        stop time: 18.092497
        stop time: 18.252581
        stop time: 18.464465
        stop time: 18.456851
        stop time: 18.578491
        stop time: 18.586039
        stop time: 18.482698
        [run.sh] Test finished with status 0
        > STDERR
        > No resources found in default namespace.
    [exp] Times: [18.315657, 18.092497, 18.252581, 18.464465, 18.456851, 18.578491, 18.586039, 18.482698]
    [exp] Throughput: 1086.740362288944
[test.py] Baseline throughput: 1086.740362288944
[test.py] Running 0th optmization experiment
[test.py] Running 0th groundtruth exp
    [exp] Running (pre_run: False) workload synthetic/fanout-w10-grpc-sync request with the following configuration: {'CLIENT_CPU_QUOTA': '2', 'SLOWPOKE_POKER_BATCH_THRESHOLD': '20000000', 'PROCESSING_TIME_SERVICE0': '0.00100586', 'PROCESSING_TIME_SERVICE1': '0.00076351', 'PROCESSING_TIME_SERVICE2': '0.00055367', 'PROCESSING_TIME_SERVICE3': '0.00052847', 'PROCESSING_TIME_SERVICE4': '0.00051629', 'PROCESSING_TIME_SERVICE5': '0.0', 'PROCESSING_TIME_SERVICE6': '0.00047729', 'PROCESSING_TIME_SERVICE7': '0.00047608', 'PROCESSING_TIME_SERVICE8': '0.00025154', 'PROCESSING_TIME_SERVICE9': '0.00022811', 'PROCESSING_TIME_SERVICE10': '0.00020756', 'SLOWPOKE_DELAY_MICROS_SERVICE0': '0.0', 'SLOWPOKE_POKER_BATCH_THRESHOLD_SERVICE0': '100', 'SLOWPOKE_IS_TARGET_SERVICE_SERVICE0': 'false', 'SLOWPOKE_DELAY_MICROS_SERVICE1': '0.0', 'SLOWPOKE_POKER_BATCH_THRESHOLD_SERVICE1': '100', 'SLOWPOKE_IS_TARGET_SERVICE_SERVICE1': 'false', 'SLOWPOKE_DELAY_MICROS_SERVICE2': '0.0', 'SLOWPOKE_POKER_BATCH_THRESHOLD_SERVICE2': '100', 'SLOWPOKE_IS_TARGET_SERVICE_SERVICE2': 'false', 'SLOWPOKE_DELAY_MICROS_SERVICE3': '0.0', 'SLOWPOKE_POKER_BATCH_THRESHOLD_SERVICE3': '100', 'SLOWPOKE_IS_TARGET_SERVICE_SERVICE3': 'false', 'SLOWPOKE_DELAY_MICROS_SERVICE4': '0.0', 'SLOWPOKE_POKER_BATCH_THRESHOLD_SERVICE4': '100', 'SLOWPOKE_IS_TARGET_SERVICE_SERVICE4': 'false', 'SLOWPOKE_DELAY_MICROS_SERVICE5': '0.0', 'SLOWPOKE_POKER_BATCH_THRESHOLD_SERVICE5': '100', 'SLOWPOKE_IS_TARGET_SERVICE_SERVICE5': 'true', 'SLOWPOKE_DELAY_MICROS_SERVICE6': '0.0', 'SLOWPOKE_POKER_BATCH_THRESHOLD_SERVICE6': '100', 'SLOWPOKE_IS_TARGET_SERVICE_SERVICE6': 'false', 'SLOWPOKE_DELAY_MICROS_SERVICE7': '0.0', 'SLOWPOKE_POKER_BATCH_THRESHOLD_SERVICE7': '100', 'SLOWPOKE_IS_TARGET_SERVICE_SERVICE7': 'false', 'SLOWPOKE_DELAY_MICROS_SERVICE8': '0.0', 'SLOWPOKE_POKER_BATCH_THRESHOLD_SERVICE8': '100', 'SLOWPOKE_IS_TARGET_SERVICE_SERVICE8': 'false', 'SLOWPOKE_DELAY_MICROS_SERVICE9': '0.0', 'SLOWPOKE_POKER_BATCH_THRESHOLD_SERVICE9': '100', 'SLOWPOKE_IS_TARGET_SERVICE_SERVICE9': 'false', 'SLOWPOKE_DELAY_MICROS_SERVICE10': '0.0', 'SLOWPOKE_POKER_BATCH_THRESHOLD_SERVICE10': '100', 'SLOWPOKE_IS_TARGET_SERVICE_SERVICE10': 'false'}
    [exp] Executing cmd `bash run.sh synthetic fanout-w10-grpc-sync 8 800 20000`:
        [run.sh] Running benchmark synthetic with request fanout-w10-grpc-sync, thread 8, conn 800, duration 60
        [run.sh] Deleting all services
        configmap "config-service0" deleted
        deployment.apps "service0" deleted
        service "service0" deleted
        configmap "config-service1" deleted
        deployment.apps "service1" deleted
        service "service1" deleted
        configmap "config-service10" deleted
        deployment.apps "service10" deleted
        service "service10" deleted
        configmap "config-service2" deleted
        deployment.apps "service2" deleted
        service "service2" deleted
        configmap "config-service3" deleted
        deployment.apps "service3" deleted
        service "service3" deleted
        configmap "config-service4" deleted
        deployment.apps "service4" deleted
        service "service4" deleted
        configmap "config-service5" deleted
        deployment.apps "service5" deleted
        service "service5" deleted
        configmap "config-service6" deleted
        deployment.apps "service6" deleted
        service "service6" deleted
        configmap "config-service7" deleted
        deployment.apps "service7" deleted
        service "service7" deleted
        configmap "config-service8" deleted
        deployment.apps "service8" deleted
        service "service8" deleted
        configmap "config-service9" deleted
        deployment.apps "service9" deleted
        service "service9" deleted
        deployment.apps "ubuntu-client" deleted
        [run.sh] Waiting for all pods to be deleted
        [run.sh] Deploying all services
        configmap/config-service0 created
        deployment.apps/service0 created
        service/service0 created
        configmap/config-service1 created
        deployment.apps/service1 created
        service/service1 created
        configmap/config-service10 created
        deployment.apps/service10 created
        service/service10 created
        configmap/config-service2 created
        deployment.apps/service2 created
        service/service2 created
        configmap/config-service3 created
        deployment.apps/service3 created
        service/service3 created
        configmap/config-service4 created
        deployment.apps/service4 created
        service/service4 created
        configmap/config-service5 created
        deployment.apps/service5 created
        service/service5 created
        configmap/config-service6 created
        deployment.apps/service6 created
        service/service6 created
        configmap/config-service7 created
        deployment.apps/service7 created
        service/service7 created
        configmap/config-service8 created
        deployment.apps/service8 created
        service/service8 created
        configmap/config-service9 created
        deployment.apps/service9 created
        service/service9 created
        [run.sh] Client pod not found, deploying client
        deployment.apps/ubuntu-client created
        [run.sh] Waiting for all pods to be running
        [run.sh] All pods are running
        [run.sh] Checking heartbeat for all services
        [run.sh] Running warmup test
        [run.sh] /wrk/wrk -t8 -c800 --timeout 3s -d3s -L http://service0:80/endpoint1
        Running 3s test @ http://service0:80/endpoint1
        8 threads and 800 connections
        Thread Stats   Avg      Stdev     Max   +/- Stdev
        Latency   796.35ms  314.41ms   2.08s    76.35%
        Req/Sec   142.82     97.32   525.00     78.57%
        Latency Distribution
        50%  727.43ms
        75%  913.28ms
        90%    1.21s
        99%    1.92s
        2694 requests in 3.04s, 418.31KB read
        Requests/sec:    887.44
        Transfer/sec:    137.80KB
        [run.sh] Speed is 887.44, duration is 33
        [run.sh] Fix the request number.
        [run.sh] Running the actual test
        [run.sh] /wrk/wrk --timeout 20s -t8 -c800 -d33s -L -s /wrk/fix_req_n.lua http://service0:80/endpoint1
        Running 33s test @ http://service0:80/endpoint1
        8 threads and 800 connections
        Thread Stats   Avg      Stdev     Max   +/- Stdev
        Latency   711.68ms  211.36ms   1.92s    75.03%
        Req/Sec   142.21     75.06   505.00     69.15%
        Latency Distribution
        50%  679.70ms
        75%  808.81ms
        90%  977.83ms
        99%    1.43s
        20000 requests in 33.00s, 3.03MB read
        Requests/sec:    606.06
        Transfer/sec:     94.10KB
        ------------------------------
        stop time: 18.214737
        stop time: 17.937501
        stop time: 18.064983
        stop time: 17.856783
        stop time: 18.073080
        stop time: 18.139279
        stop time: 18.385290
        stop time: 18.222434
        [run.sh] Checking the resource usage
        NAME                             CPU(cores)   MEMORY(bytes)
        service0-6fb7cc7c7f-qz2wl        1570m        68Mi
        service1-76b89695f7-927mg        1040m        15Mi
        service10-7f8c689877-hj7cq       384m         11Mi
        service2-8f7c6f8f5-sh4dl         787m         11Mi
        service3-766854894f-dzldg        744m         14Mi
        service4-6fb56c9f99-kgqc2        563m         13Mi
        service5-858ff6f8bb-8x47v        131m         9Mi
        service6-67d69f5cf-h7n4q         522m         12Mi
        service7-7d79587cdf-7ck2s        533m         12Mi
        service8-b5f5d4f7f-zd6jp         341m         11Mi
        service9-569757778-s4795         212m         11Mi
        ubuntu-client-76886f6bbd-9w9kn   40m          20Mi
        [run.sh] Test finished with status 0
        > STDERR
        > No resources found in default namespace.
    [exp] Times: [18.214737, 17.937501, 18.064983, 17.856783, 18.07308, 18.139279, 18.38529, 18.222434]
    [exp] Throughput: 1104.2548616908016
[test.py] Running 0th slowdown exp
    [exp] Running (pre_run: False) workload synthetic/fanout-w10-grpc-sync request with the following configuration: {'CLIENT_CPU_QUOTA': '2', 'SLOWPOKE_POKER_BATCH_THRESHOLD': '20000000', 'PROCESSING_TIME_SERVICE0': '0.00100586', 'PROCESSING_TIME_SERVICE1': '0.00076351', 'PROCESSING_TIME_SERVICE2': '0.00055367', 'PROCESSING_TIME_SERVICE3': '0.00052847', 'PROCESSING_TIME_SERVICE4': '0.00051629', 'PROCESSING_TIME_SERVICE5': '0.00096591', 'PROCESSING_TIME_SERVICE6': '0.00047729', 'PROCESSING_TIME_SERVICE7': '0.00047608', 'PROCESSING_TIME_SERVICE8': '0.00025154', 'PROCESSING_TIME_SERVICE9': '0.00022811', 'PROCESSING_TIME_SERVICE10': '0.00020756', 'SLOWPOKE_DELAY_MICROS_SERVICE0': '482.5', 'SLOWPOKE_POKER_BATCH_THRESHOLD_SERVICE0': '100', 'SLOWPOKE_IS_TARGET_SERVICE_SERVICE0': 'false', 'SLOWPOKE_DELAY_MICROS_SERVICE1': '482.5', 'SLOWPOKE_POKER_BATCH_THRESHOLD_SERVICE1': '100', 'SLOWPOKE_IS_TARGET_SERVICE_SERVICE1': 'false', 'SLOWPOKE_DELAY_MICROS_SERVICE2': '482.5', 'SLOWPOKE_POKER_BATCH_THRESHOLD_SERVICE2': '100', 'SLOWPOKE_IS_TARGET_SERVICE_SERVICE2': 'false', 'SLOWPOKE_DELAY_MICROS_SERVICE3': '482.5', 'SLOWPOKE_POKER_BATCH_THRESHOLD_SERVICE3': '100', 'SLOWPOKE_IS_TARGET_SERVICE_SERVICE3': 'false', 'SLOWPOKE_DELAY_MICROS_SERVICE4': '482.5', 'SLOWPOKE_POKER_BATCH_THRESHOLD_SERVICE4': '100', 'SLOWPOKE_IS_TARGET_SERVICE_SERVICE4': 'false', 'SLOWPOKE_DELAY_MICROS_SERVICE5': '0.0', 'SLOWPOKE_POKER_BATCH_THRESHOLD_SERVICE5': '100', 'SLOWPOKE_IS_TARGET_SERVICE_SERVICE5': 'true', 'SLOWPOKE_DELAY_MICROS_SERVICE6': '482.5', 'SLOWPOKE_POKER_BATCH_THRESHOLD_SERVICE6': '100', 'SLOWPOKE_IS_TARGET_SERVICE_SERVICE6': 'false', 'SLOWPOKE_DELAY_MICROS_SERVICE7': '482.5', 'SLOWPOKE_POKER_BATCH_THRESHOLD_SERVICE7': '100', 'SLOWPOKE_IS_TARGET_SERVICE_SERVICE7': 'false', 'SLOWPOKE_DELAY_MICROS_SERVICE8': '482.5', 'SLOWPOKE_POKER_BATCH_THRESHOLD_SERVICE8': '100', 'SLOWPOKE_IS_TARGET_SERVICE_SERVICE8': 'false', 'SLOWPOKE_DELAY_MICROS_SERVICE9': '482.5', 'SLOWPOKE_POKER_BATCH_THRESHOLD_SERVICE9': '100', 'SLOWPOKE_IS_TARGET_SERVICE_SERVICE9': 'false', 'SLOWPOKE_DELAY_MICROS_SERVICE10': '482.5', 'SLOWPOKE_POKER_BATCH_THRESHOLD_SERVICE10': '100', 'SLOWPOKE_IS_TARGET_SERVICE_SERVICE10': 'false'}
    [exp] Executing cmd `bash run.sh synthetic fanout-w10-grpc-sync 8 800 20000`:
        [run.sh] Running benchmark synthetic with request fanout-w10-grpc-sync, thread 8, conn 800, duration 60
        [run.sh] Deleting all services
        configmap "config-service0" deleted
        deployment.apps "service0" deleted
        service "service0" deleted
        configmap "config-service1" deleted
        deployment.apps "service1" deleted
        service "service1" deleted
        configmap "config-service10" deleted
        deployment.apps "service10" deleted
        service "service10" deleted
        configmap "config-service2" deleted
        deployment.apps "service2" deleted
        service "service2" deleted
        configmap "config-service3" deleted
        deployment.apps "service3" deleted
        service "service3" deleted
        configmap "config-service4" deleted
        deployment.apps "service4" deleted
        service "service4" deleted
        configmap "config-service5" deleted
        deployment.apps "service5" deleted
        service "service5" deleted
        configmap "config-service6" deleted
        deployment.apps "service6" deleted
        service "service6" deleted
        configmap "config-service7" deleted
        deployment.apps "service7" deleted
        service "service7" deleted
        configmap "config-service8" deleted
        deployment.apps "service8" deleted
        service "service8" deleted
        configmap "config-service9" deleted
        deployment.apps "service9" deleted
        service "service9" deleted
        deployment.apps "ubuntu-client" deleted
        [run.sh] Waiting for all pods to be deleted
        [run.sh] Deploying all services
        configmap/config-service0 created
        deployment.apps/service0 created
        service/service0 created
        configmap/config-service1 created
        deployment.apps/service1 created
        service/service1 created
        configmap/config-service10 created
        deployment.apps/service10 created
        service/service10 created
        configmap/config-service2 created
        deployment.apps/service2 created
        service/service2 created
        configmap/config-service3 created
        deployment.apps/service3 created
        service/service3 created
        configmap/config-service4 created
        deployment.apps/service4 created
        service/service4 created
        configmap/config-service5 created
        deployment.apps/service5 created
        service/service5 created
        configmap/config-service6 created
        deployment.apps/service6 created
        service/service6 created
        configmap/config-service7 created
        deployment.apps/service7 created
        service/service7 created
        configmap/config-service8 created
        deployment.apps/service8 created
        service/service8 created
        configmap/config-service9 created
        deployment.apps/service9 created
        service/service9 created
        [run.sh] Client pod not found, deploying client
        deployment.apps/ubuntu-client created
        [run.sh] Waiting for all pods to be running
        [run.sh] All pods are running
        [run.sh] Checking heartbeat for all services
        [run.sh] Running warmup test
        [run.sh] /wrk/wrk -t8 -c800 --timeout 3s -d3s -L http://service0:80/endpoint1
        Running 3s test @ http://service0:80/endpoint1
        8 threads and 800 connections
        Thread Stats   Avg      Stdev     Max   +/- Stdev
        Latency     1.40s   535.38ms   2.75s    60.33%
        Req/Sec    78.92     52.49   232.00     65.19%
        Latency Distribution
        50%    1.37s
        75%    1.82s
        90%    2.08s
        99%    2.48s
        1336 requests in 3.05s, 207.45KB read
        Requests/sec:    438.73
        Transfer/sec:     68.12KB
        [run.sh] Speed is 438.73, duration is 68
        [run.sh] Fix the request number.
        [run.sh] Running the actual test
        [run.sh] /wrk/wrk --timeout 20s -t8 -c800 -d68s -L -s /wrk/fix_req_n.lua http://service0:80/endpoint1
        [run.sh] Checking the resource usage
        Running 1m test @ http://service0:80/endpoint1
        8 threads and 800 connections
        Thread Stats   Avg      Stdev     Max   +/- Stdev
        Latency     1.10s   285.14ms   2.70s    74.31%
        Req/Sec    98.76     64.24   404.00     68.26%
        Latency Distribution
        50%    1.06s
        75%    1.24s
        90%    1.45s
        99%    2.06s
        20000 requests in 1.13m, 3.03MB read
        Requests/sec:    294.12
        Transfer/sec:     45.67KB
        ------------------------------
        stop time: 27.703841
        stop time: 28.067001
        stop time: 27.705690
        stop time: 28.050879
        stop time: 28.064239
        stop time: 28.045587
        stop time: 28.133845
        stop time: 28.120080
        [run.sh] Test finished with status 0
        > STDERR
        > No resources found in default namespace.
        > error: metrics not available yet
    [exp] Times: [27.703841, 28.067001, 27.70569, 28.050879, 28.064239, 28.045587, 28.133845, 28.12008]
    [exp] Throughput: 714.6329429475201
[test.py] Finished running 0th optmization experiment: groundtruth->1104.2548616908016, slowdown->714.6329429475201, predicted->1091.268500189628, err->-1.1760293707278147
[test.py] Running 1th optmization experiment
[test.py] Running 1th groundtruth exp
    [exp] Running (pre_run: False) workload synthetic/fanout-w10-grpc-sync request with the following configuration: {'CLIENT_CPU_QUOTA': '2', 'SLOWPOKE_POKER_BATCH_THRESHOLD': '20000000', 'PROCESSING_TIME_SERVICE0': '0.00100586', 'PROCESSING_TIME_SERVICE1': '0.00076351', 'PROCESSING_TIME_SERVICE2': '0.00055367', 'PROCESSING_TIME_SERVICE3': '0.00052847', 'PROCESSING_TIME_SERVICE4': '0.00051629', 'PROCESSING_TIME_SERVICE5': '9.6e-05', 'PROCESSING_TIME_SERVICE6': '0.00047729', 'PROCESSING_TIME_SERVICE7': '0.00047608', 'PROCESSING_TIME_SERVICE8': '0.00025154', 'PROCESSING_TIME_SERVICE9': '0.00022811', 'PROCESSING_TIME_SERVICE10': '0.00020756', 'SLOWPOKE_DELAY_MICROS_SERVICE0': '0.0', 'SLOWPOKE_POKER_BATCH_THRESHOLD_SERVICE0': '100', 'SLOWPOKE_IS_TARGET_SERVICE_SERVICE0': 'false', 'SLOWPOKE_DELAY_MICROS_SERVICE1': '0.0', 'SLOWPOKE_POKER_BATCH_THRESHOLD_SERVICE1': '100', 'SLOWPOKE_IS_TARGET_SERVICE_SERVICE1': 'false', 'SLOWPOKE_DELAY_MICROS_SERVICE2': '0.0', 'SLOWPOKE_POKER_BATCH_THRESHOLD_SERVICE2': '100', 'SLOWPOKE_IS_TARGET_SERVICE_SERVICE2': 'false', 'SLOWPOKE_DELAY_MICROS_SERVICE3': '0.0', 'SLOWPOKE_POKER_BATCH_THRESHOLD_SERVICE3': '100', 'SLOWPOKE_IS_TARGET_SERVICE_SERVICE3': 'false', 'SLOWPOKE_DELAY_MICROS_SERVICE4': '0.0', 'SLOWPOKE_POKER_BATCH_THRESHOLD_SERVICE4': '100', 'SLOWPOKE_IS_TARGET_SERVICE_SERVICE4': 'false', 'SLOWPOKE_DELAY_MICROS_SERVICE5': '0.0', 'SLOWPOKE_POKER_BATCH_THRESHOLD_SERVICE5': '100', 'SLOWPOKE_IS_TARGET_SERVICE_SERVICE5': 'true', 'SLOWPOKE_DELAY_MICROS_SERVICE6': '0.0', 'SLOWPOKE_POKER_BATCH_THRESHOLD_SERVICE6': '100', 'SLOWPOKE_IS_TARGET_SERVICE_SERVICE6': 'false', 'SLOWPOKE_DELAY_MICROS_SERVICE7': '0.0', 'SLOWPOKE_POKER_BATCH_THRESHOLD_SERVICE7': '100', 'SLOWPOKE_IS_TARGET_SERVICE_SERVICE7': 'false', 'SLOWPOKE_DELAY_MICROS_SERVICE8': '0.0', 'SLOWPOKE_POKER_BATCH_THRESHOLD_SERVICE8': '100', 'SLOWPOKE_IS_TARGET_SERVICE_SERVICE8': 'false', 'SLOWPOKE_DELAY_MICROS_SERVICE9': '0.0', 'SLOWPOKE_POKER_BATCH_THRESHOLD_SERVICE9': '100', 'SLOWPOKE_IS_TARGET_SERVICE_SERVICE9': 'false', 'SLOWPOKE_DELAY_MICROS_SERVICE10': '0.0', 'SLOWPOKE_POKER_BATCH_THRESHOLD_SERVICE10': '100', 'SLOWPOKE_IS_TARGET_SERVICE_SERVICE10': 'false'}
    [exp] Executing cmd `bash run.sh synthetic fanout-w10-grpc-sync 8 800 20000`:
        [run.sh] Running benchmark synthetic with request fanout-w10-grpc-sync, thread 8, conn 800, duration 60
        [run.sh] Deleting all services
        configmap "config-service0" deleted
        deployment.apps "service0" deleted
        service "service0" deleted
        configmap "config-service1" deleted
        deployment.apps "service1" deleted
        service "service1" deleted
        configmap "config-service10" deleted
        deployment.apps "service10" deleted
        service "service10" deleted
        configmap "config-service2" deleted
        deployment.apps "service2" deleted
        service "service2" deleted
        configmap "config-service3" deleted
        deployment.apps "service3" deleted
        service "service3" deleted
        configmap "config-service4" deleted
        deployment.apps "service4" deleted
        service "service4" deleted
        configmap "config-service5" deleted
        deployment.apps "service5" deleted
        service "service5" deleted
        configmap "config-service6" deleted
        deployment.apps "service6" deleted
        service "service6" deleted
        configmap "config-service7" deleted
        deployment.apps "service7" deleted
        service "service7" deleted
        configmap "config-service8" deleted
        deployment.apps "service8" deleted
        service "service8" deleted
        configmap "config-service9" deleted
        deployment.apps "service9" deleted
        service "service9" deleted
        deployment.apps "ubuntu-client" deleted
        [run.sh] Waiting for all pods to be deleted
        [run.sh] Deploying all services
        configmap/config-service0 created
        deployment.apps/service0 created
        service/service0 created
        configmap/config-service1 created
        deployment.apps/service1 created
        service/service1 created
        configmap/config-service10 created
        deployment.apps/service10 created
        service/service10 created
        configmap/config-service2 created
        deployment.apps/service2 created
        service/service2 created
        configmap/config-service3 created
        deployment.apps/service3 created
        service/service3 created
        configmap/config-service4 created
        deployment.apps/service4 created
        service/service4 created
        configmap/config-service5 created
        deployment.apps/service5 created
        service/service5 created
        configmap/config-service6 created
        deployment.apps/service6 created
        service/service6 created
        configmap/config-service7 created
        deployment.apps/service7 created
        service/service7 created
        configmap/config-service8 created
        deployment.apps/service8 created
        service/service8 created
        configmap/config-service9 created
        deployment.apps/service9 created
        service/service9 created
        [run.sh] Client pod not found, deploying client
        deployment.apps/ubuntu-client created
        [run.sh] Waiting for all pods to be running
        [run.sh] All pods are running
        [run.sh] Checking heartbeat for all services
        [run.sh] Running warmup test
        [run.sh] /wrk/wrk -t8 -c800 --timeout 3s -d3s -L http://service0:80/endpoint1
        Running 3s test @ http://service0:80/endpoint1
        8 threads and 800 connections
        Thread Stats   Avg      Stdev     Max   +/- Stdev
        Latency   781.92ms  259.31ms   1.84s    74.90%
        Req/Sec   134.33     86.93   430.00     73.96%
        Latency Distribution
        50%  713.02ms
        75%  897.61ms
        90%    1.11s
        99%    1.64s
        2689 requests in 3.03s, 417.53KB read
        Requests/sec:    886.75
        Transfer/sec:    137.69KB
        [run.sh] Speed is 886.75, duration is 33
        [run.sh] Fix the request number.
        [run.sh] Running the actual test
        [run.sh] /wrk/wrk --timeout 20s -t8 -c800 -d33s -L -s /wrk/fix_req_n.lua http://service0:80/endpoint1
        Running 33s test @ http://service0:80/endpoint1
        8 threads and 800 connections
        Thread Stats   Avg      Stdev     Max   +/- Stdev
        Latency   692.73ms  187.73ms   1.82s    73.58%
        Req/Sec   145.50     77.99   484.00     73.36%
        Latency Distribution
        50%  666.15ms
        75%  784.69ms
        90%  934.11ms
        99%    1.29s
        20000 requests in 33.00s, 3.03MB read
        Requests/sec:    606.06
        Transfer/sec:     94.10KB
        ------------------------------
        stop time: 17.774069
        stop time: 17.443003
        stop time: 17.809352
        stop time: 17.784491
        stop time: 17.818614
        stop time: 17.792405
        stop time: 17.789490
        stop time: 17.798120
        [run.sh] Checking the resource usage
        NAME                             CPU(cores)   MEMORY(bytes)
        service0-6fb7cc7c7f-94pr4        1898m        72Mi
        service1-76b89695f7-5tvj9        1079m        11Mi
        service10-7f8c689877-gjk57       188m         10Mi
        service2-8f7c6f8f5-plgjv         817m         10Mi
        service3-766854894f-p5fsn        500m         11Mi
        service4-6fb56c9f99-fk8zw        760m         11Mi
        service5-858ff6f8bb-9m2hp        193m         9Mi
        service6-67d69f5cf-4qnpq         729m         14Mi
        service7-7d79587cdf-tt9rx        705m         11Mi
        service8-b5f5d4f7f-zhbqv         452m         12Mi
        service9-569757778-4br7l         413m         14Mi
        ubuntu-client-76886f6bbd-ll65f   41m          18Mi
        [run.sh] Test finished with status 0
        > STDERR
        > No resources found in default namespace.
    [exp] Times: [17.774069, 17.443003, 17.809352, 17.784491, 17.818614, 17.792405, 17.78949, 17.79812]
    [exp] Throughput: 1126.6848374641636
[test.py] Running 1th slowdown exp
    [exp] Running (pre_run: False) workload synthetic/fanout-w10-grpc-sync request with the following configuration: {'CLIENT_CPU_QUOTA': '2', 'SLOWPOKE_POKER_BATCH_THRESHOLD': '20000000', 'PROCESSING_TIME_SERVICE0': '0.00100586', 'PROCESSING_TIME_SERVICE1': '0.00076351', 'PROCESSING_TIME_SERVICE2': '0.00055367', 'PROCESSING_TIME_SERVICE3': '0.00052847', 'PROCESSING_TIME_SERVICE4': '0.00051629', 'PROCESSING_TIME_SERVICE5': '0.00096591', 'PROCESSING_TIME_SERVICE6': '0.00047729', 'PROCESSING_TIME_SERVICE7': '0.00047608', 'PROCESSING_TIME_SERVICE8': '0.00025154', 'PROCESSING_TIME_SERVICE9': '0.00022811', 'PROCESSING_TIME_SERVICE10': '0.00020756', 'SLOWPOKE_DELAY_MICROS_SERVICE0': '434.5', 'SLOWPOKE_POKER_BATCH_THRESHOLD_SERVICE0': '100', 'SLOWPOKE_IS_TARGET_SERVICE_SERVICE0': 'false', 'SLOWPOKE_DELAY_MICROS_SERVICE1': '434.5', 'SLOWPOKE_POKER_BATCH_THRESHOLD_SERVICE1': '100', 'SLOWPOKE_IS_TARGET_SERVICE_SERVICE1': 'false', 'SLOWPOKE_DELAY_MICROS_SERVICE2': '434.5', 'SLOWPOKE_POKER_BATCH_THRESHOLD_SERVICE2': '100', 'SLOWPOKE_IS_TARGET_SERVICE_SERVICE2': 'false', 'SLOWPOKE_DELAY_MICROS_SERVICE3': '434.5', 'SLOWPOKE_POKER_BATCH_THRESHOLD_SERVICE3': '100', 'SLOWPOKE_IS_TARGET_SERVICE_SERVICE3': 'false', 'SLOWPOKE_DELAY_MICROS_SERVICE4': '434.5', 'SLOWPOKE_POKER_BATCH_THRESHOLD_SERVICE4': '100', 'SLOWPOKE_IS_TARGET_SERVICE_SERVICE4': 'false', 'SLOWPOKE_DELAY_MICROS_SERVICE5': '0.0', 'SLOWPOKE_POKER_BATCH_THRESHOLD_SERVICE5': '100', 'SLOWPOKE_IS_TARGET_SERVICE_SERVICE5': 'true', 'SLOWPOKE_DELAY_MICROS_SERVICE6': '434.5', 'SLOWPOKE_POKER_BATCH_THRESHOLD_SERVICE6': '100', 'SLOWPOKE_IS_TARGET_SERVICE_SERVICE6': 'false', 'SLOWPOKE_DELAY_MICROS_SERVICE7': '434.5', 'SLOWPOKE_POKER_BATCH_THRESHOLD_SERVICE7': '100', 'SLOWPOKE_IS_TARGET_SERVICE_SERVICE7': 'false', 'SLOWPOKE_DELAY_MICROS_SERVICE8': '434.5', 'SLOWPOKE_POKER_BATCH_THRESHOLD_SERVICE8': '100', 'SLOWPOKE_IS_TARGET_SERVICE_SERVICE8': 'false', 'SLOWPOKE_DELAY_MICROS_SERVICE9': '434.5', 'SLOWPOKE_POKER_BATCH_THRESHOLD_SERVICE9': '100', 'SLOWPOKE_IS_TARGET_SERVICE_SERVICE9': 'false', 'SLOWPOKE_DELAY_MICROS_SERVICE10': '434.5', 'SLOWPOKE_POKER_BATCH_THRESHOLD_SERVICE10': '100', 'SLOWPOKE_IS_TARGET_SERVICE_SERVICE10': 'false'}
    [exp] Executing cmd `bash run.sh synthetic fanout-w10-grpc-sync 8 800 20000`:
        [run.sh] Running benchmark synthetic with request fanout-w10-grpc-sync, thread 8, conn 800, duration 60
        [run.sh] Deleting all services
        configmap "config-service0" deleted
        deployment.apps "service0" deleted
        service "service0" deleted
        configmap "config-service1" deleted
        deployment.apps "service1" deleted
        service "service1" deleted
        configmap "config-service10" deleted
        deployment.apps "service10" deleted
        service "service10" deleted
        configmap "config-service2" deleted
        deployment.apps "service2" deleted
        service "service2" deleted
        configmap "config-service3" deleted
        deployment.apps "service3" deleted
        service "service3" deleted
        configmap "config-service4" deleted
        deployment.apps "service4" deleted
        service "service4" deleted
        configmap "config-service5" deleted
        deployment.apps "service5" deleted
        service "service5" deleted
        configmap "config-service6" deleted
        deployment.apps "service6" deleted
        service "service6" deleted
        configmap "config-service7" deleted
        deployment.apps "service7" deleted
        service "service7" deleted
        configmap "config-service8" deleted
        deployment.apps "service8" deleted
        service "service8" deleted
        configmap "config-service9" deleted
        deployment.apps "service9" deleted
        service "service9" deleted
        deployment.apps "ubuntu-client" deleted
        [run.sh] Waiting for all pods to be deleted
        [run.sh] Deploying all services
        configmap/config-service0 created
        deployment.apps/service0 created
        service/service0 created
        configmap/config-service1 created
        deployment.apps/service1 created
        service/service1 created
        configmap/config-service10 created
        deployment.apps/service10 created
        service/service10 created
        configmap/config-service2 created
        deployment.apps/service2 created
        service/service2 created
        configmap/config-service3 created
        deployment.apps/service3 created
        service/service3 created
        configmap/config-service4 created
        deployment.apps/service4 created
        service/service4 created
        configmap/config-service5 created
        deployment.apps/service5 created
        service/service5 created
        configmap/config-service6 created
        deployment.apps/service6 created
        service/service6 created
        configmap/config-service7 created
        deployment.apps/service7 created
        service/service7 created
        configmap/config-service8 created
        deployment.apps/service8 created
        service/service8 created
        configmap/config-service9 created
        deployment.apps/service9 created
        service/service9 created
        [run.sh] Client pod not found, deploying client
        deployment.apps/ubuntu-client created
        [run.sh] Waiting for all pods to be running
        [run.sh] All pods are running
        [run.sh] Checking heartbeat for all services
        [run.sh] Running warmup test
        [run.sh] /wrk/wrk -t8 -c800 --timeout 3s -d3s -L http://service0:80/endpoint1
        Running 3s test @ http://service0:80/endpoint1
        8 threads and 800 connections
        Thread Stats   Avg      Stdev     Max   +/- Stdev
        Latency     1.32s   514.39ms   2.91s    65.13%
        Req/Sec    92.72     59.60   240.00     61.39%
        Latency Distribution
        50%    1.25s
        75%    1.69s
        90%    2.08s
        99%    2.71s
        1563 requests in 3.03s, 242.69KB read
        Requests/sec:    515.76
        Transfer/sec:     80.08KB
        [run.sh] Speed is 515.76, duration is 58
        [run.sh] Fix the request number.
        [run.sh] Running the actual test
        [run.sh] /wrk/wrk --timeout 20s -t8 -c800 -d58s -L -s /wrk/fix_req_n.lua http://service0:80/endpoint1
        [run.sh] Checking the resource usage
        NAME                       CPU(cores)   MEMORY(bytes)
        service10-bf4d468f-8j7b9   0m           2Mi
        Running 1m test @ http://service0:80/endpoint1
        8 threads and 800 connections
        Thread Stats   Avg      Stdev     Max   +/- Stdev
        Latency     1.06s   272.51ms   2.55s    73.45%
        Req/Sec    98.99     63.33   490.00     71.18%
        Latency Distribution
        50%    1.03s
        75%    1.20s
        90%    1.41s
        99%    1.92s
        20001 requests in 0.97m, 3.03MB read
        Requests/sec:    344.84
        Transfer/sec:     53.55KB
        ------------------------------
        stop time: 27.096432
        stop time: 26.987760
        stop time: 26.978276
        stop time: 26.984951
        stop time: 27.042587
        stop time: 26.983783
        stop time: 27.231562
        stop time: 27.352314
        [run.sh] Test finished with status 0
        > STDERR
        > No resources found in default namespace.
    [exp] Times: [27.096432, 26.98776, 26.978276, 26.984951, 27.042587, 26.983783, 27.231562, 27.352314]
    [exp] Throughput: 738.4922199729237
[test.py] Finished running 1th optmization experiment: groundtruth->1126.6848374641636, slowdown->738.4922199729237, predicted->1087.9553046201756, err->-3.437477061567346
[test.py] Running 2th optmization experiment
[test.py] Running 2th groundtruth exp
    [exp] Running (pre_run: False) workload synthetic/fanout-w10-grpc-sync request with the following configuration: {'CLIENT_CPU_QUOTA': '2', 'SLOWPOKE_POKER_BATCH_THRESHOLD': '20000000', 'PROCESSING_TIME_SERVICE0': '0.00100586', 'PROCESSING_TIME_SERVICE1': '0.00076351', 'PROCESSING_TIME_SERVICE2': '0.00055367', 'PROCESSING_TIME_SERVICE3': '0.00052847', 'PROCESSING_TIME_SERVICE4': '0.00051629', 'PROCESSING_TIME_SERVICE5': '0.000192', 'PROCESSING_TIME_SERVICE6': '0.00047729', 'PROCESSING_TIME_SERVICE7': '0.00047608', 'PROCESSING_TIME_SERVICE8': '0.00025154', 'PROCESSING_TIME_SERVICE9': '0.00022811', 'PROCESSING_TIME_SERVICE10': '0.00020756', 'SLOWPOKE_DELAY_MICROS_SERVICE0': '0.0', 'SLOWPOKE_POKER_BATCH_THRESHOLD_SERVICE0': '100', 'SLOWPOKE_IS_TARGET_SERVICE_SERVICE0': 'false', 'SLOWPOKE_DELAY_MICROS_SERVICE1': '0.0', 'SLOWPOKE_POKER_BATCH_THRESHOLD_SERVICE1': '100', 'SLOWPOKE_IS_TARGET_SERVICE_SERVICE1': 'false', 'SLOWPOKE_DELAY_MICROS_SERVICE2': '0.0', 'SLOWPOKE_POKER_BATCH_THRESHOLD_SERVICE2': '100', 'SLOWPOKE_IS_TARGET_SERVICE_SERVICE2': 'false', 'SLOWPOKE_DELAY_MICROS_SERVICE3': '0.0', 'SLOWPOKE_POKER_BATCH_THRESHOLD_SERVICE3': '100', 'SLOWPOKE_IS_TARGET_SERVICE_SERVICE3': 'false', 'SLOWPOKE_DELAY_MICROS_SERVICE4': '0.0', 'SLOWPOKE_POKER_BATCH_THRESHOLD_SERVICE4': '100', 'SLOWPOKE_IS_TARGET_SERVICE_SERVICE4': 'false', 'SLOWPOKE_DELAY_MICROS_SERVICE5': '0.0', 'SLOWPOKE_POKER_BATCH_THRESHOLD_SERVICE5': '100', 'SLOWPOKE_IS_TARGET_SERVICE_SERVICE5': 'true', 'SLOWPOKE_DELAY_MICROS_SERVICE6': '0.0', 'SLOWPOKE_POKER_BATCH_THRESHOLD_SERVICE6': '100', 'SLOWPOKE_IS_TARGET_SERVICE_SERVICE6': 'false', 'SLOWPOKE_DELAY_MICROS_SERVICE7': '0.0', 'SLOWPOKE_POKER_BATCH_THRESHOLD_SERVICE7': '100', 'SLOWPOKE_IS_TARGET_SERVICE_SERVICE7': 'false', 'SLOWPOKE_DELAY_MICROS_SERVICE8': '0.0', 'SLOWPOKE_POKER_BATCH_THRESHOLD_SERVICE8': '100', 'SLOWPOKE_IS_TARGET_SERVICE_SERVICE8': 'false', 'SLOWPOKE_DELAY_MICROS_SERVICE9': '0.0', 'SLOWPOKE_POKER_BATCH_THRESHOLD_SERVICE9': '100', 'SLOWPOKE_IS_TARGET_SERVICE_SERVICE9': 'false', 'SLOWPOKE_DELAY_MICROS_SERVICE10': '0.0', 'SLOWPOKE_POKER_BATCH_THRESHOLD_SERVICE10': '100', 'SLOWPOKE_IS_TARGET_SERVICE_SERVICE10': 'false'}
    [exp] Executing cmd `bash run.sh synthetic fanout-w10-grpc-sync 8 800 20000`:
        [run.sh] Running benchmark synthetic with request fanout-w10-grpc-sync, thread 8, conn 800, duration 60
        [run.sh] Deleting all services
        configmap "config-service0" deleted
        deployment.apps "service0" deleted
        service "service0" deleted
        configmap "config-service1" deleted
        deployment.apps "service1" deleted
        service "service1" deleted
        configmap "config-service10" deleted
        deployment.apps "service10" deleted
        service "service10" deleted
        configmap "config-service2" deleted
        deployment.apps "service2" deleted
        service "service2" deleted
        configmap "config-service3" deleted
        deployment.apps "service3" deleted
        service "service3" deleted
        configmap "config-service4" deleted
        deployment.apps "service4" deleted
        service "service4" deleted
        configmap "config-service5" deleted
        deployment.apps "service5" deleted
        service "service5" deleted
        configmap "config-service6" deleted
        deployment.apps "service6" deleted
        service "service6" deleted
        configmap "config-service7" deleted
        deployment.apps "service7" deleted
        service "service7" deleted
        configmap "config-service8" deleted
        deployment.apps "service8" deleted
        service "service8" deleted
        configmap "config-service9" deleted
        deployment.apps "service9" deleted
        service "service9" deleted
        deployment.apps "ubuntu-client" deleted
        [run.sh] Waiting for all pods to be deleted
        [run.sh] Deploying all services
        configmap/config-service0 created
        deployment.apps/service0 created
        service/service0 created
        configmap/config-service1 created
        deployment.apps/service1 created
        service/service1 created
        configmap/config-service10 created
        deployment.apps/service10 created
        service/service10 created
        configmap/config-service2 created
        deployment.apps/service2 created
        service/service2 created
        configmap/config-service3 created
        deployment.apps/service3 created
        service/service3 created
        configmap/config-service4 created
        deployment.apps/service4 created
        service/service4 created
        configmap/config-service5 created
        deployment.apps/service5 created
        service/service5 created
        configmap/config-service6 created
        deployment.apps/service6 created
        service/service6 created
        configmap/config-service7 created
        deployment.apps/service7 created
        service/service7 created
        configmap/config-service8 created
        deployment.apps/service8 created
        service/service8 created
        configmap/config-service9 created
        deployment.apps/service9 created
        service/service9 created
        [run.sh] Client pod not found, deploying client
        deployment.apps/ubuntu-client created
        [run.sh] Waiting for all pods to be running
        [run.sh] All pods are running
        [run.sh] Checking heartbeat for all services
        [run.sh] Running warmup test
        [run.sh] /wrk/wrk -t8 -c800 --timeout 3s -d3s -L http://service0:80/endpoint1
        Running 3s test @ http://service0:80/endpoint1
        8 threads and 800 connections
        Thread Stats   Avg      Stdev     Max   +/- Stdev
        Latency   807.56ms  260.66ms   1.86s    77.72%
        Req/Sec   137.05     71.52   323.00     66.67%
        Latency Distribution
        50%  753.70ms
        75%  921.26ms
        90%    1.15s
        99%    1.67s
        2657 requests in 3.03s, 412.56KB read
        Requests/sec:    875.74
        Transfer/sec:    135.98KB
        [run.sh] Speed is 875.74, duration is 34
        [run.sh] Fix the request number.
        [run.sh] Running the actual test
        [run.sh] /wrk/wrk --timeout 20s -t8 -c800 -d34s -L -s /wrk/fix_req_n.lua http://service0:80/endpoint1
