[run.sh] Running benchmark boutique with request mix, thread 8, conn 1024, duration 60
[run.sh] Deleting all services
service "cart" deleted
deployment.apps "cart" deleted
service "checkout" deleted
deployment.apps "checkout" deleted
service "currency" deleted
deployment.apps "currency" deleted
service "email" deleted
deployment.apps "email" deleted
service "frontend" deleted
deployment.apps "frontend" deleted
service "payment" deleted
deployment.apps "payment" deleted
service "productcatalog" deleted
deployment.apps "productcatalog" deleted
service "recommendations" deleted
deployment.apps "recommendations" deleted
service "shipping" deleted
deployment.apps "shipping" deleted
deployment.apps "ubuntu-client" deleted
[run.sh] Waiting for all pods to be deleted
[run.sh] Deploying all services
service/cart created
deployment.apps/cart created
service/checkout created
deployment.apps/checkout created
service/currency created
deployment.apps/currency created
service/email created
deployment.apps/email created
service/frontend created
deployment.apps/frontend created
service/payment created
deployment.apps/payment created
service/productcatalog created
deployment.apps/productcatalog created
service/recommendations created
deployment.apps/recommendations created
service/shipping created
deployment.apps/shipping created
[run.sh] Client pod not found, deploying client
deployment.apps/ubuntu-client created
[run.sh] Waiting for all pods to be running
[run.sh] All pods are running
[run.sh] Checking heartbeat for all services
[run.sh] All pods can connect to all services
[run.sh] No population needed for boutique
[run.sh] Running warmup test
[run.sh] /wrk/wrk -t8 -c1024 --timeout 3s -d3s -L -s /wrk/scripts/online-boutique/mix.lua http://frontend:80
Running 3s test @ http://frontend:80
  8 threads and 1024 connections
  Thread Stats   Avg      Stdev     Max   +/- Stdev
    Latency   265.02ms  283.88ms   1.20s    79.75%
    Req/Sec   535.06    204.11     1.10k    73.33%
  Latency Distribution
     50%  131.22ms
     75%  489.30ms
     90%  706.24ms
     99%  842.94ms
  12780 requests in 3.02s, 7.57MB read
Requests/sec:   4226.57
Transfer/sec:      2.50MB
[run.sh] Speed is 4226.57, duration is 7
[run.sh] Fix the request number.
[run.sh] Running the actual test
[run.sh] /wrk/wrk --timeout 20s -t8 -c1024 -d7s -L -s /wrk/scripts/online-boutique/mix.lua http://frontend:80
Running 7s test @ http://frontend:80
  8 threads and 1024 connections
  Thread Stats   Avg      Stdev     Max   +/- Stdev
    Latency   235.92ms  295.08ms   1.15s    76.20%
    Req/Sec   544.33    217.29     1.44k    70.14%
  Latency Distribution
     50%   42.42ms
     75%  490.12ms
     90%  709.35ms
     99%  844.43ms
  20000 requests in 7.00s, 11.75MB read
Requests/sec:   2857.08
Transfer/sec:      1.68MB
------------------------------
stop time: 4.416835
stop time: 4.455485
stop time: 4.541337
stop time: 4.679130
stop time: 4.720645
stop time: 4.773030
stop time: 4.874445
stop time: 4.876677
[run.sh] Checking the resource usage
NAME                              CPU(cores)   MEMORY(bytes)   
cart-74784d9648-pmtnq             5m           3Mi             
checkout-58c6fb676d-rf9g2         5m           3Mi             
currency-5c7fbff5fb-hdsds         5m           3Mi             
email-7d67946c6c-96p2r            5m           3Mi             
frontend-556fd4f99f-jwm7l         5m           3Mi             
payment-7f5bbf99bc-x4hjb          5m           3Mi             
productcatalog-6cf98c84c5-28msd   5m           3Mi             
shipping-989fb8686-82n6g          5m           3Mi             
ubuntu-client-76886f6bbd-hl2ts    10m          0Mi             
[run.sh] Test finished with status 0
