[run.sh] Running benchmark boutique with request mix, thread 8, conn 1024, duration 60
[run.sh] Deleting all services
service "cart" deleted
deployment.apps "cart" deleted
service "checkout" deleted
deployment.apps "checkout" deleted
service "currency" deleted
deployment.apps "currency" deleted
service "email" deleted
deployment.apps "email" deleted
service "frontend" deleted
deployment.apps "frontend" deleted
service "payment" deleted
deployment.apps "payment" deleted
service "productcatalog" deleted
deployment.apps "productcatalog" deleted
service "recommendations" deleted
deployment.apps "recommendations" deleted
service "shipping" deleted
deployment.apps "shipping" deleted
deployment.apps "ubuntu-client" deleted
[run.sh] Waiting for all pods to be deleted
[run.sh] Deploying all services
service/cart created
deployment.apps/cart created
service/checkout created
deployment.apps/checkout created
service/currency created
deployment.apps/currency created
service/email created
deployment.apps/email created
service/frontend created
deployment.apps/frontend created
service/payment created
deployment.apps/payment created
service/productcatalog created
deployment.apps/productcatalog created
service/recommendations created
deployment.apps/recommendations created
service/shipping created
deployment.apps/shipping created
[run.sh] Client pod not found, deploying client
deployment.apps/ubuntu-client created
[run.sh] Waiting for all pods to be running
[run.sh] All pods are running
[run.sh] Checking heartbeat for all services
[run.sh] All pods can connect to all services
[run.sh] No population needed for boutique
[run.sh] Running warmup test
[run.sh] /wrk/wrk -t8 -c1024 --timeout 3s -d3s -L -s /wrk/scripts/online-boutique/mix.lua http://frontend:80
Running 3s test @ http://frontend:80
  8 threads and 1024 connections
  Thread Stats   Avg      Stdev     Max   +/- Stdev
    Latency   275.55ms  290.60ms   1.17s    78.71%
    Req/Sec   519.30    202.88     1.03k    66.67%
  Latency Distribution
     50%  158.38ms
     75%  510.75ms
     90%  716.28ms
     99%  876.39ms
  12411 requests in 3.02s, 7.31MB read
Requests/sec:   4104.26
Transfer/sec:      2.42MB
[run.sh] Speed is 4104.26, duration is 7
[run.sh] Fix the request number.
[run.sh] Running the actual test
[run.sh] /wrk/wrk --timeout 20s -t8 -c1024 -d7s -L -s /wrk/scripts/online-boutique/mix.lua http://frontend:80
Running 7s test @ http://frontend:80
  8 threads and 1024 connections
  Thread Stats   Avg      Stdev     Max   +/- Stdev
    Latency   238.12ms  297.01ms 990.02ms   75.97%
    Req/Sec   535.51    198.37     1.12k    69.89%
  Latency Distribution
     50%   34.78ms
     75%  507.15ms
     90%  714.75ms
     99%  839.01ms
  20000 requests in 7.00s, 11.77MB read
Requests/sec:   2857.08
Transfer/sec:      1.68MB
------------------------------
stop time: 4.609508
stop time: 4.649125
stop time: 4.704588
stop time: 4.749095
stop time: 4.745012
stop time: 4.758250
stop time: 4.799012
stop time: 4.800829
[run.sh] Checking the resource usage
NAME                               CPU(cores)   MEMORY(bytes)   
cart-74784d9648-hbk2w              0m           20Mi            
checkout-58c6fb676d-57dpw          0m           17Mi            
currency-5c7fbff5fb-tdq27          0m           10Mi            
email-7d67946c6c-bthrh             0m           3Mi             
frontend-556fd4f99f-rpwcs          4m           82Mi            
payment-7f5bbf99bc-wlckw           0m           8Mi             
productcatalog-6cf98c84c5-wx79h    0m           10Mi            
recommendations-78b4589544-ljdfq   0m           3Mi             
shipping-989fb8686-g7nn9           0m           8Mi             
ubuntu-client-76886f6bbd-nw8jq     0m           0Mi             
[run.sh] Test finished with status 0
