[config.py] Random numbers for execution time: [270.67383591435816, 422.4904670936999, 478.4923740627711, 702.4764520887513, 827.0622829647525, 1035.5288881175516, 1065.5800257594587, 1218.740352242821]
benchmark                        : synthetic
num_threads                      : 8
num_conns                        : 1024
target_service                   : service0
request_type                     : fanout-w7-http-sync
repetitions                      : 3
target_num_exp                   : 10
pre_run                          : False
num_req                          : 20000
groundtruths                     : []
slowdowns                        : []
predicteds                       : []
errs                             : []
poker_batch_req                  : 100
client_cpu_quota                 : 2
random_seed                      : 25948
request_ratio                    : {'service0': 1, 'service1': 1, 'service2': 1, 'service3': 1, 'service4': 1, 'service5': 1, 'service6': 1, 'service7': 1}
baseline_service_processing_time : {'service0': 1218.74, 'service1': 1065.58, 'service2': 1035.53, 'service3': 827.06, 'service4': 702.48, 'service5': 478.49, 'service6': 422.49, 'service7': 270.67}
cpu_quota                        : {'service0': 2, 'service1': 2, 'service2': 2, 'service3': 2, 'service4': 2, 'service5': 2, 'service6': 2, 'service7': 2}
target_processing_time_range     : [0, 1218.74]
baseline_throughputs             : []
poker_batch                      : 20000000
[test.py] Starting experiment...
[test.py] >>>>>>>>>>>>>>>>>>>>>>>>>>>>> Running experiment 0...
[test.py] Actual processing time range: [0, 121, 242, 363, 484, 605, 726, 847, 968, 1089]
[test.py] Running baseline experiment
    [exp] Running (pre_run: False) workload synthetic/fanout-w7-http-sync request with the following configuration: {'CLIENT_CPU_QUOTA': '2', 'SLOWPOKE_POKER_BATCH_THRESHOLD': '20000000', 'PROCESSING_TIME_SERVICE0': '0.00121874', 'PROCESSING_TIME_SERVICE1': '0.00106558', 'PROCESSING_TIME_SERVICE2': '0.00103553', 'PROCESSING_TIME_SERVICE3': '0.00082706', 'PROCESSING_TIME_SERVICE4': '0.00070248', 'PROCESSING_TIME_SERVICE5': '0.00047849', 'PROCESSING_TIME_SERVICE6': '0.00042249', 'PROCESSING_TIME_SERVICE7': '0.00027067', 'SLOWPOKE_DELAY_MICROS_SERVICE0': '0.0', 'SLOWPOKE_POKER_BATCH_THRESHOLD_SERVICE0': '100', 'SLOWPOKE_IS_TARGET_SERVICE_SERVICE0': 'true', 'SLOWPOKE_DELAY_MICROS_SERVICE1': '0.0', 'SLOWPOKE_POKER_BATCH_THRESHOLD_SERVICE1': '100', 'SLOWPOKE_IS_TARGET_SERVICE_SERVICE1': 'false', 'SLOWPOKE_DELAY_MICROS_SERVICE2': '0.0', 'SLOWPOKE_POKER_BATCH_THRESHOLD_SERVICE2': '100', 'SLOWPOKE_IS_TARGET_SERVICE_SERVICE2': 'false', 'SLOWPOKE_DELAY_MICROS_SERVICE3': '0.0', 'SLOWPOKE_POKER_BATCH_THRESHOLD_SERVICE3': '100', 'SLOWPOKE_IS_TARGET_SERVICE_SERVICE3': 'false', 'SLOWPOKE_DELAY_MICROS_SERVICE4': '0.0', 'SLOWPOKE_POKER_BATCH_THRESHOLD_SERVICE4': '100', 'SLOWPOKE_IS_TARGET_SERVICE_SERVICE4': 'false', 'SLOWPOKE_DELAY_MICROS_SERVICE5': '0.0', 'SLOWPOKE_POKER_BATCH_THRESHOLD_SERVICE5': '100', 'SLOWPOKE_IS_TARGET_SERVICE_SERVICE5': 'false', 'SLOWPOKE_DELAY_MICROS_SERVICE6': '0.0', 'SLOWPOKE_POKER_BATCH_THRESHOLD_SERVICE6': '100', 'SLOWPOKE_IS_TARGET_SERVICE_SERVICE6': 'false', 'SLOWPOKE_DELAY_MICROS_SERVICE7': '0.0', 'SLOWPOKE_POKER_BATCH_THRESHOLD_SERVICE7': '100', 'SLOWPOKE_IS_TARGET_SERVICE_SERVICE7': 'false'}
    [exp] Executing cmd `bash run.sh synthetic fanout-w7-http-sync 8 1024 20000`:
        [run.sh] Running benchmark synthetic with request fanout-w7-http-sync, thread 8, conn 1024, duration 60
        [run.sh] Deleting all services
        configmap "config-service0" deleted
        deployment.apps "service0" deleted
        service "service0" deleted
        configmap "config-service1" deleted
        deployment.apps "service1" deleted
        service "service1" deleted
        configmap "config-service2" deleted
        deployment.apps "service2" deleted
        service "service2" deleted
        configmap "config-service3" deleted
        deployment.apps "service3" deleted
        service "service3" deleted
        configmap "config-service4" deleted
        deployment.apps "service4" deleted
        service "service4" deleted
        configmap "config-service5" deleted
        deployment.apps "service5" deleted
        service "service5" deleted
        configmap "config-service6" deleted
        deployment.apps "service6" deleted
        service "service6" deleted
        configmap "config-service7" deleted
        deployment.apps "service7" deleted
        service "service7" deleted
        deployment.apps "ubuntu-client" deleted
        [run.sh] Waiting for all pods to be deleted
        [run.sh] Deploying all services
        configmap/config-service0 created
        deployment.apps/service0 created
        service/service0 created
        configmap/config-service1 created
        deployment.apps/service1 created
        service/service1 created
        configmap/config-service2 created
        deployment.apps/service2 created
        service/service2 created
        configmap/config-service3 created
        deployment.apps/service3 created
        service/service3 created
        configmap/config-service4 created
        deployment.apps/service4 created
        service/service4 created
        configmap/config-service5 created
        deployment.apps/service5 created
        service/service5 created
        configmap/config-service6 created
        deployment.apps/service6 created
        service/service6 created
        configmap/config-service7 created
        deployment.apps/service7 created
        service/service7 created
        [run.sh] Client pod not found, deploying client
        deployment.apps/ubuntu-client created
        [run.sh] Waiting for all pods to be running
        [run.sh] All pods are running
        [run.sh] Checking heartbeat for all services
        [run.sh] All pods can connect to all services
        [run.sh] Running warmup test
        [run.sh] /wrk/wrk -t8 -c1024 --timeout 3s -d3s -L http://service0:80/endpoint1
        Running 3s test @ http://service0:80/endpoint1
        8 threads and 1024 connections
        Thread Stats   Avg      Stdev     Max   +/- Stdev
        Latency     1.71s   591.14ms   2.97s    60.28%
        Req/Sec    85.95     51.63   222.00     65.84%
        Latency Distribution
        50%    1.68s
        75%    2.10s
        90%    2.64s
        99%    2.86s
        1440 requests in 3.03s, 223.59KB read
        Requests/sec:    474.47
        Transfer/sec:     73.67KB
        [run.sh] Speed is 474.47, duration is 63
        [run.sh] Fix the request number.
        [run.sh] Running the actual test
        [run.sh] /wrk/wrk --timeout 20s -t8 -c1024 -d63s -L -s /wrk/fix_req_n.lua http://service0:80/endpoint1
        [run.sh] Checking the resource usage
        NAME                             CPU(cores)   MEMORY(bytes)
        service0-8cfffb9b9-hhnvh         1909m        164Mi
        service1-7585bd9d88-kjrjp        884m         26Mi
        service2-958786d58-twvlr         831m         23Mi
        service3-6ddd8b8f64-9k9h5        708m         28Mi
        service4-9bb5bd9fd-gbnpg         608m         22Mi
        service5-65b54fcdcb-sr2br        472m         19Mi
        service6-7dcff5bc4-lj7lv         489m         77Mi
        service7-7758b6668-dqk9h         326m         25Mi
        ubuntu-client-76886f6bbd-w72z7   36m          28Mi
        Running 1m test @ http://service0:80/endpoint1
        8 threads and 1024 connections
        Thread Stats   Avg      Stdev     Max   +/- Stdev
        Latency     1.43s   430.16ms   3.33s    70.71%
        Req/Sec    90.87     50.20   270.00     65.87%
        Latency Distribution
        50%    1.40s
        75%    1.69s
        90%    1.99s
        99%    2.59s
        20000 requests in 1.05m, 3.03MB read
        Requests/sec:    317.46
        Transfer/sec:     49.29KB
        ------------------------------
        stop time: 28.391023
        stop time: 28.646909
        stop time: 28.508165
        stop time: 28.640233
        stop time: 28.493478
        stop time: 28.667286
        stop time: 28.657864
        stop time: 28.561927
        [run.sh] Test finished with status 0
        > STDERR
        > No resources found in default namespace.
    [exp] Times: [28.391023, 28.646909, 28.508165, 28.640233, 28.493478, 28.667286, 28.657864, 28.561927]
    [exp] Throughput: 700.0139149641035
[test.py] Baseline throughput: 700.0139149641035
[test.py] Running 0th optmization experiment
[test.py] Running 0th groundtruth exp
    [exp] Running (pre_run: False) workload synthetic/fanout-w7-http-sync request with the following configuration: {'CLIENT_CPU_QUOTA': '2', 'SLOWPOKE_POKER_BATCH_THRESHOLD': '20000000', 'PROCESSING_TIME_SERVICE0': '0.0', 'PROCESSING_TIME_SERVICE1': '0.00106558', 'PROCESSING_TIME_SERVICE2': '0.00103553', 'PROCESSING_TIME_SERVICE3': '0.00082706', 'PROCESSING_TIME_SERVICE4': '0.00070248', 'PROCESSING_TIME_SERVICE5': '0.00047849', 'PROCESSING_TIME_SERVICE6': '0.00042249', 'PROCESSING_TIME_SERVICE7': '0.00027067', 'SLOWPOKE_DELAY_MICROS_SERVICE0': '0.0', 'SLOWPOKE_POKER_BATCH_THRESHOLD_SERVICE0': '100', 'SLOWPOKE_IS_TARGET_SERVICE_SERVICE0': 'true', 'SLOWPOKE_DELAY_MICROS_SERVICE1': '0.0', 'SLOWPOKE_POKER_BATCH_THRESHOLD_SERVICE1': '100', 'SLOWPOKE_IS_TARGET_SERVICE_SERVICE1': 'false', 'SLOWPOKE_DELAY_MICROS_SERVICE2': '0.0', 'SLOWPOKE_POKER_BATCH_THRESHOLD_SERVICE2': '100', 'SLOWPOKE_IS_TARGET_SERVICE_SERVICE2': 'false', 'SLOWPOKE_DELAY_MICROS_SERVICE3': '0.0', 'SLOWPOKE_POKER_BATCH_THRESHOLD_SERVICE3': '100', 'SLOWPOKE_IS_TARGET_SERVICE_SERVICE3': 'false', 'SLOWPOKE_DELAY_MICROS_SERVICE4': '0.0', 'SLOWPOKE_POKER_BATCH_THRESHOLD_SERVICE4': '100', 'SLOWPOKE_IS_TARGET_SERVICE_SERVICE4': 'false', 'SLOWPOKE_DELAY_MICROS_SERVICE5': '0.0', 'SLOWPOKE_POKER_BATCH_THRESHOLD_SERVICE5': '100', 'SLOWPOKE_IS_TARGET_SERVICE_SERVICE5': 'false', 'SLOWPOKE_DELAY_MICROS_SERVICE6': '0.0', 'SLOWPOKE_POKER_BATCH_THRESHOLD_SERVICE6': '100', 'SLOWPOKE_IS_TARGET_SERVICE_SERVICE6': 'false', 'SLOWPOKE_DELAY_MICROS_SERVICE7': '0.0', 'SLOWPOKE_POKER_BATCH_THRESHOLD_SERVICE7': '100', 'SLOWPOKE_IS_TARGET_SERVICE_SERVICE7': 'false'}
    [exp] Executing cmd `bash run.sh synthetic fanout-w7-http-sync 8 1024 20000`:
        [run.sh] Running benchmark synthetic with request fanout-w7-http-sync, thread 8, conn 1024, duration 60
        [run.sh] Deleting all services
        configmap "config-service0" deleted
        deployment.apps "service0" deleted
        service "service0" deleted
        configmap "config-service1" deleted
        deployment.apps "service1" deleted
        service "service1" deleted
        configmap "config-service2" deleted
        deployment.apps "service2" deleted
        service "service2" deleted
        configmap "config-service3" deleted
        deployment.apps "service3" deleted
        service "service3" deleted
        configmap "config-service4" deleted
        deployment.apps "service4" deleted
        service "service4" deleted
        configmap "config-service5" deleted
        deployment.apps "service5" deleted
        service "service5" deleted
        configmap "config-service6" deleted
        deployment.apps "service6" deleted
        service "service6" deleted
        configmap "config-service7" deleted
        deployment.apps "service7" deleted
        service "service7" deleted
        deployment.apps "ubuntu-client" deleted
        [run.sh] Waiting for all pods to be deleted
        [run.sh] Deploying all services
        configmap/config-service0 created
        deployment.apps/service0 created
        service/service0 created
        configmap/config-service1 created
        deployment.apps/service1 created
        service/service1 created
        configmap/config-service2 created
        deployment.apps/service2 created
        service/service2 created
        configmap/config-service3 created
        deployment.apps/service3 created
        service/service3 created
        configmap/config-service4 created
        deployment.apps/service4 created
        service/service4 created
        configmap/config-service5 created
        deployment.apps/service5 created
        service/service5 created
        configmap/config-service6 created
        deployment.apps/service6 created
        service/service6 created
        configmap/config-service7 created
        deployment.apps/service7 created
        service/service7 created
        [run.sh] Client pod not found, deploying client
        deployment.apps/ubuntu-client created
        [run.sh] Waiting for all pods to be running
        [run.sh] All pods are running
        [run.sh] Checking heartbeat for all services
        [run.sh] All pods can connect to all services
        [run.sh] Running warmup test
        [run.sh] /wrk/wrk -t8 -c1024 --timeout 3s -d3s -L http://service0:80/endpoint1
        Running 3s test @ http://service0:80/endpoint1
        8 threads and 1024 connections
        Thread Stats   Avg      Stdev     Max   +/- Stdev
        Latency   617.34ms  381.38ms   2.76s    76.68%
        Req/Sec   204.52     63.61   333.00     67.13%
        Latency Distribution
        50%  542.61ms
        75%  776.59ms
        90%    1.06s
        99%    1.95s
        4537 requests in 3.04s, 704.48KB read
        Requests/sec:   1494.47
        Transfer/sec:    232.05KB
        [run.sh] Speed is 1494.47, duration is 20
        [run.sh] Fix the request number.
        [run.sh] Running the actual test
        [run.sh] /wrk/wrk --timeout 20s -t8 -c1024 -d20s -L -s /wrk/fix_req_n.lua http://service0:80/endpoint1
        Running 20s test @ http://service0:80/endpoint1
        8 threads and 1024 connections
        Thread Stats   Avg      Stdev     Max   +/- Stdev
        Latency   740.48ms  277.27ms   2.29s    70.16%
        Req/Sec   169.67     82.57   450.00     66.47%
        Latency Distribution
        50%  718.46ms
        75%  913.27ms
        90%    1.09s
        99%    1.53s
        20000 requests in 20.00s, 3.03MB read
        Requests/sec:    999.99
        Transfer/sec:    155.27KB
        ------------------------------
        stop time: 14.748332
        stop time: 14.564046
        stop time: 14.699319
        stop time: 15.033244
        stop time: 15.090246
        stop time: 15.103759
        stop time: 15.033942
        stop time: 14.989766
        [run.sh] Checking the resource usage
        NAME                             CPU(cores)   MEMORY(bytes)
        service0-8cfffb9b9-p4ts5         604m         130Mi
        service1-7585bd9d88-bh2f2        341m         62Mi
        service2-958786d58-qrkbs         394m         22Mi
        service3-6ddd8b8f64-786cd        295m         21Mi
        service4-9bb5bd9fd-cl2l5         185m         20Mi
        service5-65b54fcdcb-v9gkx        143m         17Mi
        service6-7dcff5bc4-4w5t4         50m          18Mi
        service7-7758b6668-w9hqn         9m           18Mi
        ubuntu-client-76886f6bbd-7ft6g   11m          22Mi
        [run.sh] Test finished with status 0
        > STDERR
        > No resources found in default namespace.
    [exp] Times: [14.748332, 14.564046, 14.699319, 15.033244, 15.090246, 15.103759, 15.033942, 14.989766]
    [exp] Throughput: 1341.5767185593572
[test.py] Running 0th slowdown exp
    [exp] Running (pre_run: False) workload synthetic/fanout-w7-http-sync request with the following configuration: {'CLIENT_CPU_QUOTA': '2', 'SLOWPOKE_POKER_BATCH_THRESHOLD': '20000000', 'PROCESSING_TIME_SERVICE0': '0.00121874', 'PROCESSING_TIME_SERVICE1': '0.00106558', 'PROCESSING_TIME_SERVICE2': '0.00103553', 'PROCESSING_TIME_SERVICE3': '0.00082706', 'PROCESSING_TIME_SERVICE4': '0.00070248', 'PROCESSING_TIME_SERVICE5': '0.00047849', 'PROCESSING_TIME_SERVICE6': '0.00042249', 'PROCESSING_TIME_SERVICE7': '0.00027067', 'SLOWPOKE_DELAY_MICROS_SERVICE0': '0.0', 'SLOWPOKE_POKER_BATCH_THRESHOLD_SERVICE0': '100', 'SLOWPOKE_IS_TARGET_SERVICE_SERVICE0': 'true', 'SLOWPOKE_DELAY_MICROS_SERVICE1': '609.0', 'SLOWPOKE_POKER_BATCH_THRESHOLD_SERVICE1': '100', 'SLOWPOKE_IS_TARGET_SERVICE_SERVICE1': 'false', 'SLOWPOKE_DELAY_MICROS_SERVICE2': '609.0', 'SLOWPOKE_POKER_BATCH_THRESHOLD_SERVICE2': '100', 'SLOWPOKE_IS_TARGET_SERVICE_SERVICE2': 'false', 'SLOWPOKE_DELAY_MICROS_SERVICE3': '609.0', 'SLOWPOKE_POKER_BATCH_THRESHOLD_SERVICE3': '100', 'SLOWPOKE_IS_TARGET_SERVICE_SERVICE3': 'false', 'SLOWPOKE_DELAY_MICROS_SERVICE4': '609.0', 'SLOWPOKE_POKER_BATCH_THRESHOLD_SERVICE4': '100', 'SLOWPOKE_IS_TARGET_SERVICE_SERVICE4': 'false', 'SLOWPOKE_DELAY_MICROS_SERVICE5': '609.0', 'SLOWPOKE_POKER_BATCH_THRESHOLD_SERVICE5': '100', 'SLOWPOKE_IS_TARGET_SERVICE_SERVICE5': 'false', 'SLOWPOKE_DELAY_MICROS_SERVICE6': '609.0', 'SLOWPOKE_POKER_BATCH_THRESHOLD_SERVICE6': '100', 'SLOWPOKE_IS_TARGET_SERVICE_SERVICE6': 'false', 'SLOWPOKE_DELAY_MICROS_SERVICE7': '609.0', 'SLOWPOKE_POKER_BATCH_THRESHOLD_SERVICE7': '100', 'SLOWPOKE_IS_TARGET_SERVICE_SERVICE7': 'false'}
    [exp] Executing cmd `bash run.sh synthetic fanout-w7-http-sync 8 1024 20000`:
        [run.sh] Running benchmark synthetic with request fanout-w7-http-sync, thread 8, conn 1024, duration 60
        [run.sh] Deleting all services
        configmap "config-service0" deleted
        deployment.apps "service0" deleted
        service "service0" deleted
        configmap "config-service1" deleted
        deployment.apps "service1" deleted
        service "service1" deleted
        configmap "config-service2" deleted
        deployment.apps "service2" deleted
        service "service2" deleted
        configmap "config-service3" deleted
        deployment.apps "service3" deleted
        service "service3" deleted
        configmap "config-service4" deleted
        deployment.apps "service4" deleted
        service "service4" deleted
        configmap "config-service5" deleted
        deployment.apps "service5" deleted
        service "service5" deleted
        configmap "config-service6" deleted
        deployment.apps "service6" deleted
        service "service6" deleted
        configmap "config-service7" deleted
        deployment.apps "service7" deleted
        service "service7" deleted
        deployment.apps "ubuntu-client" deleted
        [run.sh] Waiting for all pods to be deleted
        [run.sh] Deploying all services
        configmap/config-service0 created
        deployment.apps/service0 created
        service/service0 created
        configmap/config-service1 created
        deployment.apps/service1 created
        service/service1 created
        configmap/config-service2 created
        deployment.apps/service2 created
        service/service2 created
        configmap/config-service3 created
        deployment.apps/service3 created
        service/service3 created
        configmap/config-service4 created
        deployment.apps/service4 created
        service/service4 created
        configmap/config-service5 created
        deployment.apps/service5 created
        service/service5 created
        configmap/config-service6 created
        deployment.apps/service6 created
        service/service6 created
        configmap/config-service7 created
        deployment.apps/service7 created
        service/service7 created
        [run.sh] Client pod not found, deploying client
        deployment.apps/ubuntu-client created
        [run.sh] Waiting for all pods to be running
        [run.sh] All pods are running
        [run.sh] Checking heartbeat for all services
        [run.sh] All pods can connect to all services
        [run.sh] Running warmup test
        [run.sh] /wrk/wrk -t8 -c1024 --timeout 3s -d3s -L http://service0:80/endpoint1
        Running 3s test @ http://service0:80/endpoint1
        8 threads and 1024 connections
        Thread Stats   Avg      Stdev     Max   +/- Stdev
        Latency     1.63s   477.20ms   2.81s    66.51%
        Req/Sec    93.05     43.71   212.00     71.90%
        Latency Distribution
        50%    1.53s
        75%    1.96s
        90%    2.40s
        99%    2.66s
        1466 requests in 3.04s, 227.63KB read
        Requests/sec:    482.64
        Transfer/sec:     74.94KB
        [run.sh] Speed is 482.64, duration is 62
        [run.sh] Fix the request number.
        [run.sh] Running the actual test
        [run.sh] /wrk/wrk --timeout 20s -t8 -c1024 -d62s -L -s /wrk/fix_req_n.lua http://service0:80/endpoint1
        [run.sh] Checking the resource usage
        NAME                             CPU(cores)   MEMORY(bytes)
        service0-8cfffb9b9-wghdn         1913m        147Mi
        service1-7c4bc4bcb5-nrnhp        928m         31Mi
        service2-5c679f8bf5-z7rmb        891m         26Mi
        service3-cbb98fd5c-cbwx2         740m         24Mi
        service4-644cf677d7-2vxcv        642m         24Mi
        service5-7584c84b9-gb6sr         475m         22Mi
        service6-f9777d9b7-zl4tw         437m         20Mi
        service7-5475f7b45c-cqx29        317m         17Mi
        ubuntu-client-76886f6bbd-flvrd   35m          28Mi
        Running 1m test @ http://service0:80/endpoint1
        8 threads and 1024 connections
        Thread Stats   Avg      Stdev     Max   +/- Stdev
        Latency     1.36s   405.56ms   4.79s    72.43%
        Req/Sec    95.09     53.47   320.00     65.83%
        Latency Distribution
        50%    1.33s
        75%    1.59s
        90%    1.84s
        99%    2.59s
        20000 requests in 1.03m, 3.03MB read
        Requests/sec:    322.58
        Transfer/sec:     50.09KB
        ------------------------------
        stop time: 27.125872
        stop time: 27.371710
        stop time: 27.308757
        stop time: 27.203042
        stop time: 27.203497
        stop time: 27.142215
        stop time: 27.132588
        stop time: 27.442114
        [run.sh] Test finished with status 0
        > STDERR
        > No resources found in default namespace.
    [exp] Times: [27.125872, 27.37171, 27.308757, 27.203042, 27.203497, 27.142215, 27.132588, 27.442114]
    [exp] Throughput: 734.1813908465339
[test.py] Finished running 0th optmization experiment: groundtruth->1341.5767185593572, slowdown->734.1813908465339, predicted->1328.5660508444716, err->-0.9698042262433564
[test.py] Running 1th optmization experiment
[test.py] Running 1th groundtruth exp
    [exp] Running (pre_run: False) workload synthetic/fanout-w7-http-sync request with the following configuration: {'CLIENT_CPU_QUOTA': '2', 'SLOWPOKE_POKER_BATCH_THRESHOLD': '20000000', 'PROCESSING_TIME_SERVICE0': '0.000121', 'PROCESSING_TIME_SERVICE1': '0.00106558', 'PROCESSING_TIME_SERVICE2': '0.00103553', 'PROCESSING_TIME_SERVICE3': '0.00082706', 'PROCESSING_TIME_SERVICE4': '0.00070248', 'PROCESSING_TIME_SERVICE5': '0.00047849', 'PROCESSING_TIME_SERVICE6': '0.00042249', 'PROCESSING_TIME_SERVICE7': '0.00027067', 'SLOWPOKE_DELAY_MICROS_SERVICE0': '0.0', 'SLOWPOKE_POKER_BATCH_THRESHOLD_SERVICE0': '100', 'SLOWPOKE_IS_TARGET_SERVICE_SERVICE0': 'true', 'SLOWPOKE_DELAY_MICROS_SERVICE1': '0.0', 'SLOWPOKE_POKER_BATCH_THRESHOLD_SERVICE1': '100', 'SLOWPOKE_IS_TARGET_SERVICE_SERVICE1': 'false', 'SLOWPOKE_DELAY_MICROS_SERVICE2': '0.0', 'SLOWPOKE_POKER_BATCH_THRESHOLD_SERVICE2': '100', 'SLOWPOKE_IS_TARGET_SERVICE_SERVICE2': 'false', 'SLOWPOKE_DELAY_MICROS_SERVICE3': '0.0', 'SLOWPOKE_POKER_BATCH_THRESHOLD_SERVICE3': '100', 'SLOWPOKE_IS_TARGET_SERVICE_SERVICE3': 'false', 'SLOWPOKE_DELAY_MICROS_SERVICE4': '0.0', 'SLOWPOKE_POKER_BATCH_THRESHOLD_SERVICE4': '100', 'SLOWPOKE_IS_TARGET_SERVICE_SERVICE4': 'false', 'SLOWPOKE_DELAY_MICROS_SERVICE5': '0.0', 'SLOWPOKE_POKER_BATCH_THRESHOLD_SERVICE5': '100', 'SLOWPOKE_IS_TARGET_SERVICE_SERVICE5': 'false', 'SLOWPOKE_DELAY_MICROS_SERVICE6': '0.0', 'SLOWPOKE_POKER_BATCH_THRESHOLD_SERVICE6': '100', 'SLOWPOKE_IS_TARGET_SERVICE_SERVICE6': 'false', 'SLOWPOKE_DELAY_MICROS_SERVICE7': '0.0', 'SLOWPOKE_POKER_BATCH_THRESHOLD_SERVICE7': '100', 'SLOWPOKE_IS_TARGET_SERVICE_SERVICE7': 'false'}
    [exp] Executing cmd `bash run.sh synthetic fanout-w7-http-sync 8 1024 20000`:
        [run.sh] Running benchmark synthetic with request fanout-w7-http-sync, thread 8, conn 1024, duration 60
        [run.sh] Deleting all services
        configmap "config-service0" deleted
        deployment.apps "service0" deleted
        service "service0" deleted
        configmap "config-service1" deleted
        deployment.apps "service1" deleted
        service "service1" deleted
        configmap "config-service2" deleted
        deployment.apps "service2" deleted
        service "service2" deleted
        configmap "config-service3" deleted
        deployment.apps "service3" deleted
        service "service3" deleted
        configmap "config-service4" deleted
        deployment.apps "service4" deleted
        service "service4" deleted
        configmap "config-service5" deleted
        deployment.apps "service5" deleted
        service "service5" deleted
        configmap "config-service6" deleted
        deployment.apps "service6" deleted
        service "service6" deleted
        configmap "config-service7" deleted
        deployment.apps "service7" deleted
        service "service7" deleted
        deployment.apps "ubuntu-client" deleted
        [run.sh] Waiting for all pods to be deleted
        [run.sh] Deploying all services
        configmap/config-service0 created
        deployment.apps/service0 created
        service/service0 created
        configmap/config-service1 created
        deployment.apps/service1 created
        service/service1 created
        configmap/config-service2 created
        deployment.apps/service2 created
        service/service2 created
        configmap/config-service3 created
        deployment.apps/service3 created
        service/service3 created
        configmap/config-service4 created
        deployment.apps/service4 created
        service/service4 created
        configmap/config-service5 created
        deployment.apps/service5 created
        service/service5 created
        configmap/config-service6 created
        deployment.apps/service6 created
        service/service6 created
        configmap/config-service7 created
        deployment.apps/service7 created
        service/service7 created
        [run.sh] Client pod not found, deploying client
        deployment.apps/ubuntu-client created
        [run.sh] Waiting for all pods to be running
        [run.sh] All pods are running
        [run.sh] Checking heartbeat for all services
        [run.sh] All pods can connect to all services
        [run.sh] Running warmup test
        [run.sh] /wrk/wrk -t8 -c1024 --timeout 3s -d3s -L http://service0:80/endpoint1
        Running 3s test @ http://service0:80/endpoint1
        8 threads and 1024 connections
        Thread Stats   Avg      Stdev     Max   +/- Stdev
        Latency   823.09ms  475.05ms   2.81s    77.67%
        Req/Sec   152.88     67.78   330.00     64.65%
        Latency Distribution
        50%  721.34ms
        75%    1.00s
        90%    1.47s
        99%    2.53s
        3350 requests in 3.04s, 520.17KB read
        Requests/sec:   1102.35
        Transfer/sec:    171.17KB
        [run.sh] Speed is 1102.35, duration is 27
        [run.sh] Fix the request number.
        [run.sh] Running the actual test
        [run.sh] /wrk/wrk --timeout 20s -t8 -c1024 -d27s -L -s /wrk/fix_req_n.lua http://service0:80/endpoint1
        Running 27s test @ http://service0:80/endpoint1
        8 threads and 1024 connections
        Thread Stats   Avg      Stdev     Max   +/- Stdev
        Latency   661.41ms  416.14ms   3.99s    77.49%
        Req/Sec   189.85     72.58   393.00     68.03%
        Latency Distribution
        50%  575.53ms
        75%  827.67ms
        90%    1.16s
        99%    2.22s
        20000 requests in 27.00s, 3.03MB read
        Requests/sec:    740.74
        Transfer/sec:    115.02KB
        ------------------------------
        stop time: 13.592885
        stop time: 13.412196
        stop time: 13.295334
        stop time: 13.124034
        stop time: 13.251373
        stop time: 13.612215
        stop time: 13.139923
        stop time: 13.511554
        [run.sh] Checking the resource usage
        NAME                             CPU(cores)   MEMORY(bytes)
        service0-8cfffb9b9-cjgxw         1844m        142Mi
        service1-7585bd9d88-hvsl4        1931m        67Mi
        service2-958786d58-9294s         1900m        24Mi
        service3-6ddd8b8f64-v74ws        1536m        21Mi
        service4-9bb5bd9fd-bdkp5         1277m        20Mi
        service5-65b54fcdcb-vswzv        984m         17Mi
        service6-7dcff5bc4-rszcb         807m         17Mi
        service7-7758b6668-f8bj7         567m         16Mi
        ubuntu-client-76886f6bbd-q5p2j   59m          27Mi
        [run.sh] Test finished with status 0
        > STDERR
        > No resources found in default namespace.
    [exp] Times: [13.592885, 13.412196, 13.295334, 13.124034, 13.251373, 13.612215, 13.139923, 13.511554]
    [exp] Throughput: 1496.1728739481648
[test.py] Running 1th slowdown exp
    [exp] Running (pre_run: False) workload synthetic/fanout-w7-http-sync request with the following configuration: {'CLIENT_CPU_QUOTA': '2', 'SLOWPOKE_POKER_BATCH_THRESHOLD': '20000000', 'PROCESSING_TIME_SERVICE0': '0.00121874', 'PROCESSING_TIME_SERVICE1': '0.00106558', 'PROCESSING_TIME_SERVICE2': '0.00103553', 'PROCESSING_TIME_SERVICE3': '0.00082706', 'PROCESSING_TIME_SERVICE4': '0.00070248', 'PROCESSING_TIME_SERVICE5': '0.00047849', 'PROCESSING_TIME_SERVICE6': '0.00042249', 'PROCESSING_TIME_SERVICE7': '0.00027067', 'SLOWPOKE_DELAY_MICROS_SERVICE0': '0.0', 'SLOWPOKE_POKER_BATCH_THRESHOLD_SERVICE0': '100', 'SLOWPOKE_IS_TARGET_SERVICE_SERVICE0': 'true', 'SLOWPOKE_DELAY_MICROS_SERVICE1': '548.5', 'SLOWPOKE_POKER_BATCH_THRESHOLD_SERVICE1': '100', 'SLOWPOKE_IS_TARGET_SERVICE_SERVICE1': 'false', 'SLOWPOKE_DELAY_MICROS_SERVICE2': '548.5', 'SLOWPOKE_POKER_BATCH_THRESHOLD_SERVICE2': '100', 'SLOWPOKE_IS_TARGET_SERVICE_SERVICE2': 'false', 'SLOWPOKE_DELAY_MICROS_SERVICE3': '548.5', 'SLOWPOKE_POKER_BATCH_THRESHOLD_SERVICE3': '100', 'SLOWPOKE_IS_TARGET_SERVICE_SERVICE3': 'false', 'SLOWPOKE_DELAY_MICROS_SERVICE4': '548.5', 'SLOWPOKE_POKER_BATCH_THRESHOLD_SERVICE4': '100', 'SLOWPOKE_IS_TARGET_SERVICE_SERVICE4': 'false', 'SLOWPOKE_DELAY_MICROS_SERVICE5': '548.5', 'SLOWPOKE_POKER_BATCH_THRESHOLD_SERVICE5': '100', 'SLOWPOKE_IS_TARGET_SERVICE_SERVICE5': 'false', 'SLOWPOKE_DELAY_MICROS_SERVICE6': '548.5', 'SLOWPOKE_POKER_BATCH_THRESHOLD_SERVICE6': '100', 'SLOWPOKE_IS_TARGET_SERVICE_SERVICE6': 'false', 'SLOWPOKE_DELAY_MICROS_SERVICE7': '548.5', 'SLOWPOKE_POKER_BATCH_THRESHOLD_SERVICE7': '100', 'SLOWPOKE_IS_TARGET_SERVICE_SERVICE7': 'false'}
    [exp] Executing cmd `bash run.sh synthetic fanout-w7-http-sync 8 1024 20000`:
        [run.sh] Running benchmark synthetic with request fanout-w7-http-sync, thread 8, conn 1024, duration 60
        [run.sh] Deleting all services
        configmap "config-service0" deleted
        deployment.apps "service0" deleted
        service "service0" deleted
        configmap "config-service1" deleted
        deployment.apps "service1" deleted
        service "service1" deleted
        configmap "config-service2" deleted
        deployment.apps "service2" deleted
        service "service2" deleted
        configmap "config-service3" deleted
        deployment.apps "service3" deleted
        service "service3" deleted
        configmap "config-service4" deleted
        deployment.apps "service4" deleted
        service "service4" deleted
        configmap "config-service5" deleted
        deployment.apps "service5" deleted
        service "service5" deleted
        configmap "config-service6" deleted
        deployment.apps "service6" deleted
        service "service6" deleted
        configmap "config-service7" deleted
        deployment.apps "service7" deleted
        service "service7" deleted
        deployment.apps "ubuntu-client" deleted
        [run.sh] Waiting for all pods to be deleted
        [run.sh] Deploying all services
        configmap/config-service0 created
        deployment.apps/service0 created
        service/service0 created
        configmap/config-service1 created
        deployment.apps/service1 created
        service/service1 created
        configmap/config-service2 created
        deployment.apps/service2 created
        service/service2 created
        configmap/config-service3 created
        deployment.apps/service3 created
        service/service3 created
        configmap/config-service4 created
        deployment.apps/service4 created
        service/service4 created
        configmap/config-service5 created
        deployment.apps/service5 created
        service/service5 created
        configmap/config-service6 created
        deployment.apps/service6 created
        service/service6 created
        configmap/config-service7 created
        deployment.apps/service7 created
        service/service7 created
        [run.sh] Client pod not found, deploying client
        deployment.apps/ubuntu-client created
        [run.sh] Waiting for all pods to be running
        [run.sh] All pods are running
        [run.sh] Checking heartbeat for all services
        [run.sh] All pods can connect to all services
        [run.sh] Running warmup test
        [run.sh] /wrk/wrk -t8 -c1024 --timeout 3s -d3s -L http://service0:80/endpoint1
        Running 3s test @ http://service0:80/endpoint1
        8 threads and 1024 connections
        Thread Stats   Avg      Stdev     Max   +/- Stdev
        Latency     1.44s   642.39ms   2.99s    67.02%
        Req/Sec    84.45     45.00   212.00     69.70%
        Latency Distribution
        50%    1.36s
        75%    1.87s
        90%    2.35s
        99%    2.94s
        1431 requests in 3.04s, 222.20KB read
        Requests/sec:    470.39
        Transfer/sec:     73.04KB
        [run.sh] Speed is 470.39, duration is 63
        [run.sh] Fix the request number.
        [run.sh] Running the actual test
        [run.sh] /wrk/wrk --timeout 20s -t8 -c1024 -d63s -L -s /wrk/fix_req_n.lua http://service0:80/endpoint1
        [run.sh] Checking the resource usage
        NAME                             CPU(cores)   MEMORY(bytes)
        service0-8cfffb9b9-sff44         1572m        115Mi
        service1-779d96c9c6-xw9hg        882m         29Mi
        service2-574f4b56db-gcbkg        830m         27Mi
        service3-58d676949b-zp6c8        714m         24Mi
        service4-6dc48bd67d-8nxwn        631m         21Mi
        service5-757bf9744-6j6rn         490m         20Mi
        service6-65bd6c955d-7s6qq        432m         21Mi
        service7-576f49f556-gcl8w        319m         23Mi
        ubuntu-client-76886f6bbd-f4j9l   32m          26Mi
        Running 1m test @ http://service0:80/endpoint1
        8 threads and 1024 connections
        Thread Stats   Avg      Stdev     Max   +/- Stdev
        Latency     1.37s   373.54ms   3.27s    70.57%
        Req/Sec    94.21     49.42   300.00     68.29%
        Latency Distribution
        50%    1.35s
        75%    1.59s
        90%    1.83s
        99%    2.39s
        20000 requests in 1.05m, 3.03MB read
        Requests/sec:    317.46
        Transfer/sec:     49.29KB
        ------------------------------
        stop time: 27.297545
        stop time: 27.440583
        stop time: 27.215314
        stop time: 27.304047
        stop time: 27.415657
        stop time: 27.401814
        stop time: 27.411601
        stop time: 27.596837
        [run.sh] Test finished with status 0
        > STDERR
        > No resources found in default namespace.
    [exp] Times: [27.297545, 27.440583, 27.215314, 27.304047, 27.415657, 27.401814, 27.411601, 27.596837]
    [exp] Throughput: 730.3154938285192
[test.py] Finished running 1th optmization experiment: groundtruth->1496.1728739481648, slowdown->730.3154938285192, predicted->1218.9157625447879, err->-18.53108796657562
[test.py] Running 2th optmization experiment
[test.py] Running 2th groundtruth exp
    [exp] Running (pre_run: False) workload synthetic/fanout-w7-http-sync request with the following configuration: {'CLIENT_CPU_QUOTA': '2', 'SLOWPOKE_POKER_BATCH_THRESHOLD': '20000000', 'PROCESSING_TIME_SERVICE0': '0.000242', 'PROCESSING_TIME_SERVICE1': '0.00106558', 'PROCESSING_TIME_SERVICE2': '0.00103553', 'PROCESSING_TIME_SERVICE3': '0.00082706', 'PROCESSING_TIME_SERVICE4': '0.00070248', 'PROCESSING_TIME_SERVICE5': '0.00047849', 'PROCESSING_TIME_SERVICE6': '0.00042249', 'PROCESSING_TIME_SERVICE7': '0.00027067', 'SLOWPOKE_DELAY_MICROS_SERVICE0': '0.0', 'SLOWPOKE_POKER_BATCH_THRESHOLD_SERVICE0': '100', 'SLOWPOKE_IS_TARGET_SERVICE_SERVICE0': 'true', 'SLOWPOKE_DELAY_MICROS_SERVICE1': '0.0', 'SLOWPOKE_POKER_BATCH_THRESHOLD_SERVICE1': '100', 'SLOWPOKE_IS_TARGET_SERVICE_SERVICE1': 'false', 'SLOWPOKE_DELAY_MICROS_SERVICE2': '0.0', 'SLOWPOKE_POKER_BATCH_THRESHOLD_SERVICE2': '100', 'SLOWPOKE_IS_TARGET_SERVICE_SERVICE2': 'false', 'SLOWPOKE_DELAY_MICROS_SERVICE3': '0.0', 'SLOWPOKE_POKER_BATCH_THRESHOLD_SERVICE3': '100', 'SLOWPOKE_IS_TARGET_SERVICE_SERVICE3': 'false', 'SLOWPOKE_DELAY_MICROS_SERVICE4': '0.0', 'SLOWPOKE_POKER_BATCH_THRESHOLD_SERVICE4': '100', 'SLOWPOKE_IS_TARGET_SERVICE_SERVICE4': 'false', 'SLOWPOKE_DELAY_MICROS_SERVICE5': '0.0', 'SLOWPOKE_POKER_BATCH_THRESHOLD_SERVICE5': '100', 'SLOWPOKE_IS_TARGET_SERVICE_SERVICE5': 'false', 'SLOWPOKE_DELAY_MICROS_SERVICE6': '0.0', 'SLOWPOKE_POKER_BATCH_THRESHOLD_SERVICE6': '100', 'SLOWPOKE_IS_TARGET_SERVICE_SERVICE6': 'false', 'SLOWPOKE_DELAY_MICROS_SERVICE7': '0.0', 'SLOWPOKE_POKER_BATCH_THRESHOLD_SERVICE7': '100', 'SLOWPOKE_IS_TARGET_SERVICE_SERVICE7': 'false'}
    [exp] Executing cmd `bash run.sh synthetic fanout-w7-http-sync 8 1024 20000`:
        [run.sh] Running benchmark synthetic with request fanout-w7-http-sync, thread 8, conn 1024, duration 60
        [run.sh] Deleting all services
        configmap "config-service0" deleted
        deployment.apps "service0" deleted
        service "service0" deleted
        configmap "config-service1" deleted
        deployment.apps "service1" deleted
        service "service1" deleted
        configmap "config-service2" deleted
        deployment.apps "service2" deleted
        service "service2" deleted
        configmap "config-service3" deleted
        deployment.apps "service3" deleted
        service "service3" deleted
        configmap "config-service4" deleted
        deployment.apps "service4" deleted
        service "service4" deleted
        configmap "config-service5" deleted
        deployment.apps "service5" deleted
        service "service5" deleted
        configmap "config-service6" deleted
        deployment.apps "service6" deleted
        service "service6" deleted
        configmap "config-service7" deleted
        deployment.apps "service7" deleted
        service "service7" deleted
        deployment.apps "ubuntu-client" deleted
        [run.sh] Waiting for all pods to be deleted
        [run.sh] Deploying all services
        configmap/config-service0 created
        deployment.apps/service0 created
        service/service0 created
        configmap/config-service1 created
        deployment.apps/service1 created
        service/service1 created
        configmap/config-service2 created
        deployment.apps/service2 created
        service/service2 created
        configmap/config-service3 created
        deployment.apps/service3 created
        service/service3 created
        configmap/config-service4 created
        deployment.apps/service4 created
        service/service4 created
        configmap/config-service5 created
        deployment.apps/service5 created
        service/service5 created
        configmap/config-service6 created
        deployment.apps/service6 created
        service/service6 created
        configmap/config-service7 created
        deployment.apps/service7 created
        service/service7 created
        [run.sh] Client pod not found, deploying client
        deployment.apps/ubuntu-client created
        [run.sh] Waiting for all pods to be running
        [run.sh] All pods are running
        [run.sh] Checking heartbeat for all services
        [run.sh] All pods can connect to all services
        [run.sh] Running warmup test
        [run.sh] /wrk/wrk -t8 -c1024 --timeout 3s -d3s -L http://service0:80/endpoint1
        Running 3s test @ http://service0:80/endpoint1
        8 threads and 1024 connections
        Thread Stats   Avg      Stdev     Max   +/- Stdev
        Latency   926.88ms  381.73ms   2.58s    71.58%
        Req/Sec   137.72     67.48   320.00     67.16%
        Latency Distribution
        50%  854.89ms
        75%    1.11s
        90%    1.49s
        99%    2.06s
        2871 requests in 3.04s, 445.79KB read
        Requests/sec:    945.15
        Transfer/sec:    146.76KB
        [run.sh] Speed is 945.15, duration is 31
        [run.sh] Fix the request number.
        [run.sh] Running the actual test
        [run.sh] /wrk/wrk --timeout 20s -t8 -c1024 -d31s -L -s /wrk/fix_req_n.lua http://service0:80/endpoint1
        Running 31s test @ http://service0:80/endpoint1
        8 threads and 1024 connections
        Thread Stats   Avg      Stdev     Max   +/- Stdev
        Latency   866.04ms  288.09ms   2.15s    68.58%
        Req/Sec   145.77     63.09   390.00     66.08%
        Latency Distribution
        50%  858.84ms
        75%    1.06s
        90%    1.23s
        99%    1.57s
        20000 requests in 31.00s, 3.03MB read
        Requests/sec:    645.16
        Transfer/sec:    100.18KB
        ------------------------------
        stop time: 17.169355
        stop time: 17.202015
        stop time: 17.252462
        stop time: 17.434977
        stop time: 17.474790
        stop time: 17.524469
        stop time: 17.534347
        stop time: 17.563544
        [run.sh] Checking the resource usage
        NAME                             CPU(cores)   MEMORY(bytes)
        service0-8cfffb9b9-whw4p         1645m        139Mi
        service1-7585bd9d88-8q5zj        1437m        29Mi
        service2-958786d58-5vg2z         1404m        26Mi
        service3-6ddd8b8f64-gnjhs        1148m        19Mi
        service4-9bb5bd9fd-wwz28         1023m        20Mi
        service5-65b54fcdcb-pt4hp        773m         20Mi
        service6-7dcff5bc4-lm7xw         696m         17Mi
        service7-7758b6668-tf6bs         528m         20Mi
        ubuntu-client-76886f6bbd-2qrtv   50m          24Mi
        [run.sh] Test finished with status 0
        > STDERR
        > No resources found in default namespace.
    [exp] Times: [17.169355, 17.202015, 17.252462, 17.434977, 17.47479, 17.524469, 17.534347, 17.563544]
    [exp] Throughput: 1149.7890650877553
[test.py] Running 2th slowdown exp
    [exp] Running (pre_run: False) workload synthetic/fanout-w7-http-sync request with the following configuration: {'CLIENT_CPU_QUOTA': '2', 'SLOWPOKE_POKER_BATCH_THRESHOLD': '20000000', 'PROCESSING_TIME_SERVICE0': '0.00121874', 'PROCESSING_TIME_SERVICE1': '0.00106558', 'PROCESSING_TIME_SERVICE2': '0.00103553', 'PROCESSING_TIME_SERVICE3': '0.00082706', 'PROCESSING_TIME_SERVICE4': '0.00070248', 'PROCESSING_TIME_SERVICE5': '0.00047849', 'PROCESSING_TIME_SERVICE6': '0.00042249', 'PROCESSING_TIME_SERVICE7': '0.00027067', 'SLOWPOKE_DELAY_MICROS_SERVICE0': '0.0', 'SLOWPOKE_POKER_BATCH_THRESHOLD_SERVICE0': '100', 'SLOWPOKE_IS_TARGET_SERVICE_SERVICE0': 'true', 'SLOWPOKE_DELAY_MICROS_SERVICE1': '488.0', 'SLOWPOKE_POKER_BATCH_THRESHOLD_SERVICE1': '100', 'SLOWPOKE_IS_TARGET_SERVICE_SERVICE1': 'false', 'SLOWPOKE_DELAY_MICROS_SERVICE2': '488.0', 'SLOWPOKE_POKER_BATCH_THRESHOLD_SERVICE2': '100', 'SLOWPOKE_IS_TARGET_SERVICE_SERVICE2': 'false', 'SLOWPOKE_DELAY_MICROS_SERVICE3': '488.0', 'SLOWPOKE_POKER_BATCH_THRESHOLD_SERVICE3': '100', 'SLOWPOKE_IS_TARGET_SERVICE_SERVICE3': 'false', 'SLOWPOKE_DELAY_MICROS_SERVICE4': '488.0', 'SLOWPOKE_POKER_BATCH_THRESHOLD_SERVICE4': '100', 'SLOWPOKE_IS_TARGET_SERVICE_SERVICE4': 'false', 'SLOWPOKE_DELAY_MICROS_SERVICE5': '488.0', 'SLOWPOKE_POKER_BATCH_THRESHOLD_SERVICE5': '100', 'SLOWPOKE_IS_TARGET_SERVICE_SERVICE5': 'false', 'SLOWPOKE_DELAY_MICROS_SERVICE6': '488.0', 'SLOWPOKE_POKER_BATCH_THRESHOLD_SERVICE6': '100', 'SLOWPOKE_IS_TARGET_SERVICE_SERVICE6': 'false', 'SLOWPOKE_DELAY_MICROS_SERVICE7': '488.0', 'SLOWPOKE_POKER_BATCH_THRESHOLD_SERVICE7': '100', 'SLOWPOKE_IS_TARGET_SERVICE_SERVICE7': 'false'}
    [exp] Executing cmd `bash run.sh synthetic fanout-w7-http-sync 8 1024 20000`:
        [run.sh] Running benchmark synthetic with request fanout-w7-http-sync, thread 8, conn 1024, duration 60
        [run.sh] Deleting all services
        configmap "config-service0" deleted
        deployment.apps "service0" deleted
        service "service0" deleted
        configmap "config-service1" deleted
        deployment.apps "service1" deleted
        service "service1" deleted
        configmap "config-service2" deleted
        deployment.apps "service2" deleted
        service "service2" deleted
        configmap "config-service3" deleted
        deployment.apps "service3" deleted
        service "service3" deleted
        configmap "config-service4" deleted
        deployment.apps "service4" deleted
        service "service4" deleted
        configmap "config-service5" deleted
        deployment.apps "service5" deleted
        service "service5" deleted
        configmap "config-service6" deleted
        deployment.apps "service6" deleted
        service "service6" deleted
        configmap "config-service7" deleted
        deployment.apps "service7" deleted
        service "service7" deleted
        deployment.apps "ubuntu-client" deleted
        [run.sh] Waiting for all pods to be deleted
        [run.sh] Deploying all services
        configmap/config-service0 created
        deployment.apps/service0 created
        service/service0 created
        configmap/config-service1 created
        deployment.apps/service1 created
        service/service1 created
        configmap/config-service2 created
        deployment.apps/service2 created
        service/service2 created
        configmap/config-service3 created
        deployment.apps/service3 created
        service/service3 created
        configmap/config-service4 created
        deployment.apps/service4 created
        service/service4 created
        configmap/config-service5 created
        deployment.apps/service5 created
        service/service5 created
        configmap/config-service6 created
        deployment.apps/service6 created
        service/service6 created
        configmap/config-service7 created
        deployment.apps/service7 created
        service/service7 created
        [run.sh] Client pod not found, deploying client
        deployment.apps/ubuntu-client created
        [run.sh] Waiting for all pods to be running
        [run.sh] All pods are running
        [run.sh] Checking heartbeat for all services
        [run.sh] All pods can connect to all services
        [run.sh] Running warmup test
        [run.sh] /wrk/wrk -t8 -c1024 --timeout 3s -d3s -L http://service0:80/endpoint1
        Running 3s test @ http://service0:80/endpoint1
        8 threads and 1024 connections
        Thread Stats   Avg      Stdev     Max   +/- Stdev
        Latency     1.48s   628.68ms   2.91s    63.62%
        Req/Sec    89.51     41.70   191.00     70.24%
        Latency Distribution
        50%    1.38s
        75%    1.99s
        90%    2.39s
        99%    2.79s
        1578 requests in 3.04s, 245.02KB read
        Requests/sec:    519.87
        Transfer/sec:     80.72KB
        [run.sh] Speed is 519.87, duration is 57
        [run.sh] Fix the request number.
        [run.sh] Running the actual test
        [run.sh] /wrk/wrk --timeout 20s -t8 -c1024 -d57s -L -s /wrk/fix_req_n.lua http://service0:80/endpoint1
