[config.py] Random numbers for execution time: [270.67383591435816, 422.4904670936999, 478.4923740627711, 702.4764520887513, 827.0622829647525, 1035.5288881175516, 1065.5800257594587, 1218.740352242821]
benchmark                        : synthetic
num_threads                      : 8
num_conns                        : 512
target_service                   : service0
request_type                     : fanout-w7-http-sync
repetitions                      : 3
target_num_exp                   : 1
pre_run                          : False
num_req                          : 20000
groundtruths                     : []
slowdowns                        : []
predicteds                       : []
errs                             : []
poker_batch_req                  : 100
client_cpu_quota                 : 2
random_seed                      : 25948
request_ratio                    : {'service0': 1, 'service1': 1, 'service2': 1, 'service3': 1, 'service4': 1, 'service5': 1, 'service6': 1, 'service7': 1}
baseline_service_processing_time : {'service0': 1218.74, 'service1': 1065.58, 'service2': 1035.53, 'service3': 827.06, 'service4': 702.48, 'service5': 478.49, 'service6': 422.49, 'service7': 270.67}
cpu_quota                        : {'service0': 2, 'service1': 2, 'service2': 2, 'service3': 2, 'service4': 2, 'service5': 2, 'service6': 2, 'service7': 2}
target_processing_time_range     : [0, 1218.74]
baseline_throughputs             : []
poker_batch                      : 20000000
[test.py] Starting experiment...
[test.py] >>>>>>>>>>>>>>>>>>>>>>>>>>>>> Running experiment 0...
[test.py] Actual processing time range: [0]
[test.py] Running baseline experiment
    [exp] Running (pre_run: False) workload synthetic/fanout-w7-http-sync request with the following configuration: {'CLIENT_CPU_QUOTA': '2', 'SLOWPOKE_POKER_BATCH_THRESHOLD': '20000000', 'PROCESSING_TIME_SERVICE0': '0.00121874', 'PROCESSING_TIME_SERVICE1': '0.00106558', 'PROCESSING_TIME_SERVICE2': '0.00103553', 'PROCESSING_TIME_SERVICE3': '0.00082706', 'PROCESSING_TIME_SERVICE4': '0.00070248', 'PROCESSING_TIME_SERVICE5': '0.00047849', 'PROCESSING_TIME_SERVICE6': '0.00042249', 'PROCESSING_TIME_SERVICE7': '0.00027067', 'SLOWPOKE_DELAY_MICROS_SERVICE0': '0.0', 'SLOWPOKE_POKER_BATCH_THRESHOLD_SERVICE0': '100', 'SLOWPOKE_IS_TARGET_SERVICE_SERVICE0': 'true', 'SLOWPOKE_DELAY_MICROS_SERVICE1': '0.0', 'SLOWPOKE_POKER_BATCH_THRESHOLD_SERVICE1': '100', 'SLOWPOKE_IS_TARGET_SERVICE_SERVICE1': 'false', 'SLOWPOKE_DELAY_MICROS_SERVICE2': '0.0', 'SLOWPOKE_POKER_BATCH_THRESHOLD_SERVICE2': '100', 'SLOWPOKE_IS_TARGET_SERVICE_SERVICE2': 'false', 'SLOWPOKE_DELAY_MICROS_SERVICE3': '0.0', 'SLOWPOKE_POKER_BATCH_THRESHOLD_SERVICE3': '100', 'SLOWPOKE_IS_TARGET_SERVICE_SERVICE3': 'false', 'SLOWPOKE_DELAY_MICROS_SERVICE4': '0.0', 'SLOWPOKE_POKER_BATCH_THRESHOLD_SERVICE4': '100', 'SLOWPOKE_IS_TARGET_SERVICE_SERVICE4': 'false', 'SLOWPOKE_DELAY_MICROS_SERVICE5': '0.0', 'SLOWPOKE_POKER_BATCH_THRESHOLD_SERVICE5': '100', 'SLOWPOKE_IS_TARGET_SERVICE_SERVICE5': 'false', 'SLOWPOKE_DELAY_MICROS_SERVICE6': '0.0', 'SLOWPOKE_POKER_BATCH_THRESHOLD_SERVICE6': '100', 'SLOWPOKE_IS_TARGET_SERVICE_SERVICE6': 'false', 'SLOWPOKE_DELAY_MICROS_SERVICE7': '0.0', 'SLOWPOKE_POKER_BATCH_THRESHOLD_SERVICE7': '100', 'SLOWPOKE_IS_TARGET_SERVICE_SERVICE7': 'false'}
    [exp] Executing cmd `bash run.sh synthetic fanout-w7-http-sync 8 512 20000`:
        [run.sh] Running benchmark synthetic with request fanout-w7-http-sync, thread 8, conn 512, duration 60
        [run.sh] Deleting all services
        configmap "config-service0" deleted
        deployment.apps "service0" deleted
        service "service0" deleted
        configmap "config-service1" deleted
        deployment.apps "service1" deleted
        service "service1" deleted
        configmap "config-service2" deleted
        deployment.apps "service2" deleted
        service "service2" deleted
        configmap "config-service3" deleted
        deployment.apps "service3" deleted
        service "service3" deleted
        configmap "config-service4" deleted
        deployment.apps "service4" deleted
        service "service4" deleted
        configmap "config-service5" deleted
        deployment.apps "service5" deleted
        service "service5" deleted
        configmap "config-service6" deleted
        deployment.apps "service6" deleted
        service "service6" deleted
        configmap "config-service7" deleted
        deployment.apps "service7" deleted
        service "service7" deleted
        deployment.apps "ubuntu-client" deleted
        [run.sh] Waiting for all pods to be deleted
        [run.sh] Deploying all services
        configmap/config-service0 created
        deployment.apps/service0 created
        service/service0 created
        configmap/config-service1 created
        deployment.apps/service1 created
        service/service1 created
        configmap/config-service2 created
        deployment.apps/service2 created
        service/service2 created
        configmap/config-service3 created
        deployment.apps/service3 created
        service/service3 created
        configmap/config-service4 created
        deployment.apps/service4 created
        service/service4 created
        configmap/config-service5 created
        deployment.apps/service5 created
        service/service5 created
        configmap/config-service6 created
        deployment.apps/service6 created
        service/service6 created
        configmap/config-service7 created
        deployment.apps/service7 created
        service/service7 created
        [run.sh] Client pod not found, deploying client
        deployment.apps/ubuntu-client created
        [run.sh] Waiting for all pods to be running
        [run.sh] All pods are running
        [run.sh] Checking heartbeat for all services
        [run.sh] All pods can connect to all services
        [run.sh] Running warmup test
        [run.sh] /wrk/wrk -t8 -c512 --timeout 3s -d3s -L http://service0:80/endpoint1
        Running 3s test @ http://service0:80/endpoint1
        8 threads and 512 connections
        Thread Stats   Avg      Stdev     Max   +/- Stdev
        Latency   787.88ms  250.06ms   1.49s    66.83%
        Req/Sec    86.48     49.85   210.00     64.74%
        Latency Distribution
        50%  784.68ms
        75%  977.36ms
        90%    1.10s
        99%    1.36s
        1667 requests in 3.03s, 258.84KB read
        Requests/sec:    549.94
        Transfer/sec:     85.39KB
        [run.sh] Speed is 549.94, duration is 54
        [run.sh] Fix the request number.
        [run.sh] Running the actual test
        [run.sh] /wrk/wrk --timeout 20s -t8 -c512 -d54s -L -s /wrk/fix_req_n.lua http://service0:80/endpoint1
        [run.sh] Checking the resource usage
        NAME                             CPU(cores)   MEMORY(bytes)
        service0-8cfffb9b9-fp7wp         455m         86Mi
        service1-7585bd9d88-g4n2l        214m         21Mi
        service2-958786d58-dx8hz         80m          17Mi
        service3-6ddd8b8f64-z9mfv        1m           14Mi
        service4-9bb5bd9fd-5ndgr         6m           20Mi
        service5-65b54fcdcb-7lsh5        19m          12Mi
        service6-7dcff5bc4-w5bdc         50m          18Mi
        service7-7758b6668-chl4z         52m          17Mi
        ubuntu-client-76886f6bbd-rjvql   14m          14Mi
        Running 1m test @ http://service0:80/endpoint1
        8 threads and 512 connections
        Thread Stats   Avg      Stdev     Max   +/- Stdev
        Latency   691.78ms  242.09ms   1.86s    69.96%
        Req/Sec    92.53     48.57   303.00     70.33%
        Latency Distribution
        50%  682.39ms
        75%  842.64ms
        90%    1.01s
        99%    1.30s
        20000 requests in 0.90m, 3.03MB read
        Requests/sec:    370.37
        Transfer/sec:     57.51KB
        ------------------------------
        stop time: 27.061267
        stop time: 27.060561
        stop time: 27.111806
        stop time: 27.650571
        stop time: 27.586208
        stop time: 27.462694
        stop time: 27.584458
        stop time: 27.563638
        [run.sh] Test finished with status 0
        > STDERR
        > No resources found in default namespace.
    [exp] Times: [27.061267, 27.060561, 27.111806, 27.650571, 27.586208, 27.462694, 27.584458, 27.563638]
    [exp] Throughput: 730.3228109442141
[test.py] Baseline throughput: 730.3228109442141
[test.py] Running 0th optmization experiment
[test.py] Running 0th groundtruth exp
    [exp] Running (pre_run: False) workload synthetic/fanout-w7-http-sync request with the following configuration: {'CLIENT_CPU_QUOTA': '2', 'SLOWPOKE_POKER_BATCH_THRESHOLD': '20000000', 'PROCESSING_TIME_SERVICE0': '0.0', 'PROCESSING_TIME_SERVICE1': '0.00106558', 'PROCESSING_TIME_SERVICE2': '0.00103553', 'PROCESSING_TIME_SERVICE3': '0.00082706', 'PROCESSING_TIME_SERVICE4': '0.00070248', 'PROCESSING_TIME_SERVICE5': '0.00047849', 'PROCESSING_TIME_SERVICE6': '0.00042249', 'PROCESSING_TIME_SERVICE7': '0.00027067', 'SLOWPOKE_DELAY_MICROS_SERVICE0': '0.0', 'SLOWPOKE_POKER_BATCH_THRESHOLD_SERVICE0': '100', 'SLOWPOKE_IS_TARGET_SERVICE_SERVICE0': 'true', 'SLOWPOKE_DELAY_MICROS_SERVICE1': '0.0', 'SLOWPOKE_POKER_BATCH_THRESHOLD_SERVICE1': '100', 'SLOWPOKE_IS_TARGET_SERVICE_SERVICE1': 'false', 'SLOWPOKE_DELAY_MICROS_SERVICE2': '0.0', 'SLOWPOKE_POKER_BATCH_THRESHOLD_SERVICE2': '100', 'SLOWPOKE_IS_TARGET_SERVICE_SERVICE2': 'false', 'SLOWPOKE_DELAY_MICROS_SERVICE3': '0.0', 'SLOWPOKE_POKER_BATCH_THRESHOLD_SERVICE3': '100', 'SLOWPOKE_IS_TARGET_SERVICE_SERVICE3': 'false', 'SLOWPOKE_DELAY_MICROS_SERVICE4': '0.0', 'SLOWPOKE_POKER_BATCH_THRESHOLD_SERVICE4': '100', 'SLOWPOKE_IS_TARGET_SERVICE_SERVICE4': 'false', 'SLOWPOKE_DELAY_MICROS_SERVICE5': '0.0', 'SLOWPOKE_POKER_BATCH_THRESHOLD_SERVICE5': '100', 'SLOWPOKE_IS_TARGET_SERVICE_SERVICE5': 'false', 'SLOWPOKE_DELAY_MICROS_SERVICE6': '0.0', 'SLOWPOKE_POKER_BATCH_THRESHOLD_SERVICE6': '100', 'SLOWPOKE_IS_TARGET_SERVICE_SERVICE6': 'false', 'SLOWPOKE_DELAY_MICROS_SERVICE7': '0.0', 'SLOWPOKE_POKER_BATCH_THRESHOLD_SERVICE7': '100', 'SLOWPOKE_IS_TARGET_SERVICE_SERVICE7': 'false'}
    [exp] Executing cmd `bash run.sh synthetic fanout-w7-http-sync 8 512 20000`:
        [run.sh] Running benchmark synthetic with request fanout-w7-http-sync, thread 8, conn 512, duration 60
        [run.sh] Deleting all services
        configmap "config-service0" deleted
        deployment.apps "service0" deleted
        service "service0" deleted
        configmap "config-service1" deleted
        deployment.apps "service1" deleted
        service "service1" deleted
        configmap "config-service2" deleted
        deployment.apps "service2" deleted
        service "service2" deleted
        configmap "config-service3" deleted
        deployment.apps "service3" deleted
        service "service3" deleted
        configmap "config-service4" deleted
        deployment.apps "service4" deleted
        service "service4" deleted
        configmap "config-service5" deleted
        deployment.apps "service5" deleted
        service "service5" deleted
        configmap "config-service6" deleted
        deployment.apps "service6" deleted
        service "service6" deleted
        configmap "config-service7" deleted
        deployment.apps "service7" deleted
        service "service7" deleted
        deployment.apps "ubuntu-client" deleted
        [run.sh] Waiting for all pods to be deleted
        [run.sh] Deploying all services
        configmap/config-service0 created
        deployment.apps/service0 created
        service/service0 created
        configmap/config-service1 created
        deployment.apps/service1 created
        service/service1 created
        configmap/config-service2 created
        deployment.apps/service2 created
        service/service2 created
        configmap/config-service3 created
        deployment.apps/service3 created
        service/service3 created
        configmap/config-service4 created
        deployment.apps/service4 created
        service/service4 created
        configmap/config-service5 created
        deployment.apps/service5 created
        service/service5 created
        configmap/config-service6 created
        deployment.apps/service6 created
        service/service6 created
        configmap/config-service7 created
        deployment.apps/service7 created
        service/service7 created
        [run.sh] Client pod not found, deploying client
        deployment.apps/ubuntu-client created
        [run.sh] Waiting for all pods to be running
        [run.sh] All pods are running
        [run.sh] Checking heartbeat for all services
        [run.sh] All pods can connect to all services
        [run.sh] Running warmup test
        [run.sh] /wrk/wrk -t8 -c512 --timeout 3s -d3s -L http://service0:80/endpoint1
        Running 3s test @ http://service0:80/endpoint1
        8 threads and 512 connections
        Thread Stats   Avg      Stdev     Max   +/- Stdev
        Latency   332.60ms  252.07ms   1.61s    70.17%
        Req/Sec   195.32     65.09   353.00     71.74%
        Latency Distribution
        50%  267.04ms
        75%  480.17ms
        90%  683.06ms
        99%    1.10s
        4519 requests in 3.02s, 701.68KB read
        Requests/sec:   1495.90
        Transfer/sec:    232.27KB
        [run.sh] Speed is 1495.90, duration is 20
        [run.sh] Fix the request number.
        [run.sh] Running the actual test
        [run.sh] /wrk/wrk --timeout 20s -t8 -c512 -d20s -L -s /wrk/fix_req_n.lua http://service0:80/endpoint1
        Running 20s test @ http://service0:80/endpoint1
        8 threads and 512 connections
        Thread Stats   Avg      Stdev     Max   +/- Stdev
        Latency   344.99ms  376.03ms   3.06s    89.19%
        Req/Sec   208.53     58.21   420.00     69.04%
        Latency Distribution
        50%  209.76ms
        75%  453.23ms
        90%  756.36ms
        99%    1.89s
        20000 requests in 20.00s, 3.03MB read
        Requests/sec:    999.99
        Transfer/sec:    155.27KB
        ------------------------------
        stop time: 11.788574
        stop time: 11.659179
        stop time: 12.386509
        stop time: 11.978260
        stop time: 12.225826
        stop time: 12.386653
        stop time: 12.077997
        stop time: 12.234261
        [run.sh] Checking the resource usage
        NAME                             CPU(cores)   MEMORY(bytes)
        service0-8cfffb9b9-mlpgk         184m         78Mi
        service1-7585bd9d88-4dkkl        124m         43Mi
        service2-958786d58-cdwh7         121m         17Mi
        service3-6ddd8b8f64-kjhvj        248m         11Mi
        service4-9bb5bd9fd-xxh7s         195m         10Mi
        service5-65b54fcdcb-2h9dn        188m         11Mi
        service6-7dcff5bc4-jptnv         230m         9Mi
        service7-7758b6668-6szdg         203m         10Mi
        ubuntu-client-76886f6bbd-nsqxv   23m          13Mi
        [run.sh] Test finished with status 0
        > STDERR
        > No resources found in default namespace.
    [exp] Times: [11.788574, 11.659179, 12.386509, 11.97826, 12.225826, 12.386653, 12.077997, 12.234261]
    [exp] Throughput: 1653.9645804932306
[test.py] Running 0th slowdown exp
    [exp] Running (pre_run: False) workload synthetic/fanout-w7-http-sync request with the following configuration: {'CLIENT_CPU_QUOTA': '2', 'SLOWPOKE_POKER_BATCH_THRESHOLD': '20000000', 'PROCESSING_TIME_SERVICE0': '0.00121874', 'PROCESSING_TIME_SERVICE1': '0.00106558', 'PROCESSING_TIME_SERVICE2': '0.00103553', 'PROCESSING_TIME_SERVICE3': '0.00082706', 'PROCESSING_TIME_SERVICE4': '0.00070248', 'PROCESSING_TIME_SERVICE5': '0.00047849', 'PROCESSING_TIME_SERVICE6': '0.00042249', 'PROCESSING_TIME_SERVICE7': '0.00027067', 'SLOWPOKE_DELAY_MICROS_SERVICE0': '0.0', 'SLOWPOKE_POKER_BATCH_THRESHOLD_SERVICE0': '100', 'SLOWPOKE_IS_TARGET_SERVICE_SERVICE0': 'true', 'SLOWPOKE_DELAY_MICROS_SERVICE1': '609.0', 'SLOWPOKE_POKER_BATCH_THRESHOLD_SERVICE1': '100', 'SLOWPOKE_IS_TARGET_SERVICE_SERVICE1': 'false', 'SLOWPOKE_DELAY_MICROS_SERVICE2': '609.0', 'SLOWPOKE_POKER_BATCH_THRESHOLD_SERVICE2': '100', 'SLOWPOKE_IS_TARGET_SERVICE_SERVICE2': 'false', 'SLOWPOKE_DELAY_MICROS_SERVICE3': '609.0', 'SLOWPOKE_POKER_BATCH_THRESHOLD_SERVICE3': '100', 'SLOWPOKE_IS_TARGET_SERVICE_SERVICE3': 'false', 'SLOWPOKE_DELAY_MICROS_SERVICE4': '609.0', 'SLOWPOKE_POKER_BATCH_THRESHOLD_SERVICE4': '100', 'SLOWPOKE_IS_TARGET_SERVICE_SERVICE4': 'false', 'SLOWPOKE_DELAY_MICROS_SERVICE5': '609.0', 'SLOWPOKE_POKER_BATCH_THRESHOLD_SERVICE5': '100', 'SLOWPOKE_IS_TARGET_SERVICE_SERVICE5': 'false', 'SLOWPOKE_DELAY_MICROS_SERVICE6': '609.0', 'SLOWPOKE_POKER_BATCH_THRESHOLD_SERVICE6': '100', 'SLOWPOKE_IS_TARGET_SERVICE_SERVICE6': 'false', 'SLOWPOKE_DELAY_MICROS_SERVICE7': '609.0', 'SLOWPOKE_POKER_BATCH_THRESHOLD_SERVICE7': '100', 'SLOWPOKE_IS_TARGET_SERVICE_SERVICE7': 'false'}
    [exp] Executing cmd `bash run.sh synthetic fanout-w7-http-sync 8 512 20000`:
        [run.sh] Running benchmark synthetic with request fanout-w7-http-sync, thread 8, conn 512, duration 60
        [run.sh] Deleting all services
        configmap "config-service0" deleted
        deployment.apps "service0" deleted
        service "service0" deleted
        configmap "config-service1" deleted
        deployment.apps "service1" deleted
        service "service1" deleted
        configmap "config-service2" deleted
        deployment.apps "service2" deleted
        service "service2" deleted
        configmap "config-service3" deleted
        deployment.apps "service3" deleted
        service "service3" deleted
        configmap "config-service4" deleted
        deployment.apps "service4" deleted
        service "service4" deleted
        configmap "config-service5" deleted
        deployment.apps "service5" deleted
        service "service5" deleted
        configmap "config-service6" deleted
        deployment.apps "service6" deleted
        service "service6" deleted
        configmap "config-service7" deleted
        deployment.apps "service7" deleted
        service "service7" deleted
        deployment.apps "ubuntu-client" deleted
        [run.sh] Waiting for all pods to be deleted
        [run.sh] Deploying all services
        configmap/config-service0 created
        deployment.apps/service0 created
        service/service0 created
        configmap/config-service1 created
        deployment.apps/service1 created
        service/service1 created
        configmap/config-service2 created
        deployment.apps/service2 created
        service/service2 created
        configmap/config-service3 created
        deployment.apps/service3 created
        service/service3 created
        configmap/config-service4 created
        deployment.apps/service4 created
        service/service4 created
        configmap/config-service5 created
        deployment.apps/service5 created
        service/service5 created
        configmap/config-service6 created
        deployment.apps/service6 created
        service/service6 created
        configmap/config-service7 created
        deployment.apps/service7 created
        service/service7 created
        [run.sh] Client pod not found, deploying client
        deployment.apps/ubuntu-client created
        [run.sh] Waiting for all pods to be running
        [run.sh] All pods are running
        [run.sh] Checking heartbeat for all services
        [run.sh] All pods can connect to all services
        [run.sh] Running warmup test
        [run.sh] /wrk/wrk -t8 -c512 --timeout 3s -d3s -L http://service0:80/endpoint1
        Running 3s test @ http://service0:80/endpoint1
        8 threads and 512 connections
        Thread Stats   Avg      Stdev     Max   +/- Stdev
        Latency   741.55ms  320.13ms   2.01s    69.52%
        Req/Sec    90.06     44.59   220.00     69.85%
        Latency Distribution
        50%  668.63ms
        75%  918.03ms
        90%    1.19s
        99%    1.73s
        1837 requests in 3.03s, 285.24KB read
        Requests/sec:    606.18
        Transfer/sec:     94.12KB
        [run.sh] Speed is 606.18, duration is 49
        [run.sh] Fix the request number.
        [run.sh] Running the actual test
        [run.sh] /wrk/wrk --timeout 20s -t8 -c512 -d49s -L -s /wrk/fix_req_n.lua http://service0:80/endpoint1
        [run.sh] Checking the resource usage
        NAME                             CPU(cores)   MEMORY(bytes)
        service0-8cfffb9b9-hm2d8         1835m        83Mi
        service1-7c4bc4bcb5-f2txc        965m         27Mi
        service2-5c679f8bf5-ds4tc        942m         26Mi
        service3-cbb98fd5c-z5fmd         775m         20Mi
        service4-644cf677d7-n8nbq        677m         16Mi
        service5-7584c84b9-8m77r         499m         16Mi
        service6-f9777d9b7-vjzvh         448m         14Mi
        service7-5475f7b45c-gnd9z        330m         13Mi
        ubuntu-client-76886f6bbd-slmqw   29m          17Mi
        Running 49s test @ http://service0:80/endpoint1
        8 threads and 512 connections
        Thread Stats   Avg      Stdev     Max   +/- Stdev
        Latency   632.29ms  256.87ms   2.75s    74.18%
        Req/Sec   101.09     42.16   313.00     71.94%
        Latency Distribution
        50%  597.99ms
        75%  760.83ms
        90%  942.95ms
        99%    1.50s
        20000 requests in 49.00s, 3.03MB read
        Requests/sec:    408.16
        Transfer/sec:     63.38KB
        ------------------------------
        stop time: 24.908119
        stop time: 25.190787
        stop time: 24.755874
        stop time: 25.012657
        stop time: 24.965935
        stop time: 25.057444
        stop time: 25.062130
        stop time: 25.301899
        [run.sh] Test finished with status 0
        > STDERR
        > No resources found in default namespace.
    [exp] Times: [24.908119, 25.190787, 24.755874, 25.012657, 24.965935, 25.057444, 25.06213, 25.301899]
    [exp] Throughput: 798.9819172664712
[test.py] Finished running 0th optmization experiment: groundtruth->1653.9645804932306, slowdown->798.9819172664712, predicted->1557.0920702215437, err->-5.8569881975827105
[test.py] Baseline throughput:  730.3228109442141
[test.py] Groundtruth:  [1653.9645804932306]
[test.py] Slowdown:  [798.9819172664712]
[test.py] Predicted:  [1557.0920702215437]
[test.py] Error percentage:  [-5.8569881975827105]
[test.py] >>>>>>>>>>>>>>>>>>>>>>>>>>>>> Running experiment 1...
[test.py] Actual processing time range: [0]
[test.py] Running baseline experiment
    [exp] Running (pre_run: False) workload synthetic/fanout-w7-http-sync request with the following configuration: {'CLIENT_CPU_QUOTA': '2', 'SLOWPOKE_POKER_BATCH_THRESHOLD': '20000000', 'PROCESSING_TIME_SERVICE0': '0.00121874', 'PROCESSING_TIME_SERVICE1': '0.00106558', 'PROCESSING_TIME_SERVICE2': '0.00103553', 'PROCESSING_TIME_SERVICE3': '0.00082706', 'PROCESSING_TIME_SERVICE4': '0.00070248', 'PROCESSING_TIME_SERVICE5': '0.00047849', 'PROCESSING_TIME_SERVICE6': '0.00042249', 'PROCESSING_TIME_SERVICE7': '0.00027067', 'SLOWPOKE_DELAY_MICROS_SERVICE0': '0.0', 'SLOWPOKE_POKER_BATCH_THRESHOLD_SERVICE0': '100', 'SLOWPOKE_IS_TARGET_SERVICE_SERVICE0': 'true', 'SLOWPOKE_DELAY_MICROS_SERVICE1': '0.0', 'SLOWPOKE_POKER_BATCH_THRESHOLD_SERVICE1': '100', 'SLOWPOKE_IS_TARGET_SERVICE_SERVICE1': 'false', 'SLOWPOKE_DELAY_MICROS_SERVICE2': '0.0', 'SLOWPOKE_POKER_BATCH_THRESHOLD_SERVICE2': '100', 'SLOWPOKE_IS_TARGET_SERVICE_SERVICE2': 'false', 'SLOWPOKE_DELAY_MICROS_SERVICE3': '0.0', 'SLOWPOKE_POKER_BATCH_THRESHOLD_SERVICE3': '100', 'SLOWPOKE_IS_TARGET_SERVICE_SERVICE3': 'false', 'SLOWPOKE_DELAY_MICROS_SERVICE4': '0.0', 'SLOWPOKE_POKER_BATCH_THRESHOLD_SERVICE4': '100', 'SLOWPOKE_IS_TARGET_SERVICE_SERVICE4': 'false', 'SLOWPOKE_DELAY_MICROS_SERVICE5': '0.0', 'SLOWPOKE_POKER_BATCH_THRESHOLD_SERVICE5': '100', 'SLOWPOKE_IS_TARGET_SERVICE_SERVICE5': 'false', 'SLOWPOKE_DELAY_MICROS_SERVICE6': '0.0', 'SLOWPOKE_POKER_BATCH_THRESHOLD_SERVICE6': '100', 'SLOWPOKE_IS_TARGET_SERVICE_SERVICE6': 'false', 'SLOWPOKE_DELAY_MICROS_SERVICE7': '0.0', 'SLOWPOKE_POKER_BATCH_THRESHOLD_SERVICE7': '100', 'SLOWPOKE_IS_TARGET_SERVICE_SERVICE7': 'false'}
    [exp] Executing cmd `bash run.sh synthetic fanout-w7-http-sync 8 512 20000`:
        [run.sh] Running benchmark synthetic with request fanout-w7-http-sync, thread 8, conn 512, duration 60
        [run.sh] Deleting all services
        configmap "config-service0" deleted
        deployment.apps "service0" deleted
        service "service0" deleted
        configmap "config-service1" deleted
        deployment.apps "service1" deleted
        service "service1" deleted
        configmap "config-service2" deleted
        deployment.apps "service2" deleted
        service "service2" deleted
        configmap "config-service3" deleted
        deployment.apps "service3" deleted
        service "service3" deleted
        configmap "config-service4" deleted
        deployment.apps "service4" deleted
        service "service4" deleted
        configmap "config-service5" deleted
        deployment.apps "service5" deleted
        service "service5" deleted
        configmap "config-service6" deleted
        deployment.apps "service6" deleted
        service "service6" deleted
        configmap "config-service7" deleted
        deployment.apps "service7" deleted
        service "service7" deleted
        deployment.apps "ubuntu-client" deleted
        [run.sh] Waiting for all pods to be deleted
        [run.sh] Deploying all services
        configmap/config-service0 created
        deployment.apps/service0 created
        service/service0 created
        configmap/config-service1 created
        deployment.apps/service1 created
        service/service1 created
        configmap/config-service2 created
        deployment.apps/service2 created
        service/service2 created
        configmap/config-service3 created
        deployment.apps/service3 created
        service/service3 created
        configmap/config-service4 created
        deployment.apps/service4 created
        service/service4 created
        configmap/config-service5 created
        deployment.apps/service5 created
        service/service5 created
        configmap/config-service6 created
        deployment.apps/service6 created
        service/service6 created
        configmap/config-service7 created
        deployment.apps/service7 created
        service/service7 created
        [run.sh] Client pod not found, deploying client
        deployment.apps/ubuntu-client created
        [run.sh] Waiting for all pods to be running
        [run.sh] All pods are running
        [run.sh] Checking heartbeat for all services
        [run.sh] All pods can connect to all services
        [run.sh] Running warmup test
        [run.sh] /wrk/wrk -t8 -c512 --timeout 3s -d3s -L http://service0:80/endpoint1
        Running 3s test @ http://service0:80/endpoint1
        8 threads and 512 connections
        Thread Stats   Avg      Stdev     Max   +/- Stdev
        Latency   773.08ms  279.45ms   1.86s    73.55%
        Req/Sec    87.68     45.61   220.00     67.86%
        Latency Distribution
        50%  731.94ms
        75%  923.55ms
        90%    1.11s
        99%    1.64s
        1743 requests in 3.03s, 270.64KB read
        Requests/sec:    575.31
        Transfer/sec:     89.33KB
        [run.sh] Speed is 575.31, duration is 52
        [run.sh] Fix the request number.
        [run.sh] Running the actual test
        [run.sh] /wrk/wrk --timeout 20s -t8 -c512 -d52s -L -s /wrk/fix_req_n.lua http://service0:80/endpoint1
        [run.sh] Checking the resource usage
        NAME                             CPU(cores)   MEMORY(bytes)
        service0-8cfffb9b9-wnlqj         1899m        95Mi
        service1-7585bd9d88-cxt2h        914m         25Mi
        service2-958786d58-79bsw         911m         22Mi
        service3-6ddd8b8f64-z287c        747m         18Mi
        service4-9bb5bd9fd-wcrhr         662m         19Mi
        service5-65b54fcdcb-rf628        484m         19Mi
        service6-7dcff5bc4-cvkll         460m         21Mi
        service7-7758b6668-2ph4h         351m         15Mi
        ubuntu-client-76886f6bbd-rx6z8   29m          17Mi
        Running 1m test @ http://service0:80/endpoint1
        8 threads and 512 connections
        Thread Stats   Avg      Stdev     Max   +/- Stdev
        Latency   673.92ms  231.10ms   2.00s    70.50%
        Req/Sec    95.36     50.32   303.00     66.76%
        Latency Distribution
        50%  648.59ms
        75%  810.49ms
        90%  978.86ms
        99%    1.31s
        20000 requests in 0.87m, 3.03MB read
        Requests/sec:    384.61
        Transfer/sec:     59.72KB
        ------------------------------
        stop time: 26.113863
        stop time: 26.365333
        stop time: 26.794773
        stop time: 26.665235
        stop time: 26.898516
        stop time: 26.876447
        stop time: 26.915134
        stop time: 26.844228
        [run.sh] Test finished with status 0
        > STDERR
        > No resources found in default namespace.
    [exp] Times: [26.113863, 26.365333, 26.794773, 26.665235, 26.898516, 26.876447, 26.915134, 26.844228]
    [exp] Throughput: 749.5074482981917
[test.py] Baseline throughput: 749.5074482981917
[test.py] Running 0th optmization experiment
[test.py] Running 0th groundtruth exp
    [exp] Running (pre_run: False) workload synthetic/fanout-w7-http-sync request with the following configuration: {'CLIENT_CPU_QUOTA': '2', 'SLOWPOKE_POKER_BATCH_THRESHOLD': '20000000', 'PROCESSING_TIME_SERVICE0': '0.0', 'PROCESSING_TIME_SERVICE1': '0.00106558', 'PROCESSING_TIME_SERVICE2': '0.00103553', 'PROCESSING_TIME_SERVICE3': '0.00082706', 'PROCESSING_TIME_SERVICE4': '0.00070248', 'PROCESSING_TIME_SERVICE5': '0.00047849', 'PROCESSING_TIME_SERVICE6': '0.00042249', 'PROCESSING_TIME_SERVICE7': '0.00027067', 'SLOWPOKE_DELAY_MICROS_SERVICE0': '0.0', 'SLOWPOKE_POKER_BATCH_THRESHOLD_SERVICE0': '100', 'SLOWPOKE_IS_TARGET_SERVICE_SERVICE0': 'true', 'SLOWPOKE_DELAY_MICROS_SERVICE1': '0.0', 'SLOWPOKE_POKER_BATCH_THRESHOLD_SERVICE1': '100', 'SLOWPOKE_IS_TARGET_SERVICE_SERVICE1': 'false', 'SLOWPOKE_DELAY_MICROS_SERVICE2': '0.0', 'SLOWPOKE_POKER_BATCH_THRESHOLD_SERVICE2': '100', 'SLOWPOKE_IS_TARGET_SERVICE_SERVICE2': 'false', 'SLOWPOKE_DELAY_MICROS_SERVICE3': '0.0', 'SLOWPOKE_POKER_BATCH_THRESHOLD_SERVICE3': '100', 'SLOWPOKE_IS_TARGET_SERVICE_SERVICE3': 'false', 'SLOWPOKE_DELAY_MICROS_SERVICE4': '0.0', 'SLOWPOKE_POKER_BATCH_THRESHOLD_SERVICE4': '100', 'SLOWPOKE_IS_TARGET_SERVICE_SERVICE4': 'false', 'SLOWPOKE_DELAY_MICROS_SERVICE5': '0.0', 'SLOWPOKE_POKER_BATCH_THRESHOLD_SERVICE5': '100', 'SLOWPOKE_IS_TARGET_SERVICE_SERVICE5': 'false', 'SLOWPOKE_DELAY_MICROS_SERVICE6': '0.0', 'SLOWPOKE_POKER_BATCH_THRESHOLD_SERVICE6': '100', 'SLOWPOKE_IS_TARGET_SERVICE_SERVICE6': 'false', 'SLOWPOKE_DELAY_MICROS_SERVICE7': '0.0', 'SLOWPOKE_POKER_BATCH_THRESHOLD_SERVICE7': '100', 'SLOWPOKE_IS_TARGET_SERVICE_SERVICE7': 'false'}
    [exp] Executing cmd `bash run.sh synthetic fanout-w7-http-sync 8 512 20000`:
        [run.sh] Running benchmark synthetic with request fanout-w7-http-sync, thread 8, conn 512, duration 60
        [run.sh] Deleting all services
        configmap "config-service0" deleted
        deployment.apps "service0" deleted
        service "service0" deleted
        configmap "config-service1" deleted
        deployment.apps "service1" deleted
        service "service1" deleted
        configmap "config-service2" deleted
        deployment.apps "service2" deleted
        service "service2" deleted
        configmap "config-service3" deleted
        deployment.apps "service3" deleted
        service "service3" deleted
        configmap "config-service4" deleted
        deployment.apps "service4" deleted
        service "service4" deleted
        configmap "config-service5" deleted
        deployment.apps "service5" deleted
        service "service5" deleted
        configmap "config-service6" deleted
        deployment.apps "service6" deleted
        service "service6" deleted
        configmap "config-service7" deleted
        deployment.apps "service7" deleted
        service "service7" deleted
        deployment.apps "ubuntu-client" deleted
        [run.sh] Waiting for all pods to be deleted
        [run.sh] Deploying all services
        configmap/config-service0 created
        deployment.apps/service0 created
        service/service0 created
        configmap/config-service1 created
        deployment.apps/service1 created
        service/service1 created
        configmap/config-service2 created
        deployment.apps/service2 created
        service/service2 created
        configmap/config-service3 created
        deployment.apps/service3 created
        service/service3 created
        configmap/config-service4 created
        deployment.apps/service4 created
        service/service4 created
        configmap/config-service5 created
        deployment.apps/service5 created
        service/service5 created
        configmap/config-service6 created
        deployment.apps/service6 created
        service/service6 created
        configmap/config-service7 created
        deployment.apps/service7 created
        service/service7 created
        [run.sh] Client pod not found, deploying client
        deployment.apps/ubuntu-client created
        [run.sh] Waiting for all pods to be running
        [run.sh] All pods are running
        [run.sh] Checking heartbeat for all services
        [run.sh] All pods can connect to all services
        [run.sh] Running warmup test
        [run.sh] /wrk/wrk -t8 -c512 --timeout 3s -d3s -L http://service0:80/endpoint1
        Running 3s test @ http://service0:80/endpoint1
        8 threads and 512 connections
        Thread Stats   Avg      Stdev     Max   +/- Stdev
        Latency   355.02ms  337.43ms   2.01s    88.26%
        Req/Sec   207.65     65.23   360.00     70.54%
        Latency Distribution
        50%  263.39ms
        75%  447.24ms
        90%  793.64ms
        99%    1.65s
        4716 requests in 3.03s, 732.27KB read
        Requests/sec:   1557.66
        Transfer/sec:    241.86KB
        [run.sh] Speed is 1557.66, duration is 19
        [run.sh] Fix the request number.
        [run.sh] Running the actual test
        [run.sh] /wrk/wrk --timeout 20s -t8 -c512 -d19s -L -s /wrk/fix_req_n.lua http://service0:80/endpoint1
        Running 19s test @ http://service0:80/endpoint1
        8 threads and 512 connections
        Thread Stats   Avg      Stdev     Max   +/- Stdev
        Latency   335.19ms  329.76ms   3.00s    87.74%
        Req/Sec   208.12     57.96   444.00     70.59%
        Latency Distribution
        50%  231.12ms
        75%  418.86ms
        90%  755.28ms
        99%    1.59s
        20000 requests in 19.00s, 3.03MB read
        Requests/sec:   1052.62
        Transfer/sec:    163.44KB
        ------------------------------
        stop time: 11.959095
        stop time: 11.883193
        stop time: 11.947468
        stop time: 11.771206
        stop time: 12.371828
        stop time: 12.247382
        stop time: 12.230450
        stop time: 12.036164
        [run.sh] Checking the resource usage
        NAME                             CPU(cores)   MEMORY(bytes)
        service0-8cfffb9b9-tn7gc         1694m        72Mi
        service1-7585bd9d88-g8tgv        96m          42Mi
        service2-958786d58-t8gmv         303m         26Mi
        service3-6ddd8b8f64-pmckb        441m         11Mi
        service4-9bb5bd9fd-wzzm9         364m         11Mi
        service5-65b54fcdcb-ffckw        346m         10Mi
        service6-7dcff5bc4-jrn88         376m         10Mi
        service7-7758b6668-d45s6         315m         9Mi
        ubuntu-client-76886f6bbd-hvnct   45m          0Mi
        [run.sh] Test finished with status 0
        > STDERR
        > No resources found in default namespace.
    [exp] Times: [11.959095, 11.883193, 11.947468, 11.771206, 12.371828, 12.247382, 12.23045, 12.036164]
    [exp] Throughput: 1658.9458978964835
[test.py] Running 0th slowdown exp
    [exp] Running (pre_run: False) workload synthetic/fanout-w7-http-sync request with the following configuration: {'CLIENT_CPU_QUOTA': '2', 'SLOWPOKE_POKER_BATCH_THRESHOLD': '20000000', 'PROCESSING_TIME_SERVICE0': '0.00121874', 'PROCESSING_TIME_SERVICE1': '0.00106558', 'PROCESSING_TIME_SERVICE2': '0.00103553', 'PROCESSING_TIME_SERVICE3': '0.00082706', 'PROCESSING_TIME_SERVICE4': '0.00070248', 'PROCESSING_TIME_SERVICE5': '0.00047849', 'PROCESSING_TIME_SERVICE6': '0.00042249', 'PROCESSING_TIME_SERVICE7': '0.00027067', 'SLOWPOKE_DELAY_MICROS_SERVICE0': '0.0', 'SLOWPOKE_POKER_BATCH_THRESHOLD_SERVICE0': '100', 'SLOWPOKE_IS_TARGET_SERVICE_SERVICE0': 'true', 'SLOWPOKE_DELAY_MICROS_SERVICE1': '609.0', 'SLOWPOKE_POKER_BATCH_THRESHOLD_SERVICE1': '100', 'SLOWPOKE_IS_TARGET_SERVICE_SERVICE1': 'false', 'SLOWPOKE_DELAY_MICROS_SERVICE2': '609.0', 'SLOWPOKE_POKER_BATCH_THRESHOLD_SERVICE2': '100', 'SLOWPOKE_IS_TARGET_SERVICE_SERVICE2': 'false', 'SLOWPOKE_DELAY_MICROS_SERVICE3': '609.0', 'SLOWPOKE_POKER_BATCH_THRESHOLD_SERVICE3': '100', 'SLOWPOKE_IS_TARGET_SERVICE_SERVICE3': 'false', 'SLOWPOKE_DELAY_MICROS_SERVICE4': '609.0', 'SLOWPOKE_POKER_BATCH_THRESHOLD_SERVICE4': '100', 'SLOWPOKE_IS_TARGET_SERVICE_SERVICE4': 'false', 'SLOWPOKE_DELAY_MICROS_SERVICE5': '609.0', 'SLOWPOKE_POKER_BATCH_THRESHOLD_SERVICE5': '100', 'SLOWPOKE_IS_TARGET_SERVICE_SERVICE5': 'false', 'SLOWPOKE_DELAY_MICROS_SERVICE6': '609.0', 'SLOWPOKE_POKER_BATCH_THRESHOLD_SERVICE6': '100', 'SLOWPOKE_IS_TARGET_SERVICE_SERVICE6': 'false', 'SLOWPOKE_DELAY_MICROS_SERVICE7': '609.0', 'SLOWPOKE_POKER_BATCH_THRESHOLD_SERVICE7': '100', 'SLOWPOKE_IS_TARGET_SERVICE_SERVICE7': 'false'}
    [exp] Executing cmd `bash run.sh synthetic fanout-w7-http-sync 8 512 20000`:
        [run.sh] Running benchmark synthetic with request fanout-w7-http-sync, thread 8, conn 512, duration 60
        [run.sh] Deleting all services
        configmap "config-service0" deleted
        deployment.apps "service0" deleted
        service "service0" deleted
        configmap "config-service1" deleted
        deployment.apps "service1" deleted
        service "service1" deleted
        configmap "config-service2" deleted
        deployment.apps "service2" deleted
        service "service2" deleted
        configmap "config-service3" deleted
        deployment.apps "service3" deleted
        service "service3" deleted
        configmap "config-service4" deleted
        deployment.apps "service4" deleted
        service "service4" deleted
        configmap "config-service5" deleted
        deployment.apps "service5" deleted
        service "service5" deleted
        configmap "config-service6" deleted
        deployment.apps "service6" deleted
        service "service6" deleted
        configmap "config-service7" deleted
        deployment.apps "service7" deleted
        service "service7" deleted
        deployment.apps "ubuntu-client" deleted
        [run.sh] Waiting for all pods to be deleted
        [run.sh] Deploying all services
        configmap/config-service0 created
        deployment.apps/service0 created
        service/service0 created
        configmap/config-service1 created
        deployment.apps/service1 created
        service/service1 created
        configmap/config-service2 created
        deployment.apps/service2 created
        service/service2 created
        configmap/config-service3 created
        deployment.apps/service3 created
        service/service3 created
        configmap/config-service4 created
        deployment.apps/service4 created
        service/service4 created
        configmap/config-service5 created
        deployment.apps/service5 created
        service/service5 created
        configmap/config-service6 created
        deployment.apps/service6 created
        service/service6 created
        configmap/config-service7 created
        deployment.apps/service7 created
        service/service7 created
        [run.sh] Client pod not found, deploying client
        deployment.apps/ubuntu-client created
        [run.sh] Waiting for all pods to be running
        [run.sh] All pods are running
        [run.sh] Checking heartbeat for all services
        [run.sh] All pods can connect to all services
        [run.sh] Running warmup test
        [run.sh] /wrk/wrk -t8 -c512 --timeout 3s -d3s -L http://service0:80/endpoint1
        Running 3s test @ http://service0:80/endpoint1
        8 threads and 512 connections
        Thread Stats   Avg      Stdev     Max   +/- Stdev
        Latency   700.55ms  277.80ms   1.71s    69.01%
        Req/Sec    96.98     40.34   222.00     71.35%
        Latency Distribution
        50%  668.04ms
        75%  867.16ms
        90%    1.09s
        99%    1.47s
        1933 requests in 3.02s, 300.14KB read
        Requests/sec:    639.66
        Transfer/sec:     99.32KB
        [run.sh] Speed is 639.66, duration is 46
        [run.sh] Fix the request number.
        [run.sh] Running the actual test
        [run.sh] /wrk/wrk --timeout 20s -t8 -c512 -d46s -L -s /wrk/fix_req_n.lua http://service0:80/endpoint1
        [run.sh] Checking the resource usage
        NAME                        CPU(cores)   MEMORY(bytes)
        service2-5c679f8bf5-rpcp8   5m           3Mi
        Running 46s test @ http://service0:80/endpoint1
        8 threads and 512 connections
        Thread Stats   Avg      Stdev     Max   +/- Stdev
        Latency   632.96ms  208.20ms   2.23s    69.27%
        Req/Sec   101.38     41.21   280.00     66.21%
        Latency Distribution
        50%  616.28ms
        75%  761.18ms
        90%  903.91ms
        99%    1.21s
        20000 requests in 46.00s, 3.03MB read
        Requests/sec:    434.78
        Transfer/sec:     67.51KB
        ------------------------------
        stop time: 25.216248
        stop time: 24.969199
        stop time: 24.946552
        stop time: 24.962505
        stop time: 25.060920
        stop time: 25.076996
        stop time: 25.182677
        stop time: 25.031461
        [run.sh] Test finished with status 0
        > STDERR
        > No resources found in default namespace.
    [exp] Times: [25.216248, 24.969199, 24.946552, 24.962505, 25.06092, 25.076996, 25.182677, 25.031461]
    [exp] Throughput: 798.2177473957921
[test.py] Finished running 0th optmization experiment: groundtruth->1658.9458978964835, slowdown->798.2177473957921, predicted->1554.192386365078, err->-6.314462193386255
[test.py] Baseline throughput:  749.5074482981917
[test.py] Groundtruth:  [1658.9458978964835]
[test.py] Slowdown:  [798.2177473957921]
[test.py] Predicted:  [1554.192386365078]
[test.py] Error percentage:  [-6.314462193386255]
[test.py] >>>>>>>>>>>>>>>>>>>>>>>>>>>>> Running experiment 2...
[test.py] Actual processing time range: [0]
[test.py] Running baseline experiment
    [exp] Running (pre_run: False) workload synthetic/fanout-w7-http-sync request with the following configuration: {'CLIENT_CPU_QUOTA': '2', 'SLOWPOKE_POKER_BATCH_THRESHOLD': '20000000', 'PROCESSING_TIME_SERVICE0': '0.00121874', 'PROCESSING_TIME_SERVICE1': '0.00106558', 'PROCESSING_TIME_SERVICE2': '0.00103553', 'PROCESSING_TIME_SERVICE3': '0.00082706', 'PROCESSING_TIME_SERVICE4': '0.00070248', 'PROCESSING_TIME_SERVICE5': '0.00047849', 'PROCESSING_TIME_SERVICE6': '0.00042249', 'PROCESSING_TIME_SERVICE7': '0.00027067', 'SLOWPOKE_DELAY_MICROS_SERVICE0': '0.0', 'SLOWPOKE_POKER_BATCH_THRESHOLD_SERVICE0': '100', 'SLOWPOKE_IS_TARGET_SERVICE_SERVICE0': 'true', 'SLOWPOKE_DELAY_MICROS_SERVICE1': '0.0', 'SLOWPOKE_POKER_BATCH_THRESHOLD_SERVICE1': '100', 'SLOWPOKE_IS_TARGET_SERVICE_SERVICE1': 'false', 'SLOWPOKE_DELAY_MICROS_SERVICE2': '0.0', 'SLOWPOKE_POKER_BATCH_THRESHOLD_SERVICE2': '100', 'SLOWPOKE_IS_TARGET_SERVICE_SERVICE2': 'false', 'SLOWPOKE_DELAY_MICROS_SERVICE3': '0.0', 'SLOWPOKE_POKER_BATCH_THRESHOLD_SERVICE3': '100', 'SLOWPOKE_IS_TARGET_SERVICE_SERVICE3': 'false', 'SLOWPOKE_DELAY_MICROS_SERVICE4': '0.0', 'SLOWPOKE_POKER_BATCH_THRESHOLD_SERVICE4': '100', 'SLOWPOKE_IS_TARGET_SERVICE_SERVICE4': 'false', 'SLOWPOKE_DELAY_MICROS_SERVICE5': '0.0', 'SLOWPOKE_POKER_BATCH_THRESHOLD_SERVICE5': '100', 'SLOWPOKE_IS_TARGET_SERVICE_SERVICE5': 'false', 'SLOWPOKE_DELAY_MICROS_SERVICE6': '0.0', 'SLOWPOKE_POKER_BATCH_THRESHOLD_SERVICE6': '100', 'SLOWPOKE_IS_TARGET_SERVICE_SERVICE6': 'false', 'SLOWPOKE_DELAY_MICROS_SERVICE7': '0.0', 'SLOWPOKE_POKER_BATCH_THRESHOLD_SERVICE7': '100', 'SLOWPOKE_IS_TARGET_SERVICE_SERVICE7': 'false'}
    [exp] Executing cmd `bash run.sh synthetic fanout-w7-http-sync 8 512 20000`:
        [run.sh] Running benchmark synthetic with request fanout-w7-http-sync, thread 8, conn 512, duration 60
        [run.sh] Deleting all services
        configmap "config-service0" deleted
        deployment.apps "service0" deleted
        service "service0" deleted
        configmap "config-service1" deleted
        deployment.apps "service1" deleted
        service "service1" deleted
        configmap "config-service2" deleted
        deployment.apps "service2" deleted
        service "service2" deleted
        configmap "config-service3" deleted
        deployment.apps "service3" deleted
        service "service3" deleted
        configmap "config-service4" deleted
        deployment.apps "service4" deleted
        service "service4" deleted
        configmap "config-service5" deleted
        deployment.apps "service5" deleted
        service "service5" deleted
        configmap "config-service6" deleted
        deployment.apps "service6" deleted
        service "service6" deleted
        configmap "config-service7" deleted
        deployment.apps "service7" deleted
        service "service7" deleted
        deployment.apps "ubuntu-client" deleted
        [run.sh] Waiting for all pods to be deleted
        [run.sh] Deploying all services
        configmap/config-service0 created
        deployment.apps/service0 created
        service/service0 created
        configmap/config-service1 created
        deployment.apps/service1 created
        service/service1 created
        configmap/config-service2 created
        deployment.apps/service2 created
        service/service2 created
        configmap/config-service3 created
        deployment.apps/service3 created
        service/service3 created
        configmap/config-service4 created
        deployment.apps/service4 created
        service/service4 created
        configmap/config-service5 created
        deployment.apps/service5 created
        service/service5 created
        configmap/config-service6 created
        deployment.apps/service6 created
        service/service6 created
        configmap/config-service7 created
        deployment.apps/service7 created
        service/service7 created
        [run.sh] Client pod not found, deploying client
        deployment.apps/ubuntu-client created
        [run.sh] Waiting for all pods to be running
        [run.sh] All pods are running
        [run.sh] Checking heartbeat for all services
        [run.sh] All pods can connect to all services
        [run.sh] Running warmup test
        [run.sh] /wrk/wrk -t8 -c512 --timeout 3s -d3s -L http://service0:80/endpoint1
        Running 3s test @ http://service0:80/endpoint1
        8 threads and 512 connections
        Thread Stats   Avg      Stdev     Max   +/- Stdev
        Latency   767.24ms  231.62ms   1.56s    73.40%
        Req/Sec    87.03     54.63   320.00     73.82%
        Latency Distribution
        50%  737.15ms
        75%  893.12ms
        90%    1.05s
        99%    1.42s
        1714 requests in 3.02s, 266.14KB read
        Requests/sec:    567.86
        Transfer/sec:     88.17KB
        [run.sh] Speed is 567.86, duration is 52
        [run.sh] Fix the request number.
        [run.sh] Running the actual test
        [run.sh] /wrk/wrk --timeout 20s -t8 -c512 -d52s -L -s /wrk/fix_req_n.lua http://service0:80/endpoint1
        [run.sh] Checking the resource usage
        NAME                        CPU(cores)   MEMORY(bytes)
        service3-6ddd8b8f64-7l9kl   5m           3Mi
        service4-9bb5bd9fd-f4dqq    5m           3Mi
        service5-65b54fcdcb-b9b45   5m           3Mi
        service6-7dcff5bc4-kktjn    5m           3Mi
        service7-7758b6668-qg426    5m           3Mi
        Running 1m test @ http://service0:80/endpoint1
        8 threads and 512 connections
        Thread Stats   Avg      Stdev     Max   +/- Stdev
        Latency   676.00ms  213.32ms   1.72s    69.85%
        Req/Sec    95.82     50.01   343.00     69.16%
        Latency Distribution
        50%  661.52ms
        75%  804.22ms
        90%  952.99ms
        99%    1.25s
        20000 requests in 0.87m, 3.03MB read
        Requests/sec:    384.61
        Transfer/sec:     59.72KB
        ------------------------------
        stop time: 26.752086
        stop time: 26.405561
        stop time: 26.520570
        stop time: 26.773804
        stop time: 26.885964
        stop time: 26.576829
        stop time: 26.994894
        stop time: 26.981521
        [run.sh] Test finished with status 0
        > STDERR
        > No resources found in default namespace.
    [exp] Times: [26.752086, 26.405561, 26.52057, 26.773804, 26.885964, 26.576829, 26.994894, 26.981521]
    [exp] Throughput: 748.04376387028
[test.py] Baseline throughput: 748.04376387028
[test.py] Running 0th optmization experiment
[test.py] Running 0th groundtruth exp
    [exp] Running (pre_run: False) workload synthetic/fanout-w7-http-sync request with the following configuration: {'CLIENT_CPU_QUOTA': '2', 'SLOWPOKE_POKER_BATCH_THRESHOLD': '20000000', 'PROCESSING_TIME_SERVICE0': '0.0', 'PROCESSING_TIME_SERVICE1': '0.00106558', 'PROCESSING_TIME_SERVICE2': '0.00103553', 'PROCESSING_TIME_SERVICE3': '0.00082706', 'PROCESSING_TIME_SERVICE4': '0.00070248', 'PROCESSING_TIME_SERVICE5': '0.00047849', 'PROCESSING_TIME_SERVICE6': '0.00042249', 'PROCESSING_TIME_SERVICE7': '0.00027067', 'SLOWPOKE_DELAY_MICROS_SERVICE0': '0.0', 'SLOWPOKE_POKER_BATCH_THRESHOLD_SERVICE0': '100', 'SLOWPOKE_IS_TARGET_SERVICE_SERVICE0': 'true', 'SLOWPOKE_DELAY_MICROS_SERVICE1': '0.0', 'SLOWPOKE_POKER_BATCH_THRESHOLD_SERVICE1': '100', 'SLOWPOKE_IS_TARGET_SERVICE_SERVICE1': 'false', 'SLOWPOKE_DELAY_MICROS_SERVICE2': '0.0', 'SLOWPOKE_POKER_BATCH_THRESHOLD_SERVICE2': '100', 'SLOWPOKE_IS_TARGET_SERVICE_SERVICE2': 'false', 'SLOWPOKE_DELAY_MICROS_SERVICE3': '0.0', 'SLOWPOKE_POKER_BATCH_THRESHOLD_SERVICE3': '100', 'SLOWPOKE_IS_TARGET_SERVICE_SERVICE3': 'false', 'SLOWPOKE_DELAY_MICROS_SERVICE4': '0.0', 'SLOWPOKE_POKER_BATCH_THRESHOLD_SERVICE4': '100', 'SLOWPOKE_IS_TARGET_SERVICE_SERVICE4': 'false', 'SLOWPOKE_DELAY_MICROS_SERVICE5': '0.0', 'SLOWPOKE_POKER_BATCH_THRESHOLD_SERVICE5': '100', 'SLOWPOKE_IS_TARGET_SERVICE_SERVICE5': 'false', 'SLOWPOKE_DELAY_MICROS_SERVICE6': '0.0', 'SLOWPOKE_POKER_BATCH_THRESHOLD_SERVICE6': '100', 'SLOWPOKE_IS_TARGET_SERVICE_SERVICE6': 'false', 'SLOWPOKE_DELAY_MICROS_SERVICE7': '0.0', 'SLOWPOKE_POKER_BATCH_THRESHOLD_SERVICE7': '100', 'SLOWPOKE_IS_TARGET_SERVICE_SERVICE7': 'false'}
    [exp] Executing cmd `bash run.sh synthetic fanout-w7-http-sync 8 512 20000`:
        [run.sh] Running benchmark synthetic with request fanout-w7-http-sync, thread 8, conn 512, duration 60
        [run.sh] Deleting all services
        configmap "config-service0" deleted
        deployment.apps "service0" deleted
        service "service0" deleted
        configmap "config-service1" deleted
        deployment.apps "service1" deleted
        service "service1" deleted
        configmap "config-service2" deleted
        deployment.apps "service2" deleted
        service "service2" deleted
        configmap "config-service3" deleted
        deployment.apps "service3" deleted
        service "service3" deleted
        configmap "config-service4" deleted
        deployment.apps "service4" deleted
        service "service4" deleted
        configmap "config-service5" deleted
        deployment.apps "service5" deleted
        service "service5" deleted
        configmap "config-service6" deleted
        deployment.apps "service6" deleted
        service "service6" deleted
        configmap "config-service7" deleted
        deployment.apps "service7" deleted
        service "service7" deleted
        deployment.apps "ubuntu-client" deleted
        [run.sh] Waiting for all pods to be deleted
        [run.sh] Deploying all services
        configmap/config-service0 created
        deployment.apps/service0 created
        service/service0 created
        configmap/config-service1 created
        deployment.apps/service1 created
        service/service1 created
        configmap/config-service2 created
        deployment.apps/service2 created
        service/service2 created
        configmap/config-service3 created
        deployment.apps/service3 created
        service/service3 created
        configmap/config-service4 created
        deployment.apps/service4 created
        service/service4 created
        configmap/config-service5 created
        deployment.apps/service5 created
        service/service5 created
        configmap/config-service6 created
        deployment.apps/service6 created
        service/service6 created
        configmap/config-service7 created
        deployment.apps/service7 created
        service/service7 created
        [run.sh] Client pod not found, deploying client
        deployment.apps/ubuntu-client created
        [run.sh] Waiting for all pods to be running
        [run.sh] All pods are running
        [run.sh] Checking heartbeat for all services
        [run.sh] All pods can connect to all services
        [run.sh] Running warmup test
        [run.sh] /wrk/wrk -t8 -c512 --timeout 3s -d3s -L http://service0:80/endpoint1
        Running 3s test @ http://service0:80/endpoint1
        8 threads and 512 connections
        Thread Stats   Avg      Stdev     Max   +/- Stdev
        Latency   417.00ms  492.07ms   2.50s    83.64%
        Req/Sec   204.95     54.59   350.00     66.07%
        Latency Distribution
        50%  178.24ms
        75%  554.72ms
        90%    1.22s
        99%    2.02s
        4722 requests in 3.03s, 733.20KB read
        Requests/sec:   1557.62
        Transfer/sec:    241.86KB
        [run.sh] Speed is 1557.62, duration is 19
        [run.sh] Fix the request number.
        [run.sh] Running the actual test
        [run.sh] /wrk/wrk --timeout 20s -t8 -c512 -d19s -L -s /wrk/fix_req_n.lua http://service0:80/endpoint1
        Running 19s test @ http://service0:80/endpoint1
        8 threads and 512 connections
        Thread Stats   Avg      Stdev     Max   +/- Stdev
        Latency   350.65ms  365.79ms   2.41s    87.83%
        Req/Sec   206.69     64.08   494.00     71.37%
        Latency Distribution
        50%  227.89ms
        75%  446.21ms
        90%  847.72ms
        99%    1.72s
        20000 requests in 19.00s, 3.03MB read
        Requests/sec:   1052.62
        Transfer/sec:    163.44KB
        ------------------------------
        stop time: 12.444404
        stop time: 11.628897
        stop time: 12.307990
        stop time: 12.487728
        stop time: 12.257247
        stop time: 11.975624
        stop time: 11.830463
        stop time: 12.131893
        [run.sh] Checking the resource usage
        NAME                        CPU(cores)   MEMORY(bytes)
        service3-6ddd8b8f64-wn7cj   5m           3Mi
        service4-9bb5bd9fd-4k8fq    5m           3Mi
        service5-65b54fcdcb-rkj9w   5m           3Mi
        service6-7dcff5bc4-4kzrk    5m           3Mi
        service7-7758b6668-2nc9m    5m           3Mi
        [run.sh] Test finished with status 0
        > STDERR
        > No resources found in default namespace.
    [exp] Times: [12.444404, 11.628897, 12.30799, 12.487728, 12.257247, 11.975624, 11.830463, 12.131893]
    [exp] Throughput: 1648.3927562781457
[test.py] Running 0th slowdown exp
    [exp] Running (pre_run: False) workload synthetic/fanout-w7-http-sync request with the following configuration: {'CLIENT_CPU_QUOTA': '2', 'SLOWPOKE_POKER_BATCH_THRESHOLD': '20000000', 'PROCESSING_TIME_SERVICE0': '0.00121874', 'PROCESSING_TIME_SERVICE1': '0.00106558', 'PROCESSING_TIME_SERVICE2': '0.00103553', 'PROCESSING_TIME_SERVICE3': '0.00082706', 'PROCESSING_TIME_SERVICE4': '0.00070248', 'PROCESSING_TIME_SERVICE5': '0.00047849', 'PROCESSING_TIME_SERVICE6': '0.00042249', 'PROCESSING_TIME_SERVICE7': '0.00027067', 'SLOWPOKE_DELAY_MICROS_SERVICE0': '0.0', 'SLOWPOKE_POKER_BATCH_THRESHOLD_SERVICE0': '100', 'SLOWPOKE_IS_TARGET_SERVICE_SERVICE0': 'true', 'SLOWPOKE_DELAY_MICROS_SERVICE1': '609.0', 'SLOWPOKE_POKER_BATCH_THRESHOLD_SERVICE1': '100', 'SLOWPOKE_IS_TARGET_SERVICE_SERVICE1': 'false', 'SLOWPOKE_DELAY_MICROS_SERVICE2': '609.0', 'SLOWPOKE_POKER_BATCH_THRESHOLD_SERVICE2': '100', 'SLOWPOKE_IS_TARGET_SERVICE_SERVICE2': 'false', 'SLOWPOKE_DELAY_MICROS_SERVICE3': '609.0', 'SLOWPOKE_POKER_BATCH_THRESHOLD_SERVICE3': '100', 'SLOWPOKE_IS_TARGET_SERVICE_SERVICE3': 'false', 'SLOWPOKE_DELAY_MICROS_SERVICE4': '609.0', 'SLOWPOKE_POKER_BATCH_THRESHOLD_SERVICE4': '100', 'SLOWPOKE_IS_TARGET_SERVICE_SERVICE4': 'false', 'SLOWPOKE_DELAY_MICROS_SERVICE5': '609.0', 'SLOWPOKE_POKER_BATCH_THRESHOLD_SERVICE5': '100', 'SLOWPOKE_IS_TARGET_SERVICE_SERVICE5': 'false', 'SLOWPOKE_DELAY_MICROS_SERVICE6': '609.0', 'SLOWPOKE_POKER_BATCH_THRESHOLD_SERVICE6': '100', 'SLOWPOKE_IS_TARGET_SERVICE_SERVICE6': 'false', 'SLOWPOKE_DELAY_MICROS_SERVICE7': '609.0', 'SLOWPOKE_POKER_BATCH_THRESHOLD_SERVICE7': '100', 'SLOWPOKE_IS_TARGET_SERVICE_SERVICE7': 'false'}
    [exp] Executing cmd `bash run.sh synthetic fanout-w7-http-sync 8 512 20000`:
        [run.sh] Running benchmark synthetic with request fanout-w7-http-sync, thread 8, conn 512, duration 60
        [run.sh] Deleting all services
        configmap "config-service0" deleted
        deployment.apps "service0" deleted
        service "service0" deleted
        configmap "config-service1" deleted
        deployment.apps "service1" deleted
        service "service1" deleted
        configmap "config-service2" deleted
        deployment.apps "service2" deleted
        service "service2" deleted
        configmap "config-service3" deleted
        deployment.apps "service3" deleted
        service "service3" deleted
        configmap "config-service4" deleted
        deployment.apps "service4" deleted
        service "service4" deleted
        configmap "config-service5" deleted
        deployment.apps "service5" deleted
        service "service5" deleted
        configmap "config-service6" deleted
        deployment.apps "service6" deleted
        service "service6" deleted
        configmap "config-service7" deleted
        deployment.apps "service7" deleted
        service "service7" deleted
        deployment.apps "ubuntu-client" deleted
        [run.sh] Waiting for all pods to be deleted
        [run.sh] Deploying all services
        configmap/config-service0 created
        deployment.apps/service0 created
        service/service0 created
        configmap/config-service1 created
        deployment.apps/service1 created
        service/service1 created
        configmap/config-service2 created
        deployment.apps/service2 created
        service/service2 created
        configmap/config-service3 created
        deployment.apps/service3 created
        service/service3 created
        configmap/config-service4 created
        deployment.apps/service4 created
        service/service4 created
        configmap/config-service5 created
        deployment.apps/service5 created
        service/service5 created
        configmap/config-service6 created
        deployment.apps/service6 created
        service/service6 created
        configmap/config-service7 created
        deployment.apps/service7 created
        service/service7 created
        [run.sh] Client pod not found, deploying client
        deployment.apps/ubuntu-client created
        [run.sh] Waiting for all pods to be running
        [run.sh] All pods are running
        [run.sh] Checking heartbeat for all services
        [run.sh] All pods can connect to all services
        [run.sh] Running warmup test
        [run.sh] /wrk/wrk -t8 -c512 --timeout 3s -d3s -L http://service0:80/endpoint1
        Running 3s test @ http://service0:80/endpoint1
        8 threads and 512 connections
        Thread Stats   Avg      Stdev     Max   +/- Stdev
        Latency   705.37ms  387.09ms   2.43s    70.90%
        Req/Sec    88.60     40.36   222.00     73.00%
        Latency Distribution
        50%  613.95ms
        75%  904.15ms
        90%    1.26s
        99%    1.90s
        1823 requests in 3.04s, 283.06KB read
        Requests/sec:    600.39
        Transfer/sec:     93.22KB
        [run.sh] Speed is 600.39, duration is 49
        [run.sh] Fix the request number.
        [run.sh] Running the actual test
        [run.sh] /wrk/wrk --timeout 20s -t8 -c512 -d49s -L -s /wrk/fix_req_n.lua http://service0:80/endpoint1
        [run.sh] Checking the resource usage
        NAME                             CPU(cores)   MEMORY(bytes)
        service0-8cfffb9b9-7wgxl         569m         72Mi
        service1-7c4bc4bcb5-66pbt        287m         27Mi
        service2-5c679f8bf5-qtjx7        272m         18Mi
        service3-cbb98fd5c-qs9rq         222m         15Mi
        service4-644cf677d7-t6z9j        197m         13Mi
        service5-7584c84b9-q5jlw         13m          10Mi
        service6-f9777d9b7-4d6r5         11m          12Mi
        service7-5475f7b45c-kmz9p        29m          10Mi
        ubuntu-client-76886f6bbd-dmtgp   15m          8Mi
        Running 49s test @ http://service0:80/endpoint1
        8 threads and 512 connections
        Thread Stats   Avg      Stdev     Max   +/- Stdev
        Latency   627.89ms  236.64ms   2.23s    71.69%
        Req/Sec   101.66     40.07   242.00     68.18%
        Latency Distribution
        50%  594.56ms
        75%  756.12ms
        90%  931.52ms
        99%    1.33s
        20000 requests in 49.00s, 3.03MB read
        Requests/sec:    408.16
        Transfer/sec:     63.38KB
        ------------------------------
        stop time: 24.587599
        stop time: 24.849771
        stop time: 25.139685
        stop time: 25.036049
        stop time: 25.060192
        stop time: 24.913973
        stop time: 25.078263
        stop time: 24.851313
        [run.sh] Test finished with status 0
        > STDERR
        > No resources found in default namespace.
    [exp] Times: [24.587599, 24.849771, 25.139685, 25.036049, 25.060192, 24.913973, 25.078263, 24.851313]
    [exp] Throughput: 801.9373000811034
[test.py] Finished running 0th optmization experiment: groundtruth->1648.3927562781457, slowdown->801.9373000811034, predicted->1568.356140744084, err->-4.855433587003488
[test.py] Baseline throughput:  748.04376387028
[test.py] Groundtruth:  [1648.3927562781457]
[test.py] Slowdown:  [801.9373000811034]
[test.py] Predicted:  [1568.356140744084]
[test.py] Error percentage:  [-4.855433587003488]
[test.py] ++++++++++++++++++++++++++++++++ Summary: 
[test.py] Result for the experiment 0: 
    Baseline throughput: 730.3228109442141
    Groundtruth: [1653.9645804932306]
    Slowdown:    [798.9819172664712]
    Predicted:   [1557.0920702215437]
    Error Perc:  [-5.8569881975827105]
[test.py] Result for the experiment 1: 
    Baseline throughput: 749.5074482981917
    Groundtruth: [1658.9458978964835]
    Slowdown:    [798.2177473957921]
    Predicted:   [1554.192386365078]
    Error Perc:  [-6.314462193386255]
[test.py] Result for the experiment 2: 
    Baseline throughput: 748.04376387028
    Groundtruth: [1648.3927562781457]
    Slowdown:    [801.9373000811034]
    Predicted:   [1568.356140744084]
    Error Perc:  [-4.855433587003488]
