[run.sh] Running benchmark social with request mix, thread 8, conn 1024, duration 60
[run.sh] Deleting all services
service "composepost" deleted
deployment.apps "composepost" deleted
service "hometimeline" deleted
deployment.apps "hometimeline" deleted
service "poststorage" deleted
deployment.apps "poststorage" deleted
service "socialgraph" deleted
deployment.apps "socialgraph" deleted
service "usertimeline" deleted
deployment.apps "usertimeline" deleted
deployment.apps "ubuntu-client" deleted
[run.sh] Waiting for all pods to be deleted
[run.sh] Deploying all services
service/composepost created
deployment.apps/composepost created
service/hometimeline created
deployment.apps/hometimeline created
service/poststorage created
deployment.apps/poststorage created
service/socialgraph created
deployment.apps/socialgraph created
service/usertimeline created
deployment.apps/usertimeline created
[run.sh] Client pod not found, deploying client
deployment.apps/ubuntu-client created
[run.sh] Waiting for all pods to be running
[run.sh] All pods are running
[run.sh] Checking heartbeat for all services
[run.sh] All pods can connect to all services
[run.sh] Populating social benchmark
Parsing social graph file: ./data/socfb-Reed98.mtx... DONE!
Analyzing social graph in: ./data/analysis.txt... DONE!
Populating social graph... 
DONE!
[run.sh] Copying social/analysis.txt to ubuntu-client-76886f6bbd-479pw:/analysis.txt
[run.sh] Finished populating social
[run.sh] Starting the rust proxy first for social
[2m2025-04-15T20:31:53.729646Z[0m [32m INFO[0m [2mproxy::social[0m[2m:[0m Reading social graph from /analysis.txt
[run.sh] Running warmup test
[run.sh] /wrk/wrk -t8 -c1024 --timeout 3s -d3s -L http://localhost:3000
Running 3s test @ http://localhost:3000
  8 threads and 1024 connections
  Thread Stats   Avg      Stdev     Max   +/- Stdev
    Latency   256.32ms  243.84ms   1.12s    54.01%
    Req/Sec   385.31    153.05     0.86k    68.33%
  Latency Distribution
     50%  252.36ms
     75%  463.29ms
     90%  547.80ms
     99%  879.21ms
  9216 requests in 3.03s, 702.00KB read
Requests/sec:   3037.96
Transfer/sec:    231.41KB
[run.sh] Speed is 3037.96, duration is 9
[run.sh] Fix the request number.
[run.sh] Running the actual test
[run.sh] /wrk/wrk --timeout 20s -t8 -c1024 -d9s -s /wrk/fix_req_n.lua -L http://localhost:3000
Running 9s test @ http://localhost:3000
  8 threads and 1024 connections
  Thread Stats   Avg      Stdev     Max   +/- Stdev
    Latency   306.30ms  278.94ms   1.34s    50.16%
    Req/Sec   400.18    142.06     1.37k    73.24%
  Latency Distribution
     50%  401.89ms
     75%  539.15ms
     90%  618.63ms
     99%  915.06ms
  20000 requests in 9.00s, 1.49MB read
Requests/sec:   2222.18
Transfer/sec:    169.27KB
------------------------------
stop time: 5.988325
stop time: 6.156565
stop time: 6.191710
stop time: 6.356326
stop time: 6.496458
stop time: 6.358031
stop time: 6.336183
stop time: 6.331716
[run.sh] Checking the resource usage
NAME                             CPU(cores)   MEMORY(bytes)   
composepost-7b4b6d79dd-qd485     89m          9Mi             
socialgraph-7885949c4-fms95      54m          9Mi             
ubuntu-client-76886f6bbd-479pw   7m           1Mi             
[run.sh] Test finished with status 0
