[run.sh] Running benchmark synthetic with request fanout-w10-http-sync, thread 8, conn 512, duration 60
[run.sh] Deleting all services
configmap "config-service0" deleted
deployment.apps "service0" deleted
service "service0" deleted
configmap "config-service1" deleted
deployment.apps "service1" deleted
service "service1" deleted
configmap "config-service10" deleted
deployment.apps "service10" deleted
service "service10" deleted
configmap "config-service2" deleted
deployment.apps "service2" deleted
service "service2" deleted
configmap "config-service3" deleted
deployment.apps "service3" deleted
service "service3" deleted
configmap "config-service4" deleted
deployment.apps "service4" deleted
service "service4" deleted
configmap "config-service5" deleted
deployment.apps "service5" deleted
service "service5" deleted
configmap "config-service6" deleted
deployment.apps "service6" deleted
service "service6" deleted
configmap "config-service7" deleted
deployment.apps "service7" deleted
service "service7" deleted
configmap "config-service8" deleted
deployment.apps "service8" deleted
service "service8" deleted
configmap "config-service9" deleted
deployment.apps "service9" deleted
service "service9" deleted
deployment.apps "ubuntu-client" deleted
[run.sh] Waiting for all pods to be deleted
[run.sh] Deploying all services
configmap/config-service0 created
deployment.apps/service0 created
service/service0 created
configmap/config-service1 created
deployment.apps/service1 created
service/service1 created
configmap/config-service10 created
deployment.apps/service10 created
service/service10 created
configmap/config-service2 created
deployment.apps/service2 created
service/service2 created
configmap/config-service3 created
deployment.apps/service3 created
service/service3 created
configmap/config-service4 created
deployment.apps/service4 created
service/service4 created
configmap/config-service5 created
deployment.apps/service5 created
service/service5 created
configmap/config-service6 created
deployment.apps/service6 created
service/service6 created
configmap/config-service7 created
deployment.apps/service7 created
service/service7 created
configmap/config-service8 created
deployment.apps/service8 created
service/service8 created
configmap/config-service9 created
deployment.apps/service9 created
service/service9 created
[run.sh] Client pod not found, deploying client
deployment.apps/ubuntu-client created
[run.sh] Waiting for all pods to be running
[run.sh] All pods are running
[run.sh] Checking heartbeat for all services
[run.sh] All pods can connect to all services
[run.sh] Running warmup test
[run.sh] /wrk/wrk -t8 -c512 --timeout 3s -d3s -L http://service0:80/endpoint1
Running 3s test @ http://service0:80/endpoint1
  8 threads and 512 connections
  Thread Stats   Avg      Stdev     Max   +/- Stdev
    Latency   781.25ms  258.89ms   1.93s    65.19%
    Req/Sec    85.89     40.80   191.00     68.06%
  Latency Distribution
     50%  761.91ms
     75%  939.79ms
     90%    1.13s 
     99%    1.42s 
  1669 requests in 3.04s, 259.15KB read
Requests/sec:    549.79
Transfer/sec:     85.37KB
[run.sh] Speed is 549.79, duration is 54
[run.sh] Fix the request number.
[run.sh] Running the actual test
[run.sh] /wrk/wrk --timeout 20s -t8 -c512 -d54s -L -s /wrk/fix_req_n.lua http://service0:80/endpoint1
[run.sh] Checking the resource usage
NAME                             CPU(cores)   MEMORY(bytes)   
service0-8cfffb9b9-7snq9         1897m        80Mi            
service1-8449c8c679-pq624        850m         19Mi            
service10-75d745fcf-cdl67        449m         13Mi            
service2-8655764cb5-xlf5f        851m         18Mi            
service3-685f996fb7-xwt8w        800m         16Mi            
service4-b7b8c966f-kc6km         791m         14Mi            
service5-7c778f5b87-8srpd        725m         14Mi            
service6-856f66c597-jvxhd        680m         14Mi            
service7-7b78865cc5-924cs        611m         13Mi            
service8-5c95d75c85-rh8rc        541m         14Mi            
service9-754c548bfb-jmhvg        501m         14Mi            
ubuntu-client-76886f6bbd-pq4cx   27m          16Mi            
Running 1m test @ http://service0:80/endpoint1
  8 threads and 512 connections
  Thread Stats   Avg      Stdev     Max   +/- Stdev
    Latency   681.38ms  175.63ms   1.62s    70.47%
    Req/Sec    94.62     38.12   220.00     70.97%
  Latency Distribution
     50%  670.66ms
     75%  785.42ms
     90%  902.86ms
     99%    1.17s 
  20000 requests in 0.90m, 3.03MB read
Requests/sec:    370.37
Transfer/sec:     57.51KB
------------------------------
stop time: 27.012853
stop time: 26.931043
stop time: 26.913182
stop time: 26.714228
stop time: 27.036360
stop time: 26.800802
stop time: 27.091173
stop time: 26.946058
[run.sh] Test finished with status 0
