[run.sh] Running benchmark synthetic with request fanout-w10-http-sync, thread 8, conn 1024, duration 60
[run.sh] Deleting all services
configmap "config-service0" deleted
deployment.apps "service0" deleted
service "service0" deleted
configmap "config-service1" deleted
deployment.apps "service1" deleted
service "service1" deleted
configmap "config-service10" deleted
deployment.apps "service10" deleted
service "service10" deleted
configmap "config-service2" deleted
deployment.apps "service2" deleted
service "service2" deleted
configmap "config-service3" deleted
deployment.apps "service3" deleted
service "service3" deleted
configmap "config-service4" deleted
deployment.apps "service4" deleted
service "service4" deleted
configmap "config-service5" deleted
deployment.apps "service5" deleted
service "service5" deleted
configmap "config-service6" deleted
deployment.apps "service6" deleted
service "service6" deleted
configmap "config-service7" deleted
deployment.apps "service7" deleted
service "service7" deleted
configmap "config-service8" deleted
deployment.apps "service8" deleted
service "service8" deleted
configmap "config-service9" deleted
deployment.apps "service9" deleted
service "service9" deleted
deployment.apps "ubuntu-client" deleted
[run.sh] Waiting for all pods to be deleted
[run.sh] Deploying all services
configmap/config-service0 created
deployment.apps/service0 created
service/service0 created
configmap/config-service1 created
deployment.apps/service1 created
service/service1 created
configmap/config-service10 created
deployment.apps/service10 created
service/service10 created
configmap/config-service2 created
deployment.apps/service2 created
service/service2 created
configmap/config-service3 created
deployment.apps/service3 created
service/service3 created
configmap/config-service4 created
deployment.apps/service4 created
service/service4 created
configmap/config-service5 created
deployment.apps/service5 created
service/service5 created
configmap/config-service6 created
deployment.apps/service6 created
service/service6 created
configmap/config-service7 created
deployment.apps/service7 created
service/service7 created
configmap/config-service8 created
deployment.apps/service8 created
service/service8 created
configmap/config-service9 created
deployment.apps/service9 created
service/service9 created
[run.sh] Client pod not found, deploying client
deployment.apps/ubuntu-client created
[run.sh] Waiting for all pods to be running
[run.sh] All pods are running
[run.sh] Checking heartbeat for all services
[run.sh] All pods can connect to all services
[run.sh] Running warmup test
[run.sh] /wrk/wrk -t8 -c1024 --timeout 3s -d3s -L http://service0:80/endpoint1
Running 3s test @ http://service0:80/endpoint1
  8 threads and 1024 connections
  Thread Stats   Avg      Stdev     Max   +/- Stdev
    Latency     1.42s   580.69ms   2.99s    67.33%
    Req/Sec    79.77     38.18   180.00     66.25%
  Latency Distribution
     50%    1.35s 
     75%    1.82s 
     90%    2.19s 
     99%    2.84s 
  1350 requests in 3.03s, 209.62KB read
Requests/sec:    445.46
Transfer/sec:     69.17KB
[run.sh] Speed is 445.46, duration is 67
[run.sh] Fix the request number.
[run.sh] Running the actual test
[run.sh] /wrk/wrk --timeout 20s -t8 -c1024 -d67s -L -s /wrk/fix_req_n.lua http://service0:80/endpoint1
[run.sh] Checking the resource usage
NAME                             CPU(cores)   MEMORY(bytes)   
service0-8cfffb9b9-vhjg2         1m           130Mi           
service1-8449c8c679-gggjl        1m           38Mi            
service10-75d745fcf-cv2m2        58m          10Mi            
service2-8655764cb5-cgxhc        128m         18Mi            
service3-685f996fb7-8x4w9        1m           15Mi            
service4-b7b8c966f-fz6b7         7m           13Mi            
service5-7c778f5b87-xsgdw        1m           12Mi            
service6-856f66c597-lh6ml        7m           12Mi            
service7-7b78865cc5-l5jwz        6m           12Mi            
service8-5c95d75c85-tfhx9        7m           10Mi            
service9-754c548bfb-4h2lz        7m           10Mi            
ubuntu-client-76886f6bbd-pflcv   12m          0Mi             
Running 1m test @ http://service0:80/endpoint1
  8 threads and 1024 connections
  Thread Stats   Avg      Stdev     Max   +/- Stdev
    Latency     1.58s   404.60ms   3.69s    72.86%
    Req/Sec    82.72     43.73   270.00     69.50%
  Latency Distribution
     50%    1.52s 
     75%    1.80s 
     90%    2.10s 
     99%    2.74s 
  20000 requests in 1.12m, 3.03MB read
Requests/sec:    298.51
Transfer/sec:     46.35KB
------------------------------
stop time: 31.580279
stop time: 31.682908
stop time: 31.898048
stop time: 31.818212
stop time: 31.810359
stop time: 31.819851
stop time: 31.896566
stop time: 31.881229
[run.sh] Test finished with status 0
