benchmark                        : social
num_threads                      : 4
num_conns                        : 128
target_service                   : hometimeline
request_type                     : mix
repetitions                      : 3
target_num_exp                   : 2
pre_run                          : False
num_req                          : 50000
groundtruths                     : []
slowdowns                        : []
predicteds                       : []
errs                             : []
client_cpu_quota                 : 4
random_seed                      : 1234
request_ratio                    : {'composepost': 0.09979209979, 'hometimeline': 0.7005428505, 'poststorage': 0.9497747748, 'socialgraph': 0.09979209979, 'usertimeline': 0.4022002772}
baseline_service_processing_time : {'composepost': 0, 'hometimeline': 1000, 'poststorage': 0, 'socialgraph': 0, 'usertimeline': 0}
cpu_quota                        : {'composepost': 2, 'hometimeline': 2, 'poststorage': 2, 'socialgraph': 2, 'usertimeline': 2}
target_processing_time_range     : [0, 1000]
baseline_throughputs             : []
poker_batch                      : 60000000
[test.py] Starting experiment...
[test.py] >>>>>>>>>>>>>>>>>>>>>>>>>>>>> Running experiment 0...
[test.py] Actual processing time range: [0, 500]
[test.py] Running baseline experiment
    [exp] Running (pre_run: False) workload social/mix request with the following configuration: {'CLIENT_CPU_QUOTA': '4', 'SLOWPOKE_POKER_BATCH_THRESHOLD': '60000000', 'SLOWPOKE_PROCESSING_MICROS_COMPOSEPOST': '0', 'SLOWPOKE_PROCESSING_MICROS_HOMETIMELINE': '1000', 'SLOWPOKE_PROCESSING_MICROS_POSTSTORAGE': '0', 'SLOWPOKE_PROCESSING_MICROS_SOCIALGRAPH': '0', 'SLOWPOKE_PROCESSING_MICROS_USERTIMELINE': '0', 'SLOWPOKE_DELAY_MICROS_COMPOSEPOST': '0.0', 'SLOWPOKE_DELAY_MICROS_HOMETIMELINE': '0.0', 'SLOWPOKE_DELAY_MICROS_POSTSTORAGE': '0.0', 'SLOWPOKE_DELAY_MICROS_SOCIALGRAPH': '0.0', 'SLOWPOKE_DELAY_MICROS_USERTIMELINE': '0.0'}
    [exp] Executing cmd `bash run.sh social mix 4 128 50000`:
        [run.sh] Running benchmark social with request mix, thread 4, conn 128, duration 60
        [run.sh] Deleting all services
        service "composepost" deleted
        deployment.apps "composepost" deleted
        service "hometimeline" deleted
        deployment.apps "hometimeline" deleted
        service "poststorage" deleted
        deployment.apps "poststorage" deleted
        service "socialgraph" deleted
        deployment.apps "socialgraph" deleted
        service "usertimeline" deleted
        deployment.apps "usertimeline" deleted
        deployment.apps "ubuntu-client" deleted
        [run.sh] Waiting for all pods to be deleted
        [run.sh] Deploying all services
        service/composepost created
        deployment.apps/composepost created
        service/hometimeline created
        deployment.apps/hometimeline created
        service/poststorage created
        deployment.apps/poststorage created
        service/socialgraph created
        deployment.apps/socialgraph created
        service/usertimeline created
        deployment.apps/usertimeline created
        [run.sh] Client pod not found, deploying client
        deployment.apps/ubuntu-client created
        [run.sh] Waiting for all pods to be running
        [run.sh] All pods are running
        [run.sh] Checking heartbeat for all services
        [run.sh] All pods can connect to all services
        [run.sh] Populating social benchmark
        Parsing social graph file: ./data/socfb-Reed98.mtx... DONE!
        Analyzing social graph in: ./data/analysis.txt... DONE!
        Populating social graph...
        DONE!
        [run.sh] Copying social/analysis.txt to ubuntu-client-76886f6bbd-hmmsw:/analysis.txt
        [run.sh] Finished populating social
        [run.sh] Starting the rust proxy first for social
        [2m2025-03-25T19:21:22.813541Z[0m [32m INFO[0m [2mproxy::social[0m[2m:[0m Reading social graph from /analysis.txt
        [run.sh] Running warmup test
        [run.sh] /wrk/wrk -t4 -c128 -d3s -L http://localhost:3000
        Running 3s test @ http://localhost:3000
        4 threads and 128 connections
        Thread Stats   Avg      Stdev     Max   +/- Stdev
        Latency    93.85ms   80.34ms 440.99ms   56.99%
        Req/Sec   363.43     91.54   680.00     66.67%
        Latency Distribution
        50%   92.52ms
        75%  143.90ms
        90%  204.87ms
        99%  314.76ms
        4343 requests in 3.01s, 330.81KB read
        Requests/sec:   1440.56
        Transfer/sec:    109.73KB
        [run.sh] Speed is 1440.56, duration is 52
        [run.sh] Fix the request number.
        [run.sh] Running the actual test
        [run.sh] /wrk/wrk -t4 -c128 -d52s -s /wrk/fix_req_n.lua -L http://localhost:3000
        [run.sh] Checking the resource usage
        NAME                             CPU(cores)   MEMORY(bytes)
        composepost-7d75c5c7b7-tzqcq     91m          8Mi
        hometimeline-69449c4c45-78wsk    158m         32Mi
        poststorage-88ffb4856-ltkhl      45m          18Mi
        socialgraph-66cd9d8bf-gldwx      7m           8Mi
        ubuntu-client-76886f6bbd-hmmsw   7m           20Mi
        usertimeline-5956b4d5b6-f8rxk    18m          10Mi
        Running 1m test @ http://localhost:3000
        4 threads and 128 connections
        Thread Stats   Avg      Stdev     Max   +/- Stdev
        Latency    90.29ms   85.53ms 726.68ms   57.91%
        Req/Sec   370.41     98.17   777.00     67.63%
        Latency Distribution
        50%   76.17ms
        75%  144.51ms
        90%  207.03ms
        99%  339.22ms
        50000 requests in 0.87m, 3.72MB read
        Requests/sec:    961.54
        Transfer/sec:     73.24KB
        ------------------------------
        stop time: 33.791288
        stop time: 33.976826
        stop time: 33.667811
        stop time: 33.903249
        [run.sh] Test finished with status 0
        > STDERR
        > No resources found in default namespace.
        > error: no objects passed to apply
    [exp] Times: [33.791288, 33.976826, 33.667811, 33.903249]
    [exp] Throughput: 1477.7687353108863
[test.py] Baseline throughput: 1477.7687353108863
[test.py] Running groundtruth experiment
    [exp] Running (pre_run: False) workload social/mix request with the following configuration: {'CLIENT_CPU_QUOTA': '4', 'SLOWPOKE_POKER_BATCH_THRESHOLD': '60000000', 'SLOWPOKE_PROCESSING_MICROS_COMPOSEPOST': '0', 'SLOWPOKE_PROCESSING_MICROS_HOMETIMELINE': '0', 'SLOWPOKE_PROCESSING_MICROS_POSTSTORAGE': '0', 'SLOWPOKE_PROCESSING_MICROS_SOCIALGRAPH': '0', 'SLOWPOKE_PROCESSING_MICROS_USERTIMELINE': '0', 'SLOWPOKE_DELAY_MICROS_COMPOSEPOST': '0.0', 'SLOWPOKE_DELAY_MICROS_HOMETIMELINE': '0.0', 'SLOWPOKE_DELAY_MICROS_POSTSTORAGE': '0.0', 'SLOWPOKE_DELAY_MICROS_SOCIALGRAPH': '0.0', 'SLOWPOKE_DELAY_MICROS_USERTIMELINE': '0.0'}
    [exp] Executing cmd `bash run.sh social mix 4 128 50000`:
        [run.sh] Running benchmark social with request mix, thread 4, conn 128, duration 60
        [run.sh] Deleting all services
        service "composepost" deleted
        deployment.apps "composepost" deleted
        service "hometimeline" deleted
        deployment.apps "hometimeline" deleted
        service "poststorage" deleted
        deployment.apps "poststorage" deleted
        service "socialgraph" deleted
        deployment.apps "socialgraph" deleted
        service "usertimeline" deleted
        deployment.apps "usertimeline" deleted
        deployment.apps "ubuntu-client" deleted
        [run.sh] Waiting for all pods to be deleted
        [run.sh] Deploying all services
        service/composepost created
        deployment.apps/composepost created
        service/hometimeline created
        deployment.apps/hometimeline created
        service/poststorage created
        deployment.apps/poststorage created
        service/socialgraph created
        deployment.apps/socialgraph created
        service/usertimeline created
        deployment.apps/usertimeline created
        [run.sh] Client pod not found, deploying client
        deployment.apps/ubuntu-client created
        [run.sh] Waiting for all pods to be running
        [run.sh] All pods are running
        [run.sh] Checking heartbeat for all services
        [run.sh] All pods can connect to all services
        [run.sh] Populating social benchmark
        Parsing social graph file: ./data/socfb-Reed98.mtx... DONE!
        Analyzing social graph in: ./data/analysis.txt... DONE!
        Populating social graph...
        DONE!
        [run.sh] Copying social/analysis.txt to ubuntu-client-76886f6bbd-tndd7:/analysis.txt
        [run.sh] Finished populating social
        [run.sh] Starting the rust proxy first for social
        [2m2025-03-25T19:23:18.828627Z[0m [32m INFO[0m [2mproxy::social[0m[2m:[0m Reading social graph from /analysis.txt
        [run.sh] Running warmup test
        [run.sh] /wrk/wrk -t4 -c128 -d3s -L http://localhost:3000
        Running 3s test @ http://localhost:3000
        4 threads and 128 connections
        Thread Stats   Avg      Stdev     Max   +/- Stdev
        Latency    52.97ms   45.72ms 373.47ms   59.76%
        Req/Sec   668.62    109.50     0.94k    73.33%
        Latency Distribution
        50%   50.95ms
        75%   79.55ms
        90%  113.17ms
        99%  186.45ms
        7987 requests in 3.02s, 608.38KB read
        Requests/sec:   2648.15
        Transfer/sec:    201.71KB
        [run.sh] Speed is 2648.15, duration is 28
        [run.sh] Fix the request number.
        [run.sh] Running the actual test
        [run.sh] /wrk/wrk -t4 -c128 -d28s -s /wrk/fix_req_n.lua -L http://localhost:3000
        Running 28s test @ http://localhost:3000
        4 threads and 128 connections
        Thread Stats   Avg      Stdev     Max   +/- Stdev
        Latency    47.63ms   45.47ms 365.08ms   84.44%
        Req/Sec   703.97    110.34     1.13k    71.41%
        Latency Distribution
        50%   37.95ms
        75%   75.50ms
        90%  110.25ms
        99%  187.73ms
        50000 requests in 28.00s, 3.72MB read
        Socket errors: connect 0, read 0, write 0, timeout 1
        Requests/sec:   1785.71
        Transfer/sec:    136.02KB
        ------------------------------
        stop time: 17.578969
        stop time: 17.876342
        stop time: 17.919916
        stop time: 17.943444
        [run.sh] Checking the resource usage
        NAME                             CPU(cores)   MEMORY(bytes)
        composepost-7d75c5c7b7-cxrb5     88m          8Mi
        hometimeline-6ddb6495d6-wgjwl    200m         29Mi
        poststorage-88ffb4856-nrb94      38m          25Mi
        socialgraph-66cd9d8bf-ltj26      13m          8Mi
        ubuntu-client-76886f6bbd-tndd7   79m          17Mi
        usertimeline-5956b4d5b6-2pcwj    6m           10Mi
        [run.sh] Test finished with status 0
        > STDERR
        > No resources found in default namespace.
        > error: no objects passed to apply
    [exp] Times: [17.578969, 17.876342, 17.919916, 17.943444]
    [exp] Throughput: 2804.314735477895
    [exp] Running (pre_run: False) workload social/mix request with the following configuration: {'CLIENT_CPU_QUOTA': '4', 'SLOWPOKE_POKER_BATCH_THRESHOLD': '60000000', 'SLOWPOKE_PROCESSING_MICROS_COMPOSEPOST': '0', 'SLOWPOKE_PROCESSING_MICROS_HOMETIMELINE': '500', 'SLOWPOKE_PROCESSING_MICROS_POSTSTORAGE': '0', 'SLOWPOKE_PROCESSING_MICROS_SOCIALGRAPH': '0', 'SLOWPOKE_PROCESSING_MICROS_USERTIMELINE': '0', 'SLOWPOKE_DELAY_MICROS_COMPOSEPOST': '0.0', 'SLOWPOKE_DELAY_MICROS_HOMETIMELINE': '0.0', 'SLOWPOKE_DELAY_MICROS_POSTSTORAGE': '0.0', 'SLOWPOKE_DELAY_MICROS_SOCIALGRAPH': '0.0', 'SLOWPOKE_DELAY_MICROS_USERTIMELINE': '0.0'}
    [exp] Executing cmd `bash run.sh social mix 4 128 50000`:
        [run.sh] Running benchmark social with request mix, thread 4, conn 128, duration 60
        [run.sh] Deleting all services
        service "composepost" deleted
        deployment.apps "composepost" deleted
        service "hometimeline" deleted
        deployment.apps "hometimeline" deleted
        service "poststorage" deleted
        deployment.apps "poststorage" deleted
        service "socialgraph" deleted
        deployment.apps "socialgraph" deleted
        service "usertimeline" deleted
        deployment.apps "usertimeline" deleted
        deployment.apps "ubuntu-client" deleted
        [run.sh] Waiting for all pods to be deleted
        [run.sh] Deploying all services
        service/composepost created
        deployment.apps/composepost created
        service/hometimeline created
        deployment.apps/hometimeline created
        service/poststorage created
        deployment.apps/poststorage created
        service/socialgraph created
        deployment.apps/socialgraph created
        service/usertimeline created
        deployment.apps/usertimeline created
        [run.sh] Client pod not found, deploying client
        deployment.apps/ubuntu-client created
        [run.sh] Waiting for all pods to be running
        [run.sh] All pods are running
        [run.sh] Checking heartbeat for all services
        [run.sh] All pods can connect to all services
        [run.sh] Populating social benchmark
        Parsing social graph file: ./data/socfb-Reed98.mtx... DONE!
        Analyzing social graph in: ./data/analysis.txt... DONE!
        Populating social graph...
        DONE!
        [run.sh] Copying social/analysis.txt to ubuntu-client-76886f6bbd-xdchq:/analysis.txt
        [run.sh] Finished populating social
        [run.sh] Starting the rust proxy first for social
        [2m2025-03-25T19:24:52.406609Z[0m [32m INFO[0m [2mproxy::social[0m[2m:[0m Reading social graph from /analysis.txt
        [run.sh] Running warmup test
        [run.sh] /wrk/wrk -t4 -c128 -d3s -L http://localhost:3000
        Running 3s test @ http://localhost:3000
        4 threads and 128 connections
        Thread Stats   Avg      Stdev     Max   +/- Stdev
        Latency    74.85ms   66.56ms 373.64ms   58.45%
        Req/Sec   473.48     99.55   760.00     70.00%
        Latency Distribution
        50%   70.13ms
        75%  115.10ms
        90%  165.58ms
        99%  267.05ms
        5658 requests in 3.02s, 430.98KB read
        Requests/sec:   1875.17
        Transfer/sec:    142.83KB
        [run.sh] Speed is 1875.17, duration is 39
        [run.sh] Fix the request number.
        [run.sh] Running the actual test
        [run.sh] /wrk/wrk -t4 -c128 -d39s -s /wrk/fix_req_n.lua -L http://localhost:3000
        [run.sh] Checking the resource usage
        NAME                             CPU(cores)   MEMORY(bytes)
        composepost-7d75c5c7b7-w6pqd     178m         10Mi
        hometimeline-5dbb7bb8c5-lkmjv    1905m        34Mi
        poststorage-88ffb4856-t62l4      790m         26Mi
        socialgraph-66cd9d8bf-69d5j      34m          8Mi
        ubuntu-client-76886f6bbd-xdchq   907m         26Mi
        usertimeline-5956b4d5b6-wgcvx    376m         10Mi
        Running 39s test @ http://localhost:3000
        4 threads and 128 connections
        Thread Stats   Avg      Stdev     Max   +/- Stdev
        Latency    68.57ms   65.19ms 545.42ms   71.27%
        Req/Sec   489.18    100.56     0.89k    67.91%
        Latency Distribution
        50%   56.05ms
        75%  110.21ms
        90%  157.71ms
        99%  258.84ms
        50000 requests in 39.00s, 3.72MB read
        Requests/sec:   1282.05
        Transfer/sec:     97.66KB
        ------------------------------
        stop time: 25.586566
        stop time: 25.532652
        stop time: 25.640119
        stop time: 25.720980
        [run.sh] Test finished with status 0
        > STDERR
        > No resources found in default namespace.
        > error: no objects passed to apply
    [exp] Times: [25.586566, 25.532652, 25.640119, 25.72098]
    [exp] Throughput: 1951.5942754158343
[test.py] Running slowdown experiment
    [exp] Running (pre_run: False) workload social/mix request with the following configuration: {'CLIENT_CPU_QUOTA': '4', 'SLOWPOKE_POKER_BATCH_THRESHOLD': '60000000', 'SLOWPOKE_PROCESSING_MICROS_COMPOSEPOST': '0', 'SLOWPOKE_PROCESSING_MICROS_HOMETIMELINE': '1000', 'SLOWPOKE_PROCESSING_MICROS_POSTSTORAGE': '0', 'SLOWPOKE_PROCESSING_MICROS_SOCIALGRAPH': '0', 'SLOWPOKE_PROCESSING_MICROS_USERTIMELINE': '0', 'SLOWPOKE_DELAY_MICROS_COMPOSEPOST': '3510.0', 'SLOWPOKE_DELAY_MICROS_HOMETIMELINE': '0.0', 'SLOWPOKE_DELAY_MICROS_POSTSTORAGE': '368.5', 'SLOWPOKE_DELAY_MICROS_SOCIALGRAPH': '3510.0', 'SLOWPOKE_DELAY_MICROS_USERTIMELINE': '870.5'}
    [exp] Executing cmd `bash run.sh social mix 4 128 50000`:
        [run.sh] Running benchmark social with request mix, thread 4, conn 128, duration 60
        [run.sh] Deleting all services
        service "composepost" deleted
        deployment.apps "composepost" deleted
        service "hometimeline" deleted
        deployment.apps "hometimeline" deleted
        service "poststorage" deleted
        deployment.apps "poststorage" deleted
        service "socialgraph" deleted
        deployment.apps "socialgraph" deleted
        service "usertimeline" deleted
        deployment.apps "usertimeline" deleted
        deployment.apps "ubuntu-client" deleted
        [run.sh] Waiting for all pods to be deleted
        [run.sh] Deploying all services
        service/composepost created
        deployment.apps/composepost created
        service/hometimeline created
        deployment.apps/hometimeline created
        service/poststorage created
        deployment.apps/poststorage created
        service/socialgraph created
        deployment.apps/socialgraph created
        service/usertimeline created
        deployment.apps/usertimeline created
        [run.sh] Client pod not found, deploying client
        deployment.apps/ubuntu-client created
        [run.sh] Waiting for all pods to be running
        [run.sh] All pods are running
        [run.sh] Checking heartbeat for all services
        [run.sh] composepost-859f45d794-qhtt2 cannot connect to hometimeline
        [run.sh] composepost-859f45d794-qhtt2 cannot connect to hometimeline
        [run.sh] composepost-859f45d794-qhtt2 cannot connect to hometimeline
        [run.sh] All pods can connect to all services
        [run.sh] Populating social benchmark
        Parsing social graph file: ./data/socfb-Reed98.mtx... DONE!
        Analyzing social graph in: ./data/analysis.txt... DONE!
        Populating social graph...
        DONE!
        [run.sh] Copying social/analysis.txt to ubuntu-client-76886f6bbd-vv9vf:/analysis.txt
        [run.sh] Finished populating social
        [run.sh] Starting the rust proxy first for social
        [2m2025-03-25T19:26:46.945954Z[0m [32m INFO[0m [2mproxy::social[0m[2m:[0m Reading social graph from /analysis.txt
        [run.sh] Running warmup test
        [run.sh] /wrk/wrk -t4 -c128 -d3s -L http://localhost:3000
        Running 3s test @ http://localhost:3000
        4 threads and 128 connections
        Thread Stats   Avg      Stdev     Max   +/- Stdev
        Latency    95.89ms   62.08ms 424.19ms   66.90%
        Req/Sec   338.29     96.19   585.00     73.33%
        Latency Distribution
        50%   92.09ms
        75%  132.50ms
        90%  178.77ms
        99%  277.33ms
        4042 requests in 3.02s, 307.89KB read
        Requests/sec:   1336.70
        Transfer/sec:    101.82KB
        [run.sh] Speed is 1336.70, duration is 56
        [run.sh] Fix the request number.
        [run.sh] Running the actual test
        [run.sh] /wrk/wrk -t4 -c128 -d56s -s /wrk/fix_req_n.lua -L http://localhost:3000
        [run.sh] Checking the resource usage
        NAME                             CPU(cores)   MEMORY(bytes)
        composepost-859f45d794-qhtt2     117m         13Mi
        hometimeline-69449c4c45-db2mw    1889m        30Mi
        poststorage-55895b84fb-ztbx2     556m         32Mi
        socialgraph-79888b9974-tbftm     25m          10Mi
        ubuntu-client-76886f6bbd-vv9vf   705m         25Mi
        usertimeline-7dc89987c8-bcrkh    257m         14Mi
        Running 1m test @ http://localhost:3000
        4 threads and 128 connections
        Thread Stats   Avg      Stdev     Max   +/- Stdev
        Latency    90.80ms   65.09ms 486.61ms   66.19%
        Req/Sec   356.61     80.29     0.94k    68.30%
        Latency Distribution
        50%   83.70ms
        75%  130.22ms
        90%  174.14ms
        99%  287.79ms
        50000 requests in 0.93m, 3.72MB read
        Requests/sec:    892.86
        Transfer/sec:     68.01KB
        ------------------------------
        stop time: 35.059971
        stop time: 35.051695
        stop time: 35.180039
        stop time: 35.343516
        [run.sh] Test finished with status 0
        > STDERR
        > No resources found in default namespace.
        > error: no objects passed to apply
        > command terminated with exit code 1
        > command terminated with exit code 1
        > command terminated with exit code 1
    [exp] Times: [35.059971, 35.051695, 35.180039, 35.343516]
    [exp] Throughput: 1422.1188588312455
    [exp] Running (pre_run: False) workload social/mix request with the following configuration: {'CLIENT_CPU_QUOTA': '4', 'SLOWPOKE_POKER_BATCH_THRESHOLD': '60000000', 'SLOWPOKE_PROCESSING_MICROS_COMPOSEPOST': '0', 'SLOWPOKE_PROCESSING_MICROS_HOMETIMELINE': '1000', 'SLOWPOKE_PROCESSING_MICROS_POSTSTORAGE': '0', 'SLOWPOKE_PROCESSING_MICROS_SOCIALGRAPH': '0', 'SLOWPOKE_PROCESSING_MICROS_USERTIMELINE': '0', 'SLOWPOKE_DELAY_MICROS_COMPOSEPOST': '1755.0', 'SLOWPOKE_DELAY_MICROS_HOMETIMELINE': '0.0', 'SLOWPOKE_DELAY_MICROS_POSTSTORAGE': '184.0', 'SLOWPOKE_DELAY_MICROS_SOCIALGRAPH': '1755.0', 'SLOWPOKE_DELAY_MICROS_USERTIMELINE': '435.0'}
    [exp] Executing cmd `bash run.sh social mix 4 128 50000`:
        [run.sh] Running benchmark social with request mix, thread 4, conn 128, duration 60
        [run.sh] Deleting all services
        service "composepost" deleted
        deployment.apps "composepost" deleted
        service "hometimeline" deleted
        deployment.apps "hometimeline" deleted
        service "poststorage" deleted
        deployment.apps "poststorage" deleted
        service "socialgraph" deleted
        deployment.apps "socialgraph" deleted
        service "usertimeline" deleted
        deployment.apps "usertimeline" deleted
        deployment.apps "ubuntu-client" deleted
        [run.sh] Waiting for all pods to be deleted
        [run.sh] Deploying all services
        service/composepost created
        deployment.apps/composepost created
        service/hometimeline created
        deployment.apps/hometimeline created
        service/poststorage created
        deployment.apps/poststorage created
        service/socialgraph created
        deployment.apps/socialgraph created
        service/usertimeline created
        deployment.apps/usertimeline created
        [run.sh] Client pod not found, deploying client
        deployment.apps/ubuntu-client created
        [run.sh] Waiting for all pods to be running
        [run.sh] All pods are running
        [run.sh] Checking heartbeat for all services
        [run.sh] All pods can connect to all services
        [run.sh] Populating social benchmark
        Parsing social graph file: ./data/socfb-Reed98.mtx... DONE!
        Analyzing social graph in: ./data/analysis.txt... DONE!
        Populating social graph...
        DONE!
        [run.sh] Copying social/analysis.txt to ubuntu-client-76886f6bbd-d94pl:/analysis.txt
        [run.sh] Finished populating social
        [run.sh] Starting the rust proxy first for social
        [2m2025-03-25T19:28:52.298758Z[0m [32m INFO[0m [2mproxy::social[0m[2m:[0m Reading social graph from /analysis.txt
        [run.sh] Running warmup test
        [run.sh] /wrk/wrk -t4 -c128 -d3s -L http://localhost:3000
        Running 3s test @ http://localhost:3000
        4 threads and 128 connections
        Thread Stats   Avg      Stdev     Max   +/- Stdev
        Latency    91.47ms   70.46ms 430.60ms   63.32%
        Req/Sec   360.41    105.79   606.00     74.17%
        Latency Distribution
        50%   86.58ms
        75%  135.95ms
        90%  184.18ms
        99%  286.04ms
        4307 requests in 3.02s, 328.07KB read
        Requests/sec:   1426.48
        Transfer/sec:    108.66KB
        [run.sh] Speed is 1426.48, duration is 52
        [run.sh] Fix the request number.
        [run.sh] Running the actual test
        [run.sh] /wrk/wrk -t4 -c128 -d52s -s /wrk/fix_req_n.lua -L http://localhost:3000
        [run.sh] Checking the resource usage
        NAME                             CPU(cores)   MEMORY(bytes)
        composepost-cf469d9bc-m857s      128m         12Mi
        hometimeline-69449c4c45-8src4    1902m        33Mi
        poststorage-75f874cdcc-5gdrr     616m         29Mi
        socialgraph-755df75b4c-xq2ft     23m          10Mi
        ubuntu-client-76886f6bbd-d94pl   701m         25Mi
        usertimeline-59485b886b-gg5r5    281m         13Mi
        Running 1m test @ http://localhost:3000
        4 threads and 128 connections
        Thread Stats   Avg      Stdev     Max   +/- Stdev
        Latency    89.38ms   74.55ms 527.98ms   62.45%
        Req/Sec   367.14    103.40   727.00     67.47%
        Latency Distribution
        50%   75.85ms
        75%  135.86ms
        90%  192.99ms
        99%  305.22ms
        50000 requests in 0.87m, 3.72MB read
        Requests/sec:    961.54
        Transfer/sec:     73.24KB
        ------------------------------
        stop time: 34.265073
        stop time: 34.213931
        stop time: 34.053415
        stop time: 34.251323
        [run.sh] Test finished with status 0
        > STDERR
        > No resources found in default namespace.
        > error: no objects passed to apply
    [exp] Times: [34.265073, 34.213931, 34.053415, 34.251323]
    [exp] Throughput: 1462.1620747880986
[test.py] Baseline throughput:  1477.7687353108863
[test.py] Groundtruth:  [2804.314735477895, 1951.5942754158343]
[test.py] Slowdown:  [1422.1188588312455, 1462.1620747880986]
[test.py] Predicted:  [2833.626351196041, 1965.4744855063366]
[test.py] Error percentage:  [1.0452327389404483, 0.7112241650506351]
[test.py] >>>>>>>>>>>>>>>>>>>>>>>>>>>>> Running experiment 1...
[test.py] Actual processing time range: [0, 500]
[test.py] Running baseline experiment
    [exp] Running (pre_run: False) workload social/mix request with the following configuration: {'CLIENT_CPU_QUOTA': '4', 'SLOWPOKE_POKER_BATCH_THRESHOLD': '60000000', 'SLOWPOKE_PROCESSING_MICROS_COMPOSEPOST': '0', 'SLOWPOKE_PROCESSING_MICROS_HOMETIMELINE': '1000', 'SLOWPOKE_PROCESSING_MICROS_POSTSTORAGE': '0', 'SLOWPOKE_PROCESSING_MICROS_SOCIALGRAPH': '0', 'SLOWPOKE_PROCESSING_MICROS_USERTIMELINE': '0', 'SLOWPOKE_DELAY_MICROS_COMPOSEPOST': '0.0', 'SLOWPOKE_DELAY_MICROS_HOMETIMELINE': '0.0', 'SLOWPOKE_DELAY_MICROS_POSTSTORAGE': '0.0', 'SLOWPOKE_DELAY_MICROS_SOCIALGRAPH': '0.0', 'SLOWPOKE_DELAY_MICROS_USERTIMELINE': '0.0'}
    [exp] Executing cmd `bash run.sh social mix 4 128 50000`:
        [run.sh] Running benchmark social with request mix, thread 4, conn 128, duration 60
        [run.sh] Deleting all services
        service "composepost" deleted
        deployment.apps "composepost" deleted
        service "hometimeline" deleted
        deployment.apps "hometimeline" deleted
        service "poststorage" deleted
        deployment.apps "poststorage" deleted
        service "socialgraph" deleted
        deployment.apps "socialgraph" deleted
        service "usertimeline" deleted
        deployment.apps "usertimeline" deleted
        deployment.apps "ubuntu-client" deleted
        [run.sh] Waiting for all pods to be deleted
        [run.sh] Deploying all services
        service/composepost created
        deployment.apps/composepost created
        service/hometimeline created
        deployment.apps/hometimeline created
        service/poststorage created
        deployment.apps/poststorage created
        service/socialgraph created
        deployment.apps/socialgraph created
        service/usertimeline created
        deployment.apps/usertimeline created
        [run.sh] Client pod not found, deploying client
        deployment.apps/ubuntu-client created
        [run.sh] Waiting for all pods to be running
        [run.sh] All pods are running
        [run.sh] Checking heartbeat for all services
        [run.sh] All pods can connect to all services
        [run.sh] Populating social benchmark
        Parsing social graph file: ./data/socfb-Reed98.mtx... DONE!
        Analyzing social graph in: ./data/analysis.txt... DONE!
        Populating social graph...
        DONE!
        [run.sh] Copying social/analysis.txt to ubuntu-client-76886f6bbd-slcbb:/analysis.txt
        [run.sh] Finished populating social
        [run.sh] Starting the rust proxy first for social
        [2m2025-03-25T19:30:47.503716Z[0m [32m INFO[0m [2mproxy::social[0m[2m:[0m Reading social graph from /analysis.txt
        [run.sh] Running warmup test
        [run.sh] /wrk/wrk -t4 -c128 -d3s -L http://localhost:3000
        Running 3s test @ http://localhost:3000
        4 threads and 128 connections
        Thread Stats   Avg      Stdev     Max   +/- Stdev
        Latency    93.53ms   80.78ms 529.89ms   58.86%
        Req/Sec   371.52     99.42   646.00     65.00%
        Latency Distribution
        50%   88.33ms
        75%  142.63ms
        90%  199.77ms
        99%  330.56ms
        4439 requests in 3.02s, 338.13KB read
        Requests/sec:   1471.98
        Transfer/sec:    112.12KB
        [run.sh] Speed is 1471.98, duration is 50
        [run.sh] Fix the request number.
        [run.sh] Running the actual test
        [run.sh] /wrk/wrk -t4 -c128 -d50s -s /wrk/fix_req_n.lua -L http://localhost:3000
        [run.sh] Checking the resource usage
        NAME                             CPU(cores)   MEMORY(bytes)
        composepost-7d75c5c7b7-dv9d8     133m         9Mi
        hometimeline-69449c4c45-jwvwh    1911m        34Mi
        poststorage-88ffb4856-qq7f4      657m         26Mi
        socialgraph-66cd9d8bf-rzsg8      25m          8Mi
        ubuntu-client-76886f6bbd-slcbb   681m         25Mi
        usertimeline-5956b4d5b6-bw84k    291m         10Mi
        Running 50s test @ http://localhost:3000
        4 threads and 128 connections
        Thread Stats   Avg      Stdev     Max   +/- Stdev
        Latency    90.98ms   84.15ms 688.12ms   56.69%
        Req/Sec   368.25    101.30     0.99k    67.53%
        Latency Distribution
        50%   78.35ms
        75%  144.79ms
        90%  204.33ms
        99%  331.21ms
        50000 requests in 50.00s, 3.72MB read
        Requests/sec:   1000.00
        Transfer/sec:     76.17KB
        ------------------------------
        stop time: 34.265487
        stop time: 33.869604
        stop time: 33.871343
        stop time: 34.133989
        [run.sh] Test finished with status 0
        > STDERR
        > No resources found in default namespace.
        > error: no objects passed to apply
    [exp] Times: [34.265487, 33.869604, 33.871343, 34.133989]
    [exp] Throughput: 1469.0713866813826
[test.py] Baseline throughput: 1469.0713866813826
[test.py] Running groundtruth experiment
    [exp] Running (pre_run: False) workload social/mix request with the following configuration: {'CLIENT_CPU_QUOTA': '4', 'SLOWPOKE_POKER_BATCH_THRESHOLD': '60000000', 'SLOWPOKE_PROCESSING_MICROS_COMPOSEPOST': '0', 'SLOWPOKE_PROCESSING_MICROS_HOMETIMELINE': '0', 'SLOWPOKE_PROCESSING_MICROS_POSTSTORAGE': '0', 'SLOWPOKE_PROCESSING_MICROS_SOCIALGRAPH': '0', 'SLOWPOKE_PROCESSING_MICROS_USERTIMELINE': '0', 'SLOWPOKE_DELAY_MICROS_COMPOSEPOST': '0.0', 'SLOWPOKE_DELAY_MICROS_HOMETIMELINE': '0.0', 'SLOWPOKE_DELAY_MICROS_POSTSTORAGE': '0.0', 'SLOWPOKE_DELAY_MICROS_SOCIALGRAPH': '0.0', 'SLOWPOKE_DELAY_MICROS_USERTIMELINE': '0.0'}
    [exp] Executing cmd `bash run.sh social mix 4 128 50000`:
        [run.sh] Running benchmark social with request mix, thread 4, conn 128, duration 60
        [run.sh] Deleting all services
        service "composepost" deleted
        deployment.apps "composepost" deleted
        service "hometimeline" deleted
        deployment.apps "hometimeline" deleted
        service "poststorage" deleted
        deployment.apps "poststorage" deleted
        service "socialgraph" deleted
        deployment.apps "socialgraph" deleted
        service "usertimeline" deleted
        deployment.apps "usertimeline" deleted
        deployment.apps "ubuntu-client" deleted
        [run.sh] Waiting for all pods to be deleted
        [run.sh] Deploying all services
        service/composepost created
        deployment.apps/composepost created
        service/hometimeline created
        deployment.apps/hometimeline created
        service/poststorage created
        deployment.apps/poststorage created
        service/socialgraph created
        deployment.apps/socialgraph created
        service/usertimeline created
        deployment.apps/usertimeline created
        [run.sh] Client pod not found, deploying client
        deployment.apps/ubuntu-client created
        [run.sh] Waiting for all pods to be running
        [run.sh] All pods are running
        [run.sh] Checking heartbeat for all services
        [run.sh] All pods can connect to all services
        [run.sh] Populating social benchmark
        Parsing social graph file: ./data/socfb-Reed98.mtx... DONE!
        Analyzing social graph in: ./data/analysis.txt... DONE!
        Populating social graph...
        DONE!
        [run.sh] Copying social/analysis.txt to ubuntu-client-76886f6bbd-zljsk:/analysis.txt
        [run.sh] Finished populating social
        [run.sh] Starting the rust proxy first for social
        [2m2025-03-25T19:32:41.618770Z[0m [32m INFO[0m [2mproxy::social[0m[2m:[0m Reading social graph from /analysis.txt
        [run.sh] Running warmup test
        [run.sh] /wrk/wrk -t4 -c128 -d3s -L http://localhost:3000
        Running 3s test @ http://localhost:3000
        4 threads and 128 connections
        Thread Stats   Avg      Stdev     Max   +/- Stdev
        Latency    48.56ms   41.96ms 286.83ms   60.70%
        Req/Sec   729.28    112.29     1.08k    68.33%
        Latency Distribution
        50%   45.56ms
        75%   72.13ms
        90%  105.12ms
        99%  173.70ms
        8711 requests in 3.02s, 663.53KB read
        Requests/sec:   2885.28
        Transfer/sec:    219.78KB
        [run.sh] Speed is 2885.28, duration is 25
        [run.sh] Fix the request number.
        [run.sh] Running the actual test
        [run.sh] /wrk/wrk -t4 -c128 -d25s -s /wrk/fix_req_n.lua -L http://localhost:3000
        Running 25s test @ http://localhost:3000
        4 threads and 128 connections
        Thread Stats   Avg      Stdev     Max   +/- Stdev
        Latency    46.66ms   42.88ms 322.81ms   68.03%
        Req/Sec   725.18    112.30     1.11k    67.58%
        Latency Distribution
        50%   39.15ms
        75%   72.78ms
        90%  104.50ms
        99%  174.48ms
        50000 requests in 25.00s, 3.72MB read
        Requests/sec:   1999.99
        Transfer/sec:    152.34KB
        ------------------------------
        stop time: 17.273520
        stop time: 17.349395
        stop time: 17.348124
        stop time: 17.323536
        [run.sh] Checking the resource usage
        NAME                             CPU(cores)   MEMORY(bytes)
        composepost-7d75c5c7b7-jh2sf     54m          9Mi
        hometimeline-6ddb6495d6-nmggq    1469m        30Mi
        poststorage-88ffb4856-5q2p9      505m         26Mi
        socialgraph-66cd9d8bf-vznxm      30m          9Mi
        ubuntu-client-76886f6bbd-zljsk   107m         17Mi
        usertimeline-5956b4d5b6-d729w    38m          11Mi
        [run.sh] Test finished with status 0
        > STDERR
        > No resources found in default namespace.
        > error: no objects passed to apply
    [exp] Times: [17.27352, 17.349395, 17.348124, 17.323536]
    [exp] Throughput: 2886.228828158625
    [exp] Running (pre_run: False) workload social/mix request with the following configuration: {'CLIENT_CPU_QUOTA': '4', 'SLOWPOKE_POKER_BATCH_THRESHOLD': '60000000', 'SLOWPOKE_PROCESSING_MICROS_COMPOSEPOST': '0', 'SLOWPOKE_PROCESSING_MICROS_HOMETIMELINE': '500', 'SLOWPOKE_PROCESSING_MICROS_POSTSTORAGE': '0', 'SLOWPOKE_PROCESSING_MICROS_SOCIALGRAPH': '0', 'SLOWPOKE_PROCESSING_MICROS_USERTIMELINE': '0', 'SLOWPOKE_DELAY_MICROS_COMPOSEPOST': '0.0', 'SLOWPOKE_DELAY_MICROS_HOMETIMELINE': '0.0', 'SLOWPOKE_DELAY_MICROS_POSTSTORAGE': '0.0', 'SLOWPOKE_DELAY_MICROS_SOCIALGRAPH': '0.0', 'SLOWPOKE_DELAY_MICROS_USERTIMELINE': '0.0'}
    [exp] Executing cmd `bash run.sh social mix 4 128 50000`:
        [run.sh] Running benchmark social with request mix, thread 4, conn 128, duration 60
        [run.sh] Deleting all services
        service "composepost" deleted
        deployment.apps "composepost" deleted
        service "hometimeline" deleted
        deployment.apps "hometimeline" deleted
        service "poststorage" deleted
        deployment.apps "poststorage" deleted
        service "socialgraph" deleted
        deployment.apps "socialgraph" deleted
        service "usertimeline" deleted
        deployment.apps "usertimeline" deleted
        deployment.apps "ubuntu-client" deleted
        [run.sh] Waiting for all pods to be deleted
        [run.sh] Deploying all services
        service/composepost created
        deployment.apps/composepost created
        service/hometimeline created
        deployment.apps/hometimeline created
        service/poststorage created
        deployment.apps/poststorage created
        service/socialgraph created
        deployment.apps/socialgraph created
        service/usertimeline created
        deployment.apps/usertimeline created
        [run.sh] Client pod not found, deploying client
        deployment.apps/ubuntu-client created
        [run.sh] Waiting for all pods to be running
        [run.sh] All pods are running
        [run.sh] Checking heartbeat for all services
        [run.sh] All pods can connect to all services
        [run.sh] Populating social benchmark
        Parsing social graph file: ./data/socfb-Reed98.mtx... DONE!
        Analyzing social graph in: ./data/analysis.txt... DONE!
        Populating social graph...
        DONE!
        [run.sh] Copying social/analysis.txt to ubuntu-client-76886f6bbd-8nfjb:/analysis.txt
        [run.sh] Finished populating social
        [run.sh] Starting the rust proxy first for social
        [2m2025-03-25T19:34:15.319794Z[0m [32m INFO[0m [2mproxy::social[0m[2m:[0m Reading social graph from /analysis.txt
        [run.sh] Running warmup test
        [run.sh] /wrk/wrk -t4 -c128 -d3s -L http://localhost:3000
        Running 3s test @ http://localhost:3000
        4 threads and 128 connections
        Thread Stats   Avg      Stdev     Max   +/- Stdev
        Latency    69.95ms   60.28ms 387.29ms   57.90%
        Req/Sec   495.83     96.53   747.00     71.67%
        Latency Distribution
        50%   67.35ms
        75%  106.35ms
        90%  149.13ms
        99%  249.47ms
        5926 requests in 3.02s, 451.39KB read
        Requests/sec:   1961.68
        Transfer/sec:    149.42KB
        [run.sh] Speed is 1961.68, duration is 38
        [run.sh] Fix the request number.
        [run.sh] Running the actual test
        [run.sh] /wrk/wrk -t4 -c128 -d38s -s /wrk/fix_req_n.lua -L http://localhost:3000
        [run.sh] Checking the resource usage
        NAME                             CPU(cores)   MEMORY(bytes)
        composepost-7d75c5c7b7-hjxgn     57m          8Mi
        hometimeline-5dbb7bb8c5-8kq58    15m          33Mi
        poststorage-88ffb4856-qmxxx      252m         21Mi
        socialgraph-66cd9d8bf-dnp27      3m           8Mi
        ubuntu-client-76886f6bbd-8nfjb   302m         19Mi
        usertimeline-5956b4d5b6-8d885    123m         10Mi
        Running 38s test @ http://localhost:3000
        4 threads and 128 connections
        Thread Stats   Avg      Stdev     Max   +/- Stdev
        Latency    66.88ms   61.79ms 517.98ms   57.92%
        Req/Sec   498.47     94.27     0.88k    68.03%
        Latency Distribution
        50%   57.16ms
        75%  106.86ms
        90%  151.71ms
        99%  245.35ms
        50000 requests in 38.00s, 3.72MB read
        Requests/sec:   1315.79
        Transfer/sec:    100.23KB
        ------------------------------
        stop time: 25.260163
        stop time: 25.139392
        stop time: 25.159390
        stop time: 25.111781
        [run.sh] Test finished with status 0
        > STDERR
        > No resources found in default namespace.
        > error: no objects passed to apply
    [exp] Times: [25.260163, 25.139392, 25.15939, 25.111781]
    [exp] Throughput: 1986.6748552106399
[test.py] Running slowdown experiment
    [exp] Running (pre_run: False) workload social/mix request with the following configuration: {'CLIENT_CPU_QUOTA': '4', 'SLOWPOKE_POKER_BATCH_THRESHOLD': '60000000', 'SLOWPOKE_PROCESSING_MICROS_COMPOSEPOST': '0', 'SLOWPOKE_PROCESSING_MICROS_HOMETIMELINE': '1000', 'SLOWPOKE_PROCESSING_MICROS_POSTSTORAGE': '0', 'SLOWPOKE_PROCESSING_MICROS_SOCIALGRAPH': '0', 'SLOWPOKE_PROCESSING_MICROS_USERTIMELINE': '0', 'SLOWPOKE_DELAY_MICROS_COMPOSEPOST': '3510.0', 'SLOWPOKE_DELAY_MICROS_HOMETIMELINE': '0.0', 'SLOWPOKE_DELAY_MICROS_POSTSTORAGE': '368.5', 'SLOWPOKE_DELAY_MICROS_SOCIALGRAPH': '3510.0', 'SLOWPOKE_DELAY_MICROS_USERTIMELINE': '870.5'}
    [exp] Executing cmd `bash run.sh social mix 4 128 50000`:
        [run.sh] Running benchmark social with request mix, thread 4, conn 128, duration 60
        [run.sh] Deleting all services
        service "composepost" deleted
        deployment.apps "composepost" deleted
        service "hometimeline" deleted
        deployment.apps "hometimeline" deleted
        service "poststorage" deleted
        deployment.apps "poststorage" deleted
        service "socialgraph" deleted
        deployment.apps "socialgraph" deleted
        service "usertimeline" deleted
        deployment.apps "usertimeline" deleted
        deployment.apps "ubuntu-client" deleted
        [run.sh] Waiting for all pods to be deleted
        [run.sh] Deploying all services
        service/composepost created
        deployment.apps/composepost created
        service/hometimeline created
        deployment.apps/hometimeline created
        service/poststorage created
        deployment.apps/poststorage created
        service/socialgraph created
        deployment.apps/socialgraph created
        service/usertimeline created
        deployment.apps/usertimeline created
        [run.sh] Client pod not found, deploying client
        deployment.apps/ubuntu-client created
        [run.sh] Waiting for all pods to be running
        [run.sh] All pods are running
        [run.sh] Checking heartbeat for all services
        [run.sh] All pods can connect to all services
        [run.sh] Populating social benchmark
        Parsing social graph file: ./data/socfb-Reed98.mtx... DONE!
        Analyzing social graph in: ./data/analysis.txt... DONE!
        Populating social graph...
        DONE!
        [run.sh] Copying social/analysis.txt to ubuntu-client-76886f6bbd-mn278:/analysis.txt
        [run.sh] Finished populating social
        [run.sh] Starting the rust proxy first for social
        [2m2025-03-25T19:36:05.075625Z[0m [32m INFO[0m [2mproxy::social[0m[2m:[0m Reading social graph from /analysis.txt
        [run.sh] Running warmup test
        [run.sh] /wrk/wrk -t4 -c128 -d3s -L http://localhost:3000
        Running 3s test @ http://localhost:3000
        4 threads and 128 connections
        Thread Stats   Avg      Stdev     Max   +/- Stdev
        Latency    96.51ms   61.76ms 478.08ms   68.87%
        Req/Sec   337.06     94.26   580.00     76.67%
        Latency Distribution
        50%   88.63ms
        75%  132.00ms
        90%  176.24ms
        99%  280.43ms
        4030 requests in 3.03s, 306.97KB read
        Requests/sec:   1331.77
        Transfer/sec:    101.44KB
        [run.sh] Speed is 1331.77, duration is 56
        [run.sh] Fix the request number.
        [run.sh] Running the actual test
        [run.sh] /wrk/wrk -t4 -c128 -d56s -s /wrk/fix_req_n.lua -L http://localhost:3000
        [run.sh] Checking the resource usage
        NAME                             CPU(cores)   MEMORY(bytes)
        composepost-859f45d794-ljjs6     34m          12Mi
        hometimeline-69449c4c45-hrzxz    483m         30Mi
        poststorage-55895b84fb-8rwfj     43m          25Mi
        socialgraph-79888b9974-rjks7     4m           10Mi
        ubuntu-client-76886f6bbd-mn278   274m         23Mi
        usertimeline-7dc89987c8-kwkt8    111m         14Mi
        Running 1m test @ http://localhost:3000
        4 threads and 128 connections
        Thread Stats   Avg      Stdev     Max   +/- Stdev
        Latency    91.82ms   63.06ms 489.80ms   67.29%
        Req/Sec   352.38     79.13   626.00     67.58%
        Latency Distribution
        50%   84.87ms
        75%  130.04ms
        90%  173.20ms
        99%  285.65ms
        50000 requests in 0.93m, 3.72MB read
        Requests/sec:    892.86
        Transfer/sec:     68.01KB
        ------------------------------
        stop time: 35.595817
        stop time: 35.613025
        stop time: 35.646695
        stop time: 35.650760
        [run.sh] Test finished with status 0
        > STDERR
        > No resources found in default namespace.
        > error: no objects passed to apply
    [exp] Times: [35.595817, 35.613025, 35.646695, 35.65076]
    [exp] Throughput: 1403.4467543564058
    [exp] Running (pre_run: False) workload social/mix request with the following configuration: {'CLIENT_CPU_QUOTA': '4', 'SLOWPOKE_POKER_BATCH_THRESHOLD': '60000000', 'SLOWPOKE_PROCESSING_MICROS_COMPOSEPOST': '0', 'SLOWPOKE_PROCESSING_MICROS_HOMETIMELINE': '1000', 'SLOWPOKE_PROCESSING_MICROS_POSTSTORAGE': '0', 'SLOWPOKE_PROCESSING_MICROS_SOCIALGRAPH': '0', 'SLOWPOKE_PROCESSING_MICROS_USERTIMELINE': '0', 'SLOWPOKE_DELAY_MICROS_COMPOSEPOST': '1755.0', 'SLOWPOKE_DELAY_MICROS_HOMETIMELINE': '0.0', 'SLOWPOKE_DELAY_MICROS_POSTSTORAGE': '184.0', 'SLOWPOKE_DELAY_MICROS_SOCIALGRAPH': '1755.0', 'SLOWPOKE_DELAY_MICROS_USERTIMELINE': '435.0'}
    [exp] Executing cmd `bash run.sh social mix 4 128 50000`:
        [run.sh] Running benchmark social with request mix, thread 4, conn 128, duration 60
        [run.sh] Deleting all services
        service "composepost" deleted
        deployment.apps "composepost" deleted
        service "hometimeline" deleted
        deployment.apps "hometimeline" deleted
        service "poststorage" deleted
        deployment.apps "poststorage" deleted
        service "socialgraph" deleted
        deployment.apps "socialgraph" deleted
        service "usertimeline" deleted
        deployment.apps "usertimeline" deleted
        deployment.apps "ubuntu-client" deleted
        [run.sh] Waiting for all pods to be deleted
        [run.sh] Deploying all services
        service/composepost created
        deployment.apps/composepost created
        service/hometimeline created
        deployment.apps/hometimeline created
        service/poststorage created
        deployment.apps/poststorage created
        service/socialgraph created
        deployment.apps/socialgraph created
        service/usertimeline created
        deployment.apps/usertimeline created
        [run.sh] Client pod not found, deploying client
        deployment.apps/ubuntu-client created
        [run.sh] Waiting for all pods to be running
        [run.sh] All pods are running
        [run.sh] Checking heartbeat for all services
        [run.sh] All pods can connect to all services
        [run.sh] Populating social benchmark
        Parsing social graph file: ./data/socfb-Reed98.mtx... DONE!
        Analyzing social graph in: ./data/analysis.txt... DONE!
        Populating social graph...
        DONE!
        [run.sh] Copying social/analysis.txt to ubuntu-client-76886f6bbd-8n74h:/analysis.txt
        [run.sh] Finished populating social
        [run.sh] Starting the rust proxy first for social
        [2m2025-03-25T19:38:10.364705Z[0m [32m INFO[0m [2mproxy::social[0m[2m:[0m Reading social graph from /analysis.txt
        [run.sh] Running warmup test
        [run.sh] /wrk/wrk -t4 -c128 -d3s -L http://localhost:3000
        Running 3s test @ http://localhost:3000
        4 threads and 128 connections
        Thread Stats   Avg      Stdev     Max   +/- Stdev
        Latency    94.12ms   69.71ms 433.07ms   64.72%
        Req/Sec   354.18    117.13   690.00     70.00%
        Latency Distribution
        50%   91.29ms
        75%  134.40ms
        90%  186.82ms
        99%  290.92ms
        4232 requests in 3.02s, 322.36KB read
        Requests/sec:   1401.76
        Transfer/sec:    106.77KB
        [run.sh] Speed is 1401.76, duration is 53
        [run.sh] Fix the request number.
        [run.sh] Running the actual test
        [run.sh] /wrk/wrk -t4 -c128 -d53s -s /wrk/fix_req_n.lua -L http://localhost:3000
        [run.sh] Checking the resource usage
        NAME                             CPU(cores)   MEMORY(bytes)
        composepost-cf469d9bc-7ddfn      21m          10Mi
        hometimeline-69449c4c45-vzstk    579m         30Mi
        poststorage-75f874cdcc-dtkcz     175m         24Mi
        socialgraph-755df75b4c-6lgnk     8m           9Mi
        ubuntu-client-76886f6bbd-8n74h   59m          20Mi
        usertimeline-59485b886b-kckp9    3m           12Mi
        Running 1m test @ http://localhost:3000
        4 threads and 128 connections
        Thread Stats   Avg      Stdev     Max   +/- Stdev
        Latency    89.21ms   74.91ms 536.13ms   62.19%
        Req/Sec   367.13    107.63   717.00     70.67%
        Latency Distribution
        50%   75.74ms
        75%  136.31ms
        90%  193.66ms
        99%  303.26ms
        50000 requests in 0.88m, 3.72MB read
        Requests/sec:    943.39
        Transfer/sec:     71.86KB
        ------------------------------
        stop time: 34.243858
        stop time: 34.258794
        stop time: 34.211131
        stop time: 34.005520
        [run.sh] Test finished with status 0
        > STDERR
        > No resources found in default namespace.
        > error: no objects passed to apply
    [exp] Times: [34.243858, 34.258794, 34.211131, 34.00552]
    [exp] Throughput: 1462.8512259165043
[test.py] Baseline throughput:  1469.0713866813826
[test.py] Groundtruth:  [2886.228828158625, 1986.6748552106399]
[test.py] Slowdown:  [1403.4467543564058, 1462.8512259165043]
[test.py] Predicted:  [2760.4478415040066, 1966.7199424794208]
[test.py] Error percentage:  [-4.357970006656234, -1.0044377759592353]
[test.py] >>>>>>>>>>>>>>>>>>>>>>>>>>>>> Running experiment 2...
[test.py] Actual processing time range: [0, 500]
[test.py] Running baseline experiment
    [exp] Running (pre_run: False) workload social/mix request with the following configuration: {'CLIENT_CPU_QUOTA': '4', 'SLOWPOKE_POKER_BATCH_THRESHOLD': '60000000', 'SLOWPOKE_PROCESSING_MICROS_COMPOSEPOST': '0', 'SLOWPOKE_PROCESSING_MICROS_HOMETIMELINE': '1000', 'SLOWPOKE_PROCESSING_MICROS_POSTSTORAGE': '0', 'SLOWPOKE_PROCESSING_MICROS_SOCIALGRAPH': '0', 'SLOWPOKE_PROCESSING_MICROS_USERTIMELINE': '0', 'SLOWPOKE_DELAY_MICROS_COMPOSEPOST': '0.0', 'SLOWPOKE_DELAY_MICROS_HOMETIMELINE': '0.0', 'SLOWPOKE_DELAY_MICROS_POSTSTORAGE': '0.0', 'SLOWPOKE_DELAY_MICROS_SOCIALGRAPH': '0.0', 'SLOWPOKE_DELAY_MICROS_USERTIMELINE': '0.0'}
    [exp] Executing cmd `bash run.sh social mix 4 128 50000`:
        [run.sh] Running benchmark social with request mix, thread 4, conn 128, duration 60
        [run.sh] Deleting all services
        service "composepost" deleted
        deployment.apps "composepost" deleted
        service "hometimeline" deleted
        deployment.apps "hometimeline" deleted
        service "poststorage" deleted
        deployment.apps "poststorage" deleted
        service "socialgraph" deleted
        deployment.apps "socialgraph" deleted
        service "usertimeline" deleted
        deployment.apps "usertimeline" deleted
        deployment.apps "ubuntu-client" deleted
        [run.sh] Waiting for all pods to be deleted
        [run.sh] Deploying all services
        service/composepost created
        deployment.apps/composepost created
        service/hometimeline created
        deployment.apps/hometimeline created
        service/poststorage created
        deployment.apps/poststorage created
        service/socialgraph created
        deployment.apps/socialgraph created
        service/usertimeline created
        deployment.apps/usertimeline created
        [run.sh] Client pod not found, deploying client
        deployment.apps/ubuntu-client created
        [run.sh] Waiting for all pods to be running
        [run.sh] All pods are running
        [run.sh] Checking heartbeat for all services
        [run.sh] All pods can connect to all services
        [run.sh] Populating social benchmark
        Parsing social graph file: ./data/socfb-Reed98.mtx... DONE!
        Analyzing social graph in: ./data/analysis.txt... DONE!
        Populating social graph...
        DONE!
        [run.sh] Copying social/analysis.txt to ubuntu-client-76886f6bbd-j4l6f:/analysis.txt
        [run.sh] Finished populating social
        [run.sh] Starting the rust proxy first for social
        [2m2025-03-25T19:40:07.689797Z[0m [32m INFO[0m [2mproxy::social[0m[2m:[0m Reading social graph from /analysis.txt
        [run.sh] Running warmup test
        [run.sh] /wrk/wrk -t4 -c128 -d3s -L http://localhost:3000
        Running 3s test @ http://localhost:3000
        4 threads and 128 connections
        Thread Stats   Avg      Stdev     Max   +/- Stdev
        Latency    93.31ms   81.51ms 504.48ms   56.95%
        Req/Sec   371.21    108.05   600.00     62.50%
        Latency Distribution
        50%   90.36ms
        75%  143.07ms
        90%  203.48ms
        99%  317.46ms
        4436 requests in 3.02s, 337.90KB read
        Requests/sec:   1469.37
        Transfer/sec:    111.92KB
        [run.sh] Speed is 1469.37, duration is 51
        [run.sh] Fix the request number.
        [run.sh] Running the actual test
        [run.sh] /wrk/wrk -t4 -c128 -d51s -s /wrk/fix_req_n.lua -L http://localhost:3000
        [run.sh] Checking the resource usage
        NAME                             CPU(cores)   MEMORY(bytes)
        composepost-7d75c5c7b7-lcjbq     24m          9Mi
        hometimeline-69449c4c45-752m8    591m         33Mi
        poststorage-88ffb4856-nwd2k      22m          19Mi
        socialgraph-66cd9d8bf-mfts9      8m           8Mi
        ubuntu-client-76886f6bbd-j4l6f   153m         23Mi
        usertimeline-5956b4d5b6-phpxn    99m          10Mi
        Running 1m test @ http://localhost:3000
        4 threads and 128 connections
        Thread Stats   Avg      Stdev     Max   +/- Stdev
        Latency    89.83ms   82.78ms 534.10ms   55.65%
        Req/Sec   370.41     93.72   640.00     69.30%
        Latency Distribution
        50%   77.91ms
        75%  143.85ms
        90%  203.54ms
        99%  322.02ms
        50000 requests in 0.85m, 3.72MB read
        Requests/sec:    980.39
        Transfer/sec:     74.68KB
        ------------------------------
        stop time: 33.888775
        stop time: 33.792220
        stop time: 33.951077
        stop time: 33.899671
        [run.sh] Test finished with status 0
        > STDERR
        > No resources found in default namespace.
        > error: no objects passed to apply
    [exp] Times: [33.888775, 33.79222, 33.951077, 33.899671]
    [exp] Throughput: 1475.6690615275272
[test.py] Baseline throughput: 1475.6690615275272
[test.py] Running groundtruth experiment
    [exp] Running (pre_run: False) workload social/mix request with the following configuration: {'CLIENT_CPU_QUOTA': '4', 'SLOWPOKE_POKER_BATCH_THRESHOLD': '60000000', 'SLOWPOKE_PROCESSING_MICROS_COMPOSEPOST': '0', 'SLOWPOKE_PROCESSING_MICROS_HOMETIMELINE': '0', 'SLOWPOKE_PROCESSING_MICROS_POSTSTORAGE': '0', 'SLOWPOKE_PROCESSING_MICROS_SOCIALGRAPH': '0', 'SLOWPOKE_PROCESSING_MICROS_USERTIMELINE': '0', 'SLOWPOKE_DELAY_MICROS_COMPOSEPOST': '0.0', 'SLOWPOKE_DELAY_MICROS_HOMETIMELINE': '0.0', 'SLOWPOKE_DELAY_MICROS_POSTSTORAGE': '0.0', 'SLOWPOKE_DELAY_MICROS_SOCIALGRAPH': '0.0', 'SLOWPOKE_DELAY_MICROS_USERTIMELINE': '0.0'}
    [exp] Executing cmd `bash run.sh social mix 4 128 50000`:
        [run.sh] Running benchmark social with request mix, thread 4, conn 128, duration 60
        [run.sh] Deleting all services
        service "composepost" deleted
        deployment.apps "composepost" deleted
        service "hometimeline" deleted
        deployment.apps "hometimeline" deleted
        service "poststorage" deleted
        deployment.apps "poststorage" deleted
        service "socialgraph" deleted
        deployment.apps "socialgraph" deleted
        service "usertimeline" deleted
        deployment.apps "usertimeline" deleted
        deployment.apps "ubuntu-client" deleted
        [run.sh] Waiting for all pods to be deleted
        [run.sh] Deploying all services
        service/composepost created
        deployment.apps/composepost created
        service/hometimeline created
        deployment.apps/hometimeline created
        service/poststorage created
        deployment.apps/poststorage created
        service/socialgraph created
        deployment.apps/socialgraph created
        service/usertimeline created
        deployment.apps/usertimeline created
        [run.sh] Client pod not found, deploying client
        deployment.apps/ubuntu-client created
        [run.sh] Waiting for all pods to be running
        [run.sh] All pods are running
        [run.sh] Checking heartbeat for all services
        [run.sh] All pods can connect to all services
        [run.sh] Populating social benchmark
        Parsing social graph file: ./data/socfb-Reed98.mtx... DONE!
        Analyzing social graph in: ./data/analysis.txt... DONE!
        Populating social graph...
        DONE!
        [run.sh] Copying social/analysis.txt to ubuntu-client-76886f6bbd-p4zr5:/analysis.txt
        [run.sh] Finished populating social
        [run.sh] Starting the rust proxy first for social
        [2m2025-03-25T19:42:01.611677Z[0m [32m INFO[0m [2mproxy::social[0m[2m:[0m Reading social graph from /analysis.txt
        [run.sh] Running warmup test
        [run.sh] /wrk/wrk -t4 -c128 -d3s -L http://localhost:3000
        Running 3s test @ http://localhost:3000
        4 threads and 128 connections
        Thread Stats   Avg      Stdev     Max   +/- Stdev
        Latency    49.98ms   43.45ms 309.80ms   60.99%
        Req/Sec   712.44    104.03     0.95k    68.33%
        Latency Distribution
        50%   46.94ms
        75%   74.34ms
        90%  107.31ms
        99%  184.59ms
        8509 requests in 3.02s, 648.15KB read
        Requests/sec:   2815.64
        Transfer/sec:    214.47KB
        [run.sh] Speed is 2815.64, duration is 26
        [run.sh] Fix the request number.
        [run.sh] Running the actual test
        [run.sh] /wrk/wrk -t4 -c128 -d26s -s /wrk/fix_req_n.lua -L http://localhost:3000
        Running 26s test @ http://localhost:3000
        4 threads and 128 connections
        Thread Stats   Avg      Stdev     Max   +/- Stdev
        Latency    48.04ms   45.43ms 360.46ms   84.29%
        Req/Sec   706.33    111.31     1.07k    69.77%
        Latency Distribution
        50%   38.77ms
        75%   75.94ms
        90%  109.16ms
        99%  185.88ms
        50000 requests in 26.00s, 3.72MB read
        Requests/sec:   1923.07
        Transfer/sec:    146.48KB
        ------------------------------
        stop time: 17.716089
        stop time: 17.796202
        stop time: 17.780141
        stop time: 17.743639
        [run.sh] Checking the resource usage
        NAME                             CPU(cores)   MEMORY(bytes)
        composepost-7d75c5c7b7-qlgfn     212m         9Mi
        hometimeline-6ddb6495d6-kd89s    604m         34Mi
        poststorage-88ffb4856-kzqjh      726m         29Mi
        socialgraph-66cd9d8bf-794pm      16m          9Mi
        ubuntu-client-76886f6bbd-p4zr5   1192m        24Mi
        usertimeline-5956b4d5b6-sz87t    0m           11Mi
        [run.sh] Test finished with status 0
        > STDERR
        > No resources found in default namespace.
        > error: no objects passed to apply
    [exp] Times: [17.716089, 17.796202, 17.780141, 17.743639]
    [exp] Throughput: 2815.4710302037956
    [exp] Running (pre_run: False) workload social/mix request with the following configuration: {'CLIENT_CPU_QUOTA': '4', 'SLOWPOKE_POKER_BATCH_THRESHOLD': '60000000', 'SLOWPOKE_PROCESSING_MICROS_COMPOSEPOST': '0', 'SLOWPOKE_PROCESSING_MICROS_HOMETIMELINE': '500', 'SLOWPOKE_PROCESSING_MICROS_POSTSTORAGE': '0', 'SLOWPOKE_PROCESSING_MICROS_SOCIALGRAPH': '0', 'SLOWPOKE_PROCESSING_MICROS_USERTIMELINE': '0', 'SLOWPOKE_DELAY_MICROS_COMPOSEPOST': '0.0', 'SLOWPOKE_DELAY_MICROS_HOMETIMELINE': '0.0', 'SLOWPOKE_DELAY_MICROS_POSTSTORAGE': '0.0', 'SLOWPOKE_DELAY_MICROS_SOCIALGRAPH': '0.0', 'SLOWPOKE_DELAY_MICROS_USERTIMELINE': '0.0'}
    [exp] Executing cmd `bash run.sh social mix 4 128 50000`:
        [run.sh] Running benchmark social with request mix, thread 4, conn 128, duration 60
        [run.sh] Deleting all services
        service "composepost" deleted
        deployment.apps "composepost" deleted
        service "hometimeline" deleted
        deployment.apps "hometimeline" deleted
        service "poststorage" deleted
        deployment.apps "poststorage" deleted
        service "socialgraph" deleted
        deployment.apps "socialgraph" deleted
        service "usertimeline" deleted
        deployment.apps "usertimeline" deleted
        deployment.apps "ubuntu-client" deleted
        [run.sh] Waiting for all pods to be deleted
        [run.sh] Deploying all services
        service/composepost created
        deployment.apps/composepost created
        service/hometimeline created
        deployment.apps/hometimeline created
        service/poststorage created
        deployment.apps/poststorage created
        service/socialgraph created
        deployment.apps/socialgraph created
        service/usertimeline created
        deployment.apps/usertimeline created
        [run.sh] Client pod not found, deploying client
        deployment.apps/ubuntu-client created
        [run.sh] Waiting for all pods to be running
        [run.sh] All pods are running
        [run.sh] Checking heartbeat for all services
        [run.sh] All pods can connect to all services
        [run.sh] Populating social benchmark
        Parsing social graph file: ./data/socfb-Reed98.mtx... DONE!
        Analyzing social graph in: ./data/analysis.txt... DONE!
        Populating social graph...
        DONE!
        [run.sh] Copying social/analysis.txt to ubuntu-client-76886f6bbd-pbbgf:/analysis.txt
        [run.sh] Finished populating social
        [run.sh] Starting the rust proxy first for social
        [2m2025-03-25T19:43:35.304682Z[0m [32m INFO[0m [2mproxy::social[0m[2m:[0m Reading social graph from /analysis.txt
        [run.sh] Running warmup test
        [run.sh] /wrk/wrk -t4 -c128 -d3s -L http://localhost:3000
        Running 3s test @ http://localhost:3000
        4 threads and 128 connections
        Thread Stats   Avg      Stdev     Max   +/- Stdev
        Latency    75.58ms   70.36ms 560.83ms   62.83%
        Req/Sec   478.96     87.94   717.00     69.17%
        Latency Distribution
        50%   68.40ms
        75%  112.47ms
        90%  164.03ms
        99%  308.04ms
        5723 requests in 3.02s, 435.93KB read
        Requests/sec:   1896.44
        Transfer/sec:    144.46KB
        [run.sh] Speed is 1896.44, duration is 39
        [run.sh] Fix the request number.
        [run.sh] Running the actual test
        [run.sh] /wrk/wrk -t4 -c128 -d39s -s /wrk/fix_req_n.lua -L http://localhost:3000
        [run.sh] Checking the resource usage
        Running 39s test @ http://localhost:3000
        4 threads and 128 connections
        Thread Stats   Avg      Stdev     Max   +/- Stdev
        Latency    68.33ms   64.54ms 469.29ms   62.38%
        Req/Sec   489.19     98.80   828.00     66.90%
        Latency Distribution
        50%   55.75ms
        75%  110.38ms
        90%  157.42ms
        99%  254.47ms
        50000 requests in 39.00s, 3.72MB read
        Requests/sec:   1282.05
        Transfer/sec:     97.66KB
        ------------------------------
        stop time: 25.689030
        stop time: 25.721156
        stop time: 25.573047
        stop time: 25.524297
        [run.sh] Test finished with status 0
        > STDERR
        > No resources found in default namespace.
        > error: no objects passed to apply
        > error: metrics not available yet
    [exp] Times: [25.68903, 25.721156, 25.573047, 25.524297]
    [exp] Throughput: 1951.0761794767661
[test.py] Running slowdown experiment
    [exp] Running (pre_run: False) workload social/mix request with the following configuration: {'CLIENT_CPU_QUOTA': '4', 'SLOWPOKE_POKER_BATCH_THRESHOLD': '60000000', 'SLOWPOKE_PROCESSING_MICROS_COMPOSEPOST': '0', 'SLOWPOKE_PROCESSING_MICROS_HOMETIMELINE': '1000', 'SLOWPOKE_PROCESSING_MICROS_POSTSTORAGE': '0', 'SLOWPOKE_PROCESSING_MICROS_SOCIALGRAPH': '0', 'SLOWPOKE_PROCESSING_MICROS_USERTIMELINE': '0', 'SLOWPOKE_DELAY_MICROS_COMPOSEPOST': '3510.0', 'SLOWPOKE_DELAY_MICROS_HOMETIMELINE': '0.0', 'SLOWPOKE_DELAY_MICROS_POSTSTORAGE': '368.5', 'SLOWPOKE_DELAY_MICROS_SOCIALGRAPH': '3510.0', 'SLOWPOKE_DELAY_MICROS_USERTIMELINE': '870.5'}
    [exp] Executing cmd `bash run.sh social mix 4 128 50000`:
        [run.sh] Running benchmark social with request mix, thread 4, conn 128, duration 60
        [run.sh] Deleting all services
        service "composepost" deleted
        deployment.apps "composepost" deleted
        service "hometimeline" deleted
        deployment.apps "hometimeline" deleted
        service "poststorage" deleted
        deployment.apps "poststorage" deleted
        service "socialgraph" deleted
        deployment.apps "socialgraph" deleted
        service "usertimeline" deleted
        deployment.apps "usertimeline" deleted
        deployment.apps "ubuntu-client" deleted
        [run.sh] Waiting for all pods to be deleted
        [run.sh] Deploying all services
        service/composepost created
        deployment.apps/composepost created
        service/hometimeline created
        deployment.apps/hometimeline created
        service/poststorage created
        deployment.apps/poststorage created
        service/socialgraph created
        deployment.apps/socialgraph created
        service/usertimeline created
        deployment.apps/usertimeline created
        [run.sh] Client pod not found, deploying client
        deployment.apps/ubuntu-client created
        [run.sh] Waiting for all pods to be running
        [run.sh] All pods are running
        [run.sh] Checking heartbeat for all services
        [run.sh] All pods can connect to all services
        [run.sh] Populating social benchmark
        Parsing social graph file: ./data/socfb-Reed98.mtx... DONE!
        Analyzing social graph in: ./data/analysis.txt... DONE!
        Populating social graph...
        DONE!
        [run.sh] Copying social/analysis.txt to ubuntu-client-76886f6bbd-8x25r:/analysis.txt
        [run.sh] Finished populating social
        [run.sh] Starting the rust proxy first for social
        [2m2025-03-25T19:45:26.100876Z[0m [32m INFO[0m [2mproxy::social[0m[2m:[0m Reading social graph from /analysis.txt
        [run.sh] Running warmup test
        [run.sh] /wrk/wrk -t4 -c128 -d3s -L http://localhost:3000
        Running 3s test @ http://localhost:3000
        4 threads and 128 connections
        Thread Stats   Avg      Stdev     Max   +/- Stdev
        Latency    95.09ms   62.96ms 380.03ms   66.94%
        Req/Sec   342.48     82.15   525.00     75.00%
        Latency Distribution
        50%   88.77ms
        75%  131.29ms
        90%  179.36ms
        99%  285.53ms
        4094 requests in 3.02s, 311.85KB read
        Requests/sec:   1355.83
        Transfer/sec:    103.28KB
        [run.sh] Speed is 1355.83, duration is 55
        [run.sh] Fix the request number.
        [run.sh] Running the actual test
        [run.sh] /wrk/wrk -t4 -c128 -d55s -s /wrk/fix_req_n.lua -L http://localhost:3000
        [run.sh] Checking the resource usage
        NAME                             CPU(cores)   MEMORY(bytes)
        composepost-859f45d794-b5nsg     66m          8Mi
        hometimeline-69449c4c45-8nlpn    163m         12Mi
        poststorage-55895b84fb-jdz4g     23m          12Mi
        socialgraph-79888b9974-xbt96     26m          8Mi
        ubuntu-client-76886f6bbd-8x25r   6m           1Mi
        usertimeline-7dc89987c8-kpjmb    20m          7Mi
        Running 1m test @ http://localhost:3000
        4 threads and 128 connections
        Thread Stats   Avg      Stdev     Max   +/- Stdev
        Latency    90.78ms   63.71ms 528.67ms   66.10%
        Req/Sec   356.69     78.85   600.00     68.75%
        Latency Distribution
        50%   84.71ms
        75%  129.41ms
        90%  172.67ms
        99%  280.64ms
        50001 requests in 0.92m, 3.72MB read
        Requests/sec:    909.11
        Transfer/sec:     69.25KB
        ------------------------------
        stop time: 35.206801
        stop time: 35.228386
        stop time: 35.161577
        stop time: 35.138380
        [run.sh] Test finished with status 0
        > STDERR
        > No resources found in default namespace.
        > error: no objects passed to apply
    [exp] Times: [35.206801, 35.228386, 35.161577, 35.13838]
    [exp] Throughput: 1421.1091438539333
    [exp] Running (pre_run: False) workload social/mix request with the following configuration: {'CLIENT_CPU_QUOTA': '4', 'SLOWPOKE_POKER_BATCH_THRESHOLD': '60000000', 'SLOWPOKE_PROCESSING_MICROS_COMPOSEPOST': '0', 'SLOWPOKE_PROCESSING_MICROS_HOMETIMELINE': '1000', 'SLOWPOKE_PROCESSING_MICROS_POSTSTORAGE': '0', 'SLOWPOKE_PROCESSING_MICROS_SOCIALGRAPH': '0', 'SLOWPOKE_PROCESSING_MICROS_USERTIMELINE': '0', 'SLOWPOKE_DELAY_MICROS_COMPOSEPOST': '1755.0', 'SLOWPOKE_DELAY_MICROS_HOMETIMELINE': '0.0', 'SLOWPOKE_DELAY_MICROS_POSTSTORAGE': '184.0', 'SLOWPOKE_DELAY_MICROS_SOCIALGRAPH': '1755.0', 'SLOWPOKE_DELAY_MICROS_USERTIMELINE': '435.0'}
    [exp] Executing cmd `bash run.sh social mix 4 128 50000`:
        [run.sh] Running benchmark social with request mix, thread 4, conn 128, duration 60
        [run.sh] Deleting all services
        service "composepost" deleted
        deployment.apps "composepost" deleted
        service "hometimeline" deleted
        deployment.apps "hometimeline" deleted
        service "poststorage" deleted
        deployment.apps "poststorage" deleted
        service "socialgraph" deleted
        deployment.apps "socialgraph" deleted
        service "usertimeline" deleted
        deployment.apps "usertimeline" deleted
        deployment.apps "ubuntu-client" deleted
        [run.sh] Waiting for all pods to be deleted
        [run.sh] Deploying all services
        service/composepost created
        deployment.apps/composepost created
        service/hometimeline created
        deployment.apps/hometimeline created
        service/poststorage created
        deployment.apps/poststorage created
        service/socialgraph created
        deployment.apps/socialgraph created
        service/usertimeline created
        deployment.apps/usertimeline created
        [run.sh] Client pod not found, deploying client
        deployment.apps/ubuntu-client created
        [run.sh] Waiting for all pods to be running
        [run.sh] All pods are running
        [run.sh] Checking heartbeat for all services
        [run.sh] All pods can connect to all services
        [run.sh] Populating social benchmark
        Parsing social graph file: ./data/socfb-Reed98.mtx... DONE!
        Analyzing social graph in: ./data/analysis.txt... DONE!
        Populating social graph...
        DONE!
        [run.sh] Copying social/analysis.txt to ubuntu-client-76886f6bbd-24ntc:/analysis.txt
        [run.sh] Finished populating social
        [run.sh] Starting the rust proxy first for social
        [2m2025-03-25T19:47:30.330732Z[0m [32m INFO[0m [2mproxy::social[0m[2m:[0m Reading social graph from /analysis.txt
        [run.sh] Running warmup test
        [run.sh] /wrk/wrk -t4 -c128 -d3s -L http://localhost:3000
        Running 3s test @ http://localhost:3000
        4 threads and 128 connections
        Thread Stats   Avg      Stdev     Max   +/- Stdev
        Latency    95.00ms   73.16ms 434.72ms   63.35%
        Req/Sec   348.48    125.83   666.00     65.83%
        Latency Distribution
        50%   89.23ms
        75%  138.78ms
        90%  192.07ms
        99%  301.22ms
        4166 requests in 3.02s, 317.33KB read
        Requests/sec:   1379.42
        Transfer/sec:    105.07KB
        [run.sh] Speed is 1379.42, duration is 54
        [run.sh] Fix the request number.
        [run.sh] Running the actual test
        [run.sh] /wrk/wrk -t4 -c128 -d54s -s /wrk/fix_req_n.lua -L http://localhost:3000
        [run.sh] Checking the resource usage
        NAME                            CPU(cores)   MEMORY(bytes)
        hometimeline-69449c4c45-rrrsx   166m         12Mi
        poststorage-75f874cdcc-lsnzn    38m          12Mi
        socialgraph-755df75b4c-qw8d9    53m          8Mi
        Running 1m test @ http://localhost:3000
        4 threads and 128 connections
        Thread Stats   Avg      Stdev     Max   +/- Stdev
        Latency    89.11ms   73.81ms 480.01ms   61.56%
        Req/Sec   365.84    114.22     1.13k    67.66%
        Latency Distribution
        50%   77.19ms
        75%  136.49ms
        90%  190.52ms
        99%  294.16ms
        50000 requests in 0.90m, 3.72MB read
        Requests/sec:    925.92
        Transfer/sec:     70.53KB
        ------------------------------
        stop time: 34.211982
        stop time: 34.268060
        stop time: 34.349694
        stop time: 34.436214
        [run.sh] Test finished with status 0
        > STDERR
        > No resources found in default namespace.
        > error: no objects passed to apply
    [exp] Times: [34.211982, 34.26806, 34.349694, 34.436214]
    [exp] Throughput: 1457.0255769912349
[test.py] Baseline throughput:  1475.6690615275272
[test.py] Groundtruth:  [2815.4710302037956, 1951.0761794767661]
[test.py] Slowdown:  [1421.1091438539333, 1457.0255769912349]
[test.py] Predicted:  [2829.6203947023487, 1956.204350768715]
[test.py] Error percentage:  [0.5025576305620467, 0.2628380862772889]
[test.py] ++++++++++++++++++++++++++++++++ Summary: 
[test.py] Result for the experiment 0: 
    Baseline throughput: 1477.7687353108863
    Groundtruth: [2804.314735477895, 1951.5942754158343]
    Slowdown:    [1422.1188588312455, 1462.1620747880986]
    Predicted:   [2833.626351196041, 1965.4744855063366]
    Error Perc:  [1.0452327389404483, 0.7112241650506351]
[test.py] Result for the experiment 1: 
    Baseline throughput: 1469.0713866813826
    Groundtruth: [2886.228828158625, 1986.6748552106399]
    Slowdown:    [1403.4467543564058, 1462.8512259165043]
    Predicted:   [2760.4478415040066, 1966.7199424794208]
    Error Perc:  [-4.357970006656234, -1.0044377759592353]
[test.py] Result for the experiment 2: 
    Baseline throughput: 1475.6690615275272
    Groundtruth: [2815.4710302037956, 1951.0761794767661]
    Slowdown:    [1421.1091438539333, 1457.0255769912349]
    Predicted:   [2829.6203947023487, 1956.204350768715]
    Error Perc:  [0.5025576305620467, 0.2628380862772889]
