FIFO created
Recovery FIFO created
Starting synthetic service with 10 processes
SLOWPOKE_DELAY_MICROS=2479
SLOWPOKE_PRERUN=false
SLOWPOKE_POKER_BATCH_THRESHOLD=100
SLOWPOKE_SERV_NAME=service0
env=false
SLOWPOKE_IS_TARGET_SERVICE=%!b(bool=false)
SLOWPOKE_FIFO=/tmp/slowpoke_fifo
SLOWPOKE_FIFO_RECOVER=/tmp/slowpoke_fifo_recover
Received 0 ns, started at 39250954250798, ended at 39250954284692, accumulated -33894, sleeped 33894
Starting HTTP server
Endpoint endpoint1 registered
TCP JSON server listening on :5550
Neighbor service4 registered
Neighbor service2 registered
Neighbor service3 registered
Neighbor service1 registered
Received 1269248000 ns, started at 39283590293958, ended at 39284859619857, accumulated -111793, sleeped 1269325899
Received 0 ns, started at 39284867412446, ended at 39284867467896, accumulated -167243, sleeped 55450
Received 0 ns, started at 39284870167167, ended at 39284870186806, accumulated -186882, sleeped 19639
Received 0 ns, started at 39284871994190, ended at 39284872035169, accumulated -227861, sleeped 40979
Received 0 ns, started at 39284878664762, ended at 39284878682138, accumulated -245237, sleeped 17376
Received 0 ns, started at 39284878844546, ended at 39284878858694, accumulated -259385, sleeped 14148
Received 0 ns, started at 39284882726490, ended at 39284882744851, accumulated -277746, sleeped 18361
Received 2479000 ns, started at 39284884462102, ended at 39284886742453, accumulated -79097, sleeped 2280351
Received 7437000 ns, started at 39284936386503, ended at 39284943842279, accumulated -97873, sleeped 7455776
Received 54538000 ns, started at 39284978861645, ended at 39285034029430, accumulated -727658, sleeped 55167785
Received 42143000 ns, started at 39285041037743, ended at 39285082534100, accumulated -81015, sleeped 41496357
Received 156177000 ns, started at 39285204911734, ended at 39285361117092, accumulated -109373, sleeped 156205358
Received 0 ns, started at 39285370906312, ended at 39285370937214, accumulated -140275, sleeped 30902
Received 156177000 ns, started at 39285483369622, ended at 39285639500037, accumulated -93690, sleeped 156130415
Received 71891000 ns, started at 39285767154347, ended at 39285839063815, accumulated -112158, sleeped 71909468
Received 0 ns, started at 39285842527868, ended at 39285842564953, accumulated -149243, sleeped 37085
Received 71891000 ns, started at 39285905038387, ended at 39285976884302, accumulated -104158, sleeped 71845915
Received 0 ns, started at 39285995376435, ended at 39285995408592, accumulated -136315, sleeped 32157
Received 0 ns, started at 39286053965107, ended at 39286054024693, accumulated -195901, sleeped 59586
Received 2479000 ns, started at 39286189766076, ended at 39286192174343, accumulated -125168, sleeped 2408267
Received 7437000 ns, started at 39286283177171, ended at 39286290591064, accumulated -102061, sleeped 7413893
Received 183446000 ns, started at 39286749931808, ended at 39286933385409, accumulated -109662, sleeped 183453601
Received 0 ns, started at 39286947504857, ended at 39286947536007, accumulated -140812, sleeped 31150
Received 17353000 ns, started at 39286965536061, ended at 39286982832705, accumulated -84456, sleeped 17296644
Received 12395000 ns, started at 39287011024482, ended at 39287023415563, accumulated -80537, sleeped 12391081
Received 218152000 ns, started at 39287205925060, ended at 39287424103320, accumulated -106797, sleeped 218178260
Received 0 ns, started at 39287449031711, ended at 39287449059709, accumulated -134795, sleeped 27998
Received 118992000 ns, started at 39287460695087, ended at 39287579638230, accumulated -85938, sleeped 118943143
Received 9916000 ns, started at 39287606545780, ended at 39287616458415, accumulated -82573, sleeped 9912635
Received 37185000 ns, started at 39287646035483, ended at 39287683219109, accumulated -81199, sleeped 37183626
Received 299959000 ns, started at 39287984063679, ended at 39288284021181, accumulated -79701, sleeped 299957502
Received 0 ns, started at 39288336488402, ended at 39288336521567, accumulated -112866, sleeped 33165
Received 297480000 ns, started at 39288568457063, ended at 39288865928547, accumulated -104350, sleeped 297471484
Received 0 ns, started at 39288910209343, ended at 39288910245190, accumulated -140197, sleeped 35847
Received 12395000 ns, started at 39288939306595, ended at 39288951661516, accumulated -100118, sleeped 12354921
Received 0 ns, started at 39288958253551, ended at 39288958272696, accumulated -119263, sleeped 19145
Received 0 ns, started at 39288967041665, ended at 39288967059661, accumulated -137259, sleeped 17996
Received 287564000 ns, started at 39288982962812, ended at 39289270467815, accumulated -78262, sleeped 287505003
Received 0 ns, started at 39289321022828, ended at 39289321055708, accumulated -111142, sleeped 32880
Received 255337000 ns, started at 39289349311253, ended at 39289604631984, accumulated -94873, sleeped 255320731
Received 0 ns, started at 39289664497238, ended at 39289664531224, accumulated -128859, sleeped 33986
Received 2479000 ns, started at 39289715908556, ended at 39289718720874, accumulated -462177, sleeped 2812318
Received 304917000 ns, started at 39289743741636, ended at 39290048290711, accumulated -94252, sleeped 304549075
Received 0 ns, started at 39290077026101, ended at 39290077808321, accumulated -876472, sleeped 782220
Received 411514000 ns, started at 39290123238942, ended at 39290533975831, accumulated -99361, sleeped 410736889
Received 0 ns, started at 39290546227855, ended at 39290546262602, accumulated -134108, sleeped 34747
Received 39664000 ns, started at 39290584196898, ended at 39290623814422, accumulated -87632, sleeped 39617524
Received 0 ns, started at 39290668562207, ended at 39290668582082, accumulated -107507, sleeped 19875
Received 66933000 ns, started at 39290711786451, ended at 39290778690525, accumulated -78581, sleeped 66904074
Received 2479000 ns, started at 39290879435277, ended at 39290881928839, accumulated -93143, sleeped 2493562
Received 0 ns, started at 39290960101562, ended at 39290960139783, accumulated -131364, sleeped 38221
Received 99160000 ns, started at 39291114535092, ended at 39291213671730, accumulated -108002, sleeped 99136638
Received 0 ns, started at 39291237045259, ended at 39291237074383, accumulated -137126, sleeped 29124
Received 0 ns, started at 39291238872075, ended at 39291238888463, accumulated -153514, sleeped 16388
Received 0 ns, started at 39291240607496, ended at 39291240622327, accumulated -168345, sleeped 14831
Received 0 ns, started at 39291275524739, ended at 39291275544153, accumulated -187759, sleeped 19414
Received 0 ns, started at 39291363108545, ended at 39291363128852, accumulated -208066, sleeped 20307
Received 0 ns, started at 39291530910445, ended at 39291530978941, accumulated -276562, sleeped 68496
Received 0 ns, started at 39291532424463, ended at 39291532443764, accumulated -295863, sleeped 19301
Received 9916000 ns, started at 39291591384395, ended at 39291601085909, accumulated -81377, sleeped 9701514
Received 17353000 ns, started at 39291772099442, ended at 39291789475312, accumulated -104247, sleeped 17375870
Received 302438000 ns, started at 39292193692094, ended at 39292496131263, accumulated -105416, sleeped 302439169
Received 64454000 ns, started at 39292530579926, ended at 39292595020769, accumulated -92259, sleeped 64440843
Received 2479000 ns, started at 39292613342826, ended at 39292615813674, accumulated -84107, sleeped 2470848
Received 32227000 ns, started at 39292618049351, ended at 39292650270919, accumulated -78675, sleeped 32221568
Received 0 ns, started at 39292653963377, ended at 39292653978874, accumulated -94172, sleeped 15497
Received 0 ns, started at 39292660268666, ended at 39292660286075, accumulated -111581, sleeped 17409
Received 0 ns, started at 39292661986102, ended at 39292662019334, accumulated -144813, sleeped 33232
Received 0 ns, started at 39292679482189, ended at 39292679524322, accumulated -186946, sleeped 42133
Received 0 ns, started at 39292904988938, ended at 39292905055801, accumulated -253809, sleeped 66863
Received 0 ns, started at 39292971315221, ended at 39292971371493, accumulated -310081, sleeped 56272
Received 0 ns, started at 39293046342329, ended at 39293046378697, accumulated -346449, sleeped 36368
Received 0 ns, started at 39293136531372, ended at 39293136562930, accumulated -378007, sleeped 31558
Received 0 ns, started at 39293266613641, ended at 39293266637991, accumulated -402357, sleeped 24350
Received 0 ns, started at 39293414585279, ended at 39293414607118, accumulated -424196, sleeped 21839
Received 0 ns, started at 39293556894590, ended at 39293556922016, accumulated -451622, sleeped 27426
