[run.sh] Running benchmark boutique with request mix, thread 8, conn 1024, duration 60
[run.sh] Deleting all services
service "cart" deleted
deployment.apps "cart" deleted
service "checkout" deleted
deployment.apps "checkout" deleted
service "currency" deleted
deployment.apps "currency" deleted
service "email" deleted
deployment.apps "email" deleted
service "frontend" deleted
deployment.apps "frontend" deleted
service "payment" deleted
deployment.apps "payment" deleted
service "productcatalog" deleted
deployment.apps "productcatalog" deleted
service "recommendations" deleted
deployment.apps "recommendations" deleted
service "shipping" deleted
deployment.apps "shipping" deleted
deployment.apps "ubuntu-client" deleted
[run.sh] Waiting for all pods to be deleted
[run.sh] Deploying all services
service/cart created
deployment.apps/cart created
service/checkout created
deployment.apps/checkout created
service/currency created
deployment.apps/currency created
service/email created
deployment.apps/email created
service/frontend created
deployment.apps/frontend created
service/payment created
deployment.apps/payment created
service/productcatalog created
deployment.apps/productcatalog created
service/recommendations created
deployment.apps/recommendations created
service/shipping created
deployment.apps/shipping created
[run.sh] Client pod not found, deploying client
deployment.apps/ubuntu-client created
[run.sh] Waiting for all pods to be running
[run.sh] All pods are running
[run.sh] Checking heartbeat for all services
[run.sh] All pods can connect to all services
[run.sh] No population needed for boutique
[run.sh] Running warmup test
[run.sh] /wrk/wrk -t8 -c1024 --timeout 3s -d3s -L -s /wrk/scripts/online-boutique/mix.lua http://frontend:80
Running 3s test @ http://frontend:80
  8 threads and 1024 connections
  Thread Stats   Avg      Stdev     Max   +/- Stdev
    Latency   271.32ms  295.23ms   1.23s    79.09%
    Req/Sec   533.35    177.05     1.02k    68.33%
  Latency Distribution
     50%  124.06ms
     75%  502.59ms
     90%  718.89ms
     99%  947.10ms
  12742 requests in 3.03s, 7.54MB read
Requests/sec:   4206.56
Transfer/sec:      2.49MB
[run.sh] Speed is 4206.56, duration is 35
[run.sh] Fix the request number.
[run.sh] Running the actual test
[run.sh] /wrk/wrk --timeout 20s -t8 -c1024 -d35s -L -s /wrk/scripts/online-boutique/mix.lua http://frontend:80
[run.sh] Checking the resource usage
NAME                               CPU(cores)   MEMORY(bytes)   
cart-74784d9648-wsxmt              1934m        22Mi            
checkout-58c6fb676d-l699b          266m         16Mi            
currency-5c7fbff5fb-72l5g          142m         9Mi             
email-7d67946c6c-n9nsw             0m           3Mi             
frontend-556fd4f99f-mmj4q          1077m        84Mi            
payment-7f5bbf99bc-j7z9m           31m          8Mi             
productcatalog-6cf98c84c5-pj8bc    297m         10Mi            
recommendations-78b4589544-5n6r2   0m           3Mi             
shipping-989fb8686-wb65l           61m          8Mi             
ubuntu-client-76886f6bbd-4dsq9     158m         26Mi            
Running 35s test @ http://frontend:80
  8 threads and 1024 connections
  Thread Stats   Avg      Stdev     Max   +/- Stdev
    Latency   273.04ms  315.84ms   1.13s    70.70%
    Req/Sec   498.69    166.77     1.17k    68.61%
  Latency Distribution
     50%   17.50ms
     75%  649.92ms
     90%  732.69ms
     99%  836.42ms
  100000 requests in 35.00s, 62.52MB read
Requests/sec:   2857.13
Transfer/sec:      1.79MB
------------------------------
stop time: 25.210023
stop time: 25.132184
stop time: 25.197402
stop time: 25.137960
stop time: 25.228040
stop time: 25.292179
stop time: 25.288099
stop time: 25.284024
[run.sh] Test finished with status 0
