[run.sh] Running benchmark boutique with request mix, thread 8, conn 1024, duration 60
[run.sh] Deleting all services
service "cart" deleted
deployment.apps "cart" deleted
service "checkout" deleted
deployment.apps "checkout" deleted
service "currency" deleted
deployment.apps "currency" deleted
service "email" deleted
deployment.apps "email" deleted
service "frontend" deleted
deployment.apps "frontend" deleted
service "payment" deleted
deployment.apps "payment" deleted
service "productcatalog" deleted
deployment.apps "productcatalog" deleted
service "recommendations" deleted
deployment.apps "recommendations" deleted
service "shipping" deleted
deployment.apps "shipping" deleted
deployment.apps "ubuntu-client" deleted
[run.sh] Waiting for all pods to be deleted
[run.sh] Deploying all services
service/cart created
deployment.apps/cart created
service/checkout created
deployment.apps/checkout created
service/currency created
deployment.apps/currency created
service/email created
deployment.apps/email created
service/frontend created
deployment.apps/frontend created
service/payment created
deployment.apps/payment created
service/productcatalog created
deployment.apps/productcatalog created
service/recommendations created
deployment.apps/recommendations created
service/shipping created
deployment.apps/shipping created
[run.sh] Client pod not found, deploying client
deployment.apps/ubuntu-client created
[run.sh] Waiting for all pods to be running
[run.sh] All pods are running
[run.sh] Checking heartbeat for all services
[run.sh] cart-77f89db99c-bpg8d cannot connect to currency
[run.sh] cart-77f89db99c-bpg8d cannot connect to currency
[run.sh] cart-77f89db99c-bpg8d cannot connect to currency
[run.sh] cart-77f89db99c-cfv4x cannot connect to currency
[run.sh] cart-77f89db99c-cfv4x cannot connect to currency
[run.sh] checkout-58c6fb676d-5c4sr cannot connect to currency
[run.sh] All pods can connect to all services
[run.sh] No population needed for boutique
[run.sh] Running warmup test
[run.sh] /wrk/wrk -t8 -c1024 --timeout 3s -d3s -L -s /wrk/scripts/online-boutique/mix.lua http://frontend:80
Running 3s test @ http://frontend:80
  8 threads and 1024 connections
  Thread Stats   Avg      Stdev     Max   +/- Stdev
    Latency   155.58ms   97.81ms 691.18ms   66.83%
    Req/Sec   822.05    237.18     1.21k    75.83%
  Latency Distribution
     50%  166.51ms
     75%  211.01ms
     90%  262.37ms
     99%  434.19ms
  19632 requests in 3.02s, 11.53MB read
Requests/sec:   6508.65
Transfer/sec:      3.82MB
[run.sh] Speed is 6508.65, duration is 23
[run.sh] Fix the request number.
[run.sh] Running the actual test
[run.sh] /wrk/wrk --timeout 20s -t8 -c1024 -d23s -L -s /wrk/scripts/online-boutique/mix.lua http://frontend:80
Running 23s test @ http://frontend:80
  8 threads and 1024 connections
  Thread Stats   Avg      Stdev     Max   +/- Stdev
    Latency   142.28ms   87.52ms 618.01ms   60.85%
    Req/Sec     0.90k   184.58     1.37k    66.07%
  Latency Distribution
     50%  161.07ms
     75%  205.42ms
     90%  244.11ms
     99%  339.98ms
  100000 requests in 23.00s, 62.37MB read
Requests/sec:   4347.79
Transfer/sec:      2.71MB
------------------------------
stop time: 13.918782
stop time: 13.902726
stop time: 14.012271
stop time: 13.993627
stop time: 14.031859
stop time: 14.049938
stop time: 14.039996
stop time: 14.058887
[run.sh] Checking the resource usage
NAME                               CPU(cores)   MEMORY(bytes)   
cart-77f89db99c-bpg8d              17m          3Mi             
cart-77f89db99c-cfv4x              10m          3Mi             
checkout-58c6fb676d-5c4sr          1m           3Mi             
currency-5c7fbff5fb-dw78f          1m           3Mi             
email-7d67946c6c-2p2rf             1m           3Mi             
productcatalog-6cf98c84c5-xqmmq    1m           3Mi             
recommendations-78b4589544-cg5jv   1m           3Mi             
shipping-989fb8686-t87qb           1m           3Mi             
[run.sh] Test finished with status 0
