SLOWPOKE_PROCESSING_MICROS_CHECKOUT=0
SLOWPOKE_IS_TARGET_SERVICE_CHECKOUT=false
SLOWPOKE_IS_TARGET_SERVICE_CART=true
SLOWPOKE_IS_TARGET_SERVICE_SHIPPING=false
SLOWPOKE_POKER_BATCH_THRESHOLD_PAYMENT=100
SLOWPOKE_POKER_BATCH_THRESHOLD_CHECKOUT=100
SLOWPOKE_DELAY_MICROS_CURRENCY=482.00650444644276
SLOWPOKE_POKER_BATCH_THRESHOLD_FRONTEND=100
SLOWPOKE_PROCESSING_MICROS_FRONTEND=0
SLOWPOKE_POKER_BATCH_THRESHOLD_SHIPPING=100
SLOWPOKE_PROCESSING_MICROS_PAYMENT=0
SLOWPOKE_IS_TARGET_SERVICE_PAYMENT=false
SLOWPOKE_POKER_BATCH_THRESHOLD_CURRENCY=100
SLOWPOKE_IS_TARGET_SERVICE_PRODUCT_CATALOG=false
SLOWPOKE_IS_TARGET_SERVICE_CURRENCY=false
SLOWPOKE_PROCESSING_MICROS_CART=1000
SLOWPOKE_PROCESSING_MICROS_PRODUCT_CATALOG=0
SLOWPOKE_DELAY_MICROS_CHECKOUT=2451.6905072391055
SLOWPOKE_POKER_BATCH_THRESHOLD_CART=100
SLOWPOKE_DELAY_MICROS_PAYMENT=2451.6905072391055
SLOWPOKE_DELAY_MICROS_PRODUCT_CATALOG=205.52529535786385
SLOWPOKE_PROCESSING_MICROS_SHIPPING=0
SLOWPOKE_DELAY_MICROS_FRONTEND=125.18826374999999
SLOWPOKE_POKER_BATCH_THRESHOLD_PRODUCT_CATALOG=100
SLOWPOKE_PROCESSING_MICROS_CURRENCY=0
SLOWPOKE_IS_TARGET_SERVICE_FRONTEND=false
SLOWPOKE_OPT_TIME=554.2319376266762
SLOWPOKE_DELAY_MICROS_SHIPPING=1225.8452536195528
[run.sh] Running benchmark boutique with request mix, thread 8, conn 1024, duration 60
[run.sh] Deleting all services
service "cart" deleted
deployment.apps "cart" deleted
service "checkout" deleted
deployment.apps "checkout" deleted
service "currency" deleted
deployment.apps "currency" deleted
service "email" deleted
deployment.apps "email" deleted
service "frontend" deleted
deployment.apps "frontend" deleted
service "payment" deleted
deployment.apps "payment" deleted
service "productcatalog" deleted
deployment.apps "productcatalog" deleted
service "recommendations" deleted
deployment.apps "recommendations" deleted
service "shipping" deleted
deployment.apps "shipping" deleted
deployment.apps "ubuntu-client" deleted
[run.sh] Waiting for all pods to be deleted
[run.sh] Deploying all services
service/cart created
deployment.apps/cart created
service/checkout created
deployment.apps/checkout created
service/currency created
deployment.apps/currency created
service/email created
deployment.apps/email created
service/frontend created
deployment.apps/frontend created
service/payment created
deployment.apps/payment created
service/productcatalog created
deployment.apps/productcatalog created
service/recommendations created
deployment.apps/recommendations created
service/shipping created
deployment.apps/shipping created
[run.sh] Client pod not found, deploying client
deployment.apps/ubuntu-client created
[run.sh] Waiting for all pods to be running
[run.sh] All pods are running
[run.sh] Checking heartbeat for all services
[run.sh] All pods can connect to all services
[run.sh] No population needed for boutique
[run.sh] Running warmup test
[run.sh] /wrk/wrk -t8 -c1024 --timeout 3s -d3s -L -s /wrk/scripts/online-boutique/mix.lua http://frontend:80
Running 3s test @ http://frontend:80
  8 threads and 1024 connections
  Thread Stats   Avg      Stdev     Max   +/- Stdev
    Latency   294.56ms  182.64ms   1.44s    76.72%
    Req/Sec   437.90    145.01   840.00     69.83%
  Latency Distribution
     50%  251.91ms
     75%  366.61ms
     90%  542.54ms
     99%  908.94ms
  10284 requests in 3.03s, 6.26MB read
Requests/sec:   3396.36
Transfer/sec:      2.07MB
[run.sh] Speed is 3396.36, duration is 44
[run.sh] Fix the request number.
[run.sh] Running the actual test
[run.sh] /wrk/wrk --timeout 20s -t8 -c1024 -d44s -L -s /wrk/scripts/online-boutique/mix.lua http://frontend:80
[run.sh] Checking the resource usage
NAME                               CPU(cores)   MEMORY(bytes)   
cart-b66b995d-2bw85                1878m        23Mi            
checkout-5b5d4b87bd-7dmls          217m         17Mi            
currency-bf9c5dc64-vncfv           141m         12Mi            
email-85ffb74899-c5snm             0m           3Mi             
frontend-9659df968-8hckv           996m         78Mi            
payment-76997b8c65-jld6w           31m          8Mi             
productcatalog-b76d9748f-cmxqn     290m         14Mi            
recommendations-58579f86d4-zfhps   0m           3Mi             
shipping-6cf5db9ddc-927gk          57m          9Mi             
ubuntu-client-76886f6bbd-s47sx     139m         26Mi            
Running 44s test @ http://frontend:80
  8 threads and 1024 connections
  Thread Stats   Avg      Stdev     Max   +/- Stdev
    Latency   273.15ms  301.43ms   1.10s    70.72%
    Req/Sec   466.91    156.08     1.05k    68.37%
  Latency Distribution
     50%  109.84ms
     75%  628.36ms
     90%  724.56ms
     99%  845.23ms
  100000 requests in 44.00s, 62.49MB read
Requests/sec:   2272.72
Transfer/sec:      1.42MB
------------------------------
stop time: 26.721086
stop time: 26.775840
stop time: 26.822590
stop time: 26.925761
stop time: 27.039433
stop time: 27.043628
stop time: 27.146854
stop time: 26.999421
[run.sh] Test finished with status 0
