SLOWPOKE_PROCESSING_MICROS_CHECKOUT=0
SLOWPOKE_IS_TARGET_SERVICE_CHECKOUT=false
SLOWPOKE_IS_TARGET_SERVICE_CART=true
SLOWPOKE_IS_TARGET_SERVICE_SHIPPING=false
SLOWPOKE_POKER_BATCH_THRESHOLD_PAYMENT=100
SLOWPOKE_POKER_BATCH_THRESHOLD_CHECKOUT=100
SLOWPOKE_DELAY_MICROS_CURRENCY=484.80913739008787
SLOWPOKE_POKER_BATCH_THRESHOLD_FRONTEND=100
SLOWPOKE_PROCESSING_MICROS_FRONTEND=0
SLOWPOKE_POKER_BATCH_THRESHOLD_SHIPPING=100
SLOWPOKE_PROCESSING_MICROS_PAYMENT=0
SLOWPOKE_IS_TARGET_SERVICE_PAYMENT=false
SLOWPOKE_POKER_BATCH_THRESHOLD_CURRENCY=100
SLOWPOKE_IS_TARGET_SERVICE_PRODUCT_CATALOG=false
SLOWPOKE_IS_TARGET_SERVICE_CURRENCY=false
SLOWPOKE_PROCESSING_MICROS_CART=1000
SLOWPOKE_PROCESSING_MICROS_PRODUCT_CATALOG=0
SLOWPOKE_DELAY_MICROS_CHECKOUT=2465.9458928403874
SLOWPOKE_POKER_BATCH_THRESHOLD_CART=100
SLOWPOKE_DELAY_MICROS_PAYMENT=2465.9458928403874
SLOWPOKE_DELAY_MICROS_PRODUCT_CATALOG=206.7203247987712
SLOWPOKE_PROCESSING_MICROS_SHIPPING=0
SLOWPOKE_DELAY_MICROS_FRONTEND=125.91617249999999
SLOWPOKE_POKER_BATCH_THRESHOLD_PRODUCT_CATALOG=100
SLOWPOKE_PROCESSING_MICROS_CURRENCY=0
SLOWPOKE_IS_TARGET_SERVICE_FRONTEND=false
SLOWPOKE_OPT_TIME=557.4545262691192
SLOWPOKE_DELAY_MICROS_SHIPPING=1232.9729464201937
[run.sh] Running benchmark boutique with request mix, thread 8, conn 1024, duration 60
[run.sh] Deleting all services
service "cart" deleted
deployment.apps "cart" deleted
service "checkout" deleted
deployment.apps "checkout" deleted
service "currency" deleted
deployment.apps "currency" deleted
service "email" deleted
deployment.apps "email" deleted
service "frontend" deleted
deployment.apps "frontend" deleted
service "payment" deleted
deployment.apps "payment" deleted
service "productcatalog" deleted
deployment.apps "productcatalog" deleted
service "recommendations" deleted
deployment.apps "recommendations" deleted
service "shipping" deleted
deployment.apps "shipping" deleted
deployment.apps "ubuntu-client" deleted
[run.sh] Waiting for all pods to be deleted
[run.sh] Deploying all services
service/cart created
deployment.apps/cart created
service/checkout created
deployment.apps/checkout created
service/currency created
deployment.apps/currency created
service/email created
deployment.apps/email created
service/frontend created
deployment.apps/frontend created
service/payment created
deployment.apps/payment created
service/productcatalog created
deployment.apps/productcatalog created
service/recommendations created
deployment.apps/recommendations created
service/shipping created
deployment.apps/shipping created
[run.sh] Client pod not found, deploying client
deployment.apps/ubuntu-client created
[run.sh] Waiting for all pods to be running
[run.sh] All pods are running
[run.sh] Checking heartbeat for all services
[run.sh] All pods can connect to all services
[run.sh] No population needed for boutique
[run.sh] Running warmup test
[run.sh] /wrk/wrk -t8 -c1024 --timeout 3s -d3s -L -s /wrk/scripts/online-boutique/mix.lua http://frontend:80
Running 3s test @ http://frontend:80
  8 threads and 1024 connections
  Thread Stats   Avg      Stdev     Max   +/- Stdev
    Latency   349.92ms  345.21ms   1.94s    69.72%
    Req/Sec   469.64    219.13     1.04k    72.11%
  Latency Distribution
     50%  216.10ms
     75%  629.77ms
     90%  898.91ms
     99%    1.14s 
  9487 requests in 3.02s, 5.58MB read
Requests/sec:   3141.06
Transfer/sec:      1.85MB
[run.sh] Speed is 3141.06, duration is 47
[run.sh] Fix the request number.
[run.sh] Running the actual test
[run.sh] /wrk/wrk --timeout 20s -t8 -c1024 -d47s -L -s /wrk/scripts/online-boutique/mix.lua http://frontend:80
[run.sh] Checking the resource usage
NAME                               CPU(cores)   MEMORY(bytes)   
cart-b66b995d-nfgxw                498m         21Mi            
checkout-65b9cb57d6-7v9q8          89m          21Mi            
currency-5c54fdbffd-wtjsg          48m          13Mi            
email-85ffb74899-t2fkt             1m           3Mi             
frontend-97fcbb7c8-249z8           336m         74Mi            
payment-5fccc8b8bc-zgvkz           8m           7Mi             
productcatalog-5b79cf8f6d-gzdnq    89m          13Mi            
recommendations-58579f86d4-rjz2b   0m           3Mi             
shipping-6f9fb8c68f-g5qxz          17m          9Mi             
ubuntu-client-76886f6bbd-vznmb     58m          0Mi             
Running 47s test @ http://frontend:80
  8 threads and 1024 connections
  Thread Stats   Avg      Stdev     Max   +/- Stdev
    Latency   272.76ms  298.60ms   1.13s    70.85%
    Req/Sec   466.50    149.44     1.09k    68.72%
  Latency Distribution
     50%  107.38ms
     75%  623.43ms
     90%  720.03ms
     99%  844.02ms
  100000 requests in 47.00s, 62.46MB read
Requests/sec:   2127.65
Transfer/sec:      1.33MB
------------------------------
stop time: 26.810442
stop time: 26.930573
stop time: 26.871197
stop time: 27.049375
stop time: 27.059588
stop time: 27.057503
stop time: 27.034986
stop time: 27.049059
[run.sh] Test finished with status 0
