SLOWPOKE_PROCESSING_MICROS_CHECKOUT=0
SLOWPOKE_IS_TARGET_SERVICE_CHECKOUT=false
SLOWPOKE_IS_TARGET_SERVICE_CART=true
SLOWPOKE_IS_TARGET_SERVICE_SHIPPING=false
SLOWPOKE_POKER_BATCH_THRESHOLD_PAYMENT=100
SLOWPOKE_POKER_BATCH_THRESHOLD_CHECKOUT=100
SLOWPOKE_DELAY_MICROS_CURRENCY=483.5463289618305
SLOWPOKE_POKER_BATCH_THRESHOLD_FRONTEND=100
SLOWPOKE_PROCESSING_MICROS_FRONTEND=0
SLOWPOKE_POKER_BATCH_THRESHOLD_SHIPPING=100
SLOWPOKE_PROCESSING_MICROS_PAYMENT=0
SLOWPOKE_IS_TARGET_SERVICE_PAYMENT=false
SLOWPOKE_POKER_BATCH_THRESHOLD_CURRENCY=100
SLOWPOKE_IS_TARGET_SERVICE_PRODUCT_CATALOG=false
SLOWPOKE_IS_TARGET_SERVICE_CURRENCY=false
SLOWPOKE_PROCESSING_MICROS_CART=1000
SLOWPOKE_PROCESSING_MICROS_PRODUCT_CATALOG=0
SLOWPOKE_DELAY_MICROS_CHECKOUT=2459.522710979853
SLOWPOKE_POKER_BATCH_THRESHOLD_CART=100
SLOWPOKE_DELAY_MICROS_PAYMENT=2459.522710979853
SLOWPOKE_DELAY_MICROS_PRODUCT_CATALOG=206.18186925345432
SLOWPOKE_PROCESSING_MICROS_SHIPPING=0
SLOWPOKE_DELAY_MICROS_FRONTEND=125.588191875
SLOWPOKE_POKER_BATCH_THRESHOLD_PRODUCT_CATALOG=100
SLOWPOKE_PROCESSING_MICROS_CURRENCY=0
SLOWPOKE_IS_TARGET_SERVICE_FRONTEND=false
SLOWPOKE_OPT_TIME=556.0024944903196
SLOWPOKE_DELAY_MICROS_SHIPPING=1229.7613554899265
[run.sh] Running benchmark boutique with request mix, thread 8, conn 1024, duration 60
[run.sh] Deleting all services
service "cart" deleted
deployment.apps "cart" deleted
service "checkout" deleted
deployment.apps "checkout" deleted
service "currency" deleted
deployment.apps "currency" deleted
service "email" deleted
deployment.apps "email" deleted
service "frontend" deleted
deployment.apps "frontend" deleted
service "payment" deleted
deployment.apps "payment" deleted
service "productcatalog" deleted
deployment.apps "productcatalog" deleted
service "recommendations" deleted
deployment.apps "recommendations" deleted
service "shipping" deleted
deployment.apps "shipping" deleted
deployment.apps "ubuntu-client" deleted
[run.sh] Waiting for all pods to be deleted
[run.sh] Deploying all services
service/cart created
deployment.apps/cart created
service/checkout created
deployment.apps/checkout created
service/currency created
deployment.apps/currency created
service/email created
deployment.apps/email created
service/frontend created
deployment.apps/frontend created
service/payment created
deployment.apps/payment created
service/productcatalog created
deployment.apps/productcatalog created
service/recommendations created
deployment.apps/recommendations created
service/shipping created
deployment.apps/shipping created
[run.sh] Client pod not found, deploying client
deployment.apps/ubuntu-client created
[run.sh] Waiting for all pods to be running
[run.sh] All pods are running
[run.sh] Checking heartbeat for all services
[run.sh] All pods can connect to all services
[run.sh] No population needed for boutique
[run.sh] Running warmup test
[run.sh] /wrk/wrk -t8 -c1024 --timeout 3s -d3s -L -s /wrk/scripts/online-boutique/mix.lua http://frontend:80
Running 3s test @ http://frontend:80
  8 threads and 1024 connections
  Thread Stats   Avg      Stdev     Max   +/- Stdev
    Latency   284.39ms  232.16ms   1.17s    67.58%
    Req/Sec   457.58    154.57   800.00     73.36%
  Latency Distribution
     50%  175.68ms
     75%  479.68ms
     90%  603.72ms
     99%  894.47ms
  10583 requests in 3.10s, 6.33MB read
Requests/sec:   3414.58
Transfer/sec:      2.04MB
[run.sh] Speed is 3414.58, duration is 43
[run.sh] Fix the request number.
[run.sh] Running the actual test
[run.sh] /wrk/wrk --timeout 20s -t8 -c1024 -d43s -L -s /wrk/scripts/online-boutique/mix.lua http://frontend:80
[run.sh] Checking the resource usage
NAME                               CPU(cores)   MEMORY(bytes)   
currency-5c84cfbb4f-8ztn7          5m           3Mi             
recommendations-58579f86d4-zcccq   5m           3Mi             
ubuntu-client-76886f6bbd-ljcdq     8m           0Mi             
Running 43s test @ http://frontend:80
  8 threads and 1024 connections
  Thread Stats   Avg      Stdev     Max   +/- Stdev
    Latency   273.45ms  287.96ms   1.20s    71.66%
    Req/Sec   466.32    167.75     1.16k    68.53%
  Latency Distribution
     50%  125.44ms
     75%  602.94ms
     90%  707.94ms
     99%  828.75ms
  100000 requests in 43.00s, 62.47MB read
Requests/sec:   2325.57
Transfer/sec:      1.45MB
------------------------------
stop time: 26.744350
stop time: 26.661814
stop time: 26.774944
stop time: 27.033384
stop time: 27.056026
stop time: 27.169039
stop time: 27.198506
stop time: 27.244330
[run.sh] Test finished with status 0
