SLOWPOKE_PROCESSING_MICROS_CHECKOUT=0
SLOWPOKE_IS_TARGET_SERVICE_CHECKOUT=false
SLOWPOKE_IS_TARGET_SERVICE_CART=true
SLOWPOKE_IS_TARGET_SERVICE_SHIPPING=false
SLOWPOKE_POKER_BATCH_THRESHOLD_PAYMENT=100
SLOWPOKE_POKER_BATCH_THRESHOLD_CHECKOUT=100
SLOWPOKE_DELAY_MICROS_CURRENCY=481.6936521282973
SLOWPOKE_POKER_BATCH_THRESHOLD_FRONTEND=100
SLOWPOKE_PROCESSING_MICROS_FRONTEND=0
SLOWPOKE_POKER_BATCH_THRESHOLD_SHIPPING=100
SLOWPOKE_PROCESSING_MICROS_PAYMENT=0
SLOWPOKE_IS_TARGET_SERVICE_PAYMENT=false
SLOWPOKE_POKER_BATCH_THRESHOLD_CURRENCY=100
SLOWPOKE_IS_TARGET_SERVICE_PRODUCT_CATALOG=false
SLOWPOKE_IS_TARGET_SERVICE_CURRENCY=false
SLOWPOKE_PROCESSING_MICROS_CART=1000
SLOWPOKE_PROCESSING_MICROS_PRODUCT_CATALOG=0
SLOWPOKE_DELAY_MICROS_CHECKOUT=2450.09920701496
SLOWPOKE_POKER_BATCH_THRESHOLD_CART=100
SLOWPOKE_DELAY_MICROS_PAYMENT=2450.09920701496
SLOWPOKE_DELAY_MICROS_PRODUCT_CATALOG=205.3918966080605
SLOWPOKE_PROCESSING_MICROS_SHIPPING=0
SLOWPOKE_DELAY_MICROS_FRONTEND=125.10700874999999
SLOWPOKE_POKER_BATCH_THRESHOLD_PRODUCT_CATALOG=100
SLOWPOKE_PROCESSING_MICROS_CURRENCY=0
SLOWPOKE_IS_TARGET_SERVICE_FRONTEND=false
SLOWPOKE_OPT_TIME=553.8722064925997
SLOWPOKE_DELAY_MICROS_SHIPPING=1225.04960350748
[run.sh] Running benchmark boutique with request mix, thread 8, conn 1024, duration 60
[run.sh] Deleting all services
service "cart" deleted
deployment.apps "cart" deleted
service "checkout" deleted
deployment.apps "checkout" deleted
service "currency" deleted
deployment.apps "currency" deleted
service "email" deleted
deployment.apps "email" deleted
service "frontend" deleted
deployment.apps "frontend" deleted
service "payment" deleted
deployment.apps "payment" deleted
service "productcatalog" deleted
deployment.apps "productcatalog" deleted
service "recommendations" deleted
deployment.apps "recommendations" deleted
service "shipping" deleted
deployment.apps "shipping" deleted
deployment.apps "ubuntu-client" deleted
[run.sh] Waiting for all pods to be deleted
[run.sh] Deploying all services
service/cart created
deployment.apps/cart created
service/checkout created
deployment.apps/checkout created
service/currency created
deployment.apps/currency created
service/email created
deployment.apps/email created
service/frontend created
deployment.apps/frontend created
service/payment created
deployment.apps/payment created
service/productcatalog created
deployment.apps/productcatalog created
service/recommendations created
deployment.apps/recommendations created
service/shipping created
deployment.apps/shipping created
[run.sh] Client pod not found, deploying client
deployment.apps/ubuntu-client created
[run.sh] Waiting for all pods to be running
[run.sh] All pods are running
[run.sh] Checking heartbeat for all services
[run.sh] All pods can connect to all services
[run.sh] No population needed for boutique
[run.sh] Running warmup test
[run.sh] /wrk/wrk -t8 -c1024 --timeout 3s -d3s -L -s /wrk/scripts/online-boutique/mix.lua http://frontend:80
Running 3s test @ http://frontend:80
  8 threads and 1024 connections
  Thread Stats   Avg      Stdev     Max   +/- Stdev
    Latency   293.08ms  246.17ms   1.24s    67.30%
    Req/Sec   432.51    181.64     0.86k    68.10%
  Latency Distribution
     50%  182.22ms
     75%  500.11ms
     90%  653.93ms
     99%  913.93ms
  10068 requests in 3.03s, 5.98MB read
Requests/sec:   3327.56
Transfer/sec:      1.98MB
[run.sh] Speed is 3327.56, duration is 45
[run.sh] Fix the request number.
[run.sh] Running the actual test
[run.sh] /wrk/wrk --timeout 20s -t8 -c1024 -d45s -L -s /wrk/scripts/online-boutique/mix.lua http://frontend:80
[run.sh] Checking the resource usage
Running 45s test @ http://frontend:80
  8 threads and 1024 connections
  Thread Stats   Avg      Stdev     Max   +/- Stdev
    Latency   274.86ms  299.48ms   1.09s    71.09%
    Req/Sec   463.54    156.02     1.00k    69.04%
  Latency Distribution
     50%  110.61ms
     75%  625.43ms
     90%  722.91ms
     99%  839.44ms
  100000 requests in 45.00s, 62.53MB read
Requests/sec:   2222.21
Transfer/sec:      1.39MB
------------------------------
stop time: 27.052518
stop time: 27.129652
stop time: 27.139803
stop time: 27.130948
stop time: 27.236081
stop time: 27.137151
stop time: 27.281673
stop time: 27.254323
[run.sh] Test finished with status 0
