benchmark                        : boutique
num_threads                      : 8
num_conns                        : 512
target_service                   : cart
request_type                     : mix
repetitions                      : 3
target_num_exp                   : 10
pre_run                          : False
num_req                          : 20000
groundtruths                     : []
slowdowns                        : []
predicteds                       : []
errs                             : []
poker_batch_req                  : 100
client_cpu_quota                 : 4
random_seed                      : 1234
request_ratio                    : {'cart': 0.45175405908969923, 'checkout': 0.05106201756720788, 'currency': 0.2597231833910035, 'email': 0.0, 'frontend': 1.0, 'payment': 0.05106201756720788, 'product_catalog': 0.6091136545115784, 'recommendations': 0.0, 'shipping': 0.10212403513441576}
baseline_service_processing_time : {'cart': 1000, 'checkout': 0, 'currency': 0, 'email': 0, 'frontend': 0, 'payment': 0, 'product_catalog': 0, 'recommendations': 0, 'shipping': 0}
cpu_quota                        : {'cart': 2, 'checkout': 2, 'currency': 2, 'email': 2, 'frontend': 2, 'payment': 2, 'product_catalog': 2, 'recommendations': 2, 'shipping': 2}
target_processing_time_range     : [0, 1000]
baseline_throughputs             : []
poker_batch                      : 20000000
[test.py] Starting experiment...
[test.py] >>>>>>>>>>>>>>>>>>>>>>>>>>>>> Running experiment 0...
[test.py] Actual processing time range: [0, 100, 200, 300, 400, 500, 600, 700, 800, 900]
[test.py] Running baseline experiment
    [exp] Running (pre_run: False) workload boutique/mix request with the following configuration: {'CLIENT_CPU_QUOTA': '4', 'SLOWPOKE_POKER_BATCH_THRESHOLD': '20000000', 'SLOWPOKE_PROCESSING_MICROS_CART': '1000', 'SLOWPOKE_PROCESSING_MICROS_CHECKOUT': '0', 'SLOWPOKE_PROCESSING_MICROS_CURRENCY': '0', 'SLOWPOKE_PROCESSING_MICROS_EMAIL': '0', 'SLOWPOKE_PROCESSING_MICROS_FRONTEND': '0', 'SLOWPOKE_PROCESSING_MICROS_PAYMENT': '0', 'SLOWPOKE_PROCESSING_MICROS_PRODUCT_CATALOG': '0', 'SLOWPOKE_PROCESSING_MICROS_RECOMMENDATIONS': '0', 'SLOWPOKE_PROCESSING_MICROS_SHIPPING': '0', 'SLOWPOKE_DELAY_MICROS_CART': '0.0', 'SLOWPOKE_POKER_BATCH_THRESHOLD_CART': '100', 'SLOWPOKE_IS_TARGET_SERVICE_CART': 'true', 'SLOWPOKE_DELAY_MICROS_CHECKOUT': '0.0', 'SLOWPOKE_POKER_BATCH_THRESHOLD_CHECKOUT': '100', 'SLOWPOKE_IS_TARGET_SERVICE_CHECKOUT': 'false', 'SLOWPOKE_DELAY_MICROS_CURRENCY': '0.0', 'SLOWPOKE_POKER_BATCH_THRESHOLD_CURRENCY': '100', 'SLOWPOKE_IS_TARGET_SERVICE_CURRENCY': 'false', 'SLOWPOKE_DELAY_MICROS_EMAIL': '0.0', 'SLOWPOKE_POKER_BATCH_THRESHOLD_EMAIL': '100', 'SLOWPOKE_IS_TARGET_SERVICE_EMAIL': 'false', 'SLOWPOKE_DELAY_MICROS_FRONTEND': '0.0', 'SLOWPOKE_POKER_BATCH_THRESHOLD_FRONTEND': '100', 'SLOWPOKE_IS_TARGET_SERVICE_FRONTEND': 'false', 'SLOWPOKE_DELAY_MICROS_PAYMENT': '0.0', 'SLOWPOKE_POKER_BATCH_THRESHOLD_PAYMENT': '100', 'SLOWPOKE_IS_TARGET_SERVICE_PAYMENT': 'false', 'SLOWPOKE_DELAY_MICROS_PRODUCT_CATALOG': '0.0', 'SLOWPOKE_POKER_BATCH_THRESHOLD_PRODUCT_CATALOG': '100', 'SLOWPOKE_IS_TARGET_SERVICE_PRODUCT_CATALOG': 'false', 'SLOWPOKE_DELAY_MICROS_RECOMMENDATIONS': '0.0', 'SLOWPOKE_POKER_BATCH_THRESHOLD_RECOMMENDATIONS': '100', 'SLOWPOKE_IS_TARGET_SERVICE_RECOMMENDATIONS': 'false', 'SLOWPOKE_DELAY_MICROS_SHIPPING': '0.0', 'SLOWPOKE_POKER_BATCH_THRESHOLD_SHIPPING': '100', 'SLOWPOKE_IS_TARGET_SERVICE_SHIPPING': 'false'}
    [exp] Executing cmd `bash run.sh boutique mix 8 512 20000`:
        [run.sh] Running benchmark boutique with request mix, thread 8, conn 512, duration 60
        [run.sh] Deleting all services
        service "cart" deleted
        deployment.apps "cart" deleted
        service "checkout" deleted
        deployment.apps "checkout" deleted
        service "currency" deleted
        deployment.apps "currency" deleted
        service "email" deleted
        deployment.apps "email" deleted
        service "frontend" deleted
        deployment.apps "frontend" deleted
        service "payment" deleted
        deployment.apps "payment" deleted
        service "productcatalog" deleted
        deployment.apps "productcatalog" deleted
        service "recommendations" deleted
        deployment.apps "recommendations" deleted
        service "shipping" deleted
        deployment.apps "shipping" deleted
        deployment.apps "ubuntu-client" deleted
        [run.sh] Waiting for all pods to be deleted
        [run.sh] Deploying all services
        service/cart created
        deployment.apps/cart created
        service/checkout created
        deployment.apps/checkout created
        service/currency created
        deployment.apps/currency created
        service/email created
        deployment.apps/email created
        service/frontend created
        deployment.apps/frontend created
        service/payment created
        deployment.apps/payment created
        service/productcatalog created
        deployment.apps/productcatalog created
        service/recommendations created
        deployment.apps/recommendations created
        service/shipping created
        deployment.apps/shipping created
        [run.sh] Client pod not found, deploying client
        deployment.apps/ubuntu-client created
        [run.sh] Waiting for all pods to be running
        [run.sh] All pods are running
        [run.sh] Checking heartbeat for all services
        [run.sh] All pods can connect to all services
        [run.sh] No population needed for boutique
        [run.sh] Running warmup test
        [run.sh] /wrk/wrk -t8 -c512 --timeout 3s -d3s -L -s /wrk/scripts/online-boutique/mix.lua http://frontend:80
        Running 3s test @ http://frontend:80
        8 threads and 512 connections
        Thread Stats   Avg      Stdev     Max   +/- Stdev
        Latency   142.83ms  149.45ms   1.05s    80.21%
        Req/Sec   525.40    203.49     1.05k    65.29%
        Latency Distribution
        50%  131.83ms
        75%  257.10ms
        90%  358.26ms
        99%  498.78ms
        12661 requests in 3.09s, 7.75MB read
        Requests/sec:   4095.63
        Transfer/sec:      2.51MB
        [run.sh] Speed is 4095.63, duration is 7
        [run.sh] Fix the request number.
        [run.sh] Running the actual test
        [run.sh] /wrk/wrk --timeout 20s -t8 -c512 -d7s -L -s /wrk/scripts/online-boutique/mix.lua http://frontend:80
        Running 7s test @ http://frontend:80
        8 threads and 512 connections
        Thread Stats   Avg      Stdev     Max   +/- Stdev
        Latency   128.60ms  150.32ms 662.49ms   74.71%
        Req/Sec   519.84    182.29     1.14k    71.02%
        Latency Distribution
        50%   17.83ms
        75%  281.42ms
        90%  351.21ms
        99%  445.80ms
        20000 requests in 7.00s, 12.02MB read
        Requests/sec:   2857.07
        Transfer/sec:      1.72MB
        ------------------------------
        stop time: 4.734863
        stop time: 4.759907
        stop time: 4.812462
        stop time: 4.827259
        stop time: 4.858375
        stop time: 4.919202
        stop time: 4.910212
        stop time: 4.905743
        [run.sh] Checking the resource usage
        [run.sh] Test finished with status 0
        > STDERR
        > No resources found in default namespace.
        > error: metrics not available yet
    [exp] Times: [4.734863, 4.759907, 4.812462, 4.827259, 4.858375, 4.919202, 4.910212, 4.905743]
    [exp] Throughput: 4131.375360936963
[test.py] Baseline throughput: 4131.375360936963
[test.py] Running 0th optmization experiment
[test.py] Running 0th groundtruth exp
    [exp] Running (pre_run: False) workload boutique/mix request with the following configuration: {'CLIENT_CPU_QUOTA': '4', 'SLOWPOKE_POKER_BATCH_THRESHOLD': '20000000', 'SLOWPOKE_PROCESSING_MICROS_CART': '0', 'SLOWPOKE_PROCESSING_MICROS_CHECKOUT': '0', 'SLOWPOKE_PROCESSING_MICROS_CURRENCY': '0', 'SLOWPOKE_PROCESSING_MICROS_EMAIL': '0', 'SLOWPOKE_PROCESSING_MICROS_FRONTEND': '0', 'SLOWPOKE_PROCESSING_MICROS_PAYMENT': '0', 'SLOWPOKE_PROCESSING_MICROS_PRODUCT_CATALOG': '0', 'SLOWPOKE_PROCESSING_MICROS_RECOMMENDATIONS': '0', 'SLOWPOKE_PROCESSING_MICROS_SHIPPING': '0', 'SLOWPOKE_DELAY_MICROS_CART': '0.0', 'SLOWPOKE_POKER_BATCH_THRESHOLD_CART': '100', 'SLOWPOKE_IS_TARGET_SERVICE_CART': 'true', 'SLOWPOKE_DELAY_MICROS_CHECKOUT': '0.0', 'SLOWPOKE_POKER_BATCH_THRESHOLD_CHECKOUT': '100', 'SLOWPOKE_IS_TARGET_SERVICE_CHECKOUT': 'false', 'SLOWPOKE_DELAY_MICROS_CURRENCY': '0.0', 'SLOWPOKE_POKER_BATCH_THRESHOLD_CURRENCY': '100', 'SLOWPOKE_IS_TARGET_SERVICE_CURRENCY': 'false', 'SLOWPOKE_DELAY_MICROS_EMAIL': '0.0', 'SLOWPOKE_POKER_BATCH_THRESHOLD_EMAIL': '100', 'SLOWPOKE_IS_TARGET_SERVICE_EMAIL': 'false', 'SLOWPOKE_DELAY_MICROS_FRONTEND': '0.0', 'SLOWPOKE_POKER_BATCH_THRESHOLD_FRONTEND': '100', 'SLOWPOKE_IS_TARGET_SERVICE_FRONTEND': 'false', 'SLOWPOKE_DELAY_MICROS_PAYMENT': '0.0', 'SLOWPOKE_POKER_BATCH_THRESHOLD_PAYMENT': '100', 'SLOWPOKE_IS_TARGET_SERVICE_PAYMENT': 'false', 'SLOWPOKE_DELAY_MICROS_PRODUCT_CATALOG': '0.0', 'SLOWPOKE_POKER_BATCH_THRESHOLD_PRODUCT_CATALOG': '100', 'SLOWPOKE_IS_TARGET_SERVICE_PRODUCT_CATALOG': 'false', 'SLOWPOKE_DELAY_MICROS_RECOMMENDATIONS': '0.0', 'SLOWPOKE_POKER_BATCH_THRESHOLD_RECOMMENDATIONS': '100', 'SLOWPOKE_IS_TARGET_SERVICE_RECOMMENDATIONS': 'false', 'SLOWPOKE_DELAY_MICROS_SHIPPING': '0.0', 'SLOWPOKE_POKER_BATCH_THRESHOLD_SHIPPING': '100', 'SLOWPOKE_IS_TARGET_SERVICE_SHIPPING': 'false'}
    [exp] Executing cmd `bash run.sh boutique mix 8 512 20000`:
        [run.sh] Running benchmark boutique with request mix, thread 8, conn 512, duration 60
        [run.sh] Deleting all services
        service "cart" deleted
        deployment.apps "cart" deleted
        service "checkout" deleted
        deployment.apps "checkout" deleted
        service "currency" deleted
        deployment.apps "currency" deleted
        service "email" deleted
        deployment.apps "email" deleted
        service "frontend" deleted
        deployment.apps "frontend" deleted
        service "payment" deleted
        deployment.apps "payment" deleted
        service "productcatalog" deleted
        deployment.apps "productcatalog" deleted
        service "recommendations" deleted
        deployment.apps "recommendations" deleted
        service "shipping" deleted
        deployment.apps "shipping" deleted
        deployment.apps "ubuntu-client" deleted
        [run.sh] Waiting for all pods to be deleted
        [run.sh] Deploying all services
        service/cart created
        deployment.apps/cart created
        service/checkout created
        deployment.apps/checkout created
        service/currency created
        deployment.apps/currency created
        service/email created
        deployment.apps/email created
        service/frontend created
        deployment.apps/frontend created
        service/payment created
        deployment.apps/payment created
        service/productcatalog created
        deployment.apps/productcatalog created
        service/recommendations created
        deployment.apps/recommendations created
        service/shipping created
        deployment.apps/shipping created
        [run.sh] Client pod not found, deploying client
        deployment.apps/ubuntu-client created
        [run.sh] Waiting for all pods to be running
        [run.sh] All pods are running
        [run.sh] Checking heartbeat for all services
        [run.sh] All pods can connect to all services
        [run.sh] No population needed for boutique
        [run.sh] Running warmup test
        [run.sh] /wrk/wrk -t8 -c512 --timeout 3s -d3s -L -s /wrk/scripts/online-boutique/mix.lua http://frontend:80
        Running 3s test @ http://frontend:80
        8 threads and 512 connections
        Thread Stats   Avg      Stdev     Max   +/- Stdev
        Latency    83.63ms   53.37ms 416.29ms   71.69%
        Req/Sec   788.62    230.26     2.39k    79.75%
        Latency Distribution
        50%   78.00ms
        75%  109.69ms
        90%  149.02ms
        99%  251.93ms
        19003 requests in 3.10s, 11.44MB read
        Requests/sec:   6129.16
        Transfer/sec:      3.69MB
        [run.sh] Speed is 6129.16, duration is 4
        [run.sh] Fix the request number.
        [run.sh] Running the actual test
        [run.sh] /wrk/wrk --timeout 20s -t8 -c512 -d4s -L -s /wrk/scripts/online-boutique/mix.lua http://frontend:80
        Running 4s test @ http://frontend:80
        8 threads and 512 connections
        Thread Stats   Avg      Stdev     Max   +/- Stdev
        Latency    78.65ms   53.89ms 421.42ms   72.18%
        Req/Sec   821.31    184.86     1.35k    69.87%
        Latency Distribution
        50%   69.35ms
        75%  106.78ms
        90%  147.70ms
        99%  256.27ms
        20000 requests in 4.00s, 12.09MB read
        Requests/sec:   4999.84
        Transfer/sec:      3.02MB
        ------------------------------
        stop time: 2.962734
        stop time: 3.032463
        stop time: 3.085569
        stop time: 3.068881
        stop time: 3.050410
        stop time: 3.085756
        stop time: 3.083455
        stop time: 3.067878
        [run.sh] Checking the resource usage
        NAME                               CPU(cores)   MEMORY(bytes)
        cart-5947c4cd69-865tr              66m          13Mi
        checkout-58c6fb676d-n6vxw          118m         14Mi
        currency-5c7fbff5fb-l7zmj          75m          12Mi
        email-7d67946c6c-r9s7h             0m           3Mi
        frontend-556fd4f99f-62nbh          437m         53Mi
        payment-7f5bbf99bc-c59zp           18m          8Mi
        productcatalog-6cf98c84c5-6jn4b    156m         12Mi
        recommendations-78b4589544-bgj48   0m           3Mi
        shipping-989fb8686-vjnxg           29m          8Mi
        ubuntu-client-76886f6bbd-kg52l     77m          0Mi
        [run.sh] Test finished with status 0
        > STDERR
        > No resources found in default namespace.
    [exp] Times: [2.962734, 3.032463, 3.085569, 3.068881, 3.05041, 3.085756, 3.083455, 3.067878]
    [exp] Throughput: 6547.409423342643
[test.py] Running 0th slowdown exp
    [exp] Running (pre_run: False) workload boutique/mix request with the following configuration: {'CLIENT_CPU_QUOTA': '4', 'SLOWPOKE_POKER_BATCH_THRESHOLD': '20000000', 'SLOWPOKE_PROCESSING_MICROS_CART': '1000', 'SLOWPOKE_PROCESSING_MICROS_CHECKOUT': '0', 'SLOWPOKE_PROCESSING_MICROS_CURRENCY': '0', 'SLOWPOKE_PROCESSING_MICROS_EMAIL': '0', 'SLOWPOKE_PROCESSING_MICROS_FRONTEND': '0', 'SLOWPOKE_PROCESSING_MICROS_PAYMENT': '0', 'SLOWPOKE_PROCESSING_MICROS_PRODUCT_CATALOG': '0', 'SLOWPOKE_PROCESSING_MICROS_RECOMMENDATIONS': '0', 'SLOWPOKE_PROCESSING_MICROS_SHIPPING': '0', 'SLOWPOKE_DELAY_MICROS_CART': '0.0', 'SLOWPOKE_POKER_BATCH_THRESHOLD_CART': '100', 'SLOWPOKE_IS_TARGET_SERVICE_CART': 'true', 'SLOWPOKE_DELAY_MICROS_CHECKOUT': '4423.5', 'SLOWPOKE_POKER_BATCH_THRESHOLD_CHECKOUT': '100', 'SLOWPOKE_IS_TARGET_SERVICE_CHECKOUT': 'false', 'SLOWPOKE_DELAY_MICROS_CURRENCY': '869.5', 'SLOWPOKE_POKER_BATCH_THRESHOLD_CURRENCY': '100', 'SLOWPOKE_IS_TARGET_SERVICE_CURRENCY': 'false', 'SLOWPOKE_DELAY_MICROS_EMAIL': '0.0', 'SLOWPOKE_POKER_BATCH_THRESHOLD_EMAIL': '100', 'SLOWPOKE_IS_TARGET_SERVICE_EMAIL': 'false', 'SLOWPOKE_DELAY_MICROS_FRONTEND': '225.5', 'SLOWPOKE_POKER_BATCH_THRESHOLD_FRONTEND': '100', 'SLOWPOKE_IS_TARGET_SERVICE_FRONTEND': 'false', 'SLOWPOKE_DELAY_MICROS_PAYMENT': '4423.5', 'SLOWPOKE_POKER_BATCH_THRESHOLD_PAYMENT': '100', 'SLOWPOKE_IS_TARGET_SERVICE_PAYMENT': 'false', 'SLOWPOKE_DELAY_MICROS_PRODUCT_CATALOG': '370.5', 'SLOWPOKE_POKER_BATCH_THRESHOLD_PRODUCT_CATALOG': '100', 'SLOWPOKE_IS_TARGET_SERVICE_PRODUCT_CATALOG': 'false', 'SLOWPOKE_DELAY_MICROS_RECOMMENDATIONS': '0.0', 'SLOWPOKE_POKER_BATCH_THRESHOLD_RECOMMENDATIONS': '100', 'SLOWPOKE_IS_TARGET_SERVICE_RECOMMENDATIONS': 'false', 'SLOWPOKE_DELAY_MICROS_SHIPPING': '2211.5', 'SLOWPOKE_POKER_BATCH_THRESHOLD_SHIPPING': '100', 'SLOWPOKE_IS_TARGET_SERVICE_SHIPPING': 'false'}
    [exp] Executing cmd `bash run.sh boutique mix 8 512 20000`:
        [run.sh] Running benchmark boutique with request mix, thread 8, conn 512, duration 60
        [run.sh] Deleting all services
        service "cart" deleted
        deployment.apps "cart" deleted
        service "checkout" deleted
        deployment.apps "checkout" deleted
        service "currency" deleted
        deployment.apps "currency" deleted
        service "email" deleted
        deployment.apps "email" deleted
        service "frontend" deleted
        deployment.apps "frontend" deleted
        service "payment" deleted
        deployment.apps "payment" deleted
        service "productcatalog" deleted
        deployment.apps "productcatalog" deleted
        service "recommendations" deleted
        deployment.apps "recommendations" deleted
        service "shipping" deleted
        deployment.apps "shipping" deleted
        deployment.apps "ubuntu-client" deleted
        [run.sh] Waiting for all pods to be deleted
        [run.sh] Deploying all services
        service/cart created
        deployment.apps/cart created
        service/checkout created
        deployment.apps/checkout created
        service/currency created
        deployment.apps/currency created
        service/email created
        deployment.apps/email created
        service/frontend created
        deployment.apps/frontend created
        service/payment created
        deployment.apps/payment created
        service/productcatalog created
        deployment.apps/productcatalog created
        service/recommendations created
        deployment.apps/recommendations created
        service/shipping created
        deployment.apps/shipping created
        [run.sh] Client pod not found, deploying client
        deployment.apps/ubuntu-client created
        [run.sh] Waiting for all pods to be running
        [run.sh] All pods are running
        [run.sh] Checking heartbeat for all services
        [run.sh] All pods can connect to all services
        [run.sh] No population needed for boutique
        [run.sh] Running warmup test
        [run.sh] /wrk/wrk -t8 -c512 --timeout 3s -d3s -L -s /wrk/scripts/online-boutique/mix.lua http://frontend:80
        Running 3s test @ http://frontend:80
        8 threads and 512 connections
        Thread Stats   Avg      Stdev     Max   +/- Stdev
        Latency   199.30ms  150.04ms 838.91ms   64.14%
        Req/Sec   335.92    196.40     0.92k    64.60%
        Latency Distribution
        50%  174.38ms
        75%  294.98ms
        90%  400.49ms
        99%  641.26ms
        7969 requests in 3.10s, 4.88MB read
        Requests/sec:   2570.36
        Transfer/sec:      1.57MB
        [run.sh] Speed is 2570.36, duration is 11
        [run.sh] Fix the request number.
        [run.sh] Running the actual test
        [run.sh] /wrk/wrk --timeout 20s -t8 -c512 -d11s -L -s /wrk/scripts/online-boutique/mix.lua http://frontend:80
        Running 11s test @ http://frontend:80
        8 threads and 512 connections
        Thread Stats   Avg      Stdev     Max   +/- Stdev
        Latency   195.72ms  143.52ms   1.51s    71.67%
        Req/Sec   337.83    182.47     0.85k    65.49%
        Latency Distribution
        50%  172.42ms
        75%  268.27ms
        90%  361.98ms
        99%  667.12ms
        20000 requests in 11.00s, 12.06MB read
        Requests/sec:   1818.16
        Transfer/sec:      1.10MB
        ------------------------------
        stop time: 7.500251
        stop time: 7.506970
        stop time: 7.657867
        stop time: 7.501404
        stop time: 7.454190
        stop time: 7.643515
        stop time: 7.655452
        stop time: 7.653750
        [run.sh] Checking the resource usage
        NAME                               CPU(cores)   MEMORY(bytes)
        cart-74784d9648-mxddv              0m           20Mi
        checkout-8564576b7b-zb9m9          0m           19Mi
        currency-5dc754ddf4-l6kxr          0m           14Mi
        email-7d67946c6c-dvc8z             0m           3Mi
        frontend-cb87b575f-fxvlp           2m           56Mi
        payment-7f69df5ffc-jq4xg           1m           9Mi
        productcatalog-767dd75d94-b6rbz    33m          14Mi
        recommendations-78b4589544-zj9jr   0m           3Mi
        shipping-bd65876bf-f6szf           7m           12Mi
        ubuntu-client-76886f6bbd-mh8ds     13m          0Mi
        [run.sh] Test finished with status 0
        > STDERR
        > No resources found in default namespace.
    [exp] Times: [7.500251, 7.50697, 7.657867, 7.501404, 7.45419, 7.643515, 7.655452, 7.65375]
    [exp] Throughput: 2641.423506711254
[test.py] Finished running 0th optmization experiment: groundtruth->6547.409423342643, slowdown->2641.423506711254, predicted->6548.500537157602, err->0.016664817249225024
[test.py] Running 1th optmization experiment
[test.py] Running 1th groundtruth exp
    [exp] Running (pre_run: False) workload boutique/mix request with the following configuration: {'CLIENT_CPU_QUOTA': '4', 'SLOWPOKE_POKER_BATCH_THRESHOLD': '20000000', 'SLOWPOKE_PROCESSING_MICROS_CART': '100', 'SLOWPOKE_PROCESSING_MICROS_CHECKOUT': '0', 'SLOWPOKE_PROCESSING_MICROS_CURRENCY': '0', 'SLOWPOKE_PROCESSING_MICROS_EMAIL': '0', 'SLOWPOKE_PROCESSING_MICROS_FRONTEND': '0', 'SLOWPOKE_PROCESSING_MICROS_PAYMENT': '0', 'SLOWPOKE_PROCESSING_MICROS_PRODUCT_CATALOG': '0', 'SLOWPOKE_PROCESSING_MICROS_RECOMMENDATIONS': '0', 'SLOWPOKE_PROCESSING_MICROS_SHIPPING': '0', 'SLOWPOKE_DELAY_MICROS_CART': '0.0', 'SLOWPOKE_POKER_BATCH_THRESHOLD_CART': '100', 'SLOWPOKE_IS_TARGET_SERVICE_CART': 'true', 'SLOWPOKE_DELAY_MICROS_CHECKOUT': '0.0', 'SLOWPOKE_POKER_BATCH_THRESHOLD_CHECKOUT': '100', 'SLOWPOKE_IS_TARGET_SERVICE_CHECKOUT': 'false', 'SLOWPOKE_DELAY_MICROS_CURRENCY': '0.0', 'SLOWPOKE_POKER_BATCH_THRESHOLD_CURRENCY': '100', 'SLOWPOKE_IS_TARGET_SERVICE_CURRENCY': 'false', 'SLOWPOKE_DELAY_MICROS_EMAIL': '0.0', 'SLOWPOKE_POKER_BATCH_THRESHOLD_EMAIL': '100', 'SLOWPOKE_IS_TARGET_SERVICE_EMAIL': 'false', 'SLOWPOKE_DELAY_MICROS_FRONTEND': '0.0', 'SLOWPOKE_POKER_BATCH_THRESHOLD_FRONTEND': '100', 'SLOWPOKE_IS_TARGET_SERVICE_FRONTEND': 'false', 'SLOWPOKE_DELAY_MICROS_PAYMENT': '0.0', 'SLOWPOKE_POKER_BATCH_THRESHOLD_PAYMENT': '100', 'SLOWPOKE_IS_TARGET_SERVICE_PAYMENT': 'false', 'SLOWPOKE_DELAY_MICROS_PRODUCT_CATALOG': '0.0', 'SLOWPOKE_POKER_BATCH_THRESHOLD_PRODUCT_CATALOG': '100', 'SLOWPOKE_IS_TARGET_SERVICE_PRODUCT_CATALOG': 'false', 'SLOWPOKE_DELAY_MICROS_RECOMMENDATIONS': '0.0', 'SLOWPOKE_POKER_BATCH_THRESHOLD_RECOMMENDATIONS': '100', 'SLOWPOKE_IS_TARGET_SERVICE_RECOMMENDATIONS': 'false', 'SLOWPOKE_DELAY_MICROS_SHIPPING': '0.0', 'SLOWPOKE_POKER_BATCH_THRESHOLD_SHIPPING': '100', 'SLOWPOKE_IS_TARGET_SERVICE_SHIPPING': 'false'}
    [exp] Executing cmd `bash run.sh boutique mix 8 512 20000`:
        [run.sh] Running benchmark boutique with request mix, thread 8, conn 512, duration 60
        [run.sh] Deleting all services
        service "cart" deleted
        deployment.apps "cart" deleted
        service "checkout" deleted
        deployment.apps "checkout" deleted
        service "currency" deleted
        deployment.apps "currency" deleted
        service "email" deleted
        deployment.apps "email" deleted
        service "frontend" deleted
        deployment.apps "frontend" deleted
        service "payment" deleted
        deployment.apps "payment" deleted
        service "productcatalog" deleted
        deployment.apps "productcatalog" deleted
        service "recommendations" deleted
        deployment.apps "recommendations" deleted
        service "shipping" deleted
        deployment.apps "shipping" deleted
        deployment.apps "ubuntu-client" deleted
        [run.sh] Waiting for all pods to be deleted
        [run.sh] Deploying all services
        service/cart created
        deployment.apps/cart created
        service/checkout created
        deployment.apps/checkout created
        service/currency created
        deployment.apps/currency created
        service/email created
        deployment.apps/email created
        service/frontend created
        deployment.apps/frontend created
        service/payment created
        deployment.apps/payment created
        service/productcatalog created
        deployment.apps/productcatalog created
        service/recommendations created
        deployment.apps/recommendations created
        service/shipping created
        deployment.apps/shipping created
        [run.sh] Client pod not found, deploying client
        deployment.apps/ubuntu-client created
        [run.sh] Waiting for all pods to be running
        [run.sh] All pods are running
        [run.sh] Checking heartbeat for all services
        [run.sh] All pods can connect to all services
        [run.sh] No population needed for boutique
        [run.sh] Running warmup test
        [run.sh] /wrk/wrk -t8 -c512 --timeout 3s -d3s -L -s /wrk/scripts/online-boutique/mix.lua http://frontend:80
        Running 3s test @ http://frontend:80
        8 threads and 512 connections
        Thread Stats   Avg      Stdev     Max   +/- Stdev
        Latency    82.35ms   54.36ms 465.62ms   71.34%
        Req/Sec   804.58    210.97     1.20k    67.08%
        Latency Distribution
        50%   76.31ms
        75%  108.14ms
        90%  150.05ms
        99%  260.99ms
        19225 requests in 3.02s, 11.50MB read
        Requests/sec:   6374.05
        Transfer/sec:      3.81MB
        [run.sh] Speed is 6374.05, duration is 4
        [run.sh] Fix the request number.
        [run.sh] Running the actual test
        [run.sh] /wrk/wrk --timeout 20s -t8 -c512 -d4s -L -s /wrk/scripts/online-boutique/mix.lua http://frontend:80
        Running 4s test @ http://frontend:80
        8 threads and 512 connections
        Thread Stats   Avg      Stdev     Max   +/- Stdev
        Latency    78.82ms   48.65ms 467.75ms   71.51%
        Req/Sec   816.26    135.44     1.25k    73.66%
        Latency Distribution
        50%   73.56ms
        75%  104.58ms
        90%  138.43ms
        99%  238.84ms
        20000 requests in 4.00s, 12.06MB read
        Requests/sec:   4999.86
        Transfer/sec:      3.02MB
        ------------------------------
        stop time: 3.022856
        stop time: 3.065565
        stop time: 3.055551
        stop time: 3.078718
        stop time: 3.137305
        stop time: 3.069255
        stop time: 3.122720
        stop time: 3.123687
        [run.sh] Checking the resource usage
        [run.sh] Test finished with status 0
        > STDERR
        > No resources found in default namespace.
        > error: metrics not available yet
    [exp] Times: [3.022856, 3.065565, 3.055551, 3.078718, 3.137305, 3.069255, 3.12272, 3.123687]
    [exp] Throughput: 6484.1231988270865
[test.py] Running 1th slowdown exp
    [exp] Running (pre_run: False) workload boutique/mix request with the following configuration: {'CLIENT_CPU_QUOTA': '4', 'SLOWPOKE_POKER_BATCH_THRESHOLD': '20000000', 'SLOWPOKE_PROCESSING_MICROS_CART': '1000', 'SLOWPOKE_PROCESSING_MICROS_CHECKOUT': '0', 'SLOWPOKE_PROCESSING_MICROS_CURRENCY': '0', 'SLOWPOKE_PROCESSING_MICROS_EMAIL': '0', 'SLOWPOKE_PROCESSING_MICROS_FRONTEND': '0', 'SLOWPOKE_PROCESSING_MICROS_PAYMENT': '0', 'SLOWPOKE_PROCESSING_MICROS_PRODUCT_CATALOG': '0', 'SLOWPOKE_PROCESSING_MICROS_RECOMMENDATIONS': '0', 'SLOWPOKE_PROCESSING_MICROS_SHIPPING': '0', 'SLOWPOKE_DELAY_MICROS_CART': '0.0', 'SLOWPOKE_POKER_BATCH_THRESHOLD_CART': '100', 'SLOWPOKE_IS_TARGET_SERVICE_CART': 'true', 'SLOWPOKE_DELAY_MICROS_CHECKOUT': '3981.0', 'SLOWPOKE_POKER_BATCH_THRESHOLD_CHECKOUT': '100', 'SLOWPOKE_IS_TARGET_SERVICE_CHECKOUT': 'false', 'SLOWPOKE_DELAY_MICROS_CURRENCY': '782.5', 'SLOWPOKE_POKER_BATCH_THRESHOLD_CURRENCY': '100', 'SLOWPOKE_IS_TARGET_SERVICE_CURRENCY': 'false', 'SLOWPOKE_DELAY_MICROS_EMAIL': '0.0', 'SLOWPOKE_POKER_BATCH_THRESHOLD_EMAIL': '100', 'SLOWPOKE_IS_TARGET_SERVICE_EMAIL': 'false', 'SLOWPOKE_DELAY_MICROS_FRONTEND': '203.0', 'SLOWPOKE_POKER_BATCH_THRESHOLD_FRONTEND': '100', 'SLOWPOKE_IS_TARGET_SERVICE_FRONTEND': 'false', 'SLOWPOKE_DELAY_MICROS_PAYMENT': '3981.0', 'SLOWPOKE_POKER_BATCH_THRESHOLD_PAYMENT': '100', 'SLOWPOKE_IS_TARGET_SERVICE_PAYMENT': 'false', 'SLOWPOKE_DELAY_MICROS_PRODUCT_CATALOG': '333.5', 'SLOWPOKE_POKER_BATCH_THRESHOLD_PRODUCT_CATALOG': '100', 'SLOWPOKE_IS_TARGET_SERVICE_PRODUCT_CATALOG': 'false', 'SLOWPOKE_DELAY_MICROS_RECOMMENDATIONS': '0.0', 'SLOWPOKE_POKER_BATCH_THRESHOLD_RECOMMENDATIONS': '100', 'SLOWPOKE_IS_TARGET_SERVICE_RECOMMENDATIONS': 'false', 'SLOWPOKE_DELAY_MICROS_SHIPPING': '1990.5', 'SLOWPOKE_POKER_BATCH_THRESHOLD_SHIPPING': '100', 'SLOWPOKE_IS_TARGET_SERVICE_SHIPPING': 'false'}
    [exp] Executing cmd `bash run.sh boutique mix 8 512 20000`:
        [run.sh] Running benchmark boutique with request mix, thread 8, conn 512, duration 60
        [run.sh] Deleting all services
        service "cart" deleted
        deployment.apps "cart" deleted
        service "checkout" deleted
        deployment.apps "checkout" deleted
        service "currency" deleted
        deployment.apps "currency" deleted
        service "email" deleted
        deployment.apps "email" deleted
        service "frontend" deleted
        deployment.apps "frontend" deleted
        service "payment" deleted
        deployment.apps "payment" deleted
        service "productcatalog" deleted
        deployment.apps "productcatalog" deleted
        service "recommendations" deleted
        deployment.apps "recommendations" deleted
        service "shipping" deleted
        deployment.apps "shipping" deleted
        deployment.apps "ubuntu-client" deleted
        [run.sh] Waiting for all pods to be deleted
        [run.sh] Deploying all services
        service/cart created
        deployment.apps/cart created
        service/checkout created
        deployment.apps/checkout created
        service/currency created
        deployment.apps/currency created
        service/email created
        deployment.apps/email created
        service/frontend created
        deployment.apps/frontend created
        service/payment created
        deployment.apps/payment created
        service/productcatalog created
        deployment.apps/productcatalog created
        service/recommendations created
        deployment.apps/recommendations created
        service/shipping created
        deployment.apps/shipping created
        [run.sh] Client pod not found, deploying client
        deployment.apps/ubuntu-client created
        [run.sh] Waiting for all pods to be running
        [run.sh] All pods are running
        [run.sh] Checking heartbeat for all services
        [run.sh] All pods can connect to all services
        [run.sh] No population needed for boutique
        [run.sh] Running warmup test
        [run.sh] /wrk/wrk -t8 -c512 --timeout 3s -d3s -L -s /wrk/scripts/online-boutique/mix.lua http://frontend:80
        Running 3s test @ http://frontend:80
        8 threads and 512 connections
        Thread Stats   Avg      Stdev     Max   +/- Stdev
        Latency   193.41ms  144.60ms   1.14s    71.97%
        Req/Sec   348.00    167.28   710.00     61.84%
        Latency Distribution
        50%  160.44ms
        75%  260.74ms
        90%  391.49ms
        99%  685.12ms
        8125 requests in 3.10s, 4.99MB read
        Requests/sec:   2621.62
        Transfer/sec:      1.61MB
        [run.sh] Speed is 2621.62, duration is 11
        [run.sh] Fix the request number.
        [run.sh] Running the actual test
        [run.sh] /wrk/wrk --timeout 20s -t8 -c512 -d11s -L -s /wrk/scripts/online-boutique/mix.lua http://frontend:80
        Running 11s test @ http://frontend:80
        8 threads and 512 connections
        Thread Stats   Avg      Stdev     Max   +/- Stdev
        Latency   180.19ms  131.19ms 948.43ms   67.26%
        Req/Sec   358.80    190.67     0.91k    67.04%
        Latency Distribution
        50%  159.99ms
        75%  240.44ms
        90%  354.44ms
        99%  599.20ms
        20001 requests in 11.00s, 12.07MB read
        Requests/sec:   1818.25
        Transfer/sec:      1.10MB
        ------------------------------
        stop time: 6.948725
        stop time: 6.921256
        stop time: 6.936608
        stop time: 7.174604
        stop time: 7.088367
        stop time: 7.171778
        stop time: 7.135741
        stop time: 7.164494
        [run.sh] Checking the resource usage
        NAME                               CPU(cores)   MEMORY(bytes)
        cart-74784d9648-5fp9r              425m         16Mi
        checkout-8cf8d9cc9-bcq8p           15m          21Mi
        currency-66699f488d-g7fzl          3m           14Mi
        email-7d67946c6c-lmmjl             1m           3Mi
        frontend-79967bdc6-skrgh           276m         55Mi
        payment-7b489dc766-cfrhv           3m           7Mi
        productcatalog-78445c84dc-nlcmp    43m          14Mi
        recommendations-78b4589544-sfwfs   0m           3Mi
        shipping-674c58dbbd-zthq5          10m          8Mi
        ubuntu-client-76886f6bbd-z299z     22m          9Mi
        [run.sh] Test finished with status 0
        > STDERR
        > No resources found in default namespace.
    [exp] Times: [6.948725, 6.921256, 6.936608, 7.174604, 7.088367, 7.171778, 7.135741, 7.164494]
    [exp] Throughput: 2829.7762426949107
[test.py] Finished running 1th optmization experiment: groundtruth->6484.1231988270865, slowdown->2829.7762426949107, predicted->6662.424715967703, err->2.7498169247134268
[test.py] Running 2th optmization experiment
[test.py] Running 2th groundtruth exp
    [exp] Running (pre_run: False) workload boutique/mix request with the following configuration: {'CLIENT_CPU_QUOTA': '4', 'SLOWPOKE_POKER_BATCH_THRESHOLD': '20000000', 'SLOWPOKE_PROCESSING_MICROS_CART': '200', 'SLOWPOKE_PROCESSING_MICROS_CHECKOUT': '0', 'SLOWPOKE_PROCESSING_MICROS_CURRENCY': '0', 'SLOWPOKE_PROCESSING_MICROS_EMAIL': '0', 'SLOWPOKE_PROCESSING_MICROS_FRONTEND': '0', 'SLOWPOKE_PROCESSING_MICROS_PAYMENT': '0', 'SLOWPOKE_PROCESSING_MICROS_PRODUCT_CATALOG': '0', 'SLOWPOKE_PROCESSING_MICROS_RECOMMENDATIONS': '0', 'SLOWPOKE_PROCESSING_MICROS_SHIPPING': '0', 'SLOWPOKE_DELAY_MICROS_CART': '0.0', 'SLOWPOKE_POKER_BATCH_THRESHOLD_CART': '100', 'SLOWPOKE_IS_TARGET_SERVICE_CART': 'true', 'SLOWPOKE_DELAY_MICROS_CHECKOUT': '0.0', 'SLOWPOKE_POKER_BATCH_THRESHOLD_CHECKOUT': '100', 'SLOWPOKE_IS_TARGET_SERVICE_CHECKOUT': 'false', 'SLOWPOKE_DELAY_MICROS_CURRENCY': '0.0', 'SLOWPOKE_POKER_BATCH_THRESHOLD_CURRENCY': '100', 'SLOWPOKE_IS_TARGET_SERVICE_CURRENCY': 'false', 'SLOWPOKE_DELAY_MICROS_EMAIL': '0.0', 'SLOWPOKE_POKER_BATCH_THRESHOLD_EMAIL': '100', 'SLOWPOKE_IS_TARGET_SERVICE_EMAIL': 'false', 'SLOWPOKE_DELAY_MICROS_FRONTEND': '0.0', 'SLOWPOKE_POKER_BATCH_THRESHOLD_FRONTEND': '100', 'SLOWPOKE_IS_TARGET_SERVICE_FRONTEND': 'false', 'SLOWPOKE_DELAY_MICROS_PAYMENT': '0.0', 'SLOWPOKE_POKER_BATCH_THRESHOLD_PAYMENT': '100', 'SLOWPOKE_IS_TARGET_SERVICE_PAYMENT': 'false', 'SLOWPOKE_DELAY_MICROS_PRODUCT_CATALOG': '0.0', 'SLOWPOKE_POKER_BATCH_THRESHOLD_PRODUCT_CATALOG': '100', 'SLOWPOKE_IS_TARGET_SERVICE_PRODUCT_CATALOG': 'false', 'SLOWPOKE_DELAY_MICROS_RECOMMENDATIONS': '0.0', 'SLOWPOKE_POKER_BATCH_THRESHOLD_RECOMMENDATIONS': '100', 'SLOWPOKE_IS_TARGET_SERVICE_RECOMMENDATIONS': 'false', 'SLOWPOKE_DELAY_MICROS_SHIPPING': '0.0', 'SLOWPOKE_POKER_BATCH_THRESHOLD_SHIPPING': '100', 'SLOWPOKE_IS_TARGET_SERVICE_SHIPPING': 'false'}
    [exp] Executing cmd `bash run.sh boutique mix 8 512 20000`:
        [run.sh] Running benchmark boutique with request mix, thread 8, conn 512, duration 60
        [run.sh] Deleting all services
        service "cart" deleted
        deployment.apps "cart" deleted
        service "checkout" deleted
        deployment.apps "checkout" deleted
        service "currency" deleted
        deployment.apps "currency" deleted
        service "email" deleted
        deployment.apps "email" deleted
        service "frontend" deleted
        deployment.apps "frontend" deleted
        service "payment" deleted
        deployment.apps "payment" deleted
        service "productcatalog" deleted
        deployment.apps "productcatalog" deleted
        service "recommendations" deleted
        deployment.apps "recommendations" deleted
        service "shipping" deleted
        deployment.apps "shipping" deleted
        deployment.apps "ubuntu-client" deleted
        [run.sh] Waiting for all pods to be deleted
