[config.py] Random numbers for execution time: [386.33758138448223, 630.0371054585657, 749.3901128626006, 763.4512536815579, 862.3153336716528]
benchmark                        : synthetic
num_threads                      : 8
num_conns                        : 512
target_service                   : service2
request_type                     : dynamic-cycle-http-sync
repetitions                      : 1
target_num_exp                   : 2
pre_run                          : False
num_req                          : 40000
groundtruths                     : []
slowdowns                        : []
predicteds                       : []
errs                             : []
client_cpu_quota                 : 2
random_seed                      : 30622
request_ratio                    : {'service0': 1, 'service1': 1.34, 'service2': 0.34, 'service3': 0.5, 'service4': 0.5}
baseline_service_processing_time : {'service0': 1155.5, 'service1': 763.45, 'service2': 2953.48, 'service3': 1688.5, 'service4': 1035.38}
cpu_quota                        : {'service0': 2, 'service1': 2, 'service2': 2, 'service3': 2, 'service4': 2}
target_processing_time_range     : [0, 2953.48]
baseline_throughputs             : []
poker_batch                      : 20000000
[test.py] Starting experiment...
[test.py] >>>>>>>>>>>>>>>>>>>>>>>>>>>>> Running experiment 0...
[test.py] Actual processing time range: [0, 1476]
[test.py] Running baseline experiment
    [exp] Running (pre_run: False) workload synthetic/dynamic-cycle-http-sync request with the following configuration: {'CLIENT_CPU_QUOTA': '2', 'SLOWPOKE_POKER_BATCH_THRESHOLD': '20000000', 'PROCESSING_TIME_SERVICE0': '0.0011555', 'PROCESSING_TIME_SERVICE1': '0.00076345', 'PROCESSING_TIME_SERVICE2': '0.00295348', 'PROCESSING_TIME_SERVICE3': '0.0016885', 'PROCESSING_TIME_SERVICE4': '0.00103538', 'SLOWPOKE_DELAY_MICROS_SERVICE0': '0.0', 'SLOWPOKE_POKER_BATCH_THRESHOLD_SERVICE0': '10', 'SLOWPOKE_DELAY_MICROS_SERVICE1': '0.0', 'SLOWPOKE_POKER_BATCH_THRESHOLD_SERVICE1': '10', 'SLOWPOKE_DELAY_MICROS_SERVICE2': '0.0', 'SLOWPOKE_POKER_BATCH_THRESHOLD_SERVICE2': '10', 'SLOWPOKE_DELAY_MICROS_SERVICE3': '0.0', 'SLOWPOKE_POKER_BATCH_THRESHOLD_SERVICE3': '10', 'SLOWPOKE_DELAY_MICROS_SERVICE4': '0.0', 'SLOWPOKE_POKER_BATCH_THRESHOLD_SERVICE4': '10'}
    [exp] Executing cmd `bash run.sh synthetic dynamic-cycle-http-sync 8 512 40000`:
        [run.sh] Running benchmark synthetic with request dynamic-cycle-http-sync, thread 8, conn 512, duration 60
        [run.sh] Deleting all services
        configmap "config-service0" deleted
        deployment.apps "service0" deleted
        service "service0" deleted
        configmap "config-service1" deleted
        deployment.apps "service1" deleted
        service "service1" deleted
        configmap "config-service2" deleted
        deployment.apps "service2" deleted
        service "service2" deleted
        configmap "config-service3" deleted
        deployment.apps "service3" deleted
        service "service3" deleted
        configmap "config-service4" deleted
        deployment.apps "service4" deleted
        service "service4" deleted
        deployment.apps "ubuntu-client" deleted
        [run.sh] Waiting for all pods to be deleted
        [run.sh] Deploying all services
        configmap/config-service0 created
        deployment.apps/service0 created
        service/service0 created
        configmap/config-service1 created
        deployment.apps/service1 created
        service/service1 created
        configmap/config-service2 created
        deployment.apps/service2 created
        service/service2 created
        configmap/config-service3 created
        deployment.apps/service3 created
        service/service3 created
        configmap/config-service4 created
        deployment.apps/service4 created
        service/service4 created
        [run.sh] Client pod not found, deploying client
        deployment.apps/ubuntu-client created
        [run.sh] Waiting for all pods to be running
        [run.sh] All pods are running
        [run.sh] Checking heartbeat for all services
        [run.sh] All pods can connect to all services
        [run.sh] Running warmup test
        [run.sh] /wrk/wrk -t8 -c512 -d3s -L http://service0:80/endpoint1
        Running 3s test @ http://service0:80/endpoint1
        8 threads and 512 connections
        Thread Stats   Avg      Stdev     Max   +/- Stdev
        Latency   409.02ms  172.33ms   1.43s    85.57%
        Req/Sec   153.80     54.61   290.00     71.24%
        Latency Distribution
        50%  366.47ms
        75%  422.09ms
        90%  549.28ms
        99%    1.17s
        3583 requests in 3.03s, 2.03MB read
        Requests/sec:   1183.52
        Transfer/sec:    686.32KB
        [run.sh] Speed is 1183.52, duration is 67
        [run.sh] Fix the request number.
        [run.sh] Running the actual test
        [run.sh] /wrk/wrk --timeout 20s -t8 -c512 -d67s -L -s /wrk/fix_req_n.lua http://service0:80/endpoint1
        [run.sh] Checking the resource usage
        NAME                             CPU(cores)   MEMORY(bytes)
        service0-8cbfd77d6-fhjpl         1199m        48Mi
        service1-5c544b6b9c-6qtt7        1884m        23Mi
        service2-66888cb84d-l2bfr        1553m        14Mi
        service3-67b8d48975-tqnmb        865m         10Mi
        service4-dcdcc9fc4-565gj         276m         10Mi
        ubuntu-client-76886f6bbd-8tsq7   63m          14Mi
        Running 1m test @ http://service0:80/endpoint1
        8 threads and 512 connections
        Thread Stats   Avg      Stdev     Max   +/- Stdev
        Latency   378.74ms  107.92ms   1.92s    90.77%
        Req/Sec   170.21     45.02   636.00     74.02%
        Latency Distribution
        50%  367.81ms
        75%  403.99ms
        90%  449.13ms
        99%  726.94ms
        40000 requests in 1.12m, 22.63MB read
        Requests/sec:    597.01
        Transfer/sec:    345.90KB
        ------------------------------
        stop time: 28.870130
        stop time: 29.139479
        stop time: 29.675125
        stop time: 29.669706
        stop time: 29.905865
        stop time: 30.061942
        stop time: 30.154036
        stop time: 30.243185
        [run.sh] Test finished with status 0
        > STDERR
        > No resources found in default namespace.
    [exp] Times: [28.87013, 29.139479, 29.675125, 29.669706, 29.905865, 30.061942, 30.154036, 30.243185]
    [exp] Throughput: 1346.1244999925711
[test.py] Baseline throughput: 1346.1244999925711
[test.py] Running groundtruth experiment
    [exp] Running (pre_run: False) workload synthetic/dynamic-cycle-http-sync request with the following configuration: {'CLIENT_CPU_QUOTA': '2', 'SLOWPOKE_POKER_BATCH_THRESHOLD': '20000000', 'PROCESSING_TIME_SERVICE0': '0.0011555', 'PROCESSING_TIME_SERVICE1': '0.00076345', 'PROCESSING_TIME_SERVICE2': '0.0', 'PROCESSING_TIME_SERVICE3': '0.0016885', 'PROCESSING_TIME_SERVICE4': '0.00103538', 'SLOWPOKE_DELAY_MICROS_SERVICE0': '0.0', 'SLOWPOKE_POKER_BATCH_THRESHOLD_SERVICE0': '10', 'SLOWPOKE_DELAY_MICROS_SERVICE1': '0.0', 'SLOWPOKE_POKER_BATCH_THRESHOLD_SERVICE1': '10', 'SLOWPOKE_DELAY_MICROS_SERVICE2': '0.0', 'SLOWPOKE_POKER_BATCH_THRESHOLD_SERVICE2': '10', 'SLOWPOKE_DELAY_MICROS_SERVICE3': '0.0', 'SLOWPOKE_POKER_BATCH_THRESHOLD_SERVICE3': '10', 'SLOWPOKE_DELAY_MICROS_SERVICE4': '0.0', 'SLOWPOKE_POKER_BATCH_THRESHOLD_SERVICE4': '10'}
    [exp] Executing cmd `bash run.sh synthetic dynamic-cycle-http-sync 8 512 40000`:
        [run.sh] Running benchmark synthetic with request dynamic-cycle-http-sync, thread 8, conn 512, duration 60
        [run.sh] Deleting all services
        configmap "config-service0" deleted
        deployment.apps "service0" deleted
        service "service0" deleted
        configmap "config-service1" deleted
        deployment.apps "service1" deleted
        service "service1" deleted
        configmap "config-service2" deleted
        deployment.apps "service2" deleted
        service "service2" deleted
        configmap "config-service3" deleted
        deployment.apps "service3" deleted
        service "service3" deleted
        configmap "config-service4" deleted
        deployment.apps "service4" deleted
        service "service4" deleted
        deployment.apps "ubuntu-client" deleted
        [run.sh] Waiting for all pods to be deleted
        [run.sh] Deploying all services
        configmap/config-service0 created
        deployment.apps/service0 created
        service/service0 created
        configmap/config-service1 created
        deployment.apps/service1 created
        service/service1 created
        configmap/config-service2 created
        deployment.apps/service2 created
        service/service2 created
        configmap/config-service3 created
        deployment.apps/service3 created
        service/service3 created
        configmap/config-service4 created
        deployment.apps/service4 created
        service/service4 created
        [run.sh] Client pod not found, deploying client
        deployment.apps/ubuntu-client created
        [run.sh] Waiting for all pods to be running
        [run.sh] All pods are running
        [run.sh] Checking heartbeat for all services
        [run.sh] All pods can connect to all services
        [run.sh] Running warmup test
        [run.sh] /wrk/wrk -t8 -c512 -d3s -L http://service0:80/endpoint1
        Running 3s test @ http://service0:80/endpoint1
        8 threads and 512 connections
        Thread Stats   Avg      Stdev     Max   +/- Stdev
        Latency   414.25ms   93.59ms 896.62ms   83.64%
        Req/Sec   158.69     50.63   282.00     73.15%
        Latency Distribution
        50%  386.44ms
        75%  434.50ms
        90%  536.59ms
        99%  754.06ms
        3460 requests in 3.02s, 1.95MB read
        Requests/sec:   1143.88
        Transfer/sec:    660.78KB
        [run.sh] Speed is 1143.88, duration is 69
        [run.sh] Fix the request number.
        [run.sh] Running the actual test
        [run.sh] /wrk/wrk --timeout 20s -t8 -c512 -d69s -L -s /wrk/fix_req_n.lua http://service0:80/endpoint1
        [run.sh] Checking the resource usage
        NAME                             CPU(cores)   MEMORY(bytes)
        service0-8cbfd77d6-znnjb         367m         48Mi
        service1-5c544b6b9c-5jvgc        373m         21Mi
        service2-66888cb84d-g44xf        67m          11Mi
        service3-67b8d48975-g954k        325m         10Mi
        service4-dcdcc9fc4-48nv9         80m          10Mi
        ubuntu-client-76886f6bbd-fnh9j   29m          13Mi
        Running 1m test @ http://service0:80/endpoint1
        8 threads and 512 connections
        Thread Stats   Avg      Stdev     Max   +/- Stdev
        Latency   383.02ms   86.24ms   1.65s    90.16%
        Req/Sec   167.08     40.84   420.00     70.43%
        Latency Distribution
        50%  372.78ms
        75%  409.01ms
        90%  450.72ms
        99%  609.44ms
        40000 requests in 1.15m, 22.65MB read
        Requests/sec:    579.71
        Transfer/sec:    336.12KB
        ------------------------------
        stop time: 29.763855
        stop time: 29.788880
        stop time: 30.065651
        stop time: 29.948706
        stop time: 30.303441
        stop time: 30.336930
        stop time: 30.290713
        stop time: 30.362369
        [run.sh] Test finished with status 0
        > STDERR
        > No resources found in default namespace.
    [exp] Times: [29.763855, 29.78888, 30.065651, 29.948706, 30.303441, 30.33693, 30.290713, 30.362369]
    [exp] Throughput: 1328.5696086089981
    [exp] Running (pre_run: False) workload synthetic/dynamic-cycle-http-sync request with the following configuration: {'CLIENT_CPU_QUOTA': '2', 'SLOWPOKE_POKER_BATCH_THRESHOLD': '20000000', 'PROCESSING_TIME_SERVICE0': '0.0011555', 'PROCESSING_TIME_SERVICE1': '0.00076345', 'PROCESSING_TIME_SERVICE2': '0.001476', 'PROCESSING_TIME_SERVICE3': '0.0016885', 'PROCESSING_TIME_SERVICE4': '0.00103538', 'SLOWPOKE_DELAY_MICROS_SERVICE0': '0.0', 'SLOWPOKE_POKER_BATCH_THRESHOLD_SERVICE0': '10', 'SLOWPOKE_DELAY_MICROS_SERVICE1': '0.0', 'SLOWPOKE_POKER_BATCH_THRESHOLD_SERVICE1': '10', 'SLOWPOKE_DELAY_MICROS_SERVICE2': '0.0', 'SLOWPOKE_POKER_BATCH_THRESHOLD_SERVICE2': '10', 'SLOWPOKE_DELAY_MICROS_SERVICE3': '0.0', 'SLOWPOKE_POKER_BATCH_THRESHOLD_SERVICE3': '10', 'SLOWPOKE_DELAY_MICROS_SERVICE4': '0.0', 'SLOWPOKE_POKER_BATCH_THRESHOLD_SERVICE4': '10'}
    [exp] Executing cmd `bash run.sh synthetic dynamic-cycle-http-sync 8 512 40000`:
        [run.sh] Running benchmark synthetic with request dynamic-cycle-http-sync, thread 8, conn 512, duration 60
        [run.sh] Deleting all services
        configmap "config-service0" deleted
        deployment.apps "service0" deleted
        service "service0" deleted
        configmap "config-service1" deleted
        deployment.apps "service1" deleted
        service "service1" deleted
        configmap "config-service2" deleted
        deployment.apps "service2" deleted
        service "service2" deleted
        configmap "config-service3" deleted
        deployment.apps "service3" deleted
        service "service3" deleted
        configmap "config-service4" deleted
        deployment.apps "service4" deleted
        service "service4" deleted
        deployment.apps "ubuntu-client" deleted
        [run.sh] Waiting for all pods to be deleted
        [run.sh] Deploying all services
        configmap/config-service0 created
        deployment.apps/service0 created
        service/service0 created
        configmap/config-service1 created
        deployment.apps/service1 created
        service/service1 created
        configmap/config-service2 created
        deployment.apps/service2 created
        service/service2 created
        configmap/config-service3 created
        deployment.apps/service3 created
        service/service3 created
        configmap/config-service4 created
        deployment.apps/service4 created
        service/service4 created
        [run.sh] Client pod not found, deploying client
        deployment.apps/ubuntu-client created
        [run.sh] Waiting for all pods to be running
        [run.sh] All pods are running
        [run.sh] Checking heartbeat for all services
        [run.sh] service0-8cbfd77d6-42krw cannot connect to service4
        [run.sh] All pods can connect to all services
        [run.sh] Running warmup test
        [run.sh] /wrk/wrk -t8 -c512 -d3s -L http://service0:80/endpoint1
        Running 3s test @ http://service0:80/endpoint1
        8 threads and 512 connections
        Thread Stats   Avg      Stdev     Max   +/- Stdev
        Latency   432.38ms  246.00ms   1.63s    79.39%
        Req/Sec   146.60     50.00   260.00     66.38%
        Latency Distribution
        50%  377.43ms
        75%  467.67ms
        90%  704.32ms
        99%    1.32s
        3449 requests in 3.03s, 1.94MB read
        Requests/sec:   1139.77
        Transfer/sec:    657.98KB
        [run.sh] Speed is 1139.77, duration is 70
        [run.sh] Fix the request number.
        [run.sh] Running the actual test
        [run.sh] /wrk/wrk --timeout 20s -t8 -c512 -d70s -L -s /wrk/fix_req_n.lua http://service0:80/endpoint1
        [run.sh] Checking the resource usage
        NAME                             CPU(cores)   MEMORY(bytes)
        service0-8cbfd77d6-42krw         602m         40Mi
        service1-5c544b6b9c-fk6hf        412m         23Mi
        service2-66888cb84d-mgnhj        210m         12Mi
        service3-67b8d48975-z4hn5        385m         10Mi
        service4-dcdcc9fc4-qtzdf         238m         9Mi
        ubuntu-client-76886f6bbd-n4nx2   23m          0Mi
        Running 1m test @ http://service0:80/endpoint1
        8 threads and 512 connections
        Thread Stats   Avg      Stdev     Max   +/- Stdev
        Latency   381.10ms  113.84ms   2.28s    92.17%
        Req/Sec   167.76     40.90   370.00     72.09%
        Latency Distribution
        50%  368.81ms
        75%  404.16ms
        90%  447.86ms
        99%  730.44ms
        40000 requests in 1.17m, 22.67MB read
        Requests/sec:    571.43
        Transfer/sec:    331.61KB
        ------------------------------
        stop time: 29.457993
        stop time: 29.555988
        stop time: 29.875474
        stop time: 30.227434
        stop time: 30.213016
        stop time: 30.233089
        stop time: 29.818290
        stop time: 29.763614
        [run.sh] Test finished with status 0
        > STDERR
        > No resources found in default namespace.
        > command terminated with exit code 1
    [exp] Times: [29.457993, 29.555988, 29.875474, 30.227434, 30.213016, 30.233089, 29.81829, 29.763614]
    [exp] Throughput: 1338.1008864341318
[test.py] Running slowdown experiment
    [exp] Running (pre_run: False) workload synthetic/dynamic-cycle-http-sync request with the following configuration: {'CLIENT_CPU_QUOTA': '2', 'SLOWPOKE_POKER_BATCH_THRESHOLD': '20000000', 'PROCESSING_TIME_SERVICE0': '0.0011555', 'PROCESSING_TIME_SERVICE1': '0.00076345', 'PROCESSING_TIME_SERVICE2': '0.00295348', 'PROCESSING_TIME_SERVICE3': '0.0016885', 'PROCESSING_TIME_SERVICE4': '0.00103538', 'SLOWPOKE_DELAY_MICROS_SERVICE0': '502.0', 'SLOWPOKE_POKER_BATCH_THRESHOLD_SERVICE0': '50199990', 'SLOWPOKE_DELAY_MICROS_SERVICE1': '374.5', 'SLOWPOKE_POKER_BATCH_THRESHOLD_SERVICE1': '50182990', 'SLOWPOKE_DELAY_MICROS_SERVICE2': '0.0', 'SLOWPOKE_POKER_BATCH_THRESHOLD_SERVICE2': '10', 'SLOWPOKE_DELAY_MICROS_SERVICE3': '1004.0', 'SLOWPOKE_POKER_BATCH_THRESHOLD_SERVICE3': '50199990', 'SLOWPOKE_DELAY_MICROS_SERVICE4': '1004.0', 'SLOWPOKE_POKER_BATCH_THRESHOLD_SERVICE4': '50199990'}
    [exp] Executing cmd `bash run.sh synthetic dynamic-cycle-http-sync 8 512 40000`:
        [run.sh] Running benchmark synthetic with request dynamic-cycle-http-sync, thread 8, conn 512, duration 60
        [run.sh] Deleting all services
        configmap "config-service0" deleted
        deployment.apps "service0" deleted
        service "service0" deleted
        configmap "config-service1" deleted
        deployment.apps "service1" deleted
        service "service1" deleted
        configmap "config-service2" deleted
        deployment.apps "service2" deleted
        service "service2" deleted
        configmap "config-service3" deleted
        deployment.apps "service3" deleted
        service "service3" deleted
        configmap "config-service4" deleted
        deployment.apps "service4" deleted
        service "service4" deleted
        deployment.apps "ubuntu-client" deleted
        [run.sh] Waiting for all pods to be deleted
        [run.sh] Deploying all services
        configmap/config-service0 created
        deployment.apps/service0 created
        service/service0 created
        configmap/config-service1 created
        deployment.apps/service1 created
        service/service1 created
        configmap/config-service2 created
        deployment.apps/service2 created
        service/service2 created
        configmap/config-service3 created
        deployment.apps/service3 created
        service/service3 created
        configmap/config-service4 created
        deployment.apps/service4 created
        service/service4 created
        [run.sh] Client pod not found, deploying client
        deployment.apps/ubuntu-client created
        [run.sh] Waiting for all pods to be running
        [run.sh] All pods are running
        [run.sh] Checking heartbeat for all services
        [run.sh] service0-7f799df4b-sxbvf cannot connect to service4
        [run.sh] All pods can connect to all services
        [run.sh] Running warmup test
        [run.sh] /wrk/wrk -t8 -c512 -d3s -L http://service0:80/endpoint1
        Running 3s test @ http://service0:80/endpoint1
        8 threads and 512 connections
        Thread Stats   Avg      Stdev     Max   +/- Stdev
        Latency   682.61ms  153.24ms   1.25s    81.53%
        Req/Sec    87.22     44.98   190.00     65.18%
        Latency Distribution
        50%  666.22ms
        75%  737.59ms
        90%  852.42ms
        99%    1.12s
        1998 requests in 3.03s, 1.13MB read
        Requests/sec:    660.10
        Transfer/sec:    383.86KB
        [run.sh] Speed is 660.10, duration is 121
        [run.sh] Fix the request number.
        [run.sh] Running the actual test
        [run.sh] /wrk/wrk --timeout 20s -t8 -c512 -d121s -L -s /wrk/fix_req_n.lua http://service0:80/endpoint1
        [run.sh] Checking the resource usage
        Running 2m test @ http://service0:80/endpoint1
        8 threads and 512 connections
        Thread Stats   Avg      Stdev     Max   +/- Stdev
        Latency   671.46ms   99.83ms   2.09s    79.74%
        Req/Sec    95.22     37.37   240.00     70.99%
        Latency Distribution
        50%  663.41ms
        75%  719.02ms
        90%  778.26ms
        99%  891.58ms
        40000 requests in 2.02m, 22.69MB read
        Requests/sec:    330.58
        Transfer/sec:    192.06KB
        ------------------------------
        stop time: 52.147695
        stop time: 52.375730
        stop time: 52.516878
        stop time: 52.583117
        stop time: 52.912461
        stop time: 53.134724
        stop time: 53.249453
        stop time: 53.248789
        [run.sh] Test finished with status 0
        > STDERR
        > No resources found in default namespace.
        > command terminated with exit code 1
        > error: metrics not available yet
    [exp] Times: [52.147695, 52.37573, 52.516878, 52.583117, 52.912461, 53.134724, 53.249453, 53.248789]
    [exp] Throughput: 757.9905582185224
    [exp] Running (pre_run: False) workload synthetic/dynamic-cycle-http-sync request with the following configuration: {'CLIENT_CPU_QUOTA': '2', 'SLOWPOKE_POKER_BATCH_THRESHOLD': '20000000', 'PROCESSING_TIME_SERVICE0': '0.0011555', 'PROCESSING_TIME_SERVICE1': '0.00076345', 'PROCESSING_TIME_SERVICE2': '0.00295348', 'PROCESSING_TIME_SERVICE3': '0.0016885', 'PROCESSING_TIME_SERVICE4': '0.00103538', 'SLOWPOKE_DELAY_MICROS_SERVICE0': '251.0', 'SLOWPOKE_POKER_BATCH_THRESHOLD_SERVICE0': '25099990', 'SLOWPOKE_DELAY_MICROS_SERVICE1': '187.0', 'SLOWPOKE_POKER_BATCH_THRESHOLD_SERVICE1': '25057990', 'SLOWPOKE_DELAY_MICROS_SERVICE2': '0.0', 'SLOWPOKE_POKER_BATCH_THRESHOLD_SERVICE2': '10', 'SLOWPOKE_DELAY_MICROS_SERVICE3': '502.0', 'SLOWPOKE_POKER_BATCH_THRESHOLD_SERVICE3': '25099990', 'SLOWPOKE_DELAY_MICROS_SERVICE4': '502.0', 'SLOWPOKE_POKER_BATCH_THRESHOLD_SERVICE4': '25099990'}
    [exp] Executing cmd `bash run.sh synthetic dynamic-cycle-http-sync 8 512 40000`:
        [run.sh] Running benchmark synthetic with request dynamic-cycle-http-sync, thread 8, conn 512, duration 60
        [run.sh] Deleting all services
        configmap "config-service0" deleted
        deployment.apps "service0" deleted
        service "service0" deleted
        configmap "config-service1" deleted
        deployment.apps "service1" deleted
        service "service1" deleted
        configmap "config-service2" deleted
        deployment.apps "service2" deleted
        service "service2" deleted
        configmap "config-service3" deleted
        deployment.apps "service3" deleted
        service "service3" deleted
        configmap "config-service4" deleted
        deployment.apps "service4" deleted
        service "service4" deleted
        deployment.apps "ubuntu-client" deleted
        [run.sh] Waiting for all pods to be deleted
        [run.sh] Deploying all services
        configmap/config-service0 created
        deployment.apps/service0 created
        service/service0 created
        configmap/config-service1 created
        deployment.apps/service1 created
        service/service1 created
        configmap/config-service2 created
        deployment.apps/service2 created
        service/service2 created
        configmap/config-service3 created
        deployment.apps/service3 created
        service/service3 created
        configmap/config-service4 created
        deployment.apps/service4 created
        service/service4 created
        [run.sh] Client pod not found, deploying client
        deployment.apps/ubuntu-client created
        [run.sh] Waiting for all pods to be running
        [run.sh] All pods are running
        [run.sh] Checking heartbeat for all services
        [run.sh] All pods can connect to all services
        [run.sh] Running warmup test
        [run.sh] /wrk/wrk -t8 -c512 -d3s -L http://service0:80/endpoint1
        Running 3s test @ http://service0:80/endpoint1
        8 threads and 512 connections
        Thread Stats   Avg      Stdev     Max   +/- Stdev
        Latency   525.04ms  190.44ms   1.47s    80.42%
        Req/Sec   115.83     43.74   242.00     65.09%
        Latency Distribution
        50%  488.92ms
        75%  557.12ms
        90%  742.27ms
        99%    1.29s
        2699 requests in 3.03s, 1.53MB read
        Requests/sec:    890.68
        Transfer/sec:    516.15KB
        [run.sh] Speed is 890.68, duration is 89
        [run.sh] Fix the request number.
        [run.sh] Running the actual test
        [run.sh] /wrk/wrk --timeout 20s -t8 -c512 -d89s -L -s /wrk/fix_req_n.lua http://service0:80/endpoint1
        [run.sh] Checking the resource usage
        NAME                             CPU(cores)   MEMORY(bytes)
        service0-5dcdf8d6f8-krcn5        1463m        49Mi
        service1-5b544cd7fc-vfd7s        1420m        22Mi
        service2-66888cb84d-jj7vq        1184m        13Mi
        service3-554d4b49d4-rc8rj        938m         12Mi
        service4-5bb779f885-qmnpl        599m         10Mi
        ubuntu-client-76886f6bbd-pr7cx   50m          13Mi
        Running 1m test @ http://service0:80/endpoint1
        8 threads and 512 connections
        Thread Stats   Avg      Stdev     Max   +/- Stdev
        Latency   515.16ms   82.41ms   1.79s    83.10%
        Req/Sec   124.34     37.26   363.00     73.92%
        Latency Distribution
        50%  505.55ms
        75%  548.54ms
        90%  597.32ms
        99%  725.95ms
        40000 requests in 1.48m, 22.67MB read
        Requests/sec:    449.44
        Transfer/sec:    260.88KB
        ------------------------------
        stop time: 40.235100
        stop time: 40.035790
        stop time: 40.190220
        stop time: 40.561442
        stop time: 40.568995
        stop time: 40.568910
        stop time: 40.734408
        stop time: 40.924514
        [run.sh] Test finished with status 0
        > STDERR
        > No resources found in default namespace.
    [exp] Times: [40.2351, 40.03579, 40.19022, 40.561442, 40.568995, 40.56891, 40.734408, 40.924514]
    [exp] Throughput: 988.2052179465146
[test.py] Baseline throughput:  1346.1244999925711
[test.py] Groundtruth:  [1328.5696086089981, 1338.1008864341318]
[test.py] Slowdown:  [757.9905582185224, 988.2052179465146]
[test.py] Predicted:  [1223.7115450320016, 1314.468157536725]
[test.py] Error percentage:  [-7.8925532315000115, -1.766139544260006]
[test.py] ++++++++++++++++++++++++++++++++ Summary: 
[test.py] Result for the experiment 0: 
    Baseline throughput: 1346.1244999925711
    Groundtruth: [1328.5696086089981, 1338.1008864341318]
    Slowdown:    [757.9905582185224, 988.2052179465146]
    Predicted:   [1223.7115450320016, 1314.468157536725]
    Error Perc:  [-7.8925532315000115, -1.766139544260006]
