benchmark                        : hotel
num_threads                      : 8
num_conns                        : 512
target_service                   : profile
request_type                     : mix
repetitions                      : 1
target_num_exp                   : 2
pre_run                          : False
num_req                          : 20000
groundtruths                     : []
slowdowns                        : []
predicteds                       : []
errs                             : []
client_cpu_quota                 : 4
random_seed                      : 1234
request_ratio                    : {'frontend': 1, 'profile': 0.8, 'rate': 0.8, 'reservation': 1, 'search': 0.8, 'user': 0.198478617}
baseline_service_processing_time : {'frontend': 0, 'profile': 1000, 'rate': 0, 'reservation': 0, 'search': 0, 'user': 0}
cpu_quota                        : {'frontend': 2, 'profile': 2, 'rate': 2, 'reservation': 2, 'search': 2, 'user': 2}
target_processing_time_range     : [0, 1000]
baseline_throughputs             : []
poker_batch                      : 40000000
[test.py] Starting experiment...
[test.py] >>>>>>>>>>>>>>>>>>>>>>>>>>>>> Running experiment 0...
[test.py] Actual processing time range: [0, 500]
[test.py] Running baseline experiment
    [exp] Running (pre_run: False) workload hotel/mix request with the following configuration: {'CLIENT_CPU_QUOTA': '4', 'SLOWPOKE_POKER_BATCH_THRESHOLD': '40000000', 'SLOWPOKE_PROCESSING_MICROS_FRONTEND': '0', 'SLOWPOKE_PROCESSING_MICROS_PROFILE': '1000', 'SLOWPOKE_PROCESSING_MICROS_RATE': '0', 'SLOWPOKE_PROCESSING_MICROS_RESERVATION': '0', 'SLOWPOKE_PROCESSING_MICROS_SEARCH': '0', 'SLOWPOKE_PROCESSING_MICROS_USER': '0', 'SLOWPOKE_DELAY_MICROS_FRONTEND': '0.0', 'SLOWPOKE_POKER_BATCH_THRESHOLD_FRONTEND': '40000000', 'SLOWPOKE_DELAY_MICROS_PROFILE': '0.0', 'SLOWPOKE_POKER_BATCH_THRESHOLD_PROFILE': '40000000', 'SLOWPOKE_DELAY_MICROS_RATE': '0.0', 'SLOWPOKE_POKER_BATCH_THRESHOLD_RATE': '40000000', 'SLOWPOKE_DELAY_MICROS_RESERVATION': '0.0', 'SLOWPOKE_POKER_BATCH_THRESHOLD_RESERVATION': '40000000', 'SLOWPOKE_DELAY_MICROS_SEARCH': '0.0', 'SLOWPOKE_POKER_BATCH_THRESHOLD_SEARCH': '40000000', 'SLOWPOKE_DELAY_MICROS_USER': '0.0', 'SLOWPOKE_POKER_BATCH_THRESHOLD_USER': '40000000'}
    [exp] Executing cmd `bash run.sh hotel mix 8 512 20000`:
        [run.sh] Running benchmark hotel with request mix, thread 8, conn 512, duration 60
        [run.sh] Deleting all services
        deployment.apps "ubuntu-client" deleted
        [run.sh] Waiting for all pods to be deleted
        [run.sh] Deploying all services
        service/frontend created
        deployment.apps/frontend created
        service/profile created
        deployment.apps/profile created
        service/rate created
        deployment.apps/rate created
        service/reservation created
        deployment.apps/reservation created
        service/search created
        deployment.apps/search created
        service/user created
        deployment.apps/user created
        [run.sh] Client pod not found, deploying client
        deployment.apps/ubuntu-client created
        [run.sh] Waiting for all pods to be running
        [run.sh] All pods are running
        [run.sh] Checking heartbeat for all services
        [run.sh] All pods can connect to all services
        [run.sh] Copying hotel/analysis.txt to ubuntu-client-76886f6bbd-scjz2:/analysis.txt
        [run.sh] Finished populating hotel
        [run.sh] Starting the rust proxy first for hotel
        [2m2025-04-06T05:11:57.886898Z[0m [32m INFO[0m [2mproxy::hotel[0m[2m:[0m Reading analysis data from /analysis.txt
        [run.sh] Running warmup test
        [run.sh] /wrk/wrk -t8 -c512 -d3s -L http://localhost:3000
        Running 3s test @ http://localhost:3000
        8 threads and 512 connections
        Thread Stats   Avg      Stdev     Max   +/- Stdev
        Latency   233.87ms   86.90ms 581.08ms   71.39%
        Req/Sec   241.54     72.75   393.00     75.97%
        Latency Distribution
        50%  230.82ms
        75%  284.74ms
        90%  344.73ms
        99%  462.02ms
        5649 requests in 3.02s, 430.29KB read
        Requests/sec:   1868.15
        Transfer/sec:    142.30KB
        [run.sh] Speed is 1868.15, duration is 21
        [run.sh] Fix the request number.
        [run.sh] Running the actual test
        [run.sh] /wrk/wrk --timeout 20s -t8 -c512 -d21s -s /wrk/fix_req_n.lua -L http://localhost:3000
        Running 21s test @ http://localhost:3000
        8 threads and 512 connections
        Thread Stats   Avg      Stdev     Max   +/- Stdev
        Latency   252.45ms  122.18ms 633.87ms   75.86%
        Req/Sec   245.79     65.37   470.00     70.54%
        Latency Distribution
        50%  299.30ms
        75%  327.34ms
        90%  353.63ms
        99%  429.02ms
        20000 requests in 21.00s, 1.49MB read
        Requests/sec:    952.37
        Transfer/sec:     72.54KB
        ------------------------------
        stop time: 9.912934
        stop time: 9.977882
        stop time: 10.103833
        stop time: 10.283772
        stop time: 10.475220
        stop time: 10.192729
        stop time: 10.269075
        stop time: 10.474265
        [run.sh] Checking the resource usage
        NAME                             CPU(cores)   MEMORY(bytes)
        frontend-7c749c458f-rfc86        1697m        39Mi
        profile-6c6f5bf864-6lbb8         1762m        421Mi
        rate-6446554649-x5t44            193m         183Mi
        reservation-58bb9f55b6-5njlr     267m         185Mi
        search-767b94477d-wmp4v          406m         81Mi
        ubuntu-client-76886f6bbd-scjz2   197m         77Mi
        user-548d57f8db-t4blv            51m          13Mi
        [run.sh] Test finished with status 0
        > STDERR
        > No resources found in default namespace.
    [exp] Times: [9.912934, 9.977882, 10.103833, 10.283772, 10.47522, 10.192729, 10.269075, 10.474265]
    [exp] Throughput: 1958.6310197453265
[test.py] Baseline throughput: 1958.6310197453265
[test.py] Running groundtruth experiment
    [exp] Running (pre_run: False) workload hotel/mix request with the following configuration: {'CLIENT_CPU_QUOTA': '4', 'SLOWPOKE_POKER_BATCH_THRESHOLD': '40000000', 'SLOWPOKE_PROCESSING_MICROS_FRONTEND': '0', 'SLOWPOKE_PROCESSING_MICROS_PROFILE': '0', 'SLOWPOKE_PROCESSING_MICROS_RATE': '0', 'SLOWPOKE_PROCESSING_MICROS_RESERVATION': '0', 'SLOWPOKE_PROCESSING_MICROS_SEARCH': '0', 'SLOWPOKE_PROCESSING_MICROS_USER': '0', 'SLOWPOKE_DELAY_MICROS_FRONTEND': '0.0', 'SLOWPOKE_POKER_BATCH_THRESHOLD_FRONTEND': '40000000', 'SLOWPOKE_DELAY_MICROS_PROFILE': '0.0', 'SLOWPOKE_POKER_BATCH_THRESHOLD_PROFILE': '40000000', 'SLOWPOKE_DELAY_MICROS_RATE': '0.0', 'SLOWPOKE_POKER_BATCH_THRESHOLD_RATE': '40000000', 'SLOWPOKE_DELAY_MICROS_RESERVATION': '0.0', 'SLOWPOKE_POKER_BATCH_THRESHOLD_RESERVATION': '40000000', 'SLOWPOKE_DELAY_MICROS_SEARCH': '0.0', 'SLOWPOKE_POKER_BATCH_THRESHOLD_SEARCH': '40000000', 'SLOWPOKE_DELAY_MICROS_USER': '0.0', 'SLOWPOKE_POKER_BATCH_THRESHOLD_USER': '40000000'}
    [exp] Executing cmd `bash run.sh hotel mix 8 512 20000`:
        [run.sh] Running benchmark hotel with request mix, thread 8, conn 512, duration 60
        [run.sh] Deleting all services
        service "frontend" deleted
        deployment.apps "frontend" deleted
        service "profile" deleted
        deployment.apps "profile" deleted
        service "rate" deleted
        deployment.apps "rate" deleted
        service "reservation" deleted
        deployment.apps "reservation" deleted
        service "search" deleted
        deployment.apps "search" deleted
        service "user" deleted
        deployment.apps "user" deleted
        deployment.apps "ubuntu-client" deleted
        [run.sh] Waiting for all pods to be deleted
        [run.sh] Deploying all services
        service/frontend created
        deployment.apps/frontend created
        service/profile created
        deployment.apps/profile created
        service/rate created
        deployment.apps/rate created
        service/reservation created
        deployment.apps/reservation created
        service/search created
        deployment.apps/search created
        service/user created
        deployment.apps/user created
        [run.sh] Client pod not found, deploying client
        deployment.apps/ubuntu-client created
        [run.sh] Waiting for all pods to be running
        [run.sh] All pods are running
        [run.sh] Checking heartbeat for all services
        [run.sh] All pods can connect to all services
        [run.sh] Copying hotel/analysis.txt to ubuntu-client-76886f6bbd-zrxq2:/analysis.txt
        [run.sh] Finished populating hotel
        [run.sh] Starting the rust proxy first for hotel
        [2m2025-04-06T05:13:31.712915Z[0m [32m INFO[0m [2mproxy::hotel[0m[2m:[0m Reading analysis data from /analysis.txt
        [run.sh] Running warmup test
        [run.sh] /wrk/wrk -t8 -c512 -d3s -L http://localhost:3000
        Running 3s test @ http://localhost:3000
        8 threads and 512 connections
        Thread Stats   Avg      Stdev     Max   +/- Stdev
        Latency   238.52ms   90.48ms 719.58ms   68.52%
        Req/Sec   242.25     68.51   414.00     77.59%
        Latency Distribution
        50%  231.51ms
        75%  295.63ms
        90%  357.66ms
        99%  479.11ms
        5658 requests in 3.03s, 430.98KB read
        Requests/sec:   1869.64
        Transfer/sec:    142.41KB
        [run.sh] Speed is 1869.64, duration is 21
        [run.sh] Fix the request number.
        [run.sh] Running the actual test
        [run.sh] /wrk/wrk --timeout 20s -t8 -c512 -d21s -s /wrk/fix_req_n.lua -L http://localhost:3000
        Running 21s test @ http://localhost:3000
        8 threads and 512 connections
        Thread Stats   Avg      Stdev     Max   +/- Stdev
        Latency   254.35ms   90.87ms 705.78ms   70.00%
        Req/Sec   248.97     57.99   424.00     67.87%
        Latency Distribution
        50%  250.10ms
        75%  312.38ms
        90%  370.71ms
        99%  487.26ms
        20000 requests in 21.00s, 1.49MB read
        Requests/sec:    952.37
        Transfer/sec:     72.54KB
        ------------------------------
        stop time: 9.934802
        stop time: 10.046689
        stop time: 10.057727
        stop time: 10.169083
        stop time: 10.121563
        stop time: 10.181853
        stop time: 10.049500
        stop time: 10.131635
        [run.sh] Checking the resource usage
        NAME                             CPU(cores)   MEMORY(bytes)
        ubuntu-client-76886f6bbd-zrxq2   8m           1Mi
        [run.sh] Test finished with status 0
        > STDERR
        > No resources found in default namespace.
    [exp] Times: [9.934802, 10.046689, 10.057727, 10.169083, 10.121563, 10.181853, 10.0495, 10.131635]
    [exp] Throughput: 1982.8274256559923
    [exp] Running (pre_run: False) workload hotel/mix request with the following configuration: {'CLIENT_CPU_QUOTA': '4', 'SLOWPOKE_POKER_BATCH_THRESHOLD': '40000000', 'SLOWPOKE_PROCESSING_MICROS_FRONTEND': '0', 'SLOWPOKE_PROCESSING_MICROS_PROFILE': '500', 'SLOWPOKE_PROCESSING_MICROS_RATE': '0', 'SLOWPOKE_PROCESSING_MICROS_RESERVATION': '0', 'SLOWPOKE_PROCESSING_MICROS_SEARCH': '0', 'SLOWPOKE_PROCESSING_MICROS_USER': '0', 'SLOWPOKE_DELAY_MICROS_FRONTEND': '0.0', 'SLOWPOKE_POKER_BATCH_THRESHOLD_FRONTEND': '40000000', 'SLOWPOKE_DELAY_MICROS_PROFILE': '0.0', 'SLOWPOKE_POKER_BATCH_THRESHOLD_PROFILE': '40000000', 'SLOWPOKE_DELAY_MICROS_RATE': '0.0', 'SLOWPOKE_POKER_BATCH_THRESHOLD_RATE': '40000000', 'SLOWPOKE_DELAY_MICROS_RESERVATION': '0.0', 'SLOWPOKE_POKER_BATCH_THRESHOLD_RESERVATION': '40000000', 'SLOWPOKE_DELAY_MICROS_SEARCH': '0.0', 'SLOWPOKE_POKER_BATCH_THRESHOLD_SEARCH': '40000000', 'SLOWPOKE_DELAY_MICROS_USER': '0.0', 'SLOWPOKE_POKER_BATCH_THRESHOLD_USER': '40000000'}
    [exp] Executing cmd `bash run.sh hotel mix 8 512 20000`:
        [run.sh] Running benchmark hotel with request mix, thread 8, conn 512, duration 60
        [run.sh] Deleting all services
        service "frontend" deleted
        deployment.apps "frontend" deleted
        service "profile" deleted
        deployment.apps "profile" deleted
        service "rate" deleted
        deployment.apps "rate" deleted
        service "reservation" deleted
        deployment.apps "reservation" deleted
        service "search" deleted
        deployment.apps "search" deleted
        service "user" deleted
        deployment.apps "user" deleted
        deployment.apps "ubuntu-client" deleted
        [run.sh] Waiting for all pods to be deleted
        [run.sh] Deploying all services
        service/frontend created
        deployment.apps/frontend created
        service/profile created
        deployment.apps/profile created
        service/rate created
        deployment.apps/rate created
        service/reservation created
        deployment.apps/reservation created
        service/search created
        deployment.apps/search created
        service/user created
        deployment.apps/user created
        [run.sh] Client pod not found, deploying client
        deployment.apps/ubuntu-client created
        [run.sh] Waiting for all pods to be running
        [run.sh] All pods are running
        [run.sh] Checking heartbeat for all services
        [run.sh] frontend-7c749c458f-5vs4m cannot connect to reservation
        [run.sh] All pods can connect to all services
        [run.sh] Copying hotel/analysis.txt to ubuntu-client-76886f6bbd-w8rq7:/analysis.txt
        [run.sh] Finished populating hotel
        [run.sh] Starting the rust proxy first for hotel
        [2m2025-04-06T05:15:04.921614Z[0m [32m INFO[0m [2mproxy::hotel[0m[2m:[0m Reading analysis data from /analysis.txt
        [run.sh] Running warmup test
        [run.sh] /wrk/wrk -t8 -c512 -d3s -L http://localhost:3000
        Running 3s test @ http://localhost:3000
        8 threads and 512 connections
        Thread Stats   Avg      Stdev     Max   +/- Stdev
        Latency   222.53ms   87.89ms 799.03ms   70.82%
        Req/Sec   235.61     80.25   460.00     71.73%
        Latency Distribution
        50%  216.02ms
        75%  273.39ms
        90%  333.97ms
        99%  483.95ms
        5583 requests in 3.03s, 425.27KB read
        Requests/sec:   1844.82
        Transfer/sec:    140.52KB
        [run.sh] Speed is 1844.82, duration is 21
        [run.sh] Fix the request number.
        [run.sh] Running the actual test
        [run.sh] /wrk/wrk --timeout 20s -t8 -c512 -d21s -s /wrk/fix_req_n.lua -L http://localhost:3000
        Running 21s test @ http://localhost:3000
        8 threads and 512 connections
        Thread Stats   Avg      Stdev     Max   +/- Stdev
        Latency   251.84ms   96.25ms 742.79ms   70.31%
        Req/Sec   252.67     59.16   410.00     69.16%
        Latency Distribution
        50%  246.04ms
        75%  308.11ms
        90%  375.17ms
        99%  517.36ms
        20000 requests in 21.00s, 1.49MB read
        Requests/sec:    952.38
        Transfer/sec:     72.54KB
        ------------------------------
        stop time: 10.056739
        stop time: 9.898976
        stop time: 10.075130
        stop time: 9.791244
        stop time: 10.041933
        stop time: 9.993204
        stop time: 10.014868
        stop time: 10.069519
        [run.sh] Checking the resource usage
        NAME                             CPU(cores)   MEMORY(bytes)
        frontend-7c749c458f-5vs4m        1000m        43Mi
        profile-7c86fc7786-bf6th         638m         318Mi
        rate-6446554649-2lcdc            108m         171Mi
        reservation-58bb9f55b6-89m72     152m         175Mi
        search-767b94477d-9cl9w          211m         80Mi
        ubuntu-client-76886f6bbd-w8rq7   186m         57Mi
        user-548d57f8db-sr2wb            35m          10Mi
        [run.sh] Test finished with status 0
        > STDERR
        > No resources found in default namespace.
        > command terminated with exit code 1
    [exp] Times: [10.056739, 9.898976, 10.07513, 9.791244, 10.041933, 9.993204, 10.014868, 10.069519]
    [exp] Throughput: 2001.4607411036352
[test.py] Running slowdown experiment
    [exp] Running (pre_run: False) workload hotel/mix request with the following configuration: {'CLIENT_CPU_QUOTA': '4', 'SLOWPOKE_POKER_BATCH_THRESHOLD': '40000000', 'SLOWPOKE_PROCESSING_MICROS_FRONTEND': '0', 'SLOWPOKE_PROCESSING_MICROS_PROFILE': '1000', 'SLOWPOKE_PROCESSING_MICROS_RATE': '0', 'SLOWPOKE_PROCESSING_MICROS_RESERVATION': '0', 'SLOWPOKE_PROCESSING_MICROS_SEARCH': '0', 'SLOWPOKE_PROCESSING_MICROS_USER': '0', 'SLOWPOKE_DELAY_MICROS_FRONTEND': '400.0', 'SLOWPOKE_POKER_BATCH_THRESHOLD_FRONTEND': '40000000', 'SLOWPOKE_DELAY_MICROS_PROFILE': '0.0', 'SLOWPOKE_POKER_BATCH_THRESHOLD_PROFILE': '40000000', 'SLOWPOKE_DELAY_MICROS_RATE': '500.0', 'SLOWPOKE_POKER_BATCH_THRESHOLD_RATE': '40000000', 'SLOWPOKE_DELAY_MICROS_RESERVATION': '400.0', 'SLOWPOKE_POKER_BATCH_THRESHOLD_RESERVATION': '40000000', 'SLOWPOKE_DELAY_MICROS_SEARCH': '500.0', 'SLOWPOKE_POKER_BATCH_THRESHOLD_SEARCH': '40000000', 'SLOWPOKE_DELAY_MICROS_USER': '2015.0', 'SLOWPOKE_POKER_BATCH_THRESHOLD_USER': '40000000'}
    [exp] Executing cmd `bash run.sh hotel mix 8 512 20000`:
        [run.sh] Running benchmark hotel with request mix, thread 8, conn 512, duration 60
        [run.sh] Deleting all services
        service "frontend" deleted
        deployment.apps "frontend" deleted
        service "profile" deleted
        deployment.apps "profile" deleted
        service "rate" deleted
        deployment.apps "rate" deleted
        service "reservation" deleted
        deployment.apps "reservation" deleted
        service "search" deleted
        deployment.apps "search" deleted
        service "user" deleted
        deployment.apps "user" deleted
        deployment.apps "ubuntu-client" deleted
        [run.sh] Waiting for all pods to be deleted
        [run.sh] Deploying all services
        service/frontend created
        deployment.apps/frontend created
        service/profile created
        deployment.apps/profile created
        service/rate created
        deployment.apps/rate created
        service/reservation created
        deployment.apps/reservation created
        service/search created
        deployment.apps/search created
        service/user created
        deployment.apps/user created
        [run.sh] Client pod not found, deploying client
        deployment.apps/ubuntu-client created
        [run.sh] Waiting for all pods to be running
        [run.sh] All pods are running
        [run.sh] Checking heartbeat for all services
        [run.sh] All pods can connect to all services
        [run.sh] Copying hotel/analysis.txt to ubuntu-client-76886f6bbd-cd699:/analysis.txt
        [run.sh] Finished populating hotel
        [run.sh] Starting the rust proxy first for hotel
        [2m2025-04-06T05:16:38.846939Z[0m [32m INFO[0m [2mproxy::hotel[0m[2m:[0m Reading analysis data from /analysis.txt
        [run.sh] Running warmup test
        [run.sh] /wrk/wrk -t8 -c512 -d3s -L http://localhost:3000
        Running 3s test @ http://localhost:3000
        8 threads and 512 connections
        Thread Stats   Avg      Stdev     Max   +/- Stdev
        Latency   410.73ms  152.09ms 879.81ms   67.05%
        Req/Sec   138.24     61.27   333.00     65.18%
        Latency Distribution
        50%  420.91ms
        75%  519.94ms
        90%  604.20ms
        99%  741.07ms
        3126 requests in 3.02s, 238.11KB read
        Requests/sec:   1035.43
        Transfer/sec:     78.87KB
        [run.sh] Speed is 1035.43, duration is 38
        [run.sh] Fix the request number.
        [run.sh] Running the actual test
        [run.sh] /wrk/wrk --timeout 20s -t8 -c512 -d38s -s /wrk/fix_req_n.lua -L http://localhost:3000
        [run.sh] Checking the resource usage
        Running 38s test @ http://localhost:3000
        8 threads and 512 connections
        Thread Stats   Avg      Stdev     Max   +/- Stdev
        Latency   441.67ms  153.87ms   1.02s    69.28%
        Req/Sec   144.08     52.74   320.00     67.41%
        Latency Distribution
        50%  453.16ms
        75%  542.12ms
        90%  622.78ms
        99%  781.14ms
        20000 requests in 38.00s, 1.49MB read
        Requests/sec:    526.31
        Transfer/sec:     40.09KB
        ------------------------------
        stop time: 17.259739
        stop time: 17.476125
        stop time: 17.541756
        stop time: 17.638685
        stop time: 17.454241
        stop time: 17.415429
        stop time: 17.519391
        stop time: 17.621383
        [run.sh] Test finished with status 0
        > STDERR
        > No resources found in default namespace.
        > error: metrics not available yet
    [exp] Times: [17.259739, 17.476125, 17.541756, 17.638685, 17.454241, 17.415429, 17.519391, 17.621383]
    [exp] Throughput: 1143.4554232371968
    [exp] Running (pre_run: False) workload hotel/mix request with the following configuration: {'CLIENT_CPU_QUOTA': '4', 'SLOWPOKE_POKER_BATCH_THRESHOLD': '40000000', 'SLOWPOKE_PROCESSING_MICROS_FRONTEND': '0', 'SLOWPOKE_PROCESSING_MICROS_PROFILE': '1000', 'SLOWPOKE_PROCESSING_MICROS_RATE': '0', 'SLOWPOKE_PROCESSING_MICROS_RESERVATION': '0', 'SLOWPOKE_PROCESSING_MICROS_SEARCH': '0', 'SLOWPOKE_PROCESSING_MICROS_USER': '0', 'SLOWPOKE_DELAY_MICROS_FRONTEND': '200.0', 'SLOWPOKE_POKER_BATCH_THRESHOLD_FRONTEND': '40000000', 'SLOWPOKE_DELAY_MICROS_PROFILE': '0.0', 'SLOWPOKE_POKER_BATCH_THRESHOLD_PROFILE': '40000000', 'SLOWPOKE_DELAY_MICROS_RATE': '250.0', 'SLOWPOKE_POKER_BATCH_THRESHOLD_RATE': '40000000', 'SLOWPOKE_DELAY_MICROS_RESERVATION': '200.0', 'SLOWPOKE_POKER_BATCH_THRESHOLD_RESERVATION': '40000000', 'SLOWPOKE_DELAY_MICROS_SEARCH': '250.0', 'SLOWPOKE_POKER_BATCH_THRESHOLD_SEARCH': '40000000', 'SLOWPOKE_DELAY_MICROS_USER': '1007.5', 'SLOWPOKE_POKER_BATCH_THRESHOLD_USER': '40000000'}
    [exp] Executing cmd `bash run.sh hotel mix 8 512 20000`:
        [run.sh] Running benchmark hotel with request mix, thread 8, conn 512, duration 60
        [run.sh] Deleting all services
        service "frontend" deleted
        deployment.apps "frontend" deleted
        service "profile" deleted
        deployment.apps "profile" deleted
        service "rate" deleted
        deployment.apps "rate" deleted
        service "reservation" deleted
        deployment.apps "reservation" deleted
        service "search" deleted
        deployment.apps "search" deleted
        service "user" deleted
        deployment.apps "user" deleted
        deployment.apps "ubuntu-client" deleted
        [run.sh] Waiting for all pods to be deleted
        [run.sh] Deploying all services
        service/frontend created
        deployment.apps/frontend created
        service/profile created
        deployment.apps/profile created
        service/rate created
        deployment.apps/rate created
        service/reservation created
        deployment.apps/reservation created
        service/search created
        deployment.apps/search created
        service/user created
        deployment.apps/user created
        [run.sh] Client pod not found, deploying client
        deployment.apps/ubuntu-client created
        [run.sh] Waiting for all pods to be running
        [run.sh] All pods are running
        [run.sh] Checking heartbeat for all services
        [run.sh] All pods can connect to all services
        [run.sh] Copying hotel/analysis.txt to ubuntu-client-76886f6bbd-l6qdj:/analysis.txt
        [run.sh] Finished populating hotel
        [run.sh] Starting the rust proxy first for hotel
        [2m2025-04-06T05:18:21.335676Z[0m [32m INFO[0m [2mproxy::hotel[0m[2m:[0m Reading analysis data from /analysis.txt
        [run.sh] Running warmup test
        [run.sh] /wrk/wrk -t8 -c512 -d3s -L http://localhost:3000
        Running 3s test @ http://localhost:3000
        8 threads and 512 connections
        Thread Stats   Avg      Stdev     Max   +/- Stdev
        Latency   318.17ms  123.77ms 752.10ms   66.76%
        Req/Sec   175.84     70.52   410.00     68.97%
        Latency Distribution
        50%  326.12ms
        75%  404.05ms
        90%  470.96ms
        99%  575.91ms
        4092 requests in 3.03s, 311.70KB read
        Requests/sec:   1352.33
        Transfer/sec:    103.01KB
        [run.sh] Speed is 1352.33, duration is 29
        [run.sh] Fix the request number.
        [run.sh] Running the actual test
        [run.sh] /wrk/wrk --timeout 20s -t8 -c512 -d29s -s /wrk/fix_req_n.lua -L http://localhost:3000
        Running 29s test @ http://localhost:3000
        8 threads and 512 connections
        Thread Stats   Avg      Stdev     Max   +/- Stdev
        Latency   342.67ms  124.38ms 911.81ms   69.74%
        Req/Sec   186.89     60.25   383.00     68.35%
        Latency Distribution
        50%  349.16ms
        75%  422.89ms
        90%  498.88ms
        99%  629.32ms
        20000 requests in 29.00s, 1.49MB read
        Requests/sec:    689.65
        Transfer/sec:     52.53KB
        ------------------------------
        stop time: 13.560309
        stop time: 13.557170
        stop time: 13.492198
        stop time: 13.470271
        stop time: 13.644182
        stop time: 13.676106
        stop time: 13.647908
        stop time: 13.601878
        [run.sh] Checking the resource usage
        NAME                             CPU(cores)   MEMORY(bytes)
        frontend-7ddb5dc9bc-8v4jp        444m         46Mi
        profile-6c6f5bf864-mmpwz         453m         313Mi
        rate-6764ff9866-774xq            43m          133Mi
        reservation-675f865b-xhc7b       53m          141Mi
        search-6cfbb6b79c-mqrb7          72m          161Mi
        ubuntu-client-76886f6bbd-l6qdj   2m           46Mi
        user-7cf956f7f7-2g5pv            15m          9Mi
        [run.sh] Test finished with status 0
        > STDERR
        > No resources found in default namespace.
    [exp] Times: [13.560309, 13.55717, 13.492198, 13.470271, 13.644182, 13.676106, 13.647908, 13.601878]
    [exp] Throughput: 1472.6182015867423
[test.py] Baseline throughput:  1958.6310197453265
[test.py] Groundtruth:  [1982.8274256559923, 2001.4607411036352]
[test.py] Slowdown:  [1143.4554232371968, 1472.6182015867423]
[test.py] Predicted:  [2107.2942290733404, 2087.4097074623146]
[test.py] Error percentage:  [6.277238341918226, 4.294311878997229]
[test.py] ++++++++++++++++++++++++++++++++ Summary: 
[test.py] Result for the experiment 0: 
    Baseline throughput: 1958.6310197453265
    Groundtruth: [1982.8274256559923, 2001.4607411036352]
    Slowdown:    [1143.4554232371968, 1472.6182015867423]
    Predicted:   [2107.2942290733404, 2087.4097074623146]
    Error Perc:  [6.277238341918226, 4.294311878997229]
