[config.py] Random numbers for execution time: [313.65125097015937, 455.1361675845434, 570.2413492452474, 571.9560221525517, 664.0188089468825, 696.7590596567934, 704.7035600445813, 755.5951833197441, 783.121579329647, 835.5318810954482, 976.8725722209867, 1009.4056923584578, 1089.1920759061425]
benchmark                        : synthetic
num_threads                      : 8
num_conns                        : 512
target_service                   : service2
request_type                     : dag-balanced-http-sync
repetitions                      : 1
target_num_exp                   : 2
pre_run                          : False
num_req                          : 20000
groundtruths                     : []
slowdowns                        : []
predicteds                       : []
errs                             : []
client_cpu_quota                 : 2
random_seed                      : 8572
request_ratio                    : {'service0': 1, 'service1': 1, 'service2': 1, 'service3': 1, 'service4': 1, 'service5': 1, 'service6': 1, 'service7': 1, 'service8': 1, 'service9': 1, 'service10': 1, 'service11': 1, 'service12': 1}
baseline_service_processing_time : {'service0': 1089.19, 'service1': 1009.41, 'service2': 976.87, 'service3': 835.53, 'service4': 783.12, 'service5': 755.6, 'service6': 704.7, 'service7': 696.76, 'service8': 664.02, 'service9': 571.96, 'service10': 570.24, 'service11': 455.14, 'service12': 313.65}
cpu_quota                        : {'service0': 2, 'service1': 2, 'service2': 2, 'service3': 2, 'service4': 2, 'service5': 2, 'service6': 2, 'service7': 2, 'service8': 2, 'service9': 2, 'service10': 2, 'service11': 2, 'service12': 2}
target_processing_time_range     : [0, 976.87]
baseline_throughputs             : []
poker_batch                      : 30000000
[test.py] Starting experiment...
[test.py] >>>>>>>>>>>>>>>>>>>>>>>>>>>>> Running experiment 0...
[test.py] Actual processing time range: [0, 488]
[test.py] Running baseline experiment
    [exp] Running (pre_run: False) workload synthetic/dag-balanced-http-sync request with the following configuration: {'CLIENT_CPU_QUOTA': '2', 'SLOWPOKE_POKER_BATCH_THRESHOLD': '30000000', 'PROCESSING_TIME_SERVICE0': '0.00108919', 'PROCESSING_TIME_SERVICE1': '0.00100941', 'PROCESSING_TIME_SERVICE2': '0.00097687', 'PROCESSING_TIME_SERVICE3': '0.00083553', 'PROCESSING_TIME_SERVICE4': '0.00078312', 'PROCESSING_TIME_SERVICE5': '0.0007556', 'PROCESSING_TIME_SERVICE6': '0.0007047', 'PROCESSING_TIME_SERVICE7': '0.00069676', 'PROCESSING_TIME_SERVICE8': '0.00066402', 'PROCESSING_TIME_SERVICE9': '0.00057196', 'PROCESSING_TIME_SERVICE10': '0.00057024', 'PROCESSING_TIME_SERVICE11': '0.00045514', 'PROCESSING_TIME_SERVICE12': '0.00031365', 'SLOWPOKE_DELAY_MICROS_SERVICE0': '0.0', 'SLOWPOKE_POKER_BATCH_THRESHOLD_SERVICE0': '10', 'SLOWPOKE_DELAY_MICROS_SERVICE1': '0.0', 'SLOWPOKE_POKER_BATCH_THRESHOLD_SERVICE1': '10', 'SLOWPOKE_DELAY_MICROS_SERVICE2': '0.0', 'SLOWPOKE_POKER_BATCH_THRESHOLD_SERVICE2': '10', 'SLOWPOKE_DELAY_MICROS_SERVICE3': '0.0', 'SLOWPOKE_POKER_BATCH_THRESHOLD_SERVICE3': '10', 'SLOWPOKE_DELAY_MICROS_SERVICE4': '0.0', 'SLOWPOKE_POKER_BATCH_THRESHOLD_SERVICE4': '10', 'SLOWPOKE_DELAY_MICROS_SERVICE5': '0.0', 'SLOWPOKE_POKER_BATCH_THRESHOLD_SERVICE5': '10', 'SLOWPOKE_DELAY_MICROS_SERVICE6': '0.0', 'SLOWPOKE_POKER_BATCH_THRESHOLD_SERVICE6': '10', 'SLOWPOKE_DELAY_MICROS_SERVICE7': '0.0', 'SLOWPOKE_POKER_BATCH_THRESHOLD_SERVICE7': '10', 'SLOWPOKE_DELAY_MICROS_SERVICE8': '0.0', 'SLOWPOKE_POKER_BATCH_THRESHOLD_SERVICE8': '10', 'SLOWPOKE_DELAY_MICROS_SERVICE9': '0.0', 'SLOWPOKE_POKER_BATCH_THRESHOLD_SERVICE9': '10', 'SLOWPOKE_DELAY_MICROS_SERVICE10': '0.0', 'SLOWPOKE_POKER_BATCH_THRESHOLD_SERVICE10': '10', 'SLOWPOKE_DELAY_MICROS_SERVICE11': '0.0', 'SLOWPOKE_POKER_BATCH_THRESHOLD_SERVICE11': '10', 'SLOWPOKE_DELAY_MICROS_SERVICE12': '0.0', 'SLOWPOKE_POKER_BATCH_THRESHOLD_SERVICE12': '10'}
    [exp] Executing cmd `bash run.sh synthetic dag-balanced-http-sync 8 512 20000`:
        [run.sh] Running benchmark synthetic with request dag-balanced-http-sync, thread 8, conn 512, duration 60
        [run.sh] Deleting all services
        configmap "config-service0" deleted
        deployment.apps "service0" deleted
        service "service0" deleted
        configmap "config-service1" deleted
        deployment.apps "service1" deleted
        service "service1" deleted
        configmap "config-service10" deleted
        deployment.apps "service10" deleted
        service "service10" deleted
        configmap "config-service11" deleted
        deployment.apps "service11" deleted
        service "service11" deleted
        configmap "config-service12" deleted
        deployment.apps "service12" deleted
        service "service12" deleted
        configmap "config-service2" deleted
        deployment.apps "service2" deleted
        service "service2" deleted
        configmap "config-service3" deleted
        deployment.apps "service3" deleted
        service "service3" deleted
        configmap "config-service4" deleted
        deployment.apps "service4" deleted
        service "service4" deleted
        configmap "config-service5" deleted
        deployment.apps "service5" deleted
        service "service5" deleted
        configmap "config-service6" deleted
        deployment.apps "service6" deleted
        service "service6" deleted
        configmap "config-service7" deleted
        deployment.apps "service7" deleted
        service "service7" deleted
        configmap "config-service8" deleted
        deployment.apps "service8" deleted
        service "service8" deleted
        configmap "config-service9" deleted
        deployment.apps "service9" deleted
        service "service9" deleted
        deployment.apps "ubuntu-client" deleted
        [run.sh] Waiting for all pods to be deleted
        [run.sh] Deploying all services
        configmap/config-service0 created
        deployment.apps/service0 created
        service/service0 created
        configmap/config-service1 created
        deployment.apps/service1 created
        service/service1 created
        configmap/config-service10 created
        deployment.apps/service10 created
        service/service10 created
        configmap/config-service11 created
        deployment.apps/service11 created
        service/service11 created
        configmap/config-service12 created
        deployment.apps/service12 created
        service/service12 created
        configmap/config-service2 created
        deployment.apps/service2 created
        service/service2 created
        configmap/config-service3 created
        deployment.apps/service3 created
        service/service3 created
        configmap/config-service4 created
        deployment.apps/service4 created
        service/service4 created
        configmap/config-service5 created
        deployment.apps/service5 created
        service/service5 created
        configmap/config-service6 created
        deployment.apps/service6 created
        service/service6 created
        configmap/config-service7 created
        deployment.apps/service7 created
        service/service7 created
        configmap/config-service8 created
        deployment.apps/service8 created
        service/service8 created
        configmap/config-service9 created
        deployment.apps/service9 created
        service/service9 created
        [run.sh] Client pod not found, deploying client
        deployment.apps/ubuntu-client created
        [run.sh] Waiting for all pods to be running
        [run.sh] All pods are running
        [run.sh] Checking heartbeat for all services
        [run.sh] All pods can connect to all services
        [run.sh] Running warmup test
        [run.sh] /wrk/wrk -t8 -c512 -d3s -L http://service0:80/endpoint1
        Running 3s test @ http://service0:80/endpoint1
        8 threads and 512 connections
        Thread Stats   Avg      Stdev     Max   +/- Stdev
        Latency   519.78ms  132.91ms   1.21s    76.10%
        Req/Sec   130.48     45.77   290.00     73.89%
        Latency Distribution
        50%  492.71ms
        75%  568.41ms
        90%  709.65ms
        99%  941.86ms
        2727 requests in 3.03s, 5.02MB read
        Requests/sec:    900.50
        Transfer/sec:      1.66MB
        [run.sh] Speed is 900.50, duration is 44
        [run.sh] Fix the request number.
        [run.sh] Running the actual test
        [run.sh] /wrk/wrk --timeout 20s -t8 -c512 -d44s -L -s /wrk/fix_req_n.lua http://service0:80/endpoint1
        [run.sh] Checking the resource usage
        NAME                             CPU(cores)   MEMORY(bytes)
        service0-5f7bfff576-hz7w4        624m         56Mi
        service1-96558989f-wnbbk         325m         21Mi
        service10-6dfc96fb89-wrdcs       242m         9Mi
        service11-fdc7b966d-ktp88        5m           11Mi
        service12-7c4479d695-m4r8t       172m         9Mi
        service2-b9b68cb9d-28dc9         272m         21Mi
        service3-ddcb6f57c-lbfzh         506m         22Mi
        service4-b87f5c5bd-w4nwm         269m         11Mi
        service5-75886d8875-5bspd        124m         12Mi
        service6-6764844dcd-j276p        320m         10Mi
        service7-84cc97df4f-7sndz        292m         12Mi
        service8-5bcf7cccb8-8prj4        26m          10Mi
        service9-5dd9f4f756-zh4rp        244m         11Mi
        ubuntu-client-76886f6bbd-clhr4   5m           14Mi
        Running 44s test @ http://service0:80/endpoint1
        8 threads and 512 connections
        Thread Stats   Avg      Stdev     Max   +/- Stdev
        Latency   465.78ms  122.19ms   1.47s    77.92%
        Req/Sec   137.46     44.74   280.00     68.57%
        Latency Distribution
        50%  447.60ms
        75%  519.45ms
        90%  609.22ms
        99%  896.65ms
        20000 requests in 44.00s, 36.78MB read
        Requests/sec:    454.54
        Transfer/sec:    855.86KB
        ------------------------------
        stop time: 18.245712
        stop time: 18.109302
        stop time: 18.348131
        stop time: 18.329679
        stop time: 18.484722
        stop time: 18.593691
        stop time: 18.623985
        stop time: 18.603633
        [run.sh] Test finished with status 0
        > STDERR
        > No resources found in default namespace.
    [exp] Times: [18.245712, 18.109302, 18.348131, 18.329679, 18.484722, 18.593691, 18.623985, 18.603633]
    [exp] Throughput: 1085.932152791604
[test.py] Baseline throughput: 1085.932152791604
[test.py] Running groundtruth experiment
    [exp] Running (pre_run: False) workload synthetic/dag-balanced-http-sync request with the following configuration: {'CLIENT_CPU_QUOTA': '2', 'SLOWPOKE_POKER_BATCH_THRESHOLD': '30000000', 'PROCESSING_TIME_SERVICE0': '0.00108919', 'PROCESSING_TIME_SERVICE1': '0.00100941', 'PROCESSING_TIME_SERVICE2': '0.0', 'PROCESSING_TIME_SERVICE3': '0.00083553', 'PROCESSING_TIME_SERVICE4': '0.00078312', 'PROCESSING_TIME_SERVICE5': '0.0007556', 'PROCESSING_TIME_SERVICE6': '0.0007047', 'PROCESSING_TIME_SERVICE7': '0.00069676', 'PROCESSING_TIME_SERVICE8': '0.00066402', 'PROCESSING_TIME_SERVICE9': '0.00057196', 'PROCESSING_TIME_SERVICE10': '0.00057024', 'PROCESSING_TIME_SERVICE11': '0.00045514', 'PROCESSING_TIME_SERVICE12': '0.00031365', 'SLOWPOKE_DELAY_MICROS_SERVICE0': '0.0', 'SLOWPOKE_POKER_BATCH_THRESHOLD_SERVICE0': '10', 'SLOWPOKE_DELAY_MICROS_SERVICE1': '0.0', 'SLOWPOKE_POKER_BATCH_THRESHOLD_SERVICE1': '10', 'SLOWPOKE_DELAY_MICROS_SERVICE2': '0.0', 'SLOWPOKE_POKER_BATCH_THRESHOLD_SERVICE2': '10', 'SLOWPOKE_DELAY_MICROS_SERVICE3': '0.0', 'SLOWPOKE_POKER_BATCH_THRESHOLD_SERVICE3': '10', 'SLOWPOKE_DELAY_MICROS_SERVICE4': '0.0', 'SLOWPOKE_POKER_BATCH_THRESHOLD_SERVICE4': '10', 'SLOWPOKE_DELAY_MICROS_SERVICE5': '0.0', 'SLOWPOKE_POKER_BATCH_THRESHOLD_SERVICE5': '10', 'SLOWPOKE_DELAY_MICROS_SERVICE6': '0.0', 'SLOWPOKE_POKER_BATCH_THRESHOLD_SERVICE6': '10', 'SLOWPOKE_DELAY_MICROS_SERVICE7': '0.0', 'SLOWPOKE_POKER_BATCH_THRESHOLD_SERVICE7': '10', 'SLOWPOKE_DELAY_MICROS_SERVICE8': '0.0', 'SLOWPOKE_POKER_BATCH_THRESHOLD_SERVICE8': '10', 'SLOWPOKE_DELAY_MICROS_SERVICE9': '0.0', 'SLOWPOKE_POKER_BATCH_THRESHOLD_SERVICE9': '10', 'SLOWPOKE_DELAY_MICROS_SERVICE10': '0.0', 'SLOWPOKE_POKER_BATCH_THRESHOLD_SERVICE10': '10', 'SLOWPOKE_DELAY_MICROS_SERVICE11': '0.0', 'SLOWPOKE_POKER_BATCH_THRESHOLD_SERVICE11': '10', 'SLOWPOKE_DELAY_MICROS_SERVICE12': '0.0', 'SLOWPOKE_POKER_BATCH_THRESHOLD_SERVICE12': '10'}
    [exp] Executing cmd `bash run.sh synthetic dag-balanced-http-sync 8 512 20000`:
        [run.sh] Running benchmark synthetic with request dag-balanced-http-sync, thread 8, conn 512, duration 60
        [run.sh] Deleting all services
        configmap "config-service0" deleted
        deployment.apps "service0" deleted
        service "service0" deleted
        configmap "config-service1" deleted
        deployment.apps "service1" deleted
        service "service1" deleted
        configmap "config-service10" deleted
        deployment.apps "service10" deleted
        service "service10" deleted
        configmap "config-service11" deleted
        deployment.apps "service11" deleted
        service "service11" deleted
        configmap "config-service12" deleted
        deployment.apps "service12" deleted
        service "service12" deleted
        configmap "config-service2" deleted
        deployment.apps "service2" deleted
        service "service2" deleted
        configmap "config-service3" deleted
        deployment.apps "service3" deleted
        service "service3" deleted
        configmap "config-service4" deleted
        deployment.apps "service4" deleted
        service "service4" deleted
        configmap "config-service5" deleted
        deployment.apps "service5" deleted
        service "service5" deleted
        configmap "config-service6" deleted
        deployment.apps "service6" deleted
        service "service6" deleted
        configmap "config-service7" deleted
        deployment.apps "service7" deleted
        service "service7" deleted
        configmap "config-service8" deleted
        deployment.apps "service8" deleted
        service "service8" deleted
        configmap "config-service9" deleted
        deployment.apps "service9" deleted
        service "service9" deleted
        deployment.apps "ubuntu-client" deleted
        [run.sh] Waiting for all pods to be deleted
        [run.sh] Deploying all services
        configmap/config-service0 created
        deployment.apps/service0 created
        service/service0 created
        configmap/config-service1 created
        deployment.apps/service1 created
        service/service1 created
        configmap/config-service10 created
        deployment.apps/service10 created
        service/service10 created
        configmap/config-service11 created
        deployment.apps/service11 created
        service/service11 created
        configmap/config-service12 created
        deployment.apps/service12 created
        service/service12 created
        configmap/config-service2 created
        deployment.apps/service2 created
        service/service2 created
        configmap/config-service3 created
        deployment.apps/service3 created
        service/service3 created
        configmap/config-service4 created
        deployment.apps/service4 created
        service/service4 created
        configmap/config-service5 created
        deployment.apps/service5 created
        service/service5 created
        configmap/config-service6 created
        deployment.apps/service6 created
        service/service6 created
        configmap/config-service7 created
        deployment.apps/service7 created
        service/service7 created
        configmap/config-service8 created
        deployment.apps/service8 created
        service/service8 created
        configmap/config-service9 created
        deployment.apps/service9 created
        service/service9 created
        [run.sh] Client pod not found, deploying client
        deployment.apps/ubuntu-client created
        [run.sh] Waiting for all pods to be running
        [run.sh] All pods are running
        [run.sh] Checking heartbeat for all services
        [run.sh] All pods can connect to all services
        [run.sh] Running warmup test
        [run.sh] /wrk/wrk -t8 -c512 -d3s -L http://service0:80/endpoint1
        Running 3s test @ http://service0:80/endpoint1
        8 threads and 512 connections
        Thread Stats   Avg      Stdev     Max   +/- Stdev
        Latency   495.70ms  140.10ms   1.11s    74.04%
        Req/Sec   137.56     51.50   272.00     70.19%
        Latency Distribution
        50%  460.10ms
        75%  561.45ms
        90%  707.23ms
        99%  943.78ms
        2877 requests in 3.03s, 5.29MB read
        Requests/sec:    950.20
        Transfer/sec:      1.75MB
        [run.sh] Speed is 950.20, duration is 42
        [run.sh] Fix the request number.
        [run.sh] Running the actual test
        [run.sh] /wrk/wrk --timeout 20s -t8 -c512 -d42s -L -s /wrk/fix_req_n.lua http://service0:80/endpoint1
        [run.sh] Checking the resource usage
        NAME                             CPU(cores)   MEMORY(bytes)
        service0-5f7bfff576-nqz9b        628m         44Mi
        service1-96558989f-wx4c5         568m         21Mi
        service10-6dfc96fb89-ng82q       259m         10Mi
        service11-fdc7b966d-zg7zh        218m         10Mi
        service12-7c4479d695-mgczj       174m         10Mi
        service2-b9b68cb9d-fbk74         191m         14Mi
        service3-ddcb6f57c-4lvfr         525m         21Mi
        service4-b87f5c5bd-l4wkk         333m         11Mi
        service5-75886d8875-7c9ks        199m         10Mi
        service6-6764844dcd-l6bvk        298m         10Mi
        service7-84cc97df4f-knk2r        301m         9Mi
        service8-5bcf7cccb8-2b9h5        290m         9Mi
        service9-5dd9f4f756-b6nv5        251m         8Mi
        ubuntu-client-76886f6bbd-4sl7b   19m          0Mi
        Running 42s test @ http://service0:80/endpoint1
        8 threads and 512 connections
        Thread Stats   Avg      Stdev     Max   +/- Stdev
        Latency   739.23ms  967.86ms   5.69s    92.23%
        Req/Sec   135.28     44.42   282.00     64.20%
        Latency Distribution
        50%  463.48ms
        75%  543.85ms
        90%  838.46ms
        99%    5.44s
        20000 requests in 42.00s, 36.77MB read
        Requests/sec:    476.19
        Transfer/sec:      0.88MB
        ------------------------------
        stop time: 23.484242
        stop time: 23.445187
        stop time: 23.425641
        stop time: 23.312327
        stop time: 23.388015
        stop time: 23.456337
        stop time: 23.529084
        stop time: 23.744310
        [run.sh] Test finished with status 0
        > STDERR
        > No resources found in default namespace.
    [exp] Times: [23.484242, 23.445187, 23.425641, 23.312327, 23.388015, 23.456337, 23.529084, 23.74431]
    [exp] Throughput: 852.0375863813678
    [exp] Running (pre_run: False) workload synthetic/dag-balanced-http-sync request with the following configuration: {'CLIENT_CPU_QUOTA': '2', 'SLOWPOKE_POKER_BATCH_THRESHOLD': '30000000', 'PROCESSING_TIME_SERVICE0': '0.00108919', 'PROCESSING_TIME_SERVICE1': '0.00100941', 'PROCESSING_TIME_SERVICE2': '0.000488', 'PROCESSING_TIME_SERVICE3': '0.00083553', 'PROCESSING_TIME_SERVICE4': '0.00078312', 'PROCESSING_TIME_SERVICE5': '0.0007556', 'PROCESSING_TIME_SERVICE6': '0.0007047', 'PROCESSING_TIME_SERVICE7': '0.00069676', 'PROCESSING_TIME_SERVICE8': '0.00066402', 'PROCESSING_TIME_SERVICE9': '0.00057196', 'PROCESSING_TIME_SERVICE10': '0.00057024', 'PROCESSING_TIME_SERVICE11': '0.00045514', 'PROCESSING_TIME_SERVICE12': '0.00031365', 'SLOWPOKE_DELAY_MICROS_SERVICE0': '0.0', 'SLOWPOKE_POKER_BATCH_THRESHOLD_SERVICE0': '10', 'SLOWPOKE_DELAY_MICROS_SERVICE1': '0.0', 'SLOWPOKE_POKER_BATCH_THRESHOLD_SERVICE1': '10', 'SLOWPOKE_DELAY_MICROS_SERVICE2': '0.0', 'SLOWPOKE_POKER_BATCH_THRESHOLD_SERVICE2': '10', 'SLOWPOKE_DELAY_MICROS_SERVICE3': '0.0', 'SLOWPOKE_POKER_BATCH_THRESHOLD_SERVICE3': '10', 'SLOWPOKE_DELAY_MICROS_SERVICE4': '0.0', 'SLOWPOKE_POKER_BATCH_THRESHOLD_SERVICE4': '10', 'SLOWPOKE_DELAY_MICROS_SERVICE5': '0.0', 'SLOWPOKE_POKER_BATCH_THRESHOLD_SERVICE5': '10', 'SLOWPOKE_DELAY_MICROS_SERVICE6': '0.0', 'SLOWPOKE_POKER_BATCH_THRESHOLD_SERVICE6': '10', 'SLOWPOKE_DELAY_MICROS_SERVICE7': '0.0', 'SLOWPOKE_POKER_BATCH_THRESHOLD_SERVICE7': '10', 'SLOWPOKE_DELAY_MICROS_SERVICE8': '0.0', 'SLOWPOKE_POKER_BATCH_THRESHOLD_SERVICE8': '10', 'SLOWPOKE_DELAY_MICROS_SERVICE9': '0.0', 'SLOWPOKE_POKER_BATCH_THRESHOLD_SERVICE9': '10', 'SLOWPOKE_DELAY_MICROS_SERVICE10': '0.0', 'SLOWPOKE_POKER_BATCH_THRESHOLD_SERVICE10': '10', 'SLOWPOKE_DELAY_MICROS_SERVICE11': '0.0', 'SLOWPOKE_POKER_BATCH_THRESHOLD_SERVICE11': '10', 'SLOWPOKE_DELAY_MICROS_SERVICE12': '0.0', 'SLOWPOKE_POKER_BATCH_THRESHOLD_SERVICE12': '10'}
    [exp] Executing cmd `bash run.sh synthetic dag-balanced-http-sync 8 512 20000`:
        [run.sh] Running benchmark synthetic with request dag-balanced-http-sync, thread 8, conn 512, duration 60
        [run.sh] Deleting all services
        configmap "config-service0" deleted
        deployment.apps "service0" deleted
        service "service0" deleted
        configmap "config-service1" deleted
        deployment.apps "service1" deleted
        service "service1" deleted
        configmap "config-service10" deleted
        deployment.apps "service10" deleted
        service "service10" deleted
        configmap "config-service11" deleted
        deployment.apps "service11" deleted
        service "service11" deleted
        configmap "config-service12" deleted
        deployment.apps "service12" deleted
        service "service12" deleted
        configmap "config-service2" deleted
        deployment.apps "service2" deleted
        service "service2" deleted
        configmap "config-service3" deleted
        deployment.apps "service3" deleted
        service "service3" deleted
        configmap "config-service4" deleted
        deployment.apps "service4" deleted
        service "service4" deleted
        configmap "config-service5" deleted
        deployment.apps "service5" deleted
        service "service5" deleted
        configmap "config-service6" deleted
        deployment.apps "service6" deleted
        service "service6" deleted
        configmap "config-service7" deleted
        deployment.apps "service7" deleted
        service "service7" deleted
        configmap "config-service8" deleted
        deployment.apps "service8" deleted
        service "service8" deleted
        configmap "config-service9" deleted
        deployment.apps "service9" deleted
        service "service9" deleted
        deployment.apps "ubuntu-client" deleted
        [run.sh] Waiting for all pods to be deleted
        [run.sh] Deploying all services
        configmap/config-service0 created
        deployment.apps/service0 created
        service/service0 created
        configmap/config-service1 created
        deployment.apps/service1 created
        service/service1 created
        configmap/config-service10 created
        deployment.apps/service10 created
        service/service10 created
        configmap/config-service11 created
        deployment.apps/service11 created
        service/service11 created
        configmap/config-service12 created
        deployment.apps/service12 created
        service/service12 created
        configmap/config-service2 created
        deployment.apps/service2 created
        service/service2 created
        configmap/config-service3 created
        deployment.apps/service3 created
        service/service3 created
        configmap/config-service4 created
        deployment.apps/service4 created
        service/service4 created
        configmap/config-service5 created
        deployment.apps/service5 created
        service/service5 created
        configmap/config-service6 created
        deployment.apps/service6 created
        service/service6 created
        configmap/config-service7 created
        deployment.apps/service7 created
        service/service7 created
        configmap/config-service8 created
        deployment.apps/service8 created
        service/service8 created
        configmap/config-service9 created
        deployment.apps/service9 created
        service/service9 created
        [run.sh] Client pod not found, deploying client
        deployment.apps/ubuntu-client created
        [run.sh] Waiting for all pods to be running
        [run.sh] All pods are running
        [run.sh] Checking heartbeat for all services
        [run.sh] All pods can connect to all services
        [run.sh] Running warmup test
        [run.sh] /wrk/wrk -t8 -c512 -d3s -L http://service0:80/endpoint1
        Running 3s test @ http://service0:80/endpoint1
        8 threads and 512 connections
        Thread Stats   Avg      Stdev     Max   +/- Stdev
        Latency   524.31ms  147.96ms   1.17s    76.36%
        Req/Sec   130.29     46.69   260.00     70.00%
        Latency Distribution
        50%  496.62ms
        75%  573.04ms
        90%  722.22ms
        99%    1.03s
        2699 requests in 3.03s, 4.96MB read
        Requests/sec:    891.63
        Transfer/sec:      1.64MB
        [run.sh] Speed is 891.63, duration is 44
        [run.sh] Fix the request number.
        [run.sh] Running the actual test
        [run.sh] /wrk/wrk --timeout 20s -t8 -c512 -d44s -L -s /wrk/fix_req_n.lua http://service0:80/endpoint1
        [run.sh] Checking the resource usage
        NAME                             CPU(cores)   MEMORY(bytes)
        service0-5f7bfff576-dbqxx        608m         45Mi
        service1-96558989f-6p76m         538m         21Mi
        service10-6dfc96fb89-t8pdq       244m         10Mi
        service11-fdc7b966d-mz2b7        206m         9Mi
        service12-7c4479d695-tpm7v       27m          11Mi
        service2-b9b68cb9d-9s8p5         430m         15Mi
        service3-ddcb6f57c-2wdhq         212m         23Mi
        service4-b87f5c5bd-xblvf         313m         11Mi
        service5-75886d8875-h695c        298m         10Mi
        service6-6764844dcd-qw8lp        48m          10Mi
        service7-84cc97df4f-hmplc        285m         10Mi
        service8-5bcf7cccb8-dsccc        273m         9Mi
        service9-5dd9f4f756-fkwq6        35m          9Mi
        ubuntu-client-76886f6bbd-cn7sk   18m          0Mi
        Running 44s test @ http://service0:80/endpoint1
        8 threads and 512 connections
        Thread Stats   Avg      Stdev     Max   +/- Stdev
        Latency   466.30ms  110.75ms   1.26s    75.59%
        Req/Sec   137.26     42.69   272.00     66.30%
        Latency Distribution
        50%  451.34ms
        75%  519.24ms
        90%  594.79ms
        99%  851.81ms
        20000 requests in 44.00s, 36.77MB read
        Requests/sec:    454.54
        Transfer/sec:    855.82KB
        ------------------------------
        stop time: 18.336946
        stop time: 18.274856
        stop time: 18.321374
        stop time: 18.413652
        stop time: 18.418864
        stop time: 18.535499
        stop time: 18.561919
        stop time: 18.713392
        [run.sh] Test finished with status 0
        > STDERR
        > No resources found in default namespace.
    [exp] Times: [18.336946, 18.274856, 18.321374, 18.413652, 18.418864, 18.535499, 18.561919, 18.713392]
    [exp] Throughput: 1084.1834427001124
[test.py] Running slowdown experiment
    [exp] Running (pre_run: False) workload synthetic/dag-balanced-http-sync request with the following configuration: {'CLIENT_CPU_QUOTA': '2', 'SLOWPOKE_POKER_BATCH_THRESHOLD': '30000000', 'PROCESSING_TIME_SERVICE0': '0.00108919', 'PROCESSING_TIME_SERVICE1': '0.00100941', 'PROCESSING_TIME_SERVICE2': '0.00097687', 'PROCESSING_TIME_SERVICE3': '0.00083553', 'PROCESSING_TIME_SERVICE4': '0.00078312', 'PROCESSING_TIME_SERVICE5': '0.0007556', 'PROCESSING_TIME_SERVICE6': '0.0007047', 'PROCESSING_TIME_SERVICE7': '0.00069676', 'PROCESSING_TIME_SERVICE8': '0.00066402', 'PROCESSING_TIME_SERVICE9': '0.00057196', 'PROCESSING_TIME_SERVICE10': '0.00057024', 'PROCESSING_TIME_SERVICE11': '0.00045514', 'PROCESSING_TIME_SERVICE12': '0.00031365', 'SLOWPOKE_DELAY_MICROS_SERVICE0': '488.0', 'SLOWPOKE_POKER_BATCH_THRESHOLD_SERVICE0': '48800000', 'SLOWPOKE_DELAY_MICROS_SERVICE1': '488.0', 'SLOWPOKE_POKER_BATCH_THRESHOLD_SERVICE1': '48800000', 'SLOWPOKE_DELAY_MICROS_SERVICE2': '0.0', 'SLOWPOKE_POKER_BATCH_THRESHOLD_SERVICE2': '10', 'SLOWPOKE_DELAY_MICROS_SERVICE3': '488.0', 'SLOWPOKE_POKER_BATCH_THRESHOLD_SERVICE3': '48800000', 'SLOWPOKE_DELAY_MICROS_SERVICE4': '488.0', 'SLOWPOKE_POKER_BATCH_THRESHOLD_SERVICE4': '48800000', 'SLOWPOKE_DELAY_MICROS_SERVICE5': '488.0', 'SLOWPOKE_POKER_BATCH_THRESHOLD_SERVICE5': '48800000', 'SLOWPOKE_DELAY_MICROS_SERVICE6': '488.0', 'SLOWPOKE_POKER_BATCH_THRESHOLD_SERVICE6': '48800000', 'SLOWPOKE_DELAY_MICROS_SERVICE7': '488.0', 'SLOWPOKE_POKER_BATCH_THRESHOLD_SERVICE7': '48800000', 'SLOWPOKE_DELAY_MICROS_SERVICE8': '488.0', 'SLOWPOKE_POKER_BATCH_THRESHOLD_SERVICE8': '48800000', 'SLOWPOKE_DELAY_MICROS_SERVICE9': '488.0', 'SLOWPOKE_POKER_BATCH_THRESHOLD_SERVICE9': '48800000', 'SLOWPOKE_DELAY_MICROS_SERVICE10': '488.0', 'SLOWPOKE_POKER_BATCH_THRESHOLD_SERVICE10': '48800000', 'SLOWPOKE_DELAY_MICROS_SERVICE11': '488.0', 'SLOWPOKE_POKER_BATCH_THRESHOLD_SERVICE11': '48800000', 'SLOWPOKE_DELAY_MICROS_SERVICE12': '488.0', 'SLOWPOKE_POKER_BATCH_THRESHOLD_SERVICE12': '48800000'}
    [exp] Executing cmd `bash run.sh synthetic dag-balanced-http-sync 8 512 20000`:
        [run.sh] Running benchmark synthetic with request dag-balanced-http-sync, thread 8, conn 512, duration 60
        [run.sh] Deleting all services
        configmap "config-service0" deleted
        deployment.apps "service0" deleted
        service "service0" deleted
        configmap "config-service1" deleted
        deployment.apps "service1" deleted
        service "service1" deleted
        configmap "config-service10" deleted
        deployment.apps "service10" deleted
        service "service10" deleted
        configmap "config-service11" deleted
        deployment.apps "service11" deleted
        service "service11" deleted
        configmap "config-service12" deleted
        deployment.apps "service12" deleted
        service "service12" deleted
        configmap "config-service2" deleted
        deployment.apps "service2" deleted
        service "service2" deleted
        configmap "config-service3" deleted
        deployment.apps "service3" deleted
        service "service3" deleted
        configmap "config-service4" deleted
        deployment.apps "service4" deleted
        service "service4" deleted
        configmap "config-service5" deleted
        deployment.apps "service5" deleted
        service "service5" deleted
        configmap "config-service6" deleted
        deployment.apps "service6" deleted
        service "service6" deleted
        configmap "config-service7" deleted
        deployment.apps "service7" deleted
        service "service7" deleted
        configmap "config-service8" deleted
        deployment.apps "service8" deleted
        service "service8" deleted
        configmap "config-service9" deleted
        deployment.apps "service9" deleted
        service "service9" deleted
        deployment.apps "ubuntu-client" deleted
        [run.sh] Waiting for all pods to be deleted
        [run.sh] Deploying all services
        configmap/config-service0 created
        deployment.apps/service0 created
        service/service0 created
        configmap/config-service1 created
        deployment.apps/service1 created
        service/service1 created
        configmap/config-service10 created
        deployment.apps/service10 created
        service/service10 created
        configmap/config-service11 created
        deployment.apps/service11 created
        service/service11 created
        configmap/config-service12 created
        deployment.apps/service12 created
        service/service12 created
        configmap/config-service2 created
        deployment.apps/service2 created
        service/service2 created
        configmap/config-service3 created
        deployment.apps/service3 created
        service/service3 created
        configmap/config-service4 created
        deployment.apps/service4 created
        service/service4 created
        configmap/config-service5 created
        deployment.apps/service5 created
        service/service5 created
        configmap/config-service6 created
        deployment.apps/service6 created
        service/service6 created
        configmap/config-service7 created
        deployment.apps/service7 created
        service/service7 created
        configmap/config-service8 created
        deployment.apps/service8 created
        service/service8 created
        configmap/config-service9 created
        deployment.apps/service9 created
        service/service9 created
        [run.sh] Client pod not found, deploying client
        deployment.apps/ubuntu-client created
        [run.sh] Waiting for all pods to be running
        [run.sh] All pods are running
        [run.sh] Checking heartbeat for all services
        [run.sh] All pods can connect to all services
        [run.sh] Running warmup test
        [run.sh] /wrk/wrk -t8 -c512 -d3s -L http://service0:80/endpoint1
        Running 3s test @ http://service0:80/endpoint1
        8 threads and 512 connections
        Thread Stats   Avg      Stdev     Max   +/- Stdev
        Latency   758.64ms  165.02ms   1.48s    77.21%
        Req/Sec    88.14     42.67   230.00     66.00%
        Latency Distribution
        50%  718.71ms
        75%  819.17ms
        90%  995.97ms
        99%    1.32s
        1795 requests in 3.02s, 3.30MB read
        Requests/sec:    593.83
        Transfer/sec:      1.09MB
        [run.sh] Speed is 593.83, duration is 67
        [run.sh] Fix the request number.
        [run.sh] Running the actual test
        [run.sh] /wrk/wrk --timeout 20s -t8 -c512 -d67s -L -s /wrk/fix_req_n.lua http://service0:80/endpoint1
        [run.sh] Checking the resource usage
        NAME                             CPU(cores)   MEMORY(bytes)
        service0-675d74bcd7-dxj9x        39m          42Mi
        service1-6c9ffc56-825s4          253m         22Mi
        service10-7bd9d46d8-9mlgr        42m          11Mi
        service11-5bd8f875fc-xz6jd       149m         10Mi
        service12-648f84df78-w9jw6       1m           9Mi
        service2-b9b68cb9d-l6pwc         431m         18Mi
        service3-6b8ff98666-kjh7f        1m           22Mi
        service4-7bb6467887-lzghm        89m          11Mi
        service5-78c5dcc9b8-2m497        214m         11Mi
        service6-c67578b4f-bjwld         7m           10Mi
        service7-6f57b69878-crl86        38m          11Mi
        service8-795f7f48c-nt6s9         195m         9Mi
        service9-759c9fb689-h5hw7        7m           10Mi
        ubuntu-client-76886f6bbd-qf7c7   25m          0Mi
        Running 1m test @ http://service0:80/endpoint1
        8 threads and 512 connections
        Thread Stats   Avg      Stdev     Max   +/- Stdev
        Latency   712.90ms  103.13ms   1.46s    73.58%
        Req/Sec    89.68     40.59   220.00     69.57%
        Latency Distribution
        50%  703.59ms
        75%  764.71ms
        90%  840.07ms
        99%  997.46ms
        20000 requests in 1.12m, 36.77MB read
        Requests/sec:    298.51
        Transfer/sec:    562.03KB
        ------------------------------
        stop time: 27.791295
        stop time: 27.940372
        stop time: 27.932386
        stop time: 28.261120
        stop time: 28.275829
        stop time: 28.367270
        stop time: 28.362177
        stop time: 28.461815
        [run.sh] Test finished with status 0
        > STDERR
        > No resources found in default namespace.
    [exp] Times: [27.791295, 27.940372, 27.932386, 28.26112, 28.275829, 28.36727, 28.362177, 28.461815]
    [exp] Throughput: 709.8735207699941
    [exp] Running (pre_run: False) workload synthetic/dag-balanced-http-sync request with the following configuration: {'CLIENT_CPU_QUOTA': '2', 'SLOWPOKE_POKER_BATCH_THRESHOLD': '30000000', 'PROCESSING_TIME_SERVICE0': '0.00108919', 'PROCESSING_TIME_SERVICE1': '0.00100941', 'PROCESSING_TIME_SERVICE2': '0.00097687', 'PROCESSING_TIME_SERVICE3': '0.00083553', 'PROCESSING_TIME_SERVICE4': '0.00078312', 'PROCESSING_TIME_SERVICE5': '0.0007556', 'PROCESSING_TIME_SERVICE6': '0.0007047', 'PROCESSING_TIME_SERVICE7': '0.00069676', 'PROCESSING_TIME_SERVICE8': '0.00066402', 'PROCESSING_TIME_SERVICE9': '0.00057196', 'PROCESSING_TIME_SERVICE10': '0.00057024', 'PROCESSING_TIME_SERVICE11': '0.00045514', 'PROCESSING_TIME_SERVICE12': '0.00031365', 'SLOWPOKE_DELAY_MICROS_SERVICE0': '244.0', 'SLOWPOKE_POKER_BATCH_THRESHOLD_SERVICE0': '24400000', 'SLOWPOKE_DELAY_MICROS_SERVICE1': '244.0', 'SLOWPOKE_POKER_BATCH_THRESHOLD_SERVICE1': '24400000', 'SLOWPOKE_DELAY_MICROS_SERVICE2': '0.0', 'SLOWPOKE_POKER_BATCH_THRESHOLD_SERVICE2': '10', 'SLOWPOKE_DELAY_MICROS_SERVICE3': '244.0', 'SLOWPOKE_POKER_BATCH_THRESHOLD_SERVICE3': '24400000', 'SLOWPOKE_DELAY_MICROS_SERVICE4': '244.0', 'SLOWPOKE_POKER_BATCH_THRESHOLD_SERVICE4': '24400000', 'SLOWPOKE_DELAY_MICROS_SERVICE5': '244.0', 'SLOWPOKE_POKER_BATCH_THRESHOLD_SERVICE5': '24400000', 'SLOWPOKE_DELAY_MICROS_SERVICE6': '244.0', 'SLOWPOKE_POKER_BATCH_THRESHOLD_SERVICE6': '24400000', 'SLOWPOKE_DELAY_MICROS_SERVICE7': '244.0', 'SLOWPOKE_POKER_BATCH_THRESHOLD_SERVICE7': '24400000', 'SLOWPOKE_DELAY_MICROS_SERVICE8': '244.0', 'SLOWPOKE_POKER_BATCH_THRESHOLD_SERVICE8': '24400000', 'SLOWPOKE_DELAY_MICROS_SERVICE9': '244.0', 'SLOWPOKE_POKER_BATCH_THRESHOLD_SERVICE9': '24400000', 'SLOWPOKE_DELAY_MICROS_SERVICE10': '244.0', 'SLOWPOKE_POKER_BATCH_THRESHOLD_SERVICE10': '24400000', 'SLOWPOKE_DELAY_MICROS_SERVICE11': '244.0', 'SLOWPOKE_POKER_BATCH_THRESHOLD_SERVICE11': '24400000', 'SLOWPOKE_DELAY_MICROS_SERVICE12': '244.0', 'SLOWPOKE_POKER_BATCH_THRESHOLD_SERVICE12': '24400000'}
    [exp] Executing cmd `bash run.sh synthetic dag-balanced-http-sync 8 512 20000`:
        [run.sh] Running benchmark synthetic with request dag-balanced-http-sync, thread 8, conn 512, duration 60
        [run.sh] Deleting all services
        configmap "config-service0" deleted
        deployment.apps "service0" deleted
        service "service0" deleted
        configmap "config-service1" deleted
        deployment.apps "service1" deleted
        service "service1" deleted
        configmap "config-service10" deleted
        deployment.apps "service10" deleted
        service "service10" deleted
        configmap "config-service11" deleted
        deployment.apps "service11" deleted
        service "service11" deleted
        configmap "config-service12" deleted
        deployment.apps "service12" deleted
        service "service12" deleted
        configmap "config-service2" deleted
        deployment.apps "service2" deleted
        service "service2" deleted
        configmap "config-service3" deleted
        deployment.apps "service3" deleted
        service "service3" deleted
        configmap "config-service4" deleted
        deployment.apps "service4" deleted
        service "service4" deleted
        configmap "config-service5" deleted
        deployment.apps "service5" deleted
        service "service5" deleted
        configmap "config-service6" deleted
        deployment.apps "service6" deleted
        service "service6" deleted
        configmap "config-service7" deleted
        deployment.apps "service7" deleted
        service "service7" deleted
        configmap "config-service8" deleted
        deployment.apps "service8" deleted
        service "service8" deleted
        configmap "config-service9" deleted
        deployment.apps "service9" deleted
        service "service9" deleted
        deployment.apps "ubuntu-client" deleted
        [run.sh] Waiting for all pods to be deleted
        [run.sh] Deploying all services
        configmap/config-service0 created
        deployment.apps/service0 created
        service/service0 created
        configmap/config-service1 created
        deployment.apps/service1 created
        service/service1 created
        configmap/config-service10 created
        deployment.apps/service10 created
        service/service10 created
        configmap/config-service11 created
        deployment.apps/service11 created
        service/service11 created
        configmap/config-service12 created
        deployment.apps/service12 created
        service/service12 created
        configmap/config-service2 created
        deployment.apps/service2 created
        service/service2 created
        configmap/config-service3 created
        deployment.apps/service3 created
        service/service3 created
        configmap/config-service4 created
        deployment.apps/service4 created
        service/service4 created
        configmap/config-service5 created
        deployment.apps/service5 created
        service/service5 created
        configmap/config-service6 created
        deployment.apps/service6 created
        service/service6 created
        configmap/config-service7 created
        deployment.apps/service7 created
        service/service7 created
        configmap/config-service8 created
        deployment.apps/service8 created
        service/service8 created
        configmap/config-service9 created
        deployment.apps/service9 created
        service/service9 created
        [run.sh] Client pod not found, deploying client
        deployment.apps/ubuntu-client created
        [run.sh] Waiting for all pods to be running
        [run.sh] All pods are running
        [run.sh] Checking heartbeat for all services
        [run.sh] All pods can connect to all services
        [run.sh] Running warmup test
        [run.sh] /wrk/wrk -t8 -c512 -d3s -L http://service0:80/endpoint1
        Running 3s test @ http://service0:80/endpoint1
        8 threads and 512 connections
        Thread Stats   Avg      Stdev     Max   +/- Stdev
        Latency   643.25ms  188.87ms   1.52s    76.25%
        Req/Sec   105.18     43.87   222.00     67.00%
        Latency Distribution
        50%  575.04ms
        75%  695.20ms
        90%  955.31ms
        99%    1.23s
        2138 requests in 3.02s, 3.93MB read
        Requests/sec:    707.13
        Transfer/sec:      1.30MB
        [run.sh] Speed is 707.13, duration is 56
        [run.sh] Fix the request number.
        [run.sh] Running the actual test
        [run.sh] /wrk/wrk --timeout 20s -t8 -c512 -d56s -L -s /wrk/fix_req_n.lua http://service0:80/endpoint1
        [run.sh] Checking the resource usage
        NAME                             CPU(cores)   MEMORY(bytes)
        service0-c4776956c-fd777         1535m        55Mi
        service1-86975bcf6-cm6h7         1479m        22Mi
        service10-859777cc8d-tbd4x       658m         11Mi
        service11-5bc69d567c-7td67       502m         10Mi
        service12-6f99d754db-brsz5       436m         11Mi
        service2-b9b68cb9d-9dktn         1562m        20Mi
        service3-7c556dc9c8-khdgn        1349m        21Mi
        service4-56d4678d87-v9lb4        845m         12Mi
        service5-66858b6f44-wllv8        818m         12Mi
        service6-8599bd4f97-vtmcr        762m         12Mi
        service7-578dbb5c8b-dgqq5        773m         12Mi
        service8-79b966747-dx6j6         666m         11Mi
        service9-66cb5cdc8f-f4r9m        654m         11Mi
        ubuntu-client-76886f6bbd-qzj7w   43m          16Mi
        Running 1m test @ http://service0:80/endpoint1
        8 threads and 512 connections
        Thread Stats   Avg      Stdev     Max   +/- Stdev
        Latency   585.05ms  135.08ms   1.61s    76.74%
        Req/Sec   109.09     39.06   260.00     62.55%
        Latency Distribution
        50%  569.44ms
        75%  644.28ms
        90%  736.97ms
        99%    1.03s
        20000 requests in 0.93m, 36.77MB read
        Requests/sec:    357.14
        Transfer/sec:    672.43KB
        ------------------------------
        stop time: 22.611754
        stop time: 22.792853
        stop time: 23.181291
        stop time: 23.164326
        stop time: 23.258420
        stop time: 23.286007
        stop time: 23.436237
        stop time: 23.243010
        [run.sh] Test finished with status 0
        > STDERR
        > No resources found in default namespace.
    [exp] Times: [22.611754, 22.792853, 23.181291, 23.164326, 23.25842, 23.286007, 23.436237, 23.24301]
    [exp] Throughput: 864.9869075041063
[test.py] Baseline throughput:  1085.932152791604
[test.py] Groundtruth:  [852.0375863813678, 1084.1834427001124]
[test.py] Slowdown:  [709.8735207699941, 864.9869075041063]
[test.py] Predicted:  [1086.6415728528248, 1096.9099511931288]
[test.py] Error percentage:  [27.534464467445385, 1.1738335037954029]
[test.py] ++++++++++++++++++++++++++++++++ Summary: 
[test.py] Result for the experiment 0: 
    Baseline throughput: 1085.932152791604
    Groundtruth: [852.0375863813678, 1084.1834427001124]
    Slowdown:    [709.8735207699941, 864.9869075041063]
    Predicted:   [1086.6415728528248, 1096.9099511931288]
    Error Perc:  [27.534464467445385, 1.1738335037954029]
