[config.py] Random numbers for execution time: [200.0785256099307, 481.5031397139192, 626.0940181937212, 694.7560428412655, 728.934704646149, 764.8880495841145, 778.8723210905794, 813.9777393602999, 828.8496315574814, 872.2849921186089, 923.4680258187723, 1090.352487638868, 1262.701270029618]
benchmark                        : synthetic
num_threads                      : 8
num_conns                        : 512
target_service                   : service8
request_type                     : dag-balanced-http-sync
repetitions                      : 1
target_num_exp                   : 2
pre_run                          : False
num_req                          : 20000
groundtruths                     : []
slowdowns                        : []
predicteds                       : []
errs                             : []
client_cpu_quota                 : 2
random_seed                      : 16990
request_ratio                    : {'service0': 1, 'service1': 1, 'service2': 1, 'service3': 1, 'service4': 1, 'service5': 1, 'service6': 1, 'service7': 1, 'service8': 1, 'service9': 1, 'service10': 1, 'service11': 1, 'service12': 1}
baseline_service_processing_time : {'service0': 1262.7, 'service1': 1090.35, 'service2': 923.47, 'service3': 872.28, 'service4': 828.85, 'service5': 813.98, 'service6': 778.87, 'service7': 764.89, 'service8': 1457.87, 'service9': 694.76, 'service10': 626.09, 'service11': 481.5, 'service12': 200.08}
cpu_quota                        : {'service0': 2, 'service1': 2, 'service2': 2, 'service3': 2, 'service4': 2, 'service5': 2, 'service6': 2, 'service7': 2, 'service8': 2, 'service9': 2, 'service10': 2, 'service11': 2, 'service12': 2}
target_processing_time_range     : [0, 1457.87]
baseline_throughputs             : []
poker_batch                      : 30000000
[test.py] Starting experiment...
[test.py] >>>>>>>>>>>>>>>>>>>>>>>>>>>>> Running experiment 0...
[test.py] Actual processing time range: [0, 728]
[test.py] Running baseline experiment
    [exp] Running (pre_run: False) workload synthetic/dag-balanced-http-sync request with the following configuration: {'CLIENT_CPU_QUOTA': '2', 'SLOWPOKE_POKER_BATCH_THRESHOLD': '30000000', 'PROCESSING_TIME_SERVICE0': '0.0012627', 'PROCESSING_TIME_SERVICE1': '0.00109035', 'PROCESSING_TIME_SERVICE2': '0.00092347', 'PROCESSING_TIME_SERVICE3': '0.00087228', 'PROCESSING_TIME_SERVICE4': '0.00082885', 'PROCESSING_TIME_SERVICE5': '0.00081398', 'PROCESSING_TIME_SERVICE6': '0.00077887', 'PROCESSING_TIME_SERVICE7': '0.00076489', 'PROCESSING_TIME_SERVICE8': '0.00145787', 'PROCESSING_TIME_SERVICE9': '0.00069476', 'PROCESSING_TIME_SERVICE10': '0.00062609', 'PROCESSING_TIME_SERVICE11': '0.0004815', 'PROCESSING_TIME_SERVICE12': '0.00020008', 'SLOWPOKE_DELAY_MICROS_SERVICE0': '0.0', 'SLOWPOKE_POKER_BATCH_THRESHOLD_SERVICE0': '10', 'SLOWPOKE_DELAY_MICROS_SERVICE1': '0.0', 'SLOWPOKE_POKER_BATCH_THRESHOLD_SERVICE1': '10', 'SLOWPOKE_DELAY_MICROS_SERVICE2': '0.0', 'SLOWPOKE_POKER_BATCH_THRESHOLD_SERVICE2': '10', 'SLOWPOKE_DELAY_MICROS_SERVICE3': '0.0', 'SLOWPOKE_POKER_BATCH_THRESHOLD_SERVICE3': '10', 'SLOWPOKE_DELAY_MICROS_SERVICE4': '0.0', 'SLOWPOKE_POKER_BATCH_THRESHOLD_SERVICE4': '10', 'SLOWPOKE_DELAY_MICROS_SERVICE5': '0.0', 'SLOWPOKE_POKER_BATCH_THRESHOLD_SERVICE5': '10', 'SLOWPOKE_DELAY_MICROS_SERVICE6': '0.0', 'SLOWPOKE_POKER_BATCH_THRESHOLD_SERVICE6': '10', 'SLOWPOKE_DELAY_MICROS_SERVICE7': '0.0', 'SLOWPOKE_POKER_BATCH_THRESHOLD_SERVICE7': '10', 'SLOWPOKE_DELAY_MICROS_SERVICE8': '0.0', 'SLOWPOKE_POKER_BATCH_THRESHOLD_SERVICE8': '10', 'SLOWPOKE_DELAY_MICROS_SERVICE9': '0.0', 'SLOWPOKE_POKER_BATCH_THRESHOLD_SERVICE9': '10', 'SLOWPOKE_DELAY_MICROS_SERVICE10': '0.0', 'SLOWPOKE_POKER_BATCH_THRESHOLD_SERVICE10': '10', 'SLOWPOKE_DELAY_MICROS_SERVICE11': '0.0', 'SLOWPOKE_POKER_BATCH_THRESHOLD_SERVICE11': '10', 'SLOWPOKE_DELAY_MICROS_SERVICE12': '0.0', 'SLOWPOKE_POKER_BATCH_THRESHOLD_SERVICE12': '10'}
    [exp] Executing cmd `bash run.sh synthetic dag-balanced-http-sync 8 512 20000`:
        [run.sh] Running benchmark synthetic with request dag-balanced-http-sync, thread 8, conn 512, duration 60
        [run.sh] Deleting all services
        configmap "config-service0" deleted
        deployment.apps "service0" deleted
        service "service0" deleted
        configmap "config-service1" deleted
        deployment.apps "service1" deleted
        service "service1" deleted
        configmap "config-service10" deleted
        deployment.apps "service10" deleted
        service "service10" deleted
        configmap "config-service11" deleted
        deployment.apps "service11" deleted
        service "service11" deleted
        configmap "config-service12" deleted
        deployment.apps "service12" deleted
        service "service12" deleted
        configmap "config-service2" deleted
        deployment.apps "service2" deleted
        service "service2" deleted
        configmap "config-service3" deleted
        deployment.apps "service3" deleted
        service "service3" deleted
        configmap "config-service4" deleted
        deployment.apps "service4" deleted
        service "service4" deleted
        configmap "config-service5" deleted
        deployment.apps "service5" deleted
        service "service5" deleted
        configmap "config-service6" deleted
        deployment.apps "service6" deleted
        service "service6" deleted
        configmap "config-service7" deleted
        deployment.apps "service7" deleted
        service "service7" deleted
        configmap "config-service8" deleted
        deployment.apps "service8" deleted
        service "service8" deleted
        configmap "config-service9" deleted
        deployment.apps "service9" deleted
        service "service9" deleted
        deployment.apps "ubuntu-client" deleted
        [run.sh] Waiting for all pods to be deleted
        [run.sh] Deploying all services
        configmap/config-service0 created
        deployment.apps/service0 created
        service/service0 created
        configmap/config-service1 created
        deployment.apps/service1 created
        service/service1 created
        configmap/config-service10 created
        deployment.apps/service10 created
        service/service10 created
        configmap/config-service11 created
        deployment.apps/service11 created
        service/service11 created
        configmap/config-service12 created
        deployment.apps/service12 created
        service/service12 created
        configmap/config-service2 created
        deployment.apps/service2 created
        service/service2 created
        configmap/config-service3 created
        deployment.apps/service3 created
        service/service3 created
        configmap/config-service4 created
        deployment.apps/service4 created
        service/service4 created
        configmap/config-service5 created
        deployment.apps/service5 created
        service/service5 created
        configmap/config-service6 created
        deployment.apps/service6 created
        service/service6 created
        configmap/config-service7 created
        deployment.apps/service7 created
        service/service7 created
        configmap/config-service8 created
        deployment.apps/service8 created
        service/service8 created
        configmap/config-service9 created
        deployment.apps/service9 created
        service/service9 created
        [run.sh] Client pod not found, deploying client
        deployment.apps/ubuntu-client created
        [run.sh] Waiting for all pods to be running
        [run.sh] All pods are running
        [run.sh] Checking heartbeat for all services
        [run.sh] All pods can connect to all services
        [run.sh] Running warmup test
        [run.sh] /wrk/wrk -t8 -c512 -d3s -L http://service0:80/endpoint1
        Running 3s test @ http://service0:80/endpoint1
        8 threads and 512 connections
        Thread Stats   Avg      Stdev     Max   +/- Stdev
        Latency   579.87ms  184.67ms   1.32s    75.61%
        Req/Sec   120.77     49.62   310.00     66.15%
        Latency Distribution
        50%  531.47ms
        75%  649.49ms
        90%  862.96ms
        99%    1.18s
        2394 requests in 3.02s, 4.41MB read
        Requests/sec:    792.85
        Transfer/sec:      1.46MB
        [run.sh] Speed is 792.85, duration is 50
        [run.sh] Fix the request number.
        [run.sh] Running the actual test
        [run.sh] /wrk/wrk --timeout 20s -t8 -c512 -d50s -L -s /wrk/fix_req_n.lua http://service0:80/endpoint1
        [run.sh] Checking the resource usage
        NAME                             CPU(cores)   MEMORY(bytes)
        service0-5f7bfff576-4v2d2        306m         45Mi
        service1-96558989f-48vj5         360m         21Mi
        service10-6dfc96fb89-v4dpn       241m         10Mi
        service11-fdc7b966d-jn42b        100m         10Mi
        service12-7c4479d695-6mc9s       119m         10Mi
        service2-b9b68cb9d-txlcc         484m         19Mi
        service3-ddcb6f57c-knvg6         479m         21Mi
        service4-b87f5c5bd-jc67n         296m         10Mi
        service5-75886d8875-45lkx        292m         10Mi
        service6-6764844dcd-tt5nk        275m         11Mi
        service7-84cc97df4f-gkfwz        277m         9Mi
        service8-5bcf7cccb8-v7hh2        287m         12Mi
        service9-5dd9f4f756-rcr6h        256m         10Mi
        ubuntu-client-76886f6bbd-dwtst   5m           6Mi
        Running 50s test @ http://service0:80/endpoint1
        8 threads and 512 connections
        Thread Stats   Avg      Stdev     Max   +/- Stdev
        Latency   505.73ms  120.37ms   1.20s    73.14%
        Req/Sec   127.16     42.68   252.00     64.90%
        Latency Distribution
        50%  486.89ms
        75%  563.96ms
        90%  664.04ms
        99%  884.29ms
        20000 requests in 50.00s, 36.78MB read
        Requests/sec:    400.00
        Transfer/sec:    753.16KB
        ------------------------------
        stop time: 19.819583
        stop time: 19.817319
        stop time: 20.106611
        stop time: 19.941501
        stop time: 20.061138
        stop time: 20.073207
        stop time: 20.099432
        stop time: 20.126761
        [run.sh] Test finished with status 0
        > STDERR
        > No resources found in default namespace.
    [exp] Times: [19.819583, 19.817319, 20.106611, 19.941501, 20.061138, 20.073207, 20.099432, 20.126761]
    [exp] Throughput: 999.7153810310206
[test.py] Baseline throughput: 999.7153810310206
[test.py] Running groundtruth experiment
    [exp] Running (pre_run: False) workload synthetic/dag-balanced-http-sync request with the following configuration: {'CLIENT_CPU_QUOTA': '2', 'SLOWPOKE_POKER_BATCH_THRESHOLD': '30000000', 'PROCESSING_TIME_SERVICE0': '0.0012627', 'PROCESSING_TIME_SERVICE1': '0.00109035', 'PROCESSING_TIME_SERVICE2': '0.00092347', 'PROCESSING_TIME_SERVICE3': '0.00087228', 'PROCESSING_TIME_SERVICE4': '0.00082885', 'PROCESSING_TIME_SERVICE5': '0.00081398', 'PROCESSING_TIME_SERVICE6': '0.00077887', 'PROCESSING_TIME_SERVICE7': '0.00076489', 'PROCESSING_TIME_SERVICE8': '0.0', 'PROCESSING_TIME_SERVICE9': '0.00069476', 'PROCESSING_TIME_SERVICE10': '0.00062609', 'PROCESSING_TIME_SERVICE11': '0.0004815', 'PROCESSING_TIME_SERVICE12': '0.00020008', 'SLOWPOKE_DELAY_MICROS_SERVICE0': '0.0', 'SLOWPOKE_POKER_BATCH_THRESHOLD_SERVICE0': '10', 'SLOWPOKE_DELAY_MICROS_SERVICE1': '0.0', 'SLOWPOKE_POKER_BATCH_THRESHOLD_SERVICE1': '10', 'SLOWPOKE_DELAY_MICROS_SERVICE2': '0.0', 'SLOWPOKE_POKER_BATCH_THRESHOLD_SERVICE2': '10', 'SLOWPOKE_DELAY_MICROS_SERVICE3': '0.0', 'SLOWPOKE_POKER_BATCH_THRESHOLD_SERVICE3': '10', 'SLOWPOKE_DELAY_MICROS_SERVICE4': '0.0', 'SLOWPOKE_POKER_BATCH_THRESHOLD_SERVICE4': '10', 'SLOWPOKE_DELAY_MICROS_SERVICE5': '0.0', 'SLOWPOKE_POKER_BATCH_THRESHOLD_SERVICE5': '10', 'SLOWPOKE_DELAY_MICROS_SERVICE6': '0.0', 'SLOWPOKE_POKER_BATCH_THRESHOLD_SERVICE6': '10', 'SLOWPOKE_DELAY_MICROS_SERVICE7': '0.0', 'SLOWPOKE_POKER_BATCH_THRESHOLD_SERVICE7': '10', 'SLOWPOKE_DELAY_MICROS_SERVICE8': '0.0', 'SLOWPOKE_POKER_BATCH_THRESHOLD_SERVICE8': '10', 'SLOWPOKE_DELAY_MICROS_SERVICE9': '0.0', 'SLOWPOKE_POKER_BATCH_THRESHOLD_SERVICE9': '10', 'SLOWPOKE_DELAY_MICROS_SERVICE10': '0.0', 'SLOWPOKE_POKER_BATCH_THRESHOLD_SERVICE10': '10', 'SLOWPOKE_DELAY_MICROS_SERVICE11': '0.0', 'SLOWPOKE_POKER_BATCH_THRESHOLD_SERVICE11': '10', 'SLOWPOKE_DELAY_MICROS_SERVICE12': '0.0', 'SLOWPOKE_POKER_BATCH_THRESHOLD_SERVICE12': '10'}
    [exp] Executing cmd `bash run.sh synthetic dag-balanced-http-sync 8 512 20000`:
        [run.sh] Running benchmark synthetic with request dag-balanced-http-sync, thread 8, conn 512, duration 60
        [run.sh] Deleting all services
        configmap "config-service0" deleted
        deployment.apps "service0" deleted
        service "service0" deleted
        configmap "config-service1" deleted
        deployment.apps "service1" deleted
        service "service1" deleted
        configmap "config-service10" deleted
        deployment.apps "service10" deleted
        service "service10" deleted
        configmap "config-service11" deleted
        deployment.apps "service11" deleted
        service "service11" deleted
        configmap "config-service12" deleted
        deployment.apps "service12" deleted
        service "service12" deleted
        configmap "config-service2" deleted
        deployment.apps "service2" deleted
        service "service2" deleted
        configmap "config-service3" deleted
        deployment.apps "service3" deleted
        service "service3" deleted
        configmap "config-service4" deleted
        deployment.apps "service4" deleted
        service "service4" deleted
        configmap "config-service5" deleted
        deployment.apps "service5" deleted
        service "service5" deleted
        configmap "config-service6" deleted
        deployment.apps "service6" deleted
        service "service6" deleted
        configmap "config-service7" deleted
        deployment.apps "service7" deleted
        service "service7" deleted
        configmap "config-service8" deleted
        deployment.apps "service8" deleted
        service "service8" deleted
        configmap "config-service9" deleted
        deployment.apps "service9" deleted
        service "service9" deleted
        deployment.apps "ubuntu-client" deleted
        [run.sh] Waiting for all pods to be deleted
        [run.sh] Deploying all services
        configmap/config-service0 created
        deployment.apps/service0 created
        service/service0 created
        configmap/config-service1 created
        deployment.apps/service1 created
        service/service1 created
        configmap/config-service10 created
        deployment.apps/service10 created
        service/service10 created
        configmap/config-service11 created
        deployment.apps/service11 created
        service/service11 created
        configmap/config-service12 created
        deployment.apps/service12 created
        service/service12 created
        configmap/config-service2 created
        deployment.apps/service2 created
        service/service2 created
        configmap/config-service3 created
        deployment.apps/service3 created
        service/service3 created
        configmap/config-service4 created
        deployment.apps/service4 created
        service/service4 created
        configmap/config-service5 created
        deployment.apps/service5 created
        service/service5 created
        configmap/config-service6 created
        deployment.apps/service6 created
        service/service6 created
        configmap/config-service7 created
        deployment.apps/service7 created
        service/service7 created
        configmap/config-service8 created
        deployment.apps/service8 created
        service/service8 created
        configmap/config-service9 created
        deployment.apps/service9 created
        service/service9 created
        [run.sh] Client pod not found, deploying client
        deployment.apps/ubuntu-client created
        [run.sh] Waiting for all pods to be running
        [run.sh] All pods are running
        [run.sh] Checking heartbeat for all services
        [run.sh] All pods can connect to all services
        [run.sh] Running warmup test
        [run.sh] /wrk/wrk -t8 -c512 -d3s -L http://service0:80/endpoint1
        Running 3s test @ http://service0:80/endpoint1
        8 threads and 512 connections
        Thread Stats   Avg      Stdev     Max   +/- Stdev
        Latency   563.11ms  180.49ms   1.47s    69.16%
        Req/Sec   120.27     46.56   262.00     67.50%
        Latency Distribution
        50%  535.06ms
        75%  653.68ms
        90%  810.18ms
        99%    1.11s
        2474 requests in 3.03s, 4.55MB read
        Requests/sec:    817.32
        Transfer/sec:      1.50MB
        [run.sh] Speed is 817.32, duration is 48
        [run.sh] Fix the request number.
        [run.sh] Running the actual test
        [run.sh] /wrk/wrk --timeout 20s -t8 -c512 -d48s -L -s /wrk/fix_req_n.lua http://service0:80/endpoint1
        [run.sh] Checking the resource usage
        NAME                             CPU(cores)   MEMORY(bytes)
        service0-5f7bfff576-4bk52        454m         52Mi
        service1-96558989f-l46pc         288m         20Mi
        service10-6dfc96fb89-fnjgp       35m          9Mi
        service11-fdc7b966d-z2xrq        155m         8Mi
        service12-7c4479d695-qx45r       1m           9Mi
        service2-b9b68cb9d-mtlj8         1m           22Mi
        service3-ddcb6f57c-l7j2m         1m           17Mi
        service4-b87f5c5bd-2qwc8         1m           10Mi
        service5-75886d8875-tc4jg        8m           9Mi
        service6-6764844dcd-cpgh7        7m           10Mi
        service7-84cc97df4f-bpwk7        6m           10Mi
        service8-5bcf7cccb8-h7r84        40m          9Mi
        service9-5dd9f4f756-mmbcg        7m           11Mi
        ubuntu-client-76886f6bbd-dnt6c   6m           0Mi
        Running 48s test @ http://service0:80/endpoint1
        8 threads and 512 connections
        Thread Stats   Avg      Stdev     Max   +/- Stdev
        Latency   503.66ms  142.27ms   1.54s    76.66%
        Req/Sec   126.87     42.18   270.00     65.84%
        Latency Distribution
        50%  477.55ms
        75%  564.76ms
        90%  678.91ms
        99%  981.46ms
        20000 requests in 48.00s, 36.77MB read
        Requests/sec:    416.67
        Transfer/sec:    784.50KB
        ------------------------------
        stop time: 19.912607
        stop time: 19.831316
        stop time: 19.781233
        stop time: 19.937314
        stop time: 19.920780
        stop time: 20.058715
        stop time: 19.908570
        stop time: 20.151552
        [run.sh] Test finished with status 0
        > STDERR
        > No resources found in default namespace.
    [exp] Times: [19.912607, 19.831316, 19.781233, 19.937314, 19.92078, 20.058715, 19.90857, 20.151552]
    [exp] Throughput: 1003.1216707528096
    [exp] Running (pre_run: False) workload synthetic/dag-balanced-http-sync request with the following configuration: {'CLIENT_CPU_QUOTA': '2', 'SLOWPOKE_POKER_BATCH_THRESHOLD': '30000000', 'PROCESSING_TIME_SERVICE0': '0.0012627', 'PROCESSING_TIME_SERVICE1': '0.00109035', 'PROCESSING_TIME_SERVICE2': '0.00092347', 'PROCESSING_TIME_SERVICE3': '0.00087228', 'PROCESSING_TIME_SERVICE4': '0.00082885', 'PROCESSING_TIME_SERVICE5': '0.00081398', 'PROCESSING_TIME_SERVICE6': '0.00077887', 'PROCESSING_TIME_SERVICE7': '0.00076489', 'PROCESSING_TIME_SERVICE8': '0.000728', 'PROCESSING_TIME_SERVICE9': '0.00069476', 'PROCESSING_TIME_SERVICE10': '0.00062609', 'PROCESSING_TIME_SERVICE11': '0.0004815', 'PROCESSING_TIME_SERVICE12': '0.00020008', 'SLOWPOKE_DELAY_MICROS_SERVICE0': '0.0', 'SLOWPOKE_POKER_BATCH_THRESHOLD_SERVICE0': '10', 'SLOWPOKE_DELAY_MICROS_SERVICE1': '0.0', 'SLOWPOKE_POKER_BATCH_THRESHOLD_SERVICE1': '10', 'SLOWPOKE_DELAY_MICROS_SERVICE2': '0.0', 'SLOWPOKE_POKER_BATCH_THRESHOLD_SERVICE2': '10', 'SLOWPOKE_DELAY_MICROS_SERVICE3': '0.0', 'SLOWPOKE_POKER_BATCH_THRESHOLD_SERVICE3': '10', 'SLOWPOKE_DELAY_MICROS_SERVICE4': '0.0', 'SLOWPOKE_POKER_BATCH_THRESHOLD_SERVICE4': '10', 'SLOWPOKE_DELAY_MICROS_SERVICE5': '0.0', 'SLOWPOKE_POKER_BATCH_THRESHOLD_SERVICE5': '10', 'SLOWPOKE_DELAY_MICROS_SERVICE6': '0.0', 'SLOWPOKE_POKER_BATCH_THRESHOLD_SERVICE6': '10', 'SLOWPOKE_DELAY_MICROS_SERVICE7': '0.0', 'SLOWPOKE_POKER_BATCH_THRESHOLD_SERVICE7': '10', 'SLOWPOKE_DELAY_MICROS_SERVICE8': '0.0', 'SLOWPOKE_POKER_BATCH_THRESHOLD_SERVICE8': '10', 'SLOWPOKE_DELAY_MICROS_SERVICE9': '0.0', 'SLOWPOKE_POKER_BATCH_THRESHOLD_SERVICE9': '10', 'SLOWPOKE_DELAY_MICROS_SERVICE10': '0.0', 'SLOWPOKE_POKER_BATCH_THRESHOLD_SERVICE10': '10', 'SLOWPOKE_DELAY_MICROS_SERVICE11': '0.0', 'SLOWPOKE_POKER_BATCH_THRESHOLD_SERVICE11': '10', 'SLOWPOKE_DELAY_MICROS_SERVICE12': '0.0', 'SLOWPOKE_POKER_BATCH_THRESHOLD_SERVICE12': '10'}
    [exp] Executing cmd `bash run.sh synthetic dag-balanced-http-sync 8 512 20000`:
        [run.sh] Running benchmark synthetic with request dag-balanced-http-sync, thread 8, conn 512, duration 60
        [run.sh] Deleting all services
        configmap "config-service0" deleted
        deployment.apps "service0" deleted
        service "service0" deleted
        configmap "config-service1" deleted
        deployment.apps "service1" deleted
        service "service1" deleted
        configmap "config-service10" deleted
        deployment.apps "service10" deleted
        service "service10" deleted
        configmap "config-service11" deleted
        deployment.apps "service11" deleted
        service "service11" deleted
        configmap "config-service12" deleted
        deployment.apps "service12" deleted
        service "service12" deleted
        configmap "config-service2" deleted
        deployment.apps "service2" deleted
        service "service2" deleted
        configmap "config-service3" deleted
        deployment.apps "service3" deleted
        service "service3" deleted
        configmap "config-service4" deleted
        deployment.apps "service4" deleted
        service "service4" deleted
        configmap "config-service5" deleted
        deployment.apps "service5" deleted
        service "service5" deleted
        configmap "config-service6" deleted
        deployment.apps "service6" deleted
        service "service6" deleted
        configmap "config-service7" deleted
        deployment.apps "service7" deleted
        service "service7" deleted
        configmap "config-service8" deleted
        deployment.apps "service8" deleted
        service "service8" deleted
        configmap "config-service9" deleted
        deployment.apps "service9" deleted
        service "service9" deleted
        deployment.apps "ubuntu-client" deleted
        [run.sh] Waiting for all pods to be deleted
        [run.sh] Deploying all services
        configmap/config-service0 created
        deployment.apps/service0 created
        service/service0 created
        configmap/config-service1 created
        deployment.apps/service1 created
        service/service1 created
        configmap/config-service10 created
        deployment.apps/service10 created
        service/service10 created
        configmap/config-service11 created
        deployment.apps/service11 created
        service/service11 created
        configmap/config-service12 created
        deployment.apps/service12 created
        service/service12 created
        configmap/config-service2 created
        deployment.apps/service2 created
        service/service2 created
        configmap/config-service3 created
        deployment.apps/service3 created
        service/service3 created
        configmap/config-service4 created
        deployment.apps/service4 created
        service/service4 created
        configmap/config-service5 created
        deployment.apps/service5 created
        service/service5 created
        configmap/config-service6 created
        deployment.apps/service6 created
        service/service6 created
        configmap/config-service7 created
        deployment.apps/service7 created
        service/service7 created
        configmap/config-service8 created
        deployment.apps/service8 created
        service/service8 created
        configmap/config-service9 created
        deployment.apps/service9 created
        service/service9 created
        [run.sh] Client pod not found, deploying client
        deployment.apps/ubuntu-client created
        [run.sh] Waiting for all pods to be running
        [run.sh] All pods are running
        [run.sh] Checking heartbeat for all services
        [run.sh] All pods can connect to all services
        [run.sh] Running warmup test
        [run.sh] /wrk/wrk -t8 -c512 -d3s -L http://service0:80/endpoint1
        Running 3s test @ http://service0:80/endpoint1
        8 threads and 512 connections
        Thread Stats   Avg      Stdev     Max   +/- Stdev
        Latency   544.33ms  219.34ms   1.45s    71.63%
        Req/Sec   117.26     48.06   242.00     67.59%
        Latency Distribution
        50%  482.50ms
        75%  672.37ms
        90%  844.56ms
        99%    1.21s
        2561 requests in 3.03s, 4.71MB read
        Requests/sec:    845.15
        Transfer/sec:      1.55MB
        [run.sh] Speed is 845.15, duration is 47
        [run.sh] Fix the request number.
        [run.sh] Running the actual test
        [run.sh] /wrk/wrk --timeout 20s -t8 -c512 -d47s -L -s /wrk/fix_req_n.lua http://service0:80/endpoint1
        [run.sh] Checking the resource usage
        NAME                             CPU(cores)   MEMORY(bytes)
        service0-5f7bfff576-b4zjn        1m           3Mi
        service1-96558989f-tqjl2         1m           3Mi
        service10-6dfc96fb89-vr2sm       1m           3Mi
        service11-fdc7b966d-p88pc        1m           3Mi
        service12-7c4479d695-jb2xb       7m           3Mi
        service2-b9b68cb9d-bj8nt         7m           3Mi
        service3-ddcb6f57c-gb24w         7m           3Mi
        service4-b87f5c5bd-vvcst         7m           3Mi
        service5-75886d8875-sbb5x        8m           3Mi
        service6-6764844dcd-rtn7b        1m           3Mi
        service7-84cc97df4f-9x9qv        7m           3Mi
        service8-5bcf7cccb8-qxs65        7m           3Mi
        service9-5dd9f4f756-4qgkq        1m           3Mi
        ubuntu-client-76886f6bbd-ldbzm   0m           0Mi
        Running 47s test @ http://service0:80/endpoint1
        8 threads and 512 connections
        Thread Stats   Avg      Stdev     Max   +/- Stdev
        Latency   509.86ms  157.01ms   1.65s    74.10%
        Req/Sec   126.22     45.53   290.00     68.67%
        Latency Distribution
        50%  484.49ms
        75%  582.03ms
        90%  709.09ms
        99%    1.02s
        20000 requests in 47.00s, 36.78MB read
        Requests/sec:    425.53
        Transfer/sec:    801.23KB
        ------------------------------
        stop time: 20.088191
        stop time: 20.128513
        stop time: 19.920063
        stop time: 20.131732
        stop time: 20.113440
        stop time: 20.288962
        stop time: 20.280089
        stop time: 20.217384
        [run.sh] Test finished with status 0
        > STDERR
        > No resources found in default namespace.
    [exp] Times: [20.088191, 20.128513, 19.920063, 20.131732, 20.11344, 20.288962, 20.280089, 20.217384]
    [exp] Throughput: 992.7506000649979
[test.py] Running slowdown experiment
    [exp] Running (pre_run: False) workload synthetic/dag-balanced-http-sync request with the following configuration: {'CLIENT_CPU_QUOTA': '2', 'SLOWPOKE_POKER_BATCH_THRESHOLD': '30000000', 'PROCESSING_TIME_SERVICE0': '0.0012627', 'PROCESSING_TIME_SERVICE1': '0.00109035', 'PROCESSING_TIME_SERVICE2': '0.00092347', 'PROCESSING_TIME_SERVICE3': '0.00087228', 'PROCESSING_TIME_SERVICE4': '0.00082885', 'PROCESSING_TIME_SERVICE5': '0.00081398', 'PROCESSING_TIME_SERVICE6': '0.00077887', 'PROCESSING_TIME_SERVICE7': '0.00076489', 'PROCESSING_TIME_SERVICE8': '0.00145787', 'PROCESSING_TIME_SERVICE9': '0.00069476', 'PROCESSING_TIME_SERVICE10': '0.00062609', 'PROCESSING_TIME_SERVICE11': '0.0004815', 'PROCESSING_TIME_SERVICE12': '0.00020008', 'SLOWPOKE_DELAY_MICROS_SERVICE0': '728.5', 'SLOWPOKE_POKER_BATCH_THRESHOLD_SERVICE0': '72849990', 'SLOWPOKE_DELAY_MICROS_SERVICE1': '728.5', 'SLOWPOKE_POKER_BATCH_THRESHOLD_SERVICE1': '72849990', 'SLOWPOKE_DELAY_MICROS_SERVICE2': '728.5', 'SLOWPOKE_POKER_BATCH_THRESHOLD_SERVICE2': '72849990', 'SLOWPOKE_DELAY_MICROS_SERVICE3': '728.5', 'SLOWPOKE_POKER_BATCH_THRESHOLD_SERVICE3': '72849990', 'SLOWPOKE_DELAY_MICROS_SERVICE4': '728.5', 'SLOWPOKE_POKER_BATCH_THRESHOLD_SERVICE4': '72849990', 'SLOWPOKE_DELAY_MICROS_SERVICE5': '728.5', 'SLOWPOKE_POKER_BATCH_THRESHOLD_SERVICE5': '72849990', 'SLOWPOKE_DELAY_MICROS_SERVICE6': '728.5', 'SLOWPOKE_POKER_BATCH_THRESHOLD_SERVICE6': '72849990', 'SLOWPOKE_DELAY_MICROS_SERVICE7': '728.5', 'SLOWPOKE_POKER_BATCH_THRESHOLD_SERVICE7': '72849990', 'SLOWPOKE_DELAY_MICROS_SERVICE8': '0.0', 'SLOWPOKE_POKER_BATCH_THRESHOLD_SERVICE8': '10', 'SLOWPOKE_DELAY_MICROS_SERVICE9': '728.5', 'SLOWPOKE_POKER_BATCH_THRESHOLD_SERVICE9': '72849990', 'SLOWPOKE_DELAY_MICROS_SERVICE10': '728.5', 'SLOWPOKE_POKER_BATCH_THRESHOLD_SERVICE10': '72849990', 'SLOWPOKE_DELAY_MICROS_SERVICE11': '728.5', 'SLOWPOKE_POKER_BATCH_THRESHOLD_SERVICE11': '72849990', 'SLOWPOKE_DELAY_MICROS_SERVICE12': '728.5', 'SLOWPOKE_POKER_BATCH_THRESHOLD_SERVICE12': '72849990'}
    [exp] Executing cmd `bash run.sh synthetic dag-balanced-http-sync 8 512 20000`:
        [run.sh] Running benchmark synthetic with request dag-balanced-http-sync, thread 8, conn 512, duration 60
        [run.sh] Deleting all services
        configmap "config-service0" deleted
        deployment.apps "service0" deleted
        service "service0" deleted
        configmap "config-service1" deleted
        deployment.apps "service1" deleted
        service "service1" deleted
        configmap "config-service10" deleted
        deployment.apps "service10" deleted
        service "service10" deleted
        configmap "config-service11" deleted
        deployment.apps "service11" deleted
        service "service11" deleted
        configmap "config-service12" deleted
        deployment.apps "service12" deleted
        service "service12" deleted
        configmap "config-service2" deleted
        deployment.apps "service2" deleted
        service "service2" deleted
        configmap "config-service3" deleted
        deployment.apps "service3" deleted
        service "service3" deleted
        configmap "config-service4" deleted
        deployment.apps "service4" deleted
        service "service4" deleted
        configmap "config-service5" deleted
        deployment.apps "service5" deleted
        service "service5" deleted
        configmap "config-service6" deleted
        deployment.apps "service6" deleted
        service "service6" deleted
        configmap "config-service7" deleted
        deployment.apps "service7" deleted
        service "service7" deleted
        configmap "config-service8" deleted
        deployment.apps "service8" deleted
        service "service8" deleted
        configmap "config-service9" deleted
        deployment.apps "service9" deleted
        service "service9" deleted
        deployment.apps "ubuntu-client" deleted
        [run.sh] Waiting for all pods to be deleted
        [run.sh] Deploying all services
        configmap/config-service0 created
        deployment.apps/service0 created
        service/service0 created
        configmap/config-service1 created
        deployment.apps/service1 created
        service/service1 created
        configmap/config-service10 created
        deployment.apps/service10 created
        service/service10 created
        configmap/config-service11 created
        deployment.apps/service11 created
        service/service11 created
        configmap/config-service12 created
        deployment.apps/service12 created
        service/service12 created
        configmap/config-service2 created
        deployment.apps/service2 created
        service/service2 created
        configmap/config-service3 created
        deployment.apps/service3 created
        service/service3 created
        configmap/config-service4 created
        deployment.apps/service4 created
        service/service4 created
        configmap/config-service5 created
        deployment.apps/service5 created
        service/service5 created
        configmap/config-service6 created
        deployment.apps/service6 created
        service/service6 created
        configmap/config-service7 created
        deployment.apps/service7 created
        service/service7 created
        configmap/config-service8 created
        deployment.apps/service8 created
        service/service8 created
        configmap/config-service9 created
        deployment.apps/service9 created
        service/service9 created
        [run.sh] Client pod not found, deploying client
        deployment.apps/ubuntu-client created
        [run.sh] Waiting for all pods to be running
        [run.sh] All pods are running
        [run.sh] Checking heartbeat for all services
        [run.sh] All pods can connect to all services
        [run.sh] Running warmup test
        [run.sh] /wrk/wrk -t8 -c512 -d3s -L http://service0:80/endpoint1
        Running 3s test @ http://service0:80/endpoint1
        8 threads and 512 connections
        Thread Stats   Avg      Stdev     Max   +/- Stdev
        Latency   929.47ms  186.00ms   1.61s    72.61%
        Req/Sec    67.19     41.44   222.00     63.68%
        Latency Distribution
        50%  923.82ms
        75%  989.89ms
        90%    1.14s
        99%    1.34s
        1413 requests in 3.03s, 2.60MB read
        Requests/sec:    466.54
        Transfer/sec:      0.86MB
        [run.sh] Speed is 466.54, duration is 85
        [run.sh] Fix the request number.
        [run.sh] Running the actual test
        [run.sh] /wrk/wrk --timeout 20s -t8 -c512 -d85s -L -s /wrk/fix_req_n.lua http://service0:80/endpoint1
        [run.sh] Checking the resource usage
        NAME                         CPU(cores)   MEMORY(bytes)
        service1-65d8cdd4f4-r7826    5m           3Mi
        service10-77c6466ff4-765hc   7m           3Mi
        service12-79f4846cb8-bvzdz   7m           3Mi
        service3-fbfd5dbf6-9dmzn     1m           3Mi
        service4-75c4896bb9-cb4tc    6m           3Mi
        service7-56c5d89d8d-hslcf    1m           3Mi
        service8-5bcf7cccb8-swzbh    1m           3Mi
        Running 1m test @ http://service0:80/endpoint1
        8 threads and 512 connections
        Thread Stats   Avg      Stdev     Max   +/- Stdev
        Latency   912.43ms  112.83ms   1.90s    82.03%
        Req/Sec    70.35     40.24   292.00     60.43%
        Latency Distribution
        50%  908.08ms
        75%  957.67ms
        90%    1.03s
        99%    1.19s
        20000 requests in 1.42m, 36.77MB read
        Requests/sec:    235.29
        Transfer/sec:    443.01KB
        ------------------------------
        stop time: 35.530189
        stop time: 35.663464
        stop time: 35.996096
        stop time: 36.224897
        stop time: 36.226731
        stop time: 36.512365
        stop time: 36.358884
        stop time: 36.382914
        [run.sh] Test finished with status 0
        > STDERR
        > No resources found in default namespace.
    [exp] Times: [35.530189, 35.663464, 35.996096, 36.224897, 36.226731, 36.512365, 36.358884, 36.382914]
    [exp] Throughput: 553.8334028971165
    [exp] Running (pre_run: False) workload synthetic/dag-balanced-http-sync request with the following configuration: {'CLIENT_CPU_QUOTA': '2', 'SLOWPOKE_POKER_BATCH_THRESHOLD': '30000000', 'PROCESSING_TIME_SERVICE0': '0.0012627', 'PROCESSING_TIME_SERVICE1': '0.00109035', 'PROCESSING_TIME_SERVICE2': '0.00092347', 'PROCESSING_TIME_SERVICE3': '0.00087228', 'PROCESSING_TIME_SERVICE4': '0.00082885', 'PROCESSING_TIME_SERVICE5': '0.00081398', 'PROCESSING_TIME_SERVICE6': '0.00077887', 'PROCESSING_TIME_SERVICE7': '0.00076489', 'PROCESSING_TIME_SERVICE8': '0.00145787', 'PROCESSING_TIME_SERVICE9': '0.00069476', 'PROCESSING_TIME_SERVICE10': '0.00062609', 'PROCESSING_TIME_SERVICE11': '0.0004815', 'PROCESSING_TIME_SERVICE12': '0.00020008', 'SLOWPOKE_DELAY_MICROS_SERVICE0': '364.5', 'SLOWPOKE_POKER_BATCH_THRESHOLD_SERVICE0': '36449990', 'SLOWPOKE_DELAY_MICROS_SERVICE1': '364.5', 'SLOWPOKE_POKER_BATCH_THRESHOLD_SERVICE1': '36449990', 'SLOWPOKE_DELAY_MICROS_SERVICE2': '364.5', 'SLOWPOKE_POKER_BATCH_THRESHOLD_SERVICE2': '36449990', 'SLOWPOKE_DELAY_MICROS_SERVICE3': '364.5', 'SLOWPOKE_POKER_BATCH_THRESHOLD_SERVICE3': '36449990', 'SLOWPOKE_DELAY_MICROS_SERVICE4': '364.5', 'SLOWPOKE_POKER_BATCH_THRESHOLD_SERVICE4': '36449990', 'SLOWPOKE_DELAY_MICROS_SERVICE5': '364.5', 'SLOWPOKE_POKER_BATCH_THRESHOLD_SERVICE5': '36449990', 'SLOWPOKE_DELAY_MICROS_SERVICE6': '364.5', 'SLOWPOKE_POKER_BATCH_THRESHOLD_SERVICE6': '36449990', 'SLOWPOKE_DELAY_MICROS_SERVICE7': '364.5', 'SLOWPOKE_POKER_BATCH_THRESHOLD_SERVICE7': '36449990', 'SLOWPOKE_DELAY_MICROS_SERVICE8': '0.0', 'SLOWPOKE_POKER_BATCH_THRESHOLD_SERVICE8': '10', 'SLOWPOKE_DELAY_MICROS_SERVICE9': '364.5', 'SLOWPOKE_POKER_BATCH_THRESHOLD_SERVICE9': '36449990', 'SLOWPOKE_DELAY_MICROS_SERVICE10': '364.5', 'SLOWPOKE_POKER_BATCH_THRESHOLD_SERVICE10': '36449990', 'SLOWPOKE_DELAY_MICROS_SERVICE11': '364.5', 'SLOWPOKE_POKER_BATCH_THRESHOLD_SERVICE11': '36449990', 'SLOWPOKE_DELAY_MICROS_SERVICE12': '364.5', 'SLOWPOKE_POKER_BATCH_THRESHOLD_SERVICE12': '36449990'}
    [exp] Executing cmd `bash run.sh synthetic dag-balanced-http-sync 8 512 20000`:
        [run.sh] Running benchmark synthetic with request dag-balanced-http-sync, thread 8, conn 512, duration 60
        [run.sh] Deleting all services
        configmap "config-service0" deleted
        deployment.apps "service0" deleted
        service "service0" deleted
        configmap "config-service1" deleted
        deployment.apps "service1" deleted
        service "service1" deleted
        configmap "config-service10" deleted
        deployment.apps "service10" deleted
        service "service10" deleted
        configmap "config-service11" deleted
        deployment.apps "service11" deleted
        service "service11" deleted
        configmap "config-service12" deleted
        deployment.apps "service12" deleted
        service "service12" deleted
        configmap "config-service2" deleted
        deployment.apps "service2" deleted
        service "service2" deleted
        configmap "config-service3" deleted
        deployment.apps "service3" deleted
        service "service3" deleted
        configmap "config-service4" deleted
        deployment.apps "service4" deleted
        service "service4" deleted
        configmap "config-service5" deleted
        deployment.apps "service5" deleted
        service "service5" deleted
        configmap "config-service6" deleted
        deployment.apps "service6" deleted
        service "service6" deleted
        configmap "config-service7" deleted
        deployment.apps "service7" deleted
        service "service7" deleted
        configmap "config-service8" deleted
        deployment.apps "service8" deleted
        service "service8" deleted
        configmap "config-service9" deleted
        deployment.apps "service9" deleted
        service "service9" deleted
        deployment.apps "ubuntu-client" deleted
        [run.sh] Waiting for all pods to be deleted
        [run.sh] Deploying all services
        configmap/config-service0 created
        deployment.apps/service0 created
        service/service0 created
        configmap/config-service1 created
        deployment.apps/service1 created
        service/service1 created
        configmap/config-service10 created
        deployment.apps/service10 created
        service/service10 created
        configmap/config-service11 created
        deployment.apps/service11 created
        service/service11 created
        configmap/config-service12 created
        deployment.apps/service12 created
        service/service12 created
        configmap/config-service2 created
        deployment.apps/service2 created
        service/service2 created
        configmap/config-service3 created
        deployment.apps/service3 created
        service/service3 created
        configmap/config-service4 created
        deployment.apps/service4 created
        service/service4 created
        configmap/config-service5 created
        deployment.apps/service5 created
        service/service5 created
        configmap/config-service6 created
        deployment.apps/service6 created
        service/service6 created
        configmap/config-service7 created
        deployment.apps/service7 created
        service/service7 created
        configmap/config-service8 created
        deployment.apps/service8 created
        service/service8 created
        configmap/config-service9 created
        deployment.apps/service9 created
        service/service9 created
        [run.sh] Client pod not found, deploying client
        deployment.apps/ubuntu-client created
        [run.sh] Waiting for all pods to be running
        [run.sh] All pods are running
        [run.sh] Checking heartbeat for all services
        [run.sh] All pods can connect to all services
        [run.sh] Running warmup test
        [run.sh] /wrk/wrk -t8 -c512 -d3s -L http://service0:80/endpoint1
        Running 3s test @ http://service0:80/endpoint1
        8 threads and 512 connections
        Thread Stats   Avg      Stdev     Max   +/- Stdev
        Latency   731.81ms  161.21ms   1.28s    70.92%
        Req/Sec    87.25     43.48   202.00     65.22%
        Latency Distribution
        50%  697.71ms
        75%  812.87ms
        90%  971.32ms
        99%    1.22s
        1826 requests in 3.03s, 3.39MB read
        Requests/sec:    603.37
        Transfer/sec:      1.12MB
        [run.sh] Speed is 603.37, duration is 66
        [run.sh] Fix the request number.
        [run.sh] Running the actual test
        [run.sh] /wrk/wrk --timeout 20s -t8 -c512 -d66s -L -s /wrk/fix_req_n.lua http://service0:80/endpoint1
        [run.sh] Checking the resource usage
        NAME                             CPU(cores)   MEMORY(bytes)
        service0-6456649777-vhp57        1m           44Mi
        service1-656d666f66-9f64m        1m           21Mi
        service10-65d54bdcbb-77qqd       194m         10Mi
        service11-97dd7c6bc-tgg42        1m           8Mi
        service12-69f877486d-jvf74       1m           8Mi
        service2-795584b947-dsp45        1m           21Mi
        service3-6bd448f86d-svxj9        106m         18Mi
        service4-558857d7cc-564b9        236m         11Mi
        service5-659d888666-6pw6x        22m          10Mi
        service6-866888d89f-kjvqr        7m           10Mi
        service7-78cd9b95b4-5scqh        211m         11Mi
        service8-5bcf7cccb8-rgdwf        7m           12Mi
        service9-7688fd67d7-bf29n        7m           10Mi
        ubuntu-client-76886f6bbd-nqwrz   13m          0Mi
        Running 1m test @ http://service0:80/endpoint1
        8 threads and 512 connections
        Thread Stats   Avg      Stdev     Max   +/- Stdev
        Latency   683.15ms  118.03ms   1.49s    71.28%
        Req/Sec    93.70     40.93   222.00     64.84%
        Latency Distribution
        50%  672.84ms
        75%  742.82ms
        90%  823.30ms
        99%    1.04s
        20000 requests in 1.10m, 36.77MB read
        Requests/sec:    303.03
        Transfer/sec:    570.55KB
        ------------------------------
        stop time: 26.934212
        stop time: 26.930259
        stop time: 26.931930
        stop time: 27.079206
        stop time: 27.075448
        stop time: 27.195371
        stop time: 27.072059
        stop time: 27.091777
        [run.sh] Test finished with status 0
        > STDERR
        > No resources found in default namespace.
    [exp] Times: [26.934212, 26.930259, 26.93193, 27.079206, 27.075448, 27.195371, 27.072059, 27.091777]
    [exp] Throughput: 739.6782682460067
[test.py] Baseline throughput:  999.7153810310206
[test.py] Groundtruth:  [1003.1216707528096, 992.7506000649979]
[test.py] Slowdown:  [553.8334028971165, 739.6782682460067]
[test.py] Predicted:  [928.796487570323, 1013.1669787453145]
[test.py] Error percentage:  [-7.409388646414938, 2.0565465967968075]
[test.py] ++++++++++++++++++++++++++++++++ Summary: 
[test.py] Result for the experiment 0: 
    Baseline throughput: 999.7153810310206
    Groundtruth: [1003.1216707528096, 992.7506000649979]
    Slowdown:    [553.8334028971165, 739.6782682460067]
    Predicted:   [928.796487570323, 1013.1669787453145]
    Error Perc:  [-7.409388646414938, 2.0565465967968075]
