[config.py] Random numbers for execution time: [313.65125097015937, 455.1361675845434, 570.2413492452474, 571.9560221525517, 664.0188089468825, 696.7590596567934, 704.7035600445813, 755.5951833197441, 783.121579329647, 835.5318810954482, 976.8725722209867, 1009.4056923584578, 1089.1920759061425]
benchmark                        : synthetic
num_threads                      : 8
num_conns                        : 512
target_service                   : service2
request_type                     : dag-balanced-http-sync
repetitions                      : 1
target_num_exp                   : 2
pre_run                          : False
num_req                          : 20000
groundtruths                     : []
slowdowns                        : []
predicteds                       : []
errs                             : []
client_cpu_quota                 : 2
random_seed                      : 8572
request_ratio                    : {'service0': 1, 'service1': 1, 'service2': 1, 'service3': 1, 'service4': 1, 'service5': 1, 'service6': 1, 'service7': 1, 'service8': 1, 'service9': 1, 'service10': 1, 'service11': 1, 'service12': 1}
baseline_service_processing_time : {'service0': 1089.19, 'service1': 1009.41, 'service2': 976.87, 'service3': 835.53, 'service4': 783.12, 'service5': 755.6, 'service6': 704.7, 'service7': 696.76, 'service8': 664.02, 'service9': 571.96, 'service10': 570.24, 'service11': 455.14, 'service12': 313.65}
cpu_quota                        : {'service0': 2, 'service1': 2, 'service2': 2, 'service3': 2, 'service4': 2, 'service5': 2, 'service6': 2, 'service7': 2, 'service8': 2, 'service9': 2, 'service10': 2, 'service11': 2, 'service12': 2}
target_processing_time_range     : [0, 976.87]
baseline_throughputs             : []
poker_batch                      : 30000000
[test.py] Starting experiment...
[test.py] >>>>>>>>>>>>>>>>>>>>>>>>>>>>> Running experiment 0...
[test.py] Actual processing time range: [0, 488]
[test.py] Running baseline experiment
    [exp] Running (pre_run: False) workload synthetic/dag-balanced-http-sync request with the following configuration: {'CLIENT_CPU_QUOTA': '2', 'SLOWPOKE_POKER_BATCH_THRESHOLD': '30000000', 'PROCESSING_TIME_SERVICE0': '0.00108919', 'PROCESSING_TIME_SERVICE1': '0.00100941', 'PROCESSING_TIME_SERVICE2': '0.00097687', 'PROCESSING_TIME_SERVICE3': '0.00083553', 'PROCESSING_TIME_SERVICE4': '0.00078312', 'PROCESSING_TIME_SERVICE5': '0.0007556', 'PROCESSING_TIME_SERVICE6': '0.0007047', 'PROCESSING_TIME_SERVICE7': '0.00069676', 'PROCESSING_TIME_SERVICE8': '0.00066402', 'PROCESSING_TIME_SERVICE9': '0.00057196', 'PROCESSING_TIME_SERVICE10': '0.00057024', 'PROCESSING_TIME_SERVICE11': '0.00045514', 'PROCESSING_TIME_SERVICE12': '0.00031365', 'SLOWPOKE_DELAY_MICROS_SERVICE0': '0.0', 'SLOWPOKE_POKER_BATCH_THRESHOLD_SERVICE0': '10', 'SLOWPOKE_DELAY_MICROS_SERVICE1': '0.0', 'SLOWPOKE_POKER_BATCH_THRESHOLD_SERVICE1': '10', 'SLOWPOKE_DELAY_MICROS_SERVICE2': '0.0', 'SLOWPOKE_POKER_BATCH_THRESHOLD_SERVICE2': '10', 'SLOWPOKE_DELAY_MICROS_SERVICE3': '0.0', 'SLOWPOKE_POKER_BATCH_THRESHOLD_SERVICE3': '10', 'SLOWPOKE_DELAY_MICROS_SERVICE4': '0.0', 'SLOWPOKE_POKER_BATCH_THRESHOLD_SERVICE4': '10', 'SLOWPOKE_DELAY_MICROS_SERVICE5': '0.0', 'SLOWPOKE_POKER_BATCH_THRESHOLD_SERVICE5': '10', 'SLOWPOKE_DELAY_MICROS_SERVICE6': '0.0', 'SLOWPOKE_POKER_BATCH_THRESHOLD_SERVICE6': '10', 'SLOWPOKE_DELAY_MICROS_SERVICE7': '0.0', 'SLOWPOKE_POKER_BATCH_THRESHOLD_SERVICE7': '10', 'SLOWPOKE_DELAY_MICROS_SERVICE8': '0.0', 'SLOWPOKE_POKER_BATCH_THRESHOLD_SERVICE8': '10', 'SLOWPOKE_DELAY_MICROS_SERVICE9': '0.0', 'SLOWPOKE_POKER_BATCH_THRESHOLD_SERVICE9': '10', 'SLOWPOKE_DELAY_MICROS_SERVICE10': '0.0', 'SLOWPOKE_POKER_BATCH_THRESHOLD_SERVICE10': '10', 'SLOWPOKE_DELAY_MICROS_SERVICE11': '0.0', 'SLOWPOKE_POKER_BATCH_THRESHOLD_SERVICE11': '10', 'SLOWPOKE_DELAY_MICROS_SERVICE12': '0.0', 'SLOWPOKE_POKER_BATCH_THRESHOLD_SERVICE12': '10'}
    [exp] Executing cmd `bash run.sh synthetic dag-balanced-http-sync 8 512 20000`:
        [run.sh] Running benchmark synthetic with request dag-balanced-http-sync, thread 8, conn 512, duration 60
        [run.sh] Deleting all services
        configmap "config-service0" deleted
        deployment.apps "service0" deleted
        service "service0" deleted
        configmap "config-service1" deleted
        deployment.apps "service1" deleted
        service "service1" deleted
        configmap "config-service10" deleted
        deployment.apps "service10" deleted
        service "service10" deleted
        configmap "config-service11" deleted
        deployment.apps "service11" deleted
        service "service11" deleted
        configmap "config-service12" deleted
        deployment.apps "service12" deleted
        service "service12" deleted
        configmap "config-service2" deleted
        deployment.apps "service2" deleted
        service "service2" deleted
        configmap "config-service3" deleted
        deployment.apps "service3" deleted
        service "service3" deleted
        configmap "config-service4" deleted
        deployment.apps "service4" deleted
        service "service4" deleted
        configmap "config-service5" deleted
        deployment.apps "service5" deleted
        service "service5" deleted
        configmap "config-service6" deleted
        deployment.apps "service6" deleted
        service "service6" deleted
        configmap "config-service7" deleted
        deployment.apps "service7" deleted
        service "service7" deleted
        configmap "config-service8" deleted
        deployment.apps "service8" deleted
        service "service8" deleted
        configmap "config-service9" deleted
        deployment.apps "service9" deleted
        service "service9" deleted
        deployment.apps "ubuntu-client" deleted
        [run.sh] Waiting for all pods to be deleted
        [run.sh] Deploying all services
        configmap/config-service0 created
        deployment.apps/service0 created
        service/service0 created
        configmap/config-service1 created
        deployment.apps/service1 created
        service/service1 created
        configmap/config-service10 created
        deployment.apps/service10 created
        service/service10 created
        configmap/config-service11 created
        deployment.apps/service11 created
        service/service11 created
        configmap/config-service12 created
        deployment.apps/service12 created
        service/service12 created
        configmap/config-service2 created
        deployment.apps/service2 created
        service/service2 created
        configmap/config-service3 created
        deployment.apps/service3 created
        service/service3 created
        configmap/config-service4 created
        deployment.apps/service4 created
        service/service4 created
        configmap/config-service5 created
        deployment.apps/service5 created
        service/service5 created
        configmap/config-service6 created
        deployment.apps/service6 created
        service/service6 created
        configmap/config-service7 created
        deployment.apps/service7 created
        service/service7 created
        configmap/config-service8 created
        deployment.apps/service8 created
        service/service8 created
        configmap/config-service9 created
        deployment.apps/service9 created
        service/service9 created
        [run.sh] Client pod not found, deploying client
        deployment.apps/ubuntu-client created
        [run.sh] Waiting for all pods to be running
        [run.sh] All pods are running
        [run.sh] Checking heartbeat for all services
        [run.sh] All pods can connect to all services
        [run.sh] Running warmup test
        [run.sh] /wrk/wrk -t8 -c512 -d3s -L http://service0:80/endpoint1
        Running 3s test @ http://service0:80/endpoint1
        8 threads and 512 connections
        Thread Stats   Avg      Stdev     Max   +/- Stdev
        Latency   528.98ms  145.88ms   1.21s    76.84%
        Req/Sec   127.00     52.76   262.00     66.99%
        Latency Distribution
        50%  489.80ms
        75%  582.29ms
        90%  741.54ms
        99%  984.45ms
        2680 requests in 3.02s, 4.93MB read
        Requests/sec:    887.13
        Transfer/sec:      1.63MB
        [run.sh] Speed is 887.13, duration is 45
        [run.sh] Fix the request number.
        [run.sh] Running the actual test
        [run.sh] /wrk/wrk --timeout 20s -t8 -c512 -d45s -L -s /wrk/fix_req_n.lua http://service0:80/endpoint1
        [run.sh] Checking the resource usage
        NAME                             CPU(cores)   MEMORY(bytes)
        service0-5f7bfff576-kfzq8        1m           53Mi
        service1-96558989f-x958v         1m           18Mi
        service10-6dfc96fb89-dmnqb       1m           8Mi
        service11-fdc7b966d-dxwfj        1m           9Mi
        service12-7c4479d695-h9lwh       76m          9Mi
        service2-b9b68cb9d-xffl7         177m         20Mi
        service3-ddcb6f57c-8wf24         7m           17Mi
        service4-b87f5c5bd-fbgs5         7m           10Mi
        service5-75886d8875-6pnmd        135m         9Mi
        service6-6764844dcd-8ztdl        1m           9Mi
        service7-84cc97df4f-wnr8x        7m           10Mi
        service8-5bcf7cccb8-sjrj4        7m           10Mi
        service9-5dd9f4f756-gstqj        25m          10Mi
        ubuntu-client-76886f6bbd-x4nrj   18m          10Mi
        Running 45s test @ http://service0:80/endpoint1
        8 threads and 512 connections
        Thread Stats   Avg      Stdev     Max   +/- Stdev
        Latency   469.62ms  109.41ms   1.26s    72.46%
        Req/Sec   137.10     45.31   323.00     68.09%
        Latency Distribution
        50%  451.15ms
        75%  523.95ms
        90%  616.83ms
        99%  811.80ms
        20000 requests in 45.00s, 36.77MB read
        Requests/sec:    444.44
        Transfer/sec:    836.80KB
        ------------------------------
        stop time: 18.522259
        stop time: 18.423248
        stop time: 18.647019
        stop time: 18.649634
        stop time: 18.598123
        stop time: 18.530585
        stop time: 18.620251
        stop time: 18.668812
        [run.sh] Test finished with status 0
        > STDERR
        > No resources found in default namespace.
    [exp] Times: [18.522259, 18.423248, 18.647019, 18.649634, 18.598123, 18.530585, 18.620251, 18.668812]
    [exp] Throughput: 1076.2819471509106
[test.py] Baseline throughput: 1076.2819471509106
[test.py] Running groundtruth experiment
    [exp] Running (pre_run: False) workload synthetic/dag-balanced-http-sync request with the following configuration: {'CLIENT_CPU_QUOTA': '2', 'SLOWPOKE_POKER_BATCH_THRESHOLD': '30000000', 'PROCESSING_TIME_SERVICE0': '0.00108919', 'PROCESSING_TIME_SERVICE1': '0.00100941', 'PROCESSING_TIME_SERVICE2': '0.0', 'PROCESSING_TIME_SERVICE3': '0.00083553', 'PROCESSING_TIME_SERVICE4': '0.00078312', 'PROCESSING_TIME_SERVICE5': '0.0007556', 'PROCESSING_TIME_SERVICE6': '0.0007047', 'PROCESSING_TIME_SERVICE7': '0.00069676', 'PROCESSING_TIME_SERVICE8': '0.00066402', 'PROCESSING_TIME_SERVICE9': '0.00057196', 'PROCESSING_TIME_SERVICE10': '0.00057024', 'PROCESSING_TIME_SERVICE11': '0.00045514', 'PROCESSING_TIME_SERVICE12': '0.00031365', 'SLOWPOKE_DELAY_MICROS_SERVICE0': '0.0', 'SLOWPOKE_POKER_BATCH_THRESHOLD_SERVICE0': '10', 'SLOWPOKE_DELAY_MICROS_SERVICE1': '0.0', 'SLOWPOKE_POKER_BATCH_THRESHOLD_SERVICE1': '10', 'SLOWPOKE_DELAY_MICROS_SERVICE2': '0.0', 'SLOWPOKE_POKER_BATCH_THRESHOLD_SERVICE2': '10', 'SLOWPOKE_DELAY_MICROS_SERVICE3': '0.0', 'SLOWPOKE_POKER_BATCH_THRESHOLD_SERVICE3': '10', 'SLOWPOKE_DELAY_MICROS_SERVICE4': '0.0', 'SLOWPOKE_POKER_BATCH_THRESHOLD_SERVICE4': '10', 'SLOWPOKE_DELAY_MICROS_SERVICE5': '0.0', 'SLOWPOKE_POKER_BATCH_THRESHOLD_SERVICE5': '10', 'SLOWPOKE_DELAY_MICROS_SERVICE6': '0.0', 'SLOWPOKE_POKER_BATCH_THRESHOLD_SERVICE6': '10', 'SLOWPOKE_DELAY_MICROS_SERVICE7': '0.0', 'SLOWPOKE_POKER_BATCH_THRESHOLD_SERVICE7': '10', 'SLOWPOKE_DELAY_MICROS_SERVICE8': '0.0', 'SLOWPOKE_POKER_BATCH_THRESHOLD_SERVICE8': '10', 'SLOWPOKE_DELAY_MICROS_SERVICE9': '0.0', 'SLOWPOKE_POKER_BATCH_THRESHOLD_SERVICE9': '10', 'SLOWPOKE_DELAY_MICROS_SERVICE10': '0.0', 'SLOWPOKE_POKER_BATCH_THRESHOLD_SERVICE10': '10', 'SLOWPOKE_DELAY_MICROS_SERVICE11': '0.0', 'SLOWPOKE_POKER_BATCH_THRESHOLD_SERVICE11': '10', 'SLOWPOKE_DELAY_MICROS_SERVICE12': '0.0', 'SLOWPOKE_POKER_BATCH_THRESHOLD_SERVICE12': '10'}
    [exp] Executing cmd `bash run.sh synthetic dag-balanced-http-sync 8 512 20000`:
        [run.sh] Running benchmark synthetic with request dag-balanced-http-sync, thread 8, conn 512, duration 60
        [run.sh] Deleting all services
        configmap "config-service0" deleted
        deployment.apps "service0" deleted
        service "service0" deleted
        configmap "config-service1" deleted
        deployment.apps "service1" deleted
        service "service1" deleted
        configmap "config-service10" deleted
        deployment.apps "service10" deleted
        service "service10" deleted
        configmap "config-service11" deleted
        deployment.apps "service11" deleted
        service "service11" deleted
        configmap "config-service12" deleted
        deployment.apps "service12" deleted
        service "service12" deleted
        configmap "config-service2" deleted
        deployment.apps "service2" deleted
        service "service2" deleted
        configmap "config-service3" deleted
        deployment.apps "service3" deleted
        service "service3" deleted
        configmap "config-service4" deleted
        deployment.apps "service4" deleted
        service "service4" deleted
        configmap "config-service5" deleted
        deployment.apps "service5" deleted
        service "service5" deleted
        configmap "config-service6" deleted
        deployment.apps "service6" deleted
        service "service6" deleted
        configmap "config-service7" deleted
        deployment.apps "service7" deleted
        service "service7" deleted
        configmap "config-service8" deleted
        deployment.apps "service8" deleted
        service "service8" deleted
        configmap "config-service9" deleted
        deployment.apps "service9" deleted
        service "service9" deleted
        deployment.apps "ubuntu-client" deleted
        [run.sh] Waiting for all pods to be deleted
        [run.sh] Deploying all services
        configmap/config-service0 created
        deployment.apps/service0 created
        service/service0 created
        configmap/config-service1 created
        deployment.apps/service1 created
        service/service1 created
        configmap/config-service10 created
        deployment.apps/service10 created
        service/service10 created
        configmap/config-service11 created
        deployment.apps/service11 created
        service/service11 created
        configmap/config-service12 created
        deployment.apps/service12 created
        service/service12 created
        configmap/config-service2 created
        deployment.apps/service2 created
        service/service2 created
        configmap/config-service3 created
        deployment.apps/service3 created
        service/service3 created
        configmap/config-service4 created
        deployment.apps/service4 created
        service/service4 created
        configmap/config-service5 created
        deployment.apps/service5 created
        service/service5 created
        configmap/config-service6 created
        deployment.apps/service6 created
        service/service6 created
        configmap/config-service7 created
        deployment.apps/service7 created
        service/service7 created
        configmap/config-service8 created
        deployment.apps/service8 created
        service/service8 created
        configmap/config-service9 created
        deployment.apps/service9 created
        service/service9 created
        [run.sh] Client pod not found, deploying client
        deployment.apps/ubuntu-client created
        [run.sh] Waiting for all pods to be running
        [run.sh] All pods are running
        [run.sh] Checking heartbeat for all services
        [run.sh] All pods can connect to all services
        [run.sh] Running warmup test
        [run.sh] /wrk/wrk -t8 -c512 -d3s -L http://service0:80/endpoint1
        Running 3s test @ http://service0:80/endpoint1
        8 threads and 512 connections
        Thread Stats   Avg      Stdev     Max   +/- Stdev
        Latency   495.86ms  138.87ms   1.27s    75.72%
        Req/Sec   133.60     45.04   240.00     72.38%
        Latency Distribution
        50%  468.08ms
        75%  551.56ms
        90%  680.46ms
        99%  971.54ms
        2865 requests in 3.03s, 5.27MB read
        Requests/sec:    945.69
        Transfer/sec:      1.74MB
        [run.sh] Speed is 945.69, duration is 42
        [run.sh] Fix the request number.
        [run.sh] Running the actual test
        [run.sh] /wrk/wrk --timeout 20s -t8 -c512 -d42s -L -s /wrk/fix_req_n.lua http://service0:80/endpoint1
        [run.sh] Checking the resource usage
        NAME                             CPU(cores)   MEMORY(bytes)
        service0-5f7bfff576-h46pj        1m           3Mi
        service1-96558989f-h8g89         1m           3Mi
        service10-6dfc96fb89-gp86t       1m           3Mi
        service11-fdc7b966d-crpdw        1m           3Mi
        service12-7c4479d695-dnxzt       7m           3Mi
        service2-b9b68cb9d-zmmr9         1m           3Mi
        service3-ddcb6f57c-666cz         7m           3Mi
        service4-b87f5c5bd-482pj         7m           3Mi
        service5-75886d8875-6sk9p        6m           3Mi
        service6-6764844dcd-pk594        7m           3Mi
        service7-84cc97df4f-cxg5f        5m           3Mi
        service8-5bcf7cccb8-hwxfv        7m           3Mi
        service9-5dd9f4f756-fb56g        8m           3Mi
        ubuntu-client-76886f6bbd-qnbrb   13m          0Mi
        Running 42s test @ http://service0:80/endpoint1
        8 threads and 512 connections
        Thread Stats   Avg      Stdev     Max   +/- Stdev
        Latency   463.74ms  113.60ms   1.45s    76.37%
        Req/Sec   137.62     44.53   290.00     69.01%
        Latency Distribution
        50%  448.91ms
        75%  516.10ms
        90%  594.22ms
        99%  851.58ms
        20000 requests in 42.00s, 36.77MB read
        Requests/sec:    476.19
        Transfer/sec:      0.88MB
        ------------------------------
        stop time: 18.242755
        stop time: 18.235790
        stop time: 18.284667
        stop time: 18.248894
        stop time: 18.471563
        stop time: 18.439810
        stop time: 18.416185
        stop time: 18.490444
        [run.sh] Test finished with status 0
        > STDERR
        > No resources found in default namespace.
    [exp] Times: [18.242755, 18.23579, 18.284667, 18.248894, 18.471563, 18.43981, 18.416185, 18.490444]
    [exp] Throughput: 1089.694764782166
    [exp] Running (pre_run: False) workload synthetic/dag-balanced-http-sync request with the following configuration: {'CLIENT_CPU_QUOTA': '2', 'SLOWPOKE_POKER_BATCH_THRESHOLD': '30000000', 'PROCESSING_TIME_SERVICE0': '0.00108919', 'PROCESSING_TIME_SERVICE1': '0.00100941', 'PROCESSING_TIME_SERVICE2': '0.000488', 'PROCESSING_TIME_SERVICE3': '0.00083553', 'PROCESSING_TIME_SERVICE4': '0.00078312', 'PROCESSING_TIME_SERVICE5': '0.0007556', 'PROCESSING_TIME_SERVICE6': '0.0007047', 'PROCESSING_TIME_SERVICE7': '0.00069676', 'PROCESSING_TIME_SERVICE8': '0.00066402', 'PROCESSING_TIME_SERVICE9': '0.00057196', 'PROCESSING_TIME_SERVICE10': '0.00057024', 'PROCESSING_TIME_SERVICE11': '0.00045514', 'PROCESSING_TIME_SERVICE12': '0.00031365', 'SLOWPOKE_DELAY_MICROS_SERVICE0': '0.0', 'SLOWPOKE_POKER_BATCH_THRESHOLD_SERVICE0': '10', 'SLOWPOKE_DELAY_MICROS_SERVICE1': '0.0', 'SLOWPOKE_POKER_BATCH_THRESHOLD_SERVICE1': '10', 'SLOWPOKE_DELAY_MICROS_SERVICE2': '0.0', 'SLOWPOKE_POKER_BATCH_THRESHOLD_SERVICE2': '10', 'SLOWPOKE_DELAY_MICROS_SERVICE3': '0.0', 'SLOWPOKE_POKER_BATCH_THRESHOLD_SERVICE3': '10', 'SLOWPOKE_DELAY_MICROS_SERVICE4': '0.0', 'SLOWPOKE_POKER_BATCH_THRESHOLD_SERVICE4': '10', 'SLOWPOKE_DELAY_MICROS_SERVICE5': '0.0', 'SLOWPOKE_POKER_BATCH_THRESHOLD_SERVICE5': '10', 'SLOWPOKE_DELAY_MICROS_SERVICE6': '0.0', 'SLOWPOKE_POKER_BATCH_THRESHOLD_SERVICE6': '10', 'SLOWPOKE_DELAY_MICROS_SERVICE7': '0.0', 'SLOWPOKE_POKER_BATCH_THRESHOLD_SERVICE7': '10', 'SLOWPOKE_DELAY_MICROS_SERVICE8': '0.0', 'SLOWPOKE_POKER_BATCH_THRESHOLD_SERVICE8': '10', 'SLOWPOKE_DELAY_MICROS_SERVICE9': '0.0', 'SLOWPOKE_POKER_BATCH_THRESHOLD_SERVICE9': '10', 'SLOWPOKE_DELAY_MICROS_SERVICE10': '0.0', 'SLOWPOKE_POKER_BATCH_THRESHOLD_SERVICE10': '10', 'SLOWPOKE_DELAY_MICROS_SERVICE11': '0.0', 'SLOWPOKE_POKER_BATCH_THRESHOLD_SERVICE11': '10', 'SLOWPOKE_DELAY_MICROS_SERVICE12': '0.0', 'SLOWPOKE_POKER_BATCH_THRESHOLD_SERVICE12': '10'}
    [exp] Executing cmd `bash run.sh synthetic dag-balanced-http-sync 8 512 20000`:
        [run.sh] Running benchmark synthetic with request dag-balanced-http-sync, thread 8, conn 512, duration 60
        [run.sh] Deleting all services
        configmap "config-service0" deleted
        deployment.apps "service0" deleted
        service "service0" deleted
        configmap "config-service1" deleted
        deployment.apps "service1" deleted
        service "service1" deleted
        configmap "config-service10" deleted
        deployment.apps "service10" deleted
        service "service10" deleted
        configmap "config-service11" deleted
        deployment.apps "service11" deleted
        service "service11" deleted
        configmap "config-service12" deleted
        deployment.apps "service12" deleted
        service "service12" deleted
        configmap "config-service2" deleted
        deployment.apps "service2" deleted
        service "service2" deleted
        configmap "config-service3" deleted
        deployment.apps "service3" deleted
        service "service3" deleted
        configmap "config-service4" deleted
        deployment.apps "service4" deleted
        service "service4" deleted
        configmap "config-service5" deleted
        deployment.apps "service5" deleted
        service "service5" deleted
        configmap "config-service6" deleted
        deployment.apps "service6" deleted
        service "service6" deleted
        configmap "config-service7" deleted
        deployment.apps "service7" deleted
        service "service7" deleted
        configmap "config-service8" deleted
        deployment.apps "service8" deleted
        service "service8" deleted
        configmap "config-service9" deleted
        deployment.apps "service9" deleted
        service "service9" deleted
        deployment.apps "ubuntu-client" deleted
        [run.sh] Waiting for all pods to be deleted
        [run.sh] Deploying all services
        configmap/config-service0 created
        deployment.apps/service0 created
        service/service0 created
        configmap/config-service1 created
        deployment.apps/service1 created
        service/service1 created
        configmap/config-service10 created
        deployment.apps/service10 created
        service/service10 created
        configmap/config-service11 created
        deployment.apps/service11 created
        service/service11 created
        configmap/config-service12 created
        deployment.apps/service12 created
        service/service12 created
        configmap/config-service2 created
        deployment.apps/service2 created
        service/service2 created
        configmap/config-service3 created
        deployment.apps/service3 created
        service/service3 created
        configmap/config-service4 created
        deployment.apps/service4 created
        service/service4 created
        configmap/config-service5 created
        deployment.apps/service5 created
        service/service5 created
        configmap/config-service6 created
        deployment.apps/service6 created
        service/service6 created
        configmap/config-service7 created
        deployment.apps/service7 created
        service/service7 created
        configmap/config-service8 created
        deployment.apps/service8 created
        service/service8 created
        configmap/config-service9 created
        deployment.apps/service9 created
        service/service9 created
        [run.sh] Client pod not found, deploying client
        deployment.apps/ubuntu-client created
        [run.sh] Waiting for all pods to be running
        [run.sh] All pods are running
        [run.sh] Checking heartbeat for all services
        [run.sh] All pods can connect to all services
        [run.sh] Running warmup test
        [run.sh] /wrk/wrk -t8 -c512 -d3s -L http://service0:80/endpoint1
        Running 3s test @ http://service0:80/endpoint1
        8 threads and 512 connections
        Thread Stats   Avg      Stdev     Max   +/- Stdev
        Latency   513.72ms  116.77ms   1.05s    75.71%
        Req/Sec   128.83     48.77   250.00     66.35%
        Latency Distribution
        50%  487.54ms
        75%  563.93ms
        90%  672.75ms
        99%  886.47ms
        2758 requests in 3.03s, 5.08MB read
        Requests/sec:    910.55
        Transfer/sec:      1.68MB
        [run.sh] Speed is 910.55, duration is 43
        [run.sh] Fix the request number.
        [run.sh] Running the actual test
        [run.sh] /wrk/wrk --timeout 20s -t8 -c512 -d43s -L -s /wrk/fix_req_n.lua http://service0:80/endpoint1
        [run.sh] Checking the resource usage
        NAME                             CPU(cores)   MEMORY(bytes)
        service0-5f7bfff576-8p7jw        1m           3Mi
        service1-96558989f-7g4fx         1m           3Mi
        service10-6dfc96fb89-z6l9z       3m           3Mi
        service11-fdc7b966d-ll9k4        1m           3Mi
        service12-7c4479d695-wlfjt       7m           3Mi
        service2-b9b68cb9d-zsmwh         7m           3Mi
        service3-ddcb6f57c-9nflk         7m           3Mi
        service4-b87f5c5bd-lzrht         7m           3Mi
        service5-75886d8875-h727m        1m           3Mi
        service6-6764844dcd-zj7m2        7m           3Mi
        service7-84cc97df4f-nw6nf        1m           3Mi
        service8-5bcf7cccb8-5vcsf        5m           3Mi
        service9-5dd9f4f756-9gfl2        7m           3Mi
        ubuntu-client-76886f6bbd-vhdbt   7m           0Mi
        Running 43s test @ http://service0:80/endpoint1
        8 threads and 512 connections
        Thread Stats   Avg      Stdev     Max   +/- Stdev
        Latency   464.70ms  115.02ms   1.37s    76.13%
        Req/Sec   137.28     44.33   260.00     69.92%
        Latency Distribution
        50%  446.04ms
        75%  516.12ms
        90%  600.39ms
        99%  869.01ms
        20000 requests in 43.00s, 36.77MB read
        Requests/sec:    465.11
        Transfer/sec:      0.86MB
        ------------------------------
        stop time: 18.035083
        stop time: 18.304859
        stop time: 18.485734
        stop time: 18.453080
        stop time: 18.494602
        stop time: 18.433719
        stop time: 18.493103
        stop time: 18.546382
        [run.sh] Test finished with status 0
        > STDERR
        > No resources found in default namespace.
    [exp] Times: [18.035083, 18.304859, 18.485734, 18.45308, 18.494602, 18.433719, 18.493103, 18.546382]
    [exp] Throughput: 1086.612806620232
[test.py] Running slowdown experiment
    [exp] Running (pre_run: False) workload synthetic/dag-balanced-http-sync request with the following configuration: {'CLIENT_CPU_QUOTA': '2', 'SLOWPOKE_POKER_BATCH_THRESHOLD': '30000000', 'PROCESSING_TIME_SERVICE0': '0.00108919', 'PROCESSING_TIME_SERVICE1': '0.00100941', 'PROCESSING_TIME_SERVICE2': '0.00097687', 'PROCESSING_TIME_SERVICE3': '0.00083553', 'PROCESSING_TIME_SERVICE4': '0.00078312', 'PROCESSING_TIME_SERVICE5': '0.0007556', 'PROCESSING_TIME_SERVICE6': '0.0007047', 'PROCESSING_TIME_SERVICE7': '0.00069676', 'PROCESSING_TIME_SERVICE8': '0.00066402', 'PROCESSING_TIME_SERVICE9': '0.00057196', 'PROCESSING_TIME_SERVICE10': '0.00057024', 'PROCESSING_TIME_SERVICE11': '0.00045514', 'PROCESSING_TIME_SERVICE12': '0.00031365', 'SLOWPOKE_DELAY_MICROS_SERVICE0': '488.0', 'SLOWPOKE_POKER_BATCH_THRESHOLD_SERVICE0': '48799990', 'SLOWPOKE_DELAY_MICROS_SERVICE1': '488.0', 'SLOWPOKE_POKER_BATCH_THRESHOLD_SERVICE1': '48799990', 'SLOWPOKE_DELAY_MICROS_SERVICE2': '0.0', 'SLOWPOKE_POKER_BATCH_THRESHOLD_SERVICE2': '10', 'SLOWPOKE_DELAY_MICROS_SERVICE3': '488.0', 'SLOWPOKE_POKER_BATCH_THRESHOLD_SERVICE3': '48799990', 'SLOWPOKE_DELAY_MICROS_SERVICE4': '488.0', 'SLOWPOKE_POKER_BATCH_THRESHOLD_SERVICE4': '48799990', 'SLOWPOKE_DELAY_MICROS_SERVICE5': '488.0', 'SLOWPOKE_POKER_BATCH_THRESHOLD_SERVICE5': '48799990', 'SLOWPOKE_DELAY_MICROS_SERVICE6': '488.0', 'SLOWPOKE_POKER_BATCH_THRESHOLD_SERVICE6': '48799990', 'SLOWPOKE_DELAY_MICROS_SERVICE7': '488.0', 'SLOWPOKE_POKER_BATCH_THRESHOLD_SERVICE7': '48799990', 'SLOWPOKE_DELAY_MICROS_SERVICE8': '488.0', 'SLOWPOKE_POKER_BATCH_THRESHOLD_SERVICE8': '48799990', 'SLOWPOKE_DELAY_MICROS_SERVICE9': '488.0', 'SLOWPOKE_POKER_BATCH_THRESHOLD_SERVICE9': '48799990', 'SLOWPOKE_DELAY_MICROS_SERVICE10': '488.0', 'SLOWPOKE_POKER_BATCH_THRESHOLD_SERVICE10': '48799990', 'SLOWPOKE_DELAY_MICROS_SERVICE11': '488.0', 'SLOWPOKE_POKER_BATCH_THRESHOLD_SERVICE11': '48799990', 'SLOWPOKE_DELAY_MICROS_SERVICE12': '488.0', 'SLOWPOKE_POKER_BATCH_THRESHOLD_SERVICE12': '48799990'}
    [exp] Executing cmd `bash run.sh synthetic dag-balanced-http-sync 8 512 20000`:
        [run.sh] Running benchmark synthetic with request dag-balanced-http-sync, thread 8, conn 512, duration 60
        [run.sh] Deleting all services
        configmap "config-service0" deleted
        deployment.apps "service0" deleted
        service "service0" deleted
        configmap "config-service1" deleted
        deployment.apps "service1" deleted
        service "service1" deleted
        configmap "config-service10" deleted
        deployment.apps "service10" deleted
        service "service10" deleted
        configmap "config-service11" deleted
        deployment.apps "service11" deleted
        service "service11" deleted
        configmap "config-service12" deleted
        deployment.apps "service12" deleted
        service "service12" deleted
        configmap "config-service2" deleted
        deployment.apps "service2" deleted
        service "service2" deleted
        configmap "config-service3" deleted
        deployment.apps "service3" deleted
        service "service3" deleted
        configmap "config-service4" deleted
        deployment.apps "service4" deleted
        service "service4" deleted
        configmap "config-service5" deleted
        deployment.apps "service5" deleted
        service "service5" deleted
        configmap "config-service6" deleted
        deployment.apps "service6" deleted
        service "service6" deleted
        configmap "config-service7" deleted
        deployment.apps "service7" deleted
        service "service7" deleted
        configmap "config-service8" deleted
        deployment.apps "service8" deleted
        service "service8" deleted
        configmap "config-service9" deleted
        deployment.apps "service9" deleted
        service "service9" deleted
        deployment.apps "ubuntu-client" deleted
        [run.sh] Waiting for all pods to be deleted
        [run.sh] Deploying all services
        configmap/config-service0 created
        deployment.apps/service0 created
        service/service0 created
        configmap/config-service1 created
        deployment.apps/service1 created
        service/service1 created
        configmap/config-service10 created
        deployment.apps/service10 created
        service/service10 created
        configmap/config-service11 created
        deployment.apps/service11 created
        service/service11 created
        configmap/config-service12 created
        deployment.apps/service12 created
        service/service12 created
        configmap/config-service2 created
        deployment.apps/service2 created
        service/service2 created
        configmap/config-service3 created
        deployment.apps/service3 created
        service/service3 created
        configmap/config-service4 created
        deployment.apps/service4 created
        service/service4 created
        configmap/config-service5 created
        deployment.apps/service5 created
        service/service5 created
        configmap/config-service6 created
        deployment.apps/service6 created
        service/service6 created
        configmap/config-service7 created
        deployment.apps/service7 created
        service/service7 created
        configmap/config-service8 created
        deployment.apps/service8 created
        service/service8 created
        configmap/config-service9 created
        deployment.apps/service9 created
        service/service9 created
        [run.sh] Client pod not found, deploying client
        deployment.apps/ubuntu-client created
        [run.sh] Waiting for all pods to be running
        [run.sh] All pods are running
        [run.sh] Checking heartbeat for all services
        [run.sh] All pods can connect to all services
        [run.sh] Running warmup test
        [run.sh] /wrk/wrk -t8 -c512 -d3s -L http://service0:80/endpoint1
        Running 3s test @ http://service0:80/endpoint1
        8 threads and 512 connections
        Thread Stats   Avg      Stdev     Max   +/- Stdev
        Latency   734.08ms  158.30ms   1.40s    74.73%
        Req/Sec    86.74     48.06   220.00     67.63%
        Latency Distribution
        50%  697.45ms
        75%  817.94ms
        90%  947.79ms
        99%    1.26s
        1844 requests in 3.03s, 3.39MB read
        Requests/sec:    607.94
        Transfer/sec:      1.12MB
        [run.sh] Speed is 607.94, duration is 65
        [run.sh] Fix the request number.
        [run.sh] Running the actual test
        [run.sh] /wrk/wrk --timeout 20s -t8 -c512 -d65s -L -s /wrk/fix_req_n.lua http://service0:80/endpoint1
        [run.sh] Checking the resource usage
        NAME                             CPU(cores)   MEMORY(bytes)
        service0-6f799c5cb6-tkjsn        1m           3Mi
        service1-69b7f55485-wbs2r        3m           3Mi
        service10-5c6b487f5f-6thl6       7m           3Mi
        service11-6c8bccd566-m7kgj       7m           3Mi
        service12-6844b9664f-ftf4q       7m           3Mi
        service2-b9b68cb9d-j7wbf         3m           3Mi
        service3-647ccf4cf9-hxzvh        3m           3Mi
        service4-658b986d66-r49s2        7m           3Mi
        service5-564c58667c-tw5k4        1m           3Mi
        service6-cfd89996d-n2mtv         7m           3Mi
        service7-dcf5c65d7-s5hd2         1m           3Mi
        service8-ff9df64c8-b2x6m         1m           3Mi
        ubuntu-client-76886f6bbd-d6nkf   0m           0Mi
        Running 1m test @ http://service0:80/endpoint1
        8 threads and 512 connections
        Thread Stats   Avg      Stdev     Max   +/- Stdev
        Latency   701.90ms  104.27ms   1.55s    74.35%
        Req/Sec    90.67     41.91   252.00     69.17%
        Latency Distribution
        50%  690.79ms
        75%  753.15ms
        90%  826.76ms
        99%  988.22ms
        20000 requests in 1.08m, 36.77MB read
        Requests/sec:    307.69
        Transfer/sec:    579.33KB
        ------------------------------
        stop time: 27.546253
        stop time: 27.512660
        stop time: 27.713867
        stop time: 27.728104
        stop time: 27.950199
        stop time: 27.942121
        stop time: 27.992413
        stop time: 28.094625
        [run.sh] Test finished with status 0
        > STDERR
        > No resources found in default namespace.
    [exp] Times: [27.546253, 27.51266, 27.713867, 27.728104, 27.950199, 27.942121, 27.992413, 28.094625]
    [exp] Throughput: 719.1649854462131
    [exp] Running (pre_run: False) workload synthetic/dag-balanced-http-sync request with the following configuration: {'CLIENT_CPU_QUOTA': '2', 'SLOWPOKE_POKER_BATCH_THRESHOLD': '30000000', 'PROCESSING_TIME_SERVICE0': '0.00108919', 'PROCESSING_TIME_SERVICE1': '0.00100941', 'PROCESSING_TIME_SERVICE2': '0.00097687', 'PROCESSING_TIME_SERVICE3': '0.00083553', 'PROCESSING_TIME_SERVICE4': '0.00078312', 'PROCESSING_TIME_SERVICE5': '0.0007556', 'PROCESSING_TIME_SERVICE6': '0.0007047', 'PROCESSING_TIME_SERVICE7': '0.00069676', 'PROCESSING_TIME_SERVICE8': '0.00066402', 'PROCESSING_TIME_SERVICE9': '0.00057196', 'PROCESSING_TIME_SERVICE10': '0.00057024', 'PROCESSING_TIME_SERVICE11': '0.00045514', 'PROCESSING_TIME_SERVICE12': '0.00031365', 'SLOWPOKE_DELAY_MICROS_SERVICE0': '244.0', 'SLOWPOKE_POKER_BATCH_THRESHOLD_SERVICE0': '24399990', 'SLOWPOKE_DELAY_MICROS_SERVICE1': '244.0', 'SLOWPOKE_POKER_BATCH_THRESHOLD_SERVICE1': '24399990', 'SLOWPOKE_DELAY_MICROS_SERVICE2': '0.0', 'SLOWPOKE_POKER_BATCH_THRESHOLD_SERVICE2': '10', 'SLOWPOKE_DELAY_MICROS_SERVICE3': '244.0', 'SLOWPOKE_POKER_BATCH_THRESHOLD_SERVICE3': '24399990', 'SLOWPOKE_DELAY_MICROS_SERVICE4': '244.0', 'SLOWPOKE_POKER_BATCH_THRESHOLD_SERVICE4': '24399990', 'SLOWPOKE_DELAY_MICROS_SERVICE5': '244.0', 'SLOWPOKE_POKER_BATCH_THRESHOLD_SERVICE5': '24399990', 'SLOWPOKE_DELAY_MICROS_SERVICE6': '244.0', 'SLOWPOKE_POKER_BATCH_THRESHOLD_SERVICE6': '24399990', 'SLOWPOKE_DELAY_MICROS_SERVICE7': '244.0', 'SLOWPOKE_POKER_BATCH_THRESHOLD_SERVICE7': '24399990', 'SLOWPOKE_DELAY_MICROS_SERVICE8': '244.0', 'SLOWPOKE_POKER_BATCH_THRESHOLD_SERVICE8': '24399990', 'SLOWPOKE_DELAY_MICROS_SERVICE9': '244.0', 'SLOWPOKE_POKER_BATCH_THRESHOLD_SERVICE9': '24399990', 'SLOWPOKE_DELAY_MICROS_SERVICE10': '244.0', 'SLOWPOKE_POKER_BATCH_THRESHOLD_SERVICE10': '24399990', 'SLOWPOKE_DELAY_MICROS_SERVICE11': '244.0', 'SLOWPOKE_POKER_BATCH_THRESHOLD_SERVICE11': '24399990', 'SLOWPOKE_DELAY_MICROS_SERVICE12': '244.0', 'SLOWPOKE_POKER_BATCH_THRESHOLD_SERVICE12': '24399990'}
    [exp] Executing cmd `bash run.sh synthetic dag-balanced-http-sync 8 512 20000`:
        [run.sh] Running benchmark synthetic with request dag-balanced-http-sync, thread 8, conn 512, duration 60
        [run.sh] Deleting all services
        configmap "config-service0" deleted
        deployment.apps "service0" deleted
        service "service0" deleted
        configmap "config-service1" deleted
        deployment.apps "service1" deleted
        service "service1" deleted
        configmap "config-service10" deleted
        deployment.apps "service10" deleted
        service "service10" deleted
        configmap "config-service11" deleted
        deployment.apps "service11" deleted
        service "service11" deleted
        configmap "config-service12" deleted
        deployment.apps "service12" deleted
        service "service12" deleted
        configmap "config-service2" deleted
        deployment.apps "service2" deleted
        service "service2" deleted
        configmap "config-service3" deleted
        deployment.apps "service3" deleted
        service "service3" deleted
        configmap "config-service4" deleted
        deployment.apps "service4" deleted
        service "service4" deleted
        configmap "config-service5" deleted
        deployment.apps "service5" deleted
        service "service5" deleted
        configmap "config-service6" deleted
        deployment.apps "service6" deleted
        service "service6" deleted
        configmap "config-service7" deleted
        deployment.apps "service7" deleted
        service "service7" deleted
        configmap "config-service8" deleted
        deployment.apps "service8" deleted
        service "service8" deleted
        configmap "config-service9" deleted
        deployment.apps "service9" deleted
        service "service9" deleted
        deployment.apps "ubuntu-client" deleted
        [run.sh] Waiting for all pods to be deleted
        [run.sh] Deploying all services
        configmap/config-service0 created
        deployment.apps/service0 created
        service/service0 created
        configmap/config-service1 created
        deployment.apps/service1 created
        service/service1 created
        configmap/config-service10 created
        deployment.apps/service10 created
        service/service10 created
        configmap/config-service11 created
        deployment.apps/service11 created
        service/service11 created
        configmap/config-service12 created
        deployment.apps/service12 created
        service/service12 created
        configmap/config-service2 created
        deployment.apps/service2 created
        service/service2 created
        configmap/config-service3 created
        deployment.apps/service3 created
        service/service3 created
        configmap/config-service4 created
        deployment.apps/service4 created
        service/service4 created
        configmap/config-service5 created
        deployment.apps/service5 created
        service/service5 created
        configmap/config-service6 created
        deployment.apps/service6 created
        service/service6 created
        configmap/config-service7 created
        deployment.apps/service7 created
        service/service7 created
        configmap/config-service8 created
        deployment.apps/service8 created
        service/service8 created
        configmap/config-service9 created
        deployment.apps/service9 created
        service/service9 created
        [run.sh] Client pod not found, deploying client
        deployment.apps/ubuntu-client created
        [run.sh] Waiting for all pods to be running
        [run.sh] All pods are running
        [run.sh] Checking heartbeat for all services
        [run.sh] All pods can connect to all services
        [run.sh] Running warmup test
        [run.sh] /wrk/wrk -t8 -c512 -d3s -L http://service0:80/endpoint1
        Running 3s test @ http://service0:80/endpoint1
        8 threads and 512 connections
        Thread Stats   Avg      Stdev     Max   +/- Stdev
        Latency   614.84ms  162.42ms   1.34s    74.30%
        Req/Sec   109.72     43.77   230.00     69.50%
        Latency Distribution
        50%  573.29ms
        75%  681.90ms
        90%  868.96ms
        99%    1.12s
        2272 requests in 3.03s, 4.18MB read
        Requests/sec:    749.80
        Transfer/sec:      1.38MB
        [run.sh] Speed is 749.80, duration is 53
        [run.sh] Fix the request number.
        [run.sh] Running the actual test
        [run.sh] /wrk/wrk --timeout 20s -t8 -c512 -d53s -L -s /wrk/fix_req_n.lua http://service0:80/endpoint1
        [run.sh] Checking the resource usage
        NAME                             CPU(cores)   MEMORY(bytes)
        service0-6699c54bc8-g8j9b        1550m        56Mi
        service1-5b4fd65997-m4mx7        1458m        23Mi
        service10-74f7b48d8c-kjgst       577m         12Mi
        service11-65cc9865db-qlc7s       560m         11Mi
        service12-646858f89-wvgr4        220m         11Mi
        service2-b9b68cb9d-w6qmg         710m         19Mi
        service3-bc79c975-46llz          786m         23Mi
        service4-6f757b67f4-b9mfn        710m         13Mi
        service5-6c7f7db54f-jgjrp        398m         11Mi
        service6-d88dbbb8d-brggl         758m         11Mi
        service7-757f86b979-66lw8        608m         11Mi
        service8-98b5c545d-6ds9q         743m         12Mi
        service9-c495fb44b-xkp5g         247m         12Mi
        ubuntu-client-76886f6bbd-wdm4s   42m          14Mi
        Running 1m test @ http://service0:80/endpoint1
        8 threads and 512 connections
        Thread Stats   Avg      Stdev     Max   +/- Stdev
        Latency   583.50ms  101.42ms   1.39s    73.76%
        Req/Sec   109.55     37.60   262.00     66.61%
        Latency Distribution
        50%  571.61ms
        75%  636.79ms
        90%  704.10ms
        99%  883.24ms
        20000 requests in 0.88m, 36.78MB read
        Requests/sec:    377.36
        Transfer/sec:    710.64KB
        ------------------------------
        stop time: 22.711737
        stop time: 23.171267
        stop time: 23.168424
        stop time: 23.054057
        stop time: 23.048855
        stop time: 23.235760
        stop time: 23.237692
        stop time: 23.096041
        [run.sh] Test finished with status 0
        > STDERR
        > No resources found in default namespace.
    [exp] Times: [22.711737, 23.171267, 23.168424, 23.054057, 23.048855, 23.23576, 23.237692, 23.096041]
    [exp] Throughput: 866.1578606372898
[test.py] Baseline throughput:  1076.2819471509106
[test.py] Groundtruth:  [1089.694764782166, 1086.612806620232]
[test.py] Slowdown:  [719.1649854462131, 866.1578606372898]
[test.py] Predicted:  [1108.5657056801558, 1098.79368729017]
[test.py] Error percentage:  [1.7317639313209154, 1.1209955004878924]
[test.py] ++++++++++++++++++++++++++++++++ Summary: 
[test.py] Result for the experiment 0: 
    Baseline throughput: 1076.2819471509106
    Groundtruth: [1089.694764782166, 1086.612806620232]
    Slowdown:    [719.1649854462131, 866.1578606372898]
    Predicted:   [1108.5657056801558, 1098.79368729017]
    Error Perc:  [1.7317639313209154, 1.1209955004878924]
