[config.py] Random numbers for execution time: [330.4282305589177, 926.2147791423245, 969.3195440411856, 1018.5674974891101, 1315.2072117922453]
benchmark                        : synthetic
num_threads                      : 8
num_conns                        : 512
target_service                   : service2
request_type                     : dynamic-once-http-sync
repetitions                      : 1
target_num_exp                   : 2
pre_run                          : False
num_req                          : 40000
groundtruths                     : []
slowdowns                        : []
predicteds                       : []
errs                             : []
client_cpu_quota                 : 2
random_seed                      : 32383
request_ratio                    : {'service0': 1, 'service1': 1, 'service2': 0.8, 'service3': 0.2, 'service4': 0.8}
baseline_service_processing_time : {'service0': 1315.21, 'service1': 1018.57, 'service2': 1211.65, 'service3': 4631.07, 'service4': 413.04}
cpu_quota                        : {'service0': 2, 'service1': 2, 'service2': 2, 'service3': 2, 'service4': 2}
target_processing_time_range     : [0, 1211.65]
baseline_throughputs             : []
poker_batch                      : 20000000
[test.py] Starting experiment...
[test.py] >>>>>>>>>>>>>>>>>>>>>>>>>>>>> Running experiment 0...
[test.py] Actual processing time range: [0, 605]
[test.py] Running baseline experiment
    [exp] Running (pre_run: False) workload synthetic/dynamic-once-http-sync request with the following configuration: {'CLIENT_CPU_QUOTA': '2', 'SLOWPOKE_POKER_BATCH_THRESHOLD': '20000000', 'PROCESSING_TIME_SERVICE0': '0.00131521', 'PROCESSING_TIME_SERVICE1': '0.00101857', 'PROCESSING_TIME_SERVICE2': '0.00121165', 'PROCESSING_TIME_SERVICE3': '0.00463107', 'PROCESSING_TIME_SERVICE4': '0.00041304', 'SLOWPOKE_DELAY_MICROS_SERVICE0': '0.0', 'SLOWPOKE_POKER_BATCH_THRESHOLD_SERVICE0': '10', 'SLOWPOKE_DELAY_MICROS_SERVICE1': '0.0', 'SLOWPOKE_POKER_BATCH_THRESHOLD_SERVICE1': '10', 'SLOWPOKE_DELAY_MICROS_SERVICE2': '0.0', 'SLOWPOKE_POKER_BATCH_THRESHOLD_SERVICE2': '10', 'SLOWPOKE_DELAY_MICROS_SERVICE3': '0.0', 'SLOWPOKE_POKER_BATCH_THRESHOLD_SERVICE3': '10', 'SLOWPOKE_DELAY_MICROS_SERVICE4': '0.0', 'SLOWPOKE_POKER_BATCH_THRESHOLD_SERVICE4': '10'}
    [exp] Executing cmd `bash run.sh synthetic dynamic-once-http-sync 8 512 40000`:
        [run.sh] Running benchmark synthetic with request dynamic-once-http-sync, thread 8, conn 512, duration 60
        [run.sh] Deleting all services
        configmap "config-service0" deleted
        deployment.apps "service0" deleted
        service "service0" deleted
        configmap "config-service1" deleted
        deployment.apps "service1" deleted
        service "service1" deleted
        configmap "config-service2" deleted
        deployment.apps "service2" deleted
        service "service2" deleted
        configmap "config-service3" deleted
        deployment.apps "service3" deleted
        service "service3" deleted
        configmap "config-service4" deleted
        deployment.apps "service4" deleted
        service "service4" deleted
        deployment.apps "ubuntu-client" deleted
        [run.sh] Waiting for all pods to be deleted
        [run.sh] Deploying all services
        configmap/config-service0 created
        deployment.apps/service0 created
        service/service0 created
        configmap/config-service1 created
        deployment.apps/service1 created
        service/service1 created
        configmap/config-service2 created
        deployment.apps/service2 created
        service/service2 created
        configmap/config-service3 created
        deployment.apps/service3 created
        service/service3 created
        configmap/config-service4 created
        deployment.apps/service4 created
        service/service4 created
        [run.sh] Client pod not found, deploying client
        deployment.apps/ubuntu-client created
        [run.sh] Waiting for all pods to be running
        [run.sh] All pods are running
        [run.sh] Checking heartbeat for all services
        [run.sh] All pods can connect to all services
        [run.sh] Running warmup test
        [run.sh] /wrk/wrk -t8 -c512 -d3s -L http://service0:80/endpoint1
        Running 3s test @ http://service0:80/endpoint1
        8 threads and 512 connections
        Thread Stats   Avg      Stdev     Max   +/- Stdev
        Latency   441.71ms  176.27ms   1.50s    82.10%
        Req/Sec   137.45     52.02   252.00     64.26%
        Latency Distribution
        50%  398.02ms
        75%  473.18ms
        90%  650.41ms
        99%    1.08s
        3253 requests in 3.04s, 1.89MB read
        Requests/sec:   1070.82
        Transfer/sec:    638.05KB
        [run.sh] Speed is 1070.82, duration is 74
        [run.sh] Fix the request number.
        [run.sh] Running the actual test
        [run.sh] /wrk/wrk --timeout 20s -t8 -c512 -d74s -L -s /wrk/fix_req_n.lua http://service0:80/endpoint1
        [run.sh] Checking the resource usage
        NAME                             CPU(cores)   MEMORY(bytes)
        service0-8cbfd77d6-jppcf         105m         50Mi
        service1-5c544b6b9c-4kwf4        1031m        19Mi
        service2-66888cb84d-95284        79m          15Mi
        service3-67b8d48975-9tdz5        65m          8Mi
        service4-dcdcc9fc4-j7qwd         18m          10Mi
        ubuntu-client-76886f6bbd-znpdg   7m           13Mi
        Running 1m test @ http://service0:80/endpoint1
        8 threads and 512 connections
        Thread Stats   Avg      Stdev     Max   +/- Stdev
        Latency   413.00ms   97.05ms   1.98s    88.41%
        Req/Sec   155.02     43.62   515.00     65.45%
        Latency Distribution
        50%  397.35ms
        75%  438.76ms
        90%  493.94ms
        99%  749.89ms
        40000 requests in 1.23m, 23.20MB read
        Requests/sec:    540.54
        Transfer/sec:    321.10KB
        ------------------------------
        stop time: 32.036985
        stop time: 32.285016
        stop time: 32.352763
        stop time: 32.427935
        stop time: 32.639897
        stop time: 32.618556
        stop time: 32.641214
        stop time: 32.666282
        [run.sh] Test finished with status 0
        > STDERR
        > No resources found in default namespace.
    [exp] Times: [32.036985, 32.285016, 32.352763, 32.427935, 32.639897, 32.618556, 32.641214, 32.666282]
    [exp] Throughput: 1232.3397624806826
[test.py] Baseline throughput: 1232.3397624806826
[test.py] Running groundtruth experiment
    [exp] Running (pre_run: False) workload synthetic/dynamic-once-http-sync request with the following configuration: {'CLIENT_CPU_QUOTA': '2', 'SLOWPOKE_POKER_BATCH_THRESHOLD': '20000000', 'PROCESSING_TIME_SERVICE0': '0.00131521', 'PROCESSING_TIME_SERVICE1': '0.00101857', 'PROCESSING_TIME_SERVICE2': '0.0', 'PROCESSING_TIME_SERVICE3': '0.00463107', 'PROCESSING_TIME_SERVICE4': '0.00041304', 'SLOWPOKE_DELAY_MICROS_SERVICE0': '0.0', 'SLOWPOKE_POKER_BATCH_THRESHOLD_SERVICE0': '10', 'SLOWPOKE_DELAY_MICROS_SERVICE1': '0.0', 'SLOWPOKE_POKER_BATCH_THRESHOLD_SERVICE1': '10', 'SLOWPOKE_DELAY_MICROS_SERVICE2': '0.0', 'SLOWPOKE_POKER_BATCH_THRESHOLD_SERVICE2': '10', 'SLOWPOKE_DELAY_MICROS_SERVICE3': '0.0', 'SLOWPOKE_POKER_BATCH_THRESHOLD_SERVICE3': '10', 'SLOWPOKE_DELAY_MICROS_SERVICE4': '0.0', 'SLOWPOKE_POKER_BATCH_THRESHOLD_SERVICE4': '10'}
    [exp] Executing cmd `bash run.sh synthetic dynamic-once-http-sync 8 512 40000`:
        [run.sh] Running benchmark synthetic with request dynamic-once-http-sync, thread 8, conn 512, duration 60
        [run.sh] Deleting all services
        configmap "config-service0" deleted
        deployment.apps "service0" deleted
        service "service0" deleted
        configmap "config-service1" deleted
        deployment.apps "service1" deleted
        service "service1" deleted
        configmap "config-service2" deleted
        deployment.apps "service2" deleted
        service "service2" deleted
        configmap "config-service3" deleted
        deployment.apps "service3" deleted
        service "service3" deleted
        configmap "config-service4" deleted
        deployment.apps "service4" deleted
        service "service4" deleted
        deployment.apps "ubuntu-client" deleted
        [run.sh] Waiting for all pods to be deleted
        [run.sh] Deploying all services
        configmap/config-service0 created
        deployment.apps/service0 created
        service/service0 created
        configmap/config-service1 created
        deployment.apps/service1 created
        service/service1 created
        configmap/config-service2 created
        deployment.apps/service2 created
        service/service2 created
        configmap/config-service3 created
        deployment.apps/service3 created
        service/service3 created
        configmap/config-service4 created
        deployment.apps/service4 created
        service/service4 created
        [run.sh] Client pod not found, deploying client
        deployment.apps/ubuntu-client created
        [run.sh] Waiting for all pods to be running
        [run.sh] All pods are running
        [run.sh] Checking heartbeat for all services
        [run.sh] service0-8cbfd77d6-bxjvr cannot connect to service4
        [run.sh] service0-8cbfd77d6-bxjvr cannot connect to service4
        [run.sh] service1-5c544b6b9c-dp5dr cannot connect to service4
        [run.sh] service1-5c544b6b9c-dp5dr cannot connect to service4
        [run.sh] service3-67b8d48975-5vqbs cannot connect to service4
        [run.sh] ubuntu-client-76886f6bbd-79w5v cannot connect to service4
        [run.sh] All pods can connect to all services
        [run.sh] Running warmup test
        [run.sh] /wrk/wrk -t8 -c512 -d3s -L http://service0:80/endpoint1
        Running 3s test @ http://service0:80/endpoint1
        8 threads and 512 connections
        Thread Stats   Avg      Stdev     Max   +/- Stdev
        Latency   441.89ms  112.26ms 992.07ms   80.64%
        Req/Sec   148.77     52.89   340.00     73.61%
        Latency Distribution
        50%  410.23ms
        75%  474.24ms
        90%  607.91ms
        99%  838.06ms
        3238 requests in 3.03s, 1.88MB read
        Requests/sec:   1068.92
        Transfer/sec:    635.48KB
        [run.sh] Speed is 1068.92, duration is 74
        [run.sh] Fix the request number.
        [run.sh] Running the actual test
        [run.sh] /wrk/wrk --timeout 20s -t8 -c512 -d74s -L -s /wrk/fix_req_n.lua http://service0:80/endpoint1
        [run.sh] Checking the resource usage
        NAME                             CPU(cores)   MEMORY(bytes)
        service0-8cbfd77d6-bxjvr         7m           3Mi
        service1-5c544b6b9c-dp5dr        7m           3Mi
        service2-66888cb84d-8pk7l        1m           3Mi
        service3-67b8d48975-5vqbs        1m           3Mi
        service4-dcdcc9fc4-4db2w         1m           3Mi
        ubuntu-client-76886f6bbd-79w5v   0m           0Mi
        Running 1m test @ http://service0:80/endpoint1
        8 threads and 512 connections
        Thread Stats   Avg      Stdev     Max   +/- Stdev
        Latency   412.48ms  129.43ms   2.40s    90.37%
        Req/Sec   155.62     43.47   555.00     66.87%
        Latency Distribution
        50%  395.55ms
        75%  438.62ms
        90%  497.32ms
        99%  873.02ms
        40000 requests in 1.23m, 23.22MB read
        Requests/sec:    540.54
        Transfer/sec:    321.34KB
        ------------------------------
        stop time: 32.003259
        stop time: 31.901932
        stop time: 32.170420
        stop time: 32.302703
        stop time: 32.352458
        stop time: 32.483063
        stop time: 32.508811
        stop time: 32.632051
        [run.sh] Test finished with status 0
        > STDERR
        > No resources found in default namespace.
        > command terminated with exit code 1
        > command terminated with exit code 1
        > command terminated with exit code 1
        > command terminated with exit code 1
        > command terminated with exit code 1
        > curl: (28) Connection timed out after 1002 milliseconds
        > command terminated with exit code 28
    [exp] Times: [32.003259, 31.901932, 32.17042, 32.302703, 32.352458, 32.483063, 32.508811, 32.632051]
    [exp] Throughput: 1238.6072469973324
    [exp] Running (pre_run: False) workload synthetic/dynamic-once-http-sync request with the following configuration: {'CLIENT_CPU_QUOTA': '2', 'SLOWPOKE_POKER_BATCH_THRESHOLD': '20000000', 'PROCESSING_TIME_SERVICE0': '0.00131521', 'PROCESSING_TIME_SERVICE1': '0.00101857', 'PROCESSING_TIME_SERVICE2': '0.000605', 'PROCESSING_TIME_SERVICE3': '0.00463107', 'PROCESSING_TIME_SERVICE4': '0.00041304', 'SLOWPOKE_DELAY_MICROS_SERVICE0': '0.0', 'SLOWPOKE_POKER_BATCH_THRESHOLD_SERVICE0': '10', 'SLOWPOKE_DELAY_MICROS_SERVICE1': '0.0', 'SLOWPOKE_POKER_BATCH_THRESHOLD_SERVICE1': '10', 'SLOWPOKE_DELAY_MICROS_SERVICE2': '0.0', 'SLOWPOKE_POKER_BATCH_THRESHOLD_SERVICE2': '10', 'SLOWPOKE_DELAY_MICROS_SERVICE3': '0.0', 'SLOWPOKE_POKER_BATCH_THRESHOLD_SERVICE3': '10', 'SLOWPOKE_DELAY_MICROS_SERVICE4': '0.0', 'SLOWPOKE_POKER_BATCH_THRESHOLD_SERVICE4': '10'}
    [exp] Executing cmd `bash run.sh synthetic dynamic-once-http-sync 8 512 40000`:
        [run.sh] Running benchmark synthetic with request dynamic-once-http-sync, thread 8, conn 512, duration 60
        [run.sh] Deleting all services
        configmap "config-service0" deleted
        deployment.apps "service0" deleted
        service "service0" deleted
        configmap "config-service1" deleted
        deployment.apps "service1" deleted
        service "service1" deleted
        configmap "config-service2" deleted
        deployment.apps "service2" deleted
        service "service2" deleted
        configmap "config-service3" deleted
        deployment.apps "service3" deleted
        service "service3" deleted
        configmap "config-service4" deleted
        deployment.apps "service4" deleted
        service "service4" deleted
        deployment.apps "ubuntu-client" deleted
        [run.sh] Waiting for all pods to be deleted
        [run.sh] Deploying all services
        configmap/config-service0 created
        deployment.apps/service0 created
        service/service0 created
        configmap/config-service1 created
        deployment.apps/service1 created
        service/service1 created
        configmap/config-service2 created
        deployment.apps/service2 created
        service/service2 created
        configmap/config-service3 created
        deployment.apps/service3 created
        service/service3 created
        configmap/config-service4 created
        deployment.apps/service4 created
        service/service4 created
        [run.sh] Client pod not found, deploying client
        deployment.apps/ubuntu-client created
        [run.sh] Waiting for all pods to be running
        [run.sh] All pods are running
        [run.sh] Checking heartbeat for all services
        [run.sh] service0-8cbfd77d6-xctlx cannot connect to service4
        [run.sh] All pods can connect to all services
        [run.sh] Running warmup test
        [run.sh] /wrk/wrk -t8 -c512 -d3s -L http://service0:80/endpoint1
        Running 3s test @ http://service0:80/endpoint1
        8 threads and 512 connections
        Thread Stats   Avg      Stdev     Max   +/- Stdev
        Latency   442.26ms  159.38ms   1.42s    88.74%
        Req/Sec   144.29     54.27   272.00     71.88%
        Latency Distribution
        50%  403.70ms
        75%  460.95ms
        90%  570.32ms
        99%    1.18s
        3240 requests in 3.02s, 1.88MB read
        Requests/sec:   1071.38
        Transfer/sec:    636.85KB
        [run.sh] Speed is 1071.38, duration is 74
        [run.sh] Fix the request number.
        [run.sh] Running the actual test
        [run.sh] /wrk/wrk --timeout 20s -t8 -c512 -d74s -L -s /wrk/fix_req_n.lua http://service0:80/endpoint1
        [run.sh] Checking the resource usage
        NAME                             CPU(cores)   MEMORY(bytes)
        service0-8cbfd77d6-xctlx         1936m        49Mi
        service1-5c544b6b9c-plcg5        1641m        17Mi
        service2-66888cb84d-tlwxz        1162m        11Mi
        service3-67b8d48975-66rpd        1178m        9Mi
        service4-dcdcc9fc4-6t7q4         637m         9Mi
        ubuntu-client-76886f6bbd-tf52m   63m          14Mi
        Running 1m test @ http://service0:80/endpoint1
        8 threads and 512 connections
        Thread Stats   Avg      Stdev     Max   +/- Stdev
        Latency   412.28ms   99.34ms   1.89s    86.67%
        Req/Sec   155.31     45.53   464.00     72.03%
        Latency Distribution
        50%  394.82ms
        75%  439.12ms
        90%  503.50ms
        99%  792.94ms
        40000 requests in 1.23m, 23.20MB read
        Requests/sec:    540.54
        Transfer/sec:    321.09KB
        ------------------------------
        stop time: 31.820226
        stop time: 32.046028
        stop time: 32.465031
        stop time: 32.486595
        stop time: 32.482675
        stop time: 32.546793
        stop time: 32.680848
        stop time: 32.598733
        [run.sh] Test finished with status 0
        > STDERR
        > No resources found in default namespace.
        > command terminated with exit code 1
    [exp] Times: [31.820226, 32.046028, 32.465031, 32.486595, 32.482675, 32.546793, 32.680848, 32.598733]
    [exp] Throughput: 1234.9160360712644
[test.py] Running slowdown experiment
    [exp] Running (pre_run: False) workload synthetic/dynamic-once-http-sync request with the following configuration: {'CLIENT_CPU_QUOTA': '2', 'SLOWPOKE_POKER_BATCH_THRESHOLD': '20000000', 'PROCESSING_TIME_SERVICE0': '0.00131521', 'PROCESSING_TIME_SERVICE1': '0.00101857', 'PROCESSING_TIME_SERVICE2': '0.00121165', 'PROCESSING_TIME_SERVICE3': '0.00463107', 'PROCESSING_TIME_SERVICE4': '0.00041304', 'SLOWPOKE_DELAY_MICROS_SERVICE0': '484.5', 'SLOWPOKE_POKER_BATCH_THRESHOLD_SERVICE0': '48449990', 'SLOWPOKE_DELAY_MICROS_SERVICE1': '484.5', 'SLOWPOKE_POKER_BATCH_THRESHOLD_SERVICE1': '48449990', 'SLOWPOKE_DELAY_MICROS_SERVICE2': '0.0', 'SLOWPOKE_POKER_BATCH_THRESHOLD_SERVICE2': '10', 'SLOWPOKE_DELAY_MICROS_SERVICE3': '2423.0', 'SLOWPOKE_POKER_BATCH_THRESHOLD_SERVICE3': '48459990', 'SLOWPOKE_DELAY_MICROS_SERVICE4': '605.5', 'SLOWPOKE_POKER_BATCH_THRESHOLD_SERVICE4': '48439990'}
    [exp] Executing cmd `bash run.sh synthetic dynamic-once-http-sync 8 512 40000`:
        [run.sh] Running benchmark synthetic with request dynamic-once-http-sync, thread 8, conn 512, duration 60
        [run.sh] Deleting all services
        configmap "config-service0" deleted
        deployment.apps "service0" deleted
        service "service0" deleted
        configmap "config-service1" deleted
        deployment.apps "service1" deleted
        service "service1" deleted
        configmap "config-service2" deleted
        deployment.apps "service2" deleted
        service "service2" deleted
        configmap "config-service3" deleted
        deployment.apps "service3" deleted
        service "service3" deleted
        configmap "config-service4" deleted
        deployment.apps "service4" deleted
        service "service4" deleted
        deployment.apps "ubuntu-client" deleted
        [run.sh] Waiting for all pods to be deleted
        [run.sh] Deploying all services
        configmap/config-service0 created
        deployment.apps/service0 created
        service/service0 created
        configmap/config-service1 created
        deployment.apps/service1 created
        service/service1 created
        configmap/config-service2 created
        deployment.apps/service2 created
        service/service2 created
        configmap/config-service3 created
        deployment.apps/service3 created
        service/service3 created
        configmap/config-service4 created
        deployment.apps/service4 created
        service/service4 created
        [run.sh] Client pod not found, deploying client
        deployment.apps/ubuntu-client created
        [run.sh] Waiting for all pods to be running
        [run.sh] All pods are running
        [run.sh] Checking heartbeat for all services
        [run.sh] All pods can connect to all services
        [run.sh] Running warmup test
        [run.sh] /wrk/wrk -t8 -c512 -d3s -L http://service0:80/endpoint1
        Running 3s test @ http://service0:80/endpoint1
        8 threads and 512 connections
        Thread Stats   Avg      Stdev     Max   +/- Stdev
        Latency   658.87ms  173.48ms   1.82s    83.44%
        Req/Sec    92.79     44.85   191.00     63.96%
        Latency Distribution
        50%  641.42ms
        75%  691.82ms
        90%  800.47ms
        99%    1.44s
        2079 requests in 3.03s, 1.21MB read
        Requests/sec:    686.62
        Transfer/sec:    408.84KB
        [run.sh] Speed is 686.62, duration is 116
        [run.sh] Fix the request number.
        [run.sh] Running the actual test
        [run.sh] /wrk/wrk --timeout 20s -t8 -c512 -d116s -L -s /wrk/fix_req_n.lua http://service0:80/endpoint1
        [run.sh] Checking the resource usage
        NAME                             CPU(cores)   MEMORY(bytes)
        service0-6fbfb8c785-h6sb4        313m         48Mi
        service1-7cd847f966-djvdz        230m         19Mi
        service2-66888cb84d-mh8xs        105m         14Mi
        service3-985d9d849-sp4jk         68m          8Mi
        service4-775ffd6889-2r525        39m          10Mi
        ubuntu-client-76886f6bbd-44wt5   5m           13Mi
        Running 2m test @ http://service0:80/endpoint1
        8 threads and 512 connections
        Thread Stats   Avg      Stdev     Max   +/- Stdev
        Latency   655.87ms  112.19ms   2.22s    85.35%
        Req/Sec    97.72     42.13   313.00     63.87%
        Latency Distribution
        50%  646.33ms
        75%  686.01ms
        90%  759.95ms
        99%  920.59ms
        40000 requests in 1.93m, 23.22MB read
        Requests/sec:    344.83
        Transfer/sec:    204.94KB
        ------------------------------
        stop time: 51.051862
        stop time: 51.308003
        stop time: 51.465860
        stop time: 51.441278
        stop time: 51.800397
        stop time: 51.760557
        stop time: 51.763448
        stop time: 51.873118
        [run.sh] Test finished with status 0
        > STDERR
        > No resources found in default namespace.
    [exp] Times: [51.051862, 51.308003, 51.46586, 51.441278, 51.800397, 51.760557, 51.763448, 51.873118]
    [exp] Throughput: 775.8243004089834
    [exp] Running (pre_run: False) workload synthetic/dynamic-once-http-sync request with the following configuration: {'CLIENT_CPU_QUOTA': '2', 'SLOWPOKE_POKER_BATCH_THRESHOLD': '20000000', 'PROCESSING_TIME_SERVICE0': '0.00131521', 'PROCESSING_TIME_SERVICE1': '0.00101857', 'PROCESSING_TIME_SERVICE2': '0.00121165', 'PROCESSING_TIME_SERVICE3': '0.00463107', 'PROCESSING_TIME_SERVICE4': '0.00041304', 'SLOWPOKE_DELAY_MICROS_SERVICE0': '242.5', 'SLOWPOKE_POKER_BATCH_THRESHOLD_SERVICE0': '24249990', 'SLOWPOKE_DELAY_MICROS_SERVICE1': '242.5', 'SLOWPOKE_POKER_BATCH_THRESHOLD_SERVICE1': '24249990', 'SLOWPOKE_DELAY_MICROS_SERVICE2': '0.0', 'SLOWPOKE_POKER_BATCH_THRESHOLD_SERVICE2': '10', 'SLOWPOKE_DELAY_MICROS_SERVICE3': '1213.0', 'SLOWPOKE_POKER_BATCH_THRESHOLD_SERVICE3': '24259990', 'SLOWPOKE_DELAY_MICROS_SERVICE4': '303.0', 'SLOWPOKE_POKER_BATCH_THRESHOLD_SERVICE4': '24239990'}
    [exp] Executing cmd `bash run.sh synthetic dynamic-once-http-sync 8 512 40000`:
        [run.sh] Running benchmark synthetic with request dynamic-once-http-sync, thread 8, conn 512, duration 60
        [run.sh] Deleting all services
        configmap "config-service0" deleted
        deployment.apps "service0" deleted
        service "service0" deleted
        configmap "config-service1" deleted
        deployment.apps "service1" deleted
        service "service1" deleted
        configmap "config-service2" deleted
        deployment.apps "service2" deleted
        service "service2" deleted
        configmap "config-service3" deleted
        deployment.apps "service3" deleted
        service "service3" deleted
        configmap "config-service4" deleted
        deployment.apps "service4" deleted
        service "service4" deleted
        deployment.apps "ubuntu-client" deleted
        [run.sh] Waiting for all pods to be deleted
        [run.sh] Deploying all services
        configmap/config-service0 created
        deployment.apps/service0 created
        service/service0 created
        configmap/config-service1 created
        deployment.apps/service1 created
        service/service1 created
        configmap/config-service2 created
        deployment.apps/service2 created
        service/service2 created
        configmap/config-service3 created
        deployment.apps/service3 created
        service/service3 created
        configmap/config-service4 created
        deployment.apps/service4 created
        service/service4 created
        [run.sh] Client pod not found, deploying client
        deployment.apps/ubuntu-client created
        [run.sh] Waiting for all pods to be running
        [run.sh] All pods are running
        [run.sh] Checking heartbeat for all services
        [run.sh] service0-776dcd56cc-k29m2 cannot connect to service4
        [run.sh] All pods can connect to all services
        [run.sh] Running warmup test
        [run.sh] /wrk/wrk -t8 -c512 -d3s -L http://service0:80/endpoint1
        Running 3s test @ http://service0:80/endpoint1
        8 threads and 512 connections
        Thread Stats   Avg      Stdev     Max   +/- Stdev
        Latency   562.49ms  145.41ms   1.55s    84.33%
        Req/Sec   114.41     46.25   272.00     72.69%
        Latency Distribution
        50%  530.21ms
        75%  587.63ms
        90%  730.70ms
        99%    1.20s
        2504 requests in 3.03s, 1.45MB read
        Requests/sec:    825.57
        Transfer/sec:    489.75KB
        [run.sh] Speed is 825.57, duration is 96
        [run.sh] Fix the request number.
        [run.sh] Running the actual test
        [run.sh] /wrk/wrk --timeout 20s -t8 -c512 -d96s -L -s /wrk/fix_req_n.lua http://service0:80/endpoint1
        [run.sh] Checking the resource usage
        NAME                             CPU(cores)   MEMORY(bytes)
        service0-776dcd56cc-k29m2        1206m        53Mi
        service1-7d5956998b-67jrw        410m         19Mi
        service2-66888cb84d-w5hvg        808m         13Mi
        service3-695bb5976c-dh6l2        560m         9Mi
        service4-5cdd489855-dqqvm        298m         10Mi
        ubuntu-client-76886f6bbd-srqlp   25m          13Mi
        Running 2m test @ http://service0:80/endpoint1
        8 threads and 512 connections
        Thread Stats   Avg      Stdev     Max   +/- Stdev
        Latency   531.49ms   89.13ms   1.80s    81.30%
        Req/Sec   120.17     41.69   300.00     73.62%
        Latency Distribution
        50%  519.31ms
        75%  558.44ms
        90%  622.53ms
        99%  841.69ms
        40000 requests in 1.60m, 23.21MB read
        Requests/sec:    416.67
        Transfer/sec:    247.59KB
        ------------------------------
        stop time: 41.680111
        stop time: 41.838644
        stop time: 41.585256
        stop time: 41.663317
        stop time: 41.677480
        stop time: 41.689256
        stop time: 42.003158
        stop time: 42.101095
        [run.sh] Test finished with status 0
        > STDERR
        > No resources found in default namespace.
        > command terminated with exit code 1
    [exp] Times: [41.680111, 41.838644, 41.585256, 41.663317, 41.67748, 41.689256, 42.003158, 42.101095]
    [exp] Throughput: 957.400704001271
[test.py] Baseline throughput:  1232.3397624806826
[test.py] Groundtruth:  [1238.6072469973324, 1234.9160360712644]
[test.py] Slowdown:  [775.8243004089834, 957.400704001271]
[test.py] Predicted:  [1243.3301022421817, 1247.1397774815016]
[test.py] Error percentage:  [0.38130369867435, 0.9898439289140258]
[test.py] ++++++++++++++++++++++++++++++++ Summary: 
[test.py] Result for the experiment 0: 
    Baseline throughput: 1232.3397624806826
    Groundtruth: [1238.6072469973324, 1234.9160360712644]
    Slowdown:    [775.8243004089834, 957.400704001271]
    Predicted:   [1243.3301022421817, 1247.1397774815016]
    Error Perc:  [0.38130369867435, 0.9898439289140258]
