benchmark                        : hotel
num_threads                      : 8
num_conns                        : 512
target_service                   : profile
request_type                     : mix
repetitions                      : 1
target_num_exp                   : 2
pre_run                          : False
num_req                          : 40000
groundtruths                     : []
slowdowns                        : []
predicteds                       : []
errs                             : []
client_cpu_quota                 : 4
random_seed                      : 1234
request_ratio                    : {'frontend': 1, 'profile': 0.8, 'rate': 0.8, 'reservation': 1, 'search': 0.8, 'user': 0.198478617}
baseline_service_processing_time : {'frontend': 0, 'profile': 1000, 'rate': 0, 'reservation': 0, 'search': 0, 'user': 0}
cpu_quota                        : {'frontend': 2, 'profile': 2, 'rate': 2, 'reservation': 2, 'search': 2, 'user': 2}
target_processing_time_range     : [0, 1000]
baseline_throughputs             : []
poker_batch                      : 30000000
[test.py] Starting experiment...
[test.py] >>>>>>>>>>>>>>>>>>>>>>>>>>>>> Running experiment 0...
[test.py] Actual processing time range: [0, 500]
[test.py] Running baseline experiment
    [exp] Running (pre_run: False) workload hotel/mix request with the following configuration: {'CLIENT_CPU_QUOTA': '4', 'SLOWPOKE_POKER_BATCH_THRESHOLD': '30000000', 'SLOWPOKE_PROCESSING_MICROS_FRONTEND': '0', 'SLOWPOKE_PROCESSING_MICROS_PROFILE': '1000', 'SLOWPOKE_PROCESSING_MICROS_RATE': '0', 'SLOWPOKE_PROCESSING_MICROS_RESERVATION': '0', 'SLOWPOKE_PROCESSING_MICROS_SEARCH': '0', 'SLOWPOKE_PROCESSING_MICROS_USER': '0', 'SLOWPOKE_DELAY_MICROS_FRONTEND': '0.0', 'SLOWPOKE_DELAY_MICROS_PROFILE': '0.0', 'SLOWPOKE_DELAY_MICROS_RATE': '0.0', 'SLOWPOKE_DELAY_MICROS_RESERVATION': '0.0', 'SLOWPOKE_DELAY_MICROS_SEARCH': '0.0', 'SLOWPOKE_DELAY_MICROS_USER': '0.0'}
    [exp] Executing cmd `bash run.sh hotel mix 8 512 40000`:
        [run.sh] Running benchmark hotel with request mix, thread 8, conn 512, duration 60
        [run.sh] Deleting all services
        service "frontend" deleted
        deployment.apps "frontend" deleted
        service "profile" deleted
        deployment.apps "profile" deleted
        service "rate" deleted
        deployment.apps "rate" deleted
        service "reservation" deleted
        deployment.apps "reservation" deleted
        service "search" deleted
        deployment.apps "search" deleted
        service "user" deleted
        deployment.apps "user" deleted
        deployment.apps "ubuntu-client" deleted
        [run.sh] Waiting for all pods to be deleted
        [run.sh] Deploying all services
        service/frontend created
        deployment.apps/frontend created
        service/profile created
        deployment.apps/profile created
        service/rate created
        deployment.apps/rate created
        service/reservation created
        deployment.apps/reservation created
        service/search created
        deployment.apps/search created
        service/user created
        deployment.apps/user created
        [run.sh] Client pod not found, deploying client
        deployment.apps/ubuntu-client created
        [run.sh] Waiting for all pods to be running
        [run.sh] All pods are running
        [run.sh] Checking heartbeat for all services
        [run.sh] All pods can connect to all services
        [run.sh] Copying hotel/analysis.txt to ubuntu-client-76886f6bbd-cxg99:/analysis.txt
        [run.sh] Finished populating hotel
        [run.sh] Starting the rust proxy first for hotel
        [2m2025-04-02T01:31:16.002654Z[0m [32m INFO[0m [2mproxy::hotel[0m[2m:[0m Reading analysis data from /analysis.txt
        [run.sh] Running warmup test
        [run.sh] /wrk/wrk -t8 -c512 -d3s -L http://localhost:3000
        Running 3s test @ http://localhost:3000
        8 threads and 512 connections
        Thread Stats   Avg      Stdev     Max   +/- Stdev
        Latency   248.61ms  104.58ms 721.81ms   67.57%
        Req/Sec   230.66     66.02   380.00     76.72%
        Latency Distribution
        50%  245.05ms
        75%  317.84ms
        90%  382.53ms
        99%  508.10ms
        5381 requests in 3.03s, 409.88KB read
        Requests/sec:   1775.87
        Transfer/sec:    135.27KB
        [run.sh] Speed is 1775.87, duration is 33
        [run.sh] Fix the request number.
        [run.sh] Running the actual test
        [run.sh] /wrk/wrk --timeout 20s -t8 -c512 -d33s -s /wrk/fix_req_n.lua -L http://localhost:3000
        [run.sh] Checking the resource usage
        NAME                             CPU(cores)   MEMORY(bytes)
        frontend-9cdc974bd-6kddk         506m         49Mi
        profile-596d676887-dv8vt         119m         332Mi
        rate-5b49fc9b68-z45gk            20m          157Mi
        reservation-5bf6cb59cf-kqct5     231m         191Mi
        search-6dc6fd6597-8nxj5          3m           79Mi
        ubuntu-client-76886f6bbd-cxg99   33m          59Mi
        user-7b5c8fd55-5zsvv             53m          9Mi
        Running 33s test @ http://localhost:3000
        8 threads and 512 connections
        Thread Stats   Avg      Stdev     Max   +/- Stdev
        Latency   278.18ms  112.59ms 956.41ms   69.47%
        Req/Sec   229.70     51.99   400.00     70.94%
        Latency Distribution
        50%  275.85ms
        75%  349.66ms
        90%  420.21ms
        99%  563.82ms
        40000 requests in 33.00s, 2.98MB read
        Requests/sec:   1212.12
        Transfer/sec:     92.33KB
        ------------------------------
        stop time: 21.901851
        stop time: 21.610757
        stop time: 21.902021
        stop time: 21.955352
        stop time: 21.882695
        stop time: 21.898017
        stop time: 21.976138
        stop time: 21.993349
        [run.sh] Test finished with status 0
        > STDERR
        > No resources found in default namespace.
    [exp] Times: [21.901851, 21.610757, 21.902021, 21.955352, 21.882695, 21.898017, 21.976138, 21.993349]
    [exp] Throughput: 1827.3165319953416
[test.py] Baseline throughput: 1827.3165319953416
[test.py] Running groundtruth experiment
    [exp] Running (pre_run: False) workload hotel/mix request with the following configuration: {'CLIENT_CPU_QUOTA': '4', 'SLOWPOKE_POKER_BATCH_THRESHOLD': '30000000', 'SLOWPOKE_PROCESSING_MICROS_FRONTEND': '0', 'SLOWPOKE_PROCESSING_MICROS_PROFILE': '0', 'SLOWPOKE_PROCESSING_MICROS_RATE': '0', 'SLOWPOKE_PROCESSING_MICROS_RESERVATION': '0', 'SLOWPOKE_PROCESSING_MICROS_SEARCH': '0', 'SLOWPOKE_PROCESSING_MICROS_USER': '0', 'SLOWPOKE_DELAY_MICROS_FRONTEND': '0.0', 'SLOWPOKE_DELAY_MICROS_PROFILE': '0.0', 'SLOWPOKE_DELAY_MICROS_RATE': '0.0', 'SLOWPOKE_DELAY_MICROS_RESERVATION': '0.0', 'SLOWPOKE_DELAY_MICROS_SEARCH': '0.0', 'SLOWPOKE_DELAY_MICROS_USER': '0.0'}
    [exp] Executing cmd `bash run.sh hotel mix 8 512 40000`:
        [run.sh] Running benchmark hotel with request mix, thread 8, conn 512, duration 60
        [run.sh] Deleting all services
        service "frontend" deleted
        deployment.apps "frontend" deleted
        service "profile" deleted
        deployment.apps "profile" deleted
        service "rate" deleted
        deployment.apps "rate" deleted
        service "reservation" deleted
        deployment.apps "reservation" deleted
        service "search" deleted
        deployment.apps "search" deleted
        service "user" deleted
        deployment.apps "user" deleted
        deployment.apps "ubuntu-client" deleted
        [run.sh] Waiting for all pods to be deleted
        [run.sh] Deploying all services
        service/frontend created
        deployment.apps/frontend created
        service/profile created
        deployment.apps/profile created
        service/rate created
        deployment.apps/rate created
        service/reservation created
        deployment.apps/reservation created
        service/search created
        deployment.apps/search created
        service/user created
        deployment.apps/user created
        [run.sh] Client pod not found, deploying client
        deployment.apps/ubuntu-client created
        [run.sh] Waiting for all pods to be running
        [run.sh] All pods are running
        [run.sh] Checking heartbeat for all services
        [run.sh] All pods can connect to all services
        [run.sh] Copying hotel/analysis.txt to ubuntu-client-76886f6bbd-gz625:/analysis.txt
        [run.sh] Finished populating hotel
        [run.sh] Starting the rust proxy first for hotel
        [2m2025-04-02T01:32:53.503786Z[0m [32m INFO[0m [2mproxy::hotel[0m[2m:[0m Reading analysis data from /analysis.txt
        [run.sh] Running warmup test
        [run.sh] /wrk/wrk -t8 -c512 -d3s -L http://localhost:3000
        Running 3s test @ http://localhost:3000
        8 threads and 512 connections
        Thread Stats   Avg      Stdev     Max   +/- Stdev
        Latency   251.91ms   98.42ms 702.51ms   68.14%
        Req/Sec   224.38     72.06   430.00     75.00%
        Latency Distribution
        50%  245.46ms
        75%  312.83ms
        90%  381.65ms
        99%  508.68ms
        5224 requests in 3.02s, 397.92KB read
        Requests/sec:   1729.68
        Transfer/sec:    131.75KB
        [run.sh] Speed is 1729.68, duration is 34
        [run.sh] Fix the request number.
        [run.sh] Running the actual test
        [run.sh] /wrk/wrk --timeout 20s -t8 -c512 -d34s -s /wrk/fix_req_n.lua -L http://localhost:3000
        [run.sh] Checking the resource usage
        Running 34s test @ http://localhost:3000
        8 threads and 512 connections
        Thread Stats   Avg      Stdev     Max   +/- Stdev
        Latency   269.66ms  107.72ms   1.51s    70.57%
        Req/Sec   234.62     55.94   545.00     72.07%
        Latency Distribution
        50%  261.61ms
        75%  333.39ms
        90%  404.36ms
        99%  555.81ms
        40000 requests in 34.00s, 2.98MB read
        Requests/sec:   1176.47
        Transfer/sec:     89.61KB
        ------------------------------
        stop time: 21.333745
        stop time: 21.262497
        stop time: 21.210306
        stop time: 21.223800
        stop time: 21.526133
        stop time: 21.419199
        stop time: 21.525168
        stop time: 21.575890
        [run.sh] Test finished with status 0
        > STDERR
        > No resources found in default namespace.
        > error: metrics not available yet
    [exp] Times: [21.333745, 21.262497, 21.210306, 21.2238, 21.526133, 21.419199, 21.525168, 21.57589]
    [exp] Throughput: 1870.5056206998752
    [exp] Running (pre_run: False) workload hotel/mix request with the following configuration: {'CLIENT_CPU_QUOTA': '4', 'SLOWPOKE_POKER_BATCH_THRESHOLD': '30000000', 'SLOWPOKE_PROCESSING_MICROS_FRONTEND': '0', 'SLOWPOKE_PROCESSING_MICROS_PROFILE': '500', 'SLOWPOKE_PROCESSING_MICROS_RATE': '0', 'SLOWPOKE_PROCESSING_MICROS_RESERVATION': '0', 'SLOWPOKE_PROCESSING_MICROS_SEARCH': '0', 'SLOWPOKE_PROCESSING_MICROS_USER': '0', 'SLOWPOKE_DELAY_MICROS_FRONTEND': '0.0', 'SLOWPOKE_DELAY_MICROS_PROFILE': '0.0', 'SLOWPOKE_DELAY_MICROS_RATE': '0.0', 'SLOWPOKE_DELAY_MICROS_RESERVATION': '0.0', 'SLOWPOKE_DELAY_MICROS_SEARCH': '0.0', 'SLOWPOKE_DELAY_MICROS_USER': '0.0'}
    [exp] Executing cmd `bash run.sh hotel mix 8 512 40000`:
        [run.sh] Running benchmark hotel with request mix, thread 8, conn 512, duration 60
        [run.sh] Deleting all services
        service "frontend" deleted
        deployment.apps "frontend" deleted
        service "profile" deleted
        deployment.apps "profile" deleted
        service "rate" deleted
        deployment.apps "rate" deleted
        service "reservation" deleted
        deployment.apps "reservation" deleted
        service "search" deleted
        deployment.apps "search" deleted
        service "user" deleted
        deployment.apps "user" deleted
        deployment.apps "ubuntu-client" deleted
        [run.sh] Waiting for all pods to be deleted
        [run.sh] Deploying all services
        service/frontend created
        deployment.apps/frontend created
        service/profile created
        deployment.apps/profile created
        service/rate created
        deployment.apps/rate created
        service/reservation created
        deployment.apps/reservation created
        service/search created
        deployment.apps/search created
        service/user created
        deployment.apps/user created
        [run.sh] Client pod not found, deploying client
        deployment.apps/ubuntu-client created
        [run.sh] Waiting for all pods to be running
        [run.sh] All pods are running
        [run.sh] Checking heartbeat for all services
        [run.sh] All pods can connect to all services
        [run.sh] Copying hotel/analysis.txt to ubuntu-client-76886f6bbd-qxfdv:/analysis.txt
        [run.sh] Finished populating hotel
        [run.sh] Starting the rust proxy first for hotel
        [2m2025-04-02T01:34:32.041806Z[0m [32m INFO[0m [2mproxy::hotel[0m[2m:[0m Reading analysis data from /analysis.txt
        [run.sh] Running warmup test
        [run.sh] /wrk/wrk -t8 -c512 -d3s -L http://localhost:3000
        Running 3s test @ http://localhost:3000
        8 threads and 512 connections
        Thread Stats   Avg      Stdev     Max   +/- Stdev
        Latency   258.07ms  108.39ms 668.88ms   67.34%
        Req/Sec   215.64     75.81   430.00     69.83%
        Latency Distribution
        50%  248.53ms
        75%  328.88ms
        90%  405.46ms
        99%  538.21ms
        5070 requests in 3.02s, 386.19KB read
        Requests/sec:   1678.92
        Transfer/sec:    127.89KB
        [run.sh] Speed is 1678.92, duration is 35
        [run.sh] Fix the request number.
        [run.sh] Running the actual test
        [run.sh] /wrk/wrk --timeout 20s -t8 -c512 -d35s -s /wrk/fix_req_n.lua -L http://localhost:3000
        [run.sh] Checking the resource usage
        NAME                             CPU(cores)   MEMORY(bytes)
        frontend-9cdc974bd-pkn62         244m         48Mi
        profile-6997786dc5-ms6gm         1m           381Mi
        rate-5b49fc9b68-8w2km            1m           137Mi
        reservation-5bf6cb59cf-lk99h     3m           133Mi
        search-6dc6fd6597-l69gt          1m           176Mi
        ubuntu-client-76886f6bbd-qxfdv   8m           43Mi
        user-7b5c8fd55-vt87q             3m           8Mi
        Running 35s test @ http://localhost:3000
        8 threads and 512 connections
        Thread Stats   Avg      Stdev     Max   +/- Stdev
        Latency   274.01ms  107.16ms   1.37s    69.49%
        Req/Sec   233.00     51.31   450.00     69.45%
        Latency Distribution
        50%  268.31ms
        75%  339.06ms
        90%  411.32ms
        99%  557.25ms
        40000 requests in 35.00s, 2.98MB read
        Requests/sec:   1142.85
        Transfer/sec:     87.05KB
        ------------------------------
        stop time: 21.600404
        stop time: 21.524245
        stop time: 21.623332
        stop time: 21.647008
        stop time: 21.582406
        stop time: 21.629361
        stop time: 21.509195
        stop time: 21.512440
        [run.sh] Test finished with status 0
        > STDERR
        > No resources found in default namespace.
    [exp] Times: [21.600404, 21.524245, 21.623332, 21.647008, 21.582406, 21.629361, 21.509195, 21.51244]
    [exp] Throughput: 1853.6927683002039
[test.py] Running slowdown experiment
    [exp] Running (pre_run: False) workload hotel/mix request with the following configuration: {'CLIENT_CPU_QUOTA': '4', 'SLOWPOKE_POKER_BATCH_THRESHOLD': '30000000', 'SLOWPOKE_PROCESSING_MICROS_FRONTEND': '0', 'SLOWPOKE_PROCESSING_MICROS_PROFILE': '1000', 'SLOWPOKE_PROCESSING_MICROS_RATE': '0', 'SLOWPOKE_PROCESSING_MICROS_RESERVATION': '0', 'SLOWPOKE_PROCESSING_MICROS_SEARCH': '0', 'SLOWPOKE_PROCESSING_MICROS_USER': '0', 'SLOWPOKE_DELAY_MICROS_FRONTEND': '400.0', 'SLOWPOKE_DELAY_MICROS_PROFILE': '0.0', 'SLOWPOKE_DELAY_MICROS_RATE': '500.0', 'SLOWPOKE_DELAY_MICROS_RESERVATION': '400.0', 'SLOWPOKE_DELAY_MICROS_SEARCH': '500.0', 'SLOWPOKE_DELAY_MICROS_USER': '2015.0'}
    [exp] Executing cmd `bash run.sh hotel mix 8 512 40000`:
        [run.sh] Running benchmark hotel with request mix, thread 8, conn 512, duration 60
        [run.sh] Deleting all services
        service "frontend" deleted
        deployment.apps "frontend" deleted
        service "profile" deleted
        deployment.apps "profile" deleted
        service "rate" deleted
        deployment.apps "rate" deleted
        service "reservation" deleted
        deployment.apps "reservation" deleted
        service "search" deleted
        deployment.apps "search" deleted
        service "user" deleted
        deployment.apps "user" deleted
        deployment.apps "ubuntu-client" deleted
        [run.sh] Waiting for all pods to be deleted
        [run.sh] Deploying all services
        service/frontend created
        deployment.apps/frontend created
        service/profile created
        deployment.apps/profile created
        service/rate created
        deployment.apps/rate created
        service/reservation created
        deployment.apps/reservation created
        service/search created
        deployment.apps/search created
        service/user created
        deployment.apps/user created
        [run.sh] Client pod not found, deploying client
        deployment.apps/ubuntu-client created
        [run.sh] Waiting for all pods to be running
        [run.sh] All pods are running
        [run.sh] Checking heartbeat for all services
        [run.sh] All pods can connect to all services
        [run.sh] Copying hotel/analysis.txt to ubuntu-client-76886f6bbd-8djzz:/analysis.txt
        [run.sh] Finished populating hotel
        [run.sh] Starting the rust proxy first for hotel
        [2m2025-04-02T01:36:11.455757Z[0m [32m INFO[0m [2mproxy::hotel[0m[2m:[0m Reading analysis data from /analysis.txt
        [run.sh] Running warmup test
        [run.sh] /wrk/wrk -t8 -c512 -d3s -L http://localhost:3000
        Running 3s test @ http://localhost:3000
        8 threads and 512 connections
        Thread Stats   Avg      Stdev     Max   +/- Stdev
        Latency   432.99ms  164.91ms   1.07s    68.26%
        Req/Sec   129.40     61.19   390.00     69.55%
        Latency Distribution
        50%  425.95ms
        75%  548.28ms
        90%  638.97ms
        99%  893.90ms
        2889 requests in 3.02s, 220.06KB read
        Requests/sec:    956.47
        Transfer/sec:     72.86KB
        [run.sh] Speed is 956.47, duration is 62
        [run.sh] Fix the request number.
        [run.sh] Running the actual test
        [run.sh] /wrk/wrk --timeout 20s -t8 -c512 -d62s -s /wrk/fix_req_n.lua -L http://localhost:3000
        [run.sh] Checking the resource usage
        NAME                             CPU(cores)   MEMORY(bytes)
        frontend-655bcdc6b8-l7ltp        1034m        49Mi
        profile-596d676887-vwlk8         736m         318Mi
        rate-557b8ccd9c-vc4vz            87m          157Mi
        reservation-57b65c58cf-nf85q     64m          162Mi
        search-54c4d77b76-nqgsf          130m         81Mi
        ubuntu-client-76886f6bbd-8djzz   328m         60Mi
        user-5ccc499d65-fjmzm            16m          9Mi
        Running 1m test @ http://localhost:3000
        8 threads and 512 connections
        Thread Stats   Avg      Stdev     Max   +/- Stdev
        Latency   455.85ms  162.32ms   1.49s    68.42%
        Req/Sec   139.99     55.41   434.00     67.85%
        Latency Distribution
        50%  457.11ms
        75%  562.69ms
        90%  659.53ms
        99%  851.36ms
        40000 requests in 1.03m, 2.98MB read
        Requests/sec:    645.16
        Transfer/sec:     49.14KB
        ------------------------------
        stop time: 35.785996
        stop time: 35.708536
        stop time: 35.963492
        stop time: 35.941850
        stop time: 36.064515
        stop time: 36.171725
        stop time: 36.300596
        stop time: 36.299387
        [run.sh] Test finished with status 0
        > STDERR
        > No resources found in default namespace.
    [exp] Times: [35.785996, 35.708536, 35.963492, 35.94185, 36.064515, 36.171725, 36.300596, 36.299387]
    [exp] Throughput: 1110.2009891564692
    [exp] Running (pre_run: False) workload hotel/mix request with the following configuration: {'CLIENT_CPU_QUOTA': '4', 'SLOWPOKE_POKER_BATCH_THRESHOLD': '30000000', 'SLOWPOKE_PROCESSING_MICROS_FRONTEND': '0', 'SLOWPOKE_PROCESSING_MICROS_PROFILE': '1000', 'SLOWPOKE_PROCESSING_MICROS_RATE': '0', 'SLOWPOKE_PROCESSING_MICROS_RESERVATION': '0', 'SLOWPOKE_PROCESSING_MICROS_SEARCH': '0', 'SLOWPOKE_PROCESSING_MICROS_USER': '0', 'SLOWPOKE_DELAY_MICROS_FRONTEND': '200.0', 'SLOWPOKE_DELAY_MICROS_PROFILE': '0.0', 'SLOWPOKE_DELAY_MICROS_RATE': '250.0', 'SLOWPOKE_DELAY_MICROS_RESERVATION': '200.0', 'SLOWPOKE_DELAY_MICROS_SEARCH': '250.0', 'SLOWPOKE_DELAY_MICROS_USER': '1007.5'}
    [exp] Executing cmd `bash run.sh hotel mix 8 512 40000`:
        [run.sh] Running benchmark hotel with request mix, thread 8, conn 512, duration 60
        [run.sh] Deleting all services
        service "frontend" deleted
        deployment.apps "frontend" deleted
        service "profile" deleted
        deployment.apps "profile" deleted
        service "rate" deleted
        deployment.apps "rate" deleted
        service "reservation" deleted
        deployment.apps "reservation" deleted
        service "search" deleted
        deployment.apps "search" deleted
        service "user" deleted
        deployment.apps "user" deleted
        deployment.apps "ubuntu-client" deleted
        [run.sh] Waiting for all pods to be deleted
        [run.sh] Deploying all services
        service/frontend created
        deployment.apps/frontend created
        service/profile created
        deployment.apps/profile created
        service/rate created
        deployment.apps/rate created
        service/reservation created
        deployment.apps/reservation created
        service/search created
        deployment.apps/search created
        service/user created
        deployment.apps/user created
        [run.sh] Client pod not found, deploying client
        deployment.apps/ubuntu-client created
        [run.sh] Waiting for all pods to be running
        [run.sh] All pods are running
        [run.sh] Checking heartbeat for all services
        [run.sh] frontend-d9995c786-kcb4n cannot connect to user
        [run.sh] All pods can connect to all services
        [run.sh] Copying hotel/analysis.txt to ubuntu-client-76886f6bbd-q27v8:/analysis.txt
        [run.sh] Finished populating hotel
        [run.sh] Starting the rust proxy first for hotel
        [2m2025-04-02T01:38:18.613082Z[0m [32m INFO[0m [2mproxy::hotel[0m[2m:[0m Reading analysis data from /analysis.txt
        [run.sh] Running warmup test
        [run.sh] /wrk/wrk -t8 -c512 -d3s -L http://localhost:3000
        Running 3s test @ http://localhost:3000
        8 threads and 512 connections
        Thread Stats   Avg      Stdev     Max   +/- Stdev
        Latency   336.39ms  125.96ms 887.52ms   69.08%
        Req/Sec   166.70     79.33   424.00     69.57%
        Latency Distribution
        50%  332.91ms
        75%  414.52ms
        90%  497.11ms
        99%  657.13ms
        3844 requests in 3.02s, 292.80KB read
        Requests/sec:   1272.78
        Transfer/sec:     96.95KB
        [run.sh] Speed is 1272.78, duration is 47
        [run.sh] Fix the request number.
        [run.sh] Running the actual test
        [run.sh] /wrk/wrk --timeout 20s -t8 -c512 -d47s -s /wrk/fix_req_n.lua -L http://localhost:3000
        [run.sh] Checking the resource usage
        NAME                             CPU(cores)   MEMORY(bytes)
        frontend-d9995c786-kcb4n         432m         50Mi
        profile-596d676887-8drck         65m          327Mi
        rate-86cb4ddc7c-4jwxv            7m           164Mi
        reservation-5786bc97-xzvfb       31m          157Mi
        search-5b6466d4d4-v24p2          3m           71Mi
        ubuntu-client-76886f6bbd-q27v8   56m          58Mi
        user-7cd4d7b6b4-2m522            12m          8Mi
        Running 47s test @ http://localhost:3000
        8 threads and 512 connections
        Thread Stats   Avg      Stdev     Max   +/- Stdev
        Latency   364.45ms  141.39ms   1.30s    69.16%
        Req/Sec   174.69     54.61   414.00     66.64%
        Latency Distribution
        50%  358.67ms
        75%  453.44ms
        90%  545.68ms
        99%  730.02ms
        40000 requests in 47.00s, 2.98MB read
        Requests/sec:    851.06
        Transfer/sec:     64.83KB
        ------------------------------
        stop time: 28.547038
        stop time: 28.680161
        stop time: 28.837654
        stop time: 28.825170
        stop time: 28.534546
        stop time: 28.869394
        stop time: 28.946667
        stop time: 28.867452
        [run.sh] Test finished with status 0
        > STDERR
        > No resources found in default namespace.
        > command terminated with exit code 1
    [exp] Times: [28.547038, 28.680161, 28.837654, 28.82517, 28.534546, 28.869394, 28.946667, 28.867452]
    [exp] Throughput: 1390.6508507597748
[test.py] Baseline throughput:  1827.3165319953416
[test.py] Groundtruth:  [1870.5056206998752, 1853.6927683002039]
[test.py] Slowdown:  [1110.2009891564692, 1390.6508507597748]
[test.py] Predicted:  [1997.0531359110673, 1926.4565344869854]
[test.py] Error percentage:  [6.765417532605044, 3.9253412124763476]
[test.py] ++++++++++++++++++++++++++++++++ Summary: 
[test.py] Result for the experiment 0: 
    Baseline throughput: 1827.3165319953416
    Groundtruth: [1870.5056206998752, 1853.6927683002039]
    Slowdown:    [1110.2009891564692, 1390.6508507597748]
    Predicted:   [1997.0531359110673, 1926.4565344869854]
    Error Perc:  [6.765417532605044, 3.9253412124763476]
