benchmark                        : hotel
num_threads                      : 8
num_conns                        : 512
target_service                   : profile
request_type                     : mix
repetitions                      : 1
target_num_exp                   : 2
pre_run                          : False
num_req                          : 40000
groundtruths                     : []
slowdowns                        : []
predicteds                       : []
errs                             : []
client_cpu_quota                 : 4
random_seed                      : 1234
request_ratio                    : {'frontend': 1, 'profile': 0.8, 'rate': 0.8, 'reservation': 1, 'search': 0.8, 'user': 0.198478617}
baseline_service_processing_time : {'frontend': 0, 'profile': 1000, 'rate': 0, 'reservation': 0, 'search': 0, 'user': 0}
cpu_quota                        : {'frontend': 2, 'profile': 2, 'rate': 2, 'reservation': 2, 'search': 2, 'user': 2}
target_processing_time_range     : [0, 1000]
baseline_throughputs             : []
poker_batch                      : 20000000
[test.py] Starting experiment...
[test.py] >>>>>>>>>>>>>>>>>>>>>>>>>>>>> Running experiment 0...
[test.py] Actual processing time range: [0, 500]
[test.py] Running baseline experiment
    [exp] Running (pre_run: False) workload hotel/mix request with the following configuration: {'CLIENT_CPU_QUOTA': '4', 'SLOWPOKE_POKER_BATCH_THRESHOLD': '20000000', 'SLOWPOKE_PROCESSING_MICROS_FRONTEND': '0', 'SLOWPOKE_PROCESSING_MICROS_PROFILE': '1000', 'SLOWPOKE_PROCESSING_MICROS_RATE': '0', 'SLOWPOKE_PROCESSING_MICROS_RESERVATION': '0', 'SLOWPOKE_PROCESSING_MICROS_SEARCH': '0', 'SLOWPOKE_PROCESSING_MICROS_USER': '0', 'SLOWPOKE_DELAY_MICROS_FRONTEND': '0.0', 'SLOWPOKE_DELAY_MICROS_PROFILE': '0.0', 'SLOWPOKE_DELAY_MICROS_RATE': '0.0', 'SLOWPOKE_DELAY_MICROS_RESERVATION': '0.0', 'SLOWPOKE_DELAY_MICROS_SEARCH': '0.0', 'SLOWPOKE_DELAY_MICROS_USER': '0.0'}
    [exp] Executing cmd `bash run.sh hotel mix 8 512 40000`:
        [run.sh] Running benchmark hotel with request mix, thread 8, conn 512, duration 60
        [run.sh] Deleting all services
        service "frontend" deleted
        deployment.apps "frontend" deleted
        service "profile" deleted
        deployment.apps "profile" deleted
        service "rate" deleted
        deployment.apps "rate" deleted
        service "reservation" deleted
        deployment.apps "reservation" deleted
        service "search" deleted
        deployment.apps "search" deleted
        service "user" deleted
        deployment.apps "user" deleted
        deployment.apps "ubuntu-client" deleted
        [run.sh] Waiting for all pods to be deleted
        [run.sh] Deploying all services
        service/frontend created
        deployment.apps/frontend created
        service/profile created
        deployment.apps/profile created
        service/rate created
        deployment.apps/rate created
        service/reservation created
        deployment.apps/reservation created
        service/search created
        deployment.apps/search created
        service/user created
        deployment.apps/user created
        [run.sh] Client pod not found, deploying client
        deployment.apps/ubuntu-client created
        [run.sh] Waiting for all pods to be running
        [run.sh] All pods are running
        [run.sh] Checking heartbeat for all services
        [run.sh] All pods can connect to all services
        [run.sh] Copying hotel/analysis.txt to ubuntu-client-76886f6bbd-tlv6k:/analysis.txt
        [run.sh] Finished populating hotel
        [run.sh] Starting the rust proxy first for hotel
        [2m2025-04-02T01:22:11.618646Z[0m [32m INFO[0m [2mproxy::hotel[0m[2m:[0m Reading analysis data from /analysis.txt
        [run.sh] Running warmup test
        [run.sh] /wrk/wrk -t8 -c512 -d3s -L http://localhost:3000
        Running 3s test @ http://localhost:3000
        8 threads and 512 connections
        Thread Stats   Avg      Stdev     Max   +/- Stdev
        Latency   252.40ms  111.61ms 756.16ms   67.43%
        Req/Sec   225.10     71.64   430.00     75.00%
        Latency Distribution
        50%  251.02ms
        75%  325.72ms
        90%  395.11ms
        99%  535.85ms
        5244 requests in 3.02s, 399.45KB read
        Requests/sec:   1736.81
        Transfer/sec:    132.30KB
        [run.sh] Speed is 1736.81, duration is 34
        [run.sh] Fix the request number.
        [run.sh] Running the actual test
        [run.sh] /wrk/wrk --timeout 20s -t8 -c512 -d34s -s /wrk/fix_req_n.lua -L http://localhost:3000
        [run.sh] Checking the resource usage
        NAME                             CPU(cores)   MEMORY(bytes)
        frontend-7f78d754bf-sxwvh        1894m        51Mi
        profile-6955bdfcf8-m8k7d         1851m        338Mi
        rate-5885bcfc97-c7wwv            230m         169Mi
        reservation-68c7f4d6c8-gvj5s     272m         194Mi
        search-7d5f7c7b68-tv6nf          422m         77Mi
        ubuntu-client-76886f6bbd-tlv6k   912m         59Mi
        user-6564bd6d86-4dsgd            61m          9Mi
        Running 34s test @ http://localhost:3000
        8 threads and 512 connections
        Thread Stats   Avg      Stdev     Max   +/- Stdev
        Latency   277.62ms  105.14ms 753.79ms   68.97%
        Req/Sec   230.47     50.60   410.00     72.56%
        Latency Distribution
        50%  281.12ms
        75%  345.07ms
        90%  406.23ms
        99%  528.24ms
        40000 requests in 34.00s, 2.98MB read
        Requests/sec:   1176.47
        Transfer/sec:     89.61KB
        ------------------------------
        stop time: 21.608744
        stop time: 21.754315
        stop time: 21.795819
        stop time: 21.887656
        stop time: 21.798613
        stop time: 22.029960
        stop time: 21.907920
        stop time: 21.860100
        [run.sh] Test finished with status 0
        > STDERR
        > No resources found in default namespace.
    [exp] Times: [21.608744, 21.754315, 21.795819, 21.887656, 21.798613, 22.02996, 21.90792, 21.8601]
    [exp] Throughput: 1832.3080071739669
[test.py] Baseline throughput: 1832.3080071739669
[test.py] Running groundtruth experiment
    [exp] Running (pre_run: False) workload hotel/mix request with the following configuration: {'CLIENT_CPU_QUOTA': '4', 'SLOWPOKE_POKER_BATCH_THRESHOLD': '20000000', 'SLOWPOKE_PROCESSING_MICROS_FRONTEND': '0', 'SLOWPOKE_PROCESSING_MICROS_PROFILE': '0', 'SLOWPOKE_PROCESSING_MICROS_RATE': '0', 'SLOWPOKE_PROCESSING_MICROS_RESERVATION': '0', 'SLOWPOKE_PROCESSING_MICROS_SEARCH': '0', 'SLOWPOKE_PROCESSING_MICROS_USER': '0', 'SLOWPOKE_DELAY_MICROS_FRONTEND': '0.0', 'SLOWPOKE_DELAY_MICROS_PROFILE': '0.0', 'SLOWPOKE_DELAY_MICROS_RATE': '0.0', 'SLOWPOKE_DELAY_MICROS_RESERVATION': '0.0', 'SLOWPOKE_DELAY_MICROS_SEARCH': '0.0', 'SLOWPOKE_DELAY_MICROS_USER': '0.0'}
    [exp] Executing cmd `bash run.sh hotel mix 8 512 40000`:
        [run.sh] Running benchmark hotel with request mix, thread 8, conn 512, duration 60
        [run.sh] Deleting all services
        service "frontend" deleted
        deployment.apps "frontend" deleted
        service "profile" deleted
        deployment.apps "profile" deleted
        service "rate" deleted
        deployment.apps "rate" deleted
        service "reservation" deleted
        deployment.apps "reservation" deleted
        service "search" deleted
        deployment.apps "search" deleted
        service "user" deleted
        deployment.apps "user" deleted
        deployment.apps "ubuntu-client" deleted
        [run.sh] Waiting for all pods to be deleted
        [run.sh] Deploying all services
        service/frontend created
        deployment.apps/frontend created
        service/profile created
        deployment.apps/profile created
        service/rate created
        deployment.apps/rate created
        service/reservation created
        deployment.apps/reservation created
        service/search created
        deployment.apps/search created
        service/user created
        deployment.apps/user created
        [run.sh] Client pod not found, deploying client
        deployment.apps/ubuntu-client created
        [run.sh] Waiting for all pods to be running
        [run.sh] All pods are running
        [run.sh] Checking heartbeat for all services
        [run.sh] All pods can connect to all services
        [run.sh] Copying hotel/analysis.txt to ubuntu-client-76886f6bbd-bj2vq:/analysis.txt
        [run.sh] Finished populating hotel
        [run.sh] Starting the rust proxy first for hotel
        [2m2025-04-02T01:23:48.979164Z[0m [32m INFO[0m [2mproxy::hotel[0m[2m:[0m Reading analysis data from /analysis.txt
        [run.sh] Running warmup test
        [run.sh] /wrk/wrk -t8 -c512 -d3s -L http://localhost:3000
        Running 3s test @ http://localhost:3000
        8 threads and 512 connections
        Thread Stats   Avg      Stdev     Max   +/- Stdev
        Latency   257.06ms  102.35ms 727.93ms   68.61%
        Req/Sec   219.00     72.92   370.00     72.92%
        Latency Distribution
        50%  250.31ms
        75%  319.93ms
        90%  390.17ms
        99%  527.85ms
        5238 requests in 3.03s, 398.99KB read
        Requests/sec:   1729.54
        Transfer/sec:    131.74KB
        [run.sh] Speed is 1729.54, duration is 34
        [run.sh] Fix the request number.
        [run.sh] Running the actual test
        [run.sh] /wrk/wrk --timeout 20s -t8 -c512 -d34s -s /wrk/fix_req_n.lua -L http://localhost:3000
        [run.sh] Checking the resource usage
        Running 34s test @ http://localhost:3000
        8 threads and 512 connections
        Thread Stats   Avg      Stdev     Max   +/- Stdev
        Latency   271.06ms  106.61ms   1.25s    69.35%
        Req/Sec   233.75     51.47   420.00     68.29%
        Latency Distribution
        50%  262.11ms
        75%  338.54ms
        90%  410.04ms
        99%  555.73ms
        40000 requests in 34.00s, 2.98MB read
        Requests/sec:   1176.47
        Transfer/sec:     89.61KB
        ------------------------------
        stop time: 21.387858
        stop time: 21.282519
        stop time: 21.376042
        stop time: 21.307642
        stop time: 21.564301
        stop time: 21.607745
        stop time: 21.629205
        stop time: 21.457339
        [run.sh] Test finished with status 0
        > STDERR
        > No resources found in default namespace.
        > error: metrics not available yet
    [exp] Times: [21.387858, 21.282519, 21.376042, 21.307642, 21.564301, 21.607745, 21.629205, 21.457339]
    [exp] Throughput: 1864.6643947012976
    [exp] Running (pre_run: False) workload hotel/mix request with the following configuration: {'CLIENT_CPU_QUOTA': '4', 'SLOWPOKE_POKER_BATCH_THRESHOLD': '20000000', 'SLOWPOKE_PROCESSING_MICROS_FRONTEND': '0', 'SLOWPOKE_PROCESSING_MICROS_PROFILE': '500', 'SLOWPOKE_PROCESSING_MICROS_RATE': '0', 'SLOWPOKE_PROCESSING_MICROS_RESERVATION': '0', 'SLOWPOKE_PROCESSING_MICROS_SEARCH': '0', 'SLOWPOKE_PROCESSING_MICROS_USER': '0', 'SLOWPOKE_DELAY_MICROS_FRONTEND': '0.0', 'SLOWPOKE_DELAY_MICROS_PROFILE': '0.0', 'SLOWPOKE_DELAY_MICROS_RATE': '0.0', 'SLOWPOKE_DELAY_MICROS_RESERVATION': '0.0', 'SLOWPOKE_DELAY_MICROS_SEARCH': '0.0', 'SLOWPOKE_DELAY_MICROS_USER': '0.0'}
    [exp] Executing cmd `bash run.sh hotel mix 8 512 40000`:
        [run.sh] Running benchmark hotel with request mix, thread 8, conn 512, duration 60
        [run.sh] Deleting all services
        service "frontend" deleted
        deployment.apps "frontend" deleted
        service "profile" deleted
        deployment.apps "profile" deleted
        service "rate" deleted
        deployment.apps "rate" deleted
        service "reservation" deleted
        deployment.apps "reservation" deleted
        service "search" deleted
        deployment.apps "search" deleted
        service "user" deleted
        deployment.apps "user" deleted
        deployment.apps "ubuntu-client" deleted
        [run.sh] Waiting for all pods to be deleted
        [run.sh] Deploying all services
        service/frontend created
        deployment.apps/frontend created
        service/profile created
        deployment.apps/profile created
        service/rate created
        deployment.apps/rate created
        service/reservation created
        deployment.apps/reservation created
        service/search created
        deployment.apps/search created
        service/user created
        deployment.apps/user created
        [run.sh] Client pod not found, deploying client
        deployment.apps/ubuntu-client created
        [run.sh] Waiting for all pods to be running
        [run.sh] All pods are running
        [run.sh] Checking heartbeat for all services
        [run.sh] All pods can connect to all services
        [run.sh] Copying hotel/analysis.txt to ubuntu-client-76886f6bbd-jndgq:/analysis.txt
        [run.sh] Finished populating hotel
        [run.sh] Starting the rust proxy first for hotel
        [2m2025-04-02T01:25:26.377794Z[0m [32m INFO[0m [2mproxy::hotel[0m[2m:[0m Reading analysis data from /analysis.txt
        [run.sh] Running warmup test
        [run.sh] /wrk/wrk -t8 -c512 -d3s -L http://localhost:3000
        Running 3s test @ http://localhost:3000
        8 threads and 512 connections
        Thread Stats   Avg      Stdev     Max   +/- Stdev
        Latency   256.31ms  103.91ms 720.59ms   70.73%
        Req/Sec   226.13     57.72   370.00     76.29%
        Latency Distribution
        50%  247.66ms
        75%  317.33ms
        90%  392.19ms
        99%  538.56ms
        5269 requests in 3.03s, 401.35KB read
        Requests/sec:   1737.73
        Transfer/sec:    132.37KB
        [run.sh] Speed is 1737.73, duration is 34
        [run.sh] Fix the request number.
        [run.sh] Running the actual test
        [run.sh] /wrk/wrk --timeout 20s -t8 -c512 -d34s -s /wrk/fix_req_n.lua -L http://localhost:3000
        [run.sh] Checking the resource usage
        NAME                             CPU(cores)   MEMORY(bytes)
        frontend-7f78d754bf-8725h        582m         48Mi
        profile-56bf9b68cd-pjm7m         216m         326Mi
        rate-5885bcfc97-xphjw            27m          127Mi
        reservation-68c7f4d6c8-bts4q     82m          145Mi
        search-7d5f7c7b68-p7xgf          94m          170Mi
        ubuntu-client-76886f6bbd-jndgq   114m         46Mi
        user-6564bd6d86-rzc4k            22m          8Mi
        Running 34s test @ http://localhost:3000
        8 threads and 512 connections
        Thread Stats   Avg      Stdev     Max   +/- Stdev
        Latency   272.26ms  112.37ms   2.41s    72.06%
        Req/Sec   233.68     53.52   434.00     70.60%
        Latency Distribution
        50%  266.32ms
        75%  336.86ms
        90%  408.43ms
        99%  566.91ms
        40000 requests in 34.00s, 2.98MB read
        Requests/sec:   1176.47
        Transfer/sec:     89.61KB
        ------------------------------
        stop time: 21.412626
        stop time: 21.573156
        stop time: 21.399887
        stop time: 21.437812
        stop time: 21.387049
        stop time: 21.523159
        stop time: 21.627771
        stop time: 21.705540
        [run.sh] Test finished with status 0
        > STDERR
        > No resources found in default namespace.
    [exp] Times: [21.412626, 21.573156, 21.399887, 21.437812, 21.387049, 21.523159, 21.627771, 21.70554]
    [exp] Throughput: 1859.7406824085965
[test.py] Running slowdown experiment
    [exp] Running (pre_run: False) workload hotel/mix request with the following configuration: {'CLIENT_CPU_QUOTA': '4', 'SLOWPOKE_POKER_BATCH_THRESHOLD': '20000000', 'SLOWPOKE_PROCESSING_MICROS_FRONTEND': '0', 'SLOWPOKE_PROCESSING_MICROS_PROFILE': '1000', 'SLOWPOKE_PROCESSING_MICROS_RATE': '0', 'SLOWPOKE_PROCESSING_MICROS_RESERVATION': '0', 'SLOWPOKE_PROCESSING_MICROS_SEARCH': '0', 'SLOWPOKE_PROCESSING_MICROS_USER': '0', 'SLOWPOKE_DELAY_MICROS_FRONTEND': '400.0', 'SLOWPOKE_DELAY_MICROS_PROFILE': '0.0', 'SLOWPOKE_DELAY_MICROS_RATE': '500.0', 'SLOWPOKE_DELAY_MICROS_RESERVATION': '400.0', 'SLOWPOKE_DELAY_MICROS_SEARCH': '500.0', 'SLOWPOKE_DELAY_MICROS_USER': '2015.0'}
    [exp] Executing cmd `bash run.sh hotel mix 8 512 40000`:
        [run.sh] Running benchmark hotel with request mix, thread 8, conn 512, duration 60
        [run.sh] Deleting all services
        service "frontend" deleted
        deployment.apps "frontend" deleted
        service "profile" deleted
        deployment.apps "profile" deleted
        service "rate" deleted
        deployment.apps "rate" deleted
        service "reservation" deleted
        deployment.apps "reservation" deleted
        service "search" deleted
        deployment.apps "search" deleted
        service "user" deleted
        deployment.apps "user" deleted
        deployment.apps "ubuntu-client" deleted
        [run.sh] Waiting for all pods to be deleted
        [run.sh] Deploying all services
        service/frontend created
        deployment.apps/frontend created
        service/profile created
        deployment.apps/profile created
        service/rate created
        deployment.apps/rate created
        service/reservation created
        deployment.apps/reservation created
        service/search created
        deployment.apps/search created
        service/user created
        deployment.apps/user created
        [run.sh] Client pod not found, deploying client
        deployment.apps/ubuntu-client created
        [run.sh] Waiting for all pods to be running
        [run.sh] All pods are running
        [run.sh] Checking heartbeat for all services
        [run.sh] All pods can connect to all services
        [run.sh] Copying hotel/analysis.txt to ubuntu-client-76886f6bbd-zdchq:/analysis.txt
        [run.sh] Finished populating hotel
        [run.sh] Starting the rust proxy first for hotel
        [2m2025-04-02T01:27:04.818810Z[0m [32m INFO[0m [2mproxy::hotel[0m[2m:[0m Reading analysis data from /analysis.txt
        [run.sh] Running warmup test
        [run.sh] /wrk/wrk -t8 -c512 -d3s -L http://localhost:3000
        Running 3s test @ http://localhost:3000
        8 threads and 512 connections
        Thread Stats   Avg      Stdev     Max   +/- Stdev
        Latency   426.29ms  151.51ms   1.05s    67.65%
        Req/Sec   133.88     60.50   313.00     67.41%
        Latency Distribution
        50%  419.72ms
        75%  527.38ms
        90%  623.64ms
        99%  812.99ms
        3023 requests in 3.03s, 230.27KB read
        Requests/sec:    997.16
        Transfer/sec:     75.96KB
        [run.sh] Speed is 997.16, duration is 60
        [run.sh] Fix the request number.
        [run.sh] Running the actual test
        [run.sh] /wrk/wrk --timeout 20s -t8 -c512 -d60s -s /wrk/fix_req_n.lua -L http://localhost:3000
        [run.sh] Checking the resource usage
        NAME                             CPU(cores)   MEMORY(bytes)
        frontend-7c9f4dc949-r8qh9        1110m        51Mi
        profile-6955bdfcf8-sts8v         1143m        319Mi
        rate-77fbc5f7b4-fs6cm            112m         189Mi
        reservation-7449896cbb-gzsgd     132m         189Mi
        search-8765797cc-5942l           211m         83Mi
        ubuntu-client-76886f6bbd-zdchq   571m         61Mi
        user-fff94fc4d-69qdn             42m          8Mi
        Running 1m test @ http://localhost:3000
        8 threads and 512 connections
        Thread Stats   Avg      Stdev     Max   +/- Stdev
        Latency   455.10ms  161.25ms   1.31s    68.97%
        Req/Sec   140.61     56.72   373.00     66.49%
        Latency Distribution
        50%  451.10ms
        75%  557.53ms
        90%  659.73ms
        99%  868.38ms
        40000 requests in 1.00m, 2.98MB read
        Requests/sec:    666.67
        Transfer/sec:     50.78KB
        ------------------------------
        stop time: 35.807134
        stop time: 35.563132
        stop time: 35.723929
        stop time: 35.899903
        stop time: 35.705115
        stop time: 35.867366
        stop time: 35.784863
        stop time: 35.948603
        [run.sh] Test finished with status 0
        > STDERR
        > No resources found in default namespace.
    [exp] Times: [35.807134, 35.563132, 35.723929, 35.899903, 35.705115, 35.867366, 35.784863, 35.948603]
    [exp] Throughput: 1117.7085214918495
    [exp] Running (pre_run: False) workload hotel/mix request with the following configuration: {'CLIENT_CPU_QUOTA': '4', 'SLOWPOKE_POKER_BATCH_THRESHOLD': '20000000', 'SLOWPOKE_PROCESSING_MICROS_FRONTEND': '0', 'SLOWPOKE_PROCESSING_MICROS_PROFILE': '1000', 'SLOWPOKE_PROCESSING_MICROS_RATE': '0', 'SLOWPOKE_PROCESSING_MICROS_RESERVATION': '0', 'SLOWPOKE_PROCESSING_MICROS_SEARCH': '0', 'SLOWPOKE_PROCESSING_MICROS_USER': '0', 'SLOWPOKE_DELAY_MICROS_FRONTEND': '200.0', 'SLOWPOKE_DELAY_MICROS_PROFILE': '0.0', 'SLOWPOKE_DELAY_MICROS_RATE': '250.0', 'SLOWPOKE_DELAY_MICROS_RESERVATION': '200.0', 'SLOWPOKE_DELAY_MICROS_SEARCH': '250.0', 'SLOWPOKE_DELAY_MICROS_USER': '1007.5'}
    [exp] Executing cmd `bash run.sh hotel mix 8 512 40000`:
        [run.sh] Running benchmark hotel with request mix, thread 8, conn 512, duration 60
        [run.sh] Deleting all services
        service "frontend" deleted
        deployment.apps "frontend" deleted
        service "profile" deleted
        deployment.apps "profile" deleted
        service "rate" deleted
        deployment.apps "rate" deleted
        service "reservation" deleted
        deployment.apps "reservation" deleted
        service "search" deleted
        deployment.apps "search" deleted
        service "user" deleted
        deployment.apps "user" deleted
        deployment.apps "ubuntu-client" deleted
        [run.sh] Waiting for all pods to be deleted
        [run.sh] Deploying all services
        service/frontend created
        deployment.apps/frontend created
        service/profile created
        deployment.apps/profile created
        service/rate created
        deployment.apps/rate created
        service/reservation created
        deployment.apps/reservation created
        service/search created
        deployment.apps/search created
        service/user created
        deployment.apps/user created
        [run.sh] Client pod not found, deploying client
        deployment.apps/ubuntu-client created
        [run.sh] Waiting for all pods to be running
        [run.sh] All pods are running
        [run.sh] Checking heartbeat for all services
        [run.sh] All pods can connect to all services
        [run.sh] Copying hotel/analysis.txt to ubuntu-client-76886f6bbd-lkklj:/analysis.txt
        [run.sh] Finished populating hotel
        [run.sh] Starting the rust proxy first for hotel
        [2m2025-04-02T01:29:09.410814Z[0m [32m INFO[0m [2mproxy::hotel[0m[2m:[0m Reading analysis data from /analysis.txt
        [run.sh] Running warmup test
        [run.sh] /wrk/wrk -t8 -c512 -d3s -L http://localhost:3000
        Running 3s test @ http://localhost:3000
        8 threads and 512 connections
        Thread Stats   Avg      Stdev     Max   +/- Stdev
        Latency   340.87ms  123.47ms 882.92ms   67.61%
        Req/Sec   168.14     62.39   350.00     74.57%
        Latency Distribution
        50%  338.22ms
        75%  420.27ms
        90%  495.76ms
        99%  654.23ms
        3907 requests in 3.03s, 297.60KB read
        Requests/sec:   1290.85
        Transfer/sec:     98.33KB
        [run.sh] Speed is 1290.85, duration is 46
        [run.sh] Fix the request number.
        [run.sh] Running the actual test
        [run.sh] /wrk/wrk --timeout 20s -t8 -c512 -d46s -s /wrk/fix_req_n.lua -L http://localhost:3000
        [run.sh] Checking the resource usage
        NAME                             CPU(cores)   MEMORY(bytes)
        frontend-8ddbcd59-lbzcn          1186m        46Mi
        profile-6955bdfcf8-h7bk6         907m         327Mi
        rate-66857b6f88-8rvs4            114m         168Mi
        reservation-69489bd64d-xtchq     188m         183Mi
        search-8cbc97bfc-j7vpn           174m         83Mi
        ubuntu-client-76886f6bbd-lkklj   457m         61Mi
        user-5cfb79954f-vhq5q            49m          9Mi
        Running 46s test @ http://localhost:3000
        8 threads and 512 connections
        Thread Stats   Avg      Stdev     Max   +/- Stdev
        Latency   362.69ms  137.06ms   1.05s    69.02%
        Req/Sec   176.43     55.54   383.00     68.19%
        Latency Distribution
        50%  357.33ms
        75%  449.22ms
        90%  538.41ms
        99%  715.83ms
        40000 requests in 46.00s, 2.98MB read
        Requests/sec:    869.56
        Transfer/sec:     66.24KB
        ------------------------------
        stop time: 28.517232
        stop time: 28.381690
        stop time: 28.447922
        stop time: 28.579526
        stop time: 28.594817
        stop time: 28.575234
        stop time: 28.633947
        stop time: 28.591495
        [run.sh] Test finished with status 0
        > STDERR
        > No resources found in default namespace.
    [exp] Times: [28.517232, 28.38169, 28.447922, 28.579526, 28.594817, 28.575234, 28.633947, 28.591495]
    [exp] Throughput: 1401.5302599383572
[test.py] Baseline throughput:  1832.3080071739669
[test.py] Groundtruth:  [1864.6643947012976, 1859.7406824085965]
[test.py] Slowdown:  [1117.7085214918495, 1401.5302599383572]
[test.py] Predicted:  [2021.4776312918923, 1947.3975900577514]
[test.py] Error percentage:  [8.409729763500673, 4.713394102645978]
[test.py] ++++++++++++++++++++++++++++++++ Summary: 
[test.py] Result for the experiment 0: 
    Baseline throughput: 1832.3080071739669
    Groundtruth: [1864.6643947012976, 1859.7406824085965]
    Slowdown:    [1117.7085214918495, 1401.5302599383572]
    Predicted:   [2021.4776312918923, 1947.3975900577514]
    Error Perc:  [8.409729763500673, 4.713394102645978]
