[config.py] Random numbers for execution time: [457.8190171971569, 510.5244189842223, 569.5877680219319, 681.5840739845216, 759.3515679562805, 826.3618367022134, 909.8265613867029, 932.441954121777, 984.287486755421, 994.5039736858845, 1033.5791531668715]
benchmark                        : synthetic
num_threads                      : 8
num_conns                        : 128
target_service                   : service0
request_type                     : fanout-w10-http-sync
repetitions                      : 1
target_num_exp                   : 1
pre_run                          : False
num_req                          : 20000
groundtruths                     : []
slowdowns                        : []
predicteds                       : []
errs                             : []
poker_batch_req                  : 100
client_cpu_quota                 : 2
random_seed                      : 29513
request_ratio                    : {'service0': 1, 'service1': 1, 'service2': 1, 'service3': 1, 'service4': 1, 'service5': 1, 'service6': 1, 'service7': 1, 'service8': 1, 'service9': 1, 'service10': 1}
baseline_service_processing_time : {'service0': 1033.58, 'service1': 994.5, 'service2': 984.29, 'service3': 932.44, 'service4': 909.83, 'service5': 826.36, 'service6': 759.35, 'service7': 681.58, 'service8': 569.59, 'service9': 510.52, 'service10': 457.82}
cpu_quota                        : {'service0': 2, 'service1': 2, 'service2': 2, 'service3': 2, 'service4': 2, 'service5': 2, 'service6': 2, 'service7': 2, 'service8': 2, 'service9': 2, 'service10': 2}
target_processing_time_range     : [0, 1033.58]
baseline_throughputs             : []
poker_batch                      : 20000000
[test.py] Starting experiment...
[test.py] >>>>>>>>>>>>>>>>>>>>>>>>>>>>> Running experiment 0...
[test.py] Actual processing time range: [0]
[test.py] Running baseline experiment
    [exp] Running (pre_run: False) workload synthetic/fanout-w10-http-sync request with the following configuration: {'CLIENT_CPU_QUOTA': '2', 'SLOWPOKE_POKER_BATCH_THRESHOLD': '20000000', 'PROCESSING_TIME_SERVICE0': '0.00103358', 'PROCESSING_TIME_SERVICE1': '0.0009945', 'PROCESSING_TIME_SERVICE2': '0.00098429', 'PROCESSING_TIME_SERVICE3': '0.00093244', 'PROCESSING_TIME_SERVICE4': '0.00090983', 'PROCESSING_TIME_SERVICE5': '0.00082636', 'PROCESSING_TIME_SERVICE6': '0.00075935', 'PROCESSING_TIME_SERVICE7': '0.00068158', 'PROCESSING_TIME_SERVICE8': '0.00056959', 'PROCESSING_TIME_SERVICE9': '0.00051052', 'PROCESSING_TIME_SERVICE10': '0.00045782', 'SLOWPOKE_DELAY_MICROS_SERVICE0': '0.0', 'SLOWPOKE_POKER_BATCH_THRESHOLD_SERVICE0': '100', 'SLOWPOKE_IS_TARGET_SERVICE_SERVICE0': 'true', 'SLOWPOKE_DELAY_MICROS_SERVICE1': '0.0', 'SLOWPOKE_POKER_BATCH_THRESHOLD_SERVICE1': '100', 'SLOWPOKE_IS_TARGET_SERVICE_SERVICE1': 'false', 'SLOWPOKE_DELAY_MICROS_SERVICE2': '0.0', 'SLOWPOKE_POKER_BATCH_THRESHOLD_SERVICE2': '100', 'SLOWPOKE_IS_TARGET_SERVICE_SERVICE2': 'false', 'SLOWPOKE_DELAY_MICROS_SERVICE3': '0.0', 'SLOWPOKE_POKER_BATCH_THRESHOLD_SERVICE3': '100', 'SLOWPOKE_IS_TARGET_SERVICE_SERVICE3': 'false', 'SLOWPOKE_DELAY_MICROS_SERVICE4': '0.0', 'SLOWPOKE_POKER_BATCH_THRESHOLD_SERVICE4': '100', 'SLOWPOKE_IS_TARGET_SERVICE_SERVICE4': 'false', 'SLOWPOKE_DELAY_MICROS_SERVICE5': '0.0', 'SLOWPOKE_POKER_BATCH_THRESHOLD_SERVICE5': '100', 'SLOWPOKE_IS_TARGET_SERVICE_SERVICE5': 'false', 'SLOWPOKE_DELAY_MICROS_SERVICE6': '0.0', 'SLOWPOKE_POKER_BATCH_THRESHOLD_SERVICE6': '100', 'SLOWPOKE_IS_TARGET_SERVICE_SERVICE6': 'false', 'SLOWPOKE_DELAY_MICROS_SERVICE7': '0.0', 'SLOWPOKE_POKER_BATCH_THRESHOLD_SERVICE7': '100', 'SLOWPOKE_IS_TARGET_SERVICE_SERVICE7': 'false', 'SLOWPOKE_DELAY_MICROS_SERVICE8': '0.0', 'SLOWPOKE_POKER_BATCH_THRESHOLD_SERVICE8': '100', 'SLOWPOKE_IS_TARGET_SERVICE_SERVICE8': 'false', 'SLOWPOKE_DELAY_MICROS_SERVICE9': '0.0', 'SLOWPOKE_POKER_BATCH_THRESHOLD_SERVICE9': '100', 'SLOWPOKE_IS_TARGET_SERVICE_SERVICE9': 'false', 'SLOWPOKE_DELAY_MICROS_SERVICE10': '0.0', 'SLOWPOKE_POKER_BATCH_THRESHOLD_SERVICE10': '100', 'SLOWPOKE_IS_TARGET_SERVICE_SERVICE10': 'false'}
    [exp] Executing cmd `bash run.sh synthetic fanout-w10-http-sync 8 128 20000`:
        [run.sh] Running benchmark synthetic with request fanout-w10-http-sync, thread 8, conn 128, duration 60
        [run.sh] Deleting all services
        configmap "config-service0" deleted
        deployment.apps "service0" deleted
        service "service0" deleted
        configmap "config-service1" deleted
        deployment.apps "service1" deleted
        service "service1" deleted
        configmap "config-service10" deleted
        deployment.apps "service10" deleted
        service "service10" deleted
        configmap "config-service2" deleted
        deployment.apps "service2" deleted
        service "service2" deleted
        configmap "config-service3" deleted
        deployment.apps "service3" deleted
        service "service3" deleted
        configmap "config-service4" deleted
        deployment.apps "service4" deleted
        service "service4" deleted
        configmap "config-service5" deleted
        deployment.apps "service5" deleted
        service "service5" deleted
        configmap "config-service6" deleted
        deployment.apps "service6" deleted
        service "service6" deleted
        configmap "config-service7" deleted
        deployment.apps "service7" deleted
        service "service7" deleted
        configmap "config-service8" deleted
        deployment.apps "service8" deleted
        service "service8" deleted
        configmap "config-service9" deleted
        deployment.apps "service9" deleted
        service "service9" deleted
        deployment.apps "ubuntu-client" deleted
        [run.sh] Waiting for all pods to be deleted
        [run.sh] Deploying all services
        configmap/config-service0 created
        deployment.apps/service0 created
        service/service0 created
        configmap/config-service1 created
        deployment.apps/service1 created
        service/service1 created
        configmap/config-service10 created
        deployment.apps/service10 created
        service/service10 created
        configmap/config-service2 created
        deployment.apps/service2 created
        service/service2 created
        configmap/config-service3 created
        deployment.apps/service3 created
        service/service3 created
        configmap/config-service4 created
        deployment.apps/service4 created
        service/service4 created
        configmap/config-service5 created
        deployment.apps/service5 created
        service/service5 created
        configmap/config-service6 created
        deployment.apps/service6 created
        service/service6 created
        configmap/config-service7 created
        deployment.apps/service7 created
        service/service7 created
        configmap/config-service8 created
        deployment.apps/service8 created
        service/service8 created
        configmap/config-service9 created
        deployment.apps/service9 created
        service/service9 created
        [run.sh] Client pod not found, deploying client
        deployment.apps/ubuntu-client created
        [run.sh] Waiting for all pods to be running
        [run.sh] All pods are running
        [run.sh] Checking heartbeat for all services
        [run.sh] All pods can connect to all services
        [run.sh] Running warmup test
        [run.sh] /wrk/wrk -t8 -c128 --timeout 3s -d3s -L http://service0:80/endpoint1
        Running 3s test @ http://service0:80/endpoint1
        8 threads and 128 connections
        Thread Stats   Avg      Stdev     Max   +/- Stdev
        Latency   153.98ms   66.81ms 451.06ms   75.41%
        Req/Sec   108.50     33.16   272.00     79.74%
        Latency Distribution
        50%  144.39ms
        75%  184.61ms
        90%  237.24ms
        99%  389.36ms
        2491 requests in 3.10s, 386.79KB read
        Requests/sec:    803.38
        Transfer/sec:    124.74KB
        [run.sh] Speed is 803.38, duration is 37
        [run.sh] Fix the request number.
        [run.sh] Running the actual test
        [run.sh] /wrk/wrk --timeout 20s -t8 -c128 -d37s -L -s /wrk/fix_req_n.lua http://service0:80/endpoint1
        [run.sh] Checking the resource usage
        NAME                             CPU(cores)   MEMORY(bytes)
        service0-8cfffb9b9-78rlm         7m           3Mi
        service1-7585bd9d88-8kqfs        6m           3Mi
        service10-8467f679d8-rzrmb       6m           3Mi
        service2-958786d58-v8h6b         7m           3Mi
        service3-6ddd8b8f64-xbsrs        6m           3Mi
        service4-9bb5bd9fd-lt4mf         2m           3Mi
        service5-65b54fcdcb-8swf9        6m           3Mi
        service6-7dcff5bc4-q6zgf         7m           3Mi
        service7-7758b6668-k75tq         6m           3Mi
        service8-778ccbf6cd-vp4bm        6m           3Mi
        service9-54c984fd45-wphcg        1m           3Mi
        ubuntu-client-76886f6bbd-wrjvc   0m           0Mi
        Running 37s test @ http://service0:80/endpoint1
        8 threads and 128 connections
        Thread Stats   Avg      Stdev     Max   +/- Stdev
        Latency   143.51ms   50.43ms 484.19ms   69.38%
        Req/Sec   111.39     24.45   200.00     72.14%
        Latency Distribution
        50%  138.42ms
        75%  173.63ms
        90%  209.22ms
        99%  285.78ms
        20000 requests in 37.00s, 3.03MB read
        Requests/sec:    540.54
        Transfer/sec:     83.93KB
        ------------------------------
        stop time: 22.472819
        stop time: 22.593001
        stop time: 22.502924
        stop time: 22.240847
        stop time: 22.353119
        stop time: 22.576785
        stop time: 22.589032
        stop time: 22.475700
        [run.sh] Test finished with status 0
        > STDERR
        > No resources found in default namespace.
    [exp] Times: [22.472819, 22.593001, 22.502924, 22.240847, 22.353119, 22.576785, 22.589032, 22.4757]
    [exp] Throughput: 889.8567217777367
[test.py] Baseline throughput: 889.8567217777367
[test.py] Running 0th optmization experiment
[test.py] Running 0th groundtruth exp
    [exp] Running (pre_run: False) workload synthetic/fanout-w10-http-sync request with the following configuration: {'CLIENT_CPU_QUOTA': '2', 'SLOWPOKE_POKER_BATCH_THRESHOLD': '20000000', 'PROCESSING_TIME_SERVICE0': '0.0', 'PROCESSING_TIME_SERVICE1': '0.0009945', 'PROCESSING_TIME_SERVICE2': '0.00098429', 'PROCESSING_TIME_SERVICE3': '0.00093244', 'PROCESSING_TIME_SERVICE4': '0.00090983', 'PROCESSING_TIME_SERVICE5': '0.00082636', 'PROCESSING_TIME_SERVICE6': '0.00075935', 'PROCESSING_TIME_SERVICE7': '0.00068158', 'PROCESSING_TIME_SERVICE8': '0.00056959', 'PROCESSING_TIME_SERVICE9': '0.00051052', 'PROCESSING_TIME_SERVICE10': '0.00045782', 'SLOWPOKE_DELAY_MICROS_SERVICE0': '0.0', 'SLOWPOKE_POKER_BATCH_THRESHOLD_SERVICE0': '100', 'SLOWPOKE_IS_TARGET_SERVICE_SERVICE0': 'true', 'SLOWPOKE_DELAY_MICROS_SERVICE1': '0.0', 'SLOWPOKE_POKER_BATCH_THRESHOLD_SERVICE1': '100', 'SLOWPOKE_IS_TARGET_SERVICE_SERVICE1': 'false', 'SLOWPOKE_DELAY_MICROS_SERVICE2': '0.0', 'SLOWPOKE_POKER_BATCH_THRESHOLD_SERVICE2': '100', 'SLOWPOKE_IS_TARGET_SERVICE_SERVICE2': 'false', 'SLOWPOKE_DELAY_MICROS_SERVICE3': '0.0', 'SLOWPOKE_POKER_BATCH_THRESHOLD_SERVICE3': '100', 'SLOWPOKE_IS_TARGET_SERVICE_SERVICE3': 'false', 'SLOWPOKE_DELAY_MICROS_SERVICE4': '0.0', 'SLOWPOKE_POKER_BATCH_THRESHOLD_SERVICE4': '100', 'SLOWPOKE_IS_TARGET_SERVICE_SERVICE4': 'false', 'SLOWPOKE_DELAY_MICROS_SERVICE5': '0.0', 'SLOWPOKE_POKER_BATCH_THRESHOLD_SERVICE5': '100', 'SLOWPOKE_IS_TARGET_SERVICE_SERVICE5': 'false', 'SLOWPOKE_DELAY_MICROS_SERVICE6': '0.0', 'SLOWPOKE_POKER_BATCH_THRESHOLD_SERVICE6': '100', 'SLOWPOKE_IS_TARGET_SERVICE_SERVICE6': 'false', 'SLOWPOKE_DELAY_MICROS_SERVICE7': '0.0', 'SLOWPOKE_POKER_BATCH_THRESHOLD_SERVICE7': '100', 'SLOWPOKE_IS_TARGET_SERVICE_SERVICE7': 'false', 'SLOWPOKE_DELAY_MICROS_SERVICE8': '0.0', 'SLOWPOKE_POKER_BATCH_THRESHOLD_SERVICE8': '100', 'SLOWPOKE_IS_TARGET_SERVICE_SERVICE8': 'false', 'SLOWPOKE_DELAY_MICROS_SERVICE9': '0.0', 'SLOWPOKE_POKER_BATCH_THRESHOLD_SERVICE9': '100', 'SLOWPOKE_IS_TARGET_SERVICE_SERVICE9': 'false', 'SLOWPOKE_DELAY_MICROS_SERVICE10': '0.0', 'SLOWPOKE_POKER_BATCH_THRESHOLD_SERVICE10': '100', 'SLOWPOKE_IS_TARGET_SERVICE_SERVICE10': 'false'}
    [exp] Executing cmd `bash run.sh synthetic fanout-w10-http-sync 8 128 20000`:
        [run.sh] Running benchmark synthetic with request fanout-w10-http-sync, thread 8, conn 128, duration 60
        [run.sh] Deleting all services
        configmap "config-service0" deleted
        deployment.apps "service0" deleted
        service "service0" deleted
        configmap "config-service1" deleted
        deployment.apps "service1" deleted
        service "service1" deleted
        configmap "config-service10" deleted
        deployment.apps "service10" deleted
        service "service10" deleted
        configmap "config-service2" deleted
        deployment.apps "service2" deleted
        service "service2" deleted
        configmap "config-service3" deleted
        deployment.apps "service3" deleted
        service "service3" deleted
        configmap "config-service4" deleted
        deployment.apps "service4" deleted
        service "service4" deleted
        configmap "config-service5" deleted
        deployment.apps "service5" deleted
        service "service5" deleted
        configmap "config-service6" deleted
        deployment.apps "service6" deleted
        service "service6" deleted
        configmap "config-service7" deleted
        deployment.apps "service7" deleted
        service "service7" deleted
        configmap "config-service8" deleted
        deployment.apps "service8" deleted
        service "service8" deleted
        configmap "config-service9" deleted
        deployment.apps "service9" deleted
        service "service9" deleted
        deployment.apps "ubuntu-client" deleted
        [run.sh] Waiting for all pods to be deleted
        [run.sh] Deploying all services
        configmap/config-service0 created
        deployment.apps/service0 created
        service/service0 created
        configmap/config-service1 created
        deployment.apps/service1 created
        service/service1 created
        configmap/config-service10 created
        deployment.apps/service10 created
        service/service10 created
        configmap/config-service2 created
        deployment.apps/service2 created
        service/service2 created
        configmap/config-service3 created
        deployment.apps/service3 created
        service/service3 created
        configmap/config-service4 created
        deployment.apps/service4 created
        service/service4 created
        configmap/config-service5 created
        deployment.apps/service5 created
        service/service5 created
        configmap/config-service6 created
        deployment.apps/service6 created
        service/service6 created
        configmap/config-service7 created
        deployment.apps/service7 created
        service/service7 created
        configmap/config-service8 created
        deployment.apps/service8 created
        service/service8 created
        configmap/config-service9 created
        deployment.apps/service9 created
        service/service9 created
        [run.sh] Client pod not found, deploying client
        deployment.apps/ubuntu-client created
        [run.sh] Waiting for all pods to be running
        [run.sh] All pods are running
        [run.sh] Checking heartbeat for all services
        [run.sh] service0-8cfffb9b9-mfpkr cannot connect to service4
        [run.sh] service0-8cfffb9b9-mfpkr cannot connect to service4
        [run.sh] service1-7585bd9d88-gn8j4 cannot connect to service4
        [run.sh] service1-7585bd9d88-gn8j4 cannot connect to service4
        [run.sh] service1-7585bd9d88-gn8j4 cannot connect to service7
        [run.sh] service10-8467f679d8-6ct67 cannot connect to service4
        [run.sh] service10-8467f679d8-6ct67 cannot connect to service7
        [run.sh] service2-958786d58-t6fcj cannot connect to service4
        [run.sh] service2-958786d58-t6fcj cannot connect to service7
        [run.sh] service3-6ddd8b8f64-wcrpq cannot connect to service4
        [run.sh] service3-6ddd8b8f64-wcrpq cannot connect to service7
        [run.sh] service4-9bb5bd9fd-mlm45 cannot connect to service7
        [run.sh] service5-65b54fcdcb-zlnjx cannot connect to service4
        [run.sh] service5-65b54fcdcb-zlnjx cannot connect to service7
        [run.sh] service6-7dcff5bc4-2hphr cannot connect to service4
        [run.sh] service6-7dcff5bc4-2hphr cannot connect to service7
        [run.sh] service7-7758b6668-zw78q cannot connect to service4
        [run.sh] service8-778ccbf6cd-8qcv9 cannot connect to service4
        [run.sh] service8-778ccbf6cd-8qcv9 cannot connect to service7
        [run.sh] service9-54c984fd45-gdh6b cannot connect to service4
        [run.sh] service9-54c984fd45-gdh6b cannot connect to service7
        [run.sh] ubuntu-client-76886f6bbd-m2mfz cannot connect to service4
        [run.sh] ubuntu-client-76886f6bbd-m2mfz cannot connect to service7
        [run.sh] All pods can connect to all services
        [run.sh] Running warmup test
        [run.sh] /wrk/wrk -t8 -c128 --timeout 3s -d3s -L http://service0:80/endpoint1
        Running 3s test @ http://service0:80/endpoint1
        8 threads and 128 connections
        Thread Stats   Avg      Stdev     Max   +/- Stdev
        Latency    91.35ms   42.73ms 311.00ms   77.99%
        Req/Sec   184.72     38.64   333.00     77.88%
        Latency Distribution
        50%   83.43ms
        75%  106.88ms
        90%  140.75ms
        99%  244.04ms
        4274 requests in 3.09s, 663.64KB read
        Requests/sec:   1382.59
        Transfer/sec:    214.68KB
        [run.sh] Speed is 1382.59, duration is 21
        [run.sh] Fix the request number.
        [run.sh] Running the actual test
        [run.sh] /wrk/wrk --timeout 20s -t8 -c128 -d21s -L -s /wrk/fix_req_n.lua http://service0:80/endpoint1
        Running 21s test @ http://service0:80/endpoint1
        8 threads and 128 connections
        Thread Stats   Avg      Stdev     Max   +/- Stdev
        Latency    85.31ms   33.93ms 301.34ms   74.55%
        Req/Sec   187.70     31.31   323.00     72.11%
        Latency Distribution
        50%   80.98ms
        75%  101.53ms
        90%  125.96ms
        99%  204.49ms
        20000 requests in 21.00s, 3.03MB read
        Requests/sec:    952.37
        Transfer/sec:    147.88KB
        ------------------------------
        stop time: 13.416217
        stop time: 13.259228
        stop time: 13.355169
        stop time: 13.348997
        stop time: 13.371646
        stop time: 13.338693
        stop time: 13.415902
        stop time: 13.349633
        [run.sh] Checking the resource usage
        NAME                             CPU(cores)   MEMORY(bytes)
        service0-8cfffb9b9-mfpkr         1m           38Mi
        service1-7585bd9d88-gn8j4        314m         14Mi
        service10-8467f679d8-6ct67       269m         10Mi
        service2-958786d58-t6fcj         481m         11Mi
        service3-6ddd8b8f64-wcrpq        462m         11Mi
        service4-9bb5bd9fd-mlm45         1m           10Mi
        service5-65b54fcdcb-zlnjx        416m         9Mi
        service6-7dcff5bc4-2hphr         325m         10Mi
        service7-7758b6668-zw78q         6m           9Mi
        service8-778ccbf6cd-8qcv9        314m         9Mi
        service9-54c984fd45-gdh6b        210m         9Mi
        ubuntu-client-76886f6bbd-m2mfz   25m          0Mi
        [run.sh] Test finished with status 0
        > STDERR
        > No resources found in default namespace.
        > command terminated with exit code 1
        > command terminated with exit code 1
        > command terminated with exit code 1
        > command terminated with exit code 1
        > command terminated with exit code 1
        > command terminated with exit code 1
        > command terminated with exit code 1
        > command terminated with exit code 1
        > command terminated with exit code 1
        > command terminated with exit code 1
        > command terminated with exit code 1
        > command terminated with exit code 1
        > command terminated with exit code 1
        > command terminated with exit code 1
        > command terminated with exit code 1
        > command terminated with exit code 1
        > command terminated with exit code 1
        > command terminated with exit code 1
        > command terminated with exit code 1
        > command terminated with exit code 1
        > command terminated with exit code 1
        > curl: (28) Connection timed out after 1002 milliseconds
        > command terminated with exit code 28
        > curl: (28) Connection timed out after 1002 milliseconds
        > command terminated with exit code 28
    [exp] Times: [13.416217, 13.259228, 13.355169, 13.348997, 13.371646, 13.338693, 13.415902, 13.349633]
    [exp] Throughput: 1497.34943414463
[test.py] Running 0th slowdown exp
    [exp] Running (pre_run: False) workload synthetic/fanout-w10-http-sync request with the following configuration: {'CLIENT_CPU_QUOTA': '2', 'SLOWPOKE_POKER_BATCH_THRESHOLD': '20000000', 'PROCESSING_TIME_SERVICE0': '0.00103358', 'PROCESSING_TIME_SERVICE1': '0.0009945', 'PROCESSING_TIME_SERVICE2': '0.00098429', 'PROCESSING_TIME_SERVICE3': '0.00093244', 'PROCESSING_TIME_SERVICE4': '0.00090983', 'PROCESSING_TIME_SERVICE5': '0.00082636', 'PROCESSING_TIME_SERVICE6': '0.00075935', 'PROCESSING_TIME_SERVICE7': '0.00068158', 'PROCESSING_TIME_SERVICE8': '0.00056959', 'PROCESSING_TIME_SERVICE9': '0.00051052', 'PROCESSING_TIME_SERVICE10': '0.00045782', 'SLOWPOKE_DELAY_MICROS_SERVICE0': '0.0', 'SLOWPOKE_POKER_BATCH_THRESHOLD_SERVICE0': '100', 'SLOWPOKE_IS_TARGET_SERVICE_SERVICE0': 'true', 'SLOWPOKE_DELAY_MICROS_SERVICE1': '516.5', 'SLOWPOKE_POKER_BATCH_THRESHOLD_SERVICE1': '100', 'SLOWPOKE_IS_TARGET_SERVICE_SERVICE1': 'false', 'SLOWPOKE_DELAY_MICROS_SERVICE2': '516.5', 'SLOWPOKE_POKER_BATCH_THRESHOLD_SERVICE2': '100', 'SLOWPOKE_IS_TARGET_SERVICE_SERVICE2': 'false', 'SLOWPOKE_DELAY_MICROS_SERVICE3': '516.5', 'SLOWPOKE_POKER_BATCH_THRESHOLD_SERVICE3': '100', 'SLOWPOKE_IS_TARGET_SERVICE_SERVICE3': 'false', 'SLOWPOKE_DELAY_MICROS_SERVICE4': '516.5', 'SLOWPOKE_POKER_BATCH_THRESHOLD_SERVICE4': '100', 'SLOWPOKE_IS_TARGET_SERVICE_SERVICE4': 'false', 'SLOWPOKE_DELAY_MICROS_SERVICE5': '516.5', 'SLOWPOKE_POKER_BATCH_THRESHOLD_SERVICE5': '100', 'SLOWPOKE_IS_TARGET_SERVICE_SERVICE5': 'false', 'SLOWPOKE_DELAY_MICROS_SERVICE6': '516.5', 'SLOWPOKE_POKER_BATCH_THRESHOLD_SERVICE6': '100', 'SLOWPOKE_IS_TARGET_SERVICE_SERVICE6': 'false', 'SLOWPOKE_DELAY_MICROS_SERVICE7': '516.5', 'SLOWPOKE_POKER_BATCH_THRESHOLD_SERVICE7': '100', 'SLOWPOKE_IS_TARGET_SERVICE_SERVICE7': 'false', 'SLOWPOKE_DELAY_MICROS_SERVICE8': '516.5', 'SLOWPOKE_POKER_BATCH_THRESHOLD_SERVICE8': '100', 'SLOWPOKE_IS_TARGET_SERVICE_SERVICE8': 'false', 'SLOWPOKE_DELAY_MICROS_SERVICE9': '516.5', 'SLOWPOKE_POKER_BATCH_THRESHOLD_SERVICE9': '100', 'SLOWPOKE_IS_TARGET_SERVICE_SERVICE9': 'false', 'SLOWPOKE_DELAY_MICROS_SERVICE10': '516.5', 'SLOWPOKE_POKER_BATCH_THRESHOLD_SERVICE10': '100', 'SLOWPOKE_IS_TARGET_SERVICE_SERVICE10': 'false'}
    [exp] Executing cmd `bash run.sh synthetic fanout-w10-http-sync 8 128 20000`:
        [run.sh] Running benchmark synthetic with request fanout-w10-http-sync, thread 8, conn 128, duration 60
        [run.sh] Deleting all services
        configmap "config-service0" deleted
        deployment.apps "service0" deleted
        service "service0" deleted
        configmap "config-service1" deleted
        deployment.apps "service1" deleted
        service "service1" deleted
        configmap "config-service10" deleted
        deployment.apps "service10" deleted
        service "service10" deleted
        configmap "config-service2" deleted
        deployment.apps "service2" deleted
        service "service2" deleted
        configmap "config-service3" deleted
        deployment.apps "service3" deleted
        service "service3" deleted
        configmap "config-service4" deleted
        deployment.apps "service4" deleted
        service "service4" deleted
        configmap "config-service5" deleted
        deployment.apps "service5" deleted
        service "service5" deleted
        configmap "config-service6" deleted
        deployment.apps "service6" deleted
        service "service6" deleted
        configmap "config-service7" deleted
        deployment.apps "service7" deleted
        service "service7" deleted
        configmap "config-service8" deleted
        deployment.apps "service8" deleted
        service "service8" deleted
        configmap "config-service9" deleted
        deployment.apps "service9" deleted
        service "service9" deleted
        deployment.apps "ubuntu-client" deleted
        [run.sh] Waiting for all pods to be deleted
        [run.sh] Deploying all services
        configmap/config-service0 created
        deployment.apps/service0 created
        service/service0 created
        configmap/config-service1 created
        deployment.apps/service1 created
        service/service1 created
        configmap/config-service10 created
        deployment.apps/service10 created
        service/service10 created
        configmap/config-service2 created
        deployment.apps/service2 created
        service/service2 created
        configmap/config-service3 created
        deployment.apps/service3 created
        service/service3 created
        configmap/config-service4 created
        deployment.apps/service4 created
        service/service4 created
        configmap/config-service5 created
        deployment.apps/service5 created
        service/service5 created
        configmap/config-service6 created
        deployment.apps/service6 created
        service/service6 created
        configmap/config-service7 created
        deployment.apps/service7 created
        service/service7 created
        configmap/config-service8 created
        deployment.apps/service8 created
        service/service8 created
        configmap/config-service9 created
        deployment.apps/service9 created
        service/service9 created
        [run.sh] Client pod not found, deploying client
        deployment.apps/ubuntu-client created
        [run.sh] Waiting for all pods to be running
        [run.sh] All pods are running
        [run.sh] Checking heartbeat for all services
        [run.sh] All pods can connect to all services
        [run.sh] Running warmup test
        [run.sh] /wrk/wrk -t8 -c128 --timeout 3s -d3s -L http://service0:80/endpoint1
        Running 3s test @ http://service0:80/endpoint1
        8 threads and 128 connections
        Thread Stats   Avg      Stdev     Max   +/- Stdev
        Latency   199.11ms   71.83ms 587.98ms   70.98%
        Req/Sec    82.00     28.52   161.00     70.04%
        Latency Distribution
        50%  186.21ms
        75%  244.85ms
        90%  296.49ms
        99%  396.30ms
        1896 requests in 3.09s, 294.40KB read
        Requests/sec:    612.82
        Transfer/sec:     95.16KB
        [run.sh] Speed is 612.82, duration is 48
        [run.sh] Fix the request number.
        [run.sh] Running the actual test
        [run.sh] /wrk/wrk --timeout 20s -t8 -c128 -d48s -L -s /wrk/fix_req_n.lua http://service0:80/endpoint1
        [run.sh] Checking the resource usage
        NAME                             CPU(cores)   MEMORY(bytes)
        service0-8cfffb9b9-8p5mk         488m         39Mi
        service1-8449c8c679-l7j2k        131m         12Mi
        service10-75d745fcf-7jwz9        14m          10Mi
        service2-8655764cb5-tt2g4        10m          11Mi
        service3-685f996fb7-rq96v        139m         9Mi
        service4-b7b8c966f-jkb5p         216m         10Mi
        service5-7c778f5b87-p5g4n        40m          9Mi
        service6-856f66c597-v67cd        72m          9Mi
        service7-7b78865cc5-9vsll        170m         10Mi
        service8-5c95d75c85-nqh8v        1m           9Mi
        service9-754c548bfb-cjb45        75m          10Mi
        ubuntu-client-76886f6bbd-kkn2r   6m           5Mi
        Running 48s test @ http://service0:80/endpoint1
        8 threads and 128 connections
        Thread Stats   Avg      Stdev     Max   +/- Stdev
        Latency   188.88ms   61.73ms 456.12ms   69.72%
        Req/Sec    84.68     26.23   170.00     70.33%
        Latency Distribution
        50%  181.29ms
        75%  230.89ms
        90%  272.00ms
        99%  346.52ms
        20000 requests in 48.00s, 3.03MB read
        Requests/sec:    416.67
        Transfer/sec:     64.70KB
        ------------------------------
        stop time: 29.443468
        stop time: 29.676631
        stop time: 29.540939
        stop time: 29.663519
        stop time: 29.672736
        stop time: 29.569385
        stop time: 29.645977
        stop time: 29.565758
        [run.sh] Test finished with status 0
        > STDERR
        > No resources found in default namespace.
    [exp] Times: [29.443468, 29.676631, 29.540939, 29.663519, 29.672736, 29.569385, 29.645977, 29.565758]
    [exp] Throughput: 675.7372767761561
[test.py] Finished running 0th optmization experiment: groundtruth->1497.34943414463, slowdown->675.7372767761561, predicted->1038.3406439112455, err->-30.654754312282236
[test.py] Baseline throughput:  889.8567217777367
[test.py] Groundtruth:  [1497.34943414463]
[test.py] Slowdown:  [675.7372767761561]
[test.py] Predicted:  [1038.3406439112455]
[test.py] Error percentage:  [-30.654754312282236]
[test.py] ++++++++++++++++++++++++++++++++ Summary: 
[test.py] Result for the experiment 0: 
    Baseline throughput: 889.8567217777367
    Groundtruth: [1497.34943414463]
    Slowdown:    [675.7372767761561]
    Predicted:   [1038.3406439112455]
    Error Perc:  [-30.654754312282236]
