[config.py] Random numbers for execution time: [247.2573382140748, 476.70040537096673, 676.5993667502922]
benchmark                        : synthetic
num_threads                      : 8
num_conns                        : 512
target_service                   : service0
request_type                     : chain-d2-http-sync
repetitions                      : 1
target_num_exp                   : 10
pre_run                          : False
num_req                          : 40000
groundtruths                     : []
slowdowns                        : []
predicteds                       : []
errs                             : []
client_cpu_quota                 : 2
random_seed                      : 4446
request_ratio                    : {'service0': 1, 'service1': 1, 'service2': 1}
baseline_service_processing_time : {'service0': 676.6, 'service1': 476.7, 'service2': 247.26}
cpu_quota                        : {'service0': 2, 'service1': 2, 'service2': 2}
target_processing_time_range     : [0, 676.6]
baseline_throughputs             : []
poker_batch                      : 20000000
[test.py] Starting experiment...
[test.py] >>>>>>>>>>>>>>>>>>>>>>>>>>>>> Running experiment 0...
[test.py] Actual processing time range: [0, 67, 134, 201, 268, 335, 402, 469, 536, 603]
[test.py] Running baseline experiment
    [exp] Running (pre_run: False) workload synthetic/chain-d2-http-sync request with the following configuration: {'CLIENT_CPU_QUOTA': '2', 'SLOWPOKE_POKER_BATCH_THRESHOLD': '20000000', 'PROCESSING_TIME_SERVICE0': '0.0006766', 'PROCESSING_TIME_SERVICE1': '0.0004767', 'PROCESSING_TIME_SERVICE2': '0.00024726', 'SLOWPOKE_DELAY_MICROS_SERVICE0': '0.0', 'SLOWPOKE_DELAY_MICROS_SERVICE1': '0.0', 'SLOWPOKE_DELAY_MICROS_SERVICE2': '0.0'}
    [exp] Executing cmd `bash run.sh synthetic chain-d2-http-sync 8 512 40000`:
        [run.sh] Running benchmark synthetic with request chain-d2-http-sync, thread 8, conn 512, duration 60
        [run.sh] Deleting all services
        configmap "config-service0" deleted
        deployment.apps "service0" deleted
        service "service0" deleted
        configmap "config-service1" deleted
        deployment.apps "service1" deleted
        service "service1" deleted
        configmap "config-service2" deleted
        deployment.apps "service2" deleted
        service "service2" deleted
        deployment.apps "ubuntu-client" deleted
        [run.sh] Waiting for all pods to be deleted
        [run.sh] Deploying all services
        configmap/config-service0 created
        deployment.apps/service0 created
        service/service0 created
        configmap/config-service1 created
        deployment.apps/service1 created
        service/service1 created
        configmap/config-service2 created
        deployment.apps/service2 created
        service/service2 created
        [run.sh] Client pod not found, deploying client
        deployment.apps/ubuntu-client created
        [run.sh] Waiting for all pods to be running
        [run.sh] All pods are running
        [run.sh] Running warmup test
        [run.sh] /wrk/wrk -t8 -c512 -d3s -L http://service0:80/endpoint1
        Running 3s test @ http://service0:80/endpoint1
        8 threads and 512 connections
        Thread Stats   Avg      Stdev     Max   +/- Stdev
        Latency   242.13ms   54.90ms 519.01ms   85.29%
        Req/Sec   270.28     69.17   410.00     78.12%
        Latency Distribution
        50%  226.01ms
        75%  252.47ms
        90%  307.78ms
        99%  461.20ms
        6079 requests in 3.02s, 3.52MB read
        Requests/sec:   2014.14
        Transfer/sec:      1.17MB
        [run.sh] Speed is 2014.14, duration is 29
        [run.sh] Fix the request number.
        [run.sh] Running the actual test
        [run.sh] /wrk/wrk --timeout 20s -t8 -c512 -d29s -L -s /wrk/fix_req_n.lua http://service0:80/endpoint1
        Running 29s test @ http://service0:80/endpoint1
        8 threads and 512 connections
        Thread Stats   Avg      Stdev     Max   +/- Stdev
        Latency   228.39ms   41.70ms 632.28ms   83.44%
        Req/Sec   280.03     54.60   434.00     72.60%
        Latency Distribution
        50%  221.76ms
        75%  241.63ms
        90%  268.34ms
        99%  404.73ms
        40000 requests in 29.00s, 23.16MB read
        Requests/sec:   1379.30
        Transfer/sec:    817.61KB
        ------------------------------
        stop time: 17.925593
        stop time: 17.879920
        stop time: 17.923697
        stop time: 17.966824
        stop time: 18.012945
        stop time: 18.011383
        stop time: 17.995700
        stop time: 17.985386
        [run.sh] Checking the resource usage
        NAME                             CPU(cores)   MEMORY(bytes)
        service0-565959b5f9-cnqpr        586m         39Mi
        service1-745ff764dc-q4cv8        394m         15Mi
        service2-55c99d4dbc-wbx64        257m         9Mi
        ubuntu-client-76886f6bbd-bvvsk   25m          0Mi
        [run.sh] Test finished with status 0
        > STDERR
        > No resources found in default namespace.
    [exp] Times: [17.925593, 17.87992, 17.923697, 17.966824, 18.012945, 18.011383, 17.9957, 17.985386]
    [exp] Throughput: 2226.839078197737
[test.py] Baseline throughput: 2226.839078197737
[test.py] Running groundtruth experiment
    [exp] Running (pre_run: False) workload synthetic/chain-d2-http-sync request with the following configuration: {'CLIENT_CPU_QUOTA': '2', 'SLOWPOKE_POKER_BATCH_THRESHOLD': '20000000', 'PROCESSING_TIME_SERVICE0': '0.0', 'PROCESSING_TIME_SERVICE1': '0.0004767', 'PROCESSING_TIME_SERVICE2': '0.00024726', 'SLOWPOKE_DELAY_MICROS_SERVICE0': '0.0', 'SLOWPOKE_DELAY_MICROS_SERVICE1': '0.0', 'SLOWPOKE_DELAY_MICROS_SERVICE2': '0.0'}
    [exp] Executing cmd `bash run.sh synthetic chain-d2-http-sync 8 512 40000`:
        [run.sh] Running benchmark synthetic with request chain-d2-http-sync, thread 8, conn 512, duration 60
        [run.sh] Deleting all services
        configmap "config-service0" deleted
        deployment.apps "service0" deleted
        service "service0" deleted
        configmap "config-service1" deleted
        deployment.apps "service1" deleted
        service "service1" deleted
        configmap "config-service2" deleted
        deployment.apps "service2" deleted
        service "service2" deleted
        deployment.apps "ubuntu-client" deleted
        [run.sh] Waiting for all pods to be deleted
        [run.sh] Deploying all services
        configmap/config-service0 created
        deployment.apps/service0 created
        service/service0 created
        configmap/config-service1 created
        deployment.apps/service1 created
        service/service1 created
        configmap/config-service2 created
        deployment.apps/service2 created
        service/service2 created
        [run.sh] Client pod not found, deploying client
        deployment.apps/ubuntu-client created
        [run.sh] Waiting for all pods to be running
        [run.sh] All pods are running
        [run.sh] Running warmup test
        [run.sh] /wrk/wrk -t8 -c512 -d3s -L http://service0:80/endpoint1
        Running 3s test @ http://service0:80/endpoint1
        8 threads and 512 connections
        Thread Stats   Avg      Stdev     Max   +/- Stdev
        Latency   174.47ms   26.69ms 309.08ms   76.38%
        Req/Sec   358.26     65.76   484.00     86.25%
        Latency Distribution
        50%  170.45ms
        75%  187.04ms
        90%  209.54ms
        99%  255.31ms
        8562 requests in 3.03s, 4.96MB read
        Requests/sec:   2824.71
        Transfer/sec:      1.64MB
        [run.sh] Speed is 2824.71, duration is 21
        [run.sh] Fix the request number.
        [run.sh] Running the actual test
        [run.sh] /wrk/wrk --timeout 20s -t8 -c512 -d21s -L -s /wrk/fix_req_n.lua http://service0:80/endpoint1
        Running 21s test @ http://service0:80/endpoint1
        8 threads and 512 connections
        Thread Stats   Avg      Stdev     Max   +/- Stdev
        Latency   175.74ms   27.43ms 318.62ms   76.46%
        Req/Sec   363.61     57.47   750.00     78.27%
        Latency Distribution
        50%  171.82ms
        75%  188.23ms
        90%  211.06ms
        99%  258.18ms
        40000 requests in 21.00s, 23.16MB read
        Requests/sec:   1904.75
        Transfer/sec:      1.10MB
        ------------------------------
        stop time: 13.731523
        stop time: 13.795041
        stop time: 13.797409
        stop time: 13.852728
        stop time: 13.873050
        stop time: 13.838933
        stop time: 13.883911
        stop time: 13.900031
        [run.sh] Checking the resource usage
        NAME                             CPU(cores)   MEMORY(bytes)
        service0-565959b5f9-fk67w        3m           39Mi
        service1-745ff764dc-vftwr        543m         16Mi
        service2-55c99d4dbc-4kf6z        276m         10Mi
        ubuntu-client-76886f6bbd-kv2mw   24m          0Mi
        [run.sh] Test finished with status 0
        > STDERR
        > No resources found in default namespace.
    [exp] Times: [13.731523, 13.795041, 13.797409, 13.852728, 13.87305, 13.838933, 13.883911, 13.900031]
    [exp] Throughput: 2891.410564343165
    [exp] Running (pre_run: False) workload synthetic/chain-d2-http-sync request with the following configuration: {'CLIENT_CPU_QUOTA': '2', 'SLOWPOKE_POKER_BATCH_THRESHOLD': '20000000', 'PROCESSING_TIME_SERVICE0': '6.7e-05', 'PROCESSING_TIME_SERVICE1': '0.0004767', 'PROCESSING_TIME_SERVICE2': '0.00024726', 'SLOWPOKE_DELAY_MICROS_SERVICE0': '0.0', 'SLOWPOKE_DELAY_MICROS_SERVICE1': '0.0', 'SLOWPOKE_DELAY_MICROS_SERVICE2': '0.0'}
    [exp] Executing cmd `bash run.sh synthetic chain-d2-http-sync 8 512 40000`:
        [run.sh] Running benchmark synthetic with request chain-d2-http-sync, thread 8, conn 512, duration 60
        [run.sh] Deleting all services
        configmap "config-service0" deleted
        deployment.apps "service0" deleted
        service "service0" deleted
        configmap "config-service1" deleted
        deployment.apps "service1" deleted
        service "service1" deleted
        configmap "config-service2" deleted
        deployment.apps "service2" deleted
        service "service2" deleted
        deployment.apps "ubuntu-client" deleted
        [run.sh] Waiting for all pods to be deleted
        [run.sh] Deploying all services
        configmap/config-service0 created
        deployment.apps/service0 created
        service/service0 created
        configmap/config-service1 created
        deployment.apps/service1 created
        service/service1 created
        configmap/config-service2 created
        deployment.apps/service2 created
        service/service2 created
        [run.sh] Client pod not found, deploying client
        deployment.apps/ubuntu-client created
        [run.sh] Waiting for all pods to be running
        [run.sh] All pods are running
        [run.sh] Running warmup test
        [run.sh] /wrk/wrk -t8 -c512 -d3s -L http://service0:80/endpoint1
        Running 3s test @ http://service0:80/endpoint1
        8 threads and 512 connections
        Thread Stats   Avg      Stdev     Max   +/- Stdev
        Latency   175.22ms   25.16ms 328.12ms   75.97%
        Req/Sec   355.62     69.29   500.00     85.36%
        Latency Distribution
        50%  171.76ms
        75%  186.63ms
        90%  208.46ms
        99%  253.63ms
        8486 requests in 3.04s, 4.91MB read
        Requests/sec:   2789.83
        Transfer/sec:      1.61MB
        [run.sh] Speed is 2789.83, duration is 21
        [run.sh] Fix the request number.
        [run.sh] Running the actual test
        [run.sh] /wrk/wrk --timeout 20s -t8 -c512 -d21s -L -s /wrk/fix_req_n.lua http://service0:80/endpoint1
        Running 21s test @ http://service0:80/endpoint1
        8 threads and 512 connections
        Thread Stats   Avg      Stdev     Max   +/- Stdev
        Latency   175.96ms   29.16ms 376.93ms   78.29%
        Req/Sec   363.43     55.51     0.91k    74.93%
        Latency Distribution
        50%  170.82ms
        75%  188.05ms
        90%  213.21ms
        99%  266.70ms
        40000 requests in 21.00s, 23.16MB read
        Requests/sec:   1904.75
        Transfer/sec:      1.10MB
        ------------------------------
        stop time: 13.699406
        stop time: 13.772773
        stop time: 13.807495
        stop time: 13.863191
        stop time: 13.914793
        stop time: 13.929638
        stop time: 13.925094
        stop time: 13.859650
        [run.sh] Checking the resource usage
        NAME                             CPU(cores)   MEMORY(bytes)
        service0-565959b5f9-kpbxt        59m          39Mi
        service1-745ff764dc-m54x5        604m         16Mi
        service2-55c99d4dbc-mxwv7        349m         9Mi
        ubuntu-client-76886f6bbd-2hxkc   31m          10Mi
        [run.sh] Test finished with status 0
        > STDERR
        > No resources found in default namespace.
    [exp] Times: [13.699406, 13.772773, 13.807495, 13.863191, 13.914793, 13.929638, 13.925094, 13.85965]
    [exp] Throughput: 2888.815625314836
    [exp] Running (pre_run: False) workload synthetic/chain-d2-http-sync request with the following configuration: {'CLIENT_CPU_QUOTA': '2', 'SLOWPOKE_POKER_BATCH_THRESHOLD': '20000000', 'PROCESSING_TIME_SERVICE0': '0.000134', 'PROCESSING_TIME_SERVICE1': '0.0004767', 'PROCESSING_TIME_SERVICE2': '0.00024726', 'SLOWPOKE_DELAY_MICROS_SERVICE0': '0.0', 'SLOWPOKE_DELAY_MICROS_SERVICE1': '0.0', 'SLOWPOKE_DELAY_MICROS_SERVICE2': '0.0'}
    [exp] Executing cmd `bash run.sh synthetic chain-d2-http-sync 8 512 40000`:
        [run.sh] Running benchmark synthetic with request chain-d2-http-sync, thread 8, conn 512, duration 60
        [run.sh] Deleting all services
        configmap "config-service0" deleted
        deployment.apps "service0" deleted
        service "service0" deleted
        configmap "config-service1" deleted
        deployment.apps "service1" deleted
        service "service1" deleted
        configmap "config-service2" deleted
        deployment.apps "service2" deleted
        service "service2" deleted
        deployment.apps "ubuntu-client" deleted
        [run.sh] Waiting for all pods to be deleted
        [run.sh] Deploying all services
        configmap/config-service0 created
        deployment.apps/service0 created
        service/service0 created
        configmap/config-service1 created
        deployment.apps/service1 created
        service/service1 created
        configmap/config-service2 created
        deployment.apps/service2 created
        service/service2 created
        [run.sh] Client pod not found, deploying client
        deployment.apps/ubuntu-client created
        [run.sh] Waiting for all pods to be running
        [run.sh] All pods are running
        [run.sh] Running warmup test
        [run.sh] /wrk/wrk -t8 -c512 -d3s -L http://service0:80/endpoint1
        Running 3s test @ http://service0:80/endpoint1
        8 threads and 512 connections
        Thread Stats   Avg      Stdev     Max   +/- Stdev
        Latency   175.50ms   28.45ms 353.86ms   75.80%
        Req/Sec   355.79     76.32   494.00     85.77%
        Latency Distribution
        50%  170.10ms
        75%  188.14ms
        90%  211.42ms
        99%  276.41ms
        8488 requests in 3.02s, 4.91MB read
        Requests/sec:   2807.56
        Transfer/sec:      1.63MB
        [run.sh] Speed is 2807.56, duration is 21
        [run.sh] Fix the request number.
        [run.sh] Running the actual test
        [run.sh] /wrk/wrk --timeout 20s -t8 -c512 -d21s -L -s /wrk/fix_req_n.lua http://service0:80/endpoint1
        Running 21s test @ http://service0:80/endpoint1
        8 threads and 512 connections
        Thread Stats   Avg      Stdev     Max   +/- Stdev
        Latency   177.85ms   28.30ms 363.96ms   78.05%
        Req/Sec   358.93     50.28   787.00     71.99%
        Latency Distribution
        50%  174.21ms
        75%  191.40ms
        90%  211.96ms
        99%  263.45ms
        40000 requests in 21.00s, 23.16MB read
        Requests/sec:   1904.75
        Transfer/sec:      1.10MB
        ------------------------------
        stop time: 13.871553
        stop time: 14.015018
        stop time: 14.047985
        stop time: 14.059192
        stop time: 14.016682
        stop time: 14.043212
        stop time: 13.977200
        stop time: 13.992160
        [run.sh] Checking the resource usage
        NAME                             CPU(cores)   MEMORY(bytes)
        service0-565959b5f9-8htvf        1m           41Mi
        service1-745ff764dc-82fhm        1m           16Mi
        service2-55c99d4dbc-sbsgr        1m           10Mi
        ubuntu-client-76886f6bbd-htj4j   2m           0Mi
        [run.sh] Test finished with status 0
        > STDERR
        > No resources found in default namespace.
    [exp] Times: [13.871553, 14.015018, 14.047985, 14.059192, 14.016682, 14.043212, 13.9772, 13.99216]
    [exp] Throughput: 2856.5561919149427
    [exp] Running (pre_run: False) workload synthetic/chain-d2-http-sync request with the following configuration: {'CLIENT_CPU_QUOTA': '2', 'SLOWPOKE_POKER_BATCH_THRESHOLD': '20000000', 'PROCESSING_TIME_SERVICE0': '0.000201', 'PROCESSING_TIME_SERVICE1': '0.0004767', 'PROCESSING_TIME_SERVICE2': '0.00024726', 'SLOWPOKE_DELAY_MICROS_SERVICE0': '0.0', 'SLOWPOKE_DELAY_MICROS_SERVICE1': '0.0', 'SLOWPOKE_DELAY_MICROS_SERVICE2': '0.0'}
    [exp] Executing cmd `bash run.sh synthetic chain-d2-http-sync 8 512 40000`:
        [run.sh] Running benchmark synthetic with request chain-d2-http-sync, thread 8, conn 512, duration 60
        [run.sh] Deleting all services
        configmap "config-service0" deleted
        deployment.apps "service0" deleted
        service "service0" deleted
        configmap "config-service1" deleted
        deployment.apps "service1" deleted
        service "service1" deleted
        configmap "config-service2" deleted
        deployment.apps "service2" deleted
        service "service2" deleted
        deployment.apps "ubuntu-client" deleted
        [run.sh] Waiting for all pods to be deleted
        [run.sh] Deploying all services
        configmap/config-service0 created
        deployment.apps/service0 created
        service/service0 created
        configmap/config-service1 created
        deployment.apps/service1 created
        service/service1 created
        configmap/config-service2 created
        deployment.apps/service2 created
        service/service2 created
        [run.sh] Client pod not found, deploying client
        deployment.apps/ubuntu-client created
        [run.sh] Waiting for all pods to be running
        [run.sh] All pods are running
        [run.sh] Running warmup test
        [run.sh] /wrk/wrk -t8 -c512 -d3s -L http://service0:80/endpoint1
        Running 3s test @ http://service0:80/endpoint1
        8 threads and 512 connections
        Thread Stats   Avg      Stdev     Max   +/- Stdev
        Latency   179.73ms   35.63ms 413.37ms   78.80%
        Req/Sec   346.25     76.53   490.00     76.25%
        Latency Distribution
        50%  173.02ms
        75%  193.28ms
        90%  227.03ms
        99%  303.06ms
        8278 requests in 3.02s, 4.79MB read
        Requests/sec:   2742.02
        Transfer/sec:      1.59MB
        [run.sh] Speed is 2742.02, duration is 21
        [run.sh] Fix the request number.
        [run.sh] Running the actual test
        [run.sh] /wrk/wrk --timeout 20s -t8 -c512 -d21s -L -s /wrk/fix_req_n.lua http://service0:80/endpoint1
        Running 21s test @ http://service0:80/endpoint1
        8 threads and 512 connections
        Thread Stats   Avg      Stdev     Max   +/- Stdev
        Latency   179.97ms   28.35ms 404.12ms   77.03%
        Req/Sec   355.06     54.35   710.00     73.00%
        Latency Distribution
        50%  176.32ms
        75%  192.89ms
        90%  214.83ms
        99%  268.01ms
        40000 requests in 21.00s, 23.16MB read
        Requests/sec:   1904.75
        Transfer/sec:      1.10MB
        ------------------------------
        stop time: 13.986015
        stop time: 14.071874
        stop time: 14.119307
        stop time: 14.171621
        stop time: 14.205476
        stop time: 14.235665
        stop time: 14.240603
        stop time: 14.230233
        [run.sh] Checking the resource usage
        NAME                             CPU(cores)   MEMORY(bytes)
        service0-565959b5f9-gqj6f        573m         43Mi
        service1-745ff764dc-mng27        464m         16Mi
        service2-55c99d4dbc-v6g9r        232m         10Mi
        ubuntu-client-76886f6bbd-q2xdz   25m          10Mi
        [run.sh] Test finished with status 0
        > STDERR
        > No resources found in default namespace.
    [exp] Times: [13.986015, 14.071874, 14.119307, 14.171621, 14.205476, 14.235665, 14.240603, 14.230233]
    [exp] Throughput: 2825.337777519024
    [exp] Running (pre_run: False) workload synthetic/chain-d2-http-sync request with the following configuration: {'CLIENT_CPU_QUOTA': '2', 'SLOWPOKE_POKER_BATCH_THRESHOLD': '20000000', 'PROCESSING_TIME_SERVICE0': '0.000268', 'PROCESSING_TIME_SERVICE1': '0.0004767', 'PROCESSING_TIME_SERVICE2': '0.00024726', 'SLOWPOKE_DELAY_MICROS_SERVICE0': '0.0', 'SLOWPOKE_DELAY_MICROS_SERVICE1': '0.0', 'SLOWPOKE_DELAY_MICROS_SERVICE2': '0.0'}
    [exp] Executing cmd `bash run.sh synthetic chain-d2-http-sync 8 512 40000`:
        [run.sh] Running benchmark synthetic with request chain-d2-http-sync, thread 8, conn 512, duration 60
        [run.sh] Deleting all services
        configmap "config-service0" deleted
        deployment.apps "service0" deleted
        service "service0" deleted
        configmap "config-service1" deleted
        deployment.apps "service1" deleted
        service "service1" deleted
        configmap "config-service2" deleted
        deployment.apps "service2" deleted
        service "service2" deleted
        deployment.apps "ubuntu-client" deleted
        [run.sh] Waiting for all pods to be deleted
        [run.sh] Deploying all services
        configmap/config-service0 created
        deployment.apps/service0 created
        service/service0 created
        configmap/config-service1 created
        deployment.apps/service1 created
        service/service1 created
        configmap/config-service2 created
        deployment.apps/service2 created
        service/service2 created
        [run.sh] Client pod not found, deploying client
        deployment.apps/ubuntu-client created
        [run.sh] Waiting for all pods to be running
        [run.sh] All pods are running
        [run.sh] Running warmup test
        [run.sh] /wrk/wrk -t8 -c512 -d3s -L http://service0:80/endpoint1
        Running 3s test @ http://service0:80/endpoint1
        8 threads and 512 connections
        Thread Stats   Avg      Stdev     Max   +/- Stdev
        Latency   179.17ms   56.03ms 548.91ms   87.33%
        Req/Sec   352.75     77.17   505.00     81.09%
        Latency Distribution
        50%  169.70ms
        75%  187.63ms
        90%  220.40ms
        99%  444.71ms
        8393 requests in 3.03s, 4.86MB read
        Requests/sec:   2771.32
        Transfer/sec:      1.60MB
        [run.sh] Speed is 2771.32, duration is 21
        [run.sh] Fix the request number.
        [run.sh] Running the actual test
        [run.sh] /wrk/wrk --timeout 20s -t8 -c512 -d21s -L -s /wrk/fix_req_n.lua http://service0:80/endpoint1
        Running 21s test @ http://service0:80/endpoint1
        8 threads and 512 connections
        Thread Stats   Avg      Stdev     Max   +/- Stdev
        Latency   180.79ms   29.03ms 413.02ms   78.52%
        Req/Sec   353.42     54.86   600.00     75.60%
        Latency Distribution
        50%  176.92ms
        75%  193.87ms
        90%  214.62ms
        99%  274.79ms
        40000 requests in 21.00s, 23.16MB read
        Requests/sec:   1904.75
        Transfer/sec:      1.10MB
        ------------------------------
        stop time: 14.027134
        stop time: 14.091051
        stop time: 14.242879
        stop time: 14.245550
        stop time: 14.284254
        stop time: 14.307086
        stop time: 14.304015
        stop time: 14.305307
        [run.sh] Checking the resource usage
        [run.sh] Test finished with status 0
        > STDERR
        > No resources found in default namespace.
        > error: metrics not available yet
    [exp] Times: [14.027134, 14.091051, 14.242879, 14.24555, 14.284254, 14.307086, 14.304015, 14.305307]
    [exp] Throughput: 2811.771015413812
    [exp] Running (pre_run: False) workload synthetic/chain-d2-http-sync request with the following configuration: {'CLIENT_CPU_QUOTA': '2', 'SLOWPOKE_POKER_BATCH_THRESHOLD': '20000000', 'PROCESSING_TIME_SERVICE0': '0.000335', 'PROCESSING_TIME_SERVICE1': '0.0004767', 'PROCESSING_TIME_SERVICE2': '0.00024726', 'SLOWPOKE_DELAY_MICROS_SERVICE0': '0.0', 'SLOWPOKE_DELAY_MICROS_SERVICE1': '0.0', 'SLOWPOKE_DELAY_MICROS_SERVICE2': '0.0'}
    [exp] Executing cmd `bash run.sh synthetic chain-d2-http-sync 8 512 40000`:
        [run.sh] Running benchmark synthetic with request chain-d2-http-sync, thread 8, conn 512, duration 60
        [run.sh] Deleting all services
        configmap "config-service0" deleted
        deployment.apps "service0" deleted
        service "service0" deleted
        configmap "config-service1" deleted
        deployment.apps "service1" deleted
        service "service1" deleted
        configmap "config-service2" deleted
        deployment.apps "service2" deleted
        service "service2" deleted
        deployment.apps "ubuntu-client" deleted
        [run.sh] Waiting for all pods to be deleted
        [run.sh] Deploying all services
        configmap/config-service0 created
        deployment.apps/service0 created
        service/service0 created
        configmap/config-service1 created
        deployment.apps/service1 created
        service/service1 created
        configmap/config-service2 created
        deployment.apps/service2 created
        service/service2 created
        [run.sh] Client pod not found, deploying client
        deployment.apps/ubuntu-client created
        [run.sh] Waiting for all pods to be running
        [run.sh] All pods are running
        [run.sh] Running warmup test
        [run.sh] /wrk/wrk -t8 -c512 -d3s -L http://service0:80/endpoint1
        Running 3s test @ http://service0:80/endpoint1
        8 threads and 512 connections
        Thread Stats   Avg      Stdev     Max   +/- Stdev
        Latency   183.22ms   37.48ms 453.11ms   85.65%
        Req/Sec   347.77     61.77   454.00     72.84%
        Latency Distribution
        50%  176.09ms
        75%  194.16ms
        90%  218.56ms
        99%  375.42ms
        8150 requests in 3.03s, 4.72MB read
        Requests/sec:   2691.79
        Transfer/sec:      1.56MB
        [run.sh] Speed is 2691.79, duration is 22
        [run.sh] Fix the request number.
        [run.sh] Running the actual test
        [run.sh] /wrk/wrk --timeout 20s -t8 -c512 -d22s -L -s /wrk/fix_req_n.lua http://service0:80/endpoint1
        Running 22s test @ http://service0:80/endpoint1
        8 threads and 512 connections
        Thread Stats   Avg      Stdev     Max   +/- Stdev
        Latency   181.90ms   29.82ms 460.20ms   77.69%
        Req/Sec   352.12     58.44   560.00     71.79%
        Latency Distribution
        50%  177.39ms
        75%  195.26ms
        90%  218.03ms
        99%  271.89ms
        40000 requests in 22.00s, 23.16MB read
        Requests/sec:   1818.17
        Transfer/sec:      1.05MB
        ------------------------------
        stop time: 14.125299
        stop time: 14.227501
        stop time: 14.272209
        stop time: 14.347668
        stop time: 14.304433
        stop time: 14.354259
        stop time: 14.425432
        stop time: 14.439389
        [run.sh] Checking the resource usage
        NAME                             CPU(cores)   MEMORY(bytes)
        service0-565959b5f9-xwmkz        82m          43Mi
        service1-745ff764dc-zhtqj        659m         17Mi
        service2-55c99d4dbc-ckj95        414m         9Mi
        ubuntu-client-76886f6bbd-rxrq9   25m          10Mi
        [run.sh] Test finished with status 0
        > STDERR
        > No resources found in default namespace.
    [exp] Times: [14.125299, 14.227501, 14.272209, 14.347668, 14.304433, 14.354259, 14.425432, 14.439389]
    [exp] Throughput: 2794.852824360356
    [exp] Running (pre_run: False) workload synthetic/chain-d2-http-sync request with the following configuration: {'CLIENT_CPU_QUOTA': '2', 'SLOWPOKE_POKER_BATCH_THRESHOLD': '20000000', 'PROCESSING_TIME_SERVICE0': '0.000402', 'PROCESSING_TIME_SERVICE1': '0.0004767', 'PROCESSING_TIME_SERVICE2': '0.00024726', 'SLOWPOKE_DELAY_MICROS_SERVICE0': '0.0', 'SLOWPOKE_DELAY_MICROS_SERVICE1': '0.0', 'SLOWPOKE_DELAY_MICROS_SERVICE2': '0.0'}
    [exp] Executing cmd `bash run.sh synthetic chain-d2-http-sync 8 512 40000`:
        [run.sh] Running benchmark synthetic with request chain-d2-http-sync, thread 8, conn 512, duration 60
        [run.sh] Deleting all services
        configmap "config-service0" deleted
        deployment.apps "service0" deleted
        service "service0" deleted
        configmap "config-service1" deleted
        deployment.apps "service1" deleted
        service "service1" deleted
        configmap "config-service2" deleted
        deployment.apps "service2" deleted
        service "service2" deleted
        deployment.apps "ubuntu-client" deleted
        [run.sh] Waiting for all pods to be deleted
        [run.sh] Deploying all services
        configmap/config-service0 created
        deployment.apps/service0 created
        service/service0 created
        configmap/config-service1 created
        deployment.apps/service1 created
        service/service1 created
        configmap/config-service2 created
        deployment.apps/service2 created
        service/service2 created
        [run.sh] Client pod not found, deploying client
        deployment.apps/ubuntu-client created
        [run.sh] Waiting for all pods to be running
        [run.sh] All pods are running
        [run.sh] Running warmup test
        [run.sh] /wrk/wrk -t8 -c512 -d3s -L http://service0:80/endpoint1
        Running 3s test @ http://service0:80/endpoint1
        8 threads and 512 connections
        Thread Stats   Avg      Stdev     Max   +/- Stdev
        Latency   188.31ms   47.93ms 582.19ms   90.78%
        Req/Sec   333.49     85.61   490.00     78.24%
        Latency Distribution
        50%  178.87ms
        75%  196.62ms
        90%  221.24ms
        99%  438.80ms
        7952 requests in 3.02s, 4.60MB read
        Requests/sec:   2631.67
        Transfer/sec:      1.52MB
        [run.sh] Speed is 2631.67, duration is 22
        [run.sh] Fix the request number.
        [run.sh] Running the actual test
        [run.sh] /wrk/wrk --timeout 20s -t8 -c512 -d22s -L -s /wrk/fix_req_n.lua http://service0:80/endpoint1
        Running 22s test @ http://service0:80/endpoint1
        8 threads and 512 connections
        Thread Stats   Avg      Stdev     Max   +/- Stdev
        Latency   180.24ms   51.69ms 811.46ms   90.62%
        Req/Sec   356.72     66.57   777.00     78.53%
        Latency Distribution
        50%  174.66ms
        75%  193.02ms
        90%  216.49ms
        99%  356.34ms
        40000 requests in 22.00s, 23.16MB read
        Requests/sec:   1818.17
        Transfer/sec:      1.05MB
        ------------------------------
        stop time: 13.750280
        stop time: 13.856855
        stop time: 13.904796
        stop time: 14.084777
        stop time: 14.216623
        stop time: 14.288551
        stop time: 14.288797
        stop time: 14.345961
        [run.sh] Checking the resource usage
        [run.sh] Test finished with status 0
        > STDERR
        > No resources found in default namespace.
        > error: metrics not available yet
    [exp] Times: [13.75028, 13.856855, 13.904796, 14.084777, 14.216623, 14.288551, 14.288797, 14.345961]
    [exp] Throughput: 2838.4738094021604
    [exp] Running (pre_run: False) workload synthetic/chain-d2-http-sync request with the following configuration: {'CLIENT_CPU_QUOTA': '2', 'SLOWPOKE_POKER_BATCH_THRESHOLD': '20000000', 'PROCESSING_TIME_SERVICE0': '0.000469', 'PROCESSING_TIME_SERVICE1': '0.0004767', 'PROCESSING_TIME_SERVICE2': '0.00024726', 'SLOWPOKE_DELAY_MICROS_SERVICE0': '0.0', 'SLOWPOKE_DELAY_MICROS_SERVICE1': '0.0', 'SLOWPOKE_DELAY_MICROS_SERVICE2': '0.0'}
    [exp] Executing cmd `bash run.sh synthetic chain-d2-http-sync 8 512 40000`:
        [run.sh] Running benchmark synthetic with request chain-d2-http-sync, thread 8, conn 512, duration 60
        [run.sh] Deleting all services
        configmap "config-service0" deleted
        deployment.apps "service0" deleted
        service "service0" deleted
        configmap "config-service1" deleted
        deployment.apps "service1" deleted
        service "service1" deleted
        configmap "config-service2" deleted
        deployment.apps "service2" deleted
        service "service2" deleted
        deployment.apps "ubuntu-client" deleted
        [run.sh] Waiting for all pods to be deleted
        [run.sh] Deploying all services
        configmap/config-service0 created
        deployment.apps/service0 created
        service/service0 created
        configmap/config-service1 created
        deployment.apps/service1 created
        service/service1 created
        configmap/config-service2 created
        deployment.apps/service2 created
        service/service2 created
        [run.sh] Client pod not found, deploying client
        deployment.apps/ubuntu-client created
        [run.sh] Waiting for all pods to be running
        [run.sh] All pods are running
        [run.sh] Running warmup test
        [run.sh] /wrk/wrk -t8 -c512 -d3s -L http://service0:80/endpoint1
        Running 3s test @ http://service0:80/endpoint1
        8 threads and 512 connections
        Thread Stats   Avg      Stdev     Max   +/- Stdev
        Latency   192.74ms   38.84ms 423.18ms   80.58%
        Req/Sec   334.26     78.23   464.00     80.95%
        Latency Distribution
        50%  182.47ms
        75%  204.62ms
        90%  241.74ms
        99%  338.64ms
        7734 requests in 3.04s, 4.48MB read
        Requests/sec:   2548.14
        Transfer/sec:      1.48MB
        [run.sh] Speed is 2548.14, duration is 23
        [run.sh] Fix the request number.
        [run.sh] Running the actual test
        [run.sh] /wrk/wrk --timeout 20s -t8 -c512 -d23s -L -s /wrk/fix_req_n.lua http://service0:80/endpoint1
        Running 23s test @ http://service0:80/endpoint1
        8 threads and 512 connections
        Thread Stats   Avg      Stdev     Max   +/- Stdev
        Latency   185.41ms   29.01ms 512.35ms   76.88%
        Req/Sec   345.18     55.88   510.00     77.81%
        Latency Distribution
        50%  181.10ms
        75%  198.26ms
        90%  220.00ms
        99%  274.67ms
        40000 requests in 23.00s, 23.16MB read
        Requests/sec:   1739.12
        Transfer/sec:      1.01MB
        ------------------------------
        stop time: 14.521516
        stop time: 14.543341
        stop time: 14.524901
        stop time: 14.632680
        stop time: 14.586072
        stop time: 14.640231
        stop time: 14.636695
        stop time: 14.681131
        [run.sh] Checking the resource usage
        NAME                             CPU(cores)   MEMORY(bytes)
        service0-565959b5f9-zpc28        848m         45Mi
        service1-745ff764dc-xpb2j        1423m        16Mi
        service2-55c99d4dbc-t2btp        823m         10Mi
        ubuntu-client-76886f6bbd-pj2ms   55m          10Mi
        [run.sh] Test finished with status 0
        > STDERR
        > No resources found in default namespace.
    [exp] Times: [14.521516, 14.543341, 14.524901, 14.63268, 14.586072, 14.640231, 14.636695, 14.681131]
    [exp] Throughput: 2740.5104750574706
    [exp] Running (pre_run: False) workload synthetic/chain-d2-http-sync request with the following configuration: {'CLIENT_CPU_QUOTA': '2', 'SLOWPOKE_POKER_BATCH_THRESHOLD': '20000000', 'PROCESSING_TIME_SERVICE0': '0.000536', 'PROCESSING_TIME_SERVICE1': '0.0004767', 'PROCESSING_TIME_SERVICE2': '0.00024726', 'SLOWPOKE_DELAY_MICROS_SERVICE0': '0.0', 'SLOWPOKE_DELAY_MICROS_SERVICE1': '0.0', 'SLOWPOKE_DELAY_MICROS_SERVICE2': '0.0'}
    [exp] Executing cmd `bash run.sh synthetic chain-d2-http-sync 8 512 40000`:
        [run.sh] Running benchmark synthetic with request chain-d2-http-sync, thread 8, conn 512, duration 60
        [run.sh] Deleting all services
        configmap "config-service0" deleted
        deployment.apps "service0" deleted
        service "service0" deleted
        configmap "config-service1" deleted
        deployment.apps "service1" deleted
        service "service1" deleted
        configmap "config-service2" deleted
        deployment.apps "service2" deleted
        service "service2" deleted
        deployment.apps "ubuntu-client" deleted
        [run.sh] Waiting for all pods to be deleted
        [run.sh] Deploying all services
        configmap/config-service0 created
        deployment.apps/service0 created
        service/service0 created
        configmap/config-service1 created
        deployment.apps/service1 created
        service/service1 created
        configmap/config-service2 created
        deployment.apps/service2 created
        service/service2 created
        [run.sh] Client pod not found, deploying client
        deployment.apps/ubuntu-client created
        [run.sh] Waiting for all pods to be running
        [run.sh] All pods are running
        [run.sh] Running warmup test
        [run.sh] /wrk/wrk -t8 -c512 -d3s -L http://service0:80/endpoint1
        Running 3s test @ http://service0:80/endpoint1
        8 threads and 512 connections
        Thread Stats   Avg      Stdev     Max   +/- Stdev
        Latency   204.66ms   48.76ms 464.80ms   86.75%
        Req/Sec   318.83     82.42   525.00     74.55%
        Latency Distribution
        50%  191.00ms
        75%  214.23ms
        90%  256.11ms
        99%  410.37ms
        7222 requests in 3.03s, 4.18MB read
        Requests/sec:   2381.65
        Transfer/sec:      1.38MB
        [run.sh] Speed is 2381.65, duration is 25
        [run.sh] Fix the request number.
        [run.sh] Running the actual test
        [run.sh] /wrk/wrk --timeout 20s -t8 -c512 -d25s -L -s /wrk/fix_req_n.lua http://service0:80/endpoint1
        Running 25s test @ http://service0:80/endpoint1
        8 threads and 512 connections
        Thread Stats   Avg      Stdev     Max   +/- Stdev
        Latency   192.27ms   33.29ms 681.09ms   81.76%
        Req/Sec   332.48     56.02   600.00     72.80%
        Latency Distribution
        50%  187.46ms
        75%  204.87ms
        90%  227.43ms
        99%  305.42ms
        40000 requests in 25.00s, 23.16MB read
        Requests/sec:   1599.99
        Transfer/sec:      0.93MB
        ------------------------------
        stop time: 14.952222
        stop time: 14.961126
        stop time: 15.181102
        stop time: 15.156688
        stop time: 15.201722
        stop time: 15.216720
        stop time: 15.169939
        stop time: 15.155947
        [run.sh] Checking the resource usage
        [run.sh] Test finished with status 0
        > STDERR
        > No resources found in default namespace.
        > error: metrics not available yet
    [exp] Times: [14.952222, 14.961126, 15.181102, 15.156688, 15.201722, 15.21672, 15.169939, 15.155947]
    [exp] Throughput: 2644.727199943178
    [exp] Running (pre_run: False) workload synthetic/chain-d2-http-sync request with the following configuration: {'CLIENT_CPU_QUOTA': '2', 'SLOWPOKE_POKER_BATCH_THRESHOLD': '20000000', 'PROCESSING_TIME_SERVICE0': '0.000603', 'PROCESSING_TIME_SERVICE1': '0.0004767', 'PROCESSING_TIME_SERVICE2': '0.00024726', 'SLOWPOKE_DELAY_MICROS_SERVICE0': '0.0', 'SLOWPOKE_DELAY_MICROS_SERVICE1': '0.0', 'SLOWPOKE_DELAY_MICROS_SERVICE2': '0.0'}
    [exp] Executing cmd `bash run.sh synthetic chain-d2-http-sync 8 512 40000`:
        [run.sh] Running benchmark synthetic with request chain-d2-http-sync, thread 8, conn 512, duration 60
        [run.sh] Deleting all services
        configmap "config-service0" deleted
        deployment.apps "service0" deleted
        service "service0" deleted
        configmap "config-service1" deleted
        deployment.apps "service1" deleted
        service "service1" deleted
        configmap "config-service2" deleted
        deployment.apps "service2" deleted
        service "service2" deleted
        deployment.apps "ubuntu-client" deleted
        [run.sh] Waiting for all pods to be deleted
        [run.sh] Deploying all services
        configmap/config-service0 created
        deployment.apps/service0 created
        service/service0 created
        configmap/config-service1 created
        deployment.apps/service1 created
        service/service1 created
        configmap/config-service2 created
        deployment.apps/service2 created
        service/service2 created
        [run.sh] Client pod not found, deploying client
        deployment.apps/ubuntu-client created
        [run.sh] Waiting for all pods to be running
        [run.sh] All pods are running
        [run.sh] Running warmup test
        [run.sh] /wrk/wrk -t8 -c512 -d3s -L http://service0:80/endpoint1
        Running 3s test @ http://service0:80/endpoint1
        8 threads and 512 connections
        Thread Stats   Avg      Stdev     Max   +/- Stdev
        Latency   221.11ms   50.25ms 536.06ms   88.36%
        Req/Sec   289.72     75.37   474.00     78.02%
        Latency Distribution
        50%  208.27ms
        75%  233.00ms
        90%  267.20ms
        99%  467.51ms
        6732 requests in 3.02s, 3.90MB read
        Requests/sec:   2229.63
        Transfer/sec:      1.29MB
        [run.sh] Speed is 2229.63, duration is 26
        [run.sh] Fix the request number.
        [run.sh] Running the actual test
        [run.sh] /wrk/wrk --timeout 20s -t8 -c512 -d26s -L -s /wrk/fix_req_n.lua http://service0:80/endpoint1
        Running 26s test @ http://service0:80/endpoint1
        8 threads and 512 connections
        Thread Stats   Avg      Stdev     Max   +/- Stdev
        Latency   210.30ms   45.96ms 822.10ms   89.74%
        Req/Sec   304.88     54.52   484.00     69.74%
        Latency Distribution
        50%  204.14ms
        75%  222.68ms
        90%  245.26ms
        99%  381.77ms
        40000 requests in 26.00s, 23.16MB read
        Requests/sec:   1538.45
        Transfer/sec:      0.89MB
        ------------------------------
        stop time: 16.363535
        stop time: 16.387997
        stop time: 16.477713
        stop time: 16.545297
        stop time: 16.667352
        stop time: 16.604828
        stop time: 16.562105
        stop time: 16.523116
        [run.sh] Checking the resource usage
        NAME                             CPU(cores)   MEMORY(bytes)
        service0-565959b5f9-njrdl        1469m        44Mi
        service1-745ff764dc-x87kn        1716m        16Mi
        service2-55c99d4dbc-2ldbw        949m         9Mi
        ubuntu-client-76886f6bbd-w8x78   69m          12Mi
        [run.sh] Test finished with status 0
        > STDERR
        > No resources found in default namespace.
    [exp] Times: [16.363535, 16.387997, 16.477713, 16.545297, 16.667352, 16.604828, 16.562105, 16.523116]
    [exp] Throughput: 2421.821648380665
[test.py] Running slowdown experiment
    [exp] Running (pre_run: False) workload synthetic/chain-d2-http-sync request with the following configuration: {'CLIENT_CPU_QUOTA': '2', 'SLOWPOKE_POKER_BATCH_THRESHOLD': '20000000', 'PROCESSING_TIME_SERVICE0': '0.0006766', 'PROCESSING_TIME_SERVICE1': '0.0004767', 'PROCESSING_TIME_SERVICE2': '0.00024726', 'SLOWPOKE_DELAY_MICROS_SERVICE0': '0.0', 'SLOWPOKE_DELAY_MICROS_SERVICE1': '338.0', 'SLOWPOKE_DELAY_MICROS_SERVICE2': '338.0'}
    [exp] Executing cmd `bash run.sh synthetic chain-d2-http-sync 8 512 40000`:
        [run.sh] Running benchmark synthetic with request chain-d2-http-sync, thread 8, conn 512, duration 60
        [run.sh] Deleting all services
        configmap "config-service0" deleted
        deployment.apps "service0" deleted
        service "service0" deleted
        configmap "config-service1" deleted
        deployment.apps "service1" deleted
        service "service1" deleted
        configmap "config-service2" deleted
        deployment.apps "service2" deleted
        service "service2" deleted
        deployment.apps "ubuntu-client" deleted
        [run.sh] Waiting for all pods to be deleted
        [run.sh] Deploying all services
        configmap/config-service0 created
        deployment.apps/service0 created
        service/service0 created
        configmap/config-service1 created
        deployment.apps/service1 created
        service/service1 created
        configmap/config-service2 created
        deployment.apps/service2 created
        service/service2 created
        [run.sh] Client pod not found, deploying client
        deployment.apps/ubuntu-client created
        [run.sh] Waiting for all pods to be running
        [run.sh] All pods are running
        [run.sh] Running warmup test
        [run.sh] /wrk/wrk -t8 -c512 -d3s -L http://service0:80/endpoint1
        Running 3s test @ http://service0:80/endpoint1
        8 threads and 512 connections
        Thread Stats   Avg      Stdev     Max   +/- Stdev
        Latency   346.90ms   65.95ms 708.87ms   83.28%
        Req/Sec   175.17     71.91   373.00     73.22%
        Latency Distribution
        50%  340.14ms
        75%  370.74ms
        90%  414.66ms
        99%  588.86ms
        4180 requests in 3.03s, 2.42MB read
        Requests/sec:   1381.38
        Transfer/sec:    818.85KB
        [run.sh] Speed is 1381.38, duration is 43
        [run.sh] Fix the request number.
        [run.sh] Running the actual test
        [run.sh] /wrk/wrk --timeout 20s -t8 -c512 -d43s -L -s /wrk/fix_req_n.lua http://service0:80/endpoint1
        [run.sh] Checking the resource usage
        Running 43s test @ http://service0:80/endpoint1
        8 threads and 512 connections
        Thread Stats   Avg      Stdev     Max   +/- Stdev
        Latency   344.03ms   39.19ms 679.62ms   74.06%
        Req/Sec   186.13     50.55   373.00     67.33%
        Latency Distribution
        50%  339.80ms
        75%  365.00ms
        90%  390.71ms
        99%  455.26ms
        40001 requests in 43.00s, 23.16MB read
        Requests/sec:    930.25
        Transfer/sec:    551.43KB
        ------------------------------
        stop time: 26.913125
        stop time: 26.960406
        stop time: 26.969208
        stop time: 27.128071
        stop time: 27.030191
        stop time: 27.120783
        stop time: 27.205665
        stop time: 27.280610
        [run.sh] Test finished with status 0
        > STDERR
        > No resources found in default namespace.
        > error: metrics not available yet
    [exp] Times: [26.913125, 26.960406, 26.969208, 27.128071, 27.030191, 27.120783, 27.205665, 27.28061]
    [exp] Throughput: 1477.3226881646171
    [exp] Running (pre_run: False) workload synthetic/chain-d2-http-sync request with the following configuration: {'CLIENT_CPU_QUOTA': '2', 'SLOWPOKE_POKER_BATCH_THRESHOLD': '20000000', 'PROCESSING_TIME_SERVICE0': '0.0006766', 'PROCESSING_TIME_SERVICE1': '0.0004767', 'PROCESSING_TIME_SERVICE2': '0.00024726', 'SLOWPOKE_DELAY_MICROS_SERVICE0': '0.0', 'SLOWPOKE_DELAY_MICROS_SERVICE1': '304.5', 'SLOWPOKE_DELAY_MICROS_SERVICE2': '304.5'}
    [exp] Executing cmd `bash run.sh synthetic chain-d2-http-sync 8 512 40000`:
        [run.sh] Running benchmark synthetic with request chain-d2-http-sync, thread 8, conn 512, duration 60
        [run.sh] Deleting all services
        configmap "config-service0" deleted
        deployment.apps "service0" deleted
        service "service0" deleted
        configmap "config-service1" deleted
        deployment.apps "service1" deleted
        service "service1" deleted
        configmap "config-service2" deleted
        deployment.apps "service2" deleted
        service "service2" deleted
        deployment.apps "ubuntu-client" deleted
        [run.sh] Waiting for all pods to be deleted
        [run.sh] Deploying all services
        configmap/config-service0 created
        deployment.apps/service0 created
        service/service0 created
        configmap/config-service1 created
        deployment.apps/service1 created
        service/service1 created
        configmap/config-service2 created
        deployment.apps/service2 created
        service/service2 created
        [run.sh] Client pod not found, deploying client
        deployment.apps/ubuntu-client created
        [run.sh] Waiting for all pods to be running
        [run.sh] All pods are running
        [run.sh] Running warmup test
        [run.sh] /wrk/wrk -t8 -c512 -d3s -L http://service0:80/endpoint1
        Running 3s test @ http://service0:80/endpoint1
        8 threads and 512 connections
        Thread Stats   Avg      Stdev     Max   +/- Stdev
        Latency   333.70ms   51.79ms 686.67ms   81.14%
        Req/Sec   188.47     68.04   350.00     69.13%
        Latency Distribution
        50%  324.38ms
        75%  351.65ms
        90%  387.03ms
        99%  545.63ms
        4338 requests in 3.02s, 2.51MB read
        Requests/sec:   1435.74
        Transfer/sec:    851.07KB
        [run.sh] Speed is 1435.74, duration is 41
        [run.sh] Fix the request number.
        [run.sh] Running the actual test
        [run.sh] /wrk/wrk --timeout 20s -t8 -c512 -d41s -L -s /wrk/fix_req_n.lua http://service0:80/endpoint1
        [run.sh] Checking the resource usage
        NAME                             CPU(cores)   MEMORY(bytes)
        service0-565959b5f9-5h9rr        478m         44Mi
        service1-5cd97655d9-jf6nl        677m         15Mi
        service2-578b66fbf7-w7cm7        354m         10Mi
        ubuntu-client-76886f6bbd-q7sdk   21m          11Mi
        Running 41s test @ http://service0:80/endpoint1
        8 threads and 512 connections
        Thread Stats   Avg      Stdev     Max   +/- Stdev
        Latency   329.21ms   38.48ms 773.97ms   76.98%
        Req/Sec   194.37     48.78   424.00     70.05%
        Latency Distribution
        50%  325.03ms
        75%  350.47ms
        90%  372.50ms
        99%  432.39ms
        40001 requests in 41.00s, 23.16MB read
        Requests/sec:    975.63
        Transfer/sec:    578.33KB
        ------------------------------
        stop time: 25.707169
        stop time: 25.658822
        stop time: 25.835330
        stop time: 26.002711
        stop time: 25.922356
        stop time: 25.951082
        stop time: 26.036759
        stop time: 26.008111
        [run.sh] Test finished with status 0
        > STDERR
        > No resources found in default namespace.
    [exp] Times: [25.707169, 25.658822, 25.83533, 26.002711, 25.922356, 25.951082, 26.036759, 26.008111]
    [exp] Throughput: 1544.980613872941
    [exp] Running (pre_run: False) workload synthetic/chain-d2-http-sync request with the following configuration: {'CLIENT_CPU_QUOTA': '2', 'SLOWPOKE_POKER_BATCH_THRESHOLD': '20000000', 'PROCESSING_TIME_SERVICE0': '0.0006766', 'PROCESSING_TIME_SERVICE1': '0.0004767', 'PROCESSING_TIME_SERVICE2': '0.00024726', 'SLOWPOKE_DELAY_MICROS_SERVICE0': '0.0', 'SLOWPOKE_DELAY_MICROS_SERVICE1': '271.0', 'SLOWPOKE_DELAY_MICROS_SERVICE2': '271.0'}
    [exp] Executing cmd `bash run.sh synthetic chain-d2-http-sync 8 512 40000`:
        [run.sh] Running benchmark synthetic with request chain-d2-http-sync, thread 8, conn 512, duration 60
        [run.sh] Deleting all services
        configmap "config-service0" deleted
        deployment.apps "service0" deleted
        service "service0" deleted
        configmap "config-service1" deleted
        deployment.apps "service1" deleted
        service "service1" deleted
        configmap "config-service2" deleted
        deployment.apps "service2" deleted
        service "service2" deleted
        deployment.apps "ubuntu-client" deleted
        [run.sh] Waiting for all pods to be deleted
        [run.sh] Deploying all services
        configmap/config-service0 created
        deployment.apps/service0 created
        service/service0 created
        configmap/config-service1 created
        deployment.apps/service1 created
        service/service1 created
        configmap/config-service2 created
        deployment.apps/service2 created
        service/service2 created
        [run.sh] Client pod not found, deploying client
        deployment.apps/ubuntu-client created
        [run.sh] Waiting for all pods to be running
        [run.sh] All pods are running
        [run.sh] Running warmup test
        [run.sh] /wrk/wrk -t8 -c512 -d3s -L http://service0:80/endpoint1
        Running 3s test @ http://service0:80/endpoint1
        8 threads and 512 connections
        Thread Stats   Avg      Stdev     Max   +/- Stdev
        Latency   320.18ms   48.73ms 619.95ms   82.02%
        Req/Sec   198.23     56.83   363.00     73.21%
        Latency Distribution
        50%  313.82ms
        75%  336.79ms
        90%  369.04ms
        99%  521.73ms
        4527 requests in 3.03s, 2.62MB read
        Requests/sec:   1495.22
        Transfer/sec:      0.87MB
        [run.sh] Speed is 1495.22, duration is 40
        [run.sh] Fix the request number.
        [run.sh] Running the actual test
        [run.sh] /wrk/wrk --timeout 20s -t8 -c512 -d40s -L -s /wrk/fix_req_n.lua http://service0:80/endpoint1
        [run.sh] Checking the resource usage
        NAME                             CPU(cores)   MEMORY(bytes)
        service0-565959b5f9-pbz2b        916m         44Mi
        service1-659c58d757-t8ncz        384m         16Mi
        service2-cf4b848cc-mrfmc         200m         10Mi
        ubuntu-client-76886f6bbd-sdhdk   38m          10Mi
        Running 40s test @ http://service0:80/endpoint1
        8 threads and 512 connections
        Thread Stats   Avg      Stdev     Max   +/- Stdev
        Latency   314.45ms   38.49ms 795.98ms   77.26%
        Req/Sec   203.29     47.69   420.00     70.75%
        Latency Distribution
        50%  312.63ms
        75%  335.42ms
        90%  357.99ms
        99%  410.68ms
        40000 requests in 40.00s, 23.16MB read
        Requests/sec:   1000.00
        Transfer/sec:    592.77KB
        ------------------------------
        stop time: 24.503637
        stop time: 24.650769
        stop time: 24.721037
        stop time: 24.739404
        stop time: 24.866174
        stop time: 24.866814
        stop time: 24.759153
        stop time: 24.805626
        [run.sh] Test finished with status 0
        > STDERR
        > No resources found in default namespace.
    [exp] Times: [24.503637, 24.650769, 24.721037, 24.739404, 24.866174, 24.866814, 24.759153, 24.805626]
    [exp] Throughput: 1616.8752134212123
    [exp] Running (pre_run: False) workload synthetic/chain-d2-http-sync request with the following configuration: {'CLIENT_CPU_QUOTA': '2', 'SLOWPOKE_POKER_BATCH_THRESHOLD': '20000000', 'PROCESSING_TIME_SERVICE0': '0.0006766', 'PROCESSING_TIME_SERVICE1': '0.0004767', 'PROCESSING_TIME_SERVICE2': '0.00024726', 'SLOWPOKE_DELAY_MICROS_SERVICE0': '0.0', 'SLOWPOKE_DELAY_MICROS_SERVICE1': '237.5', 'SLOWPOKE_DELAY_MICROS_SERVICE2': '237.5'}
    [exp] Executing cmd `bash run.sh synthetic chain-d2-http-sync 8 512 40000`:
        [run.sh] Running benchmark synthetic with request chain-d2-http-sync, thread 8, conn 512, duration 60
        [run.sh] Deleting all services
        configmap "config-service0" deleted
        deployment.apps "service0" deleted
        service "service0" deleted
        configmap "config-service1" deleted
        deployment.apps "service1" deleted
        service "service1" deleted
        configmap "config-service2" deleted
        deployment.apps "service2" deleted
        service "service2" deleted
        deployment.apps "ubuntu-client" deleted
        [run.sh] Waiting for all pods to be deleted
        [run.sh] Deploying all services
        configmap/config-service0 created
        deployment.apps/service0 created
        service/service0 created
        configmap/config-service1 created
        deployment.apps/service1 created
        service/service1 created
        configmap/config-service2 created
        deployment.apps/service2 created
        service/service2 created
        [run.sh] Client pod not found, deploying client
        deployment.apps/ubuntu-client created
        [run.sh] Waiting for all pods to be running
        [run.sh] All pods are running
        [run.sh] Running warmup test
        [run.sh] /wrk/wrk -t8 -c512 -d3s -L http://service0:80/endpoint1
        Running 3s test @ http://service0:80/endpoint1
        8 threads and 512 connections
        Thread Stats   Avg      Stdev     Max   +/- Stdev
        Latency   318.12ms   58.16ms 623.34ms   82.71%
        Req/Sec   200.76     65.28   373.00     70.18%
        Latency Distribution
        50%  308.86ms
        75%  334.06ms
        90%  376.07ms
        99%  555.30ms
        4582 requests in 3.02s, 2.65MB read
        Requests/sec:   1514.74
        Transfer/sec:      0.88MB
        [run.sh] Speed is 1514.74, duration is 39
        [run.sh] Fix the request number.
        [run.sh] Running the actual test
        [run.sh] /wrk/wrk --timeout 20s -t8 -c512 -d39s -L -s /wrk/fix_req_n.lua http://service0:80/endpoint1
        [run.sh] Checking the resource usage
        NAME                             CPU(cores)   MEMORY(bytes)
        service0-565959b5f9-xkjjn        478m         39Mi
        service1-85799f4c6d-glbss        292m         15Mi
        service2-77cb47fb-blpsm          154m         9Mi
        ubuntu-client-76886f6bbd-wcfkt   21m          0Mi
        Running 39s test @ http://service0:80/endpoint1
        8 threads and 512 connections
        Thread Stats   Avg      Stdev     Max   +/- Stdev
        Latency   298.05ms   39.34ms 863.03ms   79.08%
        Req/Sec   214.43     48.65   440.00     71.93%
        Latency Distribution
        50%  296.99ms
        75%  316.91ms
        90%  339.90ms
        99%  398.91ms
        40000 requests in 39.00s, 23.16MB read
        Requests/sec:   1025.64
        Transfer/sec:    607.97KB
        ------------------------------
        stop time: 23.182541
        stop time: 23.241132
        stop time: 23.360180
        stop time: 23.397900
        stop time: 23.499632
        stop time: 23.544882
        stop time: 23.565412
        stop time: 23.658490
        [run.sh] Test finished with status 0
        > STDERR
        > No resources found in default namespace.
    [exp] Times: [23.182541, 23.241132, 23.36018, 23.3979, 23.499632, 23.544882, 23.565412, 23.65849]
    [exp] Throughput: 1707.120360078203
    [exp] Running (pre_run: False) workload synthetic/chain-d2-http-sync request with the following configuration: {'CLIENT_CPU_QUOTA': '2', 'SLOWPOKE_POKER_BATCH_THRESHOLD': '20000000', 'PROCESSING_TIME_SERVICE0': '0.0006766', 'PROCESSING_TIME_SERVICE1': '0.0004767', 'PROCESSING_TIME_SERVICE2': '0.00024726', 'SLOWPOKE_DELAY_MICROS_SERVICE0': '0.0', 'SLOWPOKE_DELAY_MICROS_SERVICE1': '204.0', 'SLOWPOKE_DELAY_MICROS_SERVICE2': '204.0'}
    [exp] Executing cmd `bash run.sh synthetic chain-d2-http-sync 8 512 40000`:
        [run.sh] Running benchmark synthetic with request chain-d2-http-sync, thread 8, conn 512, duration 60
        [run.sh] Deleting all services
        configmap "config-service0" deleted
        deployment.apps "service0" deleted
        service "service0" deleted
        configmap "config-service1" deleted
        deployment.apps "service1" deleted
        service "service1" deleted
        configmap "config-service2" deleted
        deployment.apps "service2" deleted
        service "service2" deleted
        deployment.apps "ubuntu-client" deleted
        [run.sh] Waiting for all pods to be deleted
        [run.sh] Deploying all services
        configmap/config-service0 created
        deployment.apps/service0 created
        service/service0 created
        configmap/config-service1 created
        deployment.apps/service1 created
        service/service1 created
        configmap/config-service2 created
        deployment.apps/service2 created
        service/service2 created
        [run.sh] Client pod not found, deploying client
        deployment.apps/ubuntu-client created
        [run.sh] Waiting for all pods to be running
        [run.sh] All pods are running
        [run.sh] Running warmup test
        [run.sh] /wrk/wrk -t8 -c512 -d3s -L http://service0:80/endpoint1
        Running 3s test @ http://service0:80/endpoint1
        8 threads and 512 connections
        Thread Stats   Avg      Stdev     Max   +/- Stdev
        Latency   291.29ms   47.39ms 644.15ms   81.63%
        Req/Sec   217.04     61.45   343.00     72.84%
        Latency Distribution
        50%  282.96ms
        75%  306.42ms
        90%  340.42ms
        99%  478.24ms
        5041 requests in 3.02s, 2.92MB read
        Requests/sec:   1666.47
        Transfer/sec:      0.96MB
        [run.sh] Speed is 1666.47, duration is 36
        [run.sh] Fix the request number.
        [run.sh] Running the actual test
        [run.sh] /wrk/wrk --timeout 20s -t8 -c512 -d36s -L -s /wrk/fix_req_n.lua http://service0:80/endpoint1
        [run.sh] Checking the resource usage
        NAME                             CPU(cores)   MEMORY(bytes)
        service0-565959b5f9-98f7c        1622m        44Mi
        service1-6784889669-xj9c2        1250m        16Mi
        service2-58549959b9-zzxr6        650m         10Mi
        ubuntu-client-76886f6bbd-qnhfv   60m          11Mi
        Running 36s test @ http://service0:80/endpoint1
        8 threads and 512 connections
        Thread Stats   Avg      Stdev     Max   +/- Stdev
        Latency   285.38ms   40.50ms 787.16ms   81.08%
        Req/Sec   224.46     50.77   424.00     69.83%
        Latency Distribution
        50%  282.67ms
        75%  303.11ms
        90%  326.86ms
        99%  384.30ms
        40001 requests in 36.00s, 23.16MB read
        Requests/sec:   1111.13
        Transfer/sec:    658.65KB
        ------------------------------
        stop time: 22.134825
        stop time: 22.160235
        stop time: 22.316799
        stop time: 22.488904
        stop time: 22.464972
        stop time: 22.578676
        stop time: 22.634872
        stop time: 22.691227
        [run.sh] Test finished with status 0
        > STDERR
        > No resources found in default namespace.
    [exp] Times: [22.134825, 22.160235, 22.316799, 22.488904, 22.464972, 22.578676, 22.634872, 22.691227]
    [exp] Throughput: 1783.0227372731042
    [exp] Running (pre_run: False) workload synthetic/chain-d2-http-sync request with the following configuration: {'CLIENT_CPU_QUOTA': '2', 'SLOWPOKE_POKER_BATCH_THRESHOLD': '20000000', 'PROCESSING_TIME_SERVICE0': '0.0006766', 'PROCESSING_TIME_SERVICE1': '0.0004767', 'PROCESSING_TIME_SERVICE2': '0.00024726', 'SLOWPOKE_DELAY_MICROS_SERVICE0': '0.0', 'SLOWPOKE_DELAY_MICROS_SERVICE1': '170.5', 'SLOWPOKE_DELAY_MICROS_SERVICE2': '170.5'}
    [exp] Executing cmd `bash run.sh synthetic chain-d2-http-sync 8 512 40000`:
        [run.sh] Running benchmark synthetic with request chain-d2-http-sync, thread 8, conn 512, duration 60
        [run.sh] Deleting all services
        configmap "config-service0" deleted
        deployment.apps "service0" deleted
        service "service0" deleted
        configmap "config-service1" deleted
        deployment.apps "service1" deleted
        service "service1" deleted
        configmap "config-service2" deleted
        deployment.apps "service2" deleted
        service "service2" deleted
        deployment.apps "ubuntu-client" deleted
        [run.sh] Waiting for all pods to be deleted
        [run.sh] Deploying all services
        configmap/config-service0 created
        deployment.apps/service0 created
        service/service0 created
        configmap/config-service1 created
        deployment.apps/service1 created
        service/service1 created
        configmap/config-service2 created
        deployment.apps/service2 created
        service/service2 created
        [run.sh] Client pod not found, deploying client
        deployment.apps/ubuntu-client created
        [run.sh] Waiting for all pods to be running
        [run.sh] All pods are running
        [run.sh] Running warmup test
        [run.sh] /wrk/wrk -t8 -c512 -d3s -L http://service0:80/endpoint1
        Running 3s test @ http://service0:80/endpoint1
        8 threads and 512 connections
        Thread Stats   Avg      Stdev     Max   +/- Stdev
        Latency   278.99ms   46.33ms 544.37ms   82.19%
        Req/Sec   231.86     56.73   363.00     75.00%
        Latency Distribution
        50%  269.38ms
        75%  294.53ms
        90%  327.07ms
        99%  467.43ms
        5256 requests in 3.03s, 3.04MB read
        Requests/sec:   1732.35
        Transfer/sec:      1.00MB
        [run.sh] Speed is 1732.35, duration is 34
        [run.sh] Fix the request number.
        [run.sh] Running the actual test
        [run.sh] /wrk/wrk --timeout 20s -t8 -c512 -d34s -L -s /wrk/fix_req_n.lua http://service0:80/endpoint1
        Running 34s test @ http://service0:80/endpoint1
        8 threads and 512 connections
        Thread Stats   Avg      Stdev     Max   +/- Stdev
        Latency   271.89ms   35.21ms 631.19ms   75.40%
        Req/Sec   235.21     49.85   434.00     70.43%
        Latency Distribution
        50%  267.53ms
        75%  290.49ms
        90%  314.61ms
        99%  367.39ms
        40000 requests in 34.00s, 23.16MB read
        Requests/sec:   1176.47
        Transfer/sec:    697.38KB
        ------------------------------
        stop time: 21.288724
        stop time: 21.280272
        stop time: 21.339906
        stop time: 21.394174
        stop time: 21.464815
        stop time: 21.515081
        stop time: 21.403824
        stop time: 21.464555
        [run.sh] Checking the resource usage
        NAME                             CPU(cores)   MEMORY(bytes)
        service0-565959b5f9-4mr45        534m         41Mi
        ubuntu-client-76886f6bbd-2s7hj   23m          0Mi
        [run.sh] Test finished with status 0
        > STDERR
        > No resources found in default namespace.
    [exp] Times: [21.288724, 21.280272, 21.339906, 21.394174, 21.464815, 21.515081, 21.403824, 21.464555]
    [exp] Throughput: 1869.6901784900313
    [exp] Running (pre_run: False) workload synthetic/chain-d2-http-sync request with the following configuration: {'CLIENT_CPU_QUOTA': '2', 'SLOWPOKE_POKER_BATCH_THRESHOLD': '20000000', 'PROCESSING_TIME_SERVICE0': '0.0006766', 'PROCESSING_TIME_SERVICE1': '0.0004767', 'PROCESSING_TIME_SERVICE2': '0.00024726', 'SLOWPOKE_DELAY_MICROS_SERVICE0': '0.0', 'SLOWPOKE_DELAY_MICROS_SERVICE1': '137.0', 'SLOWPOKE_DELAY_MICROS_SERVICE2': '137.0'}
    [exp] Executing cmd `bash run.sh synthetic chain-d2-http-sync 8 512 40000`:
        [run.sh] Running benchmark synthetic with request chain-d2-http-sync, thread 8, conn 512, duration 60
        [run.sh] Deleting all services
        configmap "config-service0" deleted
        deployment.apps "service0" deleted
        service "service0" deleted
        configmap "config-service1" deleted
        deployment.apps "service1" deleted
        service "service1" deleted
        configmap "config-service2" deleted
        deployment.apps "service2" deleted
        service "service2" deleted
        deployment.apps "ubuntu-client" deleted
        [run.sh] Waiting for all pods to be deleted
        [run.sh] Deploying all services
        configmap/config-service0 created
        deployment.apps/service0 created
        service/service0 created
        configmap/config-service1 created
        deployment.apps/service1 created
        service/service1 created
        configmap/config-service2 created
        deployment.apps/service2 created
        service/service2 created
        [run.sh] Client pod not found, deploying client
        deployment.apps/ubuntu-client created
        [run.sh] Waiting for all pods to be running
        [run.sh] All pods are running
        [run.sh] Running warmup test
        [run.sh] /wrk/wrk -t8 -c512 -d3s -L http://service0:80/endpoint1
        Running 3s test @ http://service0:80/endpoint1
        8 threads and 512 connections
        Thread Stats   Avg      Stdev     Max   +/- Stdev
        Latency   267.57ms   49.77ms 531.76ms   83.26%
        Req/Sec   243.42     57.54   404.00     83.93%
        Latency Distribution
        50%  255.56ms
        75%  280.87ms
        90%  320.08ms
        99%  467.55ms
        5497 requests in 3.03s, 3.18MB read
        Requests/sec:   1815.20
        Transfer/sec:      1.05MB
        [run.sh] Speed is 1815.20, duration is 33
        [run.sh] Fix the request number.
        [run.sh] Running the actual test
        [run.sh] /wrk/wrk --timeout 20s -t8 -c512 -d33s -L -s /wrk/fix_req_n.lua http://service0:80/endpoint1
        Running 33s test @ http://service0:80/endpoint1
        8 threads and 512 connections
        Thread Stats   Avg      Stdev     Max   +/- Stdev
        Latency   258.20ms   37.01ms 694.58ms   76.67%
        Req/Sec   247.91     50.93   460.00     69.89%
        Latency Distribution
        50%  253.75ms
        75%  276.71ms
        90%  301.62ms
        99%  362.12ms
        40000 requests in 33.00s, 23.16MB read
        Requests/sec:   1212.12
        Transfer/sec:    718.51KB
        ------------------------------
        stop time: 20.059968
        stop time: 20.161505
        stop time: 20.354075
        stop time: 20.238037
        stop time: 20.355967
        stop time: 20.416157
        stop time: 20.412614
        stop time: 20.447308
        [run.sh] Checking the resource usage
        NAME                             CPU(cores)   MEMORY(bytes)
        service0-565959b5f9-4xzzm        1209m        45Mi
        service1-7944558454-z54vg        1394m        16Mi
        service2-675ff94ffd-f4h9d        721m         10Mi
        ubuntu-client-76886f6bbd-zh287   59m          10Mi
        [run.sh] Test finished with status 0
        > STDERR
        > No resources found in default namespace.
    [exp] Times: [20.059968, 20.161505, 20.354075, 20.238037, 20.355967, 20.416157, 20.412614, 20.447308]
    [exp] Throughput: 1969.889851946834
    [exp] Running (pre_run: False) workload synthetic/chain-d2-http-sync request with the following configuration: {'CLIENT_CPU_QUOTA': '2', 'SLOWPOKE_POKER_BATCH_THRESHOLD': '20000000', 'PROCESSING_TIME_SERVICE0': '0.0006766', 'PROCESSING_TIME_SERVICE1': '0.0004767', 'PROCESSING_TIME_SERVICE2': '0.00024726', 'SLOWPOKE_DELAY_MICROS_SERVICE0': '0.0', 'SLOWPOKE_DELAY_MICROS_SERVICE1': '103.5', 'SLOWPOKE_DELAY_MICROS_SERVICE2': '103.5'}
    [exp] Executing cmd `bash run.sh synthetic chain-d2-http-sync 8 512 40000`:
        [run.sh] Running benchmark synthetic with request chain-d2-http-sync, thread 8, conn 512, duration 60
        [run.sh] Deleting all services
        configmap "config-service0" deleted
        deployment.apps "service0" deleted
        service "service0" deleted
        configmap "config-service1" deleted
        deployment.apps "service1" deleted
        service "service1" deleted
        configmap "config-service2" deleted
        deployment.apps "service2" deleted
        service "service2" deleted
        deployment.apps "ubuntu-client" deleted
        [run.sh] Waiting for all pods to be deleted
        [run.sh] Deploying all services
        configmap/config-service0 created
        deployment.apps/service0 created
        service/service0 created
        configmap/config-service1 created
        deployment.apps/service1 created
        service/service1 created
        configmap/config-service2 created
        deployment.apps/service2 created
        service/service2 created
        [run.sh] Client pod not found, deploying client
        deployment.apps/ubuntu-client created
        [run.sh] Waiting for all pods to be running
        [run.sh] All pods are running
        [run.sh] Running warmup test
        [run.sh] /wrk/wrk -t8 -c512 -d3s -L http://service0:80/endpoint1
        Running 3s test @ http://service0:80/endpoint1
        8 threads and 512 connections
        Thread Stats   Avg      Stdev     Max   +/- Stdev
        Latency   256.90ms   50.41ms 510.05ms   82.80%
        Req/Sec   253.27     69.06   404.00     72.32%
        Latency Distribution
        50%  244.21ms
        75%  271.73ms
        90%  313.11ms
        99%  461.52ms
        5738 requests in 3.04s, 3.32MB read
        Requests/sec:   1889.58
        Transfer/sec:      1.09MB
        [run.sh] Speed is 1889.58, duration is 31
        [run.sh] Fix the request number.
        [run.sh] Running the actual test
        [run.sh] /wrk/wrk --timeout 20s -t8 -c512 -d31s -L -s /wrk/fix_req_n.lua http://service0:80/endpoint1
        Running 31s test @ http://service0:80/endpoint1
        8 threads and 512 connections
        Thread Stats   Avg      Stdev     Max   +/- Stdev
        Latency   243.76ms   38.64ms 705.77ms   78.76%
        Req/Sec   262.26     47.89   530.00     72.07%
        Latency Distribution
        50%  239.10ms
        75%  261.74ms
        90%  287.48ms
        99%  346.97ms
        40000 requests in 31.00s, 23.16MB read
        Requests/sec:   1290.32
        Transfer/sec:    764.87KB
        ------------------------------
        stop time: 18.932446
        stop time: 19.113939
        stop time: 19.219291
        stop time: 19.148119
        stop time: 19.244735
        stop time: 19.304754
        stop time: 19.226036
        stop time: 19.215660
        [run.sh] Checking the resource usage
        NAME                             CPU(cores)   MEMORY(bytes)
        service0-565959b5f9-r8c67        572m         43Mi
        ubuntu-client-76886f6bbd-lk8mx   24m          0Mi
        [run.sh] Test finished with status 0
        > STDERR
        > No resources found in default namespace.
    [exp] Times: [18.932446, 19.113939, 19.219291, 19.148119, 19.244735, 19.304754, 19.226036, 19.21566]
    [exp] Throughput: 2085.9818240581244
    [exp] Running (pre_run: False) workload synthetic/chain-d2-http-sync request with the following configuration: {'CLIENT_CPU_QUOTA': '2', 'SLOWPOKE_POKER_BATCH_THRESHOLD': '20000000', 'PROCESSING_TIME_SERVICE0': '0.0006766', 'PROCESSING_TIME_SERVICE1': '0.0004767', 'PROCESSING_TIME_SERVICE2': '0.00024726', 'SLOWPOKE_DELAY_MICROS_SERVICE0': '0.0', 'SLOWPOKE_DELAY_MICROS_SERVICE1': '70.0', 'SLOWPOKE_DELAY_MICROS_SERVICE2': '70.0'}
    [exp] Executing cmd `bash run.sh synthetic chain-d2-http-sync 8 512 40000`:
        [run.sh] Running benchmark synthetic with request chain-d2-http-sync, thread 8, conn 512, duration 60
        [run.sh] Deleting all services
        configmap "config-service0" deleted
        deployment.apps "service0" deleted
        service "service0" deleted
        configmap "config-service1" deleted
        deployment.apps "service1" deleted
        service "service1" deleted
        configmap "config-service2" deleted
        deployment.apps "service2" deleted
        service "service2" deleted
        deployment.apps "ubuntu-client" deleted
        [run.sh] Waiting for all pods to be deleted
        [run.sh] Deploying all services
        configmap/config-service0 created
        deployment.apps/service0 created
        service/service0 created
        configmap/config-service1 created
        deployment.apps/service1 created
        service/service1 created
        configmap/config-service2 created
        deployment.apps/service2 created
        service/service2 created
        [run.sh] Client pod not found, deploying client
        deployment.apps/ubuntu-client created
        [run.sh] Waiting for all pods to be running
        [run.sh] All pods are running
        [run.sh] Running warmup test
        [run.sh] /wrk/wrk -t8 -c512 -d3s -L http://service0:80/endpoint1
        Running 3s test @ http://service0:80/endpoint1
        8 threads and 512 connections
        Thread Stats   Avg      Stdev     Max   +/- Stdev
        Latency   248.14ms   47.73ms 464.39ms   78.87%
        Req/Sec   260.79     66.00   404.00     72.77%
        Latency Distribution
        50%  237.06ms
        75%  266.58ms
        90%  306.56ms
        99%  423.07ms
        5943 requests in 3.03s, 3.44MB read
        Requests/sec:   1962.59
        Transfer/sec:      1.14MB
        [run.sh] Speed is 1962.59, duration is 30
        [run.sh] Fix the request number.
        [run.sh] Running the actual test
        [run.sh] /wrk/wrk --timeout 20s -t8 -c512 -d30s -L -s /wrk/fix_req_n.lua http://service0:80/endpoint1
        Running 30s test @ http://service0:80/endpoint1
        8 threads and 512 connections
        Thread Stats   Avg      Stdev     Max   +/- Stdev
        Latency   234.21ms   40.32ms 741.31ms   82.16%
        Req/Sec   273.65     55.52   480.00     72.44%
        Latency Distribution
        50%  229.49ms
        75%  251.47ms
        90%  275.39ms
        99%  347.19ms
        40000 requests in 30.00s, 23.16MB read
        Requests/sec:   1333.33
        Transfer/sec:    790.36KB
        ------------------------------
        stop time: 18.190633
        stop time: 18.251005
        stop time: 18.211972
        stop time: 18.452077
        stop time: 18.501210
        stop time: 18.535100
        stop time: 18.571014
        stop time: 18.557312
        [run.sh] Checking the resource usage
        NAME                             CPU(cores)   MEMORY(bytes)
        service0-565959b5f9-jjdzl        347m         44Mi
        service1-56fdb74d66-4sg6f        1376m        16Mi
        service2-bb96d488-wct4j          764m         10Mi
        ubuntu-client-76886f6bbd-crmpc   33m          11Mi
        [run.sh] Test finished with status 0
        > STDERR
        > No resources found in default namespace.
    [exp] Times: [18.190633, 18.251005, 18.211972, 18.452077, 18.50121, 18.5351, 18.571014, 18.557312]
    [exp] Throughput: 2172.874979027513
    [exp] Running (pre_run: False) workload synthetic/chain-d2-http-sync request with the following configuration: {'CLIENT_CPU_QUOTA': '2', 'SLOWPOKE_POKER_BATCH_THRESHOLD': '20000000', 'PROCESSING_TIME_SERVICE0': '0.0006766', 'PROCESSING_TIME_SERVICE1': '0.0004767', 'PROCESSING_TIME_SERVICE2': '0.00024726', 'SLOWPOKE_DELAY_MICROS_SERVICE0': '0.0', 'SLOWPOKE_DELAY_MICROS_SERVICE1': '36.5', 'SLOWPOKE_DELAY_MICROS_SERVICE2': '36.5'}
    [exp] Executing cmd `bash run.sh synthetic chain-d2-http-sync 8 512 40000`:
        [run.sh] Running benchmark synthetic with request chain-d2-http-sync, thread 8, conn 512, duration 60
        [run.sh] Deleting all services
        configmap "config-service0" deleted
        deployment.apps "service0" deleted
        service "service0" deleted
        configmap "config-service1" deleted
        deployment.apps "service1" deleted
        service "service1" deleted
        configmap "config-service2" deleted
        deployment.apps "service2" deleted
        service "service2" deleted
        deployment.apps "ubuntu-client" deleted
        [run.sh] Waiting for all pods to be deleted
        [run.sh] Deploying all services
        configmap/config-service0 created
        deployment.apps/service0 created
        service/service0 created
        configmap/config-service1 created
        deployment.apps/service1 created
        service/service1 created
        configmap/config-service2 created
        deployment.apps/service2 created
        service/service2 created
        [run.sh] Client pod not found, deploying client
        deployment.apps/ubuntu-client created
        [run.sh] Waiting for all pods to be running
        [run.sh] All pods are running
        [run.sh] Running warmup test
        [run.sh] /wrk/wrk -t8 -c512 -d3s -L http://service0:80/endpoint1
        Running 3s test @ http://service0:80/endpoint1
        8 threads and 512 connections
        Thread Stats   Avg      Stdev     Max   +/- Stdev
        Latency   240.93ms   48.24ms 549.63ms   83.41%
        Req/Sec   266.34     77.21   434.00     77.92%
        Latency Distribution
        50%  229.12ms
        75%  253.44ms
        90%  293.54ms
        99%  425.66ms
        6152 requests in 3.05s, 3.56MB read
        Requests/sec:   2019.85
        Transfer/sec:      1.17MB
        [run.sh] Speed is 2019.85, duration is 29
        [run.sh] Fix the request number.
        [run.sh] Running the actual test
        [run.sh] /wrk/wrk --timeout 20s -t8 -c512 -d29s -L -s /wrk/fix_req_n.lua http://service0:80/endpoint1
        Running 29s test @ http://service0:80/endpoint1
        8 threads and 512 connections
        Thread Stats   Avg      Stdev     Max   +/- Stdev
        Latency   229.40ms   31.83ms 498.86ms   74.36%
        Req/Sec   279.25     56.84   464.00     70.64%
        Latency Distribution
        50%  224.99ms
        75%  244.93ms
        90%  268.49ms
        99%  329.26ms
        40003 requests in 29.00s, 23.16MB read
        Requests/sec:   1379.41
        Transfer/sec:    817.68KB
        ------------------------------
        stop time: 18.060532
        stop time: 18.033962
        stop time: 18.069661
        stop time: 18.063700
        stop time: 18.047310
        stop time: 18.043569
        stop time: 18.041640
        stop time: 18.088618
        [run.sh] Checking the resource usage
        NAME                             CPU(cores)   MEMORY(bytes)
        service1-859bc8f46c-bl6cc        472m         16Mi
        service2-78b8b7dc77-wf85g        256m         9Mi
        ubuntu-client-76886f6bbd-7g8mg   25m          0Mi
        [run.sh] Test finished with status 0
        > STDERR
        > No resources found in default namespace.
    [exp] Times: [18.060532, 18.033962, 18.069661, 18.0637, 18.04731, 18.043569, 18.04164, 18.088618]
    [exp] Throughput: 2215.31487045614
[test.py] Baseline throughput:  2226.839078197737
[test.py] Groundtruth:  [2891.410564343165, 2888.815625314836, 2856.5561919149427, 2825.337777519024, 2811.771015413812, 2794.852824360356, 2838.4738094021604, 2740.5104750574706, 2644.727199943178, 2421.821648380665]
[test.py] Slowdown:  [1477.3226881646171, 1544.980613872941, 1616.8752134212123, 1707.120360078203, 1783.0227372731042, 1869.6901784900313, 1969.889851946834, 2085.9818240581244, 2172.874979027513, 2215.31487045614]
[test.py] Predicted:  [2953.3356629614213, 2920.0719724739415, 2880.375814153976, 2873.713690953053, 2804.6923554866926, 2746.890732146041, 2700.2024839652063, 2662.4737143122447, 2564.63022444129, 2411.945303833956]
[test.py] Error percentage:  [2.141691649809817, 1.0819779180507303, 0.8338579967882752, 1.7122169893791979, -0.25175093876119964, -1.716086507177413, -4.871326449408983, -2.847526453756369, -3.0285533987629836, -0.4078064358419057]
[test.py] ++++++++++++++++++++++++++++++++ Summary: 
[test.py] Result for the experiment 0: 
    Baseline throughput: 2226.839078197737
    Groundtruth: [2891.410564343165, 2888.815625314836, 2856.5561919149427, 2825.337777519024, 2811.771015413812, 2794.852824360356, 2838.4738094021604, 2740.5104750574706, 2644.727199943178, 2421.821648380665]
    Slowdown:    [1477.3226881646171, 1544.980613872941, 1616.8752134212123, 1707.120360078203, 1783.0227372731042, 1869.6901784900313, 1969.889851946834, 2085.9818240581244, 2172.874979027513, 2215.31487045614]
    Predicted:   [2953.3356629614213, 2920.0719724739415, 2880.375814153976, 2873.713690953053, 2804.6923554866926, 2746.890732146041, 2700.2024839652063, 2662.4737143122447, 2564.63022444129, 2411.945303833956]
    Error Perc:  [2.141691649809817, 1.0819779180507303, 0.8338579967882752, 1.7122169893791979, -0.25175093876119964, -1.716086507177413, -4.871326449408983, -2.847526453756369, -3.0285533987629836, -0.4078064358419057]
