[config.py] Random numbers for execution time: [247.2573382140748, 476.70040537096673, 676.5993667502922]
benchmark                        : synthetic
num_threads                      : 8
num_conns                        : 1024
target_service                   : service0
request_type                     : chain-d2-http-sync
repetitions                      : 1
target_num_exp                   : 10
pre_run                          : False
num_req                          : 40000
groundtruths                     : []
slowdowns                        : []
predicteds                       : []
errs                             : []
client_cpu_quota                 : 2
random_seed                      : 4446
request_ratio                    : {'service0': 1, 'service1': 1, 'service2': 1}
baseline_service_processing_time : {'service0': 676.6, 'service1': 476.7, 'service2': 247.26}
cpu_quota                        : {'service0': 2, 'service1': 2, 'service2': 2}
target_processing_time_range     : [0, 676.6]
baseline_throughputs             : []
poker_batch                      : 20000000
[test.py] Starting experiment...
[test.py] >>>>>>>>>>>>>>>>>>>>>>>>>>>>> Running experiment 0...
[test.py] Actual processing time range: [0, 67, 134, 201, 268, 335, 402, 469, 536, 603]
[test.py] Running baseline experiment
    [exp] Running (pre_run: False) workload synthetic/chain-d2-http-sync request with the following configuration: {'CLIENT_CPU_QUOTA': '2', 'SLOWPOKE_POKER_BATCH_THRESHOLD': '20000000', 'PROCESSING_TIME_SERVICE0': '0.0006766', 'PROCESSING_TIME_SERVICE1': '0.0004767', 'PROCESSING_TIME_SERVICE2': '0.00024726', 'SLOWPOKE_DELAY_MICROS_SERVICE0': '0.0', 'SLOWPOKE_DELAY_MICROS_SERVICE1': '0.0', 'SLOWPOKE_DELAY_MICROS_SERVICE2': '0.0'}
    [exp] Executing cmd `bash run.sh synthetic chain-d2-http-sync 8 1024 40000`:
        [run.sh] Running benchmark synthetic with request chain-d2-http-sync, thread 8, conn 1024, duration 60
        [run.sh] Deleting all services
        configmap "config-service0" deleted
        deployment.apps "service0" deleted
        service "service0" deleted
        configmap "config-service1" deleted
        deployment.apps "service1" deleted
        service "service1" deleted
        configmap "config-service2" deleted
        deployment.apps "service2" deleted
        service "service2" deleted
        deployment.apps "ubuntu-client" deleted
        [run.sh] Waiting for all pods to be deleted
        [run.sh] Deploying all services
        configmap/config-service0 created
        deployment.apps/service0 created
        service/service0 created
        configmap/config-service1 created
        deployment.apps/service1 created
        service/service1 created
        configmap/config-service2 created
        deployment.apps/service2 created
        service/service2 created
        [run.sh] Client pod not found, deploying client
        deployment.apps/ubuntu-client created
        [run.sh] Waiting for all pods to be running
        [run.sh] All pods are running
        [run.sh] Running warmup test
        [run.sh] /wrk/wrk -t8 -c1024 -d3s -L http://service0:80/endpoint1
        Running 3s test @ http://service0:80/endpoint1
        8 threads and 1024 connections
        Thread Stats   Avg      Stdev     Max   +/- Stdev
        Latency   509.83ms  155.66ms   1.17s    84.44%
        Req/Sec   242.48     95.13   500.00     70.98%
        Latency Distribution
        50%  464.52ms
        75%  501.94ms
        90%  719.01ms
        99%    1.07s
        5519 requests in 3.04s, 3.19MB read
        Requests/sec:   1812.80
        Transfer/sec:      1.05MB
        [run.sh] Speed is 1812.80, duration is 33
        [run.sh] Fix the request number.
        [run.sh] Running the actual test
        [run.sh] /wrk/wrk --timeout 20s -t8 -c1024 -d33s -L -s /wrk/fix_req_n.lua http://service0:80/endpoint1
        Running 33s test @ http://service0:80/endpoint1
        8 threads and 1024 connections
        Thread Stats   Avg      Stdev     Max   +/- Stdev
        Latency   463.17ms   80.90ms   1.20s    86.49%
        Req/Sec   277.65     78.34   780.00     76.55%
        Latency Distribution
        50%  452.90ms
        75%  481.80ms
        90%  521.11ms
        99%  819.42ms
        40000 requests in 33.00s, 23.16MB read
        Requests/sec:   1212.12
        Transfer/sec:    718.51KB
        ------------------------------
        stop time: 17.998396
        stop time: 18.190539
        stop time: 18.252184
        stop time: 18.356307
        stop time: 18.419951
        stop time: 18.384282
        stop time: 18.419962
        stop time: 18.511897
        [run.sh] Checking the resource usage
        [run.sh] Test finished with status 0
        > STDERR
        > No resources found in default namespace.
        > error: metrics not available yet
    [exp] Times: [17.998396, 18.190539, 18.252184, 18.356307, 18.419951, 18.384282, 18.419962, 18.511897]
    [exp] Throughput: 2183.800705583278
[test.py] Baseline throughput: 2183.800705583278
[test.py] Running groundtruth experiment
    [exp] Running (pre_run: False) workload synthetic/chain-d2-http-sync request with the following configuration: {'CLIENT_CPU_QUOTA': '2', 'SLOWPOKE_POKER_BATCH_THRESHOLD': '20000000', 'PROCESSING_TIME_SERVICE0': '0.0', 'PROCESSING_TIME_SERVICE1': '0.0004767', 'PROCESSING_TIME_SERVICE2': '0.00024726', 'SLOWPOKE_DELAY_MICROS_SERVICE0': '0.0', 'SLOWPOKE_DELAY_MICROS_SERVICE1': '0.0', 'SLOWPOKE_DELAY_MICROS_SERVICE2': '0.0'}
    [exp] Executing cmd `bash run.sh synthetic chain-d2-http-sync 8 1024 40000`:
        [run.sh] Running benchmark synthetic with request chain-d2-http-sync, thread 8, conn 1024, duration 60
        [run.sh] Deleting all services
        configmap "config-service0" deleted
        deployment.apps "service0" deleted
        service "service0" deleted
        configmap "config-service1" deleted
        deployment.apps "service1" deleted
        service "service1" deleted
        configmap "config-service2" deleted
        deployment.apps "service2" deleted
        service "service2" deleted
        deployment.apps "ubuntu-client" deleted
        [run.sh] Waiting for all pods to be deleted
        [run.sh] Deploying all services
        configmap/config-service0 created
        deployment.apps/service0 created
        service/service0 created
        configmap/config-service1 created
        deployment.apps/service1 created
        service/service1 created
        configmap/config-service2 created
        deployment.apps/service2 created
        service/service2 created
        [run.sh] Client pod not found, deploying client
        deployment.apps/ubuntu-client created
        [run.sh] Waiting for all pods to be running
        [run.sh] All pods are running
        [run.sh] Running warmup test
        [run.sh] /wrk/wrk -t8 -c1024 -d3s -L http://service0:80/endpoint1
        Running 3s test @ http://service0:80/endpoint1
        8 threads and 1024 connections
        Thread Stats   Avg      Stdev     Max   +/- Stdev
        Latency   344.98ms   54.01ms 558.52ms   81.51%
        Req/Sec   353.82    102.72   560.00     66.38%
        Latency Distribution
        50%  343.63ms
        75%  369.19ms
        90%  403.71ms
        99%  458.17ms
        8377 requests in 3.03s, 4.85MB read
        Requests/sec:   2763.29
        Transfer/sec:      1.60MB
        [run.sh] Speed is 2763.29, duration is 21
        [run.sh] Fix the request number.
        [run.sh] Running the actual test
        [run.sh] /wrk/wrk --timeout 20s -t8 -c1024 -d21s -L -s /wrk/fix_req_n.lua http://service0:80/endpoint1
        Running 21s test @ http://service0:80/endpoint1
        8 threads and 1024 connections
        Thread Stats   Avg      Stdev     Max   +/- Stdev
        Latency   355.33ms   39.47ms 518.45ms   85.79%
        Req/Sec   357.60    100.85   760.00     73.99%
        Latency Distribution
        50%  354.61ms
        75%  373.76ms
        90%  395.29ms
        99%  441.10ms
        40000 requests in 21.00s, 23.16MB read
        Requests/sec:   1904.75
        Transfer/sec:      1.10MB
        ------------------------------
        stop time: 14.060387
        stop time: 14.057242
        stop time: 13.976607
        stop time: 13.997991
        stop time: 14.125455
        stop time: 14.082785
        stop time: 14.170764
        stop time: 14.204015
        [run.sh] Checking the resource usage
        NAME                             CPU(cores)   MEMORY(bytes)
        service0-565959b5f9-vzvqt        270m         72Mi
        service1-745ff764dc-n4rnv        1461m        16Mi
        service2-55c99d4dbc-tjpjv        1107m        11Mi
        ubuntu-client-76886f6bbd-bjkcn   91m          17Mi
        [run.sh] Test finished with status 0
        > STDERR
        > No resources found in default namespace.
    [exp] Times: [14.060387, 14.057242, 13.976607, 13.997991, 14.125455, 14.082785, 14.170764, 14.204015]
    [exp] Throughput: 2840.0204247168895
    [exp] Running (pre_run: False) workload synthetic/chain-d2-http-sync request with the following configuration: {'CLIENT_CPU_QUOTA': '2', 'SLOWPOKE_POKER_BATCH_THRESHOLD': '20000000', 'PROCESSING_TIME_SERVICE0': '6.7e-05', 'PROCESSING_TIME_SERVICE1': '0.0004767', 'PROCESSING_TIME_SERVICE2': '0.00024726', 'SLOWPOKE_DELAY_MICROS_SERVICE0': '0.0', 'SLOWPOKE_DELAY_MICROS_SERVICE1': '0.0', 'SLOWPOKE_DELAY_MICROS_SERVICE2': '0.0'}
    [exp] Executing cmd `bash run.sh synthetic chain-d2-http-sync 8 1024 40000`:
        [run.sh] Running benchmark synthetic with request chain-d2-http-sync, thread 8, conn 1024, duration 60
        [run.sh] Deleting all services
        configmap "config-service0" deleted
        deployment.apps "service0" deleted
        service "service0" deleted
        configmap "config-service1" deleted
        deployment.apps "service1" deleted
        service "service1" deleted
        configmap "config-service2" deleted
        deployment.apps "service2" deleted
        service "service2" deleted
        deployment.apps "ubuntu-client" deleted
        [run.sh] Waiting for all pods to be deleted
        [run.sh] Deploying all services
        configmap/config-service0 created
        deployment.apps/service0 created
        service/service0 created
        configmap/config-service1 created
        deployment.apps/service1 created
        service/service1 created
        configmap/config-service2 created
        deployment.apps/service2 created
        service/service2 created
        [run.sh] Client pod not found, deploying client
        deployment.apps/ubuntu-client created
        [run.sh] Waiting for all pods to be running
        [run.sh] All pods are running
        [run.sh] Running warmup test
        [run.sh] /wrk/wrk -t8 -c1024 -d3s -L http://service0:80/endpoint1
        Running 3s test @ http://service0:80/endpoint1
        8 threads and 1024 connections
        Thread Stats   Avg      Stdev     Max   +/- Stdev
        Latency   357.63ms   44.86ms 626.21ms   85.76%
        Req/Sec   344.18    111.23   680.00     69.13%
        Latency Distribution
        50%  356.42ms
        75%  373.77ms
        90%  398.51ms
        99%  485.60ms
        7965 requests in 3.03s, 4.61MB read
        Requests/sec:   2625.33
        Transfer/sec:      1.52MB
        [run.sh] Speed is 2625.33, duration is 22
        [run.sh] Fix the request number.
        [run.sh] Running the actual test
        [run.sh] /wrk/wrk --timeout 20s -t8 -c1024 -d22s -L -s /wrk/fix_req_n.lua http://service0:80/endpoint1
        Running 22s test @ http://service0:80/endpoint1
        8 threads and 1024 connections
        Thread Stats   Avg      Stdev     Max   +/- Stdev
        Latency   358.07ms   42.66ms 597.38ms   85.38%
        Req/Sec   353.08     68.70   840.00     73.59%
        Latency Distribution
        50%  355.72ms
        75%  376.48ms
        90%  402.94ms
        99%  456.79ms
        40000 requests in 22.00s, 23.16MB read
        Requests/sec:   1818.17
        Transfer/sec:      1.05MB
        ------------------------------
        stop time: 13.997596
        stop time: 14.186165
        stop time: 14.214850
        stop time: 14.283930
        stop time: 14.226116
        stop time: 14.375375
        stop time: 14.384344
        stop time: 14.413472
        [run.sh] Checking the resource usage
        [run.sh] Test finished with status 0
        > STDERR
        > No resources found in default namespace.
        > error: metrics not available yet
    [exp] Times: [13.997596, 14.186165, 14.21485, 14.28393, 14.226116, 14.375375, 14.384344, 14.413472]
    [exp] Throughput: 2805.0036496603734
    [exp] Running (pre_run: False) workload synthetic/chain-d2-http-sync request with the following configuration: {'CLIENT_CPU_QUOTA': '2', 'SLOWPOKE_POKER_BATCH_THRESHOLD': '20000000', 'PROCESSING_TIME_SERVICE0': '0.000134', 'PROCESSING_TIME_SERVICE1': '0.0004767', 'PROCESSING_TIME_SERVICE2': '0.00024726', 'SLOWPOKE_DELAY_MICROS_SERVICE0': '0.0', 'SLOWPOKE_DELAY_MICROS_SERVICE1': '0.0', 'SLOWPOKE_DELAY_MICROS_SERVICE2': '0.0'}
    [exp] Executing cmd `bash run.sh synthetic chain-d2-http-sync 8 1024 40000`:
        [run.sh] Running benchmark synthetic with request chain-d2-http-sync, thread 8, conn 1024, duration 60
        [run.sh] Deleting all services
        configmap "config-service0" deleted
        deployment.apps "service0" deleted
        service "service0" deleted
        configmap "config-service1" deleted
        deployment.apps "service1" deleted
        service "service1" deleted
        configmap "config-service2" deleted
        deployment.apps "service2" deleted
        service "service2" deleted
        deployment.apps "ubuntu-client" deleted
        [run.sh] Waiting for all pods to be deleted
        [run.sh] Deploying all services
        configmap/config-service0 created
        deployment.apps/service0 created
        service/service0 created
        configmap/config-service1 created
        deployment.apps/service1 created
        service/service1 created
        configmap/config-service2 created
        deployment.apps/service2 created
        service/service2 created
        [run.sh] Client pod not found, deploying client
        deployment.apps/ubuntu-client created
        [run.sh] Waiting for all pods to be running
        [run.sh] All pods are running
        [run.sh] Running warmup test
        [run.sh] /wrk/wrk -t8 -c1024 -d3s -L http://service0:80/endpoint1
        Running 3s test @ http://service0:80/endpoint1
        8 threads and 1024 connections
        Thread Stats   Avg      Stdev     Max   +/- Stdev
        Latency   356.37ms   57.45ms 642.02ms   84.67%
        Req/Sec   344.80     94.26   600.00     69.83%
        Latency Distribution
        50%  360.88ms
        75%  378.77ms
        90%  402.18ms
        99%  534.87ms
        8082 requests in 3.04s, 4.68MB read
        Requests/sec:   2659.66
        Transfer/sec:      1.54MB
        [run.sh] Speed is 2659.66, duration is 22
        [run.sh] Fix the request number.
        [run.sh] Running the actual test
        [run.sh] /wrk/wrk --timeout 20s -t8 -c1024 -d22s -L -s /wrk/fix_req_n.lua http://service0:80/endpoint1
        Running 22s test @ http://service0:80/endpoint1
        8 threads and 1024 connections
        Thread Stats   Avg      Stdev     Max   +/- Stdev
        Latency   365.37ms   41.83ms 655.04ms   87.16%
        Req/Sec   348.55     74.78   828.00     69.49%
        Latency Distribution
        50%  364.50ms
        75%  383.38ms
        90%  405.02ms
        99%  458.60ms
        40000 requests in 22.00s, 23.16MB read
        Requests/sec:   1818.17
        Transfer/sec:      1.05MB
        ------------------------------
        stop time: 14.182201
        stop time: 14.332181
        stop time: 14.402920
        stop time: 14.486402
        stop time: 14.551123
        stop time: 14.571932
        stop time: 14.615370
        stop time: 14.663778
        [run.sh] Checking the resource usage
        NAME                             CPU(cores)   MEMORY(bytes)
        service0-565959b5f9-2gzc9        959m         72Mi
        service1-745ff764dc-9cz6l        1914m        16Mi
        service2-55c99d4dbc-phfw5        977m         10Mi
        ubuntu-client-76886f6bbd-mhl6m   70m          16Mi
        [run.sh] Test finished with status 0
        > STDERR
        > No resources found in default namespace.
    [exp] Times: [14.182201, 14.332181, 14.40292, 14.486402, 14.551123, 14.571932, 14.61537, 14.663778]
    [exp] Throughput: 2763.2441927163527
    [exp] Running (pre_run: False) workload synthetic/chain-d2-http-sync request with the following configuration: {'CLIENT_CPU_QUOTA': '2', 'SLOWPOKE_POKER_BATCH_THRESHOLD': '20000000', 'PROCESSING_TIME_SERVICE0': '0.000201', 'PROCESSING_TIME_SERVICE1': '0.0004767', 'PROCESSING_TIME_SERVICE2': '0.00024726', 'SLOWPOKE_DELAY_MICROS_SERVICE0': '0.0', 'SLOWPOKE_DELAY_MICROS_SERVICE1': '0.0', 'SLOWPOKE_DELAY_MICROS_SERVICE2': '0.0'}
    [exp] Executing cmd `bash run.sh synthetic chain-d2-http-sync 8 1024 40000`:
        [run.sh] Running benchmark synthetic with request chain-d2-http-sync, thread 8, conn 1024, duration 60
        [run.sh] Deleting all services
        configmap "config-service0" deleted
        deployment.apps "service0" deleted
        service "service0" deleted
        configmap "config-service1" deleted
        deployment.apps "service1" deleted
        service "service1" deleted
        configmap "config-service2" deleted
        deployment.apps "service2" deleted
        service "service2" deleted
        deployment.apps "ubuntu-client" deleted
        [run.sh] Waiting for all pods to be deleted
        [run.sh] Deploying all services
        configmap/config-service0 created
        deployment.apps/service0 created
        service/service0 created
        configmap/config-service1 created
        deployment.apps/service1 created
        service/service1 created
        configmap/config-service2 created
        deployment.apps/service2 created
        service/service2 created
        [run.sh] Client pod not found, deploying client
        deployment.apps/ubuntu-client created
        [run.sh] Waiting for all pods to be running
        [run.sh] All pods are running
        [run.sh] Running warmup test
        [run.sh] /wrk/wrk -t8 -c1024 -d3s -L http://service0:80/endpoint1
        Running 3s test @ http://service0:80/endpoint1
        8 threads and 1024 connections
        Thread Stats   Avg      Stdev     Max   +/- Stdev
        Latency   373.74ms   52.16ms 639.08ms   84.00%
        Req/Sec   333.77     76.06   515.00     77.39%
        Latency Distribution
        50%  369.07ms
        75%  397.63ms
        90%  425.87ms
        99%  556.57ms
        7726 requests in 3.03s, 4.47MB read
        Requests/sec:   2547.11
        Transfer/sec:      1.47MB
        [run.sh] Speed is 2547.11, duration is 23
        [run.sh] Fix the request number.
        [run.sh] Running the actual test
        [run.sh] /wrk/wrk --timeout 20s -t8 -c1024 -d23s -L -s /wrk/fix_req_n.lua http://service0:80/endpoint1
        Running 23s test @ http://service0:80/endpoint1
        8 threads and 1024 connections
        Thread Stats   Avg      Stdev     Max   +/- Stdev
        Latency   364.10ms   38.64ms 703.57ms   84.04%
        Req/Sec   349.11     64.86   650.00     70.36%
        Latency Distribution
        50%  361.82ms
        75%  380.28ms
        90%  403.20ms
        99%  462.60ms
        40000 requests in 23.00s, 23.16MB read
        Requests/sec:   1739.12
        Transfer/sec:      1.01MB
        ------------------------------
        stop time: 14.264761
        stop time: 14.303709
        stop time: 14.363919
        stop time: 14.477639
        stop time: 14.495158
        stop time: 14.505009
        stop time: 14.544437
        stop time: 14.554252
        [run.sh] Checking the resource usage
        [run.sh] Test finished with status 0
        > STDERR
        > No resources found in default namespace.
        > error: metrics not available yet
    [exp] Times: [14.264761, 14.303709, 14.363919, 14.477639, 14.495158, 14.505009, 14.544437, 14.554252]
    [exp] Throughput: 2770.349681501554
    [exp] Running (pre_run: False) workload synthetic/chain-d2-http-sync request with the following configuration: {'CLIENT_CPU_QUOTA': '2', 'SLOWPOKE_POKER_BATCH_THRESHOLD': '20000000', 'PROCESSING_TIME_SERVICE0': '0.000268', 'PROCESSING_TIME_SERVICE1': '0.0004767', 'PROCESSING_TIME_SERVICE2': '0.00024726', 'SLOWPOKE_DELAY_MICROS_SERVICE0': '0.0', 'SLOWPOKE_DELAY_MICROS_SERVICE1': '0.0', 'SLOWPOKE_DELAY_MICROS_SERVICE2': '0.0'}
    [exp] Executing cmd `bash run.sh synthetic chain-d2-http-sync 8 1024 40000`:
        [run.sh] Running benchmark synthetic with request chain-d2-http-sync, thread 8, conn 1024, duration 60
        [run.sh] Deleting all services
        configmap "config-service0" deleted
        deployment.apps "service0" deleted
        service "service0" deleted
        configmap "config-service1" deleted
        deployment.apps "service1" deleted
        service "service1" deleted
        configmap "config-service2" deleted
        deployment.apps "service2" deleted
        service "service2" deleted
        deployment.apps "ubuntu-client" deleted
        [run.sh] Waiting for all pods to be deleted
        [run.sh] Deploying all services
        configmap/config-service0 created
        deployment.apps/service0 created
        service/service0 created
        configmap/config-service1 created
        deployment.apps/service1 created
        service/service1 created
        configmap/config-service2 created
        deployment.apps/service2 created
        service/service2 created
        [run.sh] Client pod not found, deploying client
        deployment.apps/ubuntu-client created
        [run.sh] Waiting for all pods to be running
        [run.sh] All pods are running
        [run.sh] Running warmup test
        [run.sh] /wrk/wrk -t8 -c1024 -d3s -L http://service0:80/endpoint1
        Running 3s test @ http://service0:80/endpoint1
        8 threads and 1024 connections
        Thread Stats   Avg      Stdev     Max   +/- Stdev
        Latency   381.61ms   55.47ms 632.03ms   78.93%
        Req/Sec   326.46     95.08   600.00     79.65%
        Latency Distribution
        50%  369.46ms
        75%  403.17ms
        90%  455.51ms
        99%  566.05ms
        7543 requests in 3.03s, 4.37MB read
        Requests/sec:   2487.90
        Transfer/sec:      1.44MB
        [run.sh] Speed is 2487.90, duration is 24
        [run.sh] Fix the request number.
        [run.sh] Running the actual test
        [run.sh] /wrk/wrk --timeout 20s -t8 -c1024 -d24s -L -s /wrk/fix_req_n.lua http://service0:80/endpoint1
        Running 24s test @ http://service0:80/endpoint1
        8 threads and 1024 connections
        Thread Stats   Avg      Stdev     Max   +/- Stdev
        Latency   368.97ms   40.31ms 714.44ms   81.76%
        Req/Sec   345.67     63.80   680.00     74.13%
        Latency Distribution
        50%  365.64ms
        75%  385.36ms
        90%  410.94ms
        99%  484.58ms
        40001 requests in 24.00s, 23.16MB read
        Requests/sec:   1666.70
        Transfer/sec:      0.96MB
        ------------------------------
        stop time: 14.446846
        stop time: 14.543518
        stop time: 14.573851
        stop time: 14.667767
        stop time: 14.674262
        stop time: 14.694934
        stop time: 14.719827
        stop time: 14.715465
        [run.sh] Checking the resource usage
        NAME                             CPU(cores)   MEMORY(bytes)
        service0-565959b5f9-w2ld8        1430m        75Mi
        service1-745ff764dc-vgm4v        1306m        16Mi
        service2-55c99d4dbc-n2d5f        1068m        9Mi
        ubuntu-client-76886f6bbd-dk8r7   88m          16Mi
        [run.sh] Test finished with status 0
        > STDERR
        > No resources found in default namespace.
    [exp] Times: [14.446846, 14.543518, 14.573851, 14.667767, 14.674262, 14.694934, 14.719827, 14.715465]
    [exp] Throughput: 2734.1904621696126
    [exp] Running (pre_run: False) workload synthetic/chain-d2-http-sync request with the following configuration: {'CLIENT_CPU_QUOTA': '2', 'SLOWPOKE_POKER_BATCH_THRESHOLD': '20000000', 'PROCESSING_TIME_SERVICE0': '0.000335', 'PROCESSING_TIME_SERVICE1': '0.0004767', 'PROCESSING_TIME_SERVICE2': '0.00024726', 'SLOWPOKE_DELAY_MICROS_SERVICE0': '0.0', 'SLOWPOKE_DELAY_MICROS_SERVICE1': '0.0', 'SLOWPOKE_DELAY_MICROS_SERVICE2': '0.0'}
    [exp] Executing cmd `bash run.sh synthetic chain-d2-http-sync 8 1024 40000`:
        [run.sh] Running benchmark synthetic with request chain-d2-http-sync, thread 8, conn 1024, duration 60
        [run.sh] Deleting all services
        configmap "config-service0" deleted
        deployment.apps "service0" deleted
        service "service0" deleted
        configmap "config-service1" deleted
        deployment.apps "service1" deleted
        service "service1" deleted
        configmap "config-service2" deleted
        deployment.apps "service2" deleted
        service "service2" deleted
        deployment.apps "ubuntu-client" deleted
        [run.sh] Waiting for all pods to be deleted
        [run.sh] Deploying all services
        configmap/config-service0 created
        deployment.apps/service0 created
        service/service0 created
        configmap/config-service1 created
        deployment.apps/service1 created
        service/service1 created
        configmap/config-service2 created
        deployment.apps/service2 created
        service/service2 created
        [run.sh] Client pod not found, deploying client
        deployment.apps/ubuntu-client created
        [run.sh] Waiting for all pods to be running
        [run.sh] All pods are running
        [run.sh] Running warmup test
        [run.sh] /wrk/wrk -t8 -c1024 -d3s -L http://service0:80/endpoint1
        Running 3s test @ http://service0:80/endpoint1
        8 threads and 1024 connections
        Thread Stats   Avg      Stdev     Max   +/- Stdev
        Latency   381.90ms   62.40ms 753.98ms   86.43%
        Req/Sec   336.53     97.42   540.00     76.34%
        Latency Distribution
        50%  365.50ms
        75%  397.99ms
        90%  442.77ms
        99%  629.59ms
        7546 requests in 3.03s, 4.37MB read
        Requests/sec:   2494.02
        Transfer/sec:      1.44MB
        [run.sh] Speed is 2494.02, duration is 24
        [run.sh] Fix the request number.
        [run.sh] Running the actual test
        [run.sh] /wrk/wrk --timeout 20s -t8 -c1024 -d24s -L -s /wrk/fix_req_n.lua http://service0:80/endpoint1
        Running 24s test @ http://service0:80/endpoint1
        8 threads and 1024 connections
        Thread Stats   Avg      Stdev     Max   +/- Stdev
        Latency   362.64ms   50.56ms 829.92ms   90.35%
        Req/Sec   351.46     78.42   767.00     72.31%
        Latency Distribution
        50%  359.07ms
        75%  378.37ms
        90%  402.88ms
        99%  553.66ms
        40000 requests in 24.00s, 23.16MB read
        Requests/sec:   1666.66
        Transfer/sec:      0.96MB
        ------------------------------
        stop time: 14.040501
        stop time: 14.099923
        stop time: 14.223711
        stop time: 14.486257
        stop time: 14.497512
        stop time: 14.459416
        stop time: 14.517622
        stop time: 14.553178
        [run.sh] Checking the resource usage
        NAME                        CPU(cores)   MEMORY(bytes)
        service1-745ff764dc-h62hn   458m         14Mi
        [run.sh] Test finished with status 0
        > STDERR
        > No resources found in default namespace.
    [exp] Times: [14.040501, 14.099923, 14.223711, 14.486257, 14.497512, 14.459416, 14.517622, 14.553178]
    [exp] Throughput: 2785.5609057669117
    [exp] Running (pre_run: False) workload synthetic/chain-d2-http-sync request with the following configuration: {'CLIENT_CPU_QUOTA': '2', 'SLOWPOKE_POKER_BATCH_THRESHOLD': '20000000', 'PROCESSING_TIME_SERVICE0': '0.000402', 'PROCESSING_TIME_SERVICE1': '0.0004767', 'PROCESSING_TIME_SERVICE2': '0.00024726', 'SLOWPOKE_DELAY_MICROS_SERVICE0': '0.0', 'SLOWPOKE_DELAY_MICROS_SERVICE1': '0.0', 'SLOWPOKE_DELAY_MICROS_SERVICE2': '0.0'}
    [exp] Executing cmd `bash run.sh synthetic chain-d2-http-sync 8 1024 40000`:
        [run.sh] Running benchmark synthetic with request chain-d2-http-sync, thread 8, conn 1024, duration 60
        [run.sh] Deleting all services
        configmap "config-service0" deleted
        deployment.apps "service0" deleted
        service "service0" deleted
        configmap "config-service1" deleted
        deployment.apps "service1" deleted
        service "service1" deleted
        configmap "config-service2" deleted
        deployment.apps "service2" deleted
        service "service2" deleted
        deployment.apps "ubuntu-client" deleted
        [run.sh] Waiting for all pods to be deleted
        [run.sh] Deploying all services
        configmap/config-service0 created
        deployment.apps/service0 created
        service/service0 created
        configmap/config-service1 created
        deployment.apps/service1 created
        service/service1 created
        configmap/config-service2 created
        deployment.apps/service2 created
        service/service2 created
        [run.sh] Client pod not found, deploying client
        deployment.apps/ubuntu-client created
        [run.sh] Waiting for all pods to be running
        [run.sh] All pods are running
        [run.sh] Running warmup test
        [run.sh] /wrk/wrk -t8 -c1024 -d3s -L http://service0:80/endpoint1
        Running 3s test @ http://service0:80/endpoint1
        8 threads and 1024 connections
        Thread Stats   Avg      Stdev     Max   +/- Stdev
        Latency   384.50ms   72.96ms 890.45ms   90.27%
        Req/Sec   332.26     81.23   530.00     78.57%
        Latency Distribution
        50%  367.28ms
        75%  392.65ms
        90%  436.96ms
        99%  708.05ms
        7488 requests in 3.04s, 4.33MB read
        Requests/sec:   2465.34
        Transfer/sec:      1.43MB
        [run.sh] Speed is 2465.34, duration is 24
        [run.sh] Fix the request number.
        [run.sh] Running the actual test
        [run.sh] /wrk/wrk --timeout 20s -t8 -c1024 -d24s -L -s /wrk/fix_req_n.lua http://service0:80/endpoint1
        Running 24s test @ http://service0:80/endpoint1
        8 threads and 1024 connections
        Thread Stats   Avg      Stdev     Max   +/- Stdev
        Latency   373.70ms   47.96ms 963.67ms   88.66%
        Req/Sec   340.36     69.54   510.00     73.21%
        Latency Distribution
        50%  367.90ms
        75%  388.70ms
        90%  416.39ms
        99%  526.67ms
        40000 requests in 24.00s, 23.16MB read
        Requests/sec:   1666.66
        Transfer/sec:      0.96MB
        ------------------------------
        stop time: 14.605084
        stop time: 14.693819
        stop time: 14.697681
        stop time: 14.745361
        stop time: 14.850134
        stop time: 14.893285
        stop time: 14.924436
        stop time: 14.997188
        [run.sh] Checking the resource usage
        NAME                             CPU(cores)   MEMORY(bytes)
        service0-565959b5f9-vm8v7        1494m        76Mi
        service1-745ff764dc-2j7qs        774m         16Mi
        service2-55c99d4dbc-nrpf2        1063m        9Mi
        ubuntu-client-76886f6bbd-2dzmq   88m          17Mi
        [run.sh] Test finished with status 0
        > STDERR
        > No resources found in default namespace.
    [exp] Times: [14.605084, 14.693819, 14.697681, 14.745361, 14.850134, 14.893285, 14.924436, 14.997188]
    [exp] Throughput: 2702.543197872747
    [exp] Running (pre_run: False) workload synthetic/chain-d2-http-sync request with the following configuration: {'CLIENT_CPU_QUOTA': '2', 'SLOWPOKE_POKER_BATCH_THRESHOLD': '20000000', 'PROCESSING_TIME_SERVICE0': '0.000469', 'PROCESSING_TIME_SERVICE1': '0.0004767', 'PROCESSING_TIME_SERVICE2': '0.00024726', 'SLOWPOKE_DELAY_MICROS_SERVICE0': '0.0', 'SLOWPOKE_DELAY_MICROS_SERVICE1': '0.0', 'SLOWPOKE_DELAY_MICROS_SERVICE2': '0.0'}
    [exp] Executing cmd `bash run.sh synthetic chain-d2-http-sync 8 1024 40000`:
        [run.sh] Running benchmark synthetic with request chain-d2-http-sync, thread 8, conn 1024, duration 60
        [run.sh] Deleting all services
        configmap "config-service0" deleted
        deployment.apps "service0" deleted
        service "service0" deleted
        configmap "config-service1" deleted
        deployment.apps "service1" deleted
        service "service1" deleted
        configmap "config-service2" deleted
        deployment.apps "service2" deleted
        service "service2" deleted
        deployment.apps "ubuntu-client" deleted
        [run.sh] Waiting for all pods to be deleted
        [run.sh] Deploying all services
        configmap/config-service0 created
        deployment.apps/service0 created
        service/service0 created
        configmap/config-service1 created
        deployment.apps/service1 created
        service/service1 created
        configmap/config-service2 created
        deployment.apps/service2 created
        service/service2 created
        [run.sh] Client pod not found, deploying client
        deployment.apps/ubuntu-client created
        [run.sh] Waiting for all pods to be running
        [run.sh] All pods are running
        [run.sh] Running warmup test
        [run.sh] /wrk/wrk -t8 -c1024 -d3s -L http://service0:80/endpoint1
        Running 3s test @ http://service0:80/endpoint1
        8 threads and 1024 connections
        Thread Stats   Avg      Stdev     Max   +/- Stdev
        Latency   410.06ms   78.33ms 835.46ms   89.93%
        Req/Sec   321.12     75.10   454.00     77.78%
        Latency Distribution
        50%  385.86ms
        75%  419.47ms
        90%  482.97ms
        99%  731.59ms
        7028 requests in 3.04s, 4.07MB read
        Requests/sec:   2314.00
        Transfer/sec:      1.34MB
        [run.sh] Speed is 2314.00, duration is 25
        [run.sh] Fix the request number.
        [run.sh] Running the actual test
        [run.sh] /wrk/wrk --timeout 20s -t8 -c1024 -d25s -L -s /wrk/fix_req_n.lua http://service0:80/endpoint1
        Running 25s test @ http://service0:80/endpoint1
        8 threads and 1024 connections
        Thread Stats   Avg      Stdev     Max   +/- Stdev
        Latency   379.28ms   42.59ms 857.56ms   82.96%
        Req/Sec   338.17     77.41   670.00     72.90%
        Latency Distribution
        50%  372.90ms
        75%  395.12ms
        90%  422.43ms
        99%  523.16ms
        40001 requests in 25.00s, 23.16MB read
        Requests/sec:   1600.03
        Transfer/sec:      0.93MB
        ------------------------------
        stop time: 14.917608
        stop time: 15.027081
        stop time: 15.013390
        stop time: 15.027675
        stop time: 15.013116
        stop time: 15.069680
        stop time: 15.050835
        stop time: 15.048920
        [run.sh] Checking the resource usage
        NAME                        CPU(cores)   MEMORY(bytes)
        service1-745ff764dc-8vdhd   566m         15Mi
        [run.sh] Test finished with status 0
        > STDERR
        > No resources found in default namespace.
    [exp] Times: [14.917608, 15.027081, 15.01339, 15.027675, 15.013116, 15.06968, 15.050835, 15.04892]
    [exp] Throughput: 2662.9317938702725
    [exp] Running (pre_run: False) workload synthetic/chain-d2-http-sync request with the following configuration: {'CLIENT_CPU_QUOTA': '2', 'SLOWPOKE_POKER_BATCH_THRESHOLD': '20000000', 'PROCESSING_TIME_SERVICE0': '0.000536', 'PROCESSING_TIME_SERVICE1': '0.0004767', 'PROCESSING_TIME_SERVICE2': '0.00024726', 'SLOWPOKE_DELAY_MICROS_SERVICE0': '0.0', 'SLOWPOKE_DELAY_MICROS_SERVICE1': '0.0', 'SLOWPOKE_DELAY_MICROS_SERVICE2': '0.0'}
    [exp] Executing cmd `bash run.sh synthetic chain-d2-http-sync 8 1024 40000`:
        [run.sh] Running benchmark synthetic with request chain-d2-http-sync, thread 8, conn 1024, duration 60
        [run.sh] Deleting all services
        configmap "config-service0" deleted
        deployment.apps "service0" deleted
        service "service0" deleted
        configmap "config-service1" deleted
        deployment.apps "service1" deleted
        service "service1" deleted
        configmap "config-service2" deleted
        deployment.apps "service2" deleted
        service "service2" deleted
        deployment.apps "ubuntu-client" deleted
        [run.sh] Waiting for all pods to be deleted
        [run.sh] Deploying all services
        configmap/config-service0 created
        deployment.apps/service0 created
        service/service0 created
        configmap/config-service1 created
        deployment.apps/service1 created
        service/service1 created
        configmap/config-service2 created
        deployment.apps/service2 created
        service/service2 created
        [run.sh] Client pod not found, deploying client
        deployment.apps/ubuntu-client created
        [run.sh] Waiting for all pods to be running
        [run.sh] All pods are running
        [run.sh] Running warmup test
        [run.sh] /wrk/wrk -t8 -c1024 -d3s -L http://service0:80/endpoint1
        Running 3s test @ http://service0:80/endpoint1
        8 threads and 1024 connections
        Thread Stats   Avg      Stdev     Max   +/- Stdev
        Latency   426.21ms  116.78ms   1.16s    91.65%
        Req/Sec   303.31     94.08   620.00     73.99%
        Latency Distribution
        50%  392.88ms
        75%  434.22ms
        90%  495.99ms
        99%  993.24ms
        6769 requests in 3.03s, 3.92MB read
        Requests/sec:   2230.86
        Transfer/sec:      1.29MB
        [run.sh] Speed is 2230.86, duration is 26
        [run.sh] Fix the request number.
        [run.sh] Running the actual test
        [run.sh] /wrk/wrk --timeout 20s -t8 -c1024 -d26s -L -s /wrk/fix_req_n.lua http://service0:80/endpoint1
        Running 26s test @ http://service0:80/endpoint1
        8 threads and 1024 connections
        Thread Stats   Avg      Stdev     Max   +/- Stdev
        Latency   390.54ms   43.27ms 820.78ms   81.54%
        Req/Sec   327.82     84.09   690.00     73.93%
        Latency Distribution
        50%  383.34ms
        75%  408.86ms
        90%  435.89ms
        99%  552.80ms
        40000 requests in 26.00s, 23.16MB read
        Requests/sec:   1538.45
        Transfer/sec:      0.89MB
        ------------------------------
        stop time: 15.365327
        stop time: 15.426632
        stop time: 15.418159
        stop time: 15.507454
        stop time: 15.481950
        stop time: 15.448098
        stop time: 15.530843
        stop time: 15.610706
        [run.sh] Checking the resource usage
        NAME                             CPU(cores)   MEMORY(bytes)
        service0-565959b5f9-r72fz        1194m        76Mi
        service1-745ff764dc-929kz        1827m        16Mi
        service2-55c99d4dbc-7kc4c        931m         9Mi
        ubuntu-client-76886f6bbd-l55n7   82m          16Mi
        [run.sh] Test finished with status 0
        > STDERR
        > No resources found in default namespace.
    [exp] Times: [15.365327, 15.426632, 15.418159, 15.507454, 15.48195, 15.448098, 15.530843, 15.610706]
    [exp] Throughput: 2585.0403761899397
    [exp] Running (pre_run: False) workload synthetic/chain-d2-http-sync request with the following configuration: {'CLIENT_CPU_QUOTA': '2', 'SLOWPOKE_POKER_BATCH_THRESHOLD': '20000000', 'PROCESSING_TIME_SERVICE0': '0.000603', 'PROCESSING_TIME_SERVICE1': '0.0004767', 'PROCESSING_TIME_SERVICE2': '0.00024726', 'SLOWPOKE_DELAY_MICROS_SERVICE0': '0.0', 'SLOWPOKE_DELAY_MICROS_SERVICE1': '0.0', 'SLOWPOKE_DELAY_MICROS_SERVICE2': '0.0'}
    [exp] Executing cmd `bash run.sh synthetic chain-d2-http-sync 8 1024 40000`:
        [run.sh] Running benchmark synthetic with request chain-d2-http-sync, thread 8, conn 1024, duration 60
        [run.sh] Deleting all services
        configmap "config-service0" deleted
        deployment.apps "service0" deleted
        service "service0" deleted
        configmap "config-service1" deleted
        deployment.apps "service1" deleted
        service "service1" deleted
        configmap "config-service2" deleted
        deployment.apps "service2" deleted
        service "service2" deleted
        deployment.apps "ubuntu-client" deleted
        [run.sh] Waiting for all pods to be deleted
        [run.sh] Deploying all services
        configmap/config-service0 created
        deployment.apps/service0 created
        service/service0 created
        configmap/config-service1 created
        deployment.apps/service1 created
        service/service1 created
        configmap/config-service2 created
        deployment.apps/service2 created
        service/service2 created
        [run.sh] Client pod not found, deploying client
        deployment.apps/ubuntu-client created
        [run.sh] Waiting for all pods to be running
        [run.sh] All pods are running
        [run.sh] Running warmup test
        [run.sh] /wrk/wrk -t8 -c1024 -d3s -L http://service0:80/endpoint1
        Running 3s test @ http://service0:80/endpoint1
        8 threads and 1024 connections
        Thread Stats   Avg      Stdev     Max   +/- Stdev
        Latency   469.25ms  114.34ms 911.94ms   87.18%
        Req/Sec   293.12    100.78   510.00     73.30%
        Latency Distribution
        50%  427.58ms
        75%  456.98ms
        90%  647.92ms
        99%  876.72ms
        6093 requests in 3.04s, 3.53MB read
        Requests/sec:   2001.65
        Transfer/sec:      1.16MB
        [run.sh] Speed is 2001.65, duration is 29
        [run.sh] Fix the request number.
        [run.sh] Running the actual test
        [run.sh] /wrk/wrk --timeout 20s -t8 -c1024 -d29s -L -s /wrk/fix_req_n.lua http://service0:80/endpoint1
        Running 29s test @ http://service0:80/endpoint1
        8 threads and 1024 connections
        Thread Stats   Avg      Stdev     Max   +/- Stdev
        Latency   422.57ms   53.87ms   1.05s    91.94%
        Req/Sec   303.87     73.91   585.00     73.23%
        Latency Distribution
        50%  414.26ms
        75%  435.83ms
        90%  460.44ms
        99%  657.25ms
        40000 requests in 29.00s, 23.16MB read
        Requests/sec:   1379.30
        Transfer/sec:    817.61KB
        ------------------------------
        stop time: 16.606311
        stop time: 16.666709
        stop time: 16.723227
        stop time: 16.756740
        stop time: 16.765498
        stop time: 16.737696
        stop time: 16.798148
        stop time: 16.791419
        [run.sh] Checking the resource usage
        NAME                        CPU(cores)   MEMORY(bytes)
        service0-565959b5f9-x6d8k   594m         74Mi
        [run.sh] Test finished with status 0
        > STDERR
        > No resources found in default namespace.
    [exp] Times: [16.606311, 16.666709, 16.723227, 16.75674, 16.765498, 16.737696, 16.798148, 16.791419]
    [exp] Throughput: 2390.8118470823597
[test.py] Running slowdown experiment
    [exp] Running (pre_run: False) workload synthetic/chain-d2-http-sync request with the following configuration: {'CLIENT_CPU_QUOTA': '2', 'SLOWPOKE_POKER_BATCH_THRESHOLD': '20000000', 'PROCESSING_TIME_SERVICE0': '0.0006766', 'PROCESSING_TIME_SERVICE1': '0.0004767', 'PROCESSING_TIME_SERVICE2': '0.00024726', 'SLOWPOKE_DELAY_MICROS_SERVICE0': '0.0', 'SLOWPOKE_DELAY_MICROS_SERVICE1': '338.0', 'SLOWPOKE_DELAY_MICROS_SERVICE2': '338.0'}
    [exp] Executing cmd `bash run.sh synthetic chain-d2-http-sync 8 1024 40000`:
        [run.sh] Running benchmark synthetic with request chain-d2-http-sync, thread 8, conn 1024, duration 60
        [run.sh] Deleting all services
        configmap "config-service0" deleted
        deployment.apps "service0" deleted
        service "service0" deleted
        configmap "config-service1" deleted
        deployment.apps "service1" deleted
        service "service1" deleted
        configmap "config-service2" deleted
        deployment.apps "service2" deleted
        service "service2" deleted
        deployment.apps "ubuntu-client" deleted
        [run.sh] Waiting for all pods to be deleted
        [run.sh] Deploying all services
        configmap/config-service0 created
        deployment.apps/service0 created
        service/service0 created
        configmap/config-service1 created
        deployment.apps/service1 created
        service/service1 created
        configmap/config-service2 created
        deployment.apps/service2 created
        service/service2 created
        [run.sh] Client pod not found, deploying client
        deployment.apps/ubuntu-client created
        [run.sh] Waiting for all pods to be running
        [run.sh] All pods are running
        [run.sh] Running warmup test
        [run.sh] /wrk/wrk -t8 -c1024 -d3s -L http://service0:80/endpoint1
        Running 3s test @ http://service0:80/endpoint1
        8 threads and 1024 connections
        Thread Stats   Avg      Stdev     Max   +/- Stdev
        Latency   706.56ms  115.46ms   1.17s    81.59%
        Req/Sec   181.50     70.33   353.00     70.19%
        Latency Distribution
        50%  683.18ms
        75%  722.50ms
        90%  853.55ms
        99%    1.12s
        3851 requests in 3.05s, 2.23MB read
        Requests/sec:   1264.52
        Transfer/sec:    749.57KB
        [run.sh] Speed is 1264.52, duration is 47
        [run.sh] Fix the request number.
        [run.sh] Running the actual test
        [run.sh] /wrk/wrk --timeout 20s -t8 -c1024 -d47s -L -s /wrk/fix_req_n.lua http://service0:80/endpoint1
        [run.sh] Checking the resource usage
        NAME                             CPU(cores)   MEMORY(bytes)
        service0-565959b5f9-q762s        1337m        81Mi
        service1-5d9f687985-vw8hs        1039m        16Mi
        service2-7c4d6d8f6f-ct79b        527m         11Mi
        ubuntu-client-76886f6bbd-ccm9c   51m          18Mi
        Running 47s test @ http://service0:80/endpoint1
        8 threads and 1024 connections
        Thread Stats   Avg      Stdev     Max   +/- Stdev
        Latency   691.28ms   54.46ms   1.20s    84.75%
        Req/Sec   184.79     62.14   530.00     67.56%
        Latency Distribution
        50%  687.27ms
        75%  714.74ms
        90%  742.67ms
        99%  836.62ms
        40000 requests in 47.00s, 23.16MB read
        Requests/sec:    851.06
        Transfer/sec:    504.49KB
        ------------------------------
        stop time: 27.082922
        stop time: 27.224428
        stop time: 27.259426
        stop time: 27.414573
        stop time: 27.410776
        stop time: 27.492253
        stop time: 27.551871
        stop time: 27.599497
        [run.sh] Test finished with status 0
        > STDERR
        > No resources found in default namespace.
    [exp] Times: [27.082922, 27.224428, 27.259426, 27.414573, 27.410776, 27.492253, 27.551871, 27.599497]
    [exp] Throughput: 1460.9487530861743
    [exp] Running (pre_run: False) workload synthetic/chain-d2-http-sync request with the following configuration: {'CLIENT_CPU_QUOTA': '2', 'SLOWPOKE_POKER_BATCH_THRESHOLD': '20000000', 'PROCESSING_TIME_SERVICE0': '0.0006766', 'PROCESSING_TIME_SERVICE1': '0.0004767', 'PROCESSING_TIME_SERVICE2': '0.00024726', 'SLOWPOKE_DELAY_MICROS_SERVICE0': '0.0', 'SLOWPOKE_DELAY_MICROS_SERVICE1': '304.5', 'SLOWPOKE_DELAY_MICROS_SERVICE2': '304.5'}
    [exp] Executing cmd `bash run.sh synthetic chain-d2-http-sync 8 1024 40000`:
        [run.sh] Running benchmark synthetic with request chain-d2-http-sync, thread 8, conn 1024, duration 60
        [run.sh] Deleting all services
        configmap "config-service0" deleted
        deployment.apps "service0" deleted
        service "service0" deleted
        configmap "config-service1" deleted
        deployment.apps "service1" deleted
        service "service1" deleted
        configmap "config-service2" deleted
        deployment.apps "service2" deleted
        service "service2" deleted
        deployment.apps "ubuntu-client" deleted
        [run.sh] Waiting for all pods to be deleted
        [run.sh] Deploying all services
        configmap/config-service0 created
        deployment.apps/service0 created
        service/service0 created
        configmap/config-service1 created
        deployment.apps/service1 created
        service/service1 created
        configmap/config-service2 created
        deployment.apps/service2 created
        service/service2 created
        [run.sh] Client pod not found, deploying client
        deployment.apps/ubuntu-client created
        [run.sh] Waiting for all pods to be running
        [run.sh] All pods are running
        [run.sh] Running warmup test
        [run.sh] /wrk/wrk -t8 -c1024 -d3s -L http://service0:80/endpoint1
        Running 3s test @ http://service0:80/endpoint1
        8 threads and 1024 connections
        Thread Stats   Avg      Stdev     Max   +/- Stdev
        Latency   706.10ms  128.68ms   1.18s    83.62%
        Req/Sec   187.86     76.24   390.00     66.17%
        Latency Distribution
        50%  665.39ms
        75%  706.43ms
        90%  899.49ms
        99%    1.13s
        3859 requests in 3.03s, 2.23MB read
        Requests/sec:   1272.39
        Transfer/sec:    754.24KB
        [run.sh] Speed is 1272.39, duration is 47
        [run.sh] Fix the request number.
        [run.sh] Running the actual test
        [run.sh] /wrk/wrk --timeout 20s -t8 -c1024 -d47s -L -s /wrk/fix_req_n.lua http://service0:80/endpoint1
        [run.sh] Checking the resource usage
        Running 47s test @ http://service0:80/endpoint1
        8 threads and 1024 connections
        Thread Stats   Avg      Stdev     Max   +/- Stdev
        Latency   656.16ms   74.48ms   1.49s    92.96%
        Req/Sec   194.70     61.48   570.00     69.23%
        Latency Distribution
        50%  653.78ms
        75%  678.98ms
        90%  705.96ms
        99%  803.49ms
        40000 requests in 47.00s, 23.16MB read
        Requests/sec:    851.06
        Transfer/sec:    504.49KB
        ------------------------------
        stop time: 25.437289
        stop time: 25.582895
        stop time: 25.786447
        stop time: 26.054613
        stop time: 26.017673
        stop time: 26.160448
        stop time: 26.323669
        stop time: 26.386771
        [run.sh] Test finished with status 0
        > STDERR
        > No resources found in default namespace.
        > error: metrics not available yet
    [exp] Times: [25.437289, 25.582895, 25.786447, 26.054613, 26.017673, 26.160448, 26.323669, 26.386771]
    [exp] Throughput: 1540.3143218353441
    [exp] Running (pre_run: False) workload synthetic/chain-d2-http-sync request with the following configuration: {'CLIENT_CPU_QUOTA': '2', 'SLOWPOKE_POKER_BATCH_THRESHOLD': '20000000', 'PROCESSING_TIME_SERVICE0': '0.0006766', 'PROCESSING_TIME_SERVICE1': '0.0004767', 'PROCESSING_TIME_SERVICE2': '0.00024726', 'SLOWPOKE_DELAY_MICROS_SERVICE0': '0.0', 'SLOWPOKE_DELAY_MICROS_SERVICE1': '271.0', 'SLOWPOKE_DELAY_MICROS_SERVICE2': '271.0'}
    [exp] Executing cmd `bash run.sh synthetic chain-d2-http-sync 8 1024 40000`:
        [run.sh] Running benchmark synthetic with request chain-d2-http-sync, thread 8, conn 1024, duration 60
        [run.sh] Deleting all services
        configmap "config-service0" deleted
        deployment.apps "service0" deleted
        service "service0" deleted
        configmap "config-service1" deleted
        deployment.apps "service1" deleted
        service "service1" deleted
        configmap "config-service2" deleted
        deployment.apps "service2" deleted
        service "service2" deleted
        deployment.apps "ubuntu-client" deleted
        [run.sh] Waiting for all pods to be deleted
        [run.sh] Deploying all services
        configmap/config-service0 created
        deployment.apps/service0 created
        service/service0 created
        configmap/config-service1 created
        deployment.apps/service1 created
        service/service1 created
        configmap/config-service2 created
        deployment.apps/service2 created
        service/service2 created
        [run.sh] Client pod not found, deploying client
        deployment.apps/ubuntu-client created
        [run.sh] Waiting for all pods to be running
        [run.sh] All pods are running
        [run.sh] Running warmup test
        [run.sh] /wrk/wrk -t8 -c1024 -d3s -L http://service0:80/endpoint1
        Running 3s test @ http://service0:80/endpoint1
        8 threads and 1024 connections
        Thread Stats   Avg      Stdev     Max   +/- Stdev
        Latency   624.32ms  100.81ms   1.17s    85.46%
        Req/Sec   188.73     86.08   420.00     66.96%
        Latency Distribution
        50%  616.95ms
        75%  649.34ms
        90%  701.16ms
        99%    1.05s
        4238 requests in 3.04s, 2.45MB read
        Requests/sec:   1394.50
        Transfer/sec:    826.62KB
        [run.sh] Speed is 1394.50, duration is 43
        [run.sh] Fix the request number.
        [run.sh] Running the actual test
        [run.sh] /wrk/wrk --timeout 20s -t8 -c1024 -d43s -L -s /wrk/fix_req_n.lua http://service0:80/endpoint1
        [run.sh] Checking the resource usage
        NAME                             CPU(cores)   MEMORY(bytes)
        service0-565959b5f9-w44dm        272m         80Mi
        service1-659c58d757-98zvz        376m         15Mi
        service2-cf4b848cc-tkgk2         106m         10Mi
        ubuntu-client-76886f6bbd-hgs4x   26m          17Mi
        Running 43s test @ http://service0:80/endpoint1
        8 threads and 1024 connections
        Thread Stats   Avg      Stdev     Max   +/- Stdev
        Latency   629.99ms   57.62ms   1.16s    89.08%
        Req/Sec   202.76     65.01   484.00     72.48%
        Latency Distribution
        50%  625.85ms
        75%  651.17ms
        90%  678.58ms
        99%  818.73ms
        40001 requests in 43.00s, 23.16MB read
        Requests/sec:    930.25
        Transfer/sec:    551.43KB
        ------------------------------
        stop time: 24.578000
        stop time: 24.801840
        stop time: 24.882049
        stop time: 24.973677
        stop time: 24.980067
        stop time: 25.102635
        stop time: 25.135255
        stop time: 25.241297
        [run.sh] Test finished with status 0
        > STDERR
        > No resources found in default namespace.
    [exp] Times: [24.578, 24.80184, 24.882049, 24.973677, 24.980067, 25.102635, 25.135255, 25.241297]
    [exp] Throughput: 1602.445171086561
    [exp] Running (pre_run: False) workload synthetic/chain-d2-http-sync request with the following configuration: {'CLIENT_CPU_QUOTA': '2', 'SLOWPOKE_POKER_BATCH_THRESHOLD': '20000000', 'PROCESSING_TIME_SERVICE0': '0.0006766', 'PROCESSING_TIME_SERVICE1': '0.0004767', 'PROCESSING_TIME_SERVICE2': '0.00024726', 'SLOWPOKE_DELAY_MICROS_SERVICE0': '0.0', 'SLOWPOKE_DELAY_MICROS_SERVICE1': '237.5', 'SLOWPOKE_DELAY_MICROS_SERVICE2': '237.5'}
    [exp] Executing cmd `bash run.sh synthetic chain-d2-http-sync 8 1024 40000`:
        [run.sh] Running benchmark synthetic with request chain-d2-http-sync, thread 8, conn 1024, duration 60
        [run.sh] Deleting all services
        configmap "config-service0" deleted
        deployment.apps "service0" deleted
        service "service0" deleted
        configmap "config-service1" deleted
        deployment.apps "service1" deleted
        service "service1" deleted
        configmap "config-service2" deleted
        deployment.apps "service2" deleted
        service "service2" deleted
        deployment.apps "ubuntu-client" deleted
        [run.sh] Waiting for all pods to be deleted
        [run.sh] Deploying all services
        configmap/config-service0 created
        deployment.apps/service0 created
        service/service0 created
        configmap/config-service1 created
        deployment.apps/service1 created
        service/service1 created
        configmap/config-service2 created
        deployment.apps/service2 created
        service/service2 created
        [run.sh] Client pod not found, deploying client
        deployment.apps/ubuntu-client created
        [run.sh] Waiting for all pods to be running
        [run.sh] All pods are running
        [run.sh] Running warmup test
        [run.sh] /wrk/wrk -t8 -c1024 -d3s -L http://service0:80/endpoint1
        Running 3s test @ http://service0:80/endpoint1
        8 threads and 1024 connections
        Thread Stats   Avg      Stdev     Max   +/- Stdev
        Latency   623.49ms  112.21ms   1.15s    84.62%
        Req/Sec   194.20     77.61   414.00     69.55%
        Latency Distribution
        50%  606.36ms
        75%  642.79ms
        90%  736.60ms
        99%    1.01s
        4316 requests in 3.03s, 2.50MB read
        Requests/sec:   1424.02
        Transfer/sec:    844.12KB
        [run.sh] Speed is 1424.02, duration is 42
        [run.sh] Fix the request number.
        [run.sh] Running the actual test
        [run.sh] /wrk/wrk --timeout 20s -t8 -c1024 -d42s -L -s /wrk/fix_req_n.lua http://service0:80/endpoint1
        [run.sh] Checking the resource usage
        NAME                             CPU(cores)   MEMORY(bytes)
        service0-565959b5f9-wk7x8        1390m        78Mi
        service1-85799f4c6d-hq9dq        1185m        16Mi
        service2-77cb47fb-khzvw          616m         10Mi
        ubuntu-client-76886f6bbd-7zp9h   57m          17Mi
        Running 42s test @ http://service0:80/endpoint1
        8 threads and 1024 connections
        Thread Stats   Avg      Stdev     Max   +/- Stdev
        Latency   602.81ms   51.92ms   1.22s    86.86%
        Req/Sec   211.79     57.42   404.00     67.87%
        Latency Distribution
        50%  600.01ms
        75%  624.55ms
        90%  647.67ms
        99%  733.89ms
        40000 requests in 42.00s, 23.16MB read
        Requests/sec:    952.38
        Transfer/sec:    564.54KB
        ------------------------------
        stop time: 23.684141
        stop time: 23.651450
        stop time: 23.741961
        stop time: 23.863600
        stop time: 23.939209
        stop time: 24.094089
        stop time: 24.167194
        stop time: 24.228830
        [run.sh] Test finished with status 0
        > STDERR
        > No resources found in default namespace.
    [exp] Times: [23.684141, 23.65145, 23.741961, 23.8636, 23.939209, 24.094089, 24.167194, 24.22883]
    [exp] Throughput: 1672.14927836778
    [exp] Running (pre_run: False) workload synthetic/chain-d2-http-sync request with the following configuration: {'CLIENT_CPU_QUOTA': '2', 'SLOWPOKE_POKER_BATCH_THRESHOLD': '20000000', 'PROCESSING_TIME_SERVICE0': '0.0006766', 'PROCESSING_TIME_SERVICE1': '0.0004767', 'PROCESSING_TIME_SERVICE2': '0.00024726', 'SLOWPOKE_DELAY_MICROS_SERVICE0': '0.0', 'SLOWPOKE_DELAY_MICROS_SERVICE1': '204.0', 'SLOWPOKE_DELAY_MICROS_SERVICE2': '204.0'}
    [exp] Executing cmd `bash run.sh synthetic chain-d2-http-sync 8 1024 40000`:
        [run.sh] Running benchmark synthetic with request chain-d2-http-sync, thread 8, conn 1024, duration 60
        [run.sh] Deleting all services
        configmap "config-service0" deleted
        deployment.apps "service0" deleted
        service "service0" deleted
        configmap "config-service1" deleted
        deployment.apps "service1" deleted
        service "service1" deleted
        configmap "config-service2" deleted
        deployment.apps "service2" deleted
        service "service2" deleted
        deployment.apps "ubuntu-client" deleted
        [run.sh] Waiting for all pods to be deleted
        [run.sh] Deploying all services
        configmap/config-service0 created
        deployment.apps/service0 created
        service/service0 created
        configmap/config-service1 created
        deployment.apps/service1 created
        service/service1 created
        configmap/config-service2 created
        deployment.apps/service2 created
        service/service2 created
        [run.sh] Client pod not found, deploying client
        deployment.apps/ubuntu-client created
        [run.sh] Waiting for all pods to be running
        [run.sh] All pods are running
        [run.sh] Running warmup test
        [run.sh] /wrk/wrk -t8 -c1024 -d3s -L http://service0:80/endpoint1
        Running 3s test @ http://service0:80/endpoint1
        8 threads and 1024 connections
        Thread Stats   Avg      Stdev     Max   +/- Stdev
        Latency   589.51ms  105.51ms   1.14s    85.28%
        Req/Sec   213.95     60.55   390.00     79.17%
        Latency Distribution
        50%  566.54ms
        75%  598.38ms
        90%  688.47ms
        99%    1.02s
        4654 requests in 3.04s, 2.69MB read
        Requests/sec:   1529.94
        Transfer/sec:      0.89MB
        [run.sh] Speed is 1529.94, duration is 39
        [run.sh] Fix the request number.
        [run.sh] Running the actual test
        [run.sh] /wrk/wrk --timeout 20s -t8 -c1024 -d39s -L -s /wrk/fix_req_n.lua http://service0:80/endpoint1
        [run.sh] Checking the resource usage
        NAME                        CPU(cores)   MEMORY(bytes)
        service0-565959b5f9-n6fv9   521m         71Mi
        Running 39s test @ http://service0:80/endpoint1
        8 threads and 1024 connections
        Thread Stats   Avg      Stdev     Max   +/- Stdev
        Latency   575.10ms   57.93ms   1.12s    89.98%
        Req/Sec   222.89     65.00   666.00     68.75%
        Latency Distribution
        50%  570.23ms
        75%  594.44ms
        90%  622.08ms
        99%  776.34ms
        40000 requests in 39.00s, 23.16MB read
        Requests/sec:   1025.64
        Transfer/sec:    607.97KB
        ------------------------------
        stop time: 22.359497
        stop time: 22.602705
        stop time: 22.611715
        stop time: 22.814168
        stop time: 22.921582
        stop time: 22.968429
        stop time: 23.019368
        stop time: 22.987562
        [run.sh] Test finished with status 0
        > STDERR
        > No resources found in default namespace.
    [exp] Times: [22.359497, 22.602705, 22.611715, 22.814168, 22.921582, 22.968429, 23.019368, 22.987562]
    [exp] Throughput: 1755.492521914554
    [exp] Running (pre_run: False) workload synthetic/chain-d2-http-sync request with the following configuration: {'CLIENT_CPU_QUOTA': '2', 'SLOWPOKE_POKER_BATCH_THRESHOLD': '20000000', 'PROCESSING_TIME_SERVICE0': '0.0006766', 'PROCESSING_TIME_SERVICE1': '0.0004767', 'PROCESSING_TIME_SERVICE2': '0.00024726', 'SLOWPOKE_DELAY_MICROS_SERVICE0': '0.0', 'SLOWPOKE_DELAY_MICROS_SERVICE1': '170.5', 'SLOWPOKE_DELAY_MICROS_SERVICE2': '170.5'}
    [exp] Executing cmd `bash run.sh synthetic chain-d2-http-sync 8 1024 40000`:
        [run.sh] Running benchmark synthetic with request chain-d2-http-sync, thread 8, conn 1024, duration 60
        [run.sh] Deleting all services
        configmap "config-service0" deleted
        deployment.apps "service0" deleted
        service "service0" deleted
        configmap "config-service1" deleted
        deployment.apps "service1" deleted
        service "service1" deleted
        configmap "config-service2" deleted
        deployment.apps "service2" deleted
        service "service2" deleted
        deployment.apps "ubuntu-client" deleted
        [run.sh] Waiting for all pods to be deleted
        [run.sh] Deploying all services
        configmap/config-service0 created
        deployment.apps/service0 created
        service/service0 created
        configmap/config-service1 created
        deployment.apps/service1 created
        service/service1 created
        configmap/config-service2 created
        deployment.apps/service2 created
        service/service2 created
        [run.sh] Client pod not found, deploying client
        deployment.apps/ubuntu-client created
        [run.sh] Waiting for all pods to be running
        [run.sh] All pods are running
        [run.sh] Running warmup test
        [run.sh] /wrk/wrk -t8 -c1024 -d3s -L http://service0:80/endpoint1
        Running 3s test @ http://service0:80/endpoint1
        8 threads and 1024 connections
        Thread Stats   Avg      Stdev     Max   +/- Stdev
        Latency   591.00ms  234.42ms   1.38s    75.77%
        Req/Sec   204.10     76.35   373.00     69.13%
        Latency Distribution
        50%  544.46ms
        75%  579.86ms
        90%    1.00s
        99%    1.31s
        4737 requests in 3.03s, 2.74MB read
        Requests/sec:   1562.72
        Transfer/sec:      0.90MB
        [run.sh] Speed is 1562.72, duration is 38
        [run.sh] Fix the request number.
        [run.sh] Running the actual test
        [run.sh] /wrk/wrk --timeout 20s -t8 -c1024 -d38s -L -s /wrk/fix_req_n.lua http://service0:80/endpoint1
        [run.sh] Checking the resource usage
        NAME                             CPU(cores)   MEMORY(bytes)
        service0-565959b5f9-kvt2t        1205m        83Mi
        service1-6fb7d949b8-tlz22        1315m        16Mi
        service2-7c8675cfcb-tcr7x        670m         10Mi
        ubuntu-client-76886f6bbd-2944c   63m          17Mi
        Running 38s test @ http://service0:80/endpoint1
        8 threads and 1024 connections
        Thread Stats   Avg      Stdev     Max   +/- Stdev
        Latency   547.38ms   49.09ms   1.10s    85.09%
        Req/Sec   233.92     63.32   450.00     69.18%
        Latency Distribution
        50%  542.77ms
        75%  568.08ms
        90%  592.82ms
        99%  697.41ms
        40000 requests in 38.00s, 23.16MB read
        Requests/sec:   1052.63
        Transfer/sec:    623.97KB
        ------------------------------
        stop time: 21.520727
        stop time: 21.483534
        stop time: 21.525938
        stop time: 21.745537
        stop time: 21.741151
        stop time: 21.806250
        stop time: 21.798984
        stop time: 21.917796
        [run.sh] Test finished with status 0
        > STDERR
        > No resources found in default namespace.
    [exp] Times: [21.520727, 21.483534, 21.525938, 21.745537, 21.741151, 21.80625, 21.798984, 21.917796]
    [exp] Throughput: 1843.956166004159
    [exp] Running (pre_run: False) workload synthetic/chain-d2-http-sync request with the following configuration: {'CLIENT_CPU_QUOTA': '2', 'SLOWPOKE_POKER_BATCH_THRESHOLD': '20000000', 'PROCESSING_TIME_SERVICE0': '0.0006766', 'PROCESSING_TIME_SERVICE1': '0.0004767', 'PROCESSING_TIME_SERVICE2': '0.00024726', 'SLOWPOKE_DELAY_MICROS_SERVICE0': '0.0', 'SLOWPOKE_DELAY_MICROS_SERVICE1': '137.0', 'SLOWPOKE_DELAY_MICROS_SERVICE2': '137.0'}
    [exp] Executing cmd `bash run.sh synthetic chain-d2-http-sync 8 1024 40000`:
        [run.sh] Running benchmark synthetic with request chain-d2-http-sync, thread 8, conn 1024, duration 60
        [run.sh] Deleting all services
        configmap "config-service0" deleted
        deployment.apps "service0" deleted
        service "service0" deleted
        configmap "config-service1" deleted
        deployment.apps "service1" deleted
        service "service1" deleted
        configmap "config-service2" deleted
        deployment.apps "service2" deleted
        service "service2" deleted
        deployment.apps "ubuntu-client" deleted
        [run.sh] Waiting for all pods to be deleted
        [run.sh] Deploying all services
        configmap/config-service0 created
        deployment.apps/service0 created
        service/service0 created
        configmap/config-service1 created
        deployment.apps/service1 created
        service/service1 created
        configmap/config-service2 created
        deployment.apps/service2 created
        service/service2 created
        [run.sh] Client pod not found, deploying client
        deployment.apps/ubuntu-client created
        [run.sh] Waiting for all pods to be running
        [run.sh] All pods are running
        [run.sh] Running warmup test
        [run.sh] /wrk/wrk -t8 -c1024 -d3s -L http://service0:80/endpoint1
        Running 3s test @ http://service0:80/endpoint1
        8 threads and 1024 connections
        Thread Stats   Avg      Stdev     Max   +/- Stdev
        Latency   560.11ms  142.46ms   1.24s    85.95%
        Req/Sec   222.35     78.00   380.00     70.09%
        Latency Distribution
        50%  522.79ms
        75%  563.35ms
        90%  734.68ms
        99%    1.13s
        5012 requests in 3.04s, 2.90MB read
        Requests/sec:   1647.68
        Transfer/sec:      0.95MB
        [run.sh] Speed is 1647.68, duration is 36
        [run.sh] Fix the request number.
        [run.sh] Running the actual test
        [run.sh] /wrk/wrk --timeout 20s -t8 -c1024 -d36s -L -s /wrk/fix_req_n.lua http://service0:80/endpoint1
        [run.sh] Checking the resource usage
        Running 36s test @ http://service0:80/endpoint1
        8 threads and 1024 connections
        Thread Stats   Avg      Stdev     Max   +/- Stdev
        Latency   520.89ms   49.34ms 983.38ms   84.45%
        Req/Sec   246.46     66.00   575.00     68.87%
        Latency Distribution
        50%  515.02ms
        75%  539.74ms
        90%  566.16ms
        99%  710.06ms
        40000 requests in 36.00s, 23.16MB read
        Requests/sec:   1111.11
        Transfer/sec:    658.63KB
        ------------------------------
        stop time: 20.538061
        stop time: 20.555564
        stop time: 20.623009
        stop time: 20.675113
        stop time: 20.633525
        stop time: 20.661563
        stop time: 20.696665
        stop time: 20.733446
        [run.sh] Test finished with status 0
        > STDERR
        > No resources found in default namespace.
        > error: metrics not available yet
    [exp] Times: [20.538061, 20.555564, 20.623009, 20.675113, 20.633525, 20.661563, 20.696665, 20.733446]
    [exp] Throughput: 1938.0203410496706
    [exp] Running (pre_run: False) workload synthetic/chain-d2-http-sync request with the following configuration: {'CLIENT_CPU_QUOTA': '2', 'SLOWPOKE_POKER_BATCH_THRESHOLD': '20000000', 'PROCESSING_TIME_SERVICE0': '0.0006766', 'PROCESSING_TIME_SERVICE1': '0.0004767', 'PROCESSING_TIME_SERVICE2': '0.00024726', 'SLOWPOKE_DELAY_MICROS_SERVICE0': '0.0', 'SLOWPOKE_DELAY_MICROS_SERVICE1': '103.5', 'SLOWPOKE_DELAY_MICROS_SERVICE2': '103.5'}
    [exp] Executing cmd `bash run.sh synthetic chain-d2-http-sync 8 1024 40000`:
        [run.sh] Running benchmark synthetic with request chain-d2-http-sync, thread 8, conn 1024, duration 60
        [run.sh] Deleting all services
        configmap "config-service0" deleted
        deployment.apps "service0" deleted
        service "service0" deleted
        configmap "config-service1" deleted
        deployment.apps "service1" deleted
        service "service1" deleted
        configmap "config-service2" deleted
        deployment.apps "service2" deleted
        service "service2" deleted
        deployment.apps "ubuntu-client" deleted
        [run.sh] Waiting for all pods to be deleted
        [run.sh] Deploying all services
        configmap/config-service0 created
        deployment.apps/service0 created
        service/service0 created
        configmap/config-service1 created
        deployment.apps/service1 created
        service/service1 created
        configmap/config-service2 created
        deployment.apps/service2 created
        service/service2 created
        [run.sh] Client pod not found, deploying client
        deployment.apps/ubuntu-client created
        [run.sh] Waiting for all pods to be running
        [run.sh] All pods are running
        [run.sh] Running warmup test
        [run.sh] /wrk/wrk -t8 -c1024 -d3s -L http://service0:80/endpoint1
        Running 3s test @ http://service0:80/endpoint1
        8 threads and 1024 connections
        Thread Stats   Avg      Stdev     Max   +/- Stdev
        Latency   515.75ms   94.12ms 982.29ms   88.41%
        Req/Sec   253.41    115.64   505.00     64.42%
        Latency Distribution
        50%  487.06ms
        75%  519.28ms
        90%  638.79ms
        99%  870.10ms
        5383 requests in 3.04s, 3.12MB read
        Requests/sec:   1772.18
        Transfer/sec:      1.03MB
        [run.sh] Speed is 1772.18, duration is 33
        [run.sh] Fix the request number.
        [run.sh] Running the actual test
        [run.sh] /wrk/wrk --timeout 20s -t8 -c1024 -d33s -L -s /wrk/fix_req_n.lua http://service0:80/endpoint1
        Running 33s test @ http://service0:80/endpoint1
        8 threads and 1024 connections
        Thread Stats   Avg      Stdev     Max   +/- Stdev
        Latency   490.77ms   66.85ms   1.28s    93.12%
        Req/Sec   259.98     67.59   570.00     70.05%
        Latency Distribution
        50%  485.27ms
        75%  509.62ms
        90%  536.33ms
        99%  739.72ms
        40001 requests in 33.00s, 23.16MB read
        Requests/sec:   1212.15
        Transfer/sec:    718.53KB
        ------------------------------
        stop time: 19.124540
        stop time: 19.245188
        stop time: 19.473401
        stop time: 19.487068
        stop time: 19.555367
        stop time: 19.651949
        stop time: 19.701446
        stop time: 19.784159
        [run.sh] Checking the resource usage
        NAME                             CPU(cores)   MEMORY(bytes)
        service0-565959b5f9-h9lwt        1152m        77Mi
        service1-66444c99cd-bzs7b        1463m        16Mi
        service2-7c6568cf78-rxhtd        768m         10Mi
        ubuntu-client-76886f6bbd-kqrjf   73m          18Mi
        [run.sh] Test finished with status 0
        > STDERR
        > No resources found in default namespace.
    [exp] Times: [19.12454, 19.245188, 19.473401, 19.487068, 19.555367, 19.651949, 19.701446, 19.784159]
    [exp] Throughput: 2050.9781121025926
    [exp] Running (pre_run: False) workload synthetic/chain-d2-http-sync request with the following configuration: {'CLIENT_CPU_QUOTA': '2', 'SLOWPOKE_POKER_BATCH_THRESHOLD': '20000000', 'PROCESSING_TIME_SERVICE0': '0.0006766', 'PROCESSING_TIME_SERVICE1': '0.0004767', 'PROCESSING_TIME_SERVICE2': '0.00024726', 'SLOWPOKE_DELAY_MICROS_SERVICE0': '0.0', 'SLOWPOKE_DELAY_MICROS_SERVICE1': '70.0', 'SLOWPOKE_DELAY_MICROS_SERVICE2': '70.0'}
    [exp] Executing cmd `bash run.sh synthetic chain-d2-http-sync 8 1024 40000`:
        [run.sh] Running benchmark synthetic with request chain-d2-http-sync, thread 8, conn 1024, duration 60
        [run.sh] Deleting all services
        configmap "config-service0" deleted
        deployment.apps "service0" deleted
        service "service0" deleted
        configmap "config-service1" deleted
        deployment.apps "service1" deleted
        service "service1" deleted
        configmap "config-service2" deleted
        deployment.apps "service2" deleted
        service "service2" deleted
        deployment.apps "ubuntu-client" deleted
        [run.sh] Waiting for all pods to be deleted
        [run.sh] Deploying all services
        configmap/config-service0 created
        deployment.apps/service0 created
        service/service0 created
        configmap/config-service1 created
        deployment.apps/service1 created
        service/service1 created
        configmap/config-service2 created
        deployment.apps/service2 created
        service/service2 created
        [run.sh] Client pod not found, deploying client
        deployment.apps/ubuntu-client created
        [run.sh] Waiting for all pods to be running
        [run.sh] All pods are running
        [run.sh] Running warmup test
        [run.sh] /wrk/wrk -t8 -c1024 -d3s -L http://service0:80/endpoint1
        Running 3s test @ http://service0:80/endpoint1
        8 threads and 1024 connections
        Thread Stats   Avg      Stdev     Max   +/- Stdev
        Latency     0.00us    0.00us   0.00us    -nan%
        Req/Sec     0.00      0.00     0.00      -nan%
        Latency Distribution
        50%    0.00us
        75%    0.00us
        90%    0.00us
        99%    0.00us
        0 requests in 3.04s, 0.00B read
        Requests/sec:      0.00
        Transfer/sec:       0.00B
        [run.sh] Speed is 0.00, duration is
        [run.sh] Fix the request number.
        [run.sh] Running the actual test
        [run.sh] /wrk/wrk --timeout 20s -t8 -c1024 -ds -L -s /wrk/fix_req_n.lua http://service0:80/endpoint1
        Usage: wrk <options> <url>
        Options:
        -c, --connections <N>  Connections to keep open
        -d, --duration    <T>  Duration of test
        -t, --threads     <N>  Number of threads to use
        
        -s, --script      <S>  Load Lua script file
        -H, --header      <H>  Add header to request
        --latency          Print latency statistics
        --timeout     <T>  Socket/request timeout
        -v, --version          Print version details
        
        Numeric arguments may include a SI unit (1k, 1M, 1G)
        Time arguments may include a time unit (2s, 2m, 2h)
        [run.sh] Checking the resource usage
        [run.sh] Test finished with status 1
        > STDERR
        > No resources found in default namespace.
        > Runtime error (func=(main), adr=19): Divide by zero
        > command terminated with exit code 1
        > error: metrics not available yet
    [exp] Error running bash run.sh synthetic chain-d2-http-sync 8 1024 40000
[test.py] Found 0 throughput, rerun experiment
    [exp] Running (pre_run: False) workload synthetic/chain-d2-http-sync request with the following configuration: {'CLIENT_CPU_QUOTA': '2', 'SLOWPOKE_POKER_BATCH_THRESHOLD': '20000000', 'PROCESSING_TIME_SERVICE0': '0.0006766', 'PROCESSING_TIME_SERVICE1': '0.0004767', 'PROCESSING_TIME_SERVICE2': '0.00024726', 'SLOWPOKE_DELAY_MICROS_SERVICE0': '0.0', 'SLOWPOKE_DELAY_MICROS_SERVICE1': '70.0', 'SLOWPOKE_DELAY_MICROS_SERVICE2': '70.0'}
    [exp] Executing cmd `bash run.sh synthetic chain-d2-http-sync 8 1024 40000`:
        [run.sh] Running benchmark synthetic with request chain-d2-http-sync, thread 8, conn 1024, duration 60
        [run.sh] Deleting all services
        configmap "config-service0" deleted
        deployment.apps "service0" deleted
        service "service0" deleted
        configmap "config-service1" deleted
        deployment.apps "service1" deleted
        service "service1" deleted
        configmap "config-service2" deleted
        deployment.apps "service2" deleted
        service "service2" deleted
        deployment.apps "ubuntu-client" deleted
        [run.sh] Waiting for all pods to be deleted
        [run.sh] Deploying all services
        configmap/config-service0 created
        deployment.apps/service0 created
        service/service0 created
        configmap/config-service1 created
        deployment.apps/service1 created
        service/service1 created
        configmap/config-service2 created
        deployment.apps/service2 created
        service/service2 created
        [run.sh] Client pod not found, deploying client
        deployment.apps/ubuntu-client created
        [run.sh] Waiting for all pods to be running
        [run.sh] All pods are running
        [run.sh] Running warmup test
        [run.sh] /wrk/wrk -t8 -c1024 -d3s -L http://service0:80/endpoint1
        Running 3s test @ http://service0:80/endpoint1
        8 threads and 1024 connections
        Thread Stats   Avg      Stdev     Max   +/- Stdev
        Latency   494.81ms   95.95ms   1.05s    87.66%
        Req/Sec   247.33    104.24   540.00     68.75%
        Latency Distribution
        50%  472.16ms
        75%  503.96ms
        90%  590.12ms
        99%  909.18ms
        5549 requests in 3.03s, 3.21MB read
        Requests/sec:   1830.15
        Transfer/sec:      1.06MB
        [run.sh] Speed is 1830.15, duration is 32
        [run.sh] Fix the request number.
        [run.sh] Running the actual test
        [run.sh] /wrk/wrk --timeout 20s -t8 -c1024 -d32s -L -s /wrk/fix_req_n.lua http://service0:80/endpoint1
        Running 32s test @ http://service0:80/endpoint1
        8 threads and 1024 connections
        Thread Stats   Avg      Stdev     Max   +/- Stdev
        Latency   474.75ms   55.73ms   1.23s    86.56%
        Req/Sec   270.40     73.91   590.00     74.39%
        Latency Distribution
        50%  467.23ms
        75%  494.67ms
        90%  525.67ms
        99%  703.72ms
        40000 requests in 32.00s, 23.16MB read
        Requests/sec:   1249.99
        Transfer/sec:    740.96KB
        ------------------------------
        stop time: 18.558579
        stop time: 18.766588
        stop time: 18.781832
        stop time: 18.861999
        stop time: 18.886372
        stop time: 18.856705
        stop time: 18.874916
        stop time: 18.861886
        [run.sh] Checking the resource usage
        NAME                             CPU(cores)   MEMORY(bytes)
        service0-565959b5f9-rwjv5        1757m        82Mi
        service1-56fdb74d66-jqbdl        1514m        16Mi
        service2-bb96d488-vwwbj          812m         10Mi
        ubuntu-client-76886f6bbd-sklxs   71m          18Mi
        [run.sh] Test finished with status 0
        > STDERR
        > No resources found in default namespace.
    [exp] Times: [18.558579, 18.766588, 18.781832, 18.861999, 18.886372, 18.856705, 18.874916, 18.861886]
    [exp] Throughput: 2126.968352179857
    [exp] Running (pre_run: False) workload synthetic/chain-d2-http-sync request with the following configuration: {'CLIENT_CPU_QUOTA': '2', 'SLOWPOKE_POKER_BATCH_THRESHOLD': '20000000', 'PROCESSING_TIME_SERVICE0': '0.0006766', 'PROCESSING_TIME_SERVICE1': '0.0004767', 'PROCESSING_TIME_SERVICE2': '0.00024726', 'SLOWPOKE_DELAY_MICROS_SERVICE0': '0.0', 'SLOWPOKE_DELAY_MICROS_SERVICE1': '36.5', 'SLOWPOKE_DELAY_MICROS_SERVICE2': '36.5'}
    [exp] Executing cmd `bash run.sh synthetic chain-d2-http-sync 8 1024 40000`:
        [run.sh] Running benchmark synthetic with request chain-d2-http-sync, thread 8, conn 1024, duration 60
        [run.sh] Deleting all services
        configmap "config-service0" deleted
        deployment.apps "service0" deleted
        service "service0" deleted
        configmap "config-service1" deleted
        deployment.apps "service1" deleted
        service "service1" deleted
        configmap "config-service2" deleted
        deployment.apps "service2" deleted
        service "service2" deleted
        deployment.apps "ubuntu-client" deleted
        [run.sh] Waiting for all pods to be deleted
        [run.sh] Deploying all services
        configmap/config-service0 created
        deployment.apps/service0 created
        service/service0 created
        configmap/config-service1 created
        deployment.apps/service1 created
        service/service1 created
        configmap/config-service2 created
        deployment.apps/service2 created
        service/service2 created
        [run.sh] Client pod not found, deploying client
        deployment.apps/ubuntu-client created
        [run.sh] Waiting for all pods to be running
        [run.sh] All pods are running
        [run.sh] Running warmup test
        [run.sh] /wrk/wrk -t8 -c1024 -d3s -L http://service0:80/endpoint1
        Running 3s test @ http://service0:80/endpoint1
        8 threads and 1024 connections
        Thread Stats   Avg      Stdev     Max   +/- Stdev
        Latency   510.60ms  136.20ms   1.38s    88.35%
        Req/Sec   249.97     85.66   494.00     71.30%
        Latency Distribution
        50%  476.14ms
        75%  523.36ms
        90%  641.26ms
        99%    1.12s
        5572 requests in 3.03s, 3.23MB read
        Requests/sec:   1837.46
        Transfer/sec:      1.06MB
        [run.sh] Speed is 1837.46, duration is 32
        [run.sh] Fix the request number.
        [run.sh] Running the actual test
        [run.sh] /wrk/wrk --timeout 20s -t8 -c1024 -d32s -L -s /wrk/fix_req_n.lua http://service0:80/endpoint1
        Running 32s test @ http://service0:80/endpoint1
        8 threads and 1024 connections
        Thread Stats   Avg      Stdev     Max   +/- Stdev
        Latency   461.82ms   57.49ms   1.15s    88.58%
        Req/Sec   277.69     73.08   515.00     70.17%
        Latency Distribution
        50%  454.62ms
        75%  480.41ms
        90%  507.95ms
        99%  737.54ms
        40001 requests in 32.00s, 23.16MB read
        Requests/sec:   1250.03
        Transfer/sec:    740.98KB
        ------------------------------
        stop time: 18.130943
        stop time: 18.101528
        stop time: 18.213571
        stop time: 18.267069
        stop time: 18.312214
        stop time: 18.305289
        stop time: 18.381881
        stop time: 18.483934
        [run.sh] Checking the resource usage
        [run.sh] Test finished with status 0
        > STDERR
        > No resources found in default namespace.
        > error: metrics not available yet
    [exp] Times: [18.130943, 18.101528, 18.213571, 18.267069, 18.312214, 18.305289, 18.381881, 18.483934]
    [exp] Throughput: 2188.8359530313837
[test.py] Baseline throughput:  2183.800705583278
[test.py] Groundtruth:  [2840.0204247168895, 2805.0036496603734, 2763.2441927163527, 2770.349681501554, 2734.1904621696126, 2785.5609057669117, 2702.543197872747, 2662.9317938702725, 2585.0403761899397, 2390.8118470823597]
[test.py] Slowdown:  [1460.9487530861743, 1540.3143218353441, 1602.445171086561, 1672.14927836778, 1755.492521914554, 1843.956166004159, 1938.0203410496706, 2050.9781121025926, 2126.968352179857, 2188.8359530313837]
[test.py] Predicted:  [2888.61467510496, 2903.4475309150243, 2834.8985221496823, 2775.98317212881, 2737.1710375895186, 2691.7013509909834, 2640.6791707996736, 2605.712154241744, 2500.920710051717, 2380.5905276496333]
[test.py] Error percentage:  [1.7110528489567025, 3.5095812180697306, 2.593123315782354, 0.20334944230587243, 0.1090112580358025, -3.3695028739673933, -2.289104097272838, -2.148745970897219, -3.2540948649400114, -0.42752504531881397]
[test.py] ++++++++++++++++++++++++++++++++ Summary: 
[test.py] Result for the experiment 0: 
    Baseline throughput: 2183.800705583278
    Groundtruth: [2840.0204247168895, 2805.0036496603734, 2763.2441927163527, 2770.349681501554, 2734.1904621696126, 2785.5609057669117, 2702.543197872747, 2662.9317938702725, 2585.0403761899397, 2390.8118470823597]
    Slowdown:    [1460.9487530861743, 1540.3143218353441, 1602.445171086561, 1672.14927836778, 1755.492521914554, 1843.956166004159, 1938.0203410496706, 2050.9781121025926, 2126.968352179857, 2188.8359530313837]
    Predicted:   [2888.61467510496, 2903.4475309150243, 2834.8985221496823, 2775.98317212881, 2737.1710375895186, 2691.7013509909834, 2640.6791707996736, 2605.712154241744, 2500.920710051717, 2380.5905276496333]
    Error Perc:  [1.7110528489567025, 3.5095812180697306, 2.593123315782354, 0.20334944230587243, 0.1090112580358025, -3.3695028739673933, -2.289104097272838, -2.148745970897219, -3.2540948649400114, -0.42752504531881397]
