FIFO created
Recovery FIFO created
Starting synthetic service with 10 processes
SLOWPOKE_DELAY_MICROS=0
SLOWPOKE_PRERUN=false
SLOWPOKE_POKER_BATCH_THRESHOLD=100
SLOWPOKE_SERV_NAME=service4
env=true
SLOWPOKE_IS_TARGET_SERVICE=%!b(bool=true)
SLOWPOKE_FIFO=/tmp/slowpoke_fifo
SLOWPOKE_FIFO_RECOVER=/tmp/slowpoke_fifo_recover
Received 0 ns, started at 43211291732195, ended at 43211291754064, accumulated -21869, sleeped 21869
Starting gRPC server
TCP JSON server listening on :5550
Neighbor service0 registered
Received 0 ns, started at 43243783035219, ended at 43243783059921, accumulated -46571, sleeped 24702
Neighbor service2 registered
Received 0 ns, started at 43243959909011, ended at 43243959939080, accumulated -76640, sleeped 30069
Received 0 ns, started at 43243972352372, ended at 43243972371904, accumulated -96172, sleeped 19532
Neighbor service1 registered
Received 0 ns, started at 43244004834432, ended at 43244004857291, accumulated -119031, sleeped 22859
Received 0 ns, started at 43244005927958, ended at 43244005945131, accumulated -136204, sleeped 17173
Received 0 ns, started at 43244535067470, ended at 43244535094478, accumulated -163212, sleeped 27008
Received 0 ns, started at 43244784767803, ended at 43244784793452, accumulated -188861, sleeped 25649
Received 0 ns, started at 43244967546698, ended at 43244967574530, accumulated -216693, sleeped 27832
Received 0 ns, started at 43245093852774, ended at 43245093884634, accumulated -248553, sleeped 31860
Received 0 ns, started at 43245350189268, ended at 43245350213032, accumulated -272317, sleeped 23764
Received 0 ns, started at 43245565342812, ended at 43245565360684, accumulated -290189, sleeped 17872
Received 0 ns, started at 43245856381117, ended at 43245856611415, accumulated -520487, sleeped 230298
Received 0 ns, started at 43246949144197, ended at 43246949178336, accumulated -554626, sleeped 34139
Received 0 ns, started at 43247319760132, ended at 43247319795506, accumulated -590000, sleeped 35374
Received 0 ns, started at 43247694502456, ended at 43247694538695, accumulated -626239, sleeped 36239
Received 0 ns, started at 43247755625172, ended at 43247755659583, accumulated -660650, sleeped 34411
Received 0 ns, started at 43247827047706, ended at 43247827078304, accumulated -691248, sleeped 30598
Received 0 ns, started at 43247902577737, ended at 43247902611612, accumulated -725123, sleeped 33875
Received 0 ns, started at 43248105080081, ended at 43248105116184, accumulated -761226, sleeped 36103
Received 0 ns, started at 43248759531932, ended at 43248759573231, accumulated -802525, sleeped 41299
Received 0 ns, started at 43249323954622, ended at 43249323985240, accumulated -833143, sleeped 30618
Received 0 ns, started at 43249950879163, ended at 43249950910878, accumulated -864858, sleeped 31715
Received 0 ns, started at 43250119960915, ended at 43250120172499, accumulated -1076442, sleeped 211584
Received 0 ns, started at 43250253875896, ended at 43250253898142, accumulated -1098688, sleeped 22246
Received 0 ns, started at 43250434756928, ended at 43250434780865, accumulated -1122625, sleeped 23937
Received 0 ns, started at 43250610194212, ended at 43250610218680, accumulated -1147093, sleeped 24468
Received 0 ns, started at 43250723102710, ended at 43250723124458, accumulated -1168841, sleeped 21748
Received 0 ns, started at 43250871138549, ended at 43250871156715, accumulated -1187007, sleeped 18166
Received 0 ns, started at 43251030794169, ended at 43251030812865, accumulated -1205703, sleeped 18696
Received 0 ns, started at 43251490151044, ended at 43251490176162, accumulated -1230821, sleeped 25118
Received 0 ns, started at 43251555034884, ended at 43251555054942, accumulated -1250879, sleeped 20058
Received 0 ns, started at 43251619064352, ended at 43251619078926, accumulated -1265453, sleeped 14574
Received 0 ns, started at 43251778205484, ended at 43251778230465, accumulated -1290434, sleeped 24981
Received 0 ns, started at 43252244342476, ended at 43252244376091, accumulated -1324049, sleeped 33615
Received 0 ns, started at 43253258893260, ended at 43253258925434, accumulated -1356223, sleeped 32174
Received 0 ns, started at 43253436033022, ended at 43253436057888, accumulated -1381089, sleeped 24866
Received 0 ns, started at 43253949338640, ended at 43253949367555, accumulated -1410004, sleeped 28915
Received 0 ns, started at 43254023817025, ended at 43254023841056, accumulated -1434035, sleeped 24031
Received 0 ns, started at 43254259656965, ended at 43254259688239, accumulated -1465309, sleeped 31274
Received 0 ns, started at 43254889825540, ended at 43254890069826, accumulated -1709595, sleeped 244286
Received 0 ns, started at 43255336711891, ended at 43255336745615, accumulated -1743319, sleeped 33724
Received 0 ns, started at 43255677105693, ended at 43255677142059, accumulated -1779685, sleeped 36366
Received 0 ns, started at 43255971404136, ended at 43255971445773, accumulated -1821322, sleeped 41637
Received 0 ns, started at 43256121947049, ended at 43256122069063, accumulated -1943336, sleeped 122014
Received 0 ns, started at 43256506100457, ended at 43256506130617, accumulated -1973496, sleeped 30160
Received 0 ns, started at 43256842221802, ended at 43256842390190, accumulated -2141884, sleeped 168388
Received 0 ns, started at 43256986034016, ended at 43256986060229, accumulated -2168097, sleeped 26213
Received 0 ns, started at 43257147568124, ended at 43257147594202, accumulated -2194175, sleeped 26078
Received 0 ns, started at 43257354721833, ended at 43257354748423, accumulated -2220765, sleeped 26590
Received 0 ns, started at 43257786397660, ended at 43257786442215, accumulated -2265320, sleeped 44555
Received 0 ns, started at 43258289937190, ended at 43258289979433, accumulated -2307563, sleeped 42243
Received 0 ns, started at 43258488973230, ended at 43258488996491, accumulated -2330824, sleeped 23261
Received 0 ns, started at 43258823069562, ended at 43258823099700, accumulated -2360962, sleeped 30138
Received 0 ns, started at 43259081773970, ended at 43259081803402, accumulated -2390394, sleeped 29432
Received 0 ns, started at 43259341729861, ended at 43259341761088, accumulated -2421621, sleeped 31227
Received 0 ns, started at 43259524028186, ended at 43259524066429, accumulated -2459864, sleeped 38243
Received 0 ns, started at 43259683331550, ended at 43259683360649, accumulated -2488963, sleeped 29099
Received 0 ns, started at 43259815281700, ended at 43259815381942, accumulated -2589205, sleeped 100242
Received 0 ns, started at 43260518627681, ended at 43260518665672, accumulated -2627196, sleeped 37991
Received 0 ns, started at 43260899312958, ended at 43260899347909, accumulated -2662147, sleeped 34951
Received 0 ns, started at 43261341649173, ended at 43261341690519, accumulated -2703493, sleeped 41346
Received 0 ns, started at 43261759719666, ended at 43261759779287, accumulated -2763114, sleeped 59621
Received 0 ns, started at 43262079194048, ended at 43262079227043, accumulated -2796109, sleeped 32995
Received 0 ns, started at 43262394286329, ended at 43262394323315, accumulated -2833095, sleeped 36986
Received 0 ns, started at 43262718908740, ended at 43262719176056, accumulated -3100411, sleeped 267316
Received 0 ns, started at 43263116113100, ended at 43263116336854, accumulated -3324165, sleeped 223754
Received 0 ns, started at 43263406092975, ended at 43263406123309, accumulated -3354499, sleeped 30334
Received 0 ns, started at 43263667308665, ended at 43263667330221, accumulated -3376055, sleeped 21556
Received 0 ns, started at 43263998994744, ended at 43263999135888, accumulated -3517199, sleeped 141144
Received 0 ns, started at 43264071666577, ended at 43264071680864, accumulated -3531486, sleeped 14287
Received 0 ns, started at 43264356369100, ended at 43264356401516, accumulated -3563902, sleeped 32416
Received 0 ns, started at 43264646638413, ended at 43264646664408, accumulated -3589897, sleeped 25995
Received 0 ns, started at 43264834487820, ended at 43264834512327, accumulated -3614404, sleeped 24507
Received 0 ns, started at 43265163572064, ended at 43265163596472, accumulated -3638812, sleeped 24408
Received 0 ns, started at 43265314175118, ended at 43265314202492, accumulated -3666186, sleeped 27374
Received 0 ns, started at 43265696400973, ended at 43265696444780, accumulated -3709993, sleeped 43807
Received 0 ns, started at 43266247914955, ended at 43266247947355, accumulated -3742393, sleeped 32400
Received 0 ns, started at 43266681035193, ended at 43266681077695, accumulated -3784895, sleeped 42502
Received 0 ns, started at 43267081864434, ended at 43267081896015, accumulated -3816476, sleeped 31581
Received 0 ns, started at 43267138975620, ended at 43267138997209, accumulated -3838065, sleeped 21589
Received 0 ns, started at 43267151154892, ended at 43267151169771, accumulated -3852944, sleeped 14879
Received 0 ns, started at 43267385428125, ended at 43267385452300, accumulated -3877119, sleeped 24175
Received 0 ns, started at 43267783687981, ended at 43267783731870, accumulated -3921008, sleeped 43889
Received 0 ns, started at 43268134734221, ended at 43268134771625, accumulated -3958412, sleeped 37404
Received 0 ns, started at 43268431132339, ended at 43268431203103, accumulated -4029176, sleeped 70764
Received 0 ns, started at 43268768767269, ended at 43268768805349, accumulated -4067256, sleeped 38080
Received 0 ns, started at 43269164490431, ended at 43269164519320, accumulated -4096145, sleeped 28889
Received 0 ns, started at 43269684549147, ended at 43269684703827, accumulated -4250825, sleeped 154680
Received 0 ns, started at 43270030574880, ended at 43270030613571, accumulated -4289516, sleeped 38691
Received 0 ns, started at 43270340349824, ended at 43270340379251, accumulated -4318943, sleeped 29427
Received 0 ns, started at 43270620345139, ended at 43270620417447, accumulated -4391251, sleeped 72308
Received 0 ns, started at 43270934850566, ended at 43270934890080, accumulated -4430765, sleeped 39514
Received 0 ns, started at 43271231127080, ended at 43271231158944, accumulated -4462629, sleeped 31864
Received 0 ns, started at 43271530226123, ended at 43271530262217, accumulated -4498723, sleeped 36094
Received 0 ns, started at 43271844805624, ended at 43271844839674, accumulated -4532773, sleeped 34050
Received 0 ns, started at 43272134556669, ended at 43272134588094, accumulated -4564198, sleeped 31425
Received 0 ns, started at 43272419540680, ended at 43272419574663, accumulated -4598181, sleeped 33983
Received 0 ns, started at 43272714327884, ended at 43272714357860, accumulated -4628157, sleeped 29976
Received 0 ns, started at 43273040545817, ended at 43273040577461, accumulated -4659801, sleeped 31644
Received 0 ns, started at 43273325034450, ended at 43273325063220, accumulated -4688571, sleeped 28770
Received 0 ns, started at 43273462182880, ended at 43273462214536, accumulated -4720227, sleeped 31656
Received 0 ns, started at 43273643899684, ended at 43273643921089, accumulated -4741632, sleeped 21405
Received 0 ns, started at 43274115983123, ended at 43274116033680, accumulated -4792189, sleeped 50557
Received 0 ns, started at 43274481830477, ended at 43274481862284, accumulated -4823996, sleeped 31807
Received 0 ns, started at 43274827934607, ended at 43274827964579, accumulated -4853968, sleeped 29972
Received 0 ns, started at 43275149097816, ended at 43275149123757, accumulated -4879909, sleeped 25941
Received 0 ns, started at 43275421111625, ended at 43275421142364, accumulated -4910648, sleeped 30739
Received 0 ns, started at 43275658177346, ended at 43275658204428, accumulated -4937730, sleeped 27082
Received 0 ns, started at 43276064833367, ended at 43276064866101, accumulated -4970464, sleeped 32734
Received 0 ns, started at 43276441235481, ended at 43276441272892, accumulated -5007875, sleeped 37411
Received 0 ns, started at 43276802066496, ended at 43276802098582, accumulated -5039961, sleeped 32086
Received 0 ns, started at 43277107052873, ended at 43277107088354, accumulated -5075442, sleeped 35481
Received 0 ns, started at 43277177779194, ended at 43277177809232, accumulated -5105480, sleeped 30038
Received 0 ns, started at 43277615073401, ended at 43277615117860, accumulated -5149939, sleeped 44459
Received 0 ns, started at 43277977488056, ended at 43277977529244, accumulated -5191127, sleeped 41188
