FIFO created
Recovery FIFO created
Starting synthetic service with 10 processes
SLOWPOKE_DELAY_MICROS=2479
SLOWPOKE_PRERUN=false
SLOWPOKE_POKER_BATCH_THRESHOLD=100
SLOWPOKE_SERV_NAME=service1
env=false
SLOWPOKE_IS_TARGET_SERVICE=%!b(bool=false)
SLOWPOKE_FIFO=/tmp/slowpoke_fifo
SLOWPOKE_FIFO_RECOVER=/tmp/slowpoke_fifo_recover
Received 0 ns, started at 43211323512485, ended at 43211323541014, accumulated -28529, sleeped 28529
Starting gRPC server
TCP JSON server listening on :5550
Neighbor service0 registered
Neighbor service4 registered
Received 247900000 ns, started at 43244815900512, ended at 43245063886987, accumulated -115004, sleeped 247986475
Received 247900000 ns, started at 43245073089427, ended at 43245320968959, accumulated -94536, sleeped 247879532
Received 247900000 ns, started at 43245342111339, ended at 43245590015028, accumulated -98225, sleeped 247903689
Received 247900000 ns, started at 43245613148198, ended at 43245861047881, accumulated -97908, sleeped 247899683
Received 247900000 ns, started at 43245863992599, ended at 43246111912605, accumulated -117914, sleeped 247920006
Received 247900000 ns, started at 43246141862306, ended at 43246389750485, accumulated -106093, sleeped 247888179
Received 247900000 ns, started at 43246414223020, ended at 43246662105254, accumulated -88327, sleeped 247882234
Received 247900000 ns, started at 43246690056050, ended at 43246937956316, accumulated -88593, sleeped 247900266
Received 247900000 ns, started at 43246957449202, ended at 43247205354557, accumulated -93948, sleeped 247905355
Received 247900000 ns, started at 43247212688682, ended at 43247460584933, accumulated -90199, sleeped 247896251
Received 247900000 ns, started at 43247786637110, ended at 43248034547587, accumulated -100676, sleeped 247910477
Received 247900000 ns, started at 43248161685547, ended at 43248409577909, accumulated -93038, sleeped 247892362
Received 247900000 ns, started at 43248544273992, ended at 43248792177212, accumulated -96258, sleeped 247903220
Received 247900000 ns, started at 43248801146151, ended at 43249049176464, accumulated -226571, sleeped 248030313
Received 247900000 ns, started at 43249086985398, ended at 43249334779147, accumulated -120320, sleeped 247793749
Received 247900000 ns, started at 43249343030367, ended at 43249590911023, accumulated -100976, sleeped 247880656
Received 247900000 ns, started at 43249598238967, ended at 43249846131896, accumulated -93905, sleeped 247892929
Received 247900000 ns, started at 43250159959611, ended at 43250407872676, accumulated -106970, sleeped 247913065
Received 247900000 ns, started at 43250787040595, ended at 43251034934940, accumulated -101315, sleeped 247894345
Received 247900000 ns, started at 43251035822791, ended at 43251283715981, accumulated -94505, sleeped 247893190
Received 247900000 ns, started at 43251300684934, ended at 43251548546879, accumulated -56450, sleeped 247861945
Received 247900000 ns, started at 43251599600431, ended at 43251847546323, accumulated -102342, sleeped 247945892
Received 247900000 ns, started at 43251906440125, ended at 43252154333098, accumulated -95315, sleeped 247892973
Received 247900000 ns, started at 43252189258118, ended at 43252437160970, accumulated -98167, sleeped 247902852
Received 247900000 ns, started at 43252486750436, ended at 43252734648159, accumulated -95890, sleeped 247897723
Received 247900000 ns, started at 43252752128559, ended at 43253000017480, accumulated -84811, sleeped 247888921
Received 247900000 ns, started at 43253031036573, ended at 43253278946617, accumulated -94855, sleeped 247910044
Received 247900000 ns, started at 43253361510264, ended at 43253609408572, accumulated -93163, sleeped 247898308
Received 247900000 ns, started at 43253769653104, ended at 43254017562910, accumulated -102969, sleeped 247909806
Received 247900000 ns, started at 43254482310026, ended at 43254730215332, accumulated -108275, sleeped 247905306
Received 247900000 ns, started at 43254762251980, ended at 43255010737100, accumulated -693395, sleeped 248485120
Received 247900000 ns, started at 43255013170865, ended at 43255260482968, accumulated -105498, sleeped 247312103
Received 247900000 ns, started at 43255266844504, ended at 43255515294400, accumulated -655394, sleeped 248449896
Received 247900000 ns, started at 43255519635178, ended at 43255767583784, accumulated -704000, sleeped 247948606
Received 247900000 ns, started at 43255769607985, ended at 43256016911972, accumulated -107987, sleeped 247303987
Received 247900000 ns, started at 43256021432589, ended at 43256270092588, accumulated -867986, sleeped 248659999
Received 247900000 ns, started at 43256271839254, ended at 43256518970114, accumulated -98846, sleeped 247130860
Received 247900000 ns, started at 43256547504061, ended at 43256795411840, accumulated -106625, sleeped 247907779
Received 247900000 ns, started at 43256822791964, ended at 43257070694293, accumulated -108954, sleeped 247902329
Received 247900000 ns, started at 43257086541953, ended at 43257335017003, accumulated -684004, sleeped 248475050
Received 247900000 ns, started at 43257338124199, ended at 43257585436535, accumulated -96340, sleeped 247312336
Received 247900000 ns, started at 43257606439285, ended at 43257854349501, accumulated -106556, sleeped 247910216
Received 247900000 ns, started at 43257859072196, ended at 43258106969131, accumulated -103491, sleeped 247896935
Received 247900000 ns, started at 43258114462288, ended at 43258362384061, accumulated -125264, sleeped 247921773
Received 247900000 ns, started at 43258370033286, ended at 43258617918822, accumulated -110800, sleeped 247885536
Received 247900000 ns, started at 43258645751576, ended at 43258894348397, accumulated -807621, sleeped 248596821
Received 247900000 ns, started at 43258930442903, ended at 43259177651975, accumulated -116693, sleeped 247209072
Received 247900000 ns, started at 43259208416857, ended at 43259456310596, accumulated -110432, sleeped 247893739
Received 247900000 ns, started at 43259539960448, ended at 43259787876398, accumulated -126382, sleeped 247915950
Received 247900000 ns, started at 43259851843993, ended at 43260099725836, accumulated -108225, sleeped 247881843
Received 247900000 ns, started at 43260184524683, ended at 43260432446302, accumulated -129844, sleeped 247921619
Received 247900000 ns, started at 43260623348393, ended at 43260871230687, accumulated -112138, sleeped 247882294
Received 247900000 ns, started at 43260881641709, ended at 43261129535898, accumulated -106327, sleeped 247894189
Received 247900000 ns, started at 43261137825890, ended at 43261385725034, accumulated -105471, sleeped 247899144
Received 247900000 ns, started at 43261393592438, ended at 43261641496502, accumulated -109535, sleeped 247904064
Received 247900000 ns, started at 43261653031987, ended at 43261900931212, accumulated -108760, sleeped 247899225
Received 247900000 ns, started at 43261906567435, ended at 43262154467622, accumulated -108947, sleeped 247900187
Received 247900000 ns, started at 43262179809630, ended at 43262427683736, accumulated -83053, sleeped 247874106
Received 247900000 ns, started at 43262625391005, ended at 43262873322013, accumulated -114061, sleeped 247931008
Received 247900000 ns, started at 43262915257812, ended at 43263163148152, accumulated -104401, sleeped 247890340
Received 247900000 ns, started at 43263289038529, ended at 43263536944700, accumulated -110572, sleeped 247906171
Received 247900000 ns, started at 43263570449147, ended at 43263818351002, accumulated -112427, sleeped 247901855
Received 247900000 ns, started at 43263962548235, ended at 43264210447680, accumulated -111872, sleeped 247899445
Received 247900000 ns, started at 43264248693546, ended at 43264496595666, accumulated -113992, sleeped 247902120
Received 247900000 ns, started at 43264511036266, ended at 43264758928769, accumulated -106495, sleeped 247892503
Received 247900000 ns, started at 43264862285978, ended at 43265110193544, accumulated -114061, sleeped 247907566
Received 247900000 ns, started at 43265115018213, ended at 43265362910018, accumulated -105866, sleeped 247891805
Received 247900000 ns, started at 43265392590338, ended at 43265640495867, accumulated -111395, sleeped 247905529
Received 247900000 ns, started at 43265651616864, ended at 43265899519683, accumulated -114214, sleeped 247902819
Received 247900000 ns, started at 43265960944630, ended at 43266209546871, accumulated -816455, sleeped 248602241
Received 247900000 ns, started at 43266235356337, ended at 43266482553500, accumulated -113618, sleeped 247197163
Received 247900000 ns, started at 43266532203990, ended at 43266780099699, accumulated -109327, sleeped 247895709
Received 247900000 ns, started at 43266819622157, ended at 43267067519195, accumulated -106365, sleeped 247897038
Received 247900000 ns, started at 43267099345967, ended at 43267347248295, accumulated -108693, sleeped 247902328
Received 247900000 ns, started at 43267519378600, ended at 43267767281821, accumulated -111914, sleeped 247903221
Received 247900000 ns, started at 43267922464436, ended at 43268170365596, accumulated -113074, sleeped 247901160
Received 247900000 ns, started at 43268171503746, ended at 43268419400381, accumulated -109709, sleeped 247896635
Received 247900000 ns, started at 43268420318072, ended at 43268668214431, accumulated -106068, sleeped 247896359
Received 247900000 ns, started at 43268670348166, ended at 43268918248479, accumulated -106381, sleeped 247900313
Received 247900000 ns, started at 43268977371819, ended at 43269225270893, accumulated -105455, sleeped 247899074
Received 247900000 ns, started at 43269292299471, ended at 43269540208783, accumulated -114767, sleeped 247909312
Received 247900000 ns, started at 43269641610916, ended at 43269889506872, accumulated -110723, sleeped 247895956
Received 247900000 ns, started at 43270000704277, ended at 43270249267623, accumulated -774069, sleeped 248563346
Received 247900000 ns, started at 43270519205180, ended at 43270766448260, accumulated -117149, sleeped 247243080
Received 247900000 ns, started at 43270869084312, ended at 43271116982712, accumulated -115549, sleeped 247898400
Received 247900000 ns, started at 43271177038197, ended at 43271424930904, accumulated -108256, sleeped 247892707
Received 247900000 ns, started at 43271458047289, ended at 43271705954344, accumulated -115311, sleeped 247907055
Received 247900000 ns, started at 43271782670935, ended at 43272030567165, accumulated -111541, sleeped 247896230
Received 247900000 ns, started at 43272072898544, ended at 43272320793544, accumulated -106541, sleeped 247895000
Received 247900000 ns, started at 43272368036225, ended at 43272615941507, accumulated -111823, sleeped 247905282
Received 247900000 ns, started at 43272697975180, ended at 43272945902328, accumulated -138971, sleeped 247927148
Received 247900000 ns, started at 43272988146346, ended at 43273236020767, accumulated -113392, sleeped 247874421
Received 247900000 ns, started at 43273270538502, ended at 43273518436800, accumulated -111690, sleeped 247898298
Received 247900000 ns, started at 43273552089848, ended at 43273800615990, accumulated -737832, sleeped 248526142
Received 247900000 ns, started at 43273877875318, ended at 43274125179678, accumulated -142192, sleeped 247304360
Received 247900000 ns, started at 43274177216784, ended at 43274425089081, accumulated -114489, sleeped 247872297
Received 247900000 ns, started at 43274431085244, ended at 43274679716808, accumulated -846053, sleeped 248631564
Received 247900000 ns, started at 43274695760088, ended at 43274942917929, accumulated -103894, sleeped 247157841
Received 247900000 ns, started at 43274961953179, ended at 43275209860461, accumulated -111176, sleeped 247907282
Received 247900000 ns, started at 43275370783257, ended at 43275619447350, accumulated -875269, sleeped 248664093
Received 247900000 ns, started at 43275698106958, ended at 43275945242195, accumulated -110506, sleeped 247135237
Received 247900000 ns, started at 43275984512005, ended at 43276232409460, accumulated -107961, sleeped 247897455
Received 247900000 ns, started at 43276261927553, ended at 43276509844720, accumulated -125128, sleeped 247917167
Received 247900000 ns, started at 43276521718108, ended at 43276769626288, accumulated -133308, sleeped 247908180
Received 247900000 ns, started at 43276912301532, ended at 43277162548876, accumulated -2480652, sleeped 250247344
Received 247900000 ns, started at 43277276911997, ended at 43277522448696, accumulated -117351, sleeped 245536699
Received 247900000 ns, started at 43277647298806, ended at 43277895291081, accumulated -209626, sleeped 247992275
Received 247900000 ns, started at 43277955088085, ended at 43278202889064, accumulated -110605, sleeped 247800979
Received 247900000 ns, started at 43278208479982, ended at 43278456373744, accumulated -104367, sleeped 247893762
Received 247900000 ns, started at 43278484965425, ended at 43278732895629, accumulated -134571, sleeped 247930204
Received 247900000 ns, started at 43278813728205, ended at 43279061606946, accumulated -113312, sleeped 247878741
