[config.py] Random numbers for execution time: [247.2573382140748, 476.70040537096673, 676.5993667502922]
benchmark                        : synthetic
num_threads                      : 8
num_conns                        : 512
target_service                   : service0
request_type                     : chain-d2-http-sync
repetitions                      : 1
target_num_exp                   : 10
pre_run                          : False
num_req                          : 40000
groundtruths                     : []
slowdowns                        : []
predicteds                       : []
errs                             : []
client_cpu_quota                 : 2
random_seed                      : 4446
request_ratio                    : {'service0': 1, 'service1': 1, 'service2': 1}
baseline_service_processing_time : {'service0': 676.6, 'service1': 476.7, 'service2': 247.26}
cpu_quota                        : {'service0': 2, 'service1': 2, 'service2': 2}
target_processing_time_range     : [0, 676.6]
baseline_throughputs             : []
poker_batch                      : 40000000
[test.py] Starting experiment...
[test.py] >>>>>>>>>>>>>>>>>>>>>>>>>>>>> Running experiment 0...
[test.py] Actual processing time range: [0, 67, 134, 201, 268, 335, 402, 469, 536, 603]
[test.py] Running baseline experiment
    [exp] Running (pre_run: False) workload synthetic/chain-d2-http-sync request with the following configuration: {'CLIENT_CPU_QUOTA': '2', 'SLOWPOKE_POKER_BATCH_THRESHOLD': '40000000', 'PROCESSING_TIME_SERVICE0': '0.0006766', 'PROCESSING_TIME_SERVICE1': '0.0004767', 'PROCESSING_TIME_SERVICE2': '0.00024726', 'SLOWPOKE_DELAY_MICROS_SERVICE0': '0.0', 'SLOWPOKE_DELAY_MICROS_SERVICE1': '0.0', 'SLOWPOKE_DELAY_MICROS_SERVICE2': '0.0'}
    [exp] Executing cmd `bash run.sh synthetic chain-d2-http-sync 8 512 40000`:
        [run.sh] Running benchmark synthetic with request chain-d2-http-sync, thread 8, conn 512, duration 60
        [run.sh] Deleting all services
        configmap "config-service0" deleted
        deployment.apps "service0" deleted
        service "service0" deleted
        configmap "config-service1" deleted
        deployment.apps "service1" deleted
        service "service1" deleted
        configmap "config-service2" deleted
        deployment.apps "service2" deleted
        service "service2" deleted
        deployment.apps "ubuntu-client" deleted
        [run.sh] Waiting for all pods to be deleted
        [run.sh] Deploying all services
        configmap/config-service0 created
        deployment.apps/service0 created
        service/service0 created
        configmap/config-service1 created
        deployment.apps/service1 created
        service/service1 created
        configmap/config-service2 created
        deployment.apps/service2 created
        service/service2 created
        [run.sh] Client pod not found, deploying client
        deployment.apps/ubuntu-client created
        [run.sh] Waiting for all pods to be running
        [run.sh] All pods are running
        [run.sh] Running warmup test
        [run.sh] /wrk/wrk -t8 -c512 -d3s -L http://service0:80/endpoint1
        Running 3s test @ http://service0:80/endpoint1
        8 threads and 512 connections
        Thread Stats   Avg      Stdev     Max   +/- Stdev
        Latency   240.65ms   54.91ms 525.53ms   88.23%
        Req/Sec   274.90     66.26   400.00     81.70%
        Latency Distribution
        50%  225.79ms
        75%  247.17ms
        90%  292.54ms
        99%  468.32ms
        6180 requests in 3.04s, 3.58MB read
        Requests/sec:   2034.84
        Transfer/sec:      1.18MB
        [run.sh] Speed is 2034.84, duration is 29
        [run.sh] Fix the request number.
        [run.sh] Running the actual test
        [run.sh] /wrk/wrk --timeout 20s -t8 -c512 -d29s -L -s /wrk/fix_req_n.lua http://service0:80/endpoint1
        Running 29s test @ http://service0:80/endpoint1
        8 threads and 512 connections
        Thread Stats   Avg      Stdev     Max   +/- Stdev
        Latency   229.42ms   42.98ms 721.66ms   80.69%
        Req/Sec   278.69     61.11   474.00     70.36%
        Latency Distribution
        50%  222.69ms
        75%  244.64ms
        90%  275.68ms
        99%  390.78ms
        40000 requests in 29.00s, 23.16MB read
        Requests/sec:   1379.30
        Transfer/sec:    817.61KB
        ------------------------------
        stop time: 18.013246
        stop time: 17.927797
        stop time: 18.016367
        stop time: 18.036162
        stop time: 18.055405
        stop time: 18.078100
        stop time: 18.111862
        stop time: 18.071163
        [run.sh] Checking the resource usage
        NAME                             CPU(cores)   MEMORY(bytes)
        service0-5974d4ffb9-6wjxs        1934m        45Mi
        service1-76dc8bbc57-rzndd        602m         16Mi
        service2-65c58f846f-nrggb        433m         9Mi
        ubuntu-client-76886f6bbd-45nvf   33m          11Mi
        [run.sh] Test finished with status 0
        > STDERR
        > No resources found in default namespace.
    [exp] Times: [18.013246, 17.927797, 18.016367, 18.036162, 18.055405, 18.0781, 18.111862, 18.071163]
    [exp] Throughput: 2217.446980946628
[test.py] Baseline throughput: 2217.446980946628
[test.py] Running groundtruth experiment
    [exp] Running (pre_run: False) workload synthetic/chain-d2-http-sync request with the following configuration: {'CLIENT_CPU_QUOTA': '2', 'SLOWPOKE_POKER_BATCH_THRESHOLD': '40000000', 'PROCESSING_TIME_SERVICE0': '0.0', 'PROCESSING_TIME_SERVICE1': '0.0004767', 'PROCESSING_TIME_SERVICE2': '0.00024726', 'SLOWPOKE_DELAY_MICROS_SERVICE0': '0.0', 'SLOWPOKE_DELAY_MICROS_SERVICE1': '0.0', 'SLOWPOKE_DELAY_MICROS_SERVICE2': '0.0'}
    [exp] Executing cmd `bash run.sh synthetic chain-d2-http-sync 8 512 40000`:
        [run.sh] Running benchmark synthetic with request chain-d2-http-sync, thread 8, conn 512, duration 60
        [run.sh] Deleting all services
        configmap "config-service0" deleted
        deployment.apps "service0" deleted
        service "service0" deleted
        configmap "config-service1" deleted
        deployment.apps "service1" deleted
        service "service1" deleted
        configmap "config-service2" deleted
        deployment.apps "service2" deleted
        service "service2" deleted
        deployment.apps "ubuntu-client" deleted
        [run.sh] Waiting for all pods to be deleted
        [run.sh] Deploying all services
        configmap/config-service0 created
        deployment.apps/service0 created
        service/service0 created
        configmap/config-service1 created
        deployment.apps/service1 created
        service/service1 created
        configmap/config-service2 created
        deployment.apps/service2 created
        service/service2 created
        [run.sh] Client pod not found, deploying client
        deployment.apps/ubuntu-client created
        [run.sh] Waiting for all pods to be running
        [run.sh] All pods are running
        [run.sh] Running warmup test
        [run.sh] /wrk/wrk -t8 -c512 -d3s -L http://service0:80/endpoint1
        Running 3s test @ http://service0:80/endpoint1
        8 threads and 512 connections
        Thread Stats   Avg      Stdev     Max   +/- Stdev
        Latency   176.26ms   26.53ms 318.31ms   77.28%
        Req/Sec   353.74     74.34   470.00     82.92%
        Latency Distribution
        50%  172.94ms
        75%  188.10ms
        90%  206.91ms
        99%  267.69ms
        8456 requests in 3.02s, 4.90MB read
        Requests/sec:   2801.92
        Transfer/sec:      1.62MB
        [run.sh] Speed is 2801.92, duration is 21
        [run.sh] Fix the request number.
        [run.sh] Running the actual test
        [run.sh] /wrk/wrk --timeout 20s -t8 -c512 -d21s -L -s /wrk/fix_req_n.lua http://service0:80/endpoint1
        Running 21s test @ http://service0:80/endpoint1
        8 threads and 512 connections
        Thread Stats   Avg      Stdev     Max   +/- Stdev
        Latency   177.20ms   27.16ms 379.36ms   77.97%
        Req/Sec   360.44     54.94     1.06k    74.64%
        Latency Distribution
        50%  173.73ms
        75%  189.42ms
        90%  210.18ms
        99%  259.34ms
        40000 requests in 21.00s, 23.16MB read
        Requests/sec:   1904.75
        Transfer/sec:      1.10MB
        ------------------------------
        stop time: 13.754875
        stop time: 13.931142
        stop time: 13.983051
        stop time: 13.999078
        stop time: 13.931913
        stop time: 13.949381
        stop time: 14.005871
        stop time: 14.003304
        [run.sh] Checking the resource usage
        [run.sh] Test finished with status 0
        > STDERR
        > No resources found in default namespace.
        > error: metrics not available yet
    [exp] Times: [13.754875, 13.931142, 13.983051, 13.999078, 13.931913, 13.949381, 14.005871, 14.003304]
    [exp] Throughput: 2868.4472283919986
    [exp] Running (pre_run: False) workload synthetic/chain-d2-http-sync request with the following configuration: {'CLIENT_CPU_QUOTA': '2', 'SLOWPOKE_POKER_BATCH_THRESHOLD': '40000000', 'PROCESSING_TIME_SERVICE0': '6.7e-05', 'PROCESSING_TIME_SERVICE1': '0.0004767', 'PROCESSING_TIME_SERVICE2': '0.00024726', 'SLOWPOKE_DELAY_MICROS_SERVICE0': '0.0', 'SLOWPOKE_DELAY_MICROS_SERVICE1': '0.0', 'SLOWPOKE_DELAY_MICROS_SERVICE2': '0.0'}
    [exp] Executing cmd `bash run.sh synthetic chain-d2-http-sync 8 512 40000`:
        [run.sh] Running benchmark synthetic with request chain-d2-http-sync, thread 8, conn 512, duration 60
        [run.sh] Deleting all services
        configmap "config-service0" deleted
        deployment.apps "service0" deleted
        service "service0" deleted
        configmap "config-service1" deleted
        deployment.apps "service1" deleted
        service "service1" deleted
        configmap "config-service2" deleted
        deployment.apps "service2" deleted
        service "service2" deleted
        deployment.apps "ubuntu-client" deleted
        [run.sh] Waiting for all pods to be deleted
        [run.sh] Deploying all services
        configmap/config-service0 created
        deployment.apps/service0 created
        service/service0 created
        configmap/config-service1 created
        deployment.apps/service1 created
        service/service1 created
        configmap/config-service2 created
        deployment.apps/service2 created
        service/service2 created
        [run.sh] Client pod not found, deploying client
        deployment.apps/ubuntu-client created
        [run.sh] Waiting for all pods to be running
        [run.sh] All pods are running
        [run.sh] Running warmup test
        [run.sh] /wrk/wrk -t8 -c512 -d3s -L http://service0:80/endpoint1
        Running 3s test @ http://service0:80/endpoint1
        8 threads and 512 connections
        Thread Stats   Avg      Stdev     Max   +/- Stdev
        Latency   188.70ms   29.83ms 331.16ms   74.16%
        Req/Sec   332.35     76.00   474.00     78.90%
        Latency Distribution
        50%  182.57ms
        75%  201.52ms
        90%  230.62ms
        99%  288.40ms
        7880 requests in 3.03s, 4.56MB read
        Requests/sec:   2602.52
        Transfer/sec:      1.51MB
        [run.sh] Speed is 2602.52, duration is 23
        [run.sh] Fix the request number.
        [run.sh] Running the actual test
        [run.sh] /wrk/wrk --timeout 20s -t8 -c512 -d23s -L -s /wrk/fix_req_n.lua http://service0:80/endpoint1
        Running 23s test @ http://service0:80/endpoint1
        8 threads and 512 connections
        Thread Stats   Avg      Stdev     Max   +/- Stdev
        Latency   178.46ms   26.57ms 347.74ms   76.63%
        Req/Sec   357.88     53.68   720.00     73.52%
        Latency Distribution
        50%  175.46ms
        75%  191.64ms
        90%  211.38ms
        99%  256.67ms
        40000 requests in 23.00s, 23.16MB read
        Requests/sec:   1739.12
        Transfer/sec:      1.01MB
        ------------------------------
        stop time: 13.917430
        stop time: 13.960569
        stop time: 13.997424
        stop time: 14.064843
        stop time: 14.116074
        stop time: 14.122659
        stop time: 14.117215
        stop time: 14.138716
        [run.sh] Checking the resource usage
        NAME                             CPU(cores)   MEMORY(bytes)
        service0-5974d4ffb9-nqjwd        937m         41Mi
        service1-76dc8bbc57-vj62f        1556m        16Mi
        service2-65c58f846f-shxz5        1011m        10Mi
        ubuntu-client-76886f6bbd-ph9cw   70m          10Mi
        [run.sh] Test finished with status 0
        > STDERR
        > No resources found in default namespace.
    [exp] Times: [13.91743, 13.960569, 13.997424, 14.064843, 14.116074, 14.122659, 14.117215, 14.138716]
    [exp] Throughput: 2846.0906232609386
    [exp] Running (pre_run: False) workload synthetic/chain-d2-http-sync request with the following configuration: {'CLIENT_CPU_QUOTA': '2', 'SLOWPOKE_POKER_BATCH_THRESHOLD': '40000000', 'PROCESSING_TIME_SERVICE0': '0.000134', 'PROCESSING_TIME_SERVICE1': '0.0004767', 'PROCESSING_TIME_SERVICE2': '0.00024726', 'SLOWPOKE_DELAY_MICROS_SERVICE0': '0.0', 'SLOWPOKE_DELAY_MICROS_SERVICE1': '0.0', 'SLOWPOKE_DELAY_MICROS_SERVICE2': '0.0'}
    [exp] Executing cmd `bash run.sh synthetic chain-d2-http-sync 8 512 40000`:
        [run.sh] Running benchmark synthetic with request chain-d2-http-sync, thread 8, conn 512, duration 60
        [run.sh] Deleting all services
        configmap "config-service0" deleted
        deployment.apps "service0" deleted
        service "service0" deleted
        configmap "config-service1" deleted
        deployment.apps "service1" deleted
        service "service1" deleted
        configmap "config-service2" deleted
        deployment.apps "service2" deleted
        service "service2" deleted
        deployment.apps "ubuntu-client" deleted
        [run.sh] Waiting for all pods to be deleted
        [run.sh] Deploying all services
        configmap/config-service0 created
        deployment.apps/service0 created
        service/service0 created
        configmap/config-service1 created
        deployment.apps/service1 created
        service/service1 created
        configmap/config-service2 created
        deployment.apps/service2 created
        service/service2 created
        [run.sh] Client pod not found, deploying client
        deployment.apps/ubuntu-client created
        [run.sh] Waiting for all pods to be running
        [run.sh] All pods are running
        [run.sh] Running warmup test
        [run.sh] /wrk/wrk -t8 -c512 -d3s -L http://service0:80/endpoint1
        Running 3s test @ http://service0:80/endpoint1
        8 threads and 512 connections
        Thread Stats   Avg      Stdev     Max   +/- Stdev
        Latency   181.78ms   30.84ms 351.46ms   76.10%
        Req/Sec   342.83     73.72   474.00     81.67%
        Latency Distribution
        50%  176.25ms
        75%  196.46ms
        90%  221.92ms
        99%  279.22ms
        8191 requests in 3.02s, 4.74MB read
        Requests/sec:   2711.54
        Transfer/sec:      1.57MB
        [run.sh] Speed is 2711.54, duration is 22
        [run.sh] Fix the request number.
        [run.sh] Running the actual test
        [run.sh] /wrk/wrk --timeout 20s -t8 -c512 -d22s -L -s /wrk/fix_req_n.lua http://service0:80/endpoint1
        Running 22s test @ http://service0:80/endpoint1
        8 threads and 512 connections
        Thread Stats   Avg      Stdev     Max   +/- Stdev
        Latency   177.71ms   27.02ms 370.01ms   75.26%
        Req/Sec   359.30     52.00   656.00     75.78%
        Latency Distribution
        50%  173.88ms
        75%  190.88ms
        90%  212.10ms
        99%  258.75ms
        40001 requests in 22.00s, 23.16MB read
        Requests/sec:   1818.21
        Transfer/sec:      1.05MB
        ------------------------------
        stop time: 13.901965
        stop time: 13.921221
        stop time: 13.927036
        stop time: 14.005264
        stop time: 14.039692
        stop time: 14.040601
        stop time: 14.043510
        stop time: 14.034130
        [run.sh] Checking the resource usage
        [run.sh] Test finished with status 0
        > STDERR
        > No resources found in default namespace.
        > error: metrics not available yet
    [exp] Times: [13.901965, 13.921221, 13.927036, 14.005264, 14.039692, 14.040601, 14.04351, 14.03413]
    [exp] Throughput: 2859.353264866298
    [exp] Running (pre_run: False) workload synthetic/chain-d2-http-sync request with the following configuration: {'CLIENT_CPU_QUOTA': '2', 'SLOWPOKE_POKER_BATCH_THRESHOLD': '40000000', 'PROCESSING_TIME_SERVICE0': '0.000201', 'PROCESSING_TIME_SERVICE1': '0.0004767', 'PROCESSING_TIME_SERVICE2': '0.00024726', 'SLOWPOKE_DELAY_MICROS_SERVICE0': '0.0', 'SLOWPOKE_DELAY_MICROS_SERVICE1': '0.0', 'SLOWPOKE_DELAY_MICROS_SERVICE2': '0.0'}
    [exp] Executing cmd `bash run.sh synthetic chain-d2-http-sync 8 512 40000`:
        [run.sh] Running benchmark synthetic with request chain-d2-http-sync, thread 8, conn 512, duration 60
        [run.sh] Deleting all services
        configmap "config-service0" deleted
        deployment.apps "service0" deleted
        service "service0" deleted
        configmap "config-service1" deleted
        deployment.apps "service1" deleted
        service "service1" deleted
        configmap "config-service2" deleted
        deployment.apps "service2" deleted
        service "service2" deleted
        deployment.apps "ubuntu-client" deleted
        [run.sh] Waiting for all pods to be deleted
        [run.sh] Deploying all services
        configmap/config-service0 created
        deployment.apps/service0 created
        service/service0 created
        configmap/config-service1 created
        deployment.apps/service1 created
        service/service1 created
        configmap/config-service2 created
        deployment.apps/service2 created
        service/service2 created
        [run.sh] Client pod not found, deploying client
        deployment.apps/ubuntu-client created
        [run.sh] Waiting for all pods to be running
        [run.sh] All pods are running
        [run.sh] Running warmup test
        [run.sh] /wrk/wrk -t8 -c512 -d3s -L http://service0:80/endpoint1
        Running 3s test @ http://service0:80/endpoint1
        8 threads and 512 connections
        Thread Stats   Avg      Stdev     Max   +/- Stdev
        Latency   178.16ms   29.27ms 377.13ms   80.52%
        Req/Sec   348.22     74.05   494.00     79.58%
        Latency Distribution
        50%  172.54ms
        75%  189.13ms
        90%  214.12ms
        99%  281.34ms
        8325 requests in 3.03s, 4.82MB read
        Requests/sec:   2751.83
        Transfer/sec:      1.59MB
        [run.sh] Speed is 2751.83, duration is 21
        [run.sh] Fix the request number.
        [run.sh] Running the actual test
        [run.sh] /wrk/wrk --timeout 20s -t8 -c512 -d21s -L -s /wrk/fix_req_n.lua http://service0:80/endpoint1
        Running 21s test @ http://service0:80/endpoint1
        8 threads and 512 connections
        Thread Stats   Avg      Stdev     Max   +/- Stdev
        Latency   180.40ms   28.69ms 392.91ms   77.89%
        Req/Sec   353.96     52.46   720.00     75.13%
        Latency Distribution
        50%  176.09ms
        75%  193.34ms
        90%  215.56ms
        99%  271.31ms
        40000 requests in 21.00s, 23.16MB read
        Requests/sec:   1904.75
        Transfer/sec:      1.10MB
        ------------------------------
        stop time: 14.053643
        stop time: 14.080740
        stop time: 14.218888
        stop time: 14.273941
        stop time: 14.263838
        stop time: 14.208439
        stop time: 14.261239
        stop time: 14.245279
        [run.sh] Checking the resource usage
        NAME                             CPU(cores)   MEMORY(bytes)
        service0-5974d4ffb9-c7vbj        1003m        42Mi
        service1-76dc8bbc57-7769n        1915m        16Mi
        service2-65c58f846f-vmglv        1085m        10Mi
        ubuntu-client-76886f6bbd-4qkcv   90m          10Mi
        [run.sh] Test finished with status 0
        > STDERR
        > No resources found in default namespace.
    [exp] Times: [14.053643, 14.08074, 14.218888, 14.273941, 14.263838, 14.208439, 14.261239, 14.245279]
    [exp] Throughput: 2816.752462746094
    [exp] Running (pre_run: False) workload synthetic/chain-d2-http-sync request with the following configuration: {'CLIENT_CPU_QUOTA': '2', 'SLOWPOKE_POKER_BATCH_THRESHOLD': '40000000', 'PROCESSING_TIME_SERVICE0': '0.000268', 'PROCESSING_TIME_SERVICE1': '0.0004767', 'PROCESSING_TIME_SERVICE2': '0.00024726', 'SLOWPOKE_DELAY_MICROS_SERVICE0': '0.0', 'SLOWPOKE_DELAY_MICROS_SERVICE1': '0.0', 'SLOWPOKE_DELAY_MICROS_SERVICE2': '0.0'}
    [exp] Executing cmd `bash run.sh synthetic chain-d2-http-sync 8 512 40000`:
        [run.sh] Running benchmark synthetic with request chain-d2-http-sync, thread 8, conn 512, duration 60
        [run.sh] Deleting all services
        configmap "config-service0" deleted
        deployment.apps "service0" deleted
        service "service0" deleted
        configmap "config-service1" deleted
        deployment.apps "service1" deleted
        service "service1" deleted
        configmap "config-service2" deleted
        deployment.apps "service2" deleted
        service "service2" deleted
        deployment.apps "ubuntu-client" deleted
        [run.sh] Waiting for all pods to be deleted
        [run.sh] Deploying all services
        configmap/config-service0 created
        deployment.apps/service0 created
        service/service0 created
        configmap/config-service1 created
        deployment.apps/service1 created
        service/service1 created
        configmap/config-service2 created
        deployment.apps/service2 created
        service/service2 created
        [run.sh] Client pod not found, deploying client
        deployment.apps/ubuntu-client created
        [run.sh] Waiting for all pods to be running
        [run.sh] All pods are running
        [run.sh] Running warmup test
        [run.sh] /wrk/wrk -t8 -c512 -d3s -L http://service0:80/endpoint1
        Running 3s test @ http://service0:80/endpoint1
        8 threads and 512 connections
        Thread Stats   Avg      Stdev     Max   +/- Stdev
        Latency   184.10ms   32.65ms 428.87ms   78.35%
        Req/Sec   347.67     76.39   484.00     80.17%
        Latency Distribution
        50%  176.11ms
        75%  198.29ms
        90%  223.71ms
        99%  309.05ms
        8085 requests in 3.02s, 4.68MB read
        Requests/sec:   2675.76
        Transfer/sec:      1.55MB
        [run.sh] Speed is 2675.76, duration is 22
        [run.sh] Fix the request number.
        [run.sh] Running the actual test
        [run.sh] /wrk/wrk --timeout 20s -t8 -c512 -d22s -L -s /wrk/fix_req_n.lua http://service0:80/endpoint1
        Running 22s test @ http://service0:80/endpoint1
        8 threads and 512 connections
        Thread Stats   Avg      Stdev     Max   +/- Stdev
        Latency   181.56ms   30.29ms 470.28ms   79.36%
        Req/Sec   351.95     56.30   737.00     76.08%
        Latency Distribution
        50%  177.54ms
        75%  194.33ms
        90%  215.95ms
        99%  274.24ms
        40000 requests in 22.00s, 23.16MB read
        Requests/sec:   1818.17
        Transfer/sec:      1.05MB
        ------------------------------
        stop time: 14.105448
        stop time: 14.105031
        stop time: 14.263160
        stop time: 14.336748
        stop time: 14.348317
        stop time: 14.364358
        stop time: 14.421832
        stop time: 14.400213
        [run.sh] Checking the resource usage
        [run.sh] Test finished with status 0
        > STDERR
        > No resources found in default namespace.
        > error: metrics not available yet
    [exp] Times: [14.105448, 14.105031, 14.26316, 14.336748, 14.348317, 14.364358, 14.421832, 14.400213]
    [exp] Throughput: 2798.54563431385
    [exp] Running (pre_run: False) workload synthetic/chain-d2-http-sync request with the following configuration: {'CLIENT_CPU_QUOTA': '2', 'SLOWPOKE_POKER_BATCH_THRESHOLD': '40000000', 'PROCESSING_TIME_SERVICE0': '0.000335', 'PROCESSING_TIME_SERVICE1': '0.0004767', 'PROCESSING_TIME_SERVICE2': '0.00024726', 'SLOWPOKE_DELAY_MICROS_SERVICE0': '0.0', 'SLOWPOKE_DELAY_MICROS_SERVICE1': '0.0', 'SLOWPOKE_DELAY_MICROS_SERVICE2': '0.0'}
    [exp] Executing cmd `bash run.sh synthetic chain-d2-http-sync 8 512 40000`:
        [run.sh] Running benchmark synthetic with request chain-d2-http-sync, thread 8, conn 512, duration 60
        [run.sh] Deleting all services
        configmap "config-service0" deleted
        deployment.apps "service0" deleted
        service "service0" deleted
        configmap "config-service1" deleted
        deployment.apps "service1" deleted
        service "service1" deleted
        configmap "config-service2" deleted
        deployment.apps "service2" deleted
        service "service2" deleted
        deployment.apps "ubuntu-client" deleted
        [run.sh] Waiting for all pods to be deleted
        [run.sh] Deploying all services
        configmap/config-service0 created
        deployment.apps/service0 created
        service/service0 created
        configmap/config-service1 created
        deployment.apps/service1 created
        service/service1 created
        configmap/config-service2 created
        deployment.apps/service2 created
        service/service2 created
        [run.sh] Client pod not found, deploying client
        deployment.apps/ubuntu-client created
        [run.sh] Waiting for all pods to be running
        [run.sh] All pods are running
        [run.sh] Running warmup test
        [run.sh] /wrk/wrk -t8 -c512 -d3s -L http://service0:80/endpoint1
        Running 3s test @ http://service0:80/endpoint1
        8 threads and 512 connections
        Thread Stats   Avg      Stdev     Max   +/- Stdev
        Latency   184.91ms   29.17ms 367.16ms   78.87%
        Req/Sec   344.40     62.89   484.00     81.03%
        Latency Distribution
        50%  179.26ms
        75%  196.99ms
        90%  219.09ms
        99%  305.30ms
        8040 requests in 3.02s, 4.65MB read
        Requests/sec:   2666.10
        Transfer/sec:      1.54MB
        [run.sh] Speed is 2666.10, duration is 22
        [run.sh] Fix the request number.
        [run.sh] Running the actual test
        [run.sh] /wrk/wrk --timeout 20s -t8 -c512 -d22s -L -s /wrk/fix_req_n.lua http://service0:80/endpoint1
        Running 22s test @ http://service0:80/endpoint1
        8 threads and 512 connections
        Thread Stats   Avg      Stdev     Max   +/- Stdev
        Latency   177.87ms   28.31ms 485.40ms   78.76%
        Req/Sec   359.74     49.69   494.00     72.91%
        Latency Distribution
        50%  173.22ms
        75%  189.73ms
        90%  212.62ms
        99%  267.32ms
        40000 requests in 22.00s, 23.16MB read
        Requests/sec:   1818.17
        Transfer/sec:      1.05MB
        ------------------------------
        stop time: 13.891401
        stop time: 13.914323
        stop time: 13.950227
        stop time: 14.037670
        stop time: 14.013487
        stop time: 14.091205
        stop time: 14.093505
        stop time: 14.081578
        [run.sh] Checking the resource usage
        NAME                             CPU(cores)   MEMORY(bytes)
        service0-5974d4ffb9-f2kgc        1644m        42Mi
        service1-76dc8bbc57-xq4n7        1519m        17Mi
        service2-65c58f846f-x7c68        765m         10Mi
        ubuntu-client-76886f6bbd-28r8s   89m          10Mi
        [run.sh] Test finished with status 0
        > STDERR
        > No resources found in default namespace.
    [exp] Times: [13.891401, 13.914323, 13.950227, 14.03767, 14.013487, 14.091205, 14.093505, 14.081578]
    [exp] Throughput: 2855.2717363896068
    [exp] Running (pre_run: False) workload synthetic/chain-d2-http-sync request with the following configuration: {'CLIENT_CPU_QUOTA': '2', 'SLOWPOKE_POKER_BATCH_THRESHOLD': '40000000', 'PROCESSING_TIME_SERVICE0': '0.000402', 'PROCESSING_TIME_SERVICE1': '0.0004767', 'PROCESSING_TIME_SERVICE2': '0.00024726', 'SLOWPOKE_DELAY_MICROS_SERVICE0': '0.0', 'SLOWPOKE_DELAY_MICROS_SERVICE1': '0.0', 'SLOWPOKE_DELAY_MICROS_SERVICE2': '0.0'}
    [exp] Executing cmd `bash run.sh synthetic chain-d2-http-sync 8 512 40000`:
        [run.sh] Running benchmark synthetic with request chain-d2-http-sync, thread 8, conn 512, duration 60
        [run.sh] Deleting all services
        configmap "config-service0" deleted
        deployment.apps "service0" deleted
        service "service0" deleted
        configmap "config-service1" deleted
        deployment.apps "service1" deleted
        service "service1" deleted
        configmap "config-service2" deleted
        deployment.apps "service2" deleted
        service "service2" deleted
        deployment.apps "ubuntu-client" deleted
        [run.sh] Waiting for all pods to be deleted
        [run.sh] Deploying all services
        configmap/config-service0 created
        deployment.apps/service0 created
        service/service0 created
        configmap/config-service1 created
        deployment.apps/service1 created
        service/service1 created
        configmap/config-service2 created
        deployment.apps/service2 created
        service/service2 created
        [run.sh] Client pod not found, deploying client
        deployment.apps/ubuntu-client created
        [run.sh] Waiting for all pods to be running
        [run.sh] All pods are running
        [run.sh] Running warmup test
        [run.sh] /wrk/wrk -t8 -c512 -d3s -L http://service0:80/endpoint1
        Running 3s test @ http://service0:80/endpoint1
        8 threads and 512 connections
        Thread Stats   Avg      Stdev     Max   +/- Stdev
        Latency   198.98ms   45.01ms 450.91ms   86.09%
        Req/Sec   324.11     88.04   480.00     77.59%
        Latency Distribution
        50%  186.78ms
        75%  210.98ms
        90%  244.15ms
        99%  389.18ms
        7510 requests in 3.03s, 4.35MB read
        Requests/sec:   2478.17
        Transfer/sec:      1.43MB
        [run.sh] Speed is 2478.17, duration is 24
        [run.sh] Fix the request number.
        [run.sh] Running the actual test
        [run.sh] /wrk/wrk --timeout 20s -t8 -c512 -d24s -L -s /wrk/fix_req_n.lua http://service0:80/endpoint1
        Running 24s test @ http://service0:80/endpoint1
        8 threads and 512 connections
        Thread Stats   Avg      Stdev     Max   +/- Stdev
        Latency   182.97ms   28.14ms 405.67ms   78.22%
        Req/Sec   350.02     53.28   690.00     76.82%
        Latency Distribution
        50%  178.47ms
        75%  195.10ms
        90%  216.30ms
        99%  276.87ms
        40000 requests in 24.00s, 23.16MB read
        Requests/sec:   1666.66
        Transfer/sec:      0.96MB
        ------------------------------
        stop time: 14.137104
        stop time: 14.377389
        stop time: 14.466077
        stop time: 14.413754
        stop time: 14.402058
        stop time: 14.433274
        stop time: 14.442725
        stop time: 14.525828
        [run.sh] Checking the resource usage
        [run.sh] Test finished with status 0
        > STDERR
        > No resources found in default namespace.
        > error: metrics not available yet
    [exp] Times: [14.137104, 14.377389, 14.466077, 14.413754, 14.402058, 14.433274, 14.442725, 14.525828]
    [exp] Throughput: 2777.820964213081
    [exp] Running (pre_run: False) workload synthetic/chain-d2-http-sync request with the following configuration: {'CLIENT_CPU_QUOTA': '2', 'SLOWPOKE_POKER_BATCH_THRESHOLD': '40000000', 'PROCESSING_TIME_SERVICE0': '0.000469', 'PROCESSING_TIME_SERVICE1': '0.0004767', 'PROCESSING_TIME_SERVICE2': '0.00024726', 'SLOWPOKE_DELAY_MICROS_SERVICE0': '0.0', 'SLOWPOKE_DELAY_MICROS_SERVICE1': '0.0', 'SLOWPOKE_DELAY_MICROS_SERVICE2': '0.0'}
    [exp] Executing cmd `bash run.sh synthetic chain-d2-http-sync 8 512 40000`:
        [run.sh] Running benchmark synthetic with request chain-d2-http-sync, thread 8, conn 512, duration 60
        [run.sh] Deleting all services
        configmap "config-service0" deleted
        deployment.apps "service0" deleted
        service "service0" deleted
        configmap "config-service1" deleted
        deployment.apps "service1" deleted
        service "service1" deleted
        configmap "config-service2" deleted
        deployment.apps "service2" deleted
        service "service2" deleted
        deployment.apps "ubuntu-client" deleted
        [run.sh] Waiting for all pods to be deleted
        [run.sh] Deploying all services
        configmap/config-service0 created
        deployment.apps/service0 created
        service/service0 created
        configmap/config-service1 created
        deployment.apps/service1 created
        service/service1 created
        configmap/config-service2 created
        deployment.apps/service2 created
        service/service2 created
        [run.sh] Client pod not found, deploying client
        deployment.apps/ubuntu-client created
        [run.sh] Waiting for all pods to be running
        [run.sh] All pods are running
        [run.sh] Running warmup test
        [run.sh] /wrk/wrk -t8 -c512 -d3s -L http://service0:80/endpoint1
        Running 3s test @ http://service0:80/endpoint1
        8 threads and 512 connections
        Thread Stats   Avg      Stdev     Max   +/- Stdev
        Latency   193.50ms   39.95ms 420.82ms   83.87%
        Req/Sec   337.04     65.91   484.00     80.80%
        Latency Distribution
        50%  184.87ms
        75%  205.60ms
        90%  231.80ms
        99%  365.53ms
        7701 requests in 3.03s, 4.46MB read
        Requests/sec:   2542.81
        Transfer/sec:      1.47MB
        [run.sh] Speed is 2542.81, duration is 23
        [run.sh] Fix the request number.
        [run.sh] Running the actual test
        [run.sh] /wrk/wrk --timeout 20s -t8 -c512 -d23s -L -s /wrk/fix_req_n.lua http://service0:80/endpoint1
        Running 23s test @ http://service0:80/endpoint1
        8 threads and 512 connections
        Thread Stats   Avg      Stdev     Max   +/- Stdev
        Latency   185.86ms   32.09ms 561.67ms   82.55%
        Req/Sec   344.32     54.46   696.00     75.09%
        Latency Distribution
        50%  181.39ms
        75%  198.28ms
        90%  219.17ms
        99%  282.30ms
        40000 requests in 23.00s, 23.16MB read
        Requests/sec:   1739.12
        Transfer/sec:      1.01MB
        ------------------------------
        stop time: 14.448501
        stop time: 14.523638
        stop time: 14.593263
        stop time: 14.674810
        stop time: 14.623608
        stop time: 14.661729
        stop time: 14.731106
        stop time: 14.730184
        [run.sh] Checking the resource usage
        NAME                             CPU(cores)   MEMORY(bytes)
        service0-5974d4ffb9-8svlh        1676m        43Mi
        service1-76dc8bbc57-5z55t        1047m        16Mi
        service2-65c58f846f-qq77k        477m         9Mi
        ubuntu-client-76886f6bbd-9vdp2   71m          10Mi
        [run.sh] Test finished with status 0
        > STDERR
        > No resources found in default namespace.
    [exp] Times: [14.448501, 14.523638, 14.593263, 14.67481, 14.623608, 14.661729, 14.731106, 14.730184]
    [exp] Throughput: 2735.350426897166
    [exp] Running (pre_run: False) workload synthetic/chain-d2-http-sync request with the following configuration: {'CLIENT_CPU_QUOTA': '2', 'SLOWPOKE_POKER_BATCH_THRESHOLD': '40000000', 'PROCESSING_TIME_SERVICE0': '0.000536', 'PROCESSING_TIME_SERVICE1': '0.0004767', 'PROCESSING_TIME_SERVICE2': '0.00024726', 'SLOWPOKE_DELAY_MICROS_SERVICE0': '0.0', 'SLOWPOKE_DELAY_MICROS_SERVICE1': '0.0', 'SLOWPOKE_DELAY_MICROS_SERVICE2': '0.0'}
    [exp] Executing cmd `bash run.sh synthetic chain-d2-http-sync 8 512 40000`:
        [run.sh] Running benchmark synthetic with request chain-d2-http-sync, thread 8, conn 512, duration 60
        [run.sh] Deleting all services
        configmap "config-service0" deleted
        deployment.apps "service0" deleted
        service "service0" deleted
        configmap "config-service1" deleted
        deployment.apps "service1" deleted
        service "service1" deleted
        configmap "config-service2" deleted
        deployment.apps "service2" deleted
        service "service2" deleted
        deployment.apps "ubuntu-client" deleted
        [run.sh] Waiting for all pods to be deleted
        [run.sh] Deploying all services
        configmap/config-service0 created
        deployment.apps/service0 created
        service/service0 created
        configmap/config-service1 created
        deployment.apps/service1 created
        service/service1 created
        configmap/config-service2 created
        deployment.apps/service2 created
        service/service2 created
        [run.sh] Client pod not found, deploying client
        deployment.apps/ubuntu-client created
        [run.sh] Waiting for all pods to be running
        [run.sh] All pods are running
        [run.sh] Running warmup test
        [run.sh] /wrk/wrk -t8 -c512 -d3s -L http://service0:80/endpoint1
        Running 3s test @ http://service0:80/endpoint1
        8 threads and 512 connections
        Thread Stats   Avg      Stdev     Max   +/- Stdev
        Latency   204.88ms   49.24ms 508.59ms   87.39%
        Req/Sec   319.65     74.99   500.00     78.12%
        Latency Distribution
        50%  192.79ms
        75%  218.34ms
        90%  252.10ms
        99%  435.93ms
        7271 requests in 3.02s, 4.21MB read
        Requests/sec:   2406.96
        Transfer/sec:      1.39MB
        [run.sh] Speed is 2406.96, duration is 24
        [run.sh] Fix the request number.
        [run.sh] Running the actual test
        [run.sh] /wrk/wrk --timeout 20s -t8 -c512 -d24s -L -s /wrk/fix_req_n.lua http://service0:80/endpoint1
        Running 24s test @ http://service0:80/endpoint1
        8 threads and 512 connections
        Thread Stats   Avg      Stdev     Max   +/- Stdev
        Latency   195.45ms   34.54ms 649.10ms   80.71%
        Req/Sec   326.69     57.37   500.00     73.94%
        Latency Distribution
        50%  189.89ms
        75%  209.64ms
        90%  233.75ms
        99%  304.52ms
        40000 requests in 24.00s, 23.16MB read
        Requests/sec:   1666.66
        Transfer/sec:      0.96MB
        ------------------------------
        stop time: 15.297722
        stop time: 15.389994
        stop time: 15.381379
        stop time: 15.355870
        stop time: 15.360685
        stop time: 15.333911
        stop time: 15.474896
        stop time: 15.416670
        [run.sh] Checking the resource usage
        NAME                        CPU(cores)   MEMORY(bytes)
        service1-76dc8bbc57-h7vtz   543m         15Mi
        service2-65c58f846f-4dpqp   302m         9Mi
        [run.sh] Test finished with status 0
        > STDERR
        > No resources found in default namespace.
    [exp] Times: [15.297722, 15.389994, 15.381379, 15.35587, 15.360685, 15.333911, 15.474896, 15.41667]
    [exp] Throughput: 2601.390685575948
    [exp] Running (pre_run: False) workload synthetic/chain-d2-http-sync request with the following configuration: {'CLIENT_CPU_QUOTA': '2', 'SLOWPOKE_POKER_BATCH_THRESHOLD': '40000000', 'PROCESSING_TIME_SERVICE0': '0.000603', 'PROCESSING_TIME_SERVICE1': '0.0004767', 'PROCESSING_TIME_SERVICE2': '0.00024726', 'SLOWPOKE_DELAY_MICROS_SERVICE0': '0.0', 'SLOWPOKE_DELAY_MICROS_SERVICE1': '0.0', 'SLOWPOKE_DELAY_MICROS_SERVICE2': '0.0'}
    [exp] Executing cmd `bash run.sh synthetic chain-d2-http-sync 8 512 40000`:
        [run.sh] Running benchmark synthetic with request chain-d2-http-sync, thread 8, conn 512, duration 60
        [run.sh] Deleting all services
        configmap "config-service0" deleted
        deployment.apps "service0" deleted
        service "service0" deleted
        configmap "config-service1" deleted
        deployment.apps "service1" deleted
        service "service1" deleted
        configmap "config-service2" deleted
        deployment.apps "service2" deleted
        service "service2" deleted
        deployment.apps "ubuntu-client" deleted
        [run.sh] Waiting for all pods to be deleted
        [run.sh] Deploying all services
        configmap/config-service0 created
        deployment.apps/service0 created
        service/service0 created
        configmap/config-service1 created
        deployment.apps/service1 created
        service/service1 created
        configmap/config-service2 created
        deployment.apps/service2 created
        service/service2 created
        [run.sh] Client pod not found, deploying client
        deployment.apps/ubuntu-client created
        [run.sh] Waiting for all pods to be running
        [run.sh] All pods are running
        [run.sh] Running warmup test
        [run.sh] /wrk/wrk -t8 -c512 -d3s -L http://service0:80/endpoint1
        Running 3s test @ http://service0:80/endpoint1
        8 threads and 512 connections
        Thread Stats   Avg      Stdev     Max   +/- Stdev
        Latency   225.30ms   54.24ms 546.45ms   82.46%
        Req/Sec   282.17     76.08   440.00     72.41%
        Latency Distribution
        50%  211.95ms
        75%  237.19ms
        90%  289.20ms
        99%  444.53ms
        6571 requests in 3.02s, 3.80MB read
        Requests/sec:   2175.41
        Transfer/sec:      1.26MB
        [run.sh] Speed is 2175.41, duration is 27
        [run.sh] Fix the request number.
        [run.sh] Running the actual test
        [run.sh] /wrk/wrk --timeout 20s -t8 -c512 -d27s -L -s /wrk/fix_req_n.lua http://service0:80/endpoint1
        Running 27s test @ http://service0:80/endpoint1
        8 threads and 512 connections
        Thread Stats   Avg      Stdev     Max   +/- Stdev
        Latency   208.76ms   44.02ms 727.01ms   87.07%
        Req/Sec   306.93     61.70   757.00     72.12%
        Latency Distribution
        50%  202.70ms
        75%  222.06ms
        90%  247.54ms
        99%  379.77ms
        40000 requests in 27.00s, 23.16MB read
        Requests/sec:   1481.47
        Transfer/sec:      0.86MB
        ------------------------------
        stop time: 16.295286
        stop time: 16.162974
        stop time: 16.311176
        stop time: 16.433243
        stop time: 16.520814
        stop time: 16.470591
        stop time: 16.496343
        stop time: 16.523887
        [run.sh] Checking the resource usage
        NAME                             CPU(cores)   MEMORY(bytes)
        service0-5974d4ffb9-rcsx2        1490m        45Mi
        service1-76dc8bbc57-v2mzt        728m         15Mi
        service2-65c58f846f-flscp        315m         9Mi
        ubuntu-client-76886f6bbd-mczk2   61m          11Mi
        [run.sh] Test finished with status 0
        > STDERR
        > No resources found in default namespace.
    [exp] Times: [16.295286, 16.162974, 16.311176, 16.433243, 16.520814, 16.470591, 16.496343, 16.523887]
    [exp] Throughput: 2438.758320224118
[test.py] Running slowdown experiment
    [exp] Running (pre_run: False) workload synthetic/chain-d2-http-sync request with the following configuration: {'CLIENT_CPU_QUOTA': '2', 'SLOWPOKE_POKER_BATCH_THRESHOLD': '40000000', 'PROCESSING_TIME_SERVICE0': '0.0006766', 'PROCESSING_TIME_SERVICE1': '0.0004767', 'PROCESSING_TIME_SERVICE2': '0.00024726', 'SLOWPOKE_DELAY_MICROS_SERVICE0': '0.0', 'SLOWPOKE_DELAY_MICROS_SERVICE1': '338.0', 'SLOWPOKE_DELAY_MICROS_SERVICE2': '338.0'}
    [exp] Executing cmd `bash run.sh synthetic chain-d2-http-sync 8 512 40000`:
        [run.sh] Running benchmark synthetic with request chain-d2-http-sync, thread 8, conn 512, duration 60
        [run.sh] Deleting all services
        configmap "config-service0" deleted
        deployment.apps "service0" deleted
        service "service0" deleted
        configmap "config-service1" deleted
        deployment.apps "service1" deleted
        service "service1" deleted
        configmap "config-service2" deleted
        deployment.apps "service2" deleted
        service "service2" deleted
        deployment.apps "ubuntu-client" deleted
        [run.sh] Waiting for all pods to be deleted
        [run.sh] Deploying all services
        configmap/config-service0 created
        deployment.apps/service0 created
        service/service0 created
        configmap/config-service1 created
        deployment.apps/service1 created
        service/service1 created
        configmap/config-service2 created
        deployment.apps/service2 created
        service/service2 created
        [run.sh] Client pod not found, deploying client
        deployment.apps/ubuntu-client created
        [run.sh] Waiting for all pods to be running
        [run.sh] All pods are running
        [run.sh] Running warmup test
        [run.sh] /wrk/wrk -t8 -c512 -d3s -L http://service0:80/endpoint1
        Running 3s test @ http://service0:80/endpoint1
        8 threads and 512 connections
        Thread Stats   Avg      Stdev     Max   +/- Stdev
        Latency   396.07ms   70.89ms 717.53ms   77.57%
        Req/Sec   155.37     67.00   400.00     71.12%
        Latency Distribution
        50%  390.37ms
        75%  437.47ms
        90%  473.06ms
        99%  639.26ms
        3611 requests in 3.03s, 2.09MB read
        Requests/sec:   1193.43
        Transfer/sec:    707.43KB
        [run.sh] Speed is 1193.43, duration is 50
        [run.sh] Fix the request number.
        [run.sh] Running the actual test
        [run.sh] /wrk/wrk --timeout 20s -t8 -c512 -d50s -L -s /wrk/fix_req_n.lua http://service0:80/endpoint1
        [run.sh] Checking the resource usage
        NAME                             CPU(cores)   MEMORY(bytes)
        service0-5974d4ffb9-v6gcx        391m         39Mi
        service1-85d68db775-qhrnd        302m         16Mi
        service2-7bc7f7f6b7-cfflh        147m         10Mi
        ubuntu-client-76886f6bbd-9pcxk   19m          0Mi
        Running 50s test @ http://service0:80/endpoint1
        8 threads and 512 connections
        Thread Stats   Avg      Stdev     Max   +/- Stdev
        Latency   380.94ms   50.58ms 694.72ms   74.47%
        Req/Sec   168.06     46.08   343.00     67.62%
        Latency Distribution
        50%  375.29ms
        75%  409.71ms
        90%  447.86ms
        99%  503.74ms
        40000 requests in 50.00s, 23.16MB read
        Requests/sec:    800.00
        Transfer/sec:    474.22KB
        ------------------------------
        stop time: 29.687242
        stop time: 29.766273
        stop time: 29.865572
        stop time: 30.035220
        stop time: 29.948638
        stop time: 30.169146
        stop time: 30.122331
        stop time: 30.205674
        [run.sh] Test finished with status 0
        > STDERR
        > No resources found in default namespace.
    [exp] Times: [29.687242, 29.766273, 29.865572, 30.03522, 29.948638, 30.169146, 30.122331, 30.205674]
    [exp] Throughput: 1334.4448369194981
    [exp] Running (pre_run: False) workload synthetic/chain-d2-http-sync request with the following configuration: {'CLIENT_CPU_QUOTA': '2', 'SLOWPOKE_POKER_BATCH_THRESHOLD': '40000000', 'PROCESSING_TIME_SERVICE0': '0.0006766', 'PROCESSING_TIME_SERVICE1': '0.0004767', 'PROCESSING_TIME_SERVICE2': '0.00024726', 'SLOWPOKE_DELAY_MICROS_SERVICE0': '0.0', 'SLOWPOKE_DELAY_MICROS_SERVICE1': '304.5', 'SLOWPOKE_DELAY_MICROS_SERVICE2': '304.5'}
    [exp] Executing cmd `bash run.sh synthetic chain-d2-http-sync 8 512 40000`:
        [run.sh] Running benchmark synthetic with request chain-d2-http-sync, thread 8, conn 512, duration 60
        [run.sh] Deleting all services
        configmap "config-service0" deleted
        deployment.apps "service0" deleted
        service "service0" deleted
        configmap "config-service1" deleted
        deployment.apps "service1" deleted
        service "service1" deleted
        configmap "config-service2" deleted
        deployment.apps "service2" deleted
        service "service2" deleted
        deployment.apps "ubuntu-client" deleted
        [run.sh] Waiting for all pods to be deleted
        [run.sh] Deploying all services
        configmap/config-service0 created
        deployment.apps/service0 created
        service/service0 created
        configmap/config-service1 created
        deployment.apps/service1 created
        service/service1 created
        configmap/config-service2 created
        deployment.apps/service2 created
        service/service2 created
        [run.sh] Client pod not found, deploying client
        deployment.apps/ubuntu-client created
        [run.sh] Waiting for all pods to be running
        [run.sh] All pods are running
        [run.sh] Running warmup test
        [run.sh] /wrk/wrk -t8 -c512 -d3s -L http://service0:80/endpoint1
        Running 3s test @ http://service0:80/endpoint1
        8 threads and 512 connections
        Thread Stats   Avg      Stdev     Max   +/- Stdev
        Latency   360.33ms   66.70ms 809.27ms   76.80%
        Req/Sec   175.64     57.51   290.00     67.41%
        Latency Distribution
        50%  350.96ms
        75%  385.66ms
        90%  438.58ms
        99%  574.64ms
        4009 requests in 3.03s, 2.32MB read
        Requests/sec:   1323.98
        Transfer/sec:    784.82KB
        [run.sh] Speed is 1323.98, duration is 45
        [run.sh] Fix the request number.
        [run.sh] Running the actual test
        [run.sh] /wrk/wrk --timeout 20s -t8 -c512 -d45s -L -s /wrk/fix_req_n.lua http://service0:80/endpoint1
        [run.sh] Checking the resource usage
        NAME                             CPU(cores)   MEMORY(bytes)
        service0-5974d4ffb9-pdhgh        1086m        44Mi
        service1-76ddbcd8b7-jntzq        986m         16Mi
        service2-5f79d656ff-d5xtb        146m         11Mi
        ubuntu-client-76886f6bbd-75rnb   42m          11Mi
        Running 45s test @ http://service0:80/endpoint1
        8 threads and 512 connections
        Thread Stats   Avg      Stdev     Max   +/- Stdev
        Latency   364.93ms   48.79ms 787.17ms   73.42%
        Req/Sec   175.32     49.41   474.00     70.75%
        Latency Distribution
        50%  362.85ms
        75%  394.87ms
        90%  422.07ms
        99%  484.14ms
        40000 requests in 45.00s, 23.16MB read
        Requests/sec:    888.89
        Transfer/sec:    526.91KB
        ------------------------------
        stop time: 28.473475
        stop time: 28.572835
        stop time: 28.585039
        stop time: 28.666093
        stop time: 28.817187
        stop time: 28.803892
        stop time: 28.878018
        stop time: 28.800663
        [run.sh] Test finished with status 0
        > STDERR
        > No resources found in default namespace.
    [exp] Times: [28.473475, 28.572835, 28.585039, 28.666093, 28.817187, 28.803892, 28.878018, 28.800663]
    [exp] Throughput: 1393.7452077486555
    [exp] Running (pre_run: False) workload synthetic/chain-d2-http-sync request with the following configuration: {'CLIENT_CPU_QUOTA': '2', 'SLOWPOKE_POKER_BATCH_THRESHOLD': '40000000', 'PROCESSING_TIME_SERVICE0': '0.0006766', 'PROCESSING_TIME_SERVICE1': '0.0004767', 'PROCESSING_TIME_SERVICE2': '0.00024726', 'SLOWPOKE_DELAY_MICROS_SERVICE0': '0.0', 'SLOWPOKE_DELAY_MICROS_SERVICE1': '271.0', 'SLOWPOKE_DELAY_MICROS_SERVICE2': '271.0'}
    [exp] Executing cmd `bash run.sh synthetic chain-d2-http-sync 8 512 40000`:
        [run.sh] Running benchmark synthetic with request chain-d2-http-sync, thread 8, conn 512, duration 60
        [run.sh] Deleting all services
        configmap "config-service0" deleted
        deployment.apps "service0" deleted
        service "service0" deleted
        configmap "config-service1" deleted
        deployment.apps "service1" deleted
        service "service1" deleted
        configmap "config-service2" deleted
        deployment.apps "service2" deleted
        service "service2" deleted
        deployment.apps "ubuntu-client" deleted
        [run.sh] Waiting for all pods to be deleted
        [run.sh] Deploying all services
        configmap/config-service0 created
        deployment.apps/service0 created
        service/service0 created
        configmap/config-service1 created
        deployment.apps/service1 created
        service/service1 created
        configmap/config-service2 created
        deployment.apps/service2 created
        service/service2 created
        [run.sh] Client pod not found, deploying client
        deployment.apps/ubuntu-client created
        [run.sh] Waiting for all pods to be running
        [run.sh] All pods are running
        [run.sh] Running warmup test
        [run.sh] /wrk/wrk -t8 -c512 -d3s -L http://service0:80/endpoint1
        Running 3s test @ http://service0:80/endpoint1
        8 threads and 512 connections
        Thread Stats   Avg      Stdev     Max   +/- Stdev
        Latency   345.02ms   62.55ms 663.09ms   81.95%
        Req/Sec   183.65     57.00   310.00     71.43%
        Latency Distribution
        50%  330.75ms
        75%  367.97ms
        90%  413.11ms
        99%  604.77ms
        4171 requests in 3.03s, 2.41MB read
        Requests/sec:   1375.08
        Transfer/sec:    815.11KB
        [run.sh] Speed is 1375.08, duration is 43
        [run.sh] Fix the request number.
        [run.sh] Running the actual test
        [run.sh] /wrk/wrk --timeout 20s -t8 -c512 -d43s -L -s /wrk/fix_req_n.lua http://service0:80/endpoint1
        [run.sh] Checking the resource usage
        NAME                             CPU(cores)   MEMORY(bytes)
        service0-5974d4ffb9-tz8dj        912m         45Mi
        service1-8646b85459-v4l4w        1040m        16Mi
        service2-cf8c599-xlkx4           533m         11Mi
        ubuntu-client-76886f6bbd-pdl8d   39m          11Mi
        Running 43s test @ http://service0:80/endpoint1
        8 threads and 512 connections
        Thread Stats   Avg      Stdev     Max   +/- Stdev
        Latency   351.05ms   50.20ms 671.92ms   71.07%
        Req/Sec   182.03     45.95   414.00     70.43%
        Latency Distribution
        50%  345.62ms
        75%  382.14ms
        90%  416.84ms
        99%  476.88ms
        40000 requests in 43.00s, 23.16MB read
        Requests/sec:    930.23
        Transfer/sec:    551.42KB
        ------------------------------
        stop time: 27.408173
        stop time: 27.363974
        stop time: 27.453733
        stop time: 27.661235
        stop time: 27.594373
        stop time: 27.789435
        stop time: 27.760450
        stop time: 27.765836
        [run.sh] Test finished with status 0
        > STDERR
        > No resources found in default namespace.
    [exp] Times: [27.408173, 27.363974, 27.453733, 27.661235, 27.594373, 27.789435, 27.76045, 27.765836]
    [exp] Throughput: 1449.2936819685976
    [exp] Running (pre_run: False) workload synthetic/chain-d2-http-sync request with the following configuration: {'CLIENT_CPU_QUOTA': '2', 'SLOWPOKE_POKER_BATCH_THRESHOLD': '40000000', 'PROCESSING_TIME_SERVICE0': '0.0006766', 'PROCESSING_TIME_SERVICE1': '0.0004767', 'PROCESSING_TIME_SERVICE2': '0.00024726', 'SLOWPOKE_DELAY_MICROS_SERVICE0': '0.0', 'SLOWPOKE_DELAY_MICROS_SERVICE1': '237.5', 'SLOWPOKE_DELAY_MICROS_SERVICE2': '237.5'}
    [exp] Executing cmd `bash run.sh synthetic chain-d2-http-sync 8 512 40000`:
        [run.sh] Running benchmark synthetic with request chain-d2-http-sync, thread 8, conn 512, duration 60
        [run.sh] Deleting all services
        configmap "config-service0" deleted
        deployment.apps "service0" deleted
        service "service0" deleted
        configmap "config-service1" deleted
        deployment.apps "service1" deleted
        service "service1" deleted
        configmap "config-service2" deleted
        deployment.apps "service2" deleted
        service "service2" deleted
        deployment.apps "ubuntu-client" deleted
        [run.sh] Waiting for all pods to be deleted
        [run.sh] Deploying all services
        configmap/config-service0 created
        deployment.apps/service0 created
        service/service0 created
        configmap/config-service1 created
        deployment.apps/service1 created
        service/service1 created
        configmap/config-service2 created
        deployment.apps/service2 created
        service/service2 created
        [run.sh] Client pod not found, deploying client
        deployment.apps/ubuntu-client created
        [run.sh] Waiting for all pods to be running
        [run.sh] All pods are running
        [run.sh] Running warmup test
        [run.sh] /wrk/wrk -t8 -c512 -d3s -L http://service0:80/endpoint1
        Running 3s test @ http://service0:80/endpoint1
        8 threads and 512 connections
        Thread Stats   Avg      Stdev     Max   +/- Stdev
        Latency   330.93ms   60.03ms 626.70ms   78.95%
        Req/Sec   194.85     59.73   333.00     71.88%
        Latency Distribution
        50%  318.52ms
        75%  355.20ms
        90%  400.12ms
        99%  548.61ms
        4423 requests in 3.04s, 2.56MB read
        Requests/sec:   1457.20
        Transfer/sec:    863.79KB
        [run.sh] Speed is 1457.20, duration is 41
        [run.sh] Fix the request number.
        [run.sh] Running the actual test
        [run.sh] /wrk/wrk --timeout 20s -t8 -c512 -d41s -L -s /wrk/fix_req_n.lua http://service0:80/endpoint1
        [run.sh] Checking the resource usage
        NAME                             CPU(cores)   MEMORY(bytes)
        service0-5974d4ffb9-7zsz9        463m         31Mi
        ubuntu-client-76886f6bbd-slhqp   21m          0Mi
        Running 41s test @ http://service0:80/endpoint1
        8 threads and 512 connections
        Thread Stats   Avg      Stdev     Max   +/- Stdev
        Latency   336.93ms   46.69ms 665.41ms   74.12%
        Req/Sec   190.17     47.10   410.00     67.27%
        Latency Distribution
        50%  335.65ms
        75%  361.14ms
        90%  395.26ms
        99%  460.47ms
        40000 requests in 41.00s, 23.16MB read
        Requests/sec:    975.61
        Transfer/sec:    578.31KB
        ------------------------------
        stop time: 26.288313
        stop time: 26.318804
        stop time: 26.371896
        stop time: 26.482946
        stop time: 26.546719
        stop time: 26.673857
        stop time: 26.562482
        stop time: 26.652857
        [run.sh] Test finished with status 0
        > STDERR
        > No resources found in default namespace.
    [exp] Times: [26.288313, 26.318804, 26.371896, 26.482946, 26.546719, 26.673857, 26.562482, 26.652857]
    [exp] Throughput: 1510.1614469241913
    [exp] Running (pre_run: False) workload synthetic/chain-d2-http-sync request with the following configuration: {'CLIENT_CPU_QUOTA': '2', 'SLOWPOKE_POKER_BATCH_THRESHOLD': '40000000', 'PROCESSING_TIME_SERVICE0': '0.0006766', 'PROCESSING_TIME_SERVICE1': '0.0004767', 'PROCESSING_TIME_SERVICE2': '0.00024726', 'SLOWPOKE_DELAY_MICROS_SERVICE0': '0.0', 'SLOWPOKE_DELAY_MICROS_SERVICE1': '204.0', 'SLOWPOKE_DELAY_MICROS_SERVICE2': '204.0'}
    [exp] Executing cmd `bash run.sh synthetic chain-d2-http-sync 8 512 40000`:
        [run.sh] Running benchmark synthetic with request chain-d2-http-sync, thread 8, conn 512, duration 60
        [run.sh] Deleting all services
        configmap "config-service0" deleted
        deployment.apps "service0" deleted
        service "service0" deleted
        configmap "config-service1" deleted
        deployment.apps "service1" deleted
        service "service1" deleted
        configmap "config-service2" deleted
        deployment.apps "service2" deleted
        service "service2" deleted
        deployment.apps "ubuntu-client" deleted
        [run.sh] Waiting for all pods to be deleted
        [run.sh] Deploying all services
        configmap/config-service0 created
        deployment.apps/service0 created
        service/service0 created
        configmap/config-service1 created
        deployment.apps/service1 created
        service/service1 created
        configmap/config-service2 created
        deployment.apps/service2 created
        service/service2 created
        [run.sh] Client pod not found, deploying client
        deployment.apps/ubuntu-client created
        [run.sh] Waiting for all pods to be running
        [run.sh] All pods are running
        [run.sh] Running warmup test
        [run.sh] /wrk/wrk -t8 -c512 -d3s -L http://service0:80/endpoint1
        Running 3s test @ http://service0:80/endpoint1
        8 threads and 512 connections
        Thread Stats   Avg      Stdev     Max   +/- Stdev
        Latency   322.24ms   61.61ms 694.75ms   80.32%
        Req/Sec   197.38     66.09   410.00     69.87%
        Latency Distribution
        50%  313.10ms
        75%  344.83ms
        90%  386.89ms
        99%  563.83ms
        4552 requests in 3.02s, 2.64MB read
        Requests/sec:   1507.99
        Transfer/sec:      0.87MB
        [run.sh] Speed is 1507.99, duration is 39
        [run.sh] Fix the request number.
        [run.sh] Running the actual test
        [run.sh] /wrk/wrk --timeout 20s -t8 -c512 -d39s -L -s /wrk/fix_req_n.lua http://service0:80/endpoint1
        [run.sh] Checking the resource usage
        NAME                             CPU(cores)   MEMORY(bytes)
        service0-5974d4ffb9-v98x5        1419m        44Mi
        service1-78d67777d7-bthgx        1146m        16Mi
        service2-858b7d847-d84cv         590m         11Mi
        ubuntu-client-76886f6bbd-pncpv   54m          11Mi
        Running 39s test @ http://service0:80/endpoint1
        8 threads and 512 connections
        Thread Stats   Avg      Stdev     Max   +/- Stdev
        Latency   319.52ms   49.39ms 715.95ms   72.40%
        Req/Sec   200.44     55.15   490.00     67.17%
        Latency Distribution
        50%  315.75ms
        75%  348.25ms
        90%  381.13ms
        99%  441.05ms
        40000 requests in 39.00s, 23.16MB read
        Requests/sec:   1025.64
        Transfer/sec:    607.97KB
        ------------------------------
        stop time: 24.759212
        stop time: 24.993971
        stop time: 25.147186
        stop time: 25.126186
        stop time: 25.245191
        stop time: 25.153502
        stop time: 25.250987
        stop time: 25.355697
        [run.sh] Test finished with status 0
        > STDERR
        > No resources found in default namespace.
    [exp] Times: [24.759212, 24.993971, 25.147186, 25.126186, 25.245191, 25.153502, 25.250987, 25.355697]
    [exp] Throughput: 1591.7869206967578
    [exp] Running (pre_run: False) workload synthetic/chain-d2-http-sync request with the following configuration: {'CLIENT_CPU_QUOTA': '2', 'SLOWPOKE_POKER_BATCH_THRESHOLD': '40000000', 'PROCESSING_TIME_SERVICE0': '0.0006766', 'PROCESSING_TIME_SERVICE1': '0.0004767', 'PROCESSING_TIME_SERVICE2': '0.00024726', 'SLOWPOKE_DELAY_MICROS_SERVICE0': '0.0', 'SLOWPOKE_DELAY_MICROS_SERVICE1': '170.5', 'SLOWPOKE_DELAY_MICROS_SERVICE2': '170.5'}
    [exp] Executing cmd `bash run.sh synthetic chain-d2-http-sync 8 512 40000`:
        [run.sh] Running benchmark synthetic with request chain-d2-http-sync, thread 8, conn 512, duration 60
        [run.sh] Deleting all services
        configmap "config-service0" deleted
        deployment.apps "service0" deleted
        service "service0" deleted
        configmap "config-service1" deleted
        deployment.apps "service1" deleted
        service "service1" deleted
        configmap "config-service2" deleted
        deployment.apps "service2" deleted
        service "service2" deleted
        deployment.apps "ubuntu-client" deleted
        [run.sh] Waiting for all pods to be deleted
        [run.sh] Deploying all services
        configmap/config-service0 created
        deployment.apps/service0 created
        service/service0 created
        configmap/config-service1 created
        deployment.apps/service1 created
        service/service1 created
        configmap/config-service2 created
        deployment.apps/service2 created
        service/service2 created
        [run.sh] Client pod not found, deploying client
        deployment.apps/ubuntu-client created
        [run.sh] Waiting for all pods to be running
        [run.sh] All pods are running
        [run.sh] Running warmup test
        [run.sh] /wrk/wrk -t8 -c512 -d3s -L http://service0:80/endpoint1
        Running 3s test @ http://service0:80/endpoint1
        8 threads and 512 connections
        Thread Stats   Avg      Stdev     Max   +/- Stdev
        Latency   296.32ms   57.39ms 650.69ms   79.16%
        Req/Sec   214.69     71.19   373.00     71.55%
        Latency Distribution
        50%  283.03ms
        75%  321.10ms
        90%  365.97ms
        99%  526.53ms
        4977 requests in 3.04s, 2.88MB read
        Requests/sec:   1639.86
        Transfer/sec:      0.95MB
        [run.sh] Speed is 1639.86, duration is 36
        [run.sh] Fix the request number.
        [run.sh] Running the actual test
        [run.sh] /wrk/wrk --timeout 20s -t8 -c512 -d36s -L -s /wrk/fix_req_n.lua http://service0:80/endpoint1
        [run.sh] Checking the resource usage
        Running 36s test @ http://service0:80/endpoint1
        8 threads and 512 connections
        Thread Stats   Avg      Stdev     Max   +/- Stdev
        Latency   298.81ms   41.79ms 633.38ms   72.51%
        Req/Sec   214.21     57.53   444.00     68.61%
        Latency Distribution
        50%  292.08ms
        75%  321.15ms
        90%  354.61ms
        99%  421.94ms
        40000 requests in 36.00s, 23.16MB read
        Requests/sec:   1111.11
        Transfer/sec:    658.63KB
        ------------------------------
        stop time: 23.410767
        stop time: 23.526747
        stop time: 23.481703
        stop time: 23.453565
        stop time: 23.621937
        stop time: 23.543107
        stop time: 23.587780
        stop time: 23.499467
        [run.sh] Test finished with status 0
        > STDERR
        > No resources found in default namespace.
        > error: metrics not available yet
    [exp] Times: [23.410767, 23.526747, 23.481703, 23.453565, 23.621937, 23.543107, 23.58778, 23.499467]
    [exp] Throughput: 1700.996017686595
    [exp] Running (pre_run: False) workload synthetic/chain-d2-http-sync request with the following configuration: {'CLIENT_CPU_QUOTA': '2', 'SLOWPOKE_POKER_BATCH_THRESHOLD': '40000000', 'PROCESSING_TIME_SERVICE0': '0.0006766', 'PROCESSING_TIME_SERVICE1': '0.0004767', 'PROCESSING_TIME_SERVICE2': '0.00024726', 'SLOWPOKE_DELAY_MICROS_SERVICE0': '0.0', 'SLOWPOKE_DELAY_MICROS_SERVICE1': '137.0', 'SLOWPOKE_DELAY_MICROS_SERVICE2': '137.0'}
    [exp] Executing cmd `bash run.sh synthetic chain-d2-http-sync 8 512 40000`:
        [run.sh] Running benchmark synthetic with request chain-d2-http-sync, thread 8, conn 512, duration 60
        [run.sh] Deleting all services
        configmap "config-service0" deleted
        deployment.apps "service0" deleted
        service "service0" deleted
        configmap "config-service1" deleted
        deployment.apps "service1" deleted
        service "service1" deleted
        configmap "config-service2" deleted
        deployment.apps "service2" deleted
        service "service2" deleted
        deployment.apps "ubuntu-client" deleted
        [run.sh] Waiting for all pods to be deleted
        [run.sh] Deploying all services
        configmap/config-service0 created
        deployment.apps/service0 created
        service/service0 created
        configmap/config-service1 created
        deployment.apps/service1 created
        service/service1 created
        configmap/config-service2 created
        deployment.apps/service2 created
        service/service2 created
        [run.sh] Client pod not found, deploying client
        deployment.apps/ubuntu-client created
        [run.sh] Waiting for all pods to be running
        [run.sh] All pods are running
        [run.sh] Running warmup test
        [run.sh] /wrk/wrk -t8 -c512 -d3s -L http://service0:80/endpoint1
        Running 3s test @ http://service0:80/endpoint1
        8 threads and 512 connections
        Thread Stats   Avg      Stdev     Max   +/- Stdev
        Latency   284.89ms   58.03ms 575.78ms   80.89%
        Req/Sec   227.10     69.74   400.00     68.30%
        Latency Distribution
        50%  273.22ms
        75%  306.42ms
        90%  343.98ms
        99%  520.19ms
        5166 requests in 3.02s, 2.99MB read
        Requests/sec:   1708.78
        Transfer/sec:      0.99MB
        [run.sh] Speed is 1708.78, duration is 35
        [run.sh] Fix the request number.
        [run.sh] Running the actual test
        [run.sh] /wrk/wrk --timeout 20s -t8 -c512 -d35s -L -s /wrk/fix_req_n.lua http://service0:80/endpoint1
        [run.sh] Checking the resource usage
        NAME                             CPU(cores)   MEMORY(bytes)
        service0-5974d4ffb9-8vqtn        1587m        45Mi
        service1-6799994444-h2k2t        1274m        16Mi
        service2-58d46575c6-j6zlz        653m         11Mi
        ubuntu-client-76886f6bbd-r54vt   58m          11Mi
        Running 35s test @ http://service0:80/endpoint1
        8 threads and 512 connections
        Thread Stats   Avg      Stdev     Max   +/- Stdev
        Latency   284.75ms   44.68ms 720.05ms   73.67%
        Req/Sec   224.97     59.58   404.00     68.34%
        Latency Distribution
        50%  280.73ms
        75%  310.01ms
        90%  338.36ms
        99%  404.10ms
        40000 requests in 35.00s, 23.16MB read
        Requests/sec:   1142.85
        Transfer/sec:    677.45KB
        ------------------------------
        stop time: 22.164503
        stop time: 22.291077
        stop time: 22.295819
        stop time: 22.322016
        stop time: 22.395106
        stop time: 22.514121
        stop time: 22.536944
        stop time: 22.522180
        [run.sh] Test finished with status 0
        > STDERR
        > No resources found in default namespace.
    [exp] Times: [22.164503, 22.291077, 22.295819, 22.322016, 22.395106, 22.514121, 22.536944, 22.52218]
    [exp] Throughput: 1787.292468953864
    [exp] Running (pre_run: False) workload synthetic/chain-d2-http-sync request with the following configuration: {'CLIENT_CPU_QUOTA': '2', 'SLOWPOKE_POKER_BATCH_THRESHOLD': '40000000', 'PROCESSING_TIME_SERVICE0': '0.0006766', 'PROCESSING_TIME_SERVICE1': '0.0004767', 'PROCESSING_TIME_SERVICE2': '0.00024726', 'SLOWPOKE_DELAY_MICROS_SERVICE0': '0.0', 'SLOWPOKE_DELAY_MICROS_SERVICE1': '103.5', 'SLOWPOKE_DELAY_MICROS_SERVICE2': '103.5'}
    [exp] Executing cmd `bash run.sh synthetic chain-d2-http-sync 8 512 40000`:
        [run.sh] Running benchmark synthetic with request chain-d2-http-sync, thread 8, conn 512, duration 60
        [run.sh] Deleting all services
        configmap "config-service0" deleted
        deployment.apps "service0" deleted
        service "service0" deleted
        configmap "config-service1" deleted
        deployment.apps "service1" deleted
        service "service1" deleted
        configmap "config-service2" deleted
        deployment.apps "service2" deleted
        service "service2" deleted
        deployment.apps "ubuntu-client" deleted
        [run.sh] Waiting for all pods to be deleted
        [run.sh] Deploying all services
        configmap/config-service0 created
        deployment.apps/service0 created
        service/service0 created
        configmap/config-service1 created
        deployment.apps/service1 created
        service/service1 created
        configmap/config-service2 created
        deployment.apps/service2 created
        service/service2 created
        [run.sh] Client pod not found, deploying client
        deployment.apps/ubuntu-client created
        [run.sh] Waiting for all pods to be running
        [run.sh] All pods are running
        [run.sh] Running warmup test
        [run.sh] /wrk/wrk -t8 -c512 -d3s -L http://service0:80/endpoint1
        Running 3s test @ http://service0:80/endpoint1
        8 threads and 512 connections
        Thread Stats   Avg      Stdev     Max   +/- Stdev
        Latency   282.86ms   94.29ms 766.66ms   85.87%
        Req/Sec   222.75     83.39   434.00     64.22%
        Latency Distribution
        50%  263.35ms
        75%  307.10ms
        90%  364.26ms
        99%  690.39ms
        5231 requests in 3.02s, 3.03MB read
        Requests/sec:   1733.21
        Transfer/sec:      1.00MB
        [run.sh] Speed is 1733.21, duration is 34
        [run.sh] Fix the request number.
        [run.sh] Running the actual test
        [run.sh] /wrk/wrk --timeout 20s -t8 -c512 -d34s -L -s /wrk/fix_req_n.lua http://service0:80/endpoint1
        Running 34s test @ http://service0:80/endpoint1
        8 threads and 512 connections
        Thread Stats   Avg      Stdev     Max   +/- Stdev
        Latency   267.08ms   45.48ms 736.88ms   79.61%
        Req/Sec   239.85     58.73   696.00     68.03%
        Latency Distribution
        50%  260.49ms
        75%  287.63ms
        90%  319.29ms
        99%  399.13ms
        40000 requests in 34.00s, 23.16MB read
        Requests/sec:   1176.47
        Transfer/sec:    697.38KB
        ------------------------------
        stop time: 20.606372
        stop time: 20.847624
        stop time: 21.023679
        stop time: 21.093117
        stop time: 21.052653
        stop time: 21.196208
        stop time: 21.085121
        stop time: 21.055971
        [run.sh] Checking the resource usage
        [run.sh] Test finished with status 0
        > STDERR
        > No resources found in default namespace.
        > error: metrics not available yet
    [exp] Times: [20.606372, 20.847624, 21.023679, 21.093117, 21.052653, 21.196208, 21.085121, 21.055971]
    [exp] Throughput: 1905.207076808334
    [exp] Running (pre_run: False) workload synthetic/chain-d2-http-sync request with the following configuration: {'CLIENT_CPU_QUOTA': '2', 'SLOWPOKE_POKER_BATCH_THRESHOLD': '40000000', 'PROCESSING_TIME_SERVICE0': '0.0006766', 'PROCESSING_TIME_SERVICE1': '0.0004767', 'PROCESSING_TIME_SERVICE2': '0.00024726', 'SLOWPOKE_DELAY_MICROS_SERVICE0': '0.0', 'SLOWPOKE_DELAY_MICROS_SERVICE1': '70.0', 'SLOWPOKE_DELAY_MICROS_SERVICE2': '70.0'}
    [exp] Executing cmd `bash run.sh synthetic chain-d2-http-sync 8 512 40000`:
        [run.sh] Running benchmark synthetic with request chain-d2-http-sync, thread 8, conn 512, duration 60
        [run.sh] Deleting all services
        configmap "config-service0" deleted
        deployment.apps "service0" deleted
        service "service0" deleted
        configmap "config-service1" deleted
        deployment.apps "service1" deleted
        service "service1" deleted
        configmap "config-service2" deleted
        deployment.apps "service2" deleted
        service "service2" deleted
        deployment.apps "ubuntu-client" deleted
        [run.sh] Waiting for all pods to be deleted
        [run.sh] Deploying all services
        configmap/config-service0 created
        deployment.apps/service0 created
        service/service0 created
        configmap/config-service1 created
        deployment.apps/service1 created
        service/service1 created
        configmap/config-service2 created
        deployment.apps/service2 created
        service/service2 created
        [run.sh] Client pod not found, deploying client
        deployment.apps/ubuntu-client created
        [run.sh] Waiting for all pods to be running
        [run.sh] All pods are running
        [run.sh] Running warmup test
        [run.sh] /wrk/wrk -t8 -c512 -d3s -L http://service0:80/endpoint1
        Running 3s test @ http://service0:80/endpoint1
        8 threads and 512 connections
        Thread Stats   Avg      Stdev     Max   +/- Stdev
        Latency   245.63ms   48.21ms 574.24ms   82.35%
        Req/Sec   264.04     76.57   434.00     69.64%
        Latency Distribution
        50%  236.65ms
        75%  262.63ms
        90%  294.18ms
        99%  433.27ms
        6006 requests in 3.02s, 3.48MB read
        Requests/sec:   1988.81
        Transfer/sec:      1.15MB
        [run.sh] Speed is 1988.81, duration is 30
        [run.sh] Fix the request number.
        [run.sh] Running the actual test
        [run.sh] /wrk/wrk --timeout 20s -t8 -c512 -d30s -L -s /wrk/fix_req_n.lua http://service0:80/endpoint1
        Running 30s test @ http://service0:80/endpoint1
        8 threads and 512 connections
        Thread Stats   Avg      Stdev     Max   +/- Stdev
        Latency   247.96ms   44.14ms 771.37ms   82.80%
        Req/Sec   258.71     60.62   620.00     70.16%
        Latency Distribution
        50%  243.48ms
        75%  266.58ms
        90%  290.65ms
        99%  381.64ms
        40000 requests in 30.00s, 23.16MB read
        Requests/sec:   1333.33
        Transfer/sec:    790.36KB
        ------------------------------
        stop time: 19.051285
        stop time: 19.432255
        stop time: 19.431758
        stop time: 19.493724
        stop time: 19.603052
        stop time: 19.609812
        stop time: 19.676271
        stop time: 19.666140
        [run.sh] Checking the resource usage
        NAME                             CPU(cores)   MEMORY(bytes)
        service0-5974d4ffb9-pzgd9        1859m        45Mi
        service1-7d66668f44-xnrcm        1475m        17Mi
        service2-59cbbdcd6-bvh5c         789m         11Mi
        ubuntu-client-76886f6bbd-fmp6q   69m          11Mi
        [run.sh] Test finished with status 0
        > STDERR
        > No resources found in default namespace.
    [exp] Times: [19.051285, 19.432255, 19.431758, 19.493724, 19.603052, 19.609812, 19.676271, 19.66614]
    [exp] Throughput: 2051.7516262071185
    [exp] Running (pre_run: False) workload synthetic/chain-d2-http-sync request with the following configuration: {'CLIENT_CPU_QUOTA': '2', 'SLOWPOKE_POKER_BATCH_THRESHOLD': '40000000', 'PROCESSING_TIME_SERVICE0': '0.0006766', 'PROCESSING_TIME_SERVICE1': '0.0004767', 'PROCESSING_TIME_SERVICE2': '0.00024726', 'SLOWPOKE_DELAY_MICROS_SERVICE0': '0.0', 'SLOWPOKE_DELAY_MICROS_SERVICE1': '36.5', 'SLOWPOKE_DELAY_MICROS_SERVICE2': '36.5'}
    [exp] Executing cmd `bash run.sh synthetic chain-d2-http-sync 8 512 40000`:
        [run.sh] Running benchmark synthetic with request chain-d2-http-sync, thread 8, conn 512, duration 60
        [run.sh] Deleting all services
        configmap "config-service0" deleted
        deployment.apps "service0" deleted
        service "service0" deleted
        configmap "config-service1" deleted
        deployment.apps "service1" deleted
        service "service1" deleted
        configmap "config-service2" deleted
        deployment.apps "service2" deleted
        service "service2" deleted
        deployment.apps "ubuntu-client" deleted
        [run.sh] Waiting for all pods to be deleted
        [run.sh] Deploying all services
        configmap/config-service0 created
        deployment.apps/service0 created
        service/service0 created
        configmap/config-service1 created
        deployment.apps/service1 created
        service/service1 created
        configmap/config-service2 created
        deployment.apps/service2 created
        service/service2 created
        [run.sh] Client pod not found, deploying client
        deployment.apps/ubuntu-client created
        [run.sh] Waiting for all pods to be running
        [run.sh] All pods are running
        [run.sh] Running warmup test
        [run.sh] /wrk/wrk -t8 -c512 -d3s -L http://service0:80/endpoint1
        Running 3s test @ http://service0:80/endpoint1
        8 threads and 512 connections
        Thread Stats   Avg      Stdev     Max   +/- Stdev
        Latency   246.61ms   84.98ms 870.06ms   91.68%
        Req/Sec   261.70     73.05   400.00     72.41%
        Latency Distribution
        50%  229.11ms
        75%  259.98ms
        90%  298.26ms
        99%  675.98ms
        6100 requests in 3.02s, 3.53MB read
        Requests/sec:   2021.99
        Transfer/sec:      1.17MB
        [run.sh] Speed is 2021.99, duration is 29
        [run.sh] Fix the request number.
        [run.sh] Running the actual test
        [run.sh] /wrk/wrk --timeout 20s -t8 -c512 -d29s -L -s /wrk/fix_req_n.lua http://service0:80/endpoint1
        Running 29s test @ http://service0:80/endpoint1
        8 threads and 512 connections
        Thread Stats   Avg      Stdev     Max   +/- Stdev
        Latency   235.79ms   44.31ms 813.41ms   80.93%
        Req/Sec   271.07     59.09   450.00     71.39%
        Latency Distribution
        50%  229.11ms
        75%  254.35ms
        90%  283.80ms
        99%  371.57ms
        40000 requests in 29.00s, 23.16MB read
        Requests/sec:   1379.30
        Transfer/sec:    817.61KB
        ------------------------------
        stop time: 18.219592
        stop time: 18.504441
        stop time: 18.555143
        stop time: 18.610016
        stop time: 18.611706
        stop time: 18.623917
        stop time: 18.625276
        stop time: 18.517004
        [run.sh] Checking the resource usage
        [run.sh] Test finished with status 0
        > STDERR
        > No resources found in default namespace.
        > error: metrics not available yet
    [exp] Times: [18.219592, 18.504441, 18.555143, 18.610016, 18.611706, 18.623917, 18.625276, 18.517004]
    [exp] Throughput: 2158.267146193159
[test.py] Baseline throughput:  2217.446980946628
[test.py] Groundtruth:  [2868.4472283919986, 2846.0906232609386, 2859.353264866298, 2816.752462746094, 2798.54563431385, 2855.2717363896068, 2777.820964213081, 2735.350426897166, 2601.390685575948, 2438.758320224118]
[test.py] Slowdown:  [1334.4448369194981, 1393.7452077486555, 1449.2936819685976, 1510.1614469241913, 1591.7869206967578, 1700.996017686595, 1787.292468953864, 1905.207076808334, 2051.7516262071185, 2158.267146193159]
[test.py] Predicted:  [2432.644335478196, 2423.118941473818, 2388.3946292796927, 2356.373962851205, 2358.909008122107, 2397.5591708799834, 2368.514753100915, 2374.8607042152184, 2397.5731105642267, 2344.4752934248204]
[test.py] Error percentage:  [-15.192989733267854, -14.861497323036627, -16.470809723772526, -16.344300963033835, -15.709467832191823, -16.030438002667488, -14.734794516467934, -13.17892285892114, -7.834946751437142, -3.866025838535456]
[test.py] ++++++++++++++++++++++++++++++++ Summary: 
[test.py] Result for the experiment 0: 
    Baseline throughput: 2217.446980946628
    Groundtruth: [2868.4472283919986, 2846.0906232609386, 2859.353264866298, 2816.752462746094, 2798.54563431385, 2855.2717363896068, 2777.820964213081, 2735.350426897166, 2601.390685575948, 2438.758320224118]
    Slowdown:    [1334.4448369194981, 1393.7452077486555, 1449.2936819685976, 1510.1614469241913, 1591.7869206967578, 1700.996017686595, 1787.292468953864, 1905.207076808334, 2051.7516262071185, 2158.267146193159]
    Predicted:   [2432.644335478196, 2423.118941473818, 2388.3946292796927, 2356.373962851205, 2358.909008122107, 2397.5591708799834, 2368.514753100915, 2374.8607042152184, 2397.5731105642267, 2344.4752934248204]
    Error Perc:  [-15.192989733267854, -14.861497323036627, -16.470809723772526, -16.344300963033835, -15.709467832191823, -16.030438002667488, -14.734794516467934, -13.17892285892114, -7.834946751437142, -3.866025838535456]
