benchmark                        : movie
num_threads                      : 8
num_conns                        : 1024
target_service                   : moviereviews
request_type                     : mix
repetitions                      : 3
target_num_exp                   : 3
pre_run                          : False
num_req                          : 50000
groundtruths                     : []
slowdowns                        : []
predicteds                       : []
errs                             : []
client_cpu_quota                 : 4
random_seed                      : 1234
request_ratio                    : {'castinfo': 0.9050900514, 'composereview': 0.1003336848, 'frontend': 0.1003336848, 'movieid': 0.1003336848, 'movieinfo': 0.9050900514, 'moviereviews': 0.9050900514, 'page': 0.9050900514, 'plot': 0.9050900514, 'reviewstorage': 1.005423736183, 'uniqueid': 0.1003336848, 'user': 0.2006673695, 'userreviews': 0.1003336848}
baseline_service_processing_time : {'castinfo': 0, 'composereview': 0, 'frontend': 0, 'movieid': 0, 'movieinfo': 0, 'moviereviews': 1000, 'page': 0, 'plot': 0, 'reviewstorage': 0, 'uniqueid': 0, 'user': 0, 'userreviews': 0}
cpu_quota                        : {'castinfo': 2, 'composereview': 2, 'frontend': 2, 'movieid': 2, 'movieinfo': 2, 'moviereviews': 2, 'page': 2, 'plot': 2, 'reviewstorage': 2, 'uniqueid': 2, 'user': 2, 'userreviews': 2}
target_processing_time_range     : [0, 1000]
baseline_throughputs             : []
[test.py] Starting experiment...
[test.py] >>>>>>>>>>>>>>>>>>>>>>>>>>>>> Running experiment 0...
[test.py] Actual processing time range: [0, 333, 666]
[test.py] Running baseline experiment
    [exp] Running (pre_run: False) workload movie/mix request with the following configuration: {'SLOWPOKE_DELAY_MICROS_CASTINFO': '0', 'SLOWPOKE_DELAY_MICROS_COMPOSEREVIEW': '0', 'SLOWPOKE_DELAY_MICROS_FRONTEND': '0', 'SLOWPOKE_DELAY_MICROS_MOVIEID': '0', 'SLOWPOKE_DELAY_MICROS_MOVIEINFO': '0', 'SLOWPOKE_DELAY_MICROS_MOVIEREVIEWS': '1000', 'SLOWPOKE_DELAY_MICROS_PAGE': '0', 'SLOWPOKE_DELAY_MICROS_PLOT': '0', 'SLOWPOKE_DELAY_MICROS_REVIEWSTORAGE': '0', 'SLOWPOKE_DELAY_MICROS_UNIQUEID': '0', 'SLOWPOKE_DELAY_MICROS_USER': '0', 'SLOWPOKE_DELAY_MICROS_USERREVIEWS': '0'}
    [exp] Executing cmd `bash run.sh movie mix 8 1024 50000`:
        [run.sh] Running benchmark movie with request mix, thread 8, conn 1024, duration 60
        [run.sh] Deleting all services
        service "castinfo" deleted
        deployment.apps "castinfo" deleted
        service "composereview" deleted
        deployment.apps "composereview" deleted
        service "frontend" deleted
        deployment.apps "frontend" deleted
        service "movieid" deleted
        deployment.apps "movieid" deleted
        service "movieinfo" deleted
        deployment.apps "movieinfo" deleted
        service "moviereviews" deleted
        deployment.apps "moviereviews" deleted
        service "page" deleted
        deployment.apps "page" deleted
        service "plot" deleted
        deployment.apps "plot" deleted
        service "reviewstorage" deleted
        deployment.apps "reviewstorage" deleted
        service "uniqueid" deleted
        deployment.apps "uniqueid" deleted
        service "user" deleted
        deployment.apps "user" deleted
        service "userreviews" deleted
        deployment.apps "userreviews" deleted
        deployment.apps "ubuntu-client" deleted
        [run.sh] Waiting for all pods to be deleted
        [run.sh] Deploying all services
        service/castinfo created
        deployment.apps/castinfo created
        service/composereview created
        deployment.apps/composereview created
        service/frontend created
        deployment.apps/frontend created
        service/movieid created
        deployment.apps/movieid created
        service/movieinfo created
        deployment.apps/movieinfo created
        service/moviereviews created
        deployment.apps/moviereviews created
        service/page created
        deployment.apps/page created
        service/plot created
        deployment.apps/plot created
        service/reviewstorage created
        deployment.apps/reviewstorage created
        service/uniqueid created
        deployment.apps/uniqueid created
        service/user created
        deployment.apps/user created
        service/userreviews created
        deployment.apps/userreviews created
        [run.sh] Client pod not found, deploying client
        deployment.apps/ubuntu-client created
        [run.sh] Waiting for all pods to be running
        [run.sh] All pods are running
        [run.sh] Checking heartbeat for all services
        [run.sh] All pods can connect to all services
        [run.sh] Populating social benchmark
        Parsing movies file: ./data/movies_1_500.json... DONE!
        Parsing cast file: ./data/casts_1_500.json... DONE!
        Producing analysis file: ./data/analysis.txt... DONE!
        Populating everything...
        Pending cast: 42666
        DONE!
        [run.sh] Copying movie/analysis.txt to ubuntu-client-76886f6bbd-ttl8s:/analysis.txt
        [run.sh] Finished populating movie
        [run.sh] Starting the rust proxy first for movie
        [2m2025-03-22T17:10:33.621226Z[0m [32m INFO[0m [2mproxy::movie[0m[2m:[0m Reading movie analysis data from /analysis.txt
        [run.sh] Running warmup test
        [run.sh] /wrk/wrk -t8 -c1024 -d3s -L http://localhost:3000
        Running 3s test @ http://localhost:3000
        8 threads and 1024 connections
        Thread Stats   Avg      Stdev     Max   +/- Stdev
        Latency   482.13ms  279.53ms   1.42s    71.81%
        Req/Sec   184.76     84.47   424.00     66.38%
        Latency Distribution
        50%  446.78ms
        75%  706.61ms
        90%  826.95ms
        99%    1.17s
        4289 requests in 3.03s, 326.70KB read
        Requests/sec:   1414.39
        Transfer/sec:    107.74KB
        [run.sh] Speed is 1414.39, duration is 53
        [run.sh] Fix the request number.
        [run.sh] Running the actual test
        [run.sh] /wrk/wrk -t8 -c1024 -d53s -s /wrk/fix_req_n.lua -L http://localhost:3000
        [run.sh] Checking the resource usage
        NAME                             CPU(cores)   MEMORY(bytes)
        castinfo-57474b6574-66glc        6m           46Mi
        composereview-8b78db69d-crrjr    1m           2Mi
        frontend-7fff75777f-6zpk5        1m           2Mi
        movieid-bb46c45b9-g7mwn          1m           9Mi
        movieinfo-bc5c9b877-zhm7c        1m           13Mi
        moviereviews-7b8b6fd77b-b2fgn    1m           2Mi
        page-75dd88f547-tmckz            0m           2Mi
        plot-847cf65c5f-4rpcg            0m           86Mi
        reviewstorage-6589cd676-mvxhh    0m           2Mi
        ubuntu-client-76886f6bbd-ttl8s   0m           0Mi
        uniqueid-fc8c7bbbb-rb55n         1m           2Mi
        user-65648944f4-ctvnd            0m           3Mi
        userreviews-55455b5bdc-n6wkj     0m           2Mi
        Running 1m test @ http://localhost:3000
        8 threads and 1024 connections
        Thread Stats   Avg      Stdev     Max   +/- Stdev
        Latency   628.50ms  206.02ms   1.17s    87.13%
        Req/Sec   203.21     57.59   575.00     73.77%
        Latency Distribution
        50%  681.04ms
        75%  717.11ms
        90%  760.86ms
        99%  883.39ms
        50000 requests in 0.88m, 3.72MB read
        Requests/sec:    943.39
        Transfer/sec:     71.86KB
        ------------------------------
        stop time: 30.875931
        stop time: 31.077816
        stop time: 31.164929
        stop time: 31.042504
        stop time: 31.045797
        stop time: 31.240416
        stop time: 31.272320
        stop time: 31.233731
        [run.sh] Test finished with status 0
        > STDERR
        > No resources found in default namespace.
    [exp] Times: [30.875931, 31.077816, 31.164929, 31.042504, 31.045797, 31.240416, 31.27232, 31.233731]
    [exp] Throughput: 1606.7261154258222
[test.py] Baseline throughput: 1606.7261154258222
[test.py] Running groundtruth experiment
    [exp] Running (pre_run: False) workload movie/mix request with the following configuration: {'SLOWPOKE_DELAY_MICROS_CASTINFO': '0', 'SLOWPOKE_DELAY_MICROS_COMPOSEREVIEW': '0', 'SLOWPOKE_DELAY_MICROS_FRONTEND': '0', 'SLOWPOKE_DELAY_MICROS_MOVIEID': '0', 'SLOWPOKE_DELAY_MICROS_MOVIEINFO': '0', 'SLOWPOKE_DELAY_MICROS_MOVIEREVIEWS': '0', 'SLOWPOKE_DELAY_MICROS_PAGE': '0', 'SLOWPOKE_DELAY_MICROS_PLOT': '0', 'SLOWPOKE_DELAY_MICROS_REVIEWSTORAGE': '0', 'SLOWPOKE_DELAY_MICROS_UNIQUEID': '0', 'SLOWPOKE_DELAY_MICROS_USER': '0', 'SLOWPOKE_DELAY_MICROS_USERREVIEWS': '0'}
    [exp] Executing cmd `bash run.sh movie mix 8 1024 50000`:
        [run.sh] Running benchmark movie with request mix, thread 8, conn 1024, duration 60
        [run.sh] Deleting all services
        service "castinfo" deleted
        deployment.apps "castinfo" deleted
        service "composereview" deleted
        deployment.apps "composereview" deleted
        service "frontend" deleted
        deployment.apps "frontend" deleted
        service "movieid" deleted
        deployment.apps "movieid" deleted
        service "movieinfo" deleted
        deployment.apps "movieinfo" deleted
        service "moviereviews" deleted
        deployment.apps "moviereviews" deleted
        service "page" deleted
        deployment.apps "page" deleted
        service "plot" deleted
        deployment.apps "plot" deleted
        service "reviewstorage" deleted
        deployment.apps "reviewstorage" deleted
        service "uniqueid" deleted
        deployment.apps "uniqueid" deleted
        service "user" deleted
        deployment.apps "user" deleted
        service "userreviews" deleted
        deployment.apps "userreviews" deleted
        deployment.apps "ubuntu-client" deleted
        [run.sh] Waiting for all pods to be deleted
        [run.sh] Deploying all services
        service/castinfo created
        deployment.apps/castinfo created
        service/composereview created
        deployment.apps/composereview created
        service/frontend created
        deployment.apps/frontend created
        service/movieid created
        deployment.apps/movieid created
        service/movieinfo created
        deployment.apps/movieinfo created
        service/moviereviews created
        deployment.apps/moviereviews created
        service/page created
        deployment.apps/page created
        service/plot created
        deployment.apps/plot created
        service/reviewstorage created
        deployment.apps/reviewstorage created
        service/uniqueid created
        deployment.apps/uniqueid created
        service/user created
        deployment.apps/user created
        service/userreviews created
        deployment.apps/userreviews created
        [run.sh] Client pod not found, deploying client
        deployment.apps/ubuntu-client created
        [run.sh] Waiting for all pods to be running
        [run.sh] All pods are running
        [run.sh] Checking heartbeat for all services
        [run.sh] All pods can connect to all services
        [run.sh] Populating social benchmark
        Parsing movies file: ./data/movies_1_500.json... DONE!
        Parsing cast file: ./data/casts_1_500.json... DONE!
        Producing analysis file: ./data/analysis.txt... DONE!
        Populating everything...
        Pending cast: 42666
        DONE!
        [run.sh] Copying movie/analysis.txt to ubuntu-client-76886f6bbd-7bvgh:/analysis.txt
        [run.sh] Finished populating movie
        [run.sh] Starting the rust proxy first for movie
        [2m2025-03-22T17:14:31.527437Z[0m [32m INFO[0m [2mproxy::movie[0m[2m:[0m Reading movie analysis data from /analysis.txt
        [run.sh] Running warmup test
        [run.sh] /wrk/wrk -t8 -c1024 -d3s -L http://localhost:3000
        Running 3s test @ http://localhost:3000
        8 threads and 1024 connections
        Thread Stats   Avg      Stdev     Max   +/- Stdev
        Latency   512.58ms  223.38ms   1.13s    74.58%
        Req/Sec   205.33     91.72   555.00     69.30%
        Latency Distribution
        50%  554.76ms
        75%  665.47ms
        90%  745.94ms
        99%  912.35ms
        4712 requests in 3.04s, 358.92KB read
        Requests/sec:   1549.46
        Transfer/sec:    118.03KB
        [run.sh] Speed is 1549.46, duration is 48
        [run.sh] Fix the request number.
        [run.sh] Running the actual test
        [run.sh] /wrk/wrk -t8 -c1024 -d48s -s /wrk/fix_req_n.lua -L http://localhost:3000
        [run.sh] Checking the resource usage
        NAME                             CPU(cores)   MEMORY(bytes)
        castinfo-57474b6574-nwpmn        0m           49Mi
        composereview-8b78db69d-smf9t    0m           2Mi
        frontend-7fff75777f-tfr8q        1m           2Mi
        movieid-bb46c45b9-f2zjc          1m           9Mi
        movieinfo-bc5c9b877-rjtz8        0m           14Mi
        moviereviews-676d849c7f-ptqz2    1m           2Mi
        page-75dd88f547-v5zdm            0m           2Mi
        plot-847cf65c5f-8pcs4            1m           92Mi
        reviewstorage-6589cd676-scpz9    1m           2Mi
        ubuntu-client-76886f6bbd-7bvgh   0m           0Mi
        uniqueid-fc8c7bbbb-jjmjl         1m           2Mi
        user-65648944f4-fxsl9            1m           3Mi
        userreviews-55455b5bdc-zk52s     1m           2Mi
        Running 48s test @ http://localhost:3000
        8 threads and 1024 connections
        Thread Stats   Avg      Stdev     Max   +/- Stdev
        Latency   555.21ms  223.93ms   1.41s    78.54%
        Req/Sec   225.87     76.52   727.00     73.47%
        Latency Distribution
        50%  592.55ms
        75%  685.10ms
        90%  776.41ms
        99%  964.34ms
        50000 requests in 48.00s, 3.72MB read
        Requests/sec:   1041.66
        Transfer/sec:     79.35KB
        ------------------------------
        stop time: 27.384434
        stop time: 27.396652
        stop time: 27.415102
        stop time: 27.558385
        stop time: 27.851963
        stop time: 28.285569
        stop time: 28.296897
        stop time: 28.455458
        [run.sh] Test finished with status 0
        > STDERR
        > No resources found in default namespace.
    [exp] Times: [27.384434, 27.396652, 27.415102, 27.558385, 27.851963, 28.285569, 28.296897, 28.455458]
    [exp] Throughput: 1796.586360154661
    [exp] Running (pre_run: False) workload movie/mix request with the following configuration: {'SLOWPOKE_DELAY_MICROS_CASTINFO': '0', 'SLOWPOKE_DELAY_MICROS_COMPOSEREVIEW': '0', 'SLOWPOKE_DELAY_MICROS_FRONTEND': '0', 'SLOWPOKE_DELAY_MICROS_MOVIEID': '0', 'SLOWPOKE_DELAY_MICROS_MOVIEINFO': '0', 'SLOWPOKE_DELAY_MICROS_MOVIEREVIEWS': '333', 'SLOWPOKE_DELAY_MICROS_PAGE': '0', 'SLOWPOKE_DELAY_MICROS_PLOT': '0', 'SLOWPOKE_DELAY_MICROS_REVIEWSTORAGE': '0', 'SLOWPOKE_DELAY_MICROS_UNIQUEID': '0', 'SLOWPOKE_DELAY_MICROS_USER': '0', 'SLOWPOKE_DELAY_MICROS_USERREVIEWS': '0'}
    [exp] Executing cmd `bash run.sh movie mix 8 1024 50000`:
        [run.sh] Running benchmark movie with request mix, thread 8, conn 1024, duration 60
        [run.sh] Deleting all services
        service "castinfo" deleted
        deployment.apps "castinfo" deleted
        service "composereview" deleted
        deployment.apps "composereview" deleted
        service "frontend" deleted
        deployment.apps "frontend" deleted
        service "movieid" deleted
        deployment.apps "movieid" deleted
        service "movieinfo" deleted
        deployment.apps "movieinfo" deleted
        service "moviereviews" deleted
        deployment.apps "moviereviews" deleted
        service "page" deleted
        deployment.apps "page" deleted
        service "plot" deleted
        deployment.apps "plot" deleted
        service "reviewstorage" deleted
        deployment.apps "reviewstorage" deleted
        service "uniqueid" deleted
        deployment.apps "uniqueid" deleted
        service "user" deleted
        deployment.apps "user" deleted
        service "userreviews" deleted
        deployment.apps "userreviews" deleted
        deployment.apps "ubuntu-client" deleted
        [run.sh] Waiting for all pods to be deleted
        [run.sh] Deploying all services
        service/castinfo created
        deployment.apps/castinfo created
        service/composereview created
        deployment.apps/composereview created
        service/frontend created
        deployment.apps/frontend created
        service/movieid created
        deployment.apps/movieid created
        service/movieinfo created
        deployment.apps/movieinfo created
        service/moviereviews created
        deployment.apps/moviereviews created
        service/page created
        deployment.apps/page created
        service/plot created
        deployment.apps/plot created
        service/reviewstorage created
        deployment.apps/reviewstorage created
        service/uniqueid created
        deployment.apps/uniqueid created
        service/user created
        deployment.apps/user created
        service/userreviews created
        deployment.apps/userreviews created
        [run.sh] Client pod not found, deploying client
        deployment.apps/ubuntu-client created
        [run.sh] Waiting for all pods to be running
        [run.sh] All pods are running
        [run.sh] Checking heartbeat for all services
        [run.sh] All pods can connect to all services
        [run.sh] Populating social benchmark
        Parsing movies file: ./data/movies_1_500.json... DONE!
        Parsing cast file: ./data/casts_1_500.json... DONE!
        Producing analysis file: ./data/analysis.txt... DONE!
        Populating everything...
        Pending cast: 42666
        DONE!
        [run.sh] Copying movie/analysis.txt to ubuntu-client-76886f6bbd-c9mlg:/analysis.txt
        [run.sh] Finished populating movie
        [run.sh] Starting the rust proxy first for movie
        [2m2025-03-22T17:18:25.167281Z[0m [32m INFO[0m [2mproxy::movie[0m[2m:[0m Reading movie analysis data from /analysis.txt
        [run.sh] Running warmup test
        [run.sh] /wrk/wrk -t8 -c1024 -d3s -L http://localhost:3000
        Running 3s test @ http://localhost:3000
        8 threads and 1024 connections
        Thread Stats   Avg      Stdev     Max   +/- Stdev
        Latency   384.44ms  208.61ms   1.04s    66.60%
        Req/Sec   203.09     99.15   490.00     65.52%
        Latency Distribution
        50%  387.08ms
        75%  548.37ms
        90%  650.18ms
        99%  792.84ms
        4713 requests in 3.03s, 359.00KB read
        Requests/sec:   1554.85
        Transfer/sec:    118.44KB
        [run.sh] Speed is 1554.85, duration is 48
        [run.sh] Fix the request number.
        [run.sh] Running the actual test
        [run.sh] /wrk/wrk -t8 -c1024 -d48s -s /wrk/fix_req_n.lua -L http://localhost:3000
        [run.sh] Checking the resource usage
        NAME                             CPU(cores)   MEMORY(bytes)
        castinfo-57474b6574-j9h4n        1m           49Mi
        composereview-8b78db69d-z9cj8    1m           2Mi
        frontend-7fff75777f-pmfjm        1m           2Mi
        movieid-bb46c45b9-cvpjk          1m           9Mi
        movieinfo-bc5c9b877-5kc9w        1m           13Mi
        moviereviews-86644f4656-sbfjz    1m           2Mi
        page-75dd88f547-7gs74            1m           2Mi
        plot-847cf65c5f-s5s8w            1m           91Mi
        reviewstorage-6589cd676-th7r6    1m           2Mi
        ubuntu-client-76886f6bbd-c9mlg   0m           0Mi
        uniqueid-fc8c7bbbb-bqzkb         1m           2Mi
        user-65648944f4-wpwgl            1m           3Mi
        userreviews-55455b5bdc-jg9jk     0m           2Mi
        Running 48s test @ http://localhost:3000
        8 threads and 1024 connections
        Thread Stats   Avg      Stdev     Max   +/- Stdev
        Latency   561.90ms  221.90ms   1.30s    79.67%
        Req/Sec   226.23     69.04   650.00     70.60%
        Latency Distribution
        50%  594.52ms
        75%  688.27ms
        90%  781.03ms
        99%  967.31ms
        50000 requests in 48.00s, 3.72MB read
        Requests/sec:   1041.66
        Transfer/sec:     79.35KB
        ------------------------------
        stop time: 27.714180
        stop time: 27.573011
        stop time: 27.917704
        stop time: 27.934757
        stop time: 28.009791
        stop time: 27.889511
        stop time: 27.864437
        stop time: 28.055713
        [run.sh] Test finished with status 0
        > STDERR
        > No resources found in default namespace.
    [exp] Times: [27.71418, 27.573011, 27.917704, 27.934757, 28.009791, 27.889511, 27.864437, 28.055713]
    [exp] Throughput: 1794.0509843455418
    [exp] Running (pre_run: False) workload movie/mix request with the following configuration: {'SLOWPOKE_DELAY_MICROS_CASTINFO': '0', 'SLOWPOKE_DELAY_MICROS_COMPOSEREVIEW': '0', 'SLOWPOKE_DELAY_MICROS_FRONTEND': '0', 'SLOWPOKE_DELAY_MICROS_MOVIEID': '0', 'SLOWPOKE_DELAY_MICROS_MOVIEINFO': '0', 'SLOWPOKE_DELAY_MICROS_MOVIEREVIEWS': '666', 'SLOWPOKE_DELAY_MICROS_PAGE': '0', 'SLOWPOKE_DELAY_MICROS_PLOT': '0', 'SLOWPOKE_DELAY_MICROS_REVIEWSTORAGE': '0', 'SLOWPOKE_DELAY_MICROS_UNIQUEID': '0', 'SLOWPOKE_DELAY_MICROS_USER': '0', 'SLOWPOKE_DELAY_MICROS_USERREVIEWS': '0'}
    [exp] Executing cmd `bash run.sh movie mix 8 1024 50000`:
        [run.sh] Running benchmark movie with request mix, thread 8, conn 1024, duration 60
        [run.sh] Deleting all services
        service "castinfo" deleted
        deployment.apps "castinfo" deleted
        service "composereview" deleted
        deployment.apps "composereview" deleted
        service "frontend" deleted
        deployment.apps "frontend" deleted
        service "movieid" deleted
        deployment.apps "movieid" deleted
        service "movieinfo" deleted
        deployment.apps "movieinfo" deleted
        service "moviereviews" deleted
        deployment.apps "moviereviews" deleted
        service "page" deleted
        deployment.apps "page" deleted
        service "plot" deleted
        deployment.apps "plot" deleted
        service "reviewstorage" deleted
        deployment.apps "reviewstorage" deleted
        service "uniqueid" deleted
        deployment.apps "uniqueid" deleted
        service "user" deleted
        deployment.apps "user" deleted
        service "userreviews" deleted
        deployment.apps "userreviews" deleted
        deployment.apps "ubuntu-client" deleted
        [run.sh] Waiting for all pods to be deleted
        [run.sh] Deploying all services
        service/castinfo created
        deployment.apps/castinfo created
        service/composereview created
        deployment.apps/composereview created
        service/frontend created
        deployment.apps/frontend created
        service/movieid created
        deployment.apps/movieid created
        service/movieinfo created
        deployment.apps/movieinfo created
        service/moviereviews created
        deployment.apps/moviereviews created
        service/page created
        deployment.apps/page created
        service/plot created
        deployment.apps/plot created
        service/reviewstorage created
        deployment.apps/reviewstorage created
        service/uniqueid created
        deployment.apps/uniqueid created
        service/user created
        deployment.apps/user created
        service/userreviews created
        deployment.apps/userreviews created
        [run.sh] Client pod not found, deploying client
        deployment.apps/ubuntu-client created
        [run.sh] Waiting for all pods to be running
        [run.sh] All pods are running
        [run.sh] Checking heartbeat for all services
        [run.sh] All pods can connect to all services
        [run.sh] Populating social benchmark
        Parsing movies file: ./data/movies_1_500.json... DONE!
        Parsing cast file: ./data/casts_1_500.json... DONE!
        Producing analysis file: ./data/analysis.txt... DONE!
        Populating everything...
        Pending cast: 42666
        DONE!
        [run.sh] Copying movie/analysis.txt to ubuntu-client-76886f6bbd-6g5jb:/analysis.txt
        [run.sh] Finished populating movie
        [run.sh] Starting the rust proxy first for movie
        [2m2025-03-22T17:22:18.450257Z[0m [32m INFO[0m [2mproxy::movie[0m[2m:[0m Reading movie analysis data from /analysis.txt
        [run.sh] Running warmup test
        [run.sh] /wrk/wrk -t8 -c1024 -d3s -L http://localhost:3000
        Running 3s test @ http://localhost:3000
        8 threads and 1024 connections
        Thread Stats   Avg      Stdev     Max   +/- Stdev
        Latency   476.58ms  246.07ms   1.27s    71.22%
        Req/Sec   203.81     90.83   500.00     68.72%
        Latency Distribution
        50%  515.95ms
        75%  646.31ms
        90%  759.43ms
        99%    1.02s
        4708 requests in 3.03s, 358.62KB read
        Requests/sec:   1553.95
        Transfer/sec:    118.37KB
        [run.sh] Speed is 1553.95, duration is 48
        [run.sh] Fix the request number.
        [run.sh] Running the actual test
        [run.sh] /wrk/wrk -t8 -c1024 -d48s -s /wrk/fix_req_n.lua -L http://localhost:3000
        [run.sh] Checking the resource usage
        NAME                             CPU(cores)   MEMORY(bytes)
        castinfo-57474b6574-8tzn4        0m           63Mi
        composereview-8b78db69d-hwr9n    0m           11Mi
        frontend-7fff75777f-m8kpk        1m           12Mi
        movieid-bb46c45b9-hxkf6          1m           10Mi
        movieinfo-bc5c9b877-dh5bf        0m           20Mi
        moviereviews-7fd9bfb849-snxxs    1m           18Mi
        page-75dd88f547-t4hfq            0m           64Mi
        plot-847cf65c5f-hmt5m            1m           98Mi
        reviewstorage-6589cd676-5rh7g    1m           9Mi
        ubuntu-client-76886f6bbd-6g5jb   1m           75Mi
        uniqueid-fc8c7bbbb-bndw8         1m           6Mi
        user-65648944f4-2ghmt            1m           6Mi
        userreviews-55455b5bdc-pzmtc     1m           4Mi
        Running 48s test @ http://localhost:3000
        8 threads and 1024 connections
        Thread Stats   Avg      Stdev     Max   +/- Stdev
        Latency   566.44ms  216.60ms   1.39s    80.87%
        Req/Sec   225.00     64.61   828.00     69.17%
        Latency Distribution
        50%  600.16ms
        75%  681.24ms
        90%  768.15ms
        99%  973.22ms
        50000 requests in 48.00s, 3.72MB read
        Requests/sec:   1041.66
        Transfer/sec:     79.35KB
        ------------------------------
        stop time: 27.905430
        stop time: 27.914294
        stop time: 28.010225
        stop time: 27.967589
        stop time: 27.993567
        stop time: 27.763766
        stop time: 28.275213
        stop time: 28.049803
        [run.sh] Test finished with status 0
        > STDERR
        > No resources found in default namespace.
    [exp] Times: [27.90543, 27.914294, 28.010225, 27.967589, 27.993567, 27.763766, 28.275213, 28.049803]
    [exp] Throughput: 1786.672332919303
[test.py] Running slowdown experiment
    [exp] Running (pre_run: False) workload movie/mix request with the following configuration: {'SLOWPOKE_DELAY_MICROS_CASTINFO': '1000', 'SLOWPOKE_DELAY_MICROS_COMPOSEREVIEW': '9020', 'SLOWPOKE_DELAY_MICROS_FRONTEND': '9020', 'SLOWPOKE_DELAY_MICROS_MOVIEID': '9020', 'SLOWPOKE_DELAY_MICROS_MOVIEINFO': '1000', 'SLOWPOKE_DELAY_MICROS_MOVIEREVIEWS': '1000', 'SLOWPOKE_DELAY_MICROS_PAGE': '1000', 'SLOWPOKE_DELAY_MICROS_PLOT': '1000', 'SLOWPOKE_DELAY_MICROS_REVIEWSTORAGE': '900', 'SLOWPOKE_DELAY_MICROS_UNIQUEID': '9020', 'SLOWPOKE_DELAY_MICROS_USER': '4510', 'SLOWPOKE_DELAY_MICROS_USERREVIEWS': '9020'}
    [exp] Executing cmd `bash run.sh movie mix 8 1024 50000`:
        [run.sh] Running benchmark movie with request mix, thread 8, conn 1024, duration 60
        [run.sh] Deleting all services
        service "castinfo" deleted
        deployment.apps "castinfo" deleted
        service "composereview" deleted
        deployment.apps "composereview" deleted
        service "frontend" deleted
        deployment.apps "frontend" deleted
        service "movieid" deleted
        deployment.apps "movieid" deleted
        service "movieinfo" deleted
        deployment.apps "movieinfo" deleted
        service "moviereviews" deleted
        deployment.apps "moviereviews" deleted
        service "page" deleted
        deployment.apps "page" deleted
        service "plot" deleted
        deployment.apps "plot" deleted
        service "reviewstorage" deleted
        deployment.apps "reviewstorage" deleted
        service "uniqueid" deleted
        deployment.apps "uniqueid" deleted
        service "user" deleted
        deployment.apps "user" deleted
        service "userreviews" deleted
        deployment.apps "userreviews" deleted
        deployment.apps "ubuntu-client" deleted
        [run.sh] Waiting for all pods to be deleted
        [run.sh] Deploying all services
        service/castinfo created
        deployment.apps/castinfo created
        service/composereview created
        deployment.apps/composereview created
        service/frontend created
        deployment.apps/frontend created
        service/movieid created
        deployment.apps/movieid created
        service/movieinfo created
        deployment.apps/movieinfo created
        service/moviereviews created
        deployment.apps/moviereviews created
        service/page created
        deployment.apps/page created
        service/plot created
        deployment.apps/plot created
        service/reviewstorage created
        deployment.apps/reviewstorage created
        service/uniqueid created
        deployment.apps/uniqueid created
        service/user created
        deployment.apps/user created
        service/userreviews created
        deployment.apps/userreviews created
        [run.sh] Client pod not found, deploying client
        deployment.apps/ubuntu-client created
        [run.sh] Waiting for all pods to be running
        [run.sh] All pods are running
        [run.sh] Checking heartbeat for all services
        [run.sh] All pods can connect to all services
        [run.sh] Populating social benchmark
        Parsing movies file: ./data/movies_1_500.json... DONE!
        Parsing cast file: ./data/casts_1_500.json... DONE!
        Producing analysis file: ./data/analysis.txt... DONE!
        Populating everything...
        Pending cast: 42666
        DONE!
        [run.sh] Copying movie/analysis.txt to ubuntu-client-76886f6bbd-2mzp8:/analysis.txt
        [run.sh] Finished populating movie
        [run.sh] Starting the rust proxy first for movie
        [2m2025-03-22T17:26:36.541212Z[0m [32m INFO[0m [2mproxy::movie[0m[2m:[0m Reading movie analysis data from /analysis.txt
        [run.sh] Running warmup test
        [run.sh] /wrk/wrk -t8 -c1024 -d3s -L http://localhost:3000
        Running 3s test @ http://localhost:3000
        8 threads and 1024 connections
        Thread Stats   Avg      Stdev     Max   +/- Stdev
        Latency   917.47ms  352.02ms   1.98s    67.62%
        Req/Sec   115.22     60.80   290.00     66.20%
        Latency Distribution
        50%  982.07ms
        75%    1.15s
        90%    1.33s
        99%    1.60s
        2477 requests in 3.03s, 188.68KB read
        Requests/sec:    816.18
        Transfer/sec:     62.17KB
        [run.sh] Speed is 816.18, duration is 91
        [run.sh] Fix the request number.
        [run.sh] Running the actual test
        [run.sh] /wrk/wrk -t8 -c1024 -d91s -s /wrk/fix_req_n.lua -L http://localhost:3000
        [run.sh] Checking the resource usage
        NAME                             CPU(cores)   MEMORY(bytes)
        castinfo-56c9fdcfd9-lkfh9        0m           48Mi
        composereview-8456bcfc85-2c9sj   0m           2Mi
        frontend-bf4d9d86d-cds2z         0m           2Mi
        movieid-6777496b7b-qlr2q         0m           9Mi
        movieinfo-7bcb85b744-c8vz4       0m           13Mi
        moviereviews-7b8b6fd77b-s9c7k    0m           2Mi
        page-54cbfd5798-trtbg            0m           2Mi
        plot-8595f8f7b8-vtqlx            0m           89Mi
        reviewstorage-76677fb679-9rm45   0m           2Mi
        ubuntu-client-76886f6bbd-2mzp8   0m           0Mi
        uniqueid-897d4c4df-sbdcr         0m           2Mi
        user-5c8ccf7bbb-nhwnq            0m           3Mi
        userreviews-748fc9b4f6-4rxz5     0m           2Mi
        Running 2m test @ http://localhost:3000
        8 threads and 1024 connections
        Thread Stats   Avg      Stdev     Max   +/- Stdev
        Latency   958.43ms  390.91ms   2.00s    74.35%
        Req/Sec   131.29     60.36   404.00     67.30%
        Latency Distribution
        50%  984.80ms
        75%    1.19s
        90%    1.41s
        99%    1.84s
        50000 requests in 1.52m, 3.72MB read
        Socket errors: connect 0, read 0, write 0, timeout 570
        Requests/sec:    549.45
        Transfer/sec:     41.85KB
        ------------------------------
        stop time: 47.668340
        stop time: 48.157855
        stop time: 47.477718
        stop time: 48.273626
        stop time: 48.851472
        stop time: 48.578466
        stop time: 48.877230
        stop time: 48.951749
        [run.sh] Test finished with status 0
        > STDERR
        > No resources found in default namespace.
    [exp] Times: [47.66834, 48.157855, 47.477718, 48.273626, 48.851472, 48.578466, 48.87723, 48.951749]
    [exp] Throughput: 1034.0287059190719
    [exp] Running (pre_run: False) workload movie/mix request with the following configuration: {'SLOWPOKE_DELAY_MICROS_CASTINFO': '667', 'SLOWPOKE_DELAY_MICROS_COMPOSEREVIEW': '6016', 'SLOWPOKE_DELAY_MICROS_FRONTEND': '6016', 'SLOWPOKE_DELAY_MICROS_MOVIEID': '6016', 'SLOWPOKE_DELAY_MICROS_MOVIEINFO': '667', 'SLOWPOKE_DELAY_MICROS_MOVIEREVIEWS': '1000', 'SLOWPOKE_DELAY_MICROS_PAGE': '667', 'SLOWPOKE_DELAY_MICROS_PLOT': '667', 'SLOWPOKE_DELAY_MICROS_REVIEWSTORAGE': '600', 'SLOWPOKE_DELAY_MICROS_UNIQUEID': '6016', 'SLOWPOKE_DELAY_MICROS_USER': '3008', 'SLOWPOKE_DELAY_MICROS_USERREVIEWS': '6016'}
    [exp] Executing cmd `bash run.sh movie mix 8 1024 50000`:
        [run.sh] Running benchmark movie with request mix, thread 8, conn 1024, duration 60
        [run.sh] Deleting all services
        service "castinfo" deleted
        deployment.apps "castinfo" deleted
        service "composereview" deleted
        deployment.apps "composereview" deleted
        service "frontend" deleted
        deployment.apps "frontend" deleted
        service "movieid" deleted
        deployment.apps "movieid" deleted
        service "movieinfo" deleted
        deployment.apps "movieinfo" deleted
        service "moviereviews" deleted
        deployment.apps "moviereviews" deleted
        service "page" deleted
        deployment.apps "page" deleted
        service "plot" deleted
        deployment.apps "plot" deleted
        service "reviewstorage" deleted
        deployment.apps "reviewstorage" deleted
        service "uniqueid" deleted
        deployment.apps "uniqueid" deleted
        service "user" deleted
        deployment.apps "user" deleted
        service "userreviews" deleted
        deployment.apps "userreviews" deleted
        deployment.apps "ubuntu-client" deleted
        [run.sh] Waiting for all pods to be deleted
        [run.sh] Deploying all services
        service/castinfo created
        deployment.apps/castinfo created
        service/composereview created
        deployment.apps/composereview created
        service/frontend created
        deployment.apps/frontend created
        service/movieid created
        deployment.apps/movieid created
        service/movieinfo created
        deployment.apps/movieinfo created
        service/moviereviews created
        deployment.apps/moviereviews created
        service/page created
        deployment.apps/page created
        service/plot created
        deployment.apps/plot created
        service/reviewstorage created
        deployment.apps/reviewstorage created
        service/uniqueid created
        deployment.apps/uniqueid created
        service/user created
        deployment.apps/user created
        service/userreviews created
        deployment.apps/userreviews created
        [run.sh] Client pod not found, deploying client
        deployment.apps/ubuntu-client created
        [run.sh] Waiting for all pods to be running
        [run.sh] All pods are running
        [run.sh] Checking heartbeat for all services
        [run.sh] All pods can connect to all services
        [run.sh] Populating social benchmark
        Parsing movies file: ./data/movies_1_500.json... DONE!
        Parsing cast file: ./data/casts_1_500.json... DONE!
        Producing analysis file: ./data/analysis.txt... DONE!
        Populating everything...
        Pending cast: 42666
        DONE!
        [run.sh] Copying movie/analysis.txt to ubuntu-client-76886f6bbd-q4xdk:/analysis.txt
        [run.sh] Finished populating movie
        [run.sh] Starting the rust proxy first for movie
        [2m2025-03-22T17:31:30.105821Z[0m [32m INFO[0m [2mproxy::movie[0m[2m:[0m Reading movie analysis data from /analysis.txt
        [run.sh] Running warmup test
        [run.sh] /wrk/wrk -t8 -c1024 -d3s -L http://localhost:3000
        Running 3s test @ http://localhost:3000
        8 threads and 1024 connections
        Thread Stats   Avg      Stdev     Max   +/- Stdev
        Latency   657.97ms  405.85ms   1.97s    72.73%
        Req/Sec   128.92     54.81   340.00     68.52%
        Latency Distribution
        50%  578.46ms
        75%  852.88ms
        90%    1.26s
        99%    1.80s
        2849 requests in 3.03s, 217.01KB read
        Requests/sec:    938.95
        Transfer/sec:     71.52KB
        [run.sh] Speed is 938.95, duration is 79
        [run.sh] Fix the request number.
        [run.sh] Running the actual test
        [run.sh] /wrk/wrk -t8 -c1024 -d79s -s /wrk/fix_req_n.lua -L http://localhost:3000
        [run.sh] Checking the resource usage
        NAME                             CPU(cores)   MEMORY(bytes)
        castinfo-7dc47db6c5-4skzk        88m          50Mi
        composereview-6598bc696c-n7hsg   0m           2Mi
        frontend-b8554f46-qkxsb          0m           2Mi
        movieid-6fd9879b78-q82dz         0m           10Mi
        movieinfo-5d68bd746d-wxfb8       0m           13Mi
        moviereviews-7b8b6fd77b-cbl98    0m           2Mi
        page-86bf5b4bb-fsztx             0m           2Mi
        plot-74d6f494fd-xxk5w            0m           92Mi
        reviewstorage-64dd78fb8b-t9v2z   0m           2Mi
        ubuntu-client-76886f6bbd-q4xdk   0m           0Mi
        uniqueid-b49d9f9c5-p5g2r         0m           2Mi
        user-7fbbcbc985-7d8w2            0m           3Mi
        userreviews-896574cd-qgrnt       0m           2Mi
        Running 1m test @ http://localhost:3000
        8 threads and 1024 connections
        Thread Stats   Avg      Stdev     Max   +/- Stdev
        Latency   823.27ms  325.50ms   2.00s    76.51%
        Req/Sec   152.28     60.75   450.00     68.41%
        Latency Distribution
        50%  853.84ms
        75%    1.00s
        90%    1.17s
        99%    1.53s
        50000 requests in 1.32m, 3.72MB read
        Socket errors: connect 0, read 0, write 0, timeout 24
        Requests/sec:    632.91
        Transfer/sec:     48.21KB
        ------------------------------
        stop time: 40.409216
        stop time: 40.825737
        stop time: 40.863109
        stop time: 41.666134
        stop time: 41.514970
        stop time: 41.527461
        stop time: 41.931193
        stop time: 41.850753
        [run.sh] Test finished with status 0
        > STDERR
        > No resources found in default namespace.
    [exp] Times: [40.409216, 40.825737, 40.863109, 41.666134, 41.51497, 41.527461, 41.931193, 41.850753]
    [exp] Throughput: 1209.9631767974024
    [exp] Running (pre_run: False) workload movie/mix request with the following configuration: {'SLOWPOKE_DELAY_MICROS_CASTINFO': '334', 'SLOWPOKE_DELAY_MICROS_COMPOSEREVIEW': '3012', 'SLOWPOKE_DELAY_MICROS_FRONTEND': '3012', 'SLOWPOKE_DELAY_MICROS_MOVIEID': '3012', 'SLOWPOKE_DELAY_MICROS_MOVIEINFO': '334', 'SLOWPOKE_DELAY_MICROS_MOVIEREVIEWS': '1000', 'SLOWPOKE_DELAY_MICROS_PAGE': '334', 'SLOWPOKE_DELAY_MICROS_PLOT': '334', 'SLOWPOKE_DELAY_MICROS_REVIEWSTORAGE': '300', 'SLOWPOKE_DELAY_MICROS_UNIQUEID': '3012', 'SLOWPOKE_DELAY_MICROS_USER': '1506', 'SLOWPOKE_DELAY_MICROS_USERREVIEWS': '3012'}
    [exp] Executing cmd `bash run.sh movie mix 8 1024 50000`:
        [run.sh] Running benchmark movie with request mix, thread 8, conn 1024, duration 60
        [run.sh] Deleting all services
        service "castinfo" deleted
        deployment.apps "castinfo" deleted
        service "composereview" deleted
        deployment.apps "composereview" deleted
        service "frontend" deleted
        deployment.apps "frontend" deleted
        service "movieid" deleted
        deployment.apps "movieid" deleted
        service "movieinfo" deleted
        deployment.apps "movieinfo" deleted
        service "moviereviews" deleted
        deployment.apps "moviereviews" deleted
        service "page" deleted
        deployment.apps "page" deleted
        service "plot" deleted
        deployment.apps "plot" deleted
        service "reviewstorage" deleted
        deployment.apps "reviewstorage" deleted
        service "uniqueid" deleted
        deployment.apps "uniqueid" deleted
        service "user" deleted
        deployment.apps "user" deleted
        service "userreviews" deleted
        deployment.apps "userreviews" deleted
        deployment.apps "ubuntu-client" deleted
        [run.sh] Waiting for all pods to be deleted
        [run.sh] Deploying all services
        service/castinfo created
        deployment.apps/castinfo created
        service/composereview created
        deployment.apps/composereview created
        service/frontend created
        deployment.apps/frontend created
        service/movieid created
        deployment.apps/movieid created
        service/movieinfo created
        deployment.apps/movieinfo created
        service/moviereviews created
        deployment.apps/moviereviews created
        service/page created
        deployment.apps/page created
        service/plot created
        deployment.apps/plot created
        service/reviewstorage created
        deployment.apps/reviewstorage created
        service/uniqueid created
        deployment.apps/uniqueid created
        service/user created
        deployment.apps/user created
        service/userreviews created
        deployment.apps/userreviews created
        [run.sh] Client pod not found, deploying client
        deployment.apps/ubuntu-client created
        [run.sh] Waiting for all pods to be running
        [run.sh] All pods are running
        [run.sh] Checking heartbeat for all services
        [run.sh] All pods can connect to all services
        [run.sh] Populating social benchmark
        Parsing movies file: ./data/movies_1_500.json... DONE!
        Parsing cast file: ./data/casts_1_500.json... DONE!
        Producing analysis file: ./data/analysis.txt... DONE!
        Populating everything...
        Pending cast: 42666
        DONE!
        [run.sh] Copying movie/analysis.txt to ubuntu-client-76886f6bbd-b5jzn:/analysis.txt
        [run.sh] Finished populating movie
        [run.sh] Starting the rust proxy first for movie
        [2m2025-03-22T17:35:58.998396Z[0m [32m INFO[0m [2mproxy::movie[0m[2m:[0m Reading movie analysis data from /analysis.txt
        [run.sh] Running warmup test
        [run.sh] /wrk/wrk -t8 -c1024 -d3s -L http://localhost:3000
        Running 3s test @ http://localhost:3000
        8 threads and 1024 connections
        Thread Stats   Avg      Stdev     Max   +/- Stdev
        Latency   607.41ms  271.23ms   1.54s    71.09%
        Req/Sec   158.03     68.74   373.00     73.42%
        Latency Distribution
        50%  639.97ms
        75%  799.20ms
        90%  919.62ms
        99%    1.14s
        3511 requests in 3.03s, 267.44KB read
        Requests/sec:   1158.66
        Transfer/sec:     88.26KB
        [run.sh] Speed is 1158.66, duration is 64
        [run.sh] Fix the request number.
        [run.sh] Running the actual test
        [run.sh] /wrk/wrk -t8 -c1024 -d64s -s /wrk/fix_req_n.lua -L http://localhost:3000
        [run.sh] Checking the resource usage
        NAME                             CPU(cores)   MEMORY(bytes)
        castinfo-b6bb65f9b-cwwws         459m         68Mi
        composereview-7df87d95cd-xqh8w   259m         11Mi
        frontend-7f99c66495-zzzhb        205m         12Mi
        movieid-687f7bd475-pw4s9         195m         12Mi
        movieinfo-8447879b47-kkrq6       301m         22Mi
        moviereviews-7b8b6fd77b-jcwvw    683m         19Mi
        page-599ff9b897-6npz9            465m         98Mi
        plot-7f67644f97-hz8q4            174m         133Mi
        reviewstorage-7fc9c755b9-hd2xq   136m         12Mi
        ubuntu-client-76886f6bbd-b5jzn   278m         100Mi
        uniqueid-79d5b76f6d-qs26g        195m         8Mi
        user-667449bf6-nxbxw             133m         9Mi
        userreviews-95fdf5fc-7crfr       152m         9Mi
        Running 1m test @ http://localhost:3000
        8 threads and 1024 connections
        Thread Stats   Avg      Stdev     Max   +/- Stdev
        Latency   709.38ms  253.17ms   1.58s    81.80%
        Req/Sec   178.60     58.83   606.00     71.14%
        Latency Distribution
        50%  753.11ms
        75%  844.40ms
        90%  940.29ms
        99%    1.15s
        50000 requests in 1.07m, 3.72MB read
        Requests/sec:    781.25
        Transfer/sec:     59.51KB
        ------------------------------
        stop time: 34.870567
        stop time: 35.061004
        stop time: 35.167759
        stop time: 35.335100
        stop time: 35.086033
        stop time: 35.683575
        stop time: 35.361765
        stop time: 35.464049
        [run.sh] Test finished with status 0
        > STDERR
        > No resources found in default namespace.
    [exp] Times: [34.870567, 35.061004, 35.167759, 35.3351, 35.086033, 35.683575, 35.361765, 35.464049]
    [exp] Throughput: 1418.2895787925318
[test.py] Baseline throughput:  1606.7261154258222
[test.py] Groundtruth:  [1796.586360154661, 1794.0509843455418, 1786.672332919303]
[test.py] Slowdown:  [1034.0287059190719, 1209.9631767974024, 1418.2895787925318]
[test.py] Predicted:  [1943.460405605088, 1906.1274168359762, 1805.2998828655261]
[test.py] Error percentage:  [8.175173134331446, 6.247115241895935, 1.042583444261821]
[test.py] >>>>>>>>>>>>>>>>>>>>>>>>>>>>> Running experiment 1...
[test.py] Actual processing time range: [0, 333, 666]
[test.py] Running baseline experiment
    [exp] Running (pre_run: False) workload movie/mix request with the following configuration: {'SLOWPOKE_DELAY_MICROS_CASTINFO': '0', 'SLOWPOKE_DELAY_MICROS_COMPOSEREVIEW': '0', 'SLOWPOKE_DELAY_MICROS_FRONTEND': '0', 'SLOWPOKE_DELAY_MICROS_MOVIEID': '0', 'SLOWPOKE_DELAY_MICROS_MOVIEINFO': '0', 'SLOWPOKE_DELAY_MICROS_MOVIEREVIEWS': '1000', 'SLOWPOKE_DELAY_MICROS_PAGE': '0', 'SLOWPOKE_DELAY_MICROS_PLOT': '0', 'SLOWPOKE_DELAY_MICROS_REVIEWSTORAGE': '0', 'SLOWPOKE_DELAY_MICROS_UNIQUEID': '0', 'SLOWPOKE_DELAY_MICROS_USER': '0', 'SLOWPOKE_DELAY_MICROS_USERREVIEWS': '0'}
    [exp] Executing cmd `bash run.sh movie mix 8 1024 50000`:
        [run.sh] Running benchmark movie with request mix, thread 8, conn 1024, duration 60
        [run.sh] Deleting all services
        service "castinfo" deleted
        deployment.apps "castinfo" deleted
        service "composereview" deleted
        deployment.apps "composereview" deleted
        service "frontend" deleted
        deployment.apps "frontend" deleted
        service "movieid" deleted
        deployment.apps "movieid" deleted
        service "movieinfo" deleted
        deployment.apps "movieinfo" deleted
        service "moviereviews" deleted
        deployment.apps "moviereviews" deleted
        service "page" deleted
        deployment.apps "page" deleted
        service "plot" deleted
        deployment.apps "plot" deleted
        service "reviewstorage" deleted
        deployment.apps "reviewstorage" deleted
        service "uniqueid" deleted
        deployment.apps "uniqueid" deleted
        service "user" deleted
        deployment.apps "user" deleted
        service "userreviews" deleted
        deployment.apps "userreviews" deleted
        deployment.apps "ubuntu-client" deleted
        [run.sh] Waiting for all pods to be deleted
        [run.sh] Deploying all services
        service/castinfo created
        deployment.apps/castinfo created
        service/composereview created
        deployment.apps/composereview created
        service/frontend created
        deployment.apps/frontend created
        service/movieid created
        deployment.apps/movieid created
        service/movieinfo created
        deployment.apps/movieinfo created
        service/moviereviews created
        deployment.apps/moviereviews created
        service/page created
        deployment.apps/page created
        service/plot created
        deployment.apps/plot created
        service/reviewstorage created
        deployment.apps/reviewstorage created
        service/uniqueid created
        deployment.apps/uniqueid created
        service/user created
        deployment.apps/user created
        service/userreviews created
        deployment.apps/userreviews created
        [run.sh] Client pod not found, deploying client
        deployment.apps/ubuntu-client created
        [run.sh] Waiting for all pods to be running
        [run.sh] All pods are running
        [run.sh] Checking heartbeat for all services
        [run.sh] All pods can connect to all services
        [run.sh] Populating social benchmark
        Parsing movies file: ./data/movies_1_500.json... DONE!
        Parsing cast file: ./data/casts_1_500.json... DONE!
        Producing analysis file: ./data/analysis.txt... DONE!
        Populating everything...
        Pending cast: 42666
        DONE!
        [run.sh] Copying movie/analysis.txt to ubuntu-client-76886f6bbd-kmgqr:/analysis.txt
        [run.sh] Finished populating movie
        [run.sh] Starting the rust proxy first for movie
        [2m2025-03-22T17:40:08.615342Z[0m [32m INFO[0m [2mproxy::movie[0m[2m:[0m Reading movie analysis data from /analysis.txt
        [run.sh] Running warmup test
        [run.sh] /wrk/wrk -t8 -c1024 -d3s -L http://localhost:3000
        Running 3s test @ http://localhost:3000
        8 threads and 1024 connections
        Thread Stats   Avg      Stdev     Max   +/- Stdev
        Latency   547.96ms  225.16ms   1.12s    76.75%
        Req/Sec   183.03     81.46   390.00     67.69%
        Latency Distribution
        50%  597.61ms
        75%  703.63ms
        90%  778.55ms
        99%  920.94ms
        4211 requests in 3.03s, 320.76KB read
        Requests/sec:   1388.90
        Transfer/sec:    105.80KB
        [run.sh] Speed is 1388.90, duration is 53
        [run.sh] Fix the request number.
        [run.sh] Running the actual test
        [run.sh] /wrk/wrk -t8 -c1024 -d53s -s /wrk/fix_req_n.lua -L http://localhost:3000
        [run.sh] Checking the resource usage
        NAME                             CPU(cores)   MEMORY(bytes)
        castinfo-57474b6574-84x95        45m          64Mi
        composereview-8b78db69d-btr9g    43m          12Mi
        frontend-7fff75777f-zhlgq        76m          12Mi
        movieid-bb46c45b9-fmzkf          10m          11Mi
        movieinfo-bc5c9b877-9bgd8        68m          20Mi
        moviereviews-7b8b6fd77b-9mnz5    625m         21Mi
        page-75dd88f547-cs7wr            493m         84Mi
        plot-847cf65c5f-spnqs            80m          122Mi
        reviewstorage-6589cd676-2hqhd    67m          10Mi
        ubuntu-client-76886f6bbd-kmgqr   280m         67Mi
        uniqueid-fc8c7bbbb-7tprm         11m          7Mi
        user-65648944f4-c7qrl            16m          7Mi
        userreviews-55455b5bdc-cpsf4     10m          6Mi
        Running 1m test @ http://localhost:3000
        8 threads and 1024 connections
        Thread Stats   Avg      Stdev     Max   +/- Stdev
        Latency   626.75ms  207.37ms   1.16s    87.21%
        Req/Sec   202.59     57.98   760.00     72.96%
        Latency Distribution
        50%  682.42ms
        75%  716.22ms
        90%  757.04ms
        99%  870.11ms
        50000 requests in 0.88m, 3.72MB read
        Requests/sec:    943.39
        Transfer/sec:     71.86KB
        ------------------------------
        stop time: 30.605849
        stop time: 30.921182
        stop time: 30.909275
        stop time: 30.893946
        stop time: 31.128926
        stop time: 31.492525
        stop time: 31.425786
        stop time: 31.280817
        [run.sh] Test finished with status 0
        > STDERR
        > No resources found in default namespace.
    [exp] Times: [30.605849, 30.921182, 30.909275, 30.893946, 31.128926, 31.492525, 31.425786, 31.280817]
    [exp] Throughput: 1608.6331739105472
[test.py] Baseline throughput: 1608.6331739105472
[test.py] Running groundtruth experiment
    [exp] Running (pre_run: False) workload movie/mix request with the following configuration: {'SLOWPOKE_DELAY_MICROS_CASTINFO': '0', 'SLOWPOKE_DELAY_MICROS_COMPOSEREVIEW': '0', 'SLOWPOKE_DELAY_MICROS_FRONTEND': '0', 'SLOWPOKE_DELAY_MICROS_MOVIEID': '0', 'SLOWPOKE_DELAY_MICROS_MOVIEINFO': '0', 'SLOWPOKE_DELAY_MICROS_MOVIEREVIEWS': '0', 'SLOWPOKE_DELAY_MICROS_PAGE': '0', 'SLOWPOKE_DELAY_MICROS_PLOT': '0', 'SLOWPOKE_DELAY_MICROS_REVIEWSTORAGE': '0', 'SLOWPOKE_DELAY_MICROS_UNIQUEID': '0', 'SLOWPOKE_DELAY_MICROS_USER': '0', 'SLOWPOKE_DELAY_MICROS_USERREVIEWS': '0'}
    [exp] Executing cmd `bash run.sh movie mix 8 1024 50000`:
        [run.sh] Running benchmark movie with request mix, thread 8, conn 1024, duration 60
        [run.sh] Deleting all services
        service "castinfo" deleted
        deployment.apps "castinfo" deleted
        service "composereview" deleted
        deployment.apps "composereview" deleted
        service "frontend" deleted
        deployment.apps "frontend" deleted
        service "movieid" deleted
        deployment.apps "movieid" deleted
        service "movieinfo" deleted
        deployment.apps "movieinfo" deleted
        service "moviereviews" deleted
        deployment.apps "moviereviews" deleted
        service "page" deleted
        deployment.apps "page" deleted
        service "plot" deleted
        deployment.apps "plot" deleted
        service "reviewstorage" deleted
        deployment.apps "reviewstorage" deleted
        service "uniqueid" deleted
        deployment.apps "uniqueid" deleted
        service "user" deleted
        deployment.apps "user" deleted
        service "userreviews" deleted
        deployment.apps "userreviews" deleted
        deployment.apps "ubuntu-client" deleted
        [run.sh] Waiting for all pods to be deleted
        [run.sh] Deploying all services
        service/castinfo created
        deployment.apps/castinfo created
        service/composereview created
        deployment.apps/composereview created
        service/frontend created
        deployment.apps/frontend created
        service/movieid created
        deployment.apps/movieid created
        service/movieinfo created
        deployment.apps/movieinfo created
        service/moviereviews created
        deployment.apps/moviereviews created
        service/page created
        deployment.apps/page created
        service/plot created
        deployment.apps/plot created
        service/reviewstorage created
        deployment.apps/reviewstorage created
        service/uniqueid created
        deployment.apps/uniqueid created
        service/user created
        deployment.apps/user created
        service/userreviews created
        deployment.apps/userreviews created
        [run.sh] Client pod not found, deploying client
        deployment.apps/ubuntu-client created
        [run.sh] Waiting for all pods to be running
        [run.sh] All pods are running
        [run.sh] Checking heartbeat for all services
        [run.sh] All pods can connect to all services
        [run.sh] Populating social benchmark
        Parsing movies file: ./data/movies_1_500.json... DONE!
        Parsing cast file: ./data/casts_1_500.json... DONE!
        Producing analysis file: ./data/analysis.txt... DONE!
        Populating everything...
        Pending cast: 42666
        DONE!
        [run.sh] Copying movie/analysis.txt to ubuntu-client-76886f6bbd-rjtd8:/analysis.txt
        [run.sh] Finished populating movie
        [run.sh] Starting the rust proxy first for movie
        [2m2025-03-22T17:44:07.668330Z[0m [32m INFO[0m [2mproxy::movie[0m[2m:[0m Reading movie analysis data from /analysis.txt
        [run.sh] Running warmup test
        [run.sh] /wrk/wrk -t8 -c1024 -d3s -L http://localhost:3000
        Running 3s test @ http://localhost:3000
        8 threads and 1024 connections
        Thread Stats   Avg      Stdev     Max   +/- Stdev
        Latency   485.47ms  215.06ms   1.10s    74.35%
        Req/Sec   207.13     77.82   370.00     74.35%
        Latency Distribution
        50%  519.62ms
        75%  624.93ms
        90%  719.75ms
        99%  910.28ms
        4787 requests in 3.03s, 364.63KB read
        Requests/sec:   1579.57
        Transfer/sec:    120.32KB
        [run.sh] Speed is 1579.57, duration is 47
        [run.sh] Fix the request number.
        [run.sh] Running the actual test
        [run.sh] /wrk/wrk -t8 -c1024 -d47s -s /wrk/fix_req_n.lua -L http://localhost:3000
        [run.sh] Checking the resource usage
        NAME                             CPU(cores)   MEMORY(bytes)
        castinfo-57474b6574-rmfrw        130m         65Mi
        composereview-8b78db69d-xrtlb    15m          12Mi
        frontend-7fff75777f-xjz9f        60m          11Mi
        movieid-bb46c45b9-pzdfr          6m           10Mi
        movieinfo-bc5c9b877-zwdzg        31m          21Mi
        moviereviews-676d849c7f-glz26    92m          15Mi
        page-75dd88f547-t4mfm            631m         67Mi
        plot-847cf65c5f-dhgl9            86m          125Mi
        reviewstorage-6589cd676-js5pd    69m          8Mi
        ubuntu-client-76886f6bbd-rjtd8   313m         63Mi
        uniqueid-fc8c7bbbb-ckcnz         7m           7Mi
        user-65648944f4-kv2rs            16m          7Mi
        userreviews-55455b5bdc-mvsjr     10m          7Mi
        Running 47s test @ http://localhost:3000
        8 threads and 1024 connections
        Thread Stats   Avg      Stdev     Max   +/- Stdev
        Latency   559.59ms  227.20ms   1.50s    78.43%
        Req/Sec   225.07     72.64   777.00     68.11%
        Latency Distribution
        50%  595.74ms
        75%  693.14ms
        90%  787.09ms
        99%  973.77ms
        50000 requests in 47.00s, 3.72MB read
        Requests/sec:   1063.83
        Transfer/sec:     81.03KB
        ------------------------------
        stop time: 27.299676
        stop time: 27.890801
        stop time: 27.987726
        stop time: 27.556613
        stop time: 28.308146
        stop time: 28.263116
        stop time: 28.061150
        stop time: 28.281131
        [run.sh] Test finished with status 0
        > STDERR
        > No resources found in default namespace.
    [exp] Times: [27.299676, 27.890801, 27.987726, 27.556613, 28.308146, 28.263116, 28.06115, 28.281131]
    [exp] Throughput: 1788.5219537872847
    [exp] Running (pre_run: False) workload movie/mix request with the following configuration: {'SLOWPOKE_DELAY_MICROS_CASTINFO': '0', 'SLOWPOKE_DELAY_MICROS_COMPOSEREVIEW': '0', 'SLOWPOKE_DELAY_MICROS_FRONTEND': '0', 'SLOWPOKE_DELAY_MICROS_MOVIEID': '0', 'SLOWPOKE_DELAY_MICROS_MOVIEINFO': '0', 'SLOWPOKE_DELAY_MICROS_MOVIEREVIEWS': '333', 'SLOWPOKE_DELAY_MICROS_PAGE': '0', 'SLOWPOKE_DELAY_MICROS_PLOT': '0', 'SLOWPOKE_DELAY_MICROS_REVIEWSTORAGE': '0', 'SLOWPOKE_DELAY_MICROS_UNIQUEID': '0', 'SLOWPOKE_DELAY_MICROS_USER': '0', 'SLOWPOKE_DELAY_MICROS_USERREVIEWS': '0'}
    [exp] Executing cmd `bash run.sh movie mix 8 1024 50000`:
        [run.sh] Running benchmark movie with request mix, thread 8, conn 1024, duration 60
        [run.sh] Deleting all services
        service "castinfo" deleted
        deployment.apps "castinfo" deleted
        service "composereview" deleted
        deployment.apps "composereview" deleted
        service "frontend" deleted
        deployment.apps "frontend" deleted
        service "movieid" deleted
        deployment.apps "movieid" deleted
        service "movieinfo" deleted
        deployment.apps "movieinfo" deleted
        service "moviereviews" deleted
        deployment.apps "moviereviews" deleted
        service "page" deleted
        deployment.apps "page" deleted
        service "plot" deleted
        deployment.apps "plot" deleted
        service "reviewstorage" deleted
        deployment.apps "reviewstorage" deleted
        service "uniqueid" deleted
        deployment.apps "uniqueid" deleted
        service "user" deleted
        deployment.apps "user" deleted
        service "userreviews" deleted
        deployment.apps "userreviews" deleted
        deployment.apps "ubuntu-client" deleted
        [run.sh] Waiting for all pods to be deleted
        [run.sh] Deploying all services
        service/castinfo created
        deployment.apps/castinfo created
        service/composereview created
        deployment.apps/composereview created
        service/frontend created
        deployment.apps/frontend created
        service/movieid created
        deployment.apps/movieid created
        service/movieinfo created
        deployment.apps/movieinfo created
        service/moviereviews created
        deployment.apps/moviereviews created
        service/page created
        deployment.apps/page created
        service/plot created
        deployment.apps/plot created
        service/reviewstorage created
        deployment.apps/reviewstorage created
        service/uniqueid created
        deployment.apps/uniqueid created
        service/user created
        deployment.apps/user created
        service/userreviews created
        deployment.apps/userreviews created
        [run.sh] Client pod not found, deploying client
        deployment.apps/ubuntu-client created
        [run.sh] Waiting for all pods to be running
        [run.sh] All pods are running
        [run.sh] Checking heartbeat for all services
