benchmark                        : movie
num_threads                      : 8
num_conns                        : 1024
target_service                   : moviereviews
request_type                     : mix
repetitions                      : 3
target_num_exp                   : 2
pre_run                          : False
num_req                          : 20000
groundtruths                     : []
slowdowns                        : []
predicteds                       : []
errs                             : []
client_cpu_quota                 : 4
random_seed                      : 1234
request_ratio                    : {'castinfo': 0.9050900514, 'composereview': 0.1003336848, 'frontend': 0.1003336848, 'movieid': 0.1003336848, 'movieinfo': 0.9050900514, 'moviereviews': 0.9050900514, 'page': 0.9050900514, 'plot': 0.9050900514, 'reviewstorage': 1.005423736183, 'uniqueid': 0.1003336848, 'user': 0.2006673695, 'userreviews': 0.1003336848}
baseline_service_processing_time : {'castinfo': 0, 'composereview': 0, 'frontend': 0, 'movieid': 0, 'movieinfo': 0, 'moviereviews': 1000, 'page': 0, 'plot': 0, 'reviewstorage': 0, 'uniqueid': 0, 'user': 0, 'userreviews': 0}
cpu_quota                        : {'castinfo': 2, 'composereview': 2, 'frontend': 2, 'movieid': 2, 'movieinfo': 2, 'moviereviews': 2, 'page': 2, 'plot': 2, 'reviewstorage': 2, 'uniqueid': 2, 'user': 2, 'userreviews': 2}
target_processing_time_range     : [0, 1000]
baseline_throughputs             : []
poker_batch                      : 60000000
[test.py] Starting experiment...
[test.py] >>>>>>>>>>>>>>>>>>>>>>>>>>>>> Running experiment 0...
[test.py] Actual processing time range: [0, 500]
[test.py] Running baseline experiment
    [exp] Running (pre_run: False) workload movie/mix request with the following configuration: {'CLIENT_CPU_QUOTA': '4', 'SLOWPOKE_POKER_BATCH_THRESHOLD': '60000000', 'SLOWPOKE_PROCESSING_MICROS_CASTINFO': '0', 'SLOWPOKE_PROCESSING_MICROS_COMPOSEREVIEW': '0', 'SLOWPOKE_PROCESSING_MICROS_FRONTEND': '0', 'SLOWPOKE_PROCESSING_MICROS_MOVIEID': '0', 'SLOWPOKE_PROCESSING_MICROS_MOVIEINFO': '0', 'SLOWPOKE_PROCESSING_MICROS_MOVIEREVIEWS': '1000', 'SLOWPOKE_PROCESSING_MICROS_PAGE': '0', 'SLOWPOKE_PROCESSING_MICROS_PLOT': '0', 'SLOWPOKE_PROCESSING_MICROS_REVIEWSTORAGE': '0', 'SLOWPOKE_PROCESSING_MICROS_UNIQUEID': '0', 'SLOWPOKE_PROCESSING_MICROS_USER': '0', 'SLOWPOKE_PROCESSING_MICROS_USERREVIEWS': '0', 'SLOWPOKE_DELAY_MICROS_CASTINFO': '0.0', 'SLOWPOKE_POKER_BATCH_THRESHOLD_CASTINFO': '10', 'SLOWPOKE_DELAY_MICROS_COMPOSEREVIEW': '0.0', 'SLOWPOKE_POKER_BATCH_THRESHOLD_COMPOSEREVIEW': '10', 'SLOWPOKE_DELAY_MICROS_FRONTEND': '0.0', 'SLOWPOKE_POKER_BATCH_THRESHOLD_FRONTEND': '10', 'SLOWPOKE_DELAY_MICROS_MOVIEID': '0.0', 'SLOWPOKE_POKER_BATCH_THRESHOLD_MOVIEID': '10', 'SLOWPOKE_DELAY_MICROS_MOVIEINFO': '0.0', 'SLOWPOKE_POKER_BATCH_THRESHOLD_MOVIEINFO': '10', 'SLOWPOKE_DELAY_MICROS_MOVIEREVIEWS': '0.0', 'SLOWPOKE_POKER_BATCH_THRESHOLD_MOVIEREVIEWS': '10', 'SLOWPOKE_DELAY_MICROS_PAGE': '0.0', 'SLOWPOKE_POKER_BATCH_THRESHOLD_PAGE': '10', 'SLOWPOKE_DELAY_MICROS_PLOT': '0.0', 'SLOWPOKE_POKER_BATCH_THRESHOLD_PLOT': '10', 'SLOWPOKE_DELAY_MICROS_REVIEWSTORAGE': '0.0', 'SLOWPOKE_POKER_BATCH_THRESHOLD_REVIEWSTORAGE': '10', 'SLOWPOKE_DELAY_MICROS_UNIQUEID': '0.0', 'SLOWPOKE_POKER_BATCH_THRESHOLD_UNIQUEID': '10', 'SLOWPOKE_DELAY_MICROS_USER': '0.0', 'SLOWPOKE_POKER_BATCH_THRESHOLD_USER': '10', 'SLOWPOKE_DELAY_MICROS_USERREVIEWS': '0.0', 'SLOWPOKE_POKER_BATCH_THRESHOLD_USERREVIEWS': '10'}
    [exp] Executing cmd `bash run.sh movie mix 8 1024 20000`:
        [run.sh] Running benchmark movie with request mix, thread 8, conn 1024, duration 60
        [run.sh] Deleting all services
        [run.sh] Waiting for all pods to be deleted
        [run.sh] Deploying all services
        service/castinfo created
        deployment.apps/castinfo created
        service/composereview created
        deployment.apps/composereview created
        service/frontend created
        deployment.apps/frontend created
        service/movieid created
        deployment.apps/movieid created
        service/movieinfo created
        deployment.apps/movieinfo created
        service/moviereviews created
        deployment.apps/moviereviews created
        service/page created
        deployment.apps/page created
        service/plot created
        deployment.apps/plot created
        service/reviewstorage created
        deployment.apps/reviewstorage created
        service/uniqueid created
        deployment.apps/uniqueid created
        service/user created
        deployment.apps/user created
        service/userreviews created
        deployment.apps/userreviews created
        [run.sh] Client pod not found, deploying client
        deployment.apps/ubuntu-client created
        [run.sh] Waiting for all pods to be running
        [run.sh] All pods are running
        [run.sh] Checking heartbeat for all services
        [run.sh] All pods can connect to all services
        [run.sh] Copying movie/analysis.txt to ubuntu-client-76886f6bbd-5vwmq:/analysis.txt
        [run.sh] Finished populating movie
        [run.sh] Starting the rust proxy first for movie
        [2m2025-04-07T04:47:58.669280Z[0m [32m INFO[0m [2mproxy::movie[0m[2m:[0m Reading movie analysis data from /analysis.txt
        [run.sh] Running warmup test
        [run.sh] /wrk/wrk -t8 -c1024 --timeout 3s -d3s -L http://localhost:3000
        Running 3s test @ http://localhost:3000
        8 threads and 1024 connections
        Thread Stats   Avg      Stdev     Max   +/- Stdev
        Latency   493.76ms  297.39ms   1.47s    67.98%
        Req/Sec   174.15     73.38   323.00     66.52%
        Latency Distribution
        50%  445.25ms
        75%  723.77ms
        90%  891.61ms
        99%    1.22s
        4076 requests in 3.03s, 310.48KB read
        Requests/sec:   1345.26
        Transfer/sec:    102.47KB
        [run.sh] Speed is 1345.26, duration is 22
        [run.sh] Fix the request number.
        [run.sh] Running the actual test
        [run.sh] /wrk/wrk --timeout 20s -t8 -c1024 -d22s -s /wrk/fix_req_n.lua -L http://localhost:3000
        Running 22s test @ http://localhost:3000
        8 threads and 1024 connections
        Thread Stats   Avg      Stdev     Max   +/- Stdev
        Latency   660.64ms  225.91ms   1.28s    84.64%
        Req/Sec   190.52     67.10   505.00     71.37%
        Latency Distribution
        50%  714.54ms
        75%  763.62ms
        90%  821.54ms
        99%    1.03s
        20000 requests in 22.00s, 1.49MB read
        Requests/sec:    909.09
        Transfer/sec:     69.25KB
        ------------------------------
        stop time: 13.061605
        stop time: 13.369144
        stop time: 13.308613
        stop time: 13.210415
        stop time: 13.298291
        stop time: 13.348072
        stop time: 13.518233
        stop time: 13.168803
        [run.sh] Checking the resource usage
        NAME                             CPU(cores)   MEMORY(bytes)
        castinfo-56549f7689-82wrq        331m         60Mi
        composereview-676886854c-dfpbd   375m         9Mi
        frontend-67bcc5d87b-6dzx6        537m         9Mi
        movieid-6b7485b65-g9c82          36m          177Mi
        movieinfo-969fd9977-56ssv        247m         218Mi
        moviereviews-7d747bcb8-l4bbr     1908m        22Mi
        page-6597cb4c54-vprxc            1766m        111Mi
        plot-5464fccfdd-c9nph            283m         145Mi
        reviewstorage-86dd5ff9b9-c4z9m   211m         15Mi
        ubuntu-client-76886f6bbd-5vwmq   614m         101Mi
        uniqueid-5987bc8cf9-xdb9s        33m          8Mi
        user-6776c48774-lw7xr            63m          8Mi
        userreviews-5d99989bf-sdkrk      35m          7Mi
        [run.sh] Test finished with status 0
        > STDERR
        > No resources found in default namespace.
    [exp] Times: [13.061605, 13.369144, 13.308613, 13.210415, 13.298291, 13.348072, 13.518233, 13.168803]
    [exp] Throughput: 1505.4122959216047
[test.py] Baseline throughput: 1505.4122959216047
[test.py] Running 0th optmization experiment
[test.py] Running 0th groundtruth exp
    [exp] Running (pre_run: False) workload movie/mix request with the following configuration: {'CLIENT_CPU_QUOTA': '4', 'SLOWPOKE_POKER_BATCH_THRESHOLD': '60000000', 'SLOWPOKE_PROCESSING_MICROS_CASTINFO': '0', 'SLOWPOKE_PROCESSING_MICROS_COMPOSEREVIEW': '0', 'SLOWPOKE_PROCESSING_MICROS_FRONTEND': '0', 'SLOWPOKE_PROCESSING_MICROS_MOVIEID': '0', 'SLOWPOKE_PROCESSING_MICROS_MOVIEINFO': '0', 'SLOWPOKE_PROCESSING_MICROS_MOVIEREVIEWS': '0', 'SLOWPOKE_PROCESSING_MICROS_PAGE': '0', 'SLOWPOKE_PROCESSING_MICROS_PLOT': '0', 'SLOWPOKE_PROCESSING_MICROS_REVIEWSTORAGE': '0', 'SLOWPOKE_PROCESSING_MICROS_UNIQUEID': '0', 'SLOWPOKE_PROCESSING_MICROS_USER': '0', 'SLOWPOKE_PROCESSING_MICROS_USERREVIEWS': '0', 'SLOWPOKE_DELAY_MICROS_CASTINFO': '0.0', 'SLOWPOKE_POKER_BATCH_THRESHOLD_CASTINFO': '10', 'SLOWPOKE_DELAY_MICROS_COMPOSEREVIEW': '0.0', 'SLOWPOKE_POKER_BATCH_THRESHOLD_COMPOSEREVIEW': '10', 'SLOWPOKE_DELAY_MICROS_FRONTEND': '0.0', 'SLOWPOKE_POKER_BATCH_THRESHOLD_FRONTEND': '10', 'SLOWPOKE_DELAY_MICROS_MOVIEID': '0.0', 'SLOWPOKE_POKER_BATCH_THRESHOLD_MOVIEID': '10', 'SLOWPOKE_DELAY_MICROS_MOVIEINFO': '0.0', 'SLOWPOKE_POKER_BATCH_THRESHOLD_MOVIEINFO': '10', 'SLOWPOKE_DELAY_MICROS_MOVIEREVIEWS': '0.0', 'SLOWPOKE_POKER_BATCH_THRESHOLD_MOVIEREVIEWS': '10', 'SLOWPOKE_DELAY_MICROS_PAGE': '0.0', 'SLOWPOKE_POKER_BATCH_THRESHOLD_PAGE': '10', 'SLOWPOKE_DELAY_MICROS_PLOT': '0.0', 'SLOWPOKE_POKER_BATCH_THRESHOLD_PLOT': '10', 'SLOWPOKE_DELAY_MICROS_REVIEWSTORAGE': '0.0', 'SLOWPOKE_POKER_BATCH_THRESHOLD_REVIEWSTORAGE': '10', 'SLOWPOKE_DELAY_MICROS_UNIQUEID': '0.0', 'SLOWPOKE_POKER_BATCH_THRESHOLD_UNIQUEID': '10', 'SLOWPOKE_DELAY_MICROS_USER': '0.0', 'SLOWPOKE_POKER_BATCH_THRESHOLD_USER': '10', 'SLOWPOKE_DELAY_MICROS_USERREVIEWS': '0.0', 'SLOWPOKE_POKER_BATCH_THRESHOLD_USERREVIEWS': '10'}
    [exp] Executing cmd `bash run.sh movie mix 8 1024 20000`:
        [run.sh] Running benchmark movie with request mix, thread 8, conn 1024, duration 60
        [run.sh] Deleting all services
        service "castinfo" deleted
        deployment.apps "castinfo" deleted
        service "composereview" deleted
        deployment.apps "composereview" deleted
        service "frontend" deleted
        deployment.apps "frontend" deleted
        service "movieid" deleted
        deployment.apps "movieid" deleted
        service "movieinfo" deleted
        deployment.apps "movieinfo" deleted
        service "moviereviews" deleted
        deployment.apps "moviereviews" deleted
        service "page" deleted
        deployment.apps "page" deleted
        service "plot" deleted
        deployment.apps "plot" deleted
        service "reviewstorage" deleted
        deployment.apps "reviewstorage" deleted
        service "uniqueid" deleted
        deployment.apps "uniqueid" deleted
        service "user" deleted
        deployment.apps "user" deleted
        service "userreviews" deleted
        deployment.apps "userreviews" deleted
        deployment.apps "ubuntu-client" deleted
        [run.sh] Waiting for all pods to be deleted
        [run.sh] Deploying all services
        service/castinfo created
        deployment.apps/castinfo created
        service/composereview created
        deployment.apps/composereview created
        service/frontend created
        deployment.apps/frontend created
        service/movieid created
        deployment.apps/movieid created
        service/movieinfo created
        deployment.apps/movieinfo created
        service/moviereviews created
        deployment.apps/moviereviews created
        service/page created
        deployment.apps/page created
        service/plot created
        deployment.apps/plot created
        service/reviewstorage created
        deployment.apps/reviewstorage created
        service/uniqueid created
        deployment.apps/uniqueid created
        service/user created
        deployment.apps/user created
        service/userreviews created
        deployment.apps/userreviews created
        [run.sh] Client pod not found, deploying client
        deployment.apps/ubuntu-client created
        [run.sh] Waiting for all pods to be running
        [run.sh] All pods are running
        [run.sh] Checking heartbeat for all services
        [run.sh] All pods can connect to all services
        [run.sh] Copying movie/analysis.txt to ubuntu-client-76886f6bbd-b55rr:/analysis.txt
        [run.sh] Finished populating movie
        [run.sh] Starting the rust proxy first for movie
        [2m2025-04-07T04:49:46.594577Z[0m [32m INFO[0m [2mproxy::movie[0m[2m:[0m Reading movie analysis data from /analysis.txt
        [run.sh] Running warmup test
        [run.sh] /wrk/wrk -t8 -c1024 --timeout 3s -d3s -L http://localhost:3000
        Running 3s test @ http://localhost:3000
        8 threads and 1024 connections
        Thread Stats   Avg      Stdev     Max   +/- Stdev
        Latency   451.89ms  287.43ms   1.94s    71.03%
        Req/Sec   197.94     90.21   500.00     69.40%
        Latency Distribution
        50%  418.34ms
        75%  627.61ms
        90%  795.52ms
        99%    1.27s
        4602 requests in 3.03s, 350.54KB read
        Requests/sec:   1520.06
        Transfer/sec:    115.79KB
        [run.sh] Speed is 1520.06, duration is 19
        [run.sh] Fix the request number.
        [run.sh] Running the actual test
        [run.sh] /wrk/wrk --timeout 20s -t8 -c1024 -d19s -s /wrk/fix_req_n.lua -L http://localhost:3000
        Running 19s test @ http://localhost:3000
        8 threads and 1024 connections
        Thread Stats   Avg      Stdev     Max   +/- Stdev
        Latency   567.53ms  239.13ms   1.54s    77.12%
        Req/Sec   214.28     78.77   580.00     72.17%
        Latency Distribution
        50%  610.90ms
        75%  703.70ms
        90%  803.40ms
        99%    1.04s
        20000 requests in 19.00s, 1.49MB read
        Requests/sec:   1052.62
        Transfer/sec:     80.18KB
        ------------------------------
        stop time: 11.289983
        stop time: 11.239606
        stop time: 11.428784
        stop time: 11.698178
        stop time: 11.908136
        stop time: 12.206084
        stop time: 12.165345
        stop time: 12.217617
        [run.sh] Checking the resource usage
        NAME                             CPU(cores)   MEMORY(bytes)
        castinfo-56549f7689-48rzc        50m          61Mi
        composereview-676886854c-99drm   1m           9Mi
        frontend-67bcc5d87b-2zkzs        1m           9Mi
        movieid-6b7485b65-lmpgf          1m           177Mi
        movieinfo-969fd9977-9nfn9        11m          216Mi
        moviereviews-58674f8fbc-bb7sg    1m           14Mi
        page-6597cb4c54-gpvxg            1m           57Mi
        plot-5464fccfdd-qn6lj            28m          146Mi
        reviewstorage-86dd5ff9b9-t8bgr   11m          12Mi
        ubuntu-client-76886f6bbd-b55rr   168m         71Mi
        uniqueid-5987bc8cf9-ndwm2        3m           8Mi
        user-6776c48774-jkk9r            1m           8Mi
        userreviews-5d99989bf-8v7v7      1m           8Mi
        [run.sh] Test finished with status 0
        > STDERR
        > No resources found in default namespace.
    [exp] Times: [11.289983, 11.239606, 11.428784, 11.698178, 11.908136, 12.206084, 12.165345, 12.217617]
    [exp] Throughput: 1699.3484475012797
[test.py] Running 0th slowdown exp
    [exp] Running (pre_run: False) workload movie/mix request with the following configuration: {'CLIENT_CPU_QUOTA': '4', 'SLOWPOKE_POKER_BATCH_THRESHOLD': '60000000', 'SLOWPOKE_PROCESSING_MICROS_CASTINFO': '0', 'SLOWPOKE_PROCESSING_MICROS_COMPOSEREVIEW': '0', 'SLOWPOKE_PROCESSING_MICROS_FRONTEND': '0', 'SLOWPOKE_PROCESSING_MICROS_MOVIEID': '0', 'SLOWPOKE_PROCESSING_MICROS_MOVIEINFO': '0', 'SLOWPOKE_PROCESSING_MICROS_MOVIEREVIEWS': '1000', 'SLOWPOKE_PROCESSING_MICROS_PAGE': '0', 'SLOWPOKE_PROCESSING_MICROS_PLOT': '0', 'SLOWPOKE_PROCESSING_MICROS_REVIEWSTORAGE': '0', 'SLOWPOKE_PROCESSING_MICROS_UNIQUEID': '0', 'SLOWPOKE_PROCESSING_MICROS_USER': '0', 'SLOWPOKE_PROCESSING_MICROS_USERREVIEWS': '0', 'SLOWPOKE_DELAY_MICROS_CASTINFO': '500.0', 'SLOWPOKE_POKER_BATCH_THRESHOLD_CASTINFO': '45254492', 'SLOWPOKE_DELAY_MICROS_COMPOSEREVIEW': '4510.0', 'SLOWPOKE_POKER_BATCH_THRESHOLD_COMPOSEREVIEW': '45250481', 'SLOWPOKE_DELAY_MICROS_FRONTEND': '4510.0', 'SLOWPOKE_POKER_BATCH_THRESHOLD_FRONTEND': '45250481', 'SLOWPOKE_DELAY_MICROS_MOVIEID': '4510.0', 'SLOWPOKE_POKER_BATCH_THRESHOLD_MOVIEID': '45250481', 'SLOWPOKE_DELAY_MICROS_MOVIEINFO': '500.0', 'SLOWPOKE_POKER_BATCH_THRESHOLD_MOVIEINFO': '45254492', 'SLOWPOKE_DELAY_MICROS_MOVIEREVIEWS': '0.0', 'SLOWPOKE_POKER_BATCH_THRESHOLD_MOVIEREVIEWS': '10', 'SLOWPOKE_DELAY_MICROS_PAGE': '500.0', 'SLOWPOKE_POKER_BATCH_THRESHOLD_PAGE': '45254492', 'SLOWPOKE_DELAY_MICROS_PLOT': '500.0', 'SLOWPOKE_POKER_BATCH_THRESHOLD_PLOT': '45254492', 'SLOWPOKE_DELAY_MICROS_REVIEWSTORAGE': '450.0', 'SLOWPOKE_POKER_BATCH_THRESHOLD_REVIEWSTORAGE': '45244058', 'SLOWPOKE_DELAY_MICROS_UNIQUEID': '4510.0', 'SLOWPOKE_POKER_BATCH_THRESHOLD_UNIQUEID': '45250481', 'SLOWPOKE_DELAY_MICROS_USER': '2255.0', 'SLOWPOKE_POKER_BATCH_THRESHOLD_USER': '45250481', 'SLOWPOKE_DELAY_MICROS_USERREVIEWS': '4510.0', 'SLOWPOKE_POKER_BATCH_THRESHOLD_USERREVIEWS': '45250481'}
    [exp] Executing cmd `bash run.sh movie mix 8 1024 20000`:
        [run.sh] Running benchmark movie with request mix, thread 8, conn 1024, duration 60
        [run.sh] Deleting all services
        service "castinfo" deleted
        deployment.apps "castinfo" deleted
        service "composereview" deleted
        deployment.apps "composereview" deleted
        service "frontend" deleted
        deployment.apps "frontend" deleted
        service "movieid" deleted
        deployment.apps "movieid" deleted
        service "movieinfo" deleted
        deployment.apps "movieinfo" deleted
        service "moviereviews" deleted
        deployment.apps "moviereviews" deleted
        service "page" deleted
        deployment.apps "page" deleted
        service "plot" deleted
        deployment.apps "plot" deleted
        service "reviewstorage" deleted
        deployment.apps "reviewstorage" deleted
        service "uniqueid" deleted
        deployment.apps "uniqueid" deleted
        service "user" deleted
        deployment.apps "user" deleted
        service "userreviews" deleted
        deployment.apps "userreviews" deleted
        deployment.apps "ubuntu-client" deleted
        [run.sh] Waiting for all pods to be deleted
        [run.sh] Deploying all services
        service/castinfo created
        deployment.apps/castinfo created
        service/composereview created
        deployment.apps/composereview created
        service/frontend created
        deployment.apps/frontend created
        service/movieid created
        deployment.apps/movieid created
        service/movieinfo created
        deployment.apps/movieinfo created
        service/moviereviews created
        deployment.apps/moviereviews created
        service/page created
        deployment.apps/page created
        service/plot created
        deployment.apps/plot created
        service/reviewstorage created
        deployment.apps/reviewstorage created
        service/uniqueid created
        deployment.apps/uniqueid created
        service/user created
        deployment.apps/user created
        service/userreviews created
        deployment.apps/userreviews created
        [run.sh] Client pod not found, deploying client
        deployment.apps/ubuntu-client created
        [run.sh] Waiting for all pods to be running
        [run.sh] All pods are running
        [run.sh] Checking heartbeat for all services
        [run.sh] All pods can connect to all services
        [run.sh] Copying movie/analysis.txt to ubuntu-client-76886f6bbd-p6f25:/analysis.txt
        [run.sh] Finished populating movie
        [run.sh] Starting the rust proxy first for movie
        [2m2025-04-07T04:51:35.699409Z[0m [32m INFO[0m [2mproxy::movie[0m[2m:[0m Reading movie analysis data from /analysis.txt
        [run.sh] Running warmup test
        [run.sh] /wrk/wrk -t8 -c1024 --timeout 3s -d3s -L http://localhost:3000
        Running 3s test @ http://localhost:3000
        8 threads and 1024 connections
        Thread Stats   Avg      Stdev     Max   +/- Stdev
        Latency   718.62ms  319.86ms   1.68s    66.59%
        Req/Sec   120.24     62.98   363.00     70.31%
        Latency Distribution
        50%  700.85ms
        75%  976.01ms
        90%    1.13s
        99%    1.36s
        2763 requests in 3.03s, 210.46KB read
        Requests/sec:    910.89
        Transfer/sec:     69.38KB
        [run.sh] Speed is 910.89, duration is 32
        [run.sh] Fix the request number.
        [run.sh] Running the actual test
        [run.sh] /wrk/wrk --timeout 20s -t8 -c1024 -d32s -s /wrk/fix_req_n.lua -L http://localhost:3000
        [run.sh] Checking the resource usage
        NAME                             CPU(cores)   MEMORY(bytes)
        castinfo-c54f4f8d-m2hmw          1m           105Mi
        composereview-5557b6ddf9-n8lxz   1m           3Mi
        frontend-74f8bcb4c6-m6svf        1m           3Mi
        movieid-f797d5fbf-sxldd          7m           169Mi
        movieinfo-5c7795b976-6t6cf       7m           176Mi
        moviereviews-7d747bcb8-8rhbv     7m           3Mi
        page-6bbc85c7b7-knqnv            7m           3Mi
        plot-746f96dcb9-fr56f            7m           253Mi
        reviewstorage-747dcb858c-x7hlh   7m           3Mi
        ubuntu-client-76886f6bbd-p6f25   3m           0Mi
        uniqueid-5cbcc5d769-vg6t8        2m           3Mi
        user-59b899ff44-mm9zs            7m           4Mi
        userreviews-7d8db99f55-qmnks     1m           3Mi
        Running 32s test @ http://localhost:3000
        8 threads and 1024 connections
        Thread Stats   Avg      Stdev     Max   +/- Stdev
        Latency   977.11ms  353.06ms   2.27s    77.46%
        Req/Sec   125.14     46.15   343.00     74.29%
        Latency Distribution
        50%    1.07s
        75%    1.18s
        90%    1.30s
        99%    1.56s
        20000 requests in 32.00s, 1.49MB read
        Requests/sec:    625.00
        Transfer/sec:     47.61KB
        ------------------------------
        stop time: 19.247728
        stop time: 19.877776
        stop time: 19.857353
        stop time: 20.039079
        stop time: 20.152830
        stop time: 20.311154
        stop time: 20.554193
        stop time: 20.768797
        [run.sh] Test finished with status 0
        > STDERR
        > No resources found in default namespace.
    [exp] Times: [19.247728, 19.877776, 19.857353, 20.039079, 20.15283, 20.311154, 20.554193, 20.768797]
    [exp] Throughput: 994.9697439028719
[test.py] Finished running 0th optmization experiment: groundtruth->1699.3484475012797, slowdown->994.9697439028719, predicted->1809.9198244286254, err->6.506692437912291
[test.py] Running 1th optmization experiment
[test.py] Running 1th groundtruth exp
    [exp] Running (pre_run: False) workload movie/mix request with the following configuration: {'CLIENT_CPU_QUOTA': '4', 'SLOWPOKE_POKER_BATCH_THRESHOLD': '60000000', 'SLOWPOKE_PROCESSING_MICROS_CASTINFO': '0', 'SLOWPOKE_PROCESSING_MICROS_COMPOSEREVIEW': '0', 'SLOWPOKE_PROCESSING_MICROS_FRONTEND': '0', 'SLOWPOKE_PROCESSING_MICROS_MOVIEID': '0', 'SLOWPOKE_PROCESSING_MICROS_MOVIEINFO': '0', 'SLOWPOKE_PROCESSING_MICROS_MOVIEREVIEWS': '500', 'SLOWPOKE_PROCESSING_MICROS_PAGE': '0', 'SLOWPOKE_PROCESSING_MICROS_PLOT': '0', 'SLOWPOKE_PROCESSING_MICROS_REVIEWSTORAGE': '0', 'SLOWPOKE_PROCESSING_MICROS_UNIQUEID': '0', 'SLOWPOKE_PROCESSING_MICROS_USER': '0', 'SLOWPOKE_PROCESSING_MICROS_USERREVIEWS': '0', 'SLOWPOKE_DELAY_MICROS_CASTINFO': '0.0', 'SLOWPOKE_POKER_BATCH_THRESHOLD_CASTINFO': '10', 'SLOWPOKE_DELAY_MICROS_COMPOSEREVIEW': '0.0', 'SLOWPOKE_POKER_BATCH_THRESHOLD_COMPOSEREVIEW': '10', 'SLOWPOKE_DELAY_MICROS_FRONTEND': '0.0', 'SLOWPOKE_POKER_BATCH_THRESHOLD_FRONTEND': '10', 'SLOWPOKE_DELAY_MICROS_MOVIEID': '0.0', 'SLOWPOKE_POKER_BATCH_THRESHOLD_MOVIEID': '10', 'SLOWPOKE_DELAY_MICROS_MOVIEINFO': '0.0', 'SLOWPOKE_POKER_BATCH_THRESHOLD_MOVIEINFO': '10', 'SLOWPOKE_DELAY_MICROS_MOVIEREVIEWS': '0.0', 'SLOWPOKE_POKER_BATCH_THRESHOLD_MOVIEREVIEWS': '10', 'SLOWPOKE_DELAY_MICROS_PAGE': '0.0', 'SLOWPOKE_POKER_BATCH_THRESHOLD_PAGE': '10', 'SLOWPOKE_DELAY_MICROS_PLOT': '0.0', 'SLOWPOKE_POKER_BATCH_THRESHOLD_PLOT': '10', 'SLOWPOKE_DELAY_MICROS_REVIEWSTORAGE': '0.0', 'SLOWPOKE_POKER_BATCH_THRESHOLD_REVIEWSTORAGE': '10', 'SLOWPOKE_DELAY_MICROS_UNIQUEID': '0.0', 'SLOWPOKE_POKER_BATCH_THRESHOLD_UNIQUEID': '10', 'SLOWPOKE_DELAY_MICROS_USER': '0.0', 'SLOWPOKE_POKER_BATCH_THRESHOLD_USER': '10', 'SLOWPOKE_DELAY_MICROS_USERREVIEWS': '0.0', 'SLOWPOKE_POKER_BATCH_THRESHOLD_USERREVIEWS': '10'}
    [exp] Executing cmd `bash run.sh movie mix 8 1024 20000`:
        [run.sh] Running benchmark movie with request mix, thread 8, conn 1024, duration 60
        [run.sh] Deleting all services
        service "castinfo" deleted
        deployment.apps "castinfo" deleted
        service "composereview" deleted
        deployment.apps "composereview" deleted
        service "frontend" deleted
        deployment.apps "frontend" deleted
        service "movieid" deleted
        deployment.apps "movieid" deleted
        service "movieinfo" deleted
        deployment.apps "movieinfo" deleted
        service "moviereviews" deleted
        deployment.apps "moviereviews" deleted
        service "page" deleted
        deployment.apps "page" deleted
        service "plot" deleted
        deployment.apps "plot" deleted
        service "reviewstorage" deleted
        deployment.apps "reviewstorage" deleted
        service "uniqueid" deleted
        deployment.apps "uniqueid" deleted
        service "user" deleted
        deployment.apps "user" deleted
        service "userreviews" deleted
        deployment.apps "userreviews" deleted
        deployment.apps "ubuntu-client" deleted
        [run.sh] Waiting for all pods to be deleted
        [run.sh] Deploying all services
        service/castinfo created
        deployment.apps/castinfo created
        service/composereview created
        deployment.apps/composereview created
        service/frontend created
        deployment.apps/frontend created
        service/movieid created
        deployment.apps/movieid created
        service/movieinfo created
        deployment.apps/movieinfo created
        service/moviereviews created
        deployment.apps/moviereviews created
        service/page created
        deployment.apps/page created
        service/plot created
        deployment.apps/plot created
        service/reviewstorage created
        deployment.apps/reviewstorage created
        service/uniqueid created
        deployment.apps/uniqueid created
        service/user created
        deployment.apps/user created
        service/userreviews created
        deployment.apps/userreviews created
        [run.sh] Client pod not found, deploying client
        deployment.apps/ubuntu-client created
        [run.sh] Waiting for all pods to be running
        [run.sh] All pods are running
        [run.sh] Checking heartbeat for all services
        [run.sh] All pods can connect to all services
        [run.sh] Copying movie/analysis.txt to ubuntu-client-76886f6bbd-k9pbr:/analysis.txt
        [run.sh] Finished populating movie
        [run.sh] Starting the rust proxy first for movie
        [2m2025-04-07T04:53:27.742456Z[0m [32m INFO[0m [2mproxy::movie[0m[2m:[0m Reading movie analysis data from /analysis.txt
        [run.sh] Running warmup test
        [run.sh] /wrk/wrk -t8 -c1024 --timeout 3s -d3s -L http://localhost:3000
        Running 3s test @ http://localhost:3000
        8 threads and 1024 connections
        Thread Stats   Avg      Stdev     Max   +/- Stdev
        Latency   487.64ms  269.66ms   1.62s    68.64%
        Req/Sec   189.29     92.22   480.00     66.52%
        Latency Distribution
        50%  524.39ms
        75%  662.72ms
        90%  810.75ms
        99%    1.13s
        4368 requests in 3.03s, 332.72KB read
        Requests/sec:   1442.64
        Transfer/sec:    109.89KB
        [run.sh] Speed is 1442.64, duration is 20
        [run.sh] Fix the request number.
        [run.sh] Running the actual test
        [run.sh] /wrk/wrk --timeout 20s -t8 -c1024 -d20s -s /wrk/fix_req_n.lua -L http://localhost:3000
        Running 20s test @ http://localhost:3000
        8 threads and 1024 connections
        Thread Stats   Avg      Stdev     Max   +/- Stdev
        Latency   580.28ms  232.47ms   1.32s    79.01%
        Req/Sec   213.19     72.64   660.00     71.95%
        Latency Distribution
        50%  619.74ms
        75%  713.59ms
        90%  810.36ms
        99%    1.01s
        20000 requests in 20.00s, 1.49MB read
        Requests/sec:    999.99
        Transfer/sec:     76.17KB
        ------------------------------
        stop time: 11.424431
        stop time: 11.679206
        stop time: 11.604350
        stop time: 11.865484
        stop time: 11.859911
        stop time: 12.212706
        stop time: 12.281087
        stop time: 12.117407
        [run.sh] Checking the resource usage
        NAME                             CPU(cores)   MEMORY(bytes)
        castinfo-56549f7689-8fk2k        1m           105Mi
        composereview-676886854c-4prpc   1m           3Mi
        frontend-67bcc5d87b-wd6r9        1m           3Mi
        movieid-6b7485b65-7fxm7          1m           168Mi
        movieinfo-969fd9977-sg2cq        1m           176Mi
        moviereviews-77ddc5f47d-ghbx6    7m           3Mi
        page-6597cb4c54-fsmz9            1m           3Mi
        plot-5464fccfdd-ptxqs            1m           254Mi
        reviewstorage-86dd5ff9b9-wq6nd   1m           3Mi
        ubuntu-client-76886f6bbd-k9pbr   14m          2Mi
        uniqueid-5987bc8cf9-lcsh7        7m           3Mi
        user-6776c48774-sd8fq            6m           4Mi
        userreviews-5d99989bf-v9skp      6m           3Mi
        [run.sh] Test finished with status 0
        > STDERR
        > No resources found in default namespace.
    [exp] Times: [11.424431, 11.679206, 11.60435, 11.865484, 11.859911, 12.212706, 12.281087, 12.117407]
    [exp] Throughput: 1683.4205236443672
[test.py] Running 1th slowdown exp
    [exp] Running (pre_run: False) workload movie/mix request with the following configuration: {'CLIENT_CPU_QUOTA': '4', 'SLOWPOKE_POKER_BATCH_THRESHOLD': '60000000', 'SLOWPOKE_PROCESSING_MICROS_CASTINFO': '0', 'SLOWPOKE_PROCESSING_MICROS_COMPOSEREVIEW': '0', 'SLOWPOKE_PROCESSING_MICROS_FRONTEND': '0', 'SLOWPOKE_PROCESSING_MICROS_MOVIEID': '0', 'SLOWPOKE_PROCESSING_MICROS_MOVIEINFO': '0', 'SLOWPOKE_PROCESSING_MICROS_MOVIEREVIEWS': '1000', 'SLOWPOKE_PROCESSING_MICROS_PAGE': '0', 'SLOWPOKE_PROCESSING_MICROS_PLOT': '0', 'SLOWPOKE_PROCESSING_MICROS_REVIEWSTORAGE': '0', 'SLOWPOKE_PROCESSING_MICROS_UNIQUEID': '0', 'SLOWPOKE_PROCESSING_MICROS_USER': '0', 'SLOWPOKE_PROCESSING_MICROS_USERREVIEWS': '0', 'SLOWPOKE_DELAY_MICROS_CASTINFO': '250.0', 'SLOWPOKE_POKER_BATCH_THRESHOLD_CASTINFO': '22627241', 'SLOWPOKE_DELAY_MICROS_COMPOSEREVIEW': '2255.0', 'SLOWPOKE_POKER_BATCH_THRESHOLD_COMPOSEREVIEW': '22625235', 'SLOWPOKE_DELAY_MICROS_FRONTEND': '2255.0', 'SLOWPOKE_POKER_BATCH_THRESHOLD_FRONTEND': '22625235', 'SLOWPOKE_DELAY_MICROS_MOVIEID': '2255.0', 'SLOWPOKE_POKER_BATCH_THRESHOLD_MOVIEID': '22625235', 'SLOWPOKE_DELAY_MICROS_MOVIEINFO': '250.0', 'SLOWPOKE_POKER_BATCH_THRESHOLD_MOVIEINFO': '22627241', 'SLOWPOKE_DELAY_MICROS_MOVIEREVIEWS': '0.0', 'SLOWPOKE_POKER_BATCH_THRESHOLD_MOVIEREVIEWS': '10', 'SLOWPOKE_DELAY_MICROS_PAGE': '250.0', 'SLOWPOKE_POKER_BATCH_THRESHOLD_PAGE': '22627241', 'SLOWPOKE_DELAY_MICROS_PLOT': '250.0', 'SLOWPOKE_POKER_BATCH_THRESHOLD_PLOT': '22627241', 'SLOWPOKE_DELAY_MICROS_REVIEWSTORAGE': '225.0', 'SLOWPOKE_POKER_BATCH_THRESHOLD_REVIEWSTORAGE': '22622024', 'SLOWPOKE_DELAY_MICROS_UNIQUEID': '2255.0', 'SLOWPOKE_POKER_BATCH_THRESHOLD_UNIQUEID': '22625235', 'SLOWPOKE_DELAY_MICROS_USER': '1127.5', 'SLOWPOKE_POKER_BATCH_THRESHOLD_USER': '22625235', 'SLOWPOKE_DELAY_MICROS_USERREVIEWS': '2255.0', 'SLOWPOKE_POKER_BATCH_THRESHOLD_USERREVIEWS': '22625235'}
    [exp] Executing cmd `bash run.sh movie mix 8 1024 20000`:
        [run.sh] Running benchmark movie with request mix, thread 8, conn 1024, duration 60
        [run.sh] Deleting all services
        service "castinfo" deleted
        deployment.apps "castinfo" deleted
        service "composereview" deleted
        deployment.apps "composereview" deleted
        service "frontend" deleted
        deployment.apps "frontend" deleted
        service "movieid" deleted
        deployment.apps "movieid" deleted
        service "movieinfo" deleted
        deployment.apps "movieinfo" deleted
        service "moviereviews" deleted
        deployment.apps "moviereviews" deleted
        service "page" deleted
        deployment.apps "page" deleted
        service "plot" deleted
        deployment.apps "plot" deleted
        service "reviewstorage" deleted
        deployment.apps "reviewstorage" deleted
        service "uniqueid" deleted
        deployment.apps "uniqueid" deleted
        service "user" deleted
        deployment.apps "user" deleted
        service "userreviews" deleted
        deployment.apps "userreviews" deleted
        deployment.apps "ubuntu-client" deleted
        [run.sh] Waiting for all pods to be deleted
        [run.sh] Deploying all services
        service/castinfo created
        deployment.apps/castinfo created
        service/composereview created
        deployment.apps/composereview created
        service/frontend created
        deployment.apps/frontend created
        service/movieid created
        deployment.apps/movieid created
        service/movieinfo created
        deployment.apps/movieinfo created
        service/moviereviews created
        deployment.apps/moviereviews created
        service/page created
        deployment.apps/page created
        service/plot created
        deployment.apps/plot created
        service/reviewstorage created
        deployment.apps/reviewstorage created
        service/uniqueid created
        deployment.apps/uniqueid created
        service/user created
        deployment.apps/user created
        service/userreviews created
        deployment.apps/userreviews created
        [run.sh] Client pod not found, deploying client
        deployment.apps/ubuntu-client created
        [run.sh] Waiting for all pods to be running
        [run.sh] All pods are running
        [run.sh] Checking heartbeat for all services
        [run.sh] All pods can connect to all services
        [run.sh] Copying movie/analysis.txt to ubuntu-client-76886f6bbd-ln69f:/analysis.txt
        [run.sh] Finished populating movie
        [run.sh] Starting the rust proxy first for movie
        [2m2025-04-07T04:55:17.111468Z[0m [32m INFO[0m [2mproxy::movie[0m[2m:[0m Reading movie analysis data from /analysis.txt
        [run.sh] Running warmup test
        [run.sh] /wrk/wrk -t8 -c1024 --timeout 3s -d3s -L http://localhost:3000
        Running 3s test @ http://localhost:3000
        8 threads and 1024 connections
        Thread Stats   Avg      Stdev     Max   +/- Stdev
        Latency   553.71ms  324.09ms   1.76s    69.89%
        Req/Sec   145.54     73.32   380.00     68.24%
        Latency Distribution
        50%  501.84ms
        75%  783.76ms
        90%  974.50ms
        99%    1.45s
        3394 requests in 3.03s, 258.53KB read
        Requests/sec:   1120.66
        Transfer/sec:     85.36KB
        [run.sh] Speed is 1120.66, duration is 26
        [run.sh] Fix the request number.
        [run.sh] Running the actual test
        [run.sh] /wrk/wrk --timeout 20s -t8 -c1024 -d26s -s /wrk/fix_req_n.lua -L http://localhost:3000
        Running 26s test @ http://localhost:3000
        8 threads and 1024 connections
        Thread Stats   Avg      Stdev     Max   +/- Stdev
        Latency   786.09ms  292.79ms   1.59s    80.09%
        Req/Sec   156.18     55.91   494.00     71.13%
        Latency Distribution
        50%  852.23ms
        75%  954.61ms
        90%    1.05s
        99%    1.26s
        20000 requests in 26.00s, 1.49MB read
        Requests/sec:    769.23
        Transfer/sec:     58.59KB
        ------------------------------
        stop time: 15.535259
        stop time: 15.909463
        stop time: 15.753569
        stop time: 16.247568
        stop time: 16.235064
        stop time: 16.429915
        stop time: 16.678635
        stop time: 16.227957
        [run.sh] Checking the resource usage
        NAME                             CPU(cores)   MEMORY(bytes)
        castinfo-6fd97df859-zqq6v        103m         153Mi
        composereview-6b8d898765-6lq5z   80m          10Mi
        frontend-687c7cf5bb-d4lhn        107m         11Mi
        movieid-7759876b7f-pztnm         11m          171Mi
        movieinfo-5696d6db75-8ffph       65m          193Mi
        moviereviews-7d747bcb8-tq86c     0m           18Mi
        page-78c7469f64-6wwdv            513m         64Mi
        plot-77b86c46f8-z5g9p            88m          289Mi
        reviewstorage-55c948bfbf-7jn76   67m          11Mi
        ubuntu-client-76886f6bbd-ln69f   242m         61Mi
        uniqueid-d546c484c-bgxnm         13m          8Mi
        user-796cb4f58-qlfnh             0m           7Mi
        userreviews-64db74458f-bswnl     12m          7Mi
        [run.sh] Test finished with status 0
        > STDERR
        > No resources found in default namespace.
    [exp] Times: [15.535259, 15.909463, 15.753569, 16.247568, 16.235064, 16.429915, 16.678635, 16.227957]
    [exp] Throughput: 1240.1425140773615
[test.py] Finished running 1th optmization experiment: groundtruth->1683.4205236443672, slowdown->1240.1425140773615, predicted->1723.8810589359307, err->2.4034716651768115
[test.py] Baseline throughput:  1505.4122959216047
[test.py] Groundtruth:  [1699.3484475012797, 1683.4205236443672]
[test.py] Slowdown:  [994.9697439028719, 1240.1425140773615]
[test.py] Predicted:  [1809.9198244286254, 1723.8810589359307]
[test.py] Error percentage:  [6.506692437912291, 2.4034716651768115]
[test.py] >>>>>>>>>>>>>>>>>>>>>>>>>>>>> Running experiment 1...
[test.py] Actual processing time range: [0, 500]
[test.py] Running baseline experiment
    [exp] Running (pre_run: False) workload movie/mix request with the following configuration: {'CLIENT_CPU_QUOTA': '4', 'SLOWPOKE_POKER_BATCH_THRESHOLD': '60000000', 'SLOWPOKE_PROCESSING_MICROS_CASTINFO': '0', 'SLOWPOKE_PROCESSING_MICROS_COMPOSEREVIEW': '0', 'SLOWPOKE_PROCESSING_MICROS_FRONTEND': '0', 'SLOWPOKE_PROCESSING_MICROS_MOVIEID': '0', 'SLOWPOKE_PROCESSING_MICROS_MOVIEINFO': '0', 'SLOWPOKE_PROCESSING_MICROS_MOVIEREVIEWS': '1000', 'SLOWPOKE_PROCESSING_MICROS_PAGE': '0', 'SLOWPOKE_PROCESSING_MICROS_PLOT': '0', 'SLOWPOKE_PROCESSING_MICROS_REVIEWSTORAGE': '0', 'SLOWPOKE_PROCESSING_MICROS_UNIQUEID': '0', 'SLOWPOKE_PROCESSING_MICROS_USER': '0', 'SLOWPOKE_PROCESSING_MICROS_USERREVIEWS': '0', 'SLOWPOKE_DELAY_MICROS_CASTINFO': '0.0', 'SLOWPOKE_POKER_BATCH_THRESHOLD_CASTINFO': '10', 'SLOWPOKE_DELAY_MICROS_COMPOSEREVIEW': '0.0', 'SLOWPOKE_POKER_BATCH_THRESHOLD_COMPOSEREVIEW': '10', 'SLOWPOKE_DELAY_MICROS_FRONTEND': '0.0', 'SLOWPOKE_POKER_BATCH_THRESHOLD_FRONTEND': '10', 'SLOWPOKE_DELAY_MICROS_MOVIEID': '0.0', 'SLOWPOKE_POKER_BATCH_THRESHOLD_MOVIEID': '10', 'SLOWPOKE_DELAY_MICROS_MOVIEINFO': '0.0', 'SLOWPOKE_POKER_BATCH_THRESHOLD_MOVIEINFO': '10', 'SLOWPOKE_DELAY_MICROS_MOVIEREVIEWS': '0.0', 'SLOWPOKE_POKER_BATCH_THRESHOLD_MOVIEREVIEWS': '10', 'SLOWPOKE_DELAY_MICROS_PAGE': '0.0', 'SLOWPOKE_POKER_BATCH_THRESHOLD_PAGE': '10', 'SLOWPOKE_DELAY_MICROS_PLOT': '0.0', 'SLOWPOKE_POKER_BATCH_THRESHOLD_PLOT': '10', 'SLOWPOKE_DELAY_MICROS_REVIEWSTORAGE': '0.0', 'SLOWPOKE_POKER_BATCH_THRESHOLD_REVIEWSTORAGE': '10', 'SLOWPOKE_DELAY_MICROS_UNIQUEID': '0.0', 'SLOWPOKE_POKER_BATCH_THRESHOLD_UNIQUEID': '10', 'SLOWPOKE_DELAY_MICROS_USER': '0.0', 'SLOWPOKE_POKER_BATCH_THRESHOLD_USER': '10', 'SLOWPOKE_DELAY_MICROS_USERREVIEWS': '0.0', 'SLOWPOKE_POKER_BATCH_THRESHOLD_USERREVIEWS': '10'}
    [exp] Executing cmd `bash run.sh movie mix 8 1024 20000`:
        [run.sh] Running benchmark movie with request mix, thread 8, conn 1024, duration 60
        [run.sh] Deleting all services
        service "castinfo" deleted
        deployment.apps "castinfo" deleted
        service "composereview" deleted
        deployment.apps "composereview" deleted
        service "frontend" deleted
        deployment.apps "frontend" deleted
        service "movieid" deleted
        deployment.apps "movieid" deleted
        service "movieinfo" deleted
        deployment.apps "movieinfo" deleted
        service "moviereviews" deleted
        deployment.apps "moviereviews" deleted
        service "page" deleted
        deployment.apps "page" deleted
        service "plot" deleted
        deployment.apps "plot" deleted
        service "reviewstorage" deleted
        deployment.apps "reviewstorage" deleted
        service "uniqueid" deleted
        deployment.apps "uniqueid" deleted
        service "user" deleted
        deployment.apps "user" deleted
        service "userreviews" deleted
        deployment.apps "userreviews" deleted
        deployment.apps "ubuntu-client" deleted
        [run.sh] Waiting for all pods to be deleted
        [run.sh] Deploying all services
        service/castinfo created
        deployment.apps/castinfo created
        service/composereview created
        deployment.apps/composereview created
        service/frontend created
        deployment.apps/frontend created
        service/movieid created
        deployment.apps/movieid created
        service/movieinfo created
        deployment.apps/movieinfo created
        service/moviereviews created
        deployment.apps/moviereviews created
        service/page created
        deployment.apps/page created
        service/plot created
        deployment.apps/plot created
        service/reviewstorage created
        deployment.apps/reviewstorage created
        service/uniqueid created
        deployment.apps/uniqueid created
        service/user created
        deployment.apps/user created
        service/userreviews created
        deployment.apps/userreviews created
        [run.sh] Client pod not found, deploying client
        deployment.apps/ubuntu-client created
        [run.sh] Waiting for all pods to be running
        [run.sh] All pods are running
        [run.sh] Checking heartbeat for all services
        [run.sh] All pods can connect to all services
        [run.sh] Copying movie/analysis.txt to ubuntu-client-76886f6bbd-jq4xh:/analysis.txt
        [run.sh] Finished populating movie
        [run.sh] Starting the rust proxy first for movie
        [2m2025-04-07T04:57:06.183512Z[0m [32m INFO[0m [2mproxy::movie[0m[2m:[0m Reading movie analysis data from /analysis.txt
        [run.sh] Running warmup test
        [run.sh] /wrk/wrk -t8 -c1024 --timeout 3s -d3s -L http://localhost:3000
