[config.py] Random numbers for execution time: [457.8190171971569, 510.5244189842223, 569.5877680219319, 681.5840739845216, 759.3515679562805, 826.3618367022134, 909.8265613867029, 932.441954121777, 984.287486755421, 994.5039736858845, 1033.5791531668715]
benchmark                        : synthetic
num_threads                      : 8
num_conns                        : 800
target_service                   : service0
request_type                     : fanout-w10-http-sync
repetitions                      : 5
target_num_exp                   : 10
pre_run                          : False
num_req                          : 20000
groundtruths                     : []
slowdowns                        : []
predicteds                       : []
errs                             : []
poker_batch_req                  : 100
client_cpu_quota                 : 2
random_seed                      : 29513
request_ratio                    : {'service0': 1, 'service1': 1, 'service2': 1, 'service3': 1, 'service4': 1, 'service5': 1, 'service6': 1, 'service7': 1, 'service8': 1, 'service9': 1, 'service10': 1}
baseline_service_processing_time : {'service0': 1033.58, 'service1': 994.5, 'service2': 984.29, 'service3': 932.44, 'service4': 909.83, 'service5': 826.36, 'service6': 759.35, 'service7': 681.58, 'service8': 569.59, 'service9': 510.52, 'service10': 457.82}
cpu_quota                        : {'service0': 2, 'service1': 2, 'service2': 2, 'service3': 2, 'service4': 2, 'service5': 2, 'service6': 2, 'service7': 2, 'service8': 2, 'service9': 2, 'service10': 2}
target_processing_time_range     : [0, 1033.58]
baseline_throughputs             : []
poker_batch                      : 20000000
[test.py] Starting experiment...
[test.py] >>>>>>>>>>>>>>>>>>>>>>>>>>>>> Running experiment 0...
[test.py] Actual processing time range: [0, 103, 206, 309, 412, 515, 618, 721, 824, 927]
[test.py] Running baseline experiment
    [exp] Running (pre_run: False) workload synthetic/fanout-w10-http-sync request with the following configuration: {'CLIENT_CPU_QUOTA': '2', 'SLOWPOKE_POKER_BATCH_THRESHOLD': '20000000', 'PROCESSING_TIME_SERVICE0': '0.00103358', 'PROCESSING_TIME_SERVICE1': '0.0009945', 'PROCESSING_TIME_SERVICE2': '0.00098429', 'PROCESSING_TIME_SERVICE3': '0.00093244', 'PROCESSING_TIME_SERVICE4': '0.00090983', 'PROCESSING_TIME_SERVICE5': '0.00082636', 'PROCESSING_TIME_SERVICE6': '0.00075935', 'PROCESSING_TIME_SERVICE7': '0.00068158', 'PROCESSING_TIME_SERVICE8': '0.00056959', 'PROCESSING_TIME_SERVICE9': '0.00051052', 'PROCESSING_TIME_SERVICE10': '0.00045782', 'SLOWPOKE_DELAY_MICROS_SERVICE0': '0.0', 'SLOWPOKE_POKER_BATCH_THRESHOLD_SERVICE0': '100', 'SLOWPOKE_IS_TARGET_SERVICE_SERVICE0': 'true', 'SLOWPOKE_DELAY_MICROS_SERVICE1': '0.0', 'SLOWPOKE_POKER_BATCH_THRESHOLD_SERVICE1': '100', 'SLOWPOKE_IS_TARGET_SERVICE_SERVICE1': 'false', 'SLOWPOKE_DELAY_MICROS_SERVICE2': '0.0', 'SLOWPOKE_POKER_BATCH_THRESHOLD_SERVICE2': '100', 'SLOWPOKE_IS_TARGET_SERVICE_SERVICE2': 'false', 'SLOWPOKE_DELAY_MICROS_SERVICE3': '0.0', 'SLOWPOKE_POKER_BATCH_THRESHOLD_SERVICE3': '100', 'SLOWPOKE_IS_TARGET_SERVICE_SERVICE3': 'false', 'SLOWPOKE_DELAY_MICROS_SERVICE4': '0.0', 'SLOWPOKE_POKER_BATCH_THRESHOLD_SERVICE4': '100', 'SLOWPOKE_IS_TARGET_SERVICE_SERVICE4': 'false', 'SLOWPOKE_DELAY_MICROS_SERVICE5': '0.0', 'SLOWPOKE_POKER_BATCH_THRESHOLD_SERVICE5': '100', 'SLOWPOKE_IS_TARGET_SERVICE_SERVICE5': 'false', 'SLOWPOKE_DELAY_MICROS_SERVICE6': '0.0', 'SLOWPOKE_POKER_BATCH_THRESHOLD_SERVICE6': '100', 'SLOWPOKE_IS_TARGET_SERVICE_SERVICE6': 'false', 'SLOWPOKE_DELAY_MICROS_SERVICE7': '0.0', 'SLOWPOKE_POKER_BATCH_THRESHOLD_SERVICE7': '100', 'SLOWPOKE_IS_TARGET_SERVICE_SERVICE7': 'false', 'SLOWPOKE_DELAY_MICROS_SERVICE8': '0.0', 'SLOWPOKE_POKER_BATCH_THRESHOLD_SERVICE8': '100', 'SLOWPOKE_IS_TARGET_SERVICE_SERVICE8': 'false', 'SLOWPOKE_DELAY_MICROS_SERVICE9': '0.0', 'SLOWPOKE_POKER_BATCH_THRESHOLD_SERVICE9': '100', 'SLOWPOKE_IS_TARGET_SERVICE_SERVICE9': 'false', 'SLOWPOKE_DELAY_MICROS_SERVICE10': '0.0', 'SLOWPOKE_POKER_BATCH_THRESHOLD_SERVICE10': '100', 'SLOWPOKE_IS_TARGET_SERVICE_SERVICE10': 'false'}
    [exp] Executing cmd `bash run.sh synthetic fanout-w10-http-sync 8 800 20000`:
        [run.sh] Running benchmark synthetic with request fanout-w10-http-sync, thread 8, conn 800, duration 60
        [run.sh] Deleting all services
        configmap "config-service0" deleted
        configmap "config-service1" deleted
        configmap "config-service10" deleted
        configmap "config-service2" deleted
        configmap "config-service3" deleted
        configmap "config-service4" deleted
        configmap "config-service5" deleted
        configmap "config-service6" deleted
        configmap "config-service7" deleted
        configmap "config-service8" deleted
        configmap "config-service9" deleted
        [run.sh] Waiting for all pods to be deleted
        [run.sh] Deploying all services
        configmap/config-service0 created
        deployment.apps/service0 created
        service/service0 created
        configmap/config-service1 created
        deployment.apps/service1 created
        service/service1 created
        configmap/config-service10 created
        deployment.apps/service10 created
        service/service10 created
        configmap/config-service2 created
        deployment.apps/service2 created
        service/service2 created
        configmap/config-service3 created
        deployment.apps/service3 created
        service/service3 created
        configmap/config-service4 created
        deployment.apps/service4 created
        service/service4 created
        configmap/config-service5 created
        deployment.apps/service5 created
        service/service5 created
        configmap/config-service6 created
        deployment.apps/service6 created
        service/service6 created
        configmap/config-service7 created
        deployment.apps/service7 created
        service/service7 created
        configmap/config-service8 created
        deployment.apps/service8 created
        service/service8 created
        configmap/config-service9 created
        deployment.apps/service9 created
        service/service9 created
        [run.sh] Client pod not found, deploying client
        deployment.apps/ubuntu-client created
        [run.sh] Waiting for all pods to be running
        [run.sh] All pods are running
        [run.sh] Checking heartbeat for all services
        [run.sh] All pods can connect to all services
        [run.sh] Running warmup test
        [run.sh] /wrk/wrk -t8 -c800 --timeout 3s -d3s -L http://service0:80/endpoint1
        Running 3s test @ http://service0:80/endpoint1
        8 threads and 800 connections
        Thread Stats   Avg      Stdev     Max   +/- Stdev
        Latency     1.48s   496.04ms   2.97s    60.54%
        Req/Sec    70.69     43.66   230.00     78.61%
        Latency Distribution
        50%    1.37s
        75%    1.93s
        90%    2.22s
        99%    2.48s
        1252 requests in 3.03s, 194.40KB read
        Requests/sec:    413.85
        Transfer/sec:     64.26KB
        [run.sh] Speed is 413.85, duration is 72
        [run.sh] Fix the request number.
        [run.sh] Running the actual test
        [run.sh] /wrk/wrk --timeout 20s -t8 -c800 -d72s -L -s /wrk/fix_req_n.lua http://service0:80/endpoint1
        [run.sh] Checking the resource usage
        NAME                             CPU(cores)   MEMORY(bytes)
        service0-8cfffb9b9-p4kst         1902m        145Mi
        service1-7585bd9d88-rhx84        734m         19Mi
        service10-8467f679d8-mj9bh       408m         14Mi
        service2-958786d58-qtn5d         708m         19Mi
        service3-6ddd8b8f64-42tgr        698m         15Mi
        service4-9bb5bd9fd-x5jjm         670m         19Mi
        service5-65b54fcdcb-cztj2        631m         18Mi
        service6-7dcff5bc4-kbk7f         605m         13Mi
        service7-7758b6668-xtsrp         542m         19Mi
        service8-778ccbf6cd-sk4x5        456m         16Mi
        service9-54c984fd45-cx9kz        444m         15Mi
        ubuntu-client-76886f6bbd-8pqg8   26m          24Mi
        Running 1m test @ http://service0:80/endpoint1
        8 threads and 800 connections
        Thread Stats   Avg      Stdev     Max   +/- Stdev
        Latency     1.31s   382.91ms   2.70s    69.35%
        Req/Sec    78.99     41.99   252.00     66.87%
        Latency Distribution
        50%    1.26s
        75%    1.56s
        90%    1.84s
        99%    2.33s
        20000 requests in 1.20m, 3.03MB read
        Requests/sec:    277.78
        Transfer/sec:     43.13KB
        ------------------------------
        stop time: 33.256059
        stop time: 33.100576
        stop time: 33.417268
        stop time: 33.221687
        stop time: 33.136999
        stop time: 33.309738
        stop time: 33.294942
        stop time: 33.405639
        [run.sh] Test finished with status 0
        > STDERR
        > No resources found in default namespace.
    [exp] Times: [33.256059, 33.100576, 33.417268, 33.221687, 33.136999, 33.309738, 33.294942, 33.405639]
    [exp] Throughput: 601.1807761565452
[test.py] Baseline throughput: 601.1807761565452
[test.py] Running 0th optmization experiment
[test.py] Running 0th groundtruth exp
    [exp] Running (pre_run: False) workload synthetic/fanout-w10-http-sync request with the following configuration: {'CLIENT_CPU_QUOTA': '2', 'SLOWPOKE_POKER_BATCH_THRESHOLD': '20000000', 'PROCESSING_TIME_SERVICE0': '0.0', 'PROCESSING_TIME_SERVICE1': '0.0009945', 'PROCESSING_TIME_SERVICE2': '0.00098429', 'PROCESSING_TIME_SERVICE3': '0.00093244', 'PROCESSING_TIME_SERVICE4': '0.00090983', 'PROCESSING_TIME_SERVICE5': '0.00082636', 'PROCESSING_TIME_SERVICE6': '0.00075935', 'PROCESSING_TIME_SERVICE7': '0.00068158', 'PROCESSING_TIME_SERVICE8': '0.00056959', 'PROCESSING_TIME_SERVICE9': '0.00051052', 'PROCESSING_TIME_SERVICE10': '0.00045782', 'SLOWPOKE_DELAY_MICROS_SERVICE0': '0.0', 'SLOWPOKE_POKER_BATCH_THRESHOLD_SERVICE0': '100', 'SLOWPOKE_IS_TARGET_SERVICE_SERVICE0': 'true', 'SLOWPOKE_DELAY_MICROS_SERVICE1': '0.0', 'SLOWPOKE_POKER_BATCH_THRESHOLD_SERVICE1': '100', 'SLOWPOKE_IS_TARGET_SERVICE_SERVICE1': 'false', 'SLOWPOKE_DELAY_MICROS_SERVICE2': '0.0', 'SLOWPOKE_POKER_BATCH_THRESHOLD_SERVICE2': '100', 'SLOWPOKE_IS_TARGET_SERVICE_SERVICE2': 'false', 'SLOWPOKE_DELAY_MICROS_SERVICE3': '0.0', 'SLOWPOKE_POKER_BATCH_THRESHOLD_SERVICE3': '100', 'SLOWPOKE_IS_TARGET_SERVICE_SERVICE3': 'false', 'SLOWPOKE_DELAY_MICROS_SERVICE4': '0.0', 'SLOWPOKE_POKER_BATCH_THRESHOLD_SERVICE4': '100', 'SLOWPOKE_IS_TARGET_SERVICE_SERVICE4': 'false', 'SLOWPOKE_DELAY_MICROS_SERVICE5': '0.0', 'SLOWPOKE_POKER_BATCH_THRESHOLD_SERVICE5': '100', 'SLOWPOKE_IS_TARGET_SERVICE_SERVICE5': 'false', 'SLOWPOKE_DELAY_MICROS_SERVICE6': '0.0', 'SLOWPOKE_POKER_BATCH_THRESHOLD_SERVICE6': '100', 'SLOWPOKE_IS_TARGET_SERVICE_SERVICE6': 'false', 'SLOWPOKE_DELAY_MICROS_SERVICE7': '0.0', 'SLOWPOKE_POKER_BATCH_THRESHOLD_SERVICE7': '100', 'SLOWPOKE_IS_TARGET_SERVICE_SERVICE7': 'false', 'SLOWPOKE_DELAY_MICROS_SERVICE8': '0.0', 'SLOWPOKE_POKER_BATCH_THRESHOLD_SERVICE8': '100', 'SLOWPOKE_IS_TARGET_SERVICE_SERVICE8': 'false', 'SLOWPOKE_DELAY_MICROS_SERVICE9': '0.0', 'SLOWPOKE_POKER_BATCH_THRESHOLD_SERVICE9': '100', 'SLOWPOKE_IS_TARGET_SERVICE_SERVICE9': 'false', 'SLOWPOKE_DELAY_MICROS_SERVICE10': '0.0', 'SLOWPOKE_POKER_BATCH_THRESHOLD_SERVICE10': '100', 'SLOWPOKE_IS_TARGET_SERVICE_SERVICE10': 'false'}
    [exp] Executing cmd `bash run.sh synthetic fanout-w10-http-sync 8 800 20000`:
        [run.sh] Running benchmark synthetic with request fanout-w10-http-sync, thread 8, conn 800, duration 60
        [run.sh] Deleting all services
        configmap "config-service0" deleted
        deployment.apps "service0" deleted
        service "service0" deleted
        configmap "config-service1" deleted
        deployment.apps "service1" deleted
        service "service1" deleted
        configmap "config-service10" deleted
        deployment.apps "service10" deleted
        service "service10" deleted
        configmap "config-service2" deleted
        deployment.apps "service2" deleted
        service "service2" deleted
        configmap "config-service3" deleted
        deployment.apps "service3" deleted
        service "service3" deleted
        configmap "config-service4" deleted
        deployment.apps "service4" deleted
        service "service4" deleted
        configmap "config-service5" deleted
        deployment.apps "service5" deleted
        service "service5" deleted
        configmap "config-service6" deleted
        deployment.apps "service6" deleted
        service "service6" deleted
        configmap "config-service7" deleted
        deployment.apps "service7" deleted
        service "service7" deleted
        configmap "config-service8" deleted
        deployment.apps "service8" deleted
        service "service8" deleted
        configmap "config-service9" deleted
        deployment.apps "service9" deleted
        service "service9" deleted
        deployment.apps "ubuntu-client" deleted
        [run.sh] Waiting for all pods to be deleted
        [run.sh] Deploying all services
        configmap/config-service0 created
        deployment.apps/service0 created
        service/service0 created
        configmap/config-service1 created
        deployment.apps/service1 created
        service/service1 created
        configmap/config-service10 created
        deployment.apps/service10 created
        service/service10 created
        configmap/config-service2 created
        deployment.apps/service2 created
        service/service2 created
        configmap/config-service3 created
        deployment.apps/service3 created
        service/service3 created
        configmap/config-service4 created
        deployment.apps/service4 created
        service/service4 created
        configmap/config-service5 created
        deployment.apps/service5 created
        service/service5 created
        configmap/config-service6 created
        deployment.apps/service6 created
        service/service6 created
        configmap/config-service7 created
        deployment.apps/service7 created
        service/service7 created
        configmap/config-service8 created
        deployment.apps/service8 created
        service/service8 created
        configmap/config-service9 created
        deployment.apps/service9 created
        service/service9 created
        [run.sh] Client pod not found, deploying client
        deployment.apps/ubuntu-client created
        [run.sh] Waiting for all pods to be running
        [run.sh] All pods are running
        [run.sh] Checking heartbeat for all services
        [run.sh] All pods can connect to all services
        [run.sh] Running warmup test
        [run.sh] /wrk/wrk -t8 -c800 --timeout 3s -d3s -L http://service0:80/endpoint1
        Running 3s test @ http://service0:80/endpoint1
        8 threads and 800 connections
        Thread Stats   Avg      Stdev     Max   +/- Stdev
        Latency   932.52ms  314.36ms   2.15s    67.81%
        Req/Sec   106.79     55.78   252.00     63.90%
        Latency Distribution
        50%  906.18ms
        75%    1.12s
        90%    1.37s
        99%    1.78s
        2212 requests in 3.04s, 343.46KB read
        Requests/sec:    728.22
        Transfer/sec:    113.07KB
        [run.sh] Speed is 728.22, duration is 41
        [run.sh] Fix the request number.
        [run.sh] Running the actual test
        [run.sh] /wrk/wrk --timeout 20s -t8 -c800 -d41s -L -s /wrk/fix_req_n.lua http://service0:80/endpoint1
        [run.sh] Checking the resource usage
        NAME                             CPU(cores)   MEMORY(bytes)
        service0-8cfffb9b9-pjqxr         1m           95Mi
        service1-7585bd9d88-lq7v8        356m         20Mi
        service10-8467f679d8-wpx6s       21m          13Mi
        service2-958786d58-t9jl2         348m         13Mi
        service3-6ddd8b8f64-x7w6n        335m         17Mi
        service4-9bb5bd9fd-864mg         330m         18Mi
        service5-65b54fcdcb-b7gp6        73m          13Mi
        service6-7dcff5bc4-94zbx         115m         17Mi
        service7-7758b6668-qzpjt         6m           12Mi
        service8-778ccbf6cd-j4tmp        144m         13Mi
        service9-54c984fd45-lgq4w        207m         13Mi
        ubuntu-client-76886f6bbd-9msqk   24m          0Mi
        Running 41s test @ http://service0:80/endpoint1
        8 threads and 800 connections
        Thread Stats   Avg      Stdev     Max   +/- Stdev
        Latency   791.21ms  240.36ms   1.79s    68.41%
        Req/Sec   127.04     48.26   330.00     71.02%
        Latency Distribution
        50%  784.76ms
        75%  945.28ms
        90%    1.10s
        99%    1.42s
        20000 requests in 41.00s, 3.03MB read
        Requests/sec:    487.80
        Transfer/sec:     75.74KB
        ------------------------------
        stop time: 20.110293
        stop time: 20.033759
        stop time: 20.052208
        stop time: 20.191069
        stop time: 20.196665
        stop time: 20.192348
        stop time: 20.180606
        stop time: 20.286565
        [run.sh] Test finished with status 0
        > STDERR
        > No resources found in default namespace.
    [exp] Times: [20.110293, 20.033759, 20.052208, 20.191069, 20.196665, 20.192348, 20.180606, 20.286565]
    [exp] Throughput: 992.2879812225377
[test.py] Running 0th slowdown exp
    [exp] Running (pre_run: False) workload synthetic/fanout-w10-http-sync request with the following configuration: {'CLIENT_CPU_QUOTA': '2', 'SLOWPOKE_POKER_BATCH_THRESHOLD': '20000000', 'PROCESSING_TIME_SERVICE0': '0.00103358', 'PROCESSING_TIME_SERVICE1': '0.0009945', 'PROCESSING_TIME_SERVICE2': '0.00098429', 'PROCESSING_TIME_SERVICE3': '0.00093244', 'PROCESSING_TIME_SERVICE4': '0.00090983', 'PROCESSING_TIME_SERVICE5': '0.00082636', 'PROCESSING_TIME_SERVICE6': '0.00075935', 'PROCESSING_TIME_SERVICE7': '0.00068158', 'PROCESSING_TIME_SERVICE8': '0.00056959', 'PROCESSING_TIME_SERVICE9': '0.00051052', 'PROCESSING_TIME_SERVICE10': '0.00045782', 'SLOWPOKE_DELAY_MICROS_SERVICE0': '0.0', 'SLOWPOKE_POKER_BATCH_THRESHOLD_SERVICE0': '100', 'SLOWPOKE_IS_TARGET_SERVICE_SERVICE0': 'true', 'SLOWPOKE_DELAY_MICROS_SERVICE1': '516.5', 'SLOWPOKE_POKER_BATCH_THRESHOLD_SERVICE1': '100', 'SLOWPOKE_IS_TARGET_SERVICE_SERVICE1': 'false', 'SLOWPOKE_DELAY_MICROS_SERVICE2': '516.5', 'SLOWPOKE_POKER_BATCH_THRESHOLD_SERVICE2': '100', 'SLOWPOKE_IS_TARGET_SERVICE_SERVICE2': 'false', 'SLOWPOKE_DELAY_MICROS_SERVICE3': '516.5', 'SLOWPOKE_POKER_BATCH_THRESHOLD_SERVICE3': '100', 'SLOWPOKE_IS_TARGET_SERVICE_SERVICE3': 'false', 'SLOWPOKE_DELAY_MICROS_SERVICE4': '516.5', 'SLOWPOKE_POKER_BATCH_THRESHOLD_SERVICE4': '100', 'SLOWPOKE_IS_TARGET_SERVICE_SERVICE4': 'false', 'SLOWPOKE_DELAY_MICROS_SERVICE5': '516.5', 'SLOWPOKE_POKER_BATCH_THRESHOLD_SERVICE5': '100', 'SLOWPOKE_IS_TARGET_SERVICE_SERVICE5': 'false', 'SLOWPOKE_DELAY_MICROS_SERVICE6': '516.5', 'SLOWPOKE_POKER_BATCH_THRESHOLD_SERVICE6': '100', 'SLOWPOKE_IS_TARGET_SERVICE_SERVICE6': 'false', 'SLOWPOKE_DELAY_MICROS_SERVICE7': '516.5', 'SLOWPOKE_POKER_BATCH_THRESHOLD_SERVICE7': '100', 'SLOWPOKE_IS_TARGET_SERVICE_SERVICE7': 'false', 'SLOWPOKE_DELAY_MICROS_SERVICE8': '516.5', 'SLOWPOKE_POKER_BATCH_THRESHOLD_SERVICE8': '100', 'SLOWPOKE_IS_TARGET_SERVICE_SERVICE8': 'false', 'SLOWPOKE_DELAY_MICROS_SERVICE9': '516.5', 'SLOWPOKE_POKER_BATCH_THRESHOLD_SERVICE9': '100', 'SLOWPOKE_IS_TARGET_SERVICE_SERVICE9': 'false', 'SLOWPOKE_DELAY_MICROS_SERVICE10': '516.5', 'SLOWPOKE_POKER_BATCH_THRESHOLD_SERVICE10': '100', 'SLOWPOKE_IS_TARGET_SERVICE_SERVICE10': 'false'}
    [exp] Executing cmd `bash run.sh synthetic fanout-w10-http-sync 8 800 20000`:
        [run.sh] Running benchmark synthetic with request fanout-w10-http-sync, thread 8, conn 800, duration 60
        [run.sh] Deleting all services
        configmap "config-service0" deleted
        deployment.apps "service0" deleted
        service "service0" deleted
        configmap "config-service1" deleted
        deployment.apps "service1" deleted
        service "service1" deleted
        configmap "config-service10" deleted
        deployment.apps "service10" deleted
        service "service10" deleted
        configmap "config-service2" deleted
        deployment.apps "service2" deleted
        service "service2" deleted
        configmap "config-service3" deleted
        deployment.apps "service3" deleted
        service "service3" deleted
        configmap "config-service4" deleted
        deployment.apps "service4" deleted
        service "service4" deleted
        configmap "config-service5" deleted
        deployment.apps "service5" deleted
        service "service5" deleted
        configmap "config-service6" deleted
        deployment.apps "service6" deleted
        service "service6" deleted
        configmap "config-service7" deleted
        deployment.apps "service7" deleted
        service "service7" deleted
        configmap "config-service8" deleted
        deployment.apps "service8" deleted
        service "service8" deleted
        configmap "config-service9" deleted
        deployment.apps "service9" deleted
        service "service9" deleted
        deployment.apps "ubuntu-client" deleted
        [run.sh] Waiting for all pods to be deleted
        [run.sh] Deploying all services
        configmap/config-service0 created
        deployment.apps/service0 created
        service/service0 created
        configmap/config-service1 created
        deployment.apps/service1 created
        service/service1 created
        configmap/config-service10 created
        deployment.apps/service10 created
        service/service10 created
        configmap/config-service2 created
        deployment.apps/service2 created
        service/service2 created
        configmap/config-service3 created
        deployment.apps/service3 created
        service/service3 created
        configmap/config-service4 created
        deployment.apps/service4 created
        service/service4 created
        configmap/config-service5 created
        deployment.apps/service5 created
        service/service5 created
        configmap/config-service6 created
        deployment.apps/service6 created
        service/service6 created
        configmap/config-service7 created
        deployment.apps/service7 created
        service/service7 created
        configmap/config-service8 created
        deployment.apps/service8 created
        service/service8 created
        configmap/config-service9 created
        deployment.apps/service9 created
        service/service9 created
        [run.sh] Client pod not found, deploying client
        deployment.apps/ubuntu-client created
        [run.sh] Waiting for all pods to be running
        [run.sh] All pods are running
        [run.sh] Checking heartbeat for all services
        [run.sh] All pods can connect to all services
        [run.sh] Running warmup test
        [run.sh] /wrk/wrk -t8 -c800 --timeout 3s -d3s -L http://service0:80/endpoint1
        Running 3s test @ http://service0:80/endpoint1
        8 threads and 800 connections
        Thread Stats   Avg      Stdev     Max   +/- Stdev
        Latency     1.35s   584.43ms   2.99s    70.46%
        Req/Sec    64.11     40.01   200.00     68.57%
        Latency Distribution
        50%    1.18s
        75%    1.67s
        90%    2.21s
        99%    2.81s
        1212 requests in 3.02s, 188.19KB read
        Requests/sec:    401.18
        Transfer/sec:     62.29KB
        [run.sh] Speed is 401.18, duration is 74
        [run.sh] Fix the request number.
        [run.sh] Running the actual test
        [run.sh] /wrk/wrk --timeout 20s -t8 -c800 -d74s -L -s /wrk/fix_req_n.lua http://service0:80/endpoint1
        [run.sh] Checking the resource usage
        NAME                             CPU(cores)   MEMORY(bytes)
        service0-8cfffb9b9-nn78z         492m         111Mi
        service1-8449c8c679-2z5jh        221m         23Mi
        service10-75d745fcf-9h5cl        131m         13Mi
        service2-8655764cb5-7gtvv        232m         20Mi
        service3-685f996fb7-fv9ht        30m          15Mi
        service4-b7b8c966f-v7hk5         220m         15Mi
        service5-7c778f5b87-nj8lv        201m         14Mi
        service6-856f66c597-k5sqr        185m         12Mi
        service7-7b78865cc5-t5jvv        82m          14Mi
        service8-5c95d75c85-r7v79        150m         12Mi
        service9-754c548bfb-2w9qt        31m          12Mi
        ubuntu-client-76886f6bbd-p2g7m   18m          0Mi
        Running 1m test @ http://service0:80/endpoint1
        8 threads and 800 connections
        Thread Stats   Avg      Stdev     Max   +/- Stdev
        Latency     1.26s   304.33ms   3.31s    70.49%
        Req/Sec    81.07     39.87   292.00     66.11%
        Latency Distribution
        50%    1.24s
        75%    1.44s
        90%    1.64s
        99%    2.10s
        20000 requests in 1.23m, 3.03MB read
        Requests/sec:    270.27
        Transfer/sec:     41.97KB
        ------------------------------
        stop time: 31.902543
        stop time: 31.934493
        stop time: 32.140964
        stop time: 32.080243
        stop time: 32.033600
        stop time: 32.038167
        stop time: 32.063595
        stop time: 32.076365
        [run.sh] Test finished with status 0
        > STDERR
        > No resources found in default namespace.
    [exp] Times: [31.902543, 31.934493, 32.140964, 32.080243, 32.0336, 32.038167, 32.063595, 32.076365]
    [exp] Throughput: 624.3415878965452
[test.py] Finished running 0th optmization experiment: groundtruth->992.2879812225377, slowdown->624.3415878965452, predicted->921.7462228712084, err->-7.109000581103395
[test.py] Running 1th optmization experiment
[test.py] Running 1th groundtruth exp
    [exp] Running (pre_run: False) workload synthetic/fanout-w10-http-sync request with the following configuration: {'CLIENT_CPU_QUOTA': '2', 'SLOWPOKE_POKER_BATCH_THRESHOLD': '20000000', 'PROCESSING_TIME_SERVICE0': '0.000103', 'PROCESSING_TIME_SERVICE1': '0.0009945', 'PROCESSING_TIME_SERVICE2': '0.00098429', 'PROCESSING_TIME_SERVICE3': '0.00093244', 'PROCESSING_TIME_SERVICE4': '0.00090983', 'PROCESSING_TIME_SERVICE5': '0.00082636', 'PROCESSING_TIME_SERVICE6': '0.00075935', 'PROCESSING_TIME_SERVICE7': '0.00068158', 'PROCESSING_TIME_SERVICE8': '0.00056959', 'PROCESSING_TIME_SERVICE9': '0.00051052', 'PROCESSING_TIME_SERVICE10': '0.00045782', 'SLOWPOKE_DELAY_MICROS_SERVICE0': '0.0', 'SLOWPOKE_POKER_BATCH_THRESHOLD_SERVICE0': '100', 'SLOWPOKE_IS_TARGET_SERVICE_SERVICE0': 'true', 'SLOWPOKE_DELAY_MICROS_SERVICE1': '0.0', 'SLOWPOKE_POKER_BATCH_THRESHOLD_SERVICE1': '100', 'SLOWPOKE_IS_TARGET_SERVICE_SERVICE1': 'false', 'SLOWPOKE_DELAY_MICROS_SERVICE2': '0.0', 'SLOWPOKE_POKER_BATCH_THRESHOLD_SERVICE2': '100', 'SLOWPOKE_IS_TARGET_SERVICE_SERVICE2': 'false', 'SLOWPOKE_DELAY_MICROS_SERVICE3': '0.0', 'SLOWPOKE_POKER_BATCH_THRESHOLD_SERVICE3': '100', 'SLOWPOKE_IS_TARGET_SERVICE_SERVICE3': 'false', 'SLOWPOKE_DELAY_MICROS_SERVICE4': '0.0', 'SLOWPOKE_POKER_BATCH_THRESHOLD_SERVICE4': '100', 'SLOWPOKE_IS_TARGET_SERVICE_SERVICE4': 'false', 'SLOWPOKE_DELAY_MICROS_SERVICE5': '0.0', 'SLOWPOKE_POKER_BATCH_THRESHOLD_SERVICE5': '100', 'SLOWPOKE_IS_TARGET_SERVICE_SERVICE5': 'false', 'SLOWPOKE_DELAY_MICROS_SERVICE6': '0.0', 'SLOWPOKE_POKER_BATCH_THRESHOLD_SERVICE6': '100', 'SLOWPOKE_IS_TARGET_SERVICE_SERVICE6': 'false', 'SLOWPOKE_DELAY_MICROS_SERVICE7': '0.0', 'SLOWPOKE_POKER_BATCH_THRESHOLD_SERVICE7': '100', 'SLOWPOKE_IS_TARGET_SERVICE_SERVICE7': 'false', 'SLOWPOKE_DELAY_MICROS_SERVICE8': '0.0', 'SLOWPOKE_POKER_BATCH_THRESHOLD_SERVICE8': '100', 'SLOWPOKE_IS_TARGET_SERVICE_SERVICE8': 'false', 'SLOWPOKE_DELAY_MICROS_SERVICE9': '0.0', 'SLOWPOKE_POKER_BATCH_THRESHOLD_SERVICE9': '100', 'SLOWPOKE_IS_TARGET_SERVICE_SERVICE9': 'false', 'SLOWPOKE_DELAY_MICROS_SERVICE10': '0.0', 'SLOWPOKE_POKER_BATCH_THRESHOLD_SERVICE10': '100', 'SLOWPOKE_IS_TARGET_SERVICE_SERVICE10': 'false'}
    [exp] Executing cmd `bash run.sh synthetic fanout-w10-http-sync 8 800 20000`:
        [run.sh] Running benchmark synthetic with request fanout-w10-http-sync, thread 8, conn 800, duration 60
        [run.sh] Deleting all services
        configmap "config-service0" deleted
        deployment.apps "service0" deleted
        service "service0" deleted
        configmap "config-service1" deleted
        deployment.apps "service1" deleted
        service "service1" deleted
        configmap "config-service10" deleted
        deployment.apps "service10" deleted
        service "service10" deleted
        configmap "config-service2" deleted
        deployment.apps "service2" deleted
        service "service2" deleted
        configmap "config-service3" deleted
        deployment.apps "service3" deleted
        service "service3" deleted
        configmap "config-service4" deleted
        deployment.apps "service4" deleted
        service "service4" deleted
        configmap "config-service5" deleted
        deployment.apps "service5" deleted
        service "service5" deleted
        configmap "config-service6" deleted
        deployment.apps "service6" deleted
        service "service6" deleted
        configmap "config-service7" deleted
        deployment.apps "service7" deleted
        service "service7" deleted
        configmap "config-service8" deleted
        deployment.apps "service8" deleted
        service "service8" deleted
        configmap "config-service9" deleted
        deployment.apps "service9" deleted
        service "service9" deleted
        deployment.apps "ubuntu-client" deleted
        [run.sh] Waiting for all pods to be deleted
        [run.sh] Deploying all services
        configmap/config-service0 created
        deployment.apps/service0 created
        service/service0 created
        configmap/config-service1 created
        deployment.apps/service1 created
        service/service1 created
        configmap/config-service10 created
        deployment.apps/service10 created
        service/service10 created
        configmap/config-service2 created
        deployment.apps/service2 created
        service/service2 created
        configmap/config-service3 created
        deployment.apps/service3 created
        service/service3 created
        configmap/config-service4 created
        deployment.apps/service4 created
        service/service4 created
        configmap/config-service5 created
        deployment.apps/service5 created
        service/service5 created
        configmap/config-service6 created
        deployment.apps/service6 created
        service/service6 created
        configmap/config-service7 created
        deployment.apps/service7 created
        service/service7 created
        configmap/config-service8 created
        deployment.apps/service8 created
        service/service8 created
        configmap/config-service9 created
        deployment.apps/service9 created
        service/service9 created
        [run.sh] Client pod not found, deploying client
        deployment.apps/ubuntu-client created
        [run.sh] Waiting for all pods to be running
        [run.sh] All pods are running
        [run.sh] Checking heartbeat for all services
        [run.sh] All pods can connect to all services
        [run.sh] Running warmup test
        [run.sh] /wrk/wrk -t8 -c800 --timeout 3s -d3s -L http://service0:80/endpoint1
        Running 3s test @ http://service0:80/endpoint1
        8 threads and 800 connections
        Thread Stats   Avg      Stdev     Max   +/- Stdev
        Latency   945.96ms  322.78ms   1.94s    67.97%
        Req/Sec   107.71     51.98   240.00     65.50%
        Latency Distribution
        50%  905.56ms
        75%    1.14s
        90%    1.38s
        99%    1.78s
        2179 requests in 3.04s, 338.34KB read
        Requests/sec:    717.48
        Transfer/sec:    111.41KB
        [run.sh] Speed is 717.48, duration is 41
        [run.sh] Fix the request number.
        [run.sh] Running the actual test
        [run.sh] /wrk/wrk --timeout 20s -t8 -c800 -d41s -L -s /wrk/fix_req_n.lua http://service0:80/endpoint1
        [run.sh] Checking the resource usage
        NAME                             CPU(cores)   MEMORY(bytes)
        service0-8cfffb9b9-s68jf         1878m        225Mi
        service1-7585bd9d88-72shl        1000m        21Mi
        service10-8467f679d8-gfl24       578m         49Mi
        service2-958786d58-brl2g         799m         16Mi
        service3-6ddd8b8f64-lfl6c        965m         16Mi
        service4-9bb5bd9fd-gvml7         761m         15Mi
        service5-65b54fcdcb-w8bwt        922m         34Mi
        service6-7dcff5bc4-zfzj7         883m         15Mi
        service7-7758b6668-bkx6b         750m         28Mi
        service8-778ccbf6cd-lhx9d        735m         14Mi
        service9-54c984fd45-zpbxg        601m         13Mi
        ubuntu-client-76886f6bbd-8tpdz   35m          21Mi
        Running 41s test @ http://service0:80/endpoint1
        8 threads and 800 connections
        Thread Stats   Avg      Stdev     Max   +/- Stdev
        Latency   884.50ms  261.63ms   2.04s    68.60%
        Req/Sec   114.84     53.14   343.00     64.65%
        Latency Distribution
        50%  868.97ms
        75%    1.05s
        90%    1.23s
        99%    1.56s
        20000 requests in 41.00s, 3.03MB read
        Requests/sec:    487.80
        Transfer/sec:     75.74KB
        ------------------------------
        stop time: 22.467357
        stop time: 22.464037
        stop time: 22.482846
        stop time: 22.502410
        stop time: 22.354084
        stop time: 22.567803
        stop time: 22.638781
        stop time: 22.497025
        [run.sh] Test finished with status 0
        > STDERR
        > No resources found in default namespace.
    [exp] Times: [22.467357, 22.464037, 22.482846, 22.50241, 22.354084, 22.567803, 22.638781, 22.497025]
    [exp] Throughput: 889.0156081858846
[test.py] Running 1th slowdown exp
    [exp] Running (pre_run: False) workload synthetic/fanout-w10-http-sync request with the following configuration: {'CLIENT_CPU_QUOTA': '2', 'SLOWPOKE_POKER_BATCH_THRESHOLD': '20000000', 'PROCESSING_TIME_SERVICE0': '0.00103358', 'PROCESSING_TIME_SERVICE1': '0.0009945', 'PROCESSING_TIME_SERVICE2': '0.00098429', 'PROCESSING_TIME_SERVICE3': '0.00093244', 'PROCESSING_TIME_SERVICE4': '0.00090983', 'PROCESSING_TIME_SERVICE5': '0.00082636', 'PROCESSING_TIME_SERVICE6': '0.00075935', 'PROCESSING_TIME_SERVICE7': '0.00068158', 'PROCESSING_TIME_SERVICE8': '0.00056959', 'PROCESSING_TIME_SERVICE9': '0.00051052', 'PROCESSING_TIME_SERVICE10': '0.00045782', 'SLOWPOKE_DELAY_MICROS_SERVICE0': '0.0', 'SLOWPOKE_POKER_BATCH_THRESHOLD_SERVICE0': '100', 'SLOWPOKE_IS_TARGET_SERVICE_SERVICE0': 'true', 'SLOWPOKE_DELAY_MICROS_SERVICE1': '465.0', 'SLOWPOKE_POKER_BATCH_THRESHOLD_SERVICE1': '100', 'SLOWPOKE_IS_TARGET_SERVICE_SERVICE1': 'false', 'SLOWPOKE_DELAY_MICROS_SERVICE2': '465.0', 'SLOWPOKE_POKER_BATCH_THRESHOLD_SERVICE2': '100', 'SLOWPOKE_IS_TARGET_SERVICE_SERVICE2': 'false', 'SLOWPOKE_DELAY_MICROS_SERVICE3': '465.0', 'SLOWPOKE_POKER_BATCH_THRESHOLD_SERVICE3': '100', 'SLOWPOKE_IS_TARGET_SERVICE_SERVICE3': 'false', 'SLOWPOKE_DELAY_MICROS_SERVICE4': '465.0', 'SLOWPOKE_POKER_BATCH_THRESHOLD_SERVICE4': '100', 'SLOWPOKE_IS_TARGET_SERVICE_SERVICE4': 'false', 'SLOWPOKE_DELAY_MICROS_SERVICE5': '465.0', 'SLOWPOKE_POKER_BATCH_THRESHOLD_SERVICE5': '100', 'SLOWPOKE_IS_TARGET_SERVICE_SERVICE5': 'false', 'SLOWPOKE_DELAY_MICROS_SERVICE6': '465.0', 'SLOWPOKE_POKER_BATCH_THRESHOLD_SERVICE6': '100', 'SLOWPOKE_IS_TARGET_SERVICE_SERVICE6': 'false', 'SLOWPOKE_DELAY_MICROS_SERVICE7': '465.0', 'SLOWPOKE_POKER_BATCH_THRESHOLD_SERVICE7': '100', 'SLOWPOKE_IS_TARGET_SERVICE_SERVICE7': 'false', 'SLOWPOKE_DELAY_MICROS_SERVICE8': '465.0', 'SLOWPOKE_POKER_BATCH_THRESHOLD_SERVICE8': '100', 'SLOWPOKE_IS_TARGET_SERVICE_SERVICE8': 'false', 'SLOWPOKE_DELAY_MICROS_SERVICE9': '465.0', 'SLOWPOKE_POKER_BATCH_THRESHOLD_SERVICE9': '100', 'SLOWPOKE_IS_TARGET_SERVICE_SERVICE9': 'false', 'SLOWPOKE_DELAY_MICROS_SERVICE10': '465.0', 'SLOWPOKE_POKER_BATCH_THRESHOLD_SERVICE10': '100', 'SLOWPOKE_IS_TARGET_SERVICE_SERVICE10': 'false'}
    [exp] Executing cmd `bash run.sh synthetic fanout-w10-http-sync 8 800 20000`:
        [run.sh] Running benchmark synthetic with request fanout-w10-http-sync, thread 8, conn 800, duration 60
        [run.sh] Deleting all services
        configmap "config-service0" deleted
        deployment.apps "service0" deleted
        service "service0" deleted
        configmap "config-service1" deleted
        deployment.apps "service1" deleted
        service "service1" deleted
        configmap "config-service10" deleted
        deployment.apps "service10" deleted
        service "service10" deleted
        configmap "config-service2" deleted
        deployment.apps "service2" deleted
        service "service2" deleted
        configmap "config-service3" deleted
        deployment.apps "service3" deleted
        service "service3" deleted
        configmap "config-service4" deleted
        deployment.apps "service4" deleted
        service "service4" deleted
        configmap "config-service5" deleted
        deployment.apps "service5" deleted
        service "service5" deleted
        configmap "config-service6" deleted
        deployment.apps "service6" deleted
        service "service6" deleted
        configmap "config-service7" deleted
        deployment.apps "service7" deleted
        service "service7" deleted
        configmap "config-service8" deleted
        deployment.apps "service8" deleted
        service "service8" deleted
        configmap "config-service9" deleted
        deployment.apps "service9" deleted
        service "service9" deleted
        deployment.apps "ubuntu-client" deleted
        [run.sh] Waiting for all pods to be deleted
        [run.sh] Deploying all services
        configmap/config-service0 created
        deployment.apps/service0 created
        service/service0 created
        configmap/config-service1 created
        deployment.apps/service1 created
        service/service1 created
        configmap/config-service10 created
        deployment.apps/service10 created
        service/service10 created
        configmap/config-service2 created
        deployment.apps/service2 created
        service/service2 created
        configmap/config-service3 created
        deployment.apps/service3 created
        service/service3 created
        configmap/config-service4 created
        deployment.apps/service4 created
        service/service4 created
        configmap/config-service5 created
        deployment.apps/service5 created
        service/service5 created
        configmap/config-service6 created
        deployment.apps/service6 created
        service/service6 created
        configmap/config-service7 created
        deployment.apps/service7 created
        service/service7 created
        configmap/config-service8 created
        deployment.apps/service8 created
        service/service8 created
        configmap/config-service9 created
        deployment.apps/service9 created
        service/service9 created
        [run.sh] Client pod not found, deploying client
        deployment.apps/ubuntu-client created
        [run.sh] Waiting for all pods to be running
        [run.sh] All pods are running
        [run.sh] Checking heartbeat for all services
        [run.sh] service0-8cfffb9b9-xvhdv cannot connect to service2
        [run.sh] service0-8cfffb9b9-xvhdv cannot connect to service2
        [run.sh] service0-8cfffb9b9-xvhdv cannot connect to service2
        [run.sh] service1-69b6f4fd4f-m72jg cannot connect to service2
        [run.sh] service1-69b6f4fd4f-m72jg cannot connect to service2
        [run.sh] service10-5885dd6497-cfb74 cannot connect to service2
        [run.sh] service3-fd85fbd77-6qf8m cannot connect to service2
        [run.sh] service4-5fdf95659-5lng9 cannot connect to service2
        [run.sh] service5-7f874f6677-pfp9g cannot connect to service2
        [run.sh] service6-6ff487ff75-s9vn5 cannot connect to service2
        [run.sh] service7-58c74c65bf-6txwv cannot connect to service2
        [run.sh] service8-7d4686f48c-pk4tp cannot connect to service2
        [run.sh] service9-58f5f4947d-f69jr cannot connect to service2
        [run.sh] ubuntu-client-76886f6bbd-xm98j cannot connect to service2
        [run.sh] All pods can connect to all services
        [run.sh] Running warmup test
        [run.sh] /wrk/wrk -t8 -c800 --timeout 3s -d3s -L http://service0:80/endpoint1
        Running 3s test @ http://service0:80/endpoint1
        8 threads and 800 connections
        Thread Stats   Avg      Stdev     Max   +/- Stdev
        Latency     1.31s   684.71ms   2.98s    67.68%
        Req/Sec    71.24     37.11   191.00     60.34%
        Latency Distribution
        50%    1.04s
        75%    1.73s
        90%    2.45s
        99%    2.95s
        1352 requests in 3.03s, 209.93KB read
        Requests/sec:    446.77
        Transfer/sec:     69.37KB
        [run.sh] Speed is 446.77, duration is 67
        [run.sh] Fix the request number.
        [run.sh] Running the actual test
        [run.sh] /wrk/wrk --timeout 20s -t8 -c800 -d67s -L -s /wrk/fix_req_n.lua http://service0:80/endpoint1
        [run.sh] Checking the resource usage
        NAME                             CPU(cores)   MEMORY(bytes)
        service0-8cfffb9b9-xvhdv         679m         98Mi
        service1-69b6f4fd4f-m72jg        118m         29Mi
        service10-5885dd6497-cfb74       136m         13Mi
        service2-66bdb478ff-7h6z4        250m         20Mi
        service3-fd85fbd77-6qf8m         96m          17Mi
        service4-5fdf95659-5lng9         230m         13Mi
        service5-7f874f6677-pfp9g        217m         14Mi
        service6-6ff487ff75-s9vn5        197m         12Mi
        service7-58c74c65bf-6txwv        130m         13Mi
        service8-7d4686f48c-pk4tp        160m         13Mi
        service9-58f5f4947d-f69jr        61m          13Mi
        ubuntu-client-76886f6bbd-xm98j   17m          0Mi
        Running 1m test @ http://service0:80/endpoint1
        8 threads and 800 connections
        Thread Stats   Avg      Stdev     Max   +/- Stdev
        Latency     1.23s   328.52ms   3.29s    72.82%
        Req/Sec    81.62     40.03   240.00     66.82%
        Latency Distribution
        50%    1.21s
        75%    1.42s
        90%    1.63s
        99%    2.25s
        20000 requests in 1.12m, 3.03MB read
        Requests/sec:    298.51
        Transfer/sec:     46.35KB
        ------------------------------
        stop time: 31.324500
        stop time: 31.141058
        stop time: 31.267653
        stop time: 31.691465
        stop time: 31.408705
        stop time: 31.508851
        stop time: 31.728207
        stop time: 31.697569
        [run.sh] Test finished with status 0
        > STDERR
        > No resources found in default namespace.
        > command terminated with exit code 1
        > command terminated with exit code 1
        > command terminated with exit code 1
        > command terminated with exit code 1
        > command terminated with exit code 1
        > command terminated with exit code 1
        > command terminated with exit code 1
        > command terminated with exit code 1
        > command terminated with exit code 1
        > command terminated with exit code 1
        > command terminated with exit code 1
        > command terminated with exit code 1
        > command terminated with exit code 1
        > curl: (28) Connection timed out after 1001 milliseconds
        > command terminated with exit code 28
    [exp] Times: [31.3245, 31.141058, 31.267653, 31.691465, 31.408705, 31.508851, 31.728207, 31.697569]
    [exp] Throughput: 635.5056834703161
[test.py] Finished running 1th optmization experiment: groundtruth->889.0156081858846, slowdown->635.5056834703161, predicted->902.3153004567835, err->1.4960021115982485
[test.py] Running 2th optmization experiment
[test.py] Running 2th groundtruth exp
    [exp] Running (pre_run: False) workload synthetic/fanout-w10-http-sync request with the following configuration: {'CLIENT_CPU_QUOTA': '2', 'SLOWPOKE_POKER_BATCH_THRESHOLD': '20000000', 'PROCESSING_TIME_SERVICE0': '0.000206', 'PROCESSING_TIME_SERVICE1': '0.0009945', 'PROCESSING_TIME_SERVICE2': '0.00098429', 'PROCESSING_TIME_SERVICE3': '0.00093244', 'PROCESSING_TIME_SERVICE4': '0.00090983', 'PROCESSING_TIME_SERVICE5': '0.00082636', 'PROCESSING_TIME_SERVICE6': '0.00075935', 'PROCESSING_TIME_SERVICE7': '0.00068158', 'PROCESSING_TIME_SERVICE8': '0.00056959', 'PROCESSING_TIME_SERVICE9': '0.00051052', 'PROCESSING_TIME_SERVICE10': '0.00045782', 'SLOWPOKE_DELAY_MICROS_SERVICE0': '0.0', 'SLOWPOKE_POKER_BATCH_THRESHOLD_SERVICE0': '100', 'SLOWPOKE_IS_TARGET_SERVICE_SERVICE0': 'true', 'SLOWPOKE_DELAY_MICROS_SERVICE1': '0.0', 'SLOWPOKE_POKER_BATCH_THRESHOLD_SERVICE1': '100', 'SLOWPOKE_IS_TARGET_SERVICE_SERVICE1': 'false', 'SLOWPOKE_DELAY_MICROS_SERVICE2': '0.0', 'SLOWPOKE_POKER_BATCH_THRESHOLD_SERVICE2': '100', 'SLOWPOKE_IS_TARGET_SERVICE_SERVICE2': 'false', 'SLOWPOKE_DELAY_MICROS_SERVICE3': '0.0', 'SLOWPOKE_POKER_BATCH_THRESHOLD_SERVICE3': '100', 'SLOWPOKE_IS_TARGET_SERVICE_SERVICE3': 'false', 'SLOWPOKE_DELAY_MICROS_SERVICE4': '0.0', 'SLOWPOKE_POKER_BATCH_THRESHOLD_SERVICE4': '100', 'SLOWPOKE_IS_TARGET_SERVICE_SERVICE4': 'false', 'SLOWPOKE_DELAY_MICROS_SERVICE5': '0.0', 'SLOWPOKE_POKER_BATCH_THRESHOLD_SERVICE5': '100', 'SLOWPOKE_IS_TARGET_SERVICE_SERVICE5': 'false', 'SLOWPOKE_DELAY_MICROS_SERVICE6': '0.0', 'SLOWPOKE_POKER_BATCH_THRESHOLD_SERVICE6': '100', 'SLOWPOKE_IS_TARGET_SERVICE_SERVICE6': 'false', 'SLOWPOKE_DELAY_MICROS_SERVICE7': '0.0', 'SLOWPOKE_POKER_BATCH_THRESHOLD_SERVICE7': '100', 'SLOWPOKE_IS_TARGET_SERVICE_SERVICE7': 'false', 'SLOWPOKE_DELAY_MICROS_SERVICE8': '0.0', 'SLOWPOKE_POKER_BATCH_THRESHOLD_SERVICE8': '100', 'SLOWPOKE_IS_TARGET_SERVICE_SERVICE8': 'false', 'SLOWPOKE_DELAY_MICROS_SERVICE9': '0.0', 'SLOWPOKE_POKER_BATCH_THRESHOLD_SERVICE9': '100', 'SLOWPOKE_IS_TARGET_SERVICE_SERVICE9': 'false', 'SLOWPOKE_DELAY_MICROS_SERVICE10': '0.0', 'SLOWPOKE_POKER_BATCH_THRESHOLD_SERVICE10': '100', 'SLOWPOKE_IS_TARGET_SERVICE_SERVICE10': 'false'}
    [exp] Executing cmd `bash run.sh synthetic fanout-w10-http-sync 8 800 20000`:
        [run.sh] Running benchmark synthetic with request fanout-w10-http-sync, thread 8, conn 800, duration 60
        [run.sh] Deleting all services
        configmap "config-service0" deleted
        deployment.apps "service0" deleted
        service "service0" deleted
        configmap "config-service1" deleted
        deployment.apps "service1" deleted
        service "service1" deleted
        configmap "config-service10" deleted
        deployment.apps "service10" deleted
        service "service10" deleted
        configmap "config-service2" deleted
        deployment.apps "service2" deleted
        service "service2" deleted
        configmap "config-service3" deleted
        deployment.apps "service3" deleted
        service "service3" deleted
        configmap "config-service4" deleted
        deployment.apps "service4" deleted
        service "service4" deleted
        configmap "config-service5" deleted
        deployment.apps "service5" deleted
        service "service5" deleted
        configmap "config-service6" deleted
        deployment.apps "service6" deleted
        service "service6" deleted
        configmap "config-service7" deleted
        deployment.apps "service7" deleted
        service "service7" deleted
        configmap "config-service8" deleted
        deployment.apps "service8" deleted
        service "service8" deleted
        configmap "config-service9" deleted
        deployment.apps "service9" deleted
        service "service9" deleted
        deployment.apps "ubuntu-client" deleted
        [run.sh] Waiting for all pods to be deleted
        [run.sh] Deploying all services
        configmap/config-service0 created
        deployment.apps/service0 created
        service/service0 created
        configmap/config-service1 created
        deployment.apps/service1 created
        service/service1 created
        configmap/config-service10 created
        deployment.apps/service10 created
        service/service10 created
        configmap/config-service2 created
        deployment.apps/service2 created
        service/service2 created
        configmap/config-service3 created
        deployment.apps/service3 created
        service/service3 created
        configmap/config-service4 created
        deployment.apps/service4 created
        service/service4 created
        configmap/config-service5 created
        deployment.apps/service5 created
        service/service5 created
        configmap/config-service6 created
        deployment.apps/service6 created
        service/service6 created
        configmap/config-service7 created
        deployment.apps/service7 created
        service/service7 created
        configmap/config-service8 created
        deployment.apps/service8 created
        service/service8 created
        configmap/config-service9 created
        deployment.apps/service9 created
        service/service9 created
        [run.sh] Client pod not found, deploying client
        deployment.apps/ubuntu-client created
        [run.sh] Waiting for all pods to be running
        [run.sh] All pods are running
        [run.sh] Checking heartbeat for all services
        [run.sh] All pods can connect to all services
        [run.sh] Running warmup test
        [run.sh] /wrk/wrk -t8 -c800 --timeout 3s -d3s -L http://service0:80/endpoint1
        Running 3s test @ http://service0:80/endpoint1
        8 threads and 800 connections
        Thread Stats   Avg      Stdev     Max   +/- Stdev
        Latency     1.08s   361.31ms   2.26s    68.43%
        Req/Sec    99.74     52.20   260.00     69.19%
        Latency Distribution
        50%    1.02s
        75%    1.27s
        90%    1.64s
        99%    1.95s
        1894 requests in 3.03s, 294.09KB read
        Requests/sec:    624.50
        Transfer/sec:     96.97KB
        [run.sh] Speed is 624.50, duration is 48
        [run.sh] Fix the request number.
        [run.sh] Running the actual test
        [run.sh] /wrk/wrk --timeout 20s -t8 -c800 -d48s -L -s /wrk/fix_req_n.lua http://service0:80/endpoint1
        [run.sh] Checking the resource usage
        NAME                             CPU(cores)   MEMORY(bytes)
        service0-8cfffb9b9-m75zv         1006m        168Mi
        service1-7585bd9d88-jfrps        765m         17Mi
        service10-8467f679d8-mnq8k       323m         30Mi
        service2-958786d58-xnf4l         999m         33Mi
        service3-6ddd8b8f64-nkntd        730m         18Mi
        service4-9bb5bd9fd-xv8wd         960m         15Mi
        service5-65b54fcdcb-j6d2j        397m         17Mi
        service6-7dcff5bc4-hkx8l         326m         17Mi
        service7-7758b6668-4sd9p         502m         15Mi
        service8-778ccbf6cd-xgvgr        223m         19Mi
        service9-54c984fd45-n66sm        479m         14Mi
        ubuntu-client-76886f6bbd-zpz75   16m          21Mi
        Running 48s test @ http://service0:80/endpoint1
        8 threads and 800 connections
        Thread Stats   Avg      Stdev     Max   +/- Stdev
        Latency   894.28ms  255.78ms   1.98s    68.62%
        Req/Sec   111.40     52.34   313.00     71.79%
        Latency Distribution
        50%  884.30ms
        75%    1.06s
        90%    1.23s
        99%    1.53s
        20000 requests in 48.00s, 3.03MB read
        Requests/sec:    416.67
        Transfer/sec:     64.70KB
        ------------------------------
        stop time: 22.712784
        stop time: 22.792273
        stop time: 22.812186
        stop time: 22.738487
        stop time: 22.708840
        stop time: 22.808205
        stop time: 22.968562
        stop time: 22.807135
        [run.sh] Test finished with status 0
        > STDERR
        > No resources found in default namespace.
    [exp] Times: [22.712784, 22.792273, 22.812186, 22.738487, 22.70884, 22.808205, 22.968562, 22.807135]
    [exp] Throughput: 877.4408594989488
[test.py] Running 2th slowdown exp
    [exp] Running (pre_run: False) workload synthetic/fanout-w10-http-sync request with the following configuration: {'CLIENT_CPU_QUOTA': '2', 'SLOWPOKE_POKER_BATCH_THRESHOLD': '20000000', 'PROCESSING_TIME_SERVICE0': '0.00103358', 'PROCESSING_TIME_SERVICE1': '0.0009945', 'PROCESSING_TIME_SERVICE2': '0.00098429', 'PROCESSING_TIME_SERVICE3': '0.00093244', 'PROCESSING_TIME_SERVICE4': '0.00090983', 'PROCESSING_TIME_SERVICE5': '0.00082636', 'PROCESSING_TIME_SERVICE6': '0.00075935', 'PROCESSING_TIME_SERVICE7': '0.00068158', 'PROCESSING_TIME_SERVICE8': '0.00056959', 'PROCESSING_TIME_SERVICE9': '0.00051052', 'PROCESSING_TIME_SERVICE10': '0.00045782', 'SLOWPOKE_DELAY_MICROS_SERVICE0': '0.0', 'SLOWPOKE_POKER_BATCH_THRESHOLD_SERVICE0': '100', 'SLOWPOKE_IS_TARGET_SERVICE_SERVICE0': 'true', 'SLOWPOKE_DELAY_MICROS_SERVICE1': '413.5', 'SLOWPOKE_POKER_BATCH_THRESHOLD_SERVICE1': '100', 'SLOWPOKE_IS_TARGET_SERVICE_SERVICE1': 'false', 'SLOWPOKE_DELAY_MICROS_SERVICE2': '413.5', 'SLOWPOKE_POKER_BATCH_THRESHOLD_SERVICE2': '100', 'SLOWPOKE_IS_TARGET_SERVICE_SERVICE2': 'false', 'SLOWPOKE_DELAY_MICROS_SERVICE3': '413.5', 'SLOWPOKE_POKER_BATCH_THRESHOLD_SERVICE3': '100', 'SLOWPOKE_IS_TARGET_SERVICE_SERVICE3': 'false', 'SLOWPOKE_DELAY_MICROS_SERVICE4': '413.5', 'SLOWPOKE_POKER_BATCH_THRESHOLD_SERVICE4': '100', 'SLOWPOKE_IS_TARGET_SERVICE_SERVICE4': 'false', 'SLOWPOKE_DELAY_MICROS_SERVICE5': '413.5', 'SLOWPOKE_POKER_BATCH_THRESHOLD_SERVICE5': '100', 'SLOWPOKE_IS_TARGET_SERVICE_SERVICE5': 'false', 'SLOWPOKE_DELAY_MICROS_SERVICE6': '413.5', 'SLOWPOKE_POKER_BATCH_THRESHOLD_SERVICE6': '100', 'SLOWPOKE_IS_TARGET_SERVICE_SERVICE6': 'false', 'SLOWPOKE_DELAY_MICROS_SERVICE7': '413.5', 'SLOWPOKE_POKER_BATCH_THRESHOLD_SERVICE7': '100', 'SLOWPOKE_IS_TARGET_SERVICE_SERVICE7': 'false', 'SLOWPOKE_DELAY_MICROS_SERVICE8': '413.5', 'SLOWPOKE_POKER_BATCH_THRESHOLD_SERVICE8': '100', 'SLOWPOKE_IS_TARGET_SERVICE_SERVICE8': 'false', 'SLOWPOKE_DELAY_MICROS_SERVICE9': '413.5', 'SLOWPOKE_POKER_BATCH_THRESHOLD_SERVICE9': '100', 'SLOWPOKE_IS_TARGET_SERVICE_SERVICE9': 'false', 'SLOWPOKE_DELAY_MICROS_SERVICE10': '413.5', 'SLOWPOKE_POKER_BATCH_THRESHOLD_SERVICE10': '100', 'SLOWPOKE_IS_TARGET_SERVICE_SERVICE10': 'false'}
    [exp] Executing cmd `bash run.sh synthetic fanout-w10-http-sync 8 800 20000`:
        [run.sh] Running benchmark synthetic with request fanout-w10-http-sync, thread 8, conn 800, duration 60
        [run.sh] Deleting all services
        configmap "config-service0" deleted
        deployment.apps "service0" deleted
        service "service0" deleted
        configmap "config-service1" deleted
        deployment.apps "service1" deleted
        service "service1" deleted
        configmap "config-service10" deleted
        deployment.apps "service10" deleted
        service "service10" deleted
        configmap "config-service2" deleted
        deployment.apps "service2" deleted
        service "service2" deleted
        configmap "config-service3" deleted
        deployment.apps "service3" deleted
        service "service3" deleted
        configmap "config-service4" deleted
        deployment.apps "service4" deleted
        service "service4" deleted
        configmap "config-service5" deleted
        deployment.apps "service5" deleted
        service "service5" deleted
        configmap "config-service6" deleted
        deployment.apps "service6" deleted
        service "service6" deleted
        configmap "config-service7" deleted
        deployment.apps "service7" deleted
        service "service7" deleted
        configmap "config-service8" deleted
        deployment.apps "service8" deleted
        service "service8" deleted
        configmap "config-service9" deleted
        deployment.apps "service9" deleted
        service "service9" deleted
        deployment.apps "ubuntu-client" deleted
        [run.sh] Waiting for all pods to be deleted
        [run.sh] Deploying all services
        configmap/config-service0 created
        deployment.apps/service0 created
        service/service0 created
        configmap/config-service1 created
        deployment.apps/service1 created
        service/service1 created
        configmap/config-service10 created
        deployment.apps/service10 created
        service/service10 created
        configmap/config-service2 created
        deployment.apps/service2 created
        service/service2 created
        configmap/config-service3 created
        deployment.apps/service3 created
        service/service3 created
        configmap/config-service4 created
        deployment.apps/service4 created
        service/service4 created
        configmap/config-service5 created
        deployment.apps/service5 created
        service/service5 created
        configmap/config-service6 created
        deployment.apps/service6 created
        service/service6 created
        configmap/config-service7 created
        deployment.apps/service7 created
        service/service7 created
        configmap/config-service8 created
        deployment.apps/service8 created
        service/service8 created
        configmap/config-service9 created
        deployment.apps/service9 created
        service/service9 created
        [run.sh] Client pod not found, deploying client
        deployment.apps/ubuntu-client created
        [run.sh] Waiting for all pods to be running
        [run.sh] All pods are running
        [run.sh] Checking heartbeat for all services
        [run.sh] All pods can connect to all services
        [run.sh] Running warmup test
        [run.sh] /wrk/wrk -t8 -c800 --timeout 3s -d3s -L http://service0:80/endpoint1
        Running 3s test @ http://service0:80/endpoint1
        8 threads and 800 connections
        Thread Stats   Avg      Stdev     Max   +/- Stdev
        Latency     1.48s   470.31ms   2.90s    65.66%
        Req/Sec    74.74     39.70   180.00     68.52%
        Latency Distribution
        50%    1.39s
        75%    1.83s
        90%    2.16s
        99%    2.58s
        1264 requests in 3.03s, 196.27KB read
        Requests/sec:    416.48
        Transfer/sec:     64.67KB
        [run.sh] Speed is 416.48, duration is 72
        [run.sh] Fix the request number.
        [run.sh] Running the actual test
        [run.sh] /wrk/wrk --timeout 20s -t8 -c800 -d72s -L -s /wrk/fix_req_n.lua http://service0:80/endpoint1
        [run.sh] Checking the resource usage
        NAME                             CPU(cores)   MEMORY(bytes)
        service0-8cfffb9b9-5gfs7         1914m        120Mi
        service1-6bd96c999-dr47g         761m         18Mi
        service10-6fbc5ffbbc-bd5cd       408m         17Mi
        service2-7648474c49-cm5xv        753m         17Mi
        service3-8b86c5b7-jnc26          719m         18Mi
        service4-84dbbfcb97-d8j9j        693m         17Mi
        service5-c9f554c8c-l4jxq         632m         19Mi
        service6-57ff4854fc-mvhkz        583m         19Mi
        service7-644cc55bff-5tjwf        543m         18Mi
        service8-68c57cfc77-wz7bc        470m         16Mi
        service9-56486f5d44-nb6fb        445m         16Mi
        ubuntu-client-76886f6bbd-r7l97   26m          22Mi
        Running 1m test @ http://service0:80/endpoint1
        8 threads and 800 connections
        Thread Stats   Avg      Stdev     Max   +/- Stdev
        Latency     1.27s   319.22ms   2.66s    69.71%
        Req/Sec    80.31     41.34   272.00     72.56%
        Latency Distribution
        50%    1.24s
        75%    1.46s
        90%    1.71s
        99%    2.14s
        20000 requests in 1.20m, 3.03MB read
        Requests/sec:    277.78
        Transfer/sec:     43.13KB
        ------------------------------
        stop time: 32.061804
        stop time: 32.110456
        stop time: 32.282791
        stop time: 32.402845
        stop time: 32.406459
        stop time: 32.364825
        stop time: 32.349157
        stop time: 32.464847
        [run.sh] Test finished with status 0
        > STDERR
        > No resources found in default namespace.
    [exp] Times: [32.061804, 32.110456, 32.282791, 32.402845, 32.406459, 32.364825, 32.349157, 32.464847]
    [exp] Throughput: 619.0915833942056
[test.py] Finished running 2th optmization experiment: groundtruth->877.4408594989488, slowdown->619.0915833942056, predicted->832.3068908601801, err->-5.143818885359619
[test.py] Running 3th optmization experiment
[test.py] Running 3th groundtruth exp
    [exp] Running (pre_run: False) workload synthetic/fanout-w10-http-sync request with the following configuration: {'CLIENT_CPU_QUOTA': '2', 'SLOWPOKE_POKER_BATCH_THRESHOLD': '20000000', 'PROCESSING_TIME_SERVICE0': '0.000309', 'PROCESSING_TIME_SERVICE1': '0.0009945', 'PROCESSING_TIME_SERVICE2': '0.00098429', 'PROCESSING_TIME_SERVICE3': '0.00093244', 'PROCESSING_TIME_SERVICE4': '0.00090983', 'PROCESSING_TIME_SERVICE5': '0.00082636', 'PROCESSING_TIME_SERVICE6': '0.00075935', 'PROCESSING_TIME_SERVICE7': '0.00068158', 'PROCESSING_TIME_SERVICE8': '0.00056959', 'PROCESSING_TIME_SERVICE9': '0.00051052', 'PROCESSING_TIME_SERVICE10': '0.00045782', 'SLOWPOKE_DELAY_MICROS_SERVICE0': '0.0', 'SLOWPOKE_POKER_BATCH_THRESHOLD_SERVICE0': '100', 'SLOWPOKE_IS_TARGET_SERVICE_SERVICE0': 'true', 'SLOWPOKE_DELAY_MICROS_SERVICE1': '0.0', 'SLOWPOKE_POKER_BATCH_THRESHOLD_SERVICE1': '100', 'SLOWPOKE_IS_TARGET_SERVICE_SERVICE1': 'false', 'SLOWPOKE_DELAY_MICROS_SERVICE2': '0.0', 'SLOWPOKE_POKER_BATCH_THRESHOLD_SERVICE2': '100', 'SLOWPOKE_IS_TARGET_SERVICE_SERVICE2': 'false', 'SLOWPOKE_DELAY_MICROS_SERVICE3': '0.0', 'SLOWPOKE_POKER_BATCH_THRESHOLD_SERVICE3': '100', 'SLOWPOKE_IS_TARGET_SERVICE_SERVICE3': 'false', 'SLOWPOKE_DELAY_MICROS_SERVICE4': '0.0', 'SLOWPOKE_POKER_BATCH_THRESHOLD_SERVICE4': '100', 'SLOWPOKE_IS_TARGET_SERVICE_SERVICE4': 'false', 'SLOWPOKE_DELAY_MICROS_SERVICE5': '0.0', 'SLOWPOKE_POKER_BATCH_THRESHOLD_SERVICE5': '100', 'SLOWPOKE_IS_TARGET_SERVICE_SERVICE5': 'false', 'SLOWPOKE_DELAY_MICROS_SERVICE6': '0.0', 'SLOWPOKE_POKER_BATCH_THRESHOLD_SERVICE6': '100', 'SLOWPOKE_IS_TARGET_SERVICE_SERVICE6': 'false', 'SLOWPOKE_DELAY_MICROS_SERVICE7': '0.0', 'SLOWPOKE_POKER_BATCH_THRESHOLD_SERVICE7': '100', 'SLOWPOKE_IS_TARGET_SERVICE_SERVICE7': 'false', 'SLOWPOKE_DELAY_MICROS_SERVICE8': '0.0', 'SLOWPOKE_POKER_BATCH_THRESHOLD_SERVICE8': '100', 'SLOWPOKE_IS_TARGET_SERVICE_SERVICE8': 'false', 'SLOWPOKE_DELAY_MICROS_SERVICE9': '0.0', 'SLOWPOKE_POKER_BATCH_THRESHOLD_SERVICE9': '100', 'SLOWPOKE_IS_TARGET_SERVICE_SERVICE9': 'false', 'SLOWPOKE_DELAY_MICROS_SERVICE10': '0.0', 'SLOWPOKE_POKER_BATCH_THRESHOLD_SERVICE10': '100', 'SLOWPOKE_IS_TARGET_SERVICE_SERVICE10': 'false'}
    [exp] Executing cmd `bash run.sh synthetic fanout-w10-http-sync 8 800 20000`:
        [run.sh] Running benchmark synthetic with request fanout-w10-http-sync, thread 8, conn 800, duration 60
        [run.sh] Deleting all services
        configmap "config-service0" deleted
        deployment.apps "service0" deleted
        service "service0" deleted
        configmap "config-service1" deleted
        deployment.apps "service1" deleted
        service "service1" deleted
        configmap "config-service10" deleted
        deployment.apps "service10" deleted
        service "service10" deleted
        configmap "config-service2" deleted
        deployment.apps "service2" deleted
        service "service2" deleted
        configmap "config-service3" deleted
        deployment.apps "service3" deleted
        service "service3" deleted
        configmap "config-service4" deleted
        deployment.apps "service4" deleted
        service "service4" deleted
        configmap "config-service5" deleted
        deployment.apps "service5" deleted
        service "service5" deleted
        configmap "config-service6" deleted
        deployment.apps "service6" deleted
        service "service6" deleted
        configmap "config-service7" deleted
        deployment.apps "service7" deleted
        service "service7" deleted
        configmap "config-service8" deleted
        deployment.apps "service8" deleted
        service "service8" deleted
        configmap "config-service9" deleted
        deployment.apps "service9" deleted
        service "service9" deleted
        deployment.apps "ubuntu-client" deleted
        [run.sh] Waiting for all pods to be deleted
        [run.sh] Deploying all services
        configmap/config-service0 created
        deployment.apps/service0 created
        service/service0 created
        configmap/config-service1 created
        deployment.apps/service1 created
        service/service1 created
        configmap/config-service10 created
        deployment.apps/service10 created
        service/service10 created
        configmap/config-service2 created
        deployment.apps/service2 created
        service/service2 created
        configmap/config-service3 created
        deployment.apps/service3 created
        service/service3 created
        configmap/config-service4 created
        deployment.apps/service4 created
        service/service4 created
        configmap/config-service5 created
        deployment.apps/service5 created
        service/service5 created
        configmap/config-service6 created
        deployment.apps/service6 created
        service/service6 created
        configmap/config-service7 created
        deployment.apps/service7 created
        service/service7 created
        configmap/config-service8 created
        deployment.apps/service8 created
        service/service8 created
        configmap/config-service9 created
        deployment.apps/service9 created
        service/service9 created
        [run.sh] Client pod not found, deploying client
        deployment.apps/ubuntu-client created
        [run.sh] Waiting for all pods to be running
        [run.sh] All pods are running
        [run.sh] Checking heartbeat for all services
        [run.sh] All pods can connect to all services
        [run.sh] Running warmup test
        [run.sh] /wrk/wrk -t8 -c800 --timeout 3s -d3s -L http://service0:80/endpoint1
        Running 3s test @ http://service0:80/endpoint1
        8 threads and 800 connections
        Thread Stats   Avg      Stdev     Max   +/- Stdev
        Latency     1.19s   393.58ms   2.20s    70.38%
        Req/Sec    89.41     56.64   292.00     69.68%
        Latency Distribution
        50%    1.11s
        75%    1.43s
        90%    1.87s
        99%    2.04s
        1698 requests in 3.03s, 263.65KB read
        Requests/sec:    560.71
        Transfer/sec:     87.06KB
        [run.sh] Speed is 560.71, duration is 53
        [run.sh] Fix the request number.
        [run.sh] Running the actual test
        [run.sh] /wrk/wrk --timeout 20s -t8 -c800 -d53s -L -s /wrk/fix_req_n.lua http://service0:80/endpoint1
        [run.sh] Checking the resource usage
        NAME                             CPU(cores)   MEMORY(bytes)
        service0-8cfffb9b9-2vf9w         682m         83Mi
        service1-7585bd9d88-mwtdt        302m         21Mi
        service10-8467f679d8-gklzp       164m         13Mi
        service2-958786d58-wbh4c         257m         15Mi
        service3-6ddd8b8f64-4r992        280m         15Mi
        service4-9bb5bd9fd-zmsdd         225m         14Mi
        service5-65b54fcdcb-t9m2p        255m         14Mi
        service6-7dcff5bc4-hqdkl         235m         14Mi
        service7-7758b6668-4fc2m         219m         17Mi
        service8-778ccbf6cd-c96fw        190m         14Mi
        service9-54c984fd45-kjhw2        181m         15Mi
        ubuntu-client-76886f6bbd-nf52q   18m          0Mi
        Running 1m test @ http://service0:80/endpoint1
        8 threads and 800 connections
        Thread Stats   Avg      Stdev     Max   +/- Stdev
        Latency   993.22ms  354.70ms   2.63s    75.90%
        Req/Sec   103.71     53.71   353.00     69.04%
        Latency Distribution
        50%  916.91ms
        75%    1.17s
        90%    1.45s
        99%    2.20s
        20000 requests in 0.88m, 3.03MB read
        Requests/sec:    377.36
        Transfer/sec:     58.59KB
        ------------------------------
        stop time: 25.120594
        stop time: 25.136155
        stop time: 25.136517
        stop time: 25.222286
        stop time: 25.099218
        stop time: 25.126187
        stop time: 25.166208
        stop time: 25.112170
        [run.sh] Test finished with status 0
        > STDERR
        > No resources found in default namespace.
    [exp] Times: [25.120594, 25.136155, 25.136517, 25.222286, 25.099218, 25.126187, 25.166208, 25.11217]
    [exp] Throughput: 795.5475787546732
[test.py] Running 3th slowdown exp
    [exp] Running (pre_run: False) workload synthetic/fanout-w10-http-sync request with the following configuration: {'CLIENT_CPU_QUOTA': '2', 'SLOWPOKE_POKER_BATCH_THRESHOLD': '20000000', 'PROCESSING_TIME_SERVICE0': '0.00103358', 'PROCESSING_TIME_SERVICE1': '0.0009945', 'PROCESSING_TIME_SERVICE2': '0.00098429', 'PROCESSING_TIME_SERVICE3': '0.00093244', 'PROCESSING_TIME_SERVICE4': '0.00090983', 'PROCESSING_TIME_SERVICE5': '0.00082636', 'PROCESSING_TIME_SERVICE6': '0.00075935', 'PROCESSING_TIME_SERVICE7': '0.00068158', 'PROCESSING_TIME_SERVICE8': '0.00056959', 'PROCESSING_TIME_SERVICE9': '0.00051052', 'PROCESSING_TIME_SERVICE10': '0.00045782', 'SLOWPOKE_DELAY_MICROS_SERVICE0': '0.0', 'SLOWPOKE_POKER_BATCH_THRESHOLD_SERVICE0': '100', 'SLOWPOKE_IS_TARGET_SERVICE_SERVICE0': 'true', 'SLOWPOKE_DELAY_MICROS_SERVICE1': '362.0', 'SLOWPOKE_POKER_BATCH_THRESHOLD_SERVICE1': '100', 'SLOWPOKE_IS_TARGET_SERVICE_SERVICE1': 'false', 'SLOWPOKE_DELAY_MICROS_SERVICE2': '362.0', 'SLOWPOKE_POKER_BATCH_THRESHOLD_SERVICE2': '100', 'SLOWPOKE_IS_TARGET_SERVICE_SERVICE2': 'false', 'SLOWPOKE_DELAY_MICROS_SERVICE3': '362.0', 'SLOWPOKE_POKER_BATCH_THRESHOLD_SERVICE3': '100', 'SLOWPOKE_IS_TARGET_SERVICE_SERVICE3': 'false', 'SLOWPOKE_DELAY_MICROS_SERVICE4': '362.0', 'SLOWPOKE_POKER_BATCH_THRESHOLD_SERVICE4': '100', 'SLOWPOKE_IS_TARGET_SERVICE_SERVICE4': 'false', 'SLOWPOKE_DELAY_MICROS_SERVICE5': '362.0', 'SLOWPOKE_POKER_BATCH_THRESHOLD_SERVICE5': '100', 'SLOWPOKE_IS_TARGET_SERVICE_SERVICE5': 'false', 'SLOWPOKE_DELAY_MICROS_SERVICE6': '362.0', 'SLOWPOKE_POKER_BATCH_THRESHOLD_SERVICE6': '100', 'SLOWPOKE_IS_TARGET_SERVICE_SERVICE6': 'false', 'SLOWPOKE_DELAY_MICROS_SERVICE7': '362.0', 'SLOWPOKE_POKER_BATCH_THRESHOLD_SERVICE7': '100', 'SLOWPOKE_IS_TARGET_SERVICE_SERVICE7': 'false', 'SLOWPOKE_DELAY_MICROS_SERVICE8': '362.0', 'SLOWPOKE_POKER_BATCH_THRESHOLD_SERVICE8': '100', 'SLOWPOKE_IS_TARGET_SERVICE_SERVICE8': 'false', 'SLOWPOKE_DELAY_MICROS_SERVICE9': '362.0', 'SLOWPOKE_POKER_BATCH_THRESHOLD_SERVICE9': '100', 'SLOWPOKE_IS_TARGET_SERVICE_SERVICE9': 'false', 'SLOWPOKE_DELAY_MICROS_SERVICE10': '362.0', 'SLOWPOKE_POKER_BATCH_THRESHOLD_SERVICE10': '100', 'SLOWPOKE_IS_TARGET_SERVICE_SERVICE10': 'false'}
    [exp] Executing cmd `bash run.sh synthetic fanout-w10-http-sync 8 800 20000`:
        [run.sh] Running benchmark synthetic with request fanout-w10-http-sync, thread 8, conn 800, duration 60
        [run.sh] Deleting all services
        configmap "config-service0" deleted
        deployment.apps "service0" deleted
        service "service0" deleted
        configmap "config-service1" deleted
        deployment.apps "service1" deleted
        service "service1" deleted
        configmap "config-service10" deleted
        deployment.apps "service10" deleted
        service "service10" deleted
        configmap "config-service2" deleted
        deployment.apps "service2" deleted
        service "service2" deleted
        configmap "config-service3" deleted
        deployment.apps "service3" deleted
        service "service3" deleted
        configmap "config-service4" deleted
        deployment.apps "service4" deleted
        service "service4" deleted
        configmap "config-service5" deleted
        deployment.apps "service5" deleted
        service "service5" deleted
        configmap "config-service6" deleted
        deployment.apps "service6" deleted
        service "service6" deleted
        configmap "config-service7" deleted
        deployment.apps "service7" deleted
        service "service7" deleted
        configmap "config-service8" deleted
        deployment.apps "service8" deleted
        service "service8" deleted
        configmap "config-service9" deleted
        deployment.apps "service9" deleted
        service "service9" deleted
        deployment.apps "ubuntu-client" deleted
        [run.sh] Waiting for all pods to be deleted
        [run.sh] Deploying all services
        configmap/config-service0 created
        deployment.apps/service0 created
        service/service0 created
        configmap/config-service1 created
        deployment.apps/service1 created
        service/service1 created
        configmap/config-service10 created
        deployment.apps/service10 created
        service/service10 created
        configmap/config-service2 created
        deployment.apps/service2 created
        service/service2 created
        configmap/config-service3 created
        deployment.apps/service3 created
        service/service3 created
        configmap/config-service4 created
        deployment.apps/service4 created
        service/service4 created
        configmap/config-service5 created
        deployment.apps/service5 created
        service/service5 created
        configmap/config-service6 created
        deployment.apps/service6 created
        service/service6 created
        configmap/config-service7 created
        deployment.apps/service7 created
        service/service7 created
        configmap/config-service8 created
        deployment.apps/service8 created
        service/service8 created
        configmap/config-service9 created
        deployment.apps/service9 created
        service/service9 created
        [run.sh] Client pod not found, deploying client
        deployment.apps/ubuntu-client created
        [run.sh] Waiting for all pods to be running
        [run.sh] All pods are running
        [run.sh] Checking heartbeat for all services
        [run.sh] All pods can connect to all services
        [run.sh] Running warmup test
        [run.sh] /wrk/wrk -t8 -c800 --timeout 3s -d3s -L http://service0:80/endpoint1
        Running 3s test @ http://service0:80/endpoint1
        8 threads and 800 connections
        Thread Stats   Avg      Stdev     Max   +/- Stdev
        Latency     1.37s   469.65ms   2.95s    72.37%
        Req/Sec    76.66     46.83   330.00     80.11%
        Latency Distribution
        50%    1.28s
        75%    1.63s
        90%    2.07s
        99%    2.62s
        1361 requests in 3.02s, 211.33KB read
        Requests/sec:    450.28
        Transfer/sec:     69.92KB
        [run.sh] Speed is 450.28, duration is 66
        [run.sh] Fix the request number.
        [run.sh] Running the actual test
        [run.sh] /wrk/wrk --timeout 20s -t8 -c800 -d66s -L -s /wrk/fix_req_n.lua http://service0:80/endpoint1
        [run.sh] Checking the resource usage
        NAME                             CPU(cores)   MEMORY(bytes)
        service0-8cfffb9b9-5vxv5         1m           91Mi
        service1-749c475c9c-rdbbp        1m           33Mi
        service10-7d647dfdc7-cb7vv       1m           10Mi
        service2-bbb4c87f5-vcb4f         6m           11Mi
        service3-77db6675df-xp5sk        4m           9Mi
        service4-7f57bb4f67-tj6rq        7m           9Mi
        service5-5cccc9fd57-xrv58        1m           7Mi
        service6-674bfc8b8c-bd495        2m           8Mi
        service7-6886b4d857-rrvl4        6m           8Mi
        service8-79b76cd7c5-856mv        25m          8Mi
        service9-766d89c5c4-gf9bx        7m           8Mi
        ubuntu-client-76886f6bbd-d4792   12m          9Mi
        Running 1m test @ http://service0:80/endpoint1
        8 threads and 800 connections
        Thread Stats   Avg      Stdev     Max   +/- Stdev
        Latency     1.30s   346.65ms   2.69s    70.93%
        Req/Sec    79.40     40.46   323.00     69.30%
        Latency Distribution
        50%    1.26s
        75%    1.49s
        90%    1.76s
        99%    2.25s
        20000 requests in 1.10m, 3.03MB read
        Requests/sec:    303.03
        Transfer/sec:     47.05KB
        ------------------------------
        stop time: 32.920091
        stop time: 33.053443
        stop time: 32.919657
        stop time: 32.885001
        stop time: 33.092256
        stop time: 33.093886
        stop time: 33.055246
        stop time: 33.092426
        [run.sh] Test finished with status 0
        > STDERR
        > No resources found in default namespace.
    [exp] Times: [32.920091, 33.053443, 32.919657, 32.885001, 33.092256, 33.093886, 33.055246, 33.092426]
    [exp] Throughput: 605.8035847109503
[test.py] Finished running 3th optmization experiment: groundtruth->795.5475787546732, slowdown->605.8035847109503, predicted->776.1504264126785, err->-2.4382139874472895
[test.py] Running 4th optmization experiment
[test.py] Running 4th groundtruth exp
    [exp] Running (pre_run: False) workload synthetic/fanout-w10-http-sync request with the following configuration: {'CLIENT_CPU_QUOTA': '2', 'SLOWPOKE_POKER_BATCH_THRESHOLD': '20000000', 'PROCESSING_TIME_SERVICE0': '0.000412', 'PROCESSING_TIME_SERVICE1': '0.0009945', 'PROCESSING_TIME_SERVICE2': '0.00098429', 'PROCESSING_TIME_SERVICE3': '0.00093244', 'PROCESSING_TIME_SERVICE4': '0.00090983', 'PROCESSING_TIME_SERVICE5': '0.00082636', 'PROCESSING_TIME_SERVICE6': '0.00075935', 'PROCESSING_TIME_SERVICE7': '0.00068158', 'PROCESSING_TIME_SERVICE8': '0.00056959', 'PROCESSING_TIME_SERVICE9': '0.00051052', 'PROCESSING_TIME_SERVICE10': '0.00045782', 'SLOWPOKE_DELAY_MICROS_SERVICE0': '0.0', 'SLOWPOKE_POKER_BATCH_THRESHOLD_SERVICE0': '100', 'SLOWPOKE_IS_TARGET_SERVICE_SERVICE0': 'true', 'SLOWPOKE_DELAY_MICROS_SERVICE1': '0.0', 'SLOWPOKE_POKER_BATCH_THRESHOLD_SERVICE1': '100', 'SLOWPOKE_IS_TARGET_SERVICE_SERVICE1': 'false', 'SLOWPOKE_DELAY_MICROS_SERVICE2': '0.0', 'SLOWPOKE_POKER_BATCH_THRESHOLD_SERVICE2': '100', 'SLOWPOKE_IS_TARGET_SERVICE_SERVICE2': 'false', 'SLOWPOKE_DELAY_MICROS_SERVICE3': '0.0', 'SLOWPOKE_POKER_BATCH_THRESHOLD_SERVICE3': '100', 'SLOWPOKE_IS_TARGET_SERVICE_SERVICE3': 'false', 'SLOWPOKE_DELAY_MICROS_SERVICE4': '0.0', 'SLOWPOKE_POKER_BATCH_THRESHOLD_SERVICE4': '100', 'SLOWPOKE_IS_TARGET_SERVICE_SERVICE4': 'false', 'SLOWPOKE_DELAY_MICROS_SERVICE5': '0.0', 'SLOWPOKE_POKER_BATCH_THRESHOLD_SERVICE5': '100', 'SLOWPOKE_IS_TARGET_SERVICE_SERVICE5': 'false', 'SLOWPOKE_DELAY_MICROS_SERVICE6': '0.0', 'SLOWPOKE_POKER_BATCH_THRESHOLD_SERVICE6': '100', 'SLOWPOKE_IS_TARGET_SERVICE_SERVICE6': 'false', 'SLOWPOKE_DELAY_MICROS_SERVICE7': '0.0', 'SLOWPOKE_POKER_BATCH_THRESHOLD_SERVICE7': '100', 'SLOWPOKE_IS_TARGET_SERVICE_SERVICE7': 'false', 'SLOWPOKE_DELAY_MICROS_SERVICE8': '0.0', 'SLOWPOKE_POKER_BATCH_THRESHOLD_SERVICE8': '100', 'SLOWPOKE_IS_TARGET_SERVICE_SERVICE8': 'false', 'SLOWPOKE_DELAY_MICROS_SERVICE9': '0.0', 'SLOWPOKE_POKER_BATCH_THRESHOLD_SERVICE9': '100', 'SLOWPOKE_IS_TARGET_SERVICE_SERVICE9': 'false', 'SLOWPOKE_DELAY_MICROS_SERVICE10': '0.0', 'SLOWPOKE_POKER_BATCH_THRESHOLD_SERVICE10': '100', 'SLOWPOKE_IS_TARGET_SERVICE_SERVICE10': 'false'}
    [exp] Executing cmd `bash run.sh synthetic fanout-w10-http-sync 8 800 20000`:
        [run.sh] Running benchmark synthetic with request fanout-w10-http-sync, thread 8, conn 800, duration 60
        [run.sh] Deleting all services
        configmap "config-service0" deleted
        deployment.apps "service0" deleted
        service "service0" deleted
        configmap "config-service1" deleted
        deployment.apps "service1" deleted
        service "service1" deleted
        configmap "config-service10" deleted
        deployment.apps "service10" deleted
        service "service10" deleted
        configmap "config-service2" deleted
        deployment.apps "service2" deleted
        service "service2" deleted
        configmap "config-service3" deleted
        deployment.apps "service3" deleted
        service "service3" deleted
        configmap "config-service4" deleted
        deployment.apps "service4" deleted
        service "service4" deleted
        configmap "config-service5" deleted
        deployment.apps "service5" deleted
        service "service5" deleted
        configmap "config-service6" deleted
        deployment.apps "service6" deleted
        service "service6" deleted
        configmap "config-service7" deleted
        deployment.apps "service7" deleted
        service "service7" deleted
        configmap "config-service8" deleted
        deployment.apps "service8" deleted
        service "service8" deleted
        configmap "config-service9" deleted
        deployment.apps "service9" deleted
        service "service9" deleted
        deployment.apps "ubuntu-client" deleted
        [run.sh] Waiting for all pods to be deleted
        [run.sh] Deploying all services
        configmap/config-service0 created
        deployment.apps/service0 created
        service/service0 created
        configmap/config-service1 created
        deployment.apps/service1 created
        service/service1 created
        configmap/config-service10 created
        deployment.apps/service10 created
        service/service10 created
        configmap/config-service2 created
        deployment.apps/service2 created
        service/service2 created
        configmap/config-service3 created
        deployment.apps/service3 created
        service/service3 created
        configmap/config-service4 created
        deployment.apps/service4 created
        service/service4 created
        configmap/config-service5 created
        deployment.apps/service5 created
        service/service5 created
        configmap/config-service6 created
        deployment.apps/service6 created
        service/service6 created
        configmap/config-service7 created
        deployment.apps/service7 created
        service/service7 created
        configmap/config-service8 created
        deployment.apps/service8 created
        service/service8 created
        configmap/config-service9 created
        deployment.apps/service9 created
        service/service9 created
        [run.sh] Client pod not found, deploying client
        deployment.apps/ubuntu-client created
        [run.sh] Waiting for all pods to be running
        [run.sh] All pods are running
        [run.sh] Checking heartbeat for all services
        [run.sh] All pods can connect to all services
        [run.sh] Running warmup test
        [run.sh] /wrk/wrk -t8 -c800 --timeout 3s -d3s -L http://service0:80/endpoint1
        Running 3s test @ http://service0:80/endpoint1
        8 threads and 800 connections
        Thread Stats   Avg      Stdev     Max   +/- Stdev
        Latency     1.30s   291.35ms   2.10s    72.69%
        Req/Sec    85.46     71.63   310.00     71.26%
        Latency Distribution
        50%    1.34s
        75%    1.49s
        90%    1.63s
        99%    2.05s
        1450 requests in 3.04s, 225.15KB read
        Requests/sec:    476.99
        Transfer/sec:     74.06KB
        [run.sh] Speed is 476.99, duration is 62
        [run.sh] Fix the request number.
        [run.sh] Running the actual test
        [run.sh] /wrk/wrk --timeout 20s -t8 -c800 -d62s -L -s /wrk/fix_req_n.lua http://service0:80/endpoint1
        [run.sh] Checking the resource usage
        NAME                             CPU(cores)   MEMORY(bytes)
        service0-8cfffb9b9-x6gjd         1903m        223Mi
        service1-7585bd9d88-qwbcj        944m         18Mi
        service10-8467f679d8-rr74x       547m         14Mi
        service2-958786d58-2p86z         926m         17Mi
        service3-6ddd8b8f64-m4948        883m         15Mi
        service4-9bb5bd9fd-f68cn         868m         14Mi
        service5-65b54fcdcb-mrrk2        851m         15Mi
        service6-7dcff5bc4-hsbc9         785m         16Mi
        service7-7758b6668-6ztwn         718m         13Mi
        service8-778ccbf6cd-85nsd        625m         13Mi
        service9-54c984fd45-94zpw        556m         51Mi
        ubuntu-client-76886f6bbd-4vmv6   35m          19Mi
        Running 1m test @ http://service0:80/endpoint1
        8 threads and 800 connections
        Thread Stats   Avg      Stdev     Max   +/- Stdev
        Latency   974.83ms  283.20ms   2.22s    68.79%
        Req/Sec   104.32     46.35   310.00     68.34%
        Latency Distribution
        50%  953.48ms
        75%    1.16s
        90%    1.35s
        99%    1.70s
        20000 requests in 1.03m, 3.03MB read
        Requests/sec:    322.58
        Transfer/sec:     50.09KB
        ------------------------------
        stop time: 24.815456
        stop time: 24.892542
        stop time: 24.932717
        stop time: 24.828117
        stop time: 24.752894
        stop time: 24.783663
        stop time: 24.976724
        stop time: 25.006864
        [run.sh] Test finished with status 0
        > STDERR
        > No resources found in default namespace.
    [exp] Times: [24.815456, 24.892542, 24.932717, 24.828117, 24.752894, 24.783663, 24.976724, 25.006864]
    [exp] Throughput: 804.0646392186841
[test.py] Running 4th slowdown exp
    [exp] Running (pre_run: False) workload synthetic/fanout-w10-http-sync request with the following configuration: {'CLIENT_CPU_QUOTA': '2', 'SLOWPOKE_POKER_BATCH_THRESHOLD': '20000000', 'PROCESSING_TIME_SERVICE0': '0.00103358', 'PROCESSING_TIME_SERVICE1': '0.0009945', 'PROCESSING_TIME_SERVICE2': '0.00098429', 'PROCESSING_TIME_SERVICE3': '0.00093244', 'PROCESSING_TIME_SERVICE4': '0.00090983', 'PROCESSING_TIME_SERVICE5': '0.00082636', 'PROCESSING_TIME_SERVICE6': '0.00075935', 'PROCESSING_TIME_SERVICE7': '0.00068158', 'PROCESSING_TIME_SERVICE8': '0.00056959', 'PROCESSING_TIME_SERVICE9': '0.00051052', 'PROCESSING_TIME_SERVICE10': '0.00045782', 'SLOWPOKE_DELAY_MICROS_SERVICE0': '0.0', 'SLOWPOKE_POKER_BATCH_THRESHOLD_SERVICE0': '100', 'SLOWPOKE_IS_TARGET_SERVICE_SERVICE0': 'true', 'SLOWPOKE_DELAY_MICROS_SERVICE1': '310.5', 'SLOWPOKE_POKER_BATCH_THRESHOLD_SERVICE1': '100', 'SLOWPOKE_IS_TARGET_SERVICE_SERVICE1': 'false', 'SLOWPOKE_DELAY_MICROS_SERVICE2': '310.5', 'SLOWPOKE_POKER_BATCH_THRESHOLD_SERVICE2': '100', 'SLOWPOKE_IS_TARGET_SERVICE_SERVICE2': 'false', 'SLOWPOKE_DELAY_MICROS_SERVICE3': '310.5', 'SLOWPOKE_POKER_BATCH_THRESHOLD_SERVICE3': '100', 'SLOWPOKE_IS_TARGET_SERVICE_SERVICE3': 'false', 'SLOWPOKE_DELAY_MICROS_SERVICE4': '310.5', 'SLOWPOKE_POKER_BATCH_THRESHOLD_SERVICE4': '100', 'SLOWPOKE_IS_TARGET_SERVICE_SERVICE4': 'false', 'SLOWPOKE_DELAY_MICROS_SERVICE5': '310.5', 'SLOWPOKE_POKER_BATCH_THRESHOLD_SERVICE5': '100', 'SLOWPOKE_IS_TARGET_SERVICE_SERVICE5': 'false', 'SLOWPOKE_DELAY_MICROS_SERVICE6': '310.5', 'SLOWPOKE_POKER_BATCH_THRESHOLD_SERVICE6': '100', 'SLOWPOKE_IS_TARGET_SERVICE_SERVICE6': 'false', 'SLOWPOKE_DELAY_MICROS_SERVICE7': '310.5', 'SLOWPOKE_POKER_BATCH_THRESHOLD_SERVICE7': '100', 'SLOWPOKE_IS_TARGET_SERVICE_SERVICE7': 'false', 'SLOWPOKE_DELAY_MICROS_SERVICE8': '310.5', 'SLOWPOKE_POKER_BATCH_THRESHOLD_SERVICE8': '100', 'SLOWPOKE_IS_TARGET_SERVICE_SERVICE8': 'false', 'SLOWPOKE_DELAY_MICROS_SERVICE9': '310.5', 'SLOWPOKE_POKER_BATCH_THRESHOLD_SERVICE9': '100', 'SLOWPOKE_IS_TARGET_SERVICE_SERVICE9': 'false', 'SLOWPOKE_DELAY_MICROS_SERVICE10': '310.5', 'SLOWPOKE_POKER_BATCH_THRESHOLD_SERVICE10': '100', 'SLOWPOKE_IS_TARGET_SERVICE_SERVICE10': 'false'}
    [exp] Executing cmd `bash run.sh synthetic fanout-w10-http-sync 8 800 20000`:
        [run.sh] Running benchmark synthetic with request fanout-w10-http-sync, thread 8, conn 800, duration 60
        [run.sh] Deleting all services
        configmap "config-service0" deleted
        deployment.apps "service0" deleted
        service "service0" deleted
        configmap "config-service1" deleted
        deployment.apps "service1" deleted
        service "service1" deleted
        configmap "config-service10" deleted
        deployment.apps "service10" deleted
        service "service10" deleted
        configmap "config-service2" deleted
        deployment.apps "service2" deleted
        service "service2" deleted
        configmap "config-service3" deleted
        deployment.apps "service3" deleted
        service "service3" deleted
        configmap "config-service4" deleted
        deployment.apps "service4" deleted
        service "service4" deleted
        configmap "config-service5" deleted
        deployment.apps "service5" deleted
        service "service5" deleted
        configmap "config-service6" deleted
        deployment.apps "service6" deleted
        service "service6" deleted
        configmap "config-service7" deleted
        deployment.apps "service7" deleted
        service "service7" deleted
        configmap "config-service8" deleted
        deployment.apps "service8" deleted
        service "service8" deleted
        configmap "config-service9" deleted
        deployment.apps "service9" deleted
        service "service9" deleted
        deployment.apps "ubuntu-client" deleted
        [run.sh] Waiting for all pods to be deleted
        [run.sh] Deploying all services
        configmap/config-service0 created
        deployment.apps/service0 created
        service/service0 created
        configmap/config-service1 created
        deployment.apps/service1 created
        service/service1 created
        configmap/config-service10 created
        deployment.apps/service10 created
        service/service10 created
        configmap/config-service2 created
        deployment.apps/service2 created
        service/service2 created
        configmap/config-service3 created
        deployment.apps/service3 created
        service/service3 created
        configmap/config-service4 created
        deployment.apps/service4 created
        service/service4 created
        configmap/config-service5 created
        deployment.apps/service5 created
        service/service5 created
        configmap/config-service6 created
        deployment.apps/service6 created
        service/service6 created
        configmap/config-service7 created
        deployment.apps/service7 created
        service/service7 created
        configmap/config-service8 created
        deployment.apps/service8 created
        service/service8 created
        configmap/config-service9 created
        deployment.apps/service9 created
        service/service9 created
        [run.sh] Client pod not found, deploying client
        deployment.apps/ubuntu-client created
        [run.sh] Waiting for all pods to be running
        [run.sh] All pods are running
        [run.sh] Checking heartbeat for all services
        [run.sh] All pods can connect to all services
        [run.sh] Running warmup test
        [run.sh] /wrk/wrk -t8 -c800 --timeout 3s -d3s -L http://service0:80/endpoint1
        Running 3s test @ http://service0:80/endpoint1
        8 threads and 800 connections
        Thread Stats   Avg      Stdev     Max   +/- Stdev
        Latency     1.68s   492.05ms   2.94s    67.70%
        Req/Sec    73.60     37.04   181.00     72.92%
        Latency Distribution
        50%    1.59s
        75%    1.97s
        90%    2.40s
        99%    2.76s
        1102 requests in 3.03s, 171.11KB read
        Requests/sec:    364.02
        Transfer/sec:     56.52KB
        [run.sh] Speed is 364.02, duration is 82
        [run.sh] Fix the request number.
        [run.sh] Running the actual test
        [run.sh] /wrk/wrk --timeout 20s -t8 -c800 -d82s -L -s /wrk/fix_req_n.lua http://service0:80/endpoint1
        [run.sh] Checking the resource usage
        NAME                             CPU(cores)   MEMORY(bytes)
        service0-8cfffb9b9-9z7qz         510m         121Mi
        service1-57786444c5-4728b        291m         25Mi
        service10-6749dcc55f-66hxb       226m         15Mi
        service2-74ff6f6569-gdg4n        131m         18Mi
        service3-7c8bb44d75-7c9kl        264m         17Mi
        service4-5bfb95757c-hnpv6        91m          18Mi
        service5-86f66b779f-k88hd        191m         15Mi
        service6-bcd88cdf-dmq2j          174m         16Mi
        service7-6b5cb6bb8c-rmwbb        235m         15Mi
        service8-7699ff469-cblh7         103m         18Mi
        service9-567b8c5c6-sfvrk         133m         17Mi
        ubuntu-client-76886f6bbd-5ndts   19m          19Mi
        Running 1m test @ http://service0:80/endpoint1
        8 threads and 800 connections
        Thread Stats   Avg      Stdev     Max   +/- Stdev
        Latency     1.40s   714.61ms   6.58s    94.16%
        Req/Sec    77.94     41.57   230.00     65.41%
        Latency Distribution
        50%    1.29s
        75%    1.53s
        90%    1.76s
        99%    5.66s
        20000 requests in 1.37m, 3.03MB read
        Requests/sec:    243.90
        Transfer/sec:     37.87KB
        ------------------------------
        stop time: 37.408081
        stop time: 37.555200
        stop time: 37.423795
        stop time: 37.445304
        stop time: 37.483379
        stop time: 37.496633
        stop time: 37.525493
        stop time: 37.504124
        [run.sh] Test finished with status 0
        > STDERR
        > No resources found in default namespace.
    [exp] Times: [37.408081, 37.5552, 37.423795, 37.445304, 37.483379, 37.496633, 37.525493, 37.504124]
    [exp] Throughput: 533.6143542181242
[test.py] Finished running 4th optmization experiment: groundtruth->804.0646392186841, slowdown->533.6143542181242, predicted->639.7041777588538, err->-20.441200053212217
[test.py] Running 5th optmization experiment
[test.py] Running 5th groundtruth exp
    [exp] Running (pre_run: False) workload synthetic/fanout-w10-http-sync request with the following configuration: {'CLIENT_CPU_QUOTA': '2', 'SLOWPOKE_POKER_BATCH_THRESHOLD': '20000000', 'PROCESSING_TIME_SERVICE0': '0.000515', 'PROCESSING_TIME_SERVICE1': '0.0009945', 'PROCESSING_TIME_SERVICE2': '0.00098429', 'PROCESSING_TIME_SERVICE3': '0.00093244', 'PROCESSING_TIME_SERVICE4': '0.00090983', 'PROCESSING_TIME_SERVICE5': '0.00082636', 'PROCESSING_TIME_SERVICE6': '0.00075935', 'PROCESSING_TIME_SERVICE7': '0.00068158', 'PROCESSING_TIME_SERVICE8': '0.00056959', 'PROCESSING_TIME_SERVICE9': '0.00051052', 'PROCESSING_TIME_SERVICE10': '0.00045782', 'SLOWPOKE_DELAY_MICROS_SERVICE0': '0.0', 'SLOWPOKE_POKER_BATCH_THRESHOLD_SERVICE0': '100', 'SLOWPOKE_IS_TARGET_SERVICE_SERVICE0': 'true', 'SLOWPOKE_DELAY_MICROS_SERVICE1': '0.0', 'SLOWPOKE_POKER_BATCH_THRESHOLD_SERVICE1': '100', 'SLOWPOKE_IS_TARGET_SERVICE_SERVICE1': 'false', 'SLOWPOKE_DELAY_MICROS_SERVICE2': '0.0', 'SLOWPOKE_POKER_BATCH_THRESHOLD_SERVICE2': '100', 'SLOWPOKE_IS_TARGET_SERVICE_SERVICE2': 'false', 'SLOWPOKE_DELAY_MICROS_SERVICE3': '0.0', 'SLOWPOKE_POKER_BATCH_THRESHOLD_SERVICE3': '100', 'SLOWPOKE_IS_TARGET_SERVICE_SERVICE3': 'false', 'SLOWPOKE_DELAY_MICROS_SERVICE4': '0.0', 'SLOWPOKE_POKER_BATCH_THRESHOLD_SERVICE4': '100', 'SLOWPOKE_IS_TARGET_SERVICE_SERVICE4': 'false', 'SLOWPOKE_DELAY_MICROS_SERVICE5': '0.0', 'SLOWPOKE_POKER_BATCH_THRESHOLD_SERVICE5': '100', 'SLOWPOKE_IS_TARGET_SERVICE_SERVICE5': 'false', 'SLOWPOKE_DELAY_MICROS_SERVICE6': '0.0', 'SLOWPOKE_POKER_BATCH_THRESHOLD_SERVICE6': '100', 'SLOWPOKE_IS_TARGET_SERVICE_SERVICE6': 'false', 'SLOWPOKE_DELAY_MICROS_SERVICE7': '0.0', 'SLOWPOKE_POKER_BATCH_THRESHOLD_SERVICE7': '100', 'SLOWPOKE_IS_TARGET_SERVICE_SERVICE7': 'false', 'SLOWPOKE_DELAY_MICROS_SERVICE8': '0.0', 'SLOWPOKE_POKER_BATCH_THRESHOLD_SERVICE8': '100', 'SLOWPOKE_IS_TARGET_SERVICE_SERVICE8': 'false', 'SLOWPOKE_DELAY_MICROS_SERVICE9': '0.0', 'SLOWPOKE_POKER_BATCH_THRESHOLD_SERVICE9': '100', 'SLOWPOKE_IS_TARGET_SERVICE_SERVICE9': 'false', 'SLOWPOKE_DELAY_MICROS_SERVICE10': '0.0', 'SLOWPOKE_POKER_BATCH_THRESHOLD_SERVICE10': '100', 'SLOWPOKE_IS_TARGET_SERVICE_SERVICE10': 'false'}
    [exp] Executing cmd `bash run.sh synthetic fanout-w10-http-sync 8 800 20000`:
        [run.sh] Running benchmark synthetic with request fanout-w10-http-sync, thread 8, conn 800, duration 60
        [run.sh] Deleting all services
        configmap "config-service0" deleted
        deployment.apps "service0" deleted
        service "service0" deleted
        configmap "config-service1" deleted
        deployment.apps "service1" deleted
        service "service1" deleted
        configmap "config-service10" deleted
        deployment.apps "service10" deleted
        service "service10" deleted
        configmap "config-service2" deleted
        deployment.apps "service2" deleted
        service "service2" deleted
        configmap "config-service3" deleted
        deployment.apps "service3" deleted
        service "service3" deleted
        configmap "config-service4" deleted
        deployment.apps "service4" deleted
        service "service4" deleted
        configmap "config-service5" deleted
        deployment.apps "service5" deleted
        service "service5" deleted
        configmap "config-service6" deleted
        deployment.apps "service6" deleted
        service "service6" deleted
        configmap "config-service7" deleted
        deployment.apps "service7" deleted
        service "service7" deleted
        configmap "config-service8" deleted
        deployment.apps "service8" deleted
        service "service8" deleted
        configmap "config-service9" deleted
        deployment.apps "service9" deleted
        service "service9" deleted
        deployment.apps "ubuntu-client" deleted
        [run.sh] Waiting for all pods to be deleted
