benchmark                        : hotel
num_threads                      : 8
num_conns                        : 512
target_service                   : profile
request_type                     : mix
repetitions                      : 3
target_num_exp                   : 10
pre_run                          : False
num_req                          : 50000
groundtruths                     : []
slowdowns                        : []
predicteds                       : []
errs                             : []
client_cpu_quota                 : 8
random_seed                      : 1234
request_ratio                    : {'frontend': 1, 'profile': 0.8, 'rate': 0.8, 'reservation': 1, 'search': 0.8, 'user': 0.198478617}
baseline_service_processing_time : {'frontend': 0, 'profile': 1000, 'rate': 0, 'reservation': 0, 'search': 0, 'user': 0}
cpu_quota                        : {'frontend': 2, 'profile': 2, 'rate': 2, 'reservation': 2, 'search': 2, 'user': 2}
target_processing_time_range     : [0, 1000]
baseline_throughputs             : []
[test.py] Starting experiment...
[test.py] >>>>>>>>>>>>>>>>>>>>>>>>>>>>> Running experiment 0...
[test.py] Actual processing time range: [0, 100, 200, 300, 400, 500, 600, 700, 800, 900]
[test.py] Running baseline experiment
    [exp] Running (pre_run: False) workload hotel/mix request with the following configuration: {'SLOWPOKE_DELAY_MICROS_FRONTEND': '0', 'SLOWPOKE_DELAY_MICROS_PROFILE': '1000', 'SLOWPOKE_DELAY_MICROS_RATE': '0', 'SLOWPOKE_DELAY_MICROS_RESERVATION': '0', 'SLOWPOKE_DELAY_MICROS_SEARCH': '0', 'SLOWPOKE_DELAY_MICROS_USER': '0'}
    [exp] Executing cmd `bash run.sh hotel mix 8 512 50000`:
        [run.sh] Running benchmark hotel with request mix, thread 8, conn 512, duration 60
        [run.sh] Deleting all services
        [run.sh] Waiting for all pods to be deleted
        [run.sh] Deploying all services
        service/frontend created
        deployment.apps/frontend created
        service/profile created
        deployment.apps/profile created
        service/rate created
        deployment.apps/rate created
        service/reservation created
        deployment.apps/reservation created
        service/search created
        deployment.apps/search created
        service/user created
        deployment.apps/user created
        [run.sh] Client pod not found, deploying client
        deployment.apps/ubuntu-client created
        [run.sh] Waiting for all pods to be running
        [run.sh] All pods are running
        [run.sh] Checking heartbeat for all services
        [run.sh] All pods can connect to all services
        [run.sh] Copying hotel/analysis.txt to ubuntu-client-76886f6bbd-927sb:/analysis.txt
        [run.sh] Finished populating hotel
        [run.sh] Starting the rust proxy first for hotel
        [2m2025-03-22T01:13:02.758523Z[0m [32m INFO[0m [2mproxy::hotel[0m[2m:[0m Reading analysis data from /analysis.txt
        [run.sh] Running warmup test
        [run.sh] /wrk/wrk -t8 -c512 -d3s -L http://localhost:3000
        Running 3s test @ http://localhost:3000
        8 threads and 512 connections
        Thread Stats   Avg      Stdev     Max   +/- Stdev
        Latency   268.38ms  102.70ms 804.67ms   69.36%
        Req/Sec   212.81     68.60   390.00     73.00%
        Latency Distribution
        50%  260.44ms
        75%  330.62ms
        90%  403.28ms
        99%  541.09ms
        5040 requests in 3.03s, 383.91KB read
        Requests/sec:   1660.90
        Transfer/sec:    126.51KB
        [run.sh] Speed is 1660.90, duration is 45
        [run.sh] Fix the request number.
        [run.sh] Running the actual test
        [run.sh] /wrk/wrk -t8 -c512 -d45s -s /wrk/fix_req_n.lua -L http://localhost:3000
