[config.py] Random numbers for execution time: [103.15566777009974, 171.01106488317907, 463.10354630195314, 949.0604721361956]
benchmark                        : synthetic
num_threads                      : 4
num_conns                        : 256
target_service                   : service0
request_type                     : fanout-w3-grpc-async
repetitions                      : 3
target_num_exp                   : 3
pre_run                          : False
num_req                          : 20000
groundtruths                     : []
slowdowns                        : []
predicteds                       : []
errs                             : []
client_cpu_quota                 : 2
random_seed                      : 3047
request_ratio                    : {'service0': 1, 'service1': 1, 'service2': 1, 'service3': 1}
baseline_service_processing_time : {'service0': 949.06, 'service1': 463.1, 'service2': 171.01, 'service3': 103.16}
cpu_quota                        : {'service0': 2, 'service1': 2, 'service2': 2, 'service3': 2}
target_processing_time_range     : [0, 949.06]
baseline_throughputs             : []
[test.py] Starting experiment...
[test.py] >>>>>>>>>>>>>>>>>>>>>>>>>>>>> Running experiment 0...
[test.py] Actual processing time range: [0, 316, 632]
[test.py] Running baseline experiment
    [exp] Running (pre_run: False) workload synthetic/fanout-w3-grpc-async request with the following configuration: {'PROCESSING_TIME_SERVICE0': '0.00094906', 'PROCESSING_TIME_SERVICE1': '0.0004631', 'PROCESSING_TIME_SERVICE2': '0.00017101', 'PROCESSING_TIME_SERVICE3': '0.00010316', 'SLOWPOKE_DELAY_MICROS_SERVICE0': '0', 'SLOWPOKE_DELAY_MICROS_SERVICE1': '0', 'SLOWPOKE_DELAY_MICROS_SERVICE2': '0', 'SLOWPOKE_DELAY_MICROS_SERVICE3': '0'}
    [exp] Executing cmd `bash run.sh synthetic fanout-w3-grpc-async 4 256 20000`:
        [run.sh] Running benchmark synthetic with request fanout-w3-grpc-async, thread 4, conn 256, duration 60
        [run.sh] Deleting all services
        [run.sh] Waiting for all pods to be deleted
        [run.sh] Deploying all services
        configmap/config-service0 created
        deployment.apps/service0 created
        service/service0 created
        configmap/config-service1 created
        deployment.apps/service1 created
        service/service1 created
        configmap/config-service2 created
        deployment.apps/service2 created
        service/service2 created
        configmap/config-service3 created
        deployment.apps/service3 created
        service/service3 created
        [run.sh] Client pod not found, deploying client
        deployment.apps/ubuntu-client created
        [run.sh] Waiting for all pods to be running
        [run.sh] All pods are running
        [run.sh] Running warmup test
        [run.sh] /wrk/wrk -t4 -c256 -d3s -L http://service0:80/endpoint1
        Running 3s test @ http://service0:80/endpoint1
        4 threads and 256 connections
        Thread Stats   Avg      Stdev     Max   +/- Stdev
        Latency   612.68ms  229.06ms   1.73s    68.21%
        Req/Sec   109.28     58.09   290.00     63.21%
        Latency Distribution
        50%  593.07ms
        75%  740.96ms
        90%  897.80ms
        99%    1.25s
        1164 requests in 3.03s, 0.90MB read
        Requests/sec:    384.36
        Transfer/sec:    303.28KB
        [run.sh] Speed is 384.36, duration is 78
        [run.sh] Fix the request number.
        [run.sh] Running the actual test
        [run.sh] /wrk/wrk -t4 -c256 -d78s -L -s /wrk/fix_req_n.lua http://service0:80/endpoint1
        [run.sh] Checking the resource usage
        Running 1m test @ http://service0:80/endpoint1
        4 threads and 256 connections
        Thread Stats   Avg      Stdev     Max   +/- Stdev
        Latency   586.57ms  251.38ms   1.87s    69.80%
        Req/Sec   108.49     63.97   454.00     71.42%
        Latency Distribution
        50%  554.55ms
        75%  735.74ms
        90%  928.53ms
        99%    1.28s
        20000 requests in 1.30m, 15.40MB read
        Socket errors: connect 0, read 0, write 0, timeout 513
        Requests/sec:    256.41
        Transfer/sec:    202.18KB
        ------------------------------
        stop time: 55.260905
        stop time: 55.661887
        stop time: 55.288107
        stop time: 55.625742
        [run.sh] Test finished with status 0
        > STDERR
        > No resources found in default namespace.
        > error: metrics not available yet
    [exp] Times: [55.260905, 55.661887, 55.288107, 55.625742]
    [exp] Throughput: 360.6257272891181
[test.py] Baseline throughput: 360.6257272891181
[test.py] Running groundtruth experiment
    [exp] Running (pre_run: False) workload synthetic/fanout-w3-grpc-async request with the following configuration: {'PROCESSING_TIME_SERVICE0': '0.0', 'PROCESSING_TIME_SERVICE1': '0.0004631', 'PROCESSING_TIME_SERVICE2': '0.00017101', 'PROCESSING_TIME_SERVICE3': '0.00010316', 'SLOWPOKE_DELAY_MICROS_SERVICE0': '0', 'SLOWPOKE_DELAY_MICROS_SERVICE1': '0', 'SLOWPOKE_DELAY_MICROS_SERVICE2': '0', 'SLOWPOKE_DELAY_MICROS_SERVICE3': '0'}
    [exp] Executing cmd `bash run.sh synthetic fanout-w3-grpc-async 4 256 20000`:
        [run.sh] Running benchmark synthetic with request fanout-w3-grpc-async, thread 4, conn 256, duration 60
        [run.sh] Deleting all services
        configmap "config-service0" deleted
        deployment.apps "service0" deleted
        service "service0" deleted
        configmap "config-service1" deleted
        deployment.apps "service1" deleted
        service "service1" deleted
        configmap "config-service2" deleted
        deployment.apps "service2" deleted
        service "service2" deleted
        configmap "config-service3" deleted
        deployment.apps "service3" deleted
        service "service3" deleted
        deployment.apps "ubuntu-client" deleted
        [run.sh] Waiting for all pods to be deleted
        [run.sh] Deploying all services
        configmap/config-service0 created
        deployment.apps/service0 created
        service/service0 created
        configmap/config-service1 created
        deployment.apps/service1 created
        service/service1 created
        configmap/config-service2 created
        deployment.apps/service2 created
        service/service2 created
        configmap/config-service3 created
        deployment.apps/service3 created
        service/service3 created
        [run.sh] Client pod not found, deploying client
        deployment.apps/ubuntu-client created
        [run.sh] Waiting for all pods to be running
        [run.sh] All pods are running
        [run.sh] Running warmup test
        [run.sh] /wrk/wrk -t4 -c256 -d3s -L http://service0:80/endpoint1
        Running 3s test @ http://service0:80/endpoint1
        4 threads and 256 connections
        Thread Stats   Avg      Stdev     Max   +/- Stdev
        Latency   471.52ms  187.14ms   1.41s    72.54%
        Req/Sec   131.39     68.75   380.00     75.23%
        Latency Distribution
        50%  467.83ms
        75%  586.56ms
        90%  686.09ms
        99%    1.00s
        1461 requests in 3.03s, 1.11MB read
        Requests/sec:    481.80
        Transfer/sec:    375.94KB
        [run.sh] Speed is 481.80, duration is 62
        [run.sh] Fix the request number.
        [run.sh] Running the actual test
        [run.sh] /wrk/wrk -t4 -c256 -d62s -L -s /wrk/fix_req_n.lua http://service0:80/endpoint1
        [run.sh] Checking the resource usage
        Running 1m test @ http://service0:80/endpoint1
        4 threads and 256 connections
        Thread Stats   Avg      Stdev     Max   +/- Stdev
        Latency   469.21ms  193.82ms   1.67s    71.49%
        Req/Sec   134.96     71.67   390.00     67.19%
        Latency Distribution
        50%  447.82ms
        75%  578.52ms
        90%  720.03ms
        99%    1.03s
        20000 requests in 1.03m, 15.23MB read
        Socket errors: connect 0, read 0, write 0, timeout 768
        Requests/sec:    322.58
        Transfer/sec:    251.51KB
        ------------------------------
        stop time: 50.606472
        stop time: 50.922462
        stop time: 50.666291
        stop time: 51.009245
        [run.sh] Test finished with status 0
        > STDERR
        > No resources found in default namespace.
        > error: metrics not available yet
    [exp] Times: [50.606472, 50.922462, 50.666291, 51.009245]
    [exp] Throughput: 393.6921269497664
    [exp] Running (pre_run: False) workload synthetic/fanout-w3-grpc-async request with the following configuration: {'PROCESSING_TIME_SERVICE0': '0.000316', 'PROCESSING_TIME_SERVICE1': '0.0004631', 'PROCESSING_TIME_SERVICE2': '0.00017101', 'PROCESSING_TIME_SERVICE3': '0.00010316', 'SLOWPOKE_DELAY_MICROS_SERVICE0': '0', 'SLOWPOKE_DELAY_MICROS_SERVICE1': '0', 'SLOWPOKE_DELAY_MICROS_SERVICE2': '0', 'SLOWPOKE_DELAY_MICROS_SERVICE3': '0'}
    [exp] Executing cmd `bash run.sh synthetic fanout-w3-grpc-async 4 256 20000`:
        [run.sh] Running benchmark synthetic with request fanout-w3-grpc-async, thread 4, conn 256, duration 60
        [run.sh] Deleting all services
        configmap "config-service0" deleted
        deployment.apps "service0" deleted
        service "service0" deleted
        configmap "config-service1" deleted
        deployment.apps "service1" deleted
        service "service1" deleted
        configmap "config-service2" deleted
        deployment.apps "service2" deleted
        service "service2" deleted
        configmap "config-service3" deleted
        deployment.apps "service3" deleted
        service "service3" deleted
        deployment.apps "ubuntu-client" deleted
        [run.sh] Waiting for all pods to be deleted
        [run.sh] Deploying all services
        configmap/config-service0 created
        deployment.apps/service0 created
        service/service0 created
        configmap/config-service1 created
        deployment.apps/service1 created
        service/service1 created
        configmap/config-service2 created
        deployment.apps/service2 created
        service/service2 created
        configmap/config-service3 created
        deployment.apps/service3 created
        service/service3 created
        [run.sh] Client pod not found, deploying client
        deployment.apps/ubuntu-client created
        [run.sh] Waiting for all pods to be running
        [run.sh] All pods are running
        [run.sh] Running warmup test
        [run.sh] /wrk/wrk -t4 -c256 -d3s -L http://service0:80/endpoint1
        Running 3s test @ http://service0:80/endpoint1
        4 threads and 256 connections
        Thread Stats   Avg      Stdev     Max   +/- Stdev
        Latency   504.55ms  181.58ms   1.41s    70.39%
        Req/Sec   121.27     59.58   270.00     62.50%
        Latency Distribution
        50%  476.71ms
        75%  605.53ms
        90%  756.10ms
        99%  984.09ms
        1369 requests in 3.03s, 1.05MB read
        Requests/sec:    451.87
        Transfer/sec:    355.67KB
        [run.sh] Speed is 451.87, duration is 66
        [run.sh] Fix the request number.
        [run.sh] Running the actual test
        [run.sh] /wrk/wrk -t4 -c256 -d66s -L -s /wrk/fix_req_n.lua http://service0:80/endpoint1
        [run.sh] Checking the resource usage
        Running 1m test @ http://service0:80/endpoint1
        4 threads and 256 connections
        Thread Stats   Avg      Stdev     Max   +/- Stdev
        Latency   497.57ms  210.01ms   1.88s    71.62%
        Req/Sec   125.79     71.54   490.00     70.35%
        Latency Distribution
        50%  469.33ms
        75%  616.07ms
        90%  779.55ms
        99%    1.10s
        20000 requests in 1.10m, 15.36MB read
        Socket errors: connect 0, read 0, write 0, timeout 1027
        Requests/sec:    303.03
        Transfer/sec:    238.33KB
        ------------------------------
        stop time: 57.669173
        stop time: 57.181793
        stop time: 57.462081
        stop time: 57.174662
        [run.sh] Test finished with status 0
        > STDERR
        > No resources found in default namespace.
        > error: metrics not available yet
    [exp] Times: [57.669173, 57.181793, 57.462081, 57.174662]
    [exp] Throughput: 348.60254759874744
    [exp] Running (pre_run: False) workload synthetic/fanout-w3-grpc-async request with the following configuration: {'PROCESSING_TIME_SERVICE0': '0.000632', 'PROCESSING_TIME_SERVICE1': '0.0004631', 'PROCESSING_TIME_SERVICE2': '0.00017101', 'PROCESSING_TIME_SERVICE3': '0.00010316', 'SLOWPOKE_DELAY_MICROS_SERVICE0': '0', 'SLOWPOKE_DELAY_MICROS_SERVICE1': '0', 'SLOWPOKE_DELAY_MICROS_SERVICE2': '0', 'SLOWPOKE_DELAY_MICROS_SERVICE3': '0'}
    [exp] Executing cmd `bash run.sh synthetic fanout-w3-grpc-async 4 256 20000`:
        [run.sh] Running benchmark synthetic with request fanout-w3-grpc-async, thread 4, conn 256, duration 60
        [run.sh] Deleting all services
        configmap "config-service0" deleted
        deployment.apps "service0" deleted
        service "service0" deleted
        configmap "config-service1" deleted
        deployment.apps "service1" deleted
        service "service1" deleted
        configmap "config-service2" deleted
        deployment.apps "service2" deleted
        service "service2" deleted
        configmap "config-service3" deleted
        deployment.apps "service3" deleted
        service "service3" deleted
        deployment.apps "ubuntu-client" deleted
        [run.sh] Waiting for all pods to be deleted
        [run.sh] Deploying all services
        configmap/config-service0 created
        deployment.apps/service0 created
        service/service0 created
        configmap/config-service1 created
        deployment.apps/service1 created
        service/service1 created
        configmap/config-service2 created
        deployment.apps/service2 created
        service/service2 created
        configmap/config-service3 created
        deployment.apps/service3 created
        service/service3 created
        [run.sh] Client pod not found, deploying client
        deployment.apps/ubuntu-client created
        [run.sh] Waiting for all pods to be running
        [run.sh] All pods are running
        [run.sh] Running warmup test
        [run.sh] /wrk/wrk -t4 -c256 -d3s -L http://service0:80/endpoint1
        Running 3s test @ http://service0:80/endpoint1
        4 threads and 256 connections
        Thread Stats   Avg      Stdev     Max   +/- Stdev
        Latency   573.10ms  262.03ms   1.77s    67.98%
        Req/Sec   110.04     57.35   260.00     69.81%
        Latency Distribution
        50%  546.54ms
        75%  751.68ms
        90%  910.58ms
        99%    1.26s
        1170 requests in 3.04s, 0.90MB read
        Requests/sec:    385.47
        Transfer/sec:    303.41KB
        [run.sh] Speed is 385.47, duration is 77
        [run.sh] Fix the request number.
        [run.sh] Running the actual test
        [run.sh] /wrk/wrk -t4 -c256 -d77s -L -s /wrk/fix_req_n.lua http://service0:80/endpoint1
        [run.sh] Checking the resource usage
        Running 1m test @ http://service0:80/endpoint1
        4 threads and 256 connections
        Thread Stats   Avg      Stdev     Max   +/- Stdev
        Latency   557.58ms  229.18ms   1.99s    72.24%
        Req/Sec   113.14     63.74   400.00     72.00%
        Latency Distribution
        50%  529.78ms
        75%  683.81ms
        90%  848.63ms
        99%    1.24s
        20000 requests in 1.28m, 15.36MB read
        Socket errors: connect 0, read 0, write 0, timeout 778
        Requests/sec:    259.74
        Transfer/sec:    204.29KB
        ------------------------------
        stop time: 57.573694
        stop time: 57.243701
        stop time: 57.420429
        stop time: 57.572969
        [run.sh] Test finished with status 0
        > STDERR
        > No resources found in default namespace.
        > error: metrics not available yet
    [exp] Times: [57.573694, 57.243701, 57.420429, 57.572969]
    [exp] Throughput: 348.1124578861708
[test.py] Running slowdown experiment
    [exp] Running (pre_run: False) workload synthetic/fanout-w3-grpc-async request with the following configuration: {'PROCESSING_TIME_SERVICE0': '0.00094906', 'PROCESSING_TIME_SERVICE1': '0.0004631', 'PROCESSING_TIME_SERVICE2': '0.00017101', 'PROCESSING_TIME_SERVICE3': '0.00010316', 'SLOWPOKE_DELAY_MICROS_SERVICE0': '0', 'SLOWPOKE_DELAY_MICROS_SERVICE1': '949', 'SLOWPOKE_DELAY_MICROS_SERVICE2': '949', 'SLOWPOKE_DELAY_MICROS_SERVICE3': '949'}
    [exp] Executing cmd `bash run.sh synthetic fanout-w3-grpc-async 4 256 20000`:
        [run.sh] Running benchmark synthetic with request fanout-w3-grpc-async, thread 4, conn 256, duration 60
        [run.sh] Deleting all services
        configmap "config-service0" deleted
        deployment.apps "service0" deleted
        service "service0" deleted
        configmap "config-service1" deleted
        deployment.apps "service1" deleted
        service "service1" deleted
        configmap "config-service2" deleted
        deployment.apps "service2" deleted
        service "service2" deleted
        configmap "config-service3" deleted
        deployment.apps "service3" deleted
        service "service3" deleted
        deployment.apps "ubuntu-client" deleted
        [run.sh] Waiting for all pods to be deleted
        [run.sh] Deploying all services
        configmap/config-service0 created
        deployment.apps/service0 created
        service/service0 created
        configmap/config-service1 created
        deployment.apps/service1 created
        service/service1 created
        configmap/config-service2 created
        deployment.apps/service2 created
        service/service2 created
        configmap/config-service3 created
        deployment.apps/service3 created
        service/service3 created
        [run.sh] Client pod not found, deploying client
        deployment.apps/ubuntu-client created
        [run.sh] Waiting for all pods to be running
        [run.sh] All pods are running
        [run.sh] Running warmup test
        [run.sh] /wrk/wrk -t4 -c256 -d3s -L http://service0:80/endpoint1
        Running 3s test @ http://service0:80/endpoint1
        4 threads and 256 connections
        Thread Stats   Avg      Stdev     Max   +/- Stdev
        Latency   613.13ms  265.65ms   1.46s    66.02%
        Req/Sec   100.40     58.26   242.00     59.81%
        Latency Distribution
        50%  587.61ms
        75%  756.93ms
        90%    1.01s
        99%    1.29s
        1080 requests in 3.03s, 852.19KB read
        Requests/sec:    356.14
        Transfer/sec:    281.02KB
        [run.sh] Speed is 356.14, duration is 84
        [run.sh] Fix the request number.
        [run.sh] Running the actual test
        [run.sh] /wrk/wrk -t4 -c256 -d84s -L -s /wrk/fix_req_n.lua http://service0:80/endpoint1
        [run.sh] Checking the resource usage
        NAME                             CPU(cores)   MEMORY(bytes)
        service0-67755c8fc4-2rrtb        1922m        124Mi
        service1-84466dbb5-jh77z         951m         51Mi
        service2-7d979784f7-9r2c2        818m         21Mi
        service3-67b7cb7ccc-z8hvr        780m         26Mi
        ubuntu-client-76886f6bbd-8dw5d   18m          13Mi
        Running 1m test @ http://service0:80/endpoint1
        4 threads and 256 connections
        Thread Stats   Avg      Stdev     Max   +/- Stdev
        Latency   602.19ms  245.14ms   1.86s    70.99%
        Req/Sec   105.16     61.55   390.00     65.96%
        Latency Distribution
        50%  572.18ms
        75%  745.90ms
        90%  926.08ms
        99%    1.29s
        20000 requests in 1.40m, 15.41MB read
        Socket errors: connect 0, read 0, write 0, timeout 512
        Requests/sec:    238.10
        Transfer/sec:    187.82KB
        ------------------------------
        stop time: 56.255208
        stop time: 55.878161
        stop time: 56.255337
        stop time: 56.325598
        [run.sh] Test finished with status 0
        > STDERR
        > No resources found in default namespace.
    [exp] Times: [56.255208, 55.878161, 56.255337, 56.325598]
    [exp] Throughput: 356.00759976543367
    [exp] Running (pre_run: False) workload synthetic/fanout-w3-grpc-async request with the following configuration: {'PROCESSING_TIME_SERVICE0': '0.00094906', 'PROCESSING_TIME_SERVICE1': '0.0004631', 'PROCESSING_TIME_SERVICE2': '0.00017101', 'PROCESSING_TIME_SERVICE3': '0.00010316', 'SLOWPOKE_DELAY_MICROS_SERVICE0': '0', 'SLOWPOKE_DELAY_MICROS_SERVICE1': '633', 'SLOWPOKE_DELAY_MICROS_SERVICE2': '633', 'SLOWPOKE_DELAY_MICROS_SERVICE3': '633'}
    [exp] Executing cmd `bash run.sh synthetic fanout-w3-grpc-async 4 256 20000`:
        [run.sh] Running benchmark synthetic with request fanout-w3-grpc-async, thread 4, conn 256, duration 60
        [run.sh] Deleting all services
        configmap "config-service0" deleted
        deployment.apps "service0" deleted
        service "service0" deleted
        configmap "config-service1" deleted
        deployment.apps "service1" deleted
        service "service1" deleted
        configmap "config-service2" deleted
        deployment.apps "service2" deleted
        service "service2" deleted
        configmap "config-service3" deleted
        deployment.apps "service3" deleted
        service "service3" deleted
        deployment.apps "ubuntu-client" deleted
        [run.sh] Waiting for all pods to be deleted
        [run.sh] Deploying all services
        configmap/config-service0 created
        deployment.apps/service0 created
        service/service0 created
        configmap/config-service1 created
        deployment.apps/service1 created
        service/service1 created
        configmap/config-service2 created
        deployment.apps/service2 created
        service/service2 created
        configmap/config-service3 created
        deployment.apps/service3 created
        service/service3 created
        [run.sh] Client pod not found, deploying client
        deployment.apps/ubuntu-client created
        [run.sh] Waiting for all pods to be running
        [run.sh] All pods are running
        [run.sh] Running warmup test
        [run.sh] /wrk/wrk -t4 -c256 -d3s -L http://service0:80/endpoint1
        Running 3s test @ http://service0:80/endpoint1
        4 threads and 256 connections
        Thread Stats   Avg      Stdev     Max   +/- Stdev
        Latency   628.43ms  281.84ms   1.67s    63.64%
        Req/Sec   100.67     65.18   363.00     74.76%
        Latency Distribution
        50%  612.45ms
        75%  864.13ms
        90%  959.43ms
        99%    1.36s
        1056 requests in 3.03s, 833.25KB read
        Requests/sec:    348.10
        Transfer/sec:    274.67KB
        [run.sh] Speed is 348.10, duration is 86
        [run.sh] Fix the request number.
        [run.sh] Running the actual test
        [run.sh] /wrk/wrk -t4 -c256 -d86s -L -s /wrk/fix_req_n.lua http://service0:80/endpoint1
        [run.sh] Checking the resource usage
        NAME                             CPU(cores)   MEMORY(bytes)
        service0-67755c8fc4-g72xb        1495m        97Mi
        service1-57d8fd4fdf-qdnnz        372m         19Mi
        service2-76644d8c77-5bjd4        574m         40Mi
        service3-c74bf69d5-hq98m         16m          17Mi
        ubuntu-client-76886f6bbd-gp4sj   4m           11Mi
        Running 1m test @ http://service0:80/endpoint1
        4 threads and 256 connections
        Thread Stats   Avg      Stdev     Max   +/- Stdev
        Latency   602.63ms  262.68ms   2.00s    73.49%
        Req/Sec   105.68     61.68   380.00     69.44%
        Latency Distribution
        50%  572.54ms
        75%  744.73ms
        90%  927.39ms
        99%    1.39s
        20000 requests in 1.43m, 15.40MB read
        Socket errors: connect 0, read 0, write 0, timeout 949
        Requests/sec:    232.56
        Transfer/sec:    183.37KB
        ------------------------------
        stop time: 62.423445
        stop time: 62.224031
        stop time: 62.046394
        stop time: 62.109820
        [run.sh] Test finished with status 0
        > STDERR
        > No resources found in default namespace.
    [exp] Times: [62.423445, 62.224031, 62.046394, 62.10982]
    [exp] Throughput: 321.538639559566
    [exp] Running (pre_run: False) workload synthetic/fanout-w3-grpc-async request with the following configuration: {'PROCESSING_TIME_SERVICE0': '0.00094906', 'PROCESSING_TIME_SERVICE1': '0.0004631', 'PROCESSING_TIME_SERVICE2': '0.00017101', 'PROCESSING_TIME_SERVICE3': '0.00010316', 'SLOWPOKE_DELAY_MICROS_SERVICE0': '0', 'SLOWPOKE_DELAY_MICROS_SERVICE1': '317', 'SLOWPOKE_DELAY_MICROS_SERVICE2': '317', 'SLOWPOKE_DELAY_MICROS_SERVICE3': '317'}
    [exp] Executing cmd `bash run.sh synthetic fanout-w3-grpc-async 4 256 20000`:
        [run.sh] Running benchmark synthetic with request fanout-w3-grpc-async, thread 4, conn 256, duration 60
        [run.sh] Deleting all services
        configmap "config-service0" deleted
        deployment.apps "service0" deleted
        service "service0" deleted
        configmap "config-service1" deleted
        deployment.apps "service1" deleted
        service "service1" deleted
        configmap "config-service2" deleted
        deployment.apps "service2" deleted
        service "service2" deleted
        configmap "config-service3" deleted
        deployment.apps "service3" deleted
        service "service3" deleted
        deployment.apps "ubuntu-client" deleted
        [run.sh] Waiting for all pods to be deleted
        [run.sh] Deploying all services
        configmap/config-service0 created
        deployment.apps/service0 created
        service/service0 created
        configmap/config-service1 created
        deployment.apps/service1 created
        service/service1 created
        configmap/config-service2 created
        deployment.apps/service2 created
        service/service2 created
        configmap/config-service3 created
        deployment.apps/service3 created
        service/service3 created
        [run.sh] Client pod not found, deploying client
        deployment.apps/ubuntu-client created
        [run.sh] Waiting for all pods to be running
        [run.sh] All pods are running
        [run.sh] Running warmup test
        [run.sh] /wrk/wrk -t4 -c256 -d3s -L http://service0:80/endpoint1
        Running 3s test @ http://service0:80/endpoint1
        4 threads and 256 connections
        Thread Stats   Avg      Stdev     Max   +/- Stdev
        Latency   642.52ms  251.85ms   1.61s    68.32%
        Req/Sec   104.22     63.10   252.00     66.02%
        Latency Distribution
        50%  592.23ms
        75%  816.99ms
        90%  986.01ms
        99%    1.42s
        1087 requests in 3.03s, 857.71KB read
        Requests/sec:    359.26
        Transfer/sec:    283.48KB
        [run.sh] Speed is 359.26, duration is 83
        [run.sh] Fix the request number.
        [run.sh] Running the actual test
        [run.sh] /wrk/wrk -t4 -c256 -d83s -L -s /wrk/fix_req_n.lua http://service0:80/endpoint1
        [run.sh] Checking the resource usage
        NAME                        CPU(cores)   MEMORY(bytes)
        service0-67755c8fc4-2z52x   384m         116Mi
        service2-55cdf476c6-sgg9c   130m         28Mi
        Running 1m test @ http://service0:80/endpoint1
        4 threads and 256 connections
        Thread Stats   Avg      Stdev     Max   +/- Stdev
        Latency   599.31ms  247.21ms   1.99s    71.63%
        Req/Sec   105.75     63.03   383.00     69.73%
        Latency Distribution
        50%  568.31ms
        75%  732.47ms
        90%  925.09ms
        99%    1.33s
        20000 requests in 1.38m, 15.40MB read
        Socket errors: connect 0, read 0, write 0, timeout 516
        Requests/sec:    240.96
        Transfer/sec:    190.03KB
        ------------------------------
        stop time: 56.309026
        stop time: 56.241595
        stop time: 56.352579
        stop time: 56.423302
        [run.sh] Test finished with status 0
        > STDERR
        > No resources found in default namespace.
    [exp] Times: [56.309026, 56.241595, 56.352579, 56.423302]
    [exp] Throughput: 355.0403494037288
[test.py] Baseline throughput:  360.6257272891181
[test.py] Groundtruth:  [393.6921269497664, 348.60254759874744, 348.1124578861708]
[test.py] Slowdown:  [356.00759976543367, 321.538639559566, 355.0403494037288]
[test.py] Predicted:  [428.3758199327382, 357.97180157676735, 376.2154663476158]
[test.py] Error percentage:  [8.80985181280937, 2.6876607880686576, 8.07296832526299]
[test.py] >>>>>>>>>>>>>>>>>>>>>>>>>>>>> Running experiment 1...
[test.py] Actual processing time range: [0, 316, 632]
[test.py] Running baseline experiment
    [exp] Running (pre_run: False) workload synthetic/fanout-w3-grpc-async request with the following configuration: {'PROCESSING_TIME_SERVICE0': '0.00094906', 'PROCESSING_TIME_SERVICE1': '0.0004631', 'PROCESSING_TIME_SERVICE2': '0.00017101', 'PROCESSING_TIME_SERVICE3': '0.00010316', 'SLOWPOKE_DELAY_MICROS_SERVICE0': '0', 'SLOWPOKE_DELAY_MICROS_SERVICE1': '0', 'SLOWPOKE_DELAY_MICROS_SERVICE2': '0', 'SLOWPOKE_DELAY_MICROS_SERVICE3': '0'}
    [exp] Executing cmd `bash run.sh synthetic fanout-w3-grpc-async 4 256 20000`:
        [run.sh] Running benchmark synthetic with request fanout-w3-grpc-async, thread 4, conn 256, duration 60
        [run.sh] Deleting all services
        configmap "config-service0" deleted
        deployment.apps "service0" deleted
        service "service0" deleted
        configmap "config-service1" deleted
        deployment.apps "service1" deleted
        service "service1" deleted
        configmap "config-service2" deleted
        deployment.apps "service2" deleted
        service "service2" deleted
        configmap "config-service3" deleted
        deployment.apps "service3" deleted
        service "service3" deleted
        deployment.apps "ubuntu-client" deleted
        [run.sh] Waiting for all pods to be deleted
        [run.sh] Deploying all services
        configmap/config-service0 created
        deployment.apps/service0 created
        service/service0 created
        configmap/config-service1 created
        deployment.apps/service1 created
        service/service1 created
        configmap/config-service2 created
        deployment.apps/service2 created
        service/service2 created
        configmap/config-service3 created
        deployment.apps/service3 created
        service/service3 created
        [run.sh] Client pod not found, deploying client
        deployment.apps/ubuntu-client created
        [run.sh] Waiting for all pods to be running
        [run.sh] All pods are running
        [run.sh] Running warmup test
        [run.sh] /wrk/wrk -t4 -c256 -d3s -L http://service0:80/endpoint1
        Running 3s test @ http://service0:80/endpoint1
        4 threads and 256 connections
        Thread Stats   Avg      Stdev     Max   +/- Stdev
        Latency   614.30ms  252.54ms   1.46s    65.28%
        Req/Sec   102.95     73.01   360.00     76.92%
        Latency Distribution
        50%  592.74ms
        75%  795.88ms
        90%  956.57ms
        99%    1.25s
        1080 requests in 3.03s, 852.19KB read
        Requests/sec:    355.90
        Transfer/sec:    280.83KB
        [run.sh] Speed is 355.90, duration is 84
        [run.sh] Fix the request number.
        [run.sh] Running the actual test
        [run.sh] /wrk/wrk -t4 -c256 -d84s -L -s /wrk/fix_req_n.lua http://service0:80/endpoint1
        [run.sh] Checking the resource usage
        NAME                             CPU(cores)   MEMORY(bytes)
        service0-67755c8fc4-ng5mr        1916m        103Mi
        service1-59c646b8fc-mgtsn        529m         21Mi
        service2-8f59bd44f-l5zxv         444m         26Mi
        service3-5f958b99b9-wsx4d        396m         31Mi
        ubuntu-client-76886f6bbd-5l6wc   18m          13Mi
        Running 1m test @ http://service0:80/endpoint1
        4 threads and 256 connections
        Thread Stats   Avg      Stdev     Max   +/- Stdev
        Latency   598.57ms  263.83ms   1.93s    71.10%
        Req/Sec   106.39     61.42   400.00     67.15%
        Latency Distribution
        50%  564.63ms
        75%  750.52ms
        90%  950.92ms
        99%    1.34s
        20000 requests in 1.40m, 15.40MB read
        Socket errors: connect 0, read 0, write 0, timeout 517
        Requests/sec:    238.09
        Transfer/sec:    187.74KB
        ------------------------------
        stop time: 56.313965
        stop time: 56.101767
        stop time: 56.123575
        stop time: 56.225496
        [run.sh] Test finished with status 0
        > STDERR
        > No resources found in default namespace.
    [exp] Times: [56.313965, 56.101767, 56.123575, 56.225496]
    [exp] Throughput: 355.9276138088222
[test.py] Baseline throughput: 355.9276138088222
[test.py] Running groundtruth experiment
    [exp] Running (pre_run: False) workload synthetic/fanout-w3-grpc-async request with the following configuration: {'PROCESSING_TIME_SERVICE0': '0.0', 'PROCESSING_TIME_SERVICE1': '0.0004631', 'PROCESSING_TIME_SERVICE2': '0.00017101', 'PROCESSING_TIME_SERVICE3': '0.00010316', 'SLOWPOKE_DELAY_MICROS_SERVICE0': '0', 'SLOWPOKE_DELAY_MICROS_SERVICE1': '0', 'SLOWPOKE_DELAY_MICROS_SERVICE2': '0', 'SLOWPOKE_DELAY_MICROS_SERVICE3': '0'}
    [exp] Executing cmd `bash run.sh synthetic fanout-w3-grpc-async 4 256 20000`:
        [run.sh] Running benchmark synthetic with request fanout-w3-grpc-async, thread 4, conn 256, duration 60
        [run.sh] Deleting all services
        configmap "config-service0" deleted
        deployment.apps "service0" deleted
        service "service0" deleted
        configmap "config-service1" deleted
        deployment.apps "service1" deleted
        service "service1" deleted
        configmap "config-service2" deleted
        deployment.apps "service2" deleted
        service "service2" deleted
        configmap "config-service3" deleted
        deployment.apps "service3" deleted
        service "service3" deleted
        deployment.apps "ubuntu-client" deleted
        [run.sh] Waiting for all pods to be deleted
        [run.sh] Deploying all services
        configmap/config-service0 created
        deployment.apps/service0 created
        service/service0 created
        configmap/config-service1 created
        deployment.apps/service1 created
        service/service1 created
        configmap/config-service2 created
        deployment.apps/service2 created
        service/service2 created
        configmap/config-service3 created
        deployment.apps/service3 created
        service/service3 created
        [run.sh] Client pod not found, deploying client
        deployment.apps/ubuntu-client created
        [run.sh] Waiting for all pods to be running
        [run.sh] All pods are running
        [run.sh] Running warmup test
        [run.sh] /wrk/wrk -t4 -c256 -d3s -L http://service0:80/endpoint1
        Running 3s test @ http://service0:80/endpoint1
        4 threads and 256 connections
        Thread Stats   Avg      Stdev     Max   +/- Stdev
        Latency   482.31ms  211.27ms   1.38s    71.02%
        Req/Sec   136.31     70.14   373.00     68.22%
        Latency Distribution
        50%  459.18ms
        75%  587.93ms
        90%  755.13ms
        99%    1.14s
        1486 requests in 3.04s, 1.13MB read
        Requests/sec:    489.34
        Transfer/sec:    381.82KB
        [run.sh] Speed is 489.34, duration is 61
        [run.sh] Fix the request number.
        [run.sh] Running the actual test
        [run.sh] /wrk/wrk -t4 -c256 -d61s -L -s /wrk/fix_req_n.lua http://service0:80/endpoint1
        [run.sh] Checking the resource usage
        NAME                             CPU(cores)   MEMORY(bytes)
        service0-67755c8fc4-9ctms        883m         125Mi
        service1-59c646b8fc-xd7pm        691m         19Mi
        service2-8f59bd44f-fz7xr         250m         27Mi
        service3-5f958b99b9-ks5qd        316m         22Mi
        ubuntu-client-76886f6bbd-5cwpq   16m          11Mi
        Running 1m test @ http://service0:80/endpoint1
        4 threads and 256 connections
        Thread Stats   Avg      Stdev     Max   +/- Stdev
        Latency   469.02ms  201.95ms   1.98s    71.58%
        Req/Sec   134.22     71.80   410.00     68.65%
        Latency Distribution
        50%  448.22ms
        75%  584.56ms
        90%  730.46ms
        99%    1.05s
        20000 requests in 1.02m, 15.22MB read
        Socket errors: connect 0, read 0, write 0, timeout 770
        Requests/sec:    327.87
        Transfer/sec:    255.54KB
        ------------------------------
        stop time: 50.987494
        stop time: 50.777479
        stop time: 50.737463
        stop time: 50.431878
        [run.sh] Test finished with status 0
        > STDERR
        > No resources found in default namespace.
    [exp] Times: [50.987494, 50.777479, 50.737463, 50.431878]
    [exp] Throughput: 394.21622900107474
    [exp] Running (pre_run: False) workload synthetic/fanout-w3-grpc-async request with the following configuration: {'PROCESSING_TIME_SERVICE0': '0.000316', 'PROCESSING_TIME_SERVICE1': '0.0004631', 'PROCESSING_TIME_SERVICE2': '0.00017101', 'PROCESSING_TIME_SERVICE3': '0.00010316', 'SLOWPOKE_DELAY_MICROS_SERVICE0': '0', 'SLOWPOKE_DELAY_MICROS_SERVICE1': '0', 'SLOWPOKE_DELAY_MICROS_SERVICE2': '0', 'SLOWPOKE_DELAY_MICROS_SERVICE3': '0'}
    [exp] Executing cmd `bash run.sh synthetic fanout-w3-grpc-async 4 256 20000`:
        [run.sh] Running benchmark synthetic with request fanout-w3-grpc-async, thread 4, conn 256, duration 60
        [run.sh] Deleting all services
        configmap "config-service0" deleted
        deployment.apps "service0" deleted
        service "service0" deleted
        configmap "config-service1" deleted
        deployment.apps "service1" deleted
        service "service1" deleted
        configmap "config-service2" deleted
        deployment.apps "service2" deleted
        service "service2" deleted
        configmap "config-service3" deleted
        deployment.apps "service3" deleted
        service "service3" deleted
        deployment.apps "ubuntu-client" deleted
        [run.sh] Waiting for all pods to be deleted
        [run.sh] Deploying all services
        configmap/config-service0 created
        deployment.apps/service0 created
        service/service0 created
        configmap/config-service1 created
        deployment.apps/service1 created
        service/service1 created
        configmap/config-service2 created
        deployment.apps/service2 created
        service/service2 created
        configmap/config-service3 created
        deployment.apps/service3 created
        service/service3 created
        [run.sh] Client pod not found, deploying client
        deployment.apps/ubuntu-client created
        [run.sh] Waiting for all pods to be running
        [run.sh] All pods are running
        [run.sh] Running warmup test
        [run.sh] /wrk/wrk -t4 -c256 -d3s -L http://service0:80/endpoint1
        Running 3s test @ http://service0:80/endpoint1
        4 threads and 256 connections
        Thread Stats   Avg      Stdev     Max   +/- Stdev
        Latency   537.37ms  218.50ms   1.77s    67.35%
        Req/Sec   121.92     76.07   333.00     66.67%
        Latency Distribution
        50%  516.25ms
        75%  711.31ms
        90%  822.80ms
        99%    1.03s
        1307 requests in 3.02s, 1.00MB read
        Requests/sec:    432.73
        Transfer/sec:    340.60KB
        [run.sh] Speed is 432.73, duration is 69
        [run.sh] Fix the request number.
        [run.sh] Running the actual test
        [run.sh] /wrk/wrk -t4 -c256 -d69s -L -s /wrk/fix_req_n.lua http://service0:80/endpoint1
        [run.sh] Checking the resource usage
        NAME                             CPU(cores)   MEMORY(bytes)
        service0-67755c8fc4-qm87f        1772m        137Mi
        service1-59c646b8fc-b2drw        648m         41Mi
        service2-8f59bd44f-xrlwn         455m         31Mi
        service3-5f958b99b9-pfrgh        472m         30Mi
        ubuntu-client-76886f6bbd-89jq6   21m          11Mi
        Running 1m test @ http://service0:80/endpoint1
        4 threads and 256 connections
        Thread Stats   Avg      Stdev     Max   +/- Stdev
        Latency   514.70ms  203.04ms   1.71s    71.60%
        Req/Sec   122.24     69.45   390.00     68.08%
        Latency Distribution
        50%  488.03ms
        75%  631.10ms
        90%  783.73ms
        99%    1.09s
        20000 requests in 1.15m, 15.37MB read
        Socket errors: connect 0, read 0, write 0, timeout 770
        Requests/sec:    289.85
        Transfer/sec:    228.03KB
        ------------------------------
        stop time: 54.221651
        stop time: 54.232617
        stop time: 54.123062
        stop time: 54.103925
        [run.sh] Test finished with status 0
        > STDERR
        > No resources found in default namespace.
    [exp] Times: [54.221651, 54.232617, 54.123062, 54.103925]
    [exp] Throughput: 369.20591031282333
    [exp] Running (pre_run: False) workload synthetic/fanout-w3-grpc-async request with the following configuration: {'PROCESSING_TIME_SERVICE0': '0.000632', 'PROCESSING_TIME_SERVICE1': '0.0004631', 'PROCESSING_TIME_SERVICE2': '0.00017101', 'PROCESSING_TIME_SERVICE3': '0.00010316', 'SLOWPOKE_DELAY_MICROS_SERVICE0': '0', 'SLOWPOKE_DELAY_MICROS_SERVICE1': '0', 'SLOWPOKE_DELAY_MICROS_SERVICE2': '0', 'SLOWPOKE_DELAY_MICROS_SERVICE3': '0'}
    [exp] Executing cmd `bash run.sh synthetic fanout-w3-grpc-async 4 256 20000`:
        [run.sh] Running benchmark synthetic with request fanout-w3-grpc-async, thread 4, conn 256, duration 60
        [run.sh] Deleting all services
        configmap "config-service0" deleted
        deployment.apps "service0" deleted
        service "service0" deleted
        configmap "config-service1" deleted
        deployment.apps "service1" deleted
        service "service1" deleted
        configmap "config-service2" deleted
        deployment.apps "service2" deleted
        service "service2" deleted
        configmap "config-service3" deleted
        deployment.apps "service3" deleted
        service "service3" deleted
        deployment.apps "ubuntu-client" deleted
        [run.sh] Waiting for all pods to be deleted
        [run.sh] Deploying all services
        configmap/config-service0 created
        deployment.apps/service0 created
        service/service0 created
        configmap/config-service1 created
        deployment.apps/service1 created
        service/service1 created
        configmap/config-service2 created
        deployment.apps/service2 created
        service/service2 created
        configmap/config-service3 created
        deployment.apps/service3 created
        service/service3 created
        [run.sh] Client pod not found, deploying client
        deployment.apps/ubuntu-client created
        [run.sh] Waiting for all pods to be running
        [run.sh] All pods are running
        [run.sh] Running warmup test
        [run.sh] /wrk/wrk -t4 -c256 -d3s -L http://service0:80/endpoint1
        Running 3s test @ http://service0:80/endpoint1
        4 threads and 256 connections
        Thread Stats   Avg      Stdev     Max   +/- Stdev
        Latency   566.52ms  250.37ms   1.72s    70.07%
        Req/Sec   113.19     57.69   252.00     62.96%
        Latency Distribution
        50%  539.96ms
        75%  690.14ms
        90%  911.70ms
        99%    1.30s
        1231 requests in 3.03s, 0.95MB read
        Requests/sec:    406.29
        Transfer/sec:    319.79KB
        [run.sh] Speed is 406.29, duration is 73
        [run.sh] Fix the request number.
        [run.sh] Running the actual test
        [run.sh] /wrk/wrk -t4 -c256 -d73s -L -s /wrk/fix_req_n.lua http://service0:80/endpoint1
        [run.sh] Checking the resource usage
        NAME                             CPU(cores)   MEMORY(bytes)
        service0-67755c8fc4-c6d5g        1363m        129Mi
        service1-59c646b8fc-hppkm        593m         40Mi
        service2-8f59bd44f-xdm2m         311m         25Mi
        service3-5f958b99b9-scbkk        356m         40Mi
        ubuntu-client-76886f6bbd-cfbrs   17m          12Mi
        Running 1m test @ http://service0:80/endpoint1
        4 threads and 256 connections
        Thread Stats   Avg      Stdev     Max   +/- Stdev
        Latency   552.77ms  236.33ms   1.72s    70.65%
        Req/Sec   114.27     61.38   434.00     69.58%
        Latency Distribution
        50%  521.74ms
        75%  693.22ms
        90%  867.95ms
        99%    1.22s
        20000 requests in 1.22m, 15.36MB read
        Socket errors: connect 0, read 0, write 0, timeout 768
        Requests/sec:    273.97
        Transfer/sec:    215.47KB
        ------------------------------
        stop time: 57.330123
        stop time: 57.048975
        stop time: 56.970256
        stop time: 57.200724
        [run.sh] Test finished with status 0
        > STDERR
        > No resources found in default namespace.
    [exp] Times: [57.330123, 57.048975, 56.970256, 57.200724]
    [exp] Throughput: 350.03269611660335
[test.py] Running slowdown experiment
    [exp] Running (pre_run: False) workload synthetic/fanout-w3-grpc-async request with the following configuration: {'PROCESSING_TIME_SERVICE0': '0.00094906', 'PROCESSING_TIME_SERVICE1': '0.0004631', 'PROCESSING_TIME_SERVICE2': '0.00017101', 'PROCESSING_TIME_SERVICE3': '0.00010316', 'SLOWPOKE_DELAY_MICROS_SERVICE0': '0', 'SLOWPOKE_DELAY_MICROS_SERVICE1': '949', 'SLOWPOKE_DELAY_MICROS_SERVICE2': '949', 'SLOWPOKE_DELAY_MICROS_SERVICE3': '949'}
    [exp] Executing cmd `bash run.sh synthetic fanout-w3-grpc-async 4 256 20000`:
        [run.sh] Running benchmark synthetic with request fanout-w3-grpc-async, thread 4, conn 256, duration 60
        [run.sh] Deleting all services
        configmap "config-service0" deleted
        deployment.apps "service0" deleted
        service "service0" deleted
        configmap "config-service1" deleted
        deployment.apps "service1" deleted
        service "service1" deleted
        configmap "config-service2" deleted
        deployment.apps "service2" deleted
        service "service2" deleted
        configmap "config-service3" deleted
        deployment.apps "service3" deleted
        service "service3" deleted
        deployment.apps "ubuntu-client" deleted
        [run.sh] Waiting for all pods to be deleted
        [run.sh] Deploying all services
        configmap/config-service0 created
        deployment.apps/service0 created
        service/service0 created
        configmap/config-service1 created
        deployment.apps/service1 created
        service/service1 created
        configmap/config-service2 created
        deployment.apps/service2 created
        service/service2 created
        configmap/config-service3 created
        deployment.apps/service3 created
        service/service3 created
        [run.sh] Client pod not found, deploying client
        deployment.apps/ubuntu-client created
        [run.sh] Waiting for all pods to be running
        [run.sh] All pods are running
        [run.sh] Running warmup test
        [run.sh] /wrk/wrk -t4 -c256 -d3s -L http://service0:80/endpoint1
        Running 3s test @ http://service0:80/endpoint1
        4 threads and 256 connections
        Thread Stats   Avg      Stdev     Max   +/- Stdev
        Latency   611.28ms  281.97ms   1.60s    71.14%
        Req/Sec   109.83     73.10   333.00     74.76%
        Latency Distribution
        50%  572.31ms
        75%  763.16ms
        90%  999.74ms
        99%    1.40s
        1132 requests in 3.04s, 0.87MB read
        Requests/sec:    372.86
        Transfer/sec:    294.21KB
        [run.sh] Speed is 372.86, duration is 80
        [run.sh] Fix the request number.
        [run.sh] Running the actual test
        [run.sh] /wrk/wrk -t4 -c256 -d80s -L -s /wrk/fix_req_n.lua http://service0:80/endpoint1
        [run.sh] Checking the resource usage
        NAME                             CPU(cores)   MEMORY(bytes)
        service0-67755c8fc4-2gsrt        169m         134Mi
        service1-84466dbb5-k5qzn         611m         40Mi
        service2-7d979784f7-w7h98        15m          35Mi
        service3-67b7cb7ccc-bp4nd        120m         41Mi
        ubuntu-client-76886f6bbd-h77x9   4m           10Mi
        Running 1m test @ http://service0:80/endpoint1
        4 threads and 256 connections
        Thread Stats   Avg      Stdev     Max   +/- Stdev
        Latency   594.41ms  242.99ms   1.82s    70.81%
        Req/Sec   107.18     59.50   410.00     70.09%
        Latency Distribution
        50%  561.88ms
        75%  733.94ms
        90%  919.67ms
        99%    1.31s
        20000 requests in 1.33m, 15.40MB read
        Socket errors: connect 0, read 0, write 0, timeout 514
        Requests/sec:    250.00
        Transfer/sec:    197.16KB
        ------------------------------
        stop time: 55.468449
        stop time: 55.627763
        stop time: 55.908036
        stop time: 55.672281
        [run.sh] Test finished with status 0
        > STDERR
        > No resources found in default namespace.
    [exp] Times: [55.468449, 55.627763, 55.908036, 55.672281]
    [exp] Throughput: 359.2655245672524
    [exp] Running (pre_run: False) workload synthetic/fanout-w3-grpc-async request with the following configuration: {'PROCESSING_TIME_SERVICE0': '0.00094906', 'PROCESSING_TIME_SERVICE1': '0.0004631', 'PROCESSING_TIME_SERVICE2': '0.00017101', 'PROCESSING_TIME_SERVICE3': '0.00010316', 'SLOWPOKE_DELAY_MICROS_SERVICE0': '0', 'SLOWPOKE_DELAY_MICROS_SERVICE1': '633', 'SLOWPOKE_DELAY_MICROS_SERVICE2': '633', 'SLOWPOKE_DELAY_MICROS_SERVICE3': '633'}
    [exp] Executing cmd `bash run.sh synthetic fanout-w3-grpc-async 4 256 20000`:
        [run.sh] Running benchmark synthetic with request fanout-w3-grpc-async, thread 4, conn 256, duration 60
        [run.sh] Deleting all services
        configmap "config-service0" deleted
        deployment.apps "service0" deleted
        service "service0" deleted
        configmap "config-service1" deleted
        deployment.apps "service1" deleted
        service "service1" deleted
        configmap "config-service2" deleted
        deployment.apps "service2" deleted
        service "service2" deleted
        configmap "config-service3" deleted
        deployment.apps "service3" deleted
        service "service3" deleted
        deployment.apps "ubuntu-client" deleted
        [run.sh] Waiting for all pods to be deleted
        [run.sh] Deploying all services
        configmap/config-service0 created
        deployment.apps/service0 created
        service/service0 created
        configmap/config-service1 created
        deployment.apps/service1 created
        service/service1 created
        configmap/config-service2 created
        deployment.apps/service2 created
        service/service2 created
        configmap/config-service3 created
        deployment.apps/service3 created
        service/service3 created
        [run.sh] Client pod not found, deploying client
        deployment.apps/ubuntu-client created
        [run.sh] Waiting for all pods to be running
        [run.sh] All pods are running
        [run.sh] Running warmup test
        [run.sh] /wrk/wrk -t4 -c256 -d3s -L http://service0:80/endpoint1
        Running 3s test @ http://service0:80/endpoint1
        4 threads and 256 connections
        Thread Stats   Avg      Stdev     Max   +/- Stdev
        Latency   625.58ms  250.57ms   1.59s    69.24%
        Req/Sec   106.90     64.37   290.00     63.00%
        Latency Distribution
        50%  629.26ms
        75%  756.22ms
        90%  925.60ms
        99%    1.28s
        1122 requests in 3.03s, 0.86MB read
        Requests/sec:    369.99
        Transfer/sec:    291.95KB
        [run.sh] Speed is 369.99, duration is 81
        [run.sh] Fix the request number.
        [run.sh] Running the actual test
        [run.sh] /wrk/wrk -t4 -c256 -d81s -L -s /wrk/fix_req_n.lua http://service0:80/endpoint1
        [run.sh] Checking the resource usage
        NAME                        CPU(cores)   MEMORY(bytes)
        service1-57d8fd4fdf-n6kns   278m         49Mi
        Running 1m test @ http://service0:80/endpoint1
        4 threads and 256 connections
        Thread Stats   Avg      Stdev     Max   +/- Stdev
        Latency   601.43ms  260.03ms   1.96s    70.06%
        Req/Sec   104.90     59.69   424.00     71.65%
        Latency Distribution
        50%  572.07ms
        75%  751.05ms
        90%  948.74ms
        99%    1.33s
        20000 requests in 1.35m, 15.40MB read
        Socket errors: connect 0, read 0, write 0, timeout 515
        Requests/sec:    246.91
        Transfer/sec:    194.72KB
        ------------------------------
        stop time: 56.268305
        stop time: 56.622041
        stop time: 56.327325
        stop time: 56.329513
        [run.sh] Test finished with status 0
        > STDERR
        > No resources found in default namespace.
    [exp] Times: [56.268305, 56.622041, 56.327325, 56.329513]
    [exp] Throughput: 354.6929674812522
    [exp] Running (pre_run: False) workload synthetic/fanout-w3-grpc-async request with the following configuration: {'PROCESSING_TIME_SERVICE0': '0.00094906', 'PROCESSING_TIME_SERVICE1': '0.0004631', 'PROCESSING_TIME_SERVICE2': '0.00017101', 'PROCESSING_TIME_SERVICE3': '0.00010316', 'SLOWPOKE_DELAY_MICROS_SERVICE0': '0', 'SLOWPOKE_DELAY_MICROS_SERVICE1': '317', 'SLOWPOKE_DELAY_MICROS_SERVICE2': '317', 'SLOWPOKE_DELAY_MICROS_SERVICE3': '317'}
    [exp] Executing cmd `bash run.sh synthetic fanout-w3-grpc-async 4 256 20000`:
        [run.sh] Running benchmark synthetic with request fanout-w3-grpc-async, thread 4, conn 256, duration 60
        [run.sh] Deleting all services
        configmap "config-service0" deleted
        deployment.apps "service0" deleted
        service "service0" deleted
        configmap "config-service1" deleted
        deployment.apps "service1" deleted
        service "service1" deleted
        configmap "config-service2" deleted
        deployment.apps "service2" deleted
        service "service2" deleted
        configmap "config-service3" deleted
        deployment.apps "service3" deleted
        service "service3" deleted
        deployment.apps "ubuntu-client" deleted
        [run.sh] Waiting for all pods to be deleted
        [run.sh] Deploying all services
        configmap/config-service0 created
        deployment.apps/service0 created
        service/service0 created
        configmap/config-service1 created
        deployment.apps/service1 created
        service/service1 created
        configmap/config-service2 created
        deployment.apps/service2 created
        service/service2 created
        configmap/config-service3 created
        deployment.apps/service3 created
        service/service3 created
        [run.sh] Client pod not found, deploying client
        deployment.apps/ubuntu-client created
        [run.sh] Waiting for all pods to be running
        [run.sh] All pods are running
        [run.sh] Running warmup test
        [run.sh] /wrk/wrk -t4 -c256 -d3s -L http://service0:80/endpoint1
        Running 3s test @ http://service0:80/endpoint1
        4 threads and 256 connections
        Thread Stats   Avg      Stdev     Max   +/- Stdev
        Latency   610.63ms  247.61ms   1.58s    70.55%
        Req/Sec   102.74     51.44   230.00     70.75%
        Latency Distribution
        50%  588.20ms
        75%  769.55ms
        90%  950.30ms
        99%    1.29s
        1098 requests in 3.03s, 866.39KB read
        Requests/sec:    361.94
        Transfer/sec:    285.59KB
        [run.sh] Speed is 361.94, duration is 82
        [run.sh] Fix the request number.
        [run.sh] Running the actual test
        [run.sh] /wrk/wrk -t4 -c256 -d82s -L -s /wrk/fix_req_n.lua http://service0:80/endpoint1
        [run.sh] Checking the resource usage
        Running 1m test @ http://service0:80/endpoint1
        4 threads and 256 connections
        Thread Stats   Avg      Stdev     Max   +/- Stdev
        Latency   599.63ms  250.31ms   1.99s    71.47%
        Req/Sec   106.15     62.09   410.00     68.93%
        Latency Distribution
        50%  572.01ms
        75%  741.92ms
        90%  925.98ms
        99%    1.32s
        20000 requests in 1.37m, 15.41MB read
        Socket errors: connect 0, read 0, write 0, timeout 320
        Requests/sec:    243.90
        Transfer/sec:    192.39KB
        ------------------------------
        stop time: 56.247648
        stop time: 56.249125
        stop time: 56.299104
        stop time: 51.502615
        [run.sh] Test finished with status 0
        > STDERR
        > No resources found in default namespace.
        > error: metrics not available yet
    [exp] Times: [56.247648, 56.249125, 56.299104, 51.502615]
    [exp] Throughput: 363.1436569252594
[test.py] Baseline throughput:  355.9276138088222
[test.py] Groundtruth:  [394.21622900107474, 369.20591031282333, 350.03269611660335]
[test.py] Slowdown:  [359.2655245672524, 354.6929674812522, 363.1436569252594]
[test.py] Predicted:  [433.10168222161275, 399.55093671121153, 385.3265863418718]
[test.py] Error percentage:  [9.863990967361215, 8.218998003763605, 10.08302670488568]
[test.py] >>>>>>>>>>>>>>>>>>>>>>>>>>>>> Running experiment 2...
[test.py] Actual processing time range: [0, 316, 632]
[test.py] Running baseline experiment
    [exp] Running (pre_run: False) workload synthetic/fanout-w3-grpc-async request with the following configuration: {'PROCESSING_TIME_SERVICE0': '0.00094906', 'PROCESSING_TIME_SERVICE1': '0.0004631', 'PROCESSING_TIME_SERVICE2': '0.00017101', 'PROCESSING_TIME_SERVICE3': '0.00010316', 'SLOWPOKE_DELAY_MICROS_SERVICE0': '0', 'SLOWPOKE_DELAY_MICROS_SERVICE1': '0', 'SLOWPOKE_DELAY_MICROS_SERVICE2': '0', 'SLOWPOKE_DELAY_MICROS_SERVICE3': '0'}
    [exp] Executing cmd `bash run.sh synthetic fanout-w3-grpc-async 4 256 20000`:
        [run.sh] Running benchmark synthetic with request fanout-w3-grpc-async, thread 4, conn 256, duration 60
        [run.sh] Deleting all services
        configmap "config-service0" deleted
        deployment.apps "service0" deleted
        service "service0" deleted
        configmap "config-service1" deleted
        deployment.apps "service1" deleted
        service "service1" deleted
        configmap "config-service2" deleted
        deployment.apps "service2" deleted
        service "service2" deleted
        configmap "config-service3" deleted
        deployment.apps "service3" deleted
        service "service3" deleted
        deployment.apps "ubuntu-client" deleted
        [run.sh] Waiting for all pods to be deleted
        [run.sh] Deploying all services
        configmap/config-service0 created
        deployment.apps/service0 created
        service/service0 created
        configmap/config-service1 created
        deployment.apps/service1 created
        service/service1 created
        configmap/config-service2 created
        deployment.apps/service2 created
        service/service2 created
        configmap/config-service3 created
        deployment.apps/service3 created
        service/service3 created
        [run.sh] Client pod not found, deploying client
        deployment.apps/ubuntu-client created
        [run.sh] Waiting for all pods to be running
        [run.sh] All pods are running
        [run.sh] Running warmup test
        [run.sh] /wrk/wrk -t4 -c256 -d3s -L http://service0:80/endpoint1
        Running 3s test @ http://service0:80/endpoint1
        4 threads and 256 connections
        Thread Stats   Avg      Stdev     Max   +/- Stdev
        Latency   616.11ms  232.44ms   1.36s    69.09%
        Req/Sec   108.44     58.84   282.00     71.00%
        Latency Distribution
        50%  604.50ms
        75%  743.01ms
        90%  923.20ms
        99%    1.28s
        1113 requests in 3.03s, 0.86MB read
        Requests/sec:    367.69
        Transfer/sec:    290.13KB
        [run.sh] Speed is 367.69, duration is 81
        [run.sh] Fix the request number.
        [run.sh] Running the actual test
        [run.sh] /wrk/wrk -t4 -c256 -d81s -L -s /wrk/fix_req_n.lua http://service0:80/endpoint1
        [run.sh] Checking the resource usage
        NAME                             CPU(cores)   MEMORY(bytes)
        service0-67755c8fc4-czn8n        1911m        126Mi
        service1-59c646b8fc-jndsk        583m         31Mi
        service2-8f59bd44f-tqz6t         442m         37Mi
        service3-5f958b99b9-n56nh        413m         30Mi
        ubuntu-client-76886f6bbd-tt5dm   19m          13Mi
        Running 1m test @ http://service0:80/endpoint1
        4 threads and 256 connections
        Thread Stats   Avg      Stdev     Max   +/- Stdev
        Latency   596.22ms  249.85ms   1.96s    70.98%
        Req/Sec   106.37     65.98   454.00     70.04%
        Latency Distribution
        50%  568.90ms
        75%  745.43ms
        90%  922.62ms
        99%    1.33s
        20000 requests in 1.35m, 15.41MB read
        Socket errors: connect 0, read 0, write 0, timeout 769
        Requests/sec:    246.91
        Transfer/sec:    194.77KB
        ------------------------------
        stop time: 60.230034
        stop time: 60.209672
        stop time: 59.988132
        stop time: 60.105239
        [run.sh] Test finished with status 0
        > STDERR
        > No resources found in default namespace.
    [exp] Times: [60.230034, 60.209672, 59.988132, 60.105239]
    [exp] Throughput: 332.5945894751099
[test.py] Baseline throughput: 332.5945894751099
[test.py] Running groundtruth experiment
    [exp] Running (pre_run: False) workload synthetic/fanout-w3-grpc-async request with the following configuration: {'PROCESSING_TIME_SERVICE0': '0.0', 'PROCESSING_TIME_SERVICE1': '0.0004631', 'PROCESSING_TIME_SERVICE2': '0.00017101', 'PROCESSING_TIME_SERVICE3': '0.00010316', 'SLOWPOKE_DELAY_MICROS_SERVICE0': '0', 'SLOWPOKE_DELAY_MICROS_SERVICE1': '0', 'SLOWPOKE_DELAY_MICROS_SERVICE2': '0', 'SLOWPOKE_DELAY_MICROS_SERVICE3': '0'}
    [exp] Executing cmd `bash run.sh synthetic fanout-w3-grpc-async 4 256 20000`:
        [run.sh] Running benchmark synthetic with request fanout-w3-grpc-async, thread 4, conn 256, duration 60
        [run.sh] Deleting all services
        configmap "config-service0" deleted
        deployment.apps "service0" deleted
        service "service0" deleted
        configmap "config-service1" deleted
        deployment.apps "service1" deleted
        service "service1" deleted
        configmap "config-service2" deleted
        deployment.apps "service2" deleted
        service "service2" deleted
        configmap "config-service3" deleted
        deployment.apps "service3" deleted
        service "service3" deleted
        deployment.apps "ubuntu-client" deleted
        [run.sh] Waiting for all pods to be deleted
        [run.sh] Deploying all services
        configmap/config-service0 created
        deployment.apps/service0 created
        service/service0 created
        configmap/config-service1 created
        deployment.apps/service1 created
        service/service1 created
        configmap/config-service2 created
        deployment.apps/service2 created
        service/service2 created
        configmap/config-service3 created
        deployment.apps/service3 created
        service/service3 created
        [run.sh] Client pod not found, deploying client
        deployment.apps/ubuntu-client created
        [run.sh] Waiting for all pods to be running
        [run.sh] All pods are running
        [run.sh] Running warmup test
        [run.sh] /wrk/wrk -t4 -c256 -d3s -L http://service0:80/endpoint1
        Running 3s test @ http://service0:80/endpoint1
        4 threads and 256 connections
        Thread Stats   Avg      Stdev     Max   +/- Stdev
        Latency   476.21ms  174.90ms   1.37s    75.49%
        Req/Sec   130.59     73.63   303.00     68.42%
        Latency Distribution
        50%  456.24ms
        75%  569.22ms
        90%  681.37ms
        99%    1.06s
        1489 requests in 3.03s, 1.13MB read
        Requests/sec:    491.84
        Transfer/sec:    383.77KB
        [run.sh] Speed is 491.84, duration is 60
        [run.sh] Fix the request number.
        [run.sh] Running the actual test
        [run.sh] /wrk/wrk -t4 -c256 -d60s -L -s /wrk/fix_req_n.lua http://service0:80/endpoint1
        [run.sh] Checking the resource usage
        NAME                             CPU(cores)   MEMORY(bytes)
        service0-67755c8fc4-kxq54        421m         109Mi
        service1-59c646b8fc-2h8vs        240m         34Mi
        service2-8f59bd44f-kmk2h         42m          23Mi
        service3-5f958b99b9-klqh8        110m         31Mi
        ubuntu-client-76886f6bbd-qjhdx   3m           9Mi
        Running 1m test @ http://service0:80/endpoint1
        4 threads and 256 connections
        Thread Stats   Avg      Stdev     Max   +/- Stdev
        Latency   478.19ms  196.26ms   1.60s    72.54%
        Req/Sec   132.93     75.22   396.00     69.55%
        Latency Distribution
        50%  455.34ms
        75%  582.93ms
        90%  724.84ms
        99%    1.11s
        20000 requests in 1.00m, 15.23MB read
        Socket errors: connect 0, read 0, write 0, timeout 774
        Requests/sec:    333.33
        Transfer/sec:    259.95KB
        ------------------------------
        stop time: 51.302927
        stop time: 51.084789
        stop time: 51.469298
        stop time: 51.312988
        [run.sh] Test finished with status 0
        > STDERR
        > No resources found in default namespace.
    [exp] Times: [51.302927, 51.084789, 51.469298, 51.312988]
    [exp] Throughput: 389.92054988623534
    [exp] Running (pre_run: False) workload synthetic/fanout-w3-grpc-async request with the following configuration: {'PROCESSING_TIME_SERVICE0': '0.000316', 'PROCESSING_TIME_SERVICE1': '0.0004631', 'PROCESSING_TIME_SERVICE2': '0.00017101', 'PROCESSING_TIME_SERVICE3': '0.00010316', 'SLOWPOKE_DELAY_MICROS_SERVICE0': '0', 'SLOWPOKE_DELAY_MICROS_SERVICE1': '0', 'SLOWPOKE_DELAY_MICROS_SERVICE2': '0', 'SLOWPOKE_DELAY_MICROS_SERVICE3': '0'}
    [exp] Executing cmd `bash run.sh synthetic fanout-w3-grpc-async 4 256 20000`:
        [run.sh] Running benchmark synthetic with request fanout-w3-grpc-async, thread 4, conn 256, duration 60
        [run.sh] Deleting all services
        configmap "config-service0" deleted
        deployment.apps "service0" deleted
        service "service0" deleted
        configmap "config-service1" deleted
        deployment.apps "service1" deleted
        service "service1" deleted
        configmap "config-service2" deleted
        deployment.apps "service2" deleted
        service "service2" deleted
        configmap "config-service3" deleted
        deployment.apps "service3" deleted
        service "service3" deleted
        deployment.apps "ubuntu-client" deleted
        [run.sh] Waiting for all pods to be deleted
        [run.sh] Deploying all services
        configmap/config-service0 created
        deployment.apps/service0 created
        service/service0 created
        configmap/config-service1 created
        deployment.apps/service1 created
        service/service1 created
        configmap/config-service2 created
        deployment.apps/service2 created
        service/service2 created
        configmap/config-service3 created
        deployment.apps/service3 created
        service/service3 created
        [run.sh] Client pod not found, deploying client
        deployment.apps/ubuntu-client created
        [run.sh] Waiting for all pods to be running
        [run.sh] All pods are running
        [run.sh] Running warmup test
        [run.sh] /wrk/wrk -t4 -c256 -d3s -L http://service0:80/endpoint1
        Running 3s test @ http://service0:80/endpoint1
        4 threads and 256 connections
        Thread Stats   Avg      Stdev     Max   +/- Stdev
        Latency   532.51ms  218.57ms   1.41s    69.54%
        Req/Sec   118.19     57.17   290.00     68.75%
        Latency Distribution
        50%  504.23ms
        75%  657.79ms
        90%  828.65ms
        99%    1.16s
        1337 requests in 3.03s, 1.03MB read
        Requests/sec:    441.58
        Transfer/sec:    347.57KB
        [run.sh] Speed is 441.58, duration is 67
        [run.sh] Fix the request number.
        [run.sh] Running the actual test
        [run.sh] /wrk/wrk -t4 -c256 -d67s -L -s /wrk/fix_req_n.lua http://service0:80/endpoint1
        [run.sh] Checking the resource usage
        NAME                             CPU(cores)   MEMORY(bytes)
        service0-67755c8fc4-24jpv        1520m        129Mi
        service1-59c646b8fc-ckqwm        154m         42Mi
        service2-8f59bd44f-rml4f         303m         33Mi
        service3-5f958b99b9-zfwjl        337m         39Mi
        ubuntu-client-76886f6bbd-r572q   14m          10Mi
        Running 1m test @ http://service0:80/endpoint1
        4 threads and 256 connections
        Thread Stats   Avg      Stdev     Max   +/- Stdev
        Latency   513.42ms  211.59ms   1.80s    71.74%
        Req/Sec   121.64     71.55   434.00     67.87%
        Latency Distribution
        50%  488.70ms
        75%  636.41ms
        90%  781.46ms
        99%    1.13s
        20000 requests in 1.12m, 15.36MB read
        Socket errors: connect 0, read 0, write 0, timeout 1282
        Requests/sec:    298.51
        Transfer/sec:    234.68KB
        ------------------------------
        stop time: 63.038267
        stop time: 63.100273
        stop time: 63.346343
        stop time: 62.841769
        [run.sh] Test finished with status 0
        > STDERR
        > No resources found in default namespace.
    [exp] Times: [63.038267, 63.100273, 63.346343, 62.841769]
    [exp] Throughput: 317.0493460199361
    [exp] Running (pre_run: False) workload synthetic/fanout-w3-grpc-async request with the following configuration: {'PROCESSING_TIME_SERVICE0': '0.000632', 'PROCESSING_TIME_SERVICE1': '0.0004631', 'PROCESSING_TIME_SERVICE2': '0.00017101', 'PROCESSING_TIME_SERVICE3': '0.00010316', 'SLOWPOKE_DELAY_MICROS_SERVICE0': '0', 'SLOWPOKE_DELAY_MICROS_SERVICE1': '0', 'SLOWPOKE_DELAY_MICROS_SERVICE2': '0', 'SLOWPOKE_DELAY_MICROS_SERVICE3': '0'}
    [exp] Executing cmd `bash run.sh synthetic fanout-w3-grpc-async 4 256 20000`:
        [run.sh] Running benchmark synthetic with request fanout-w3-grpc-async, thread 4, conn 256, duration 60
        [run.sh] Deleting all services
        configmap "config-service0" deleted
        deployment.apps "service0" deleted
        service "service0" deleted
        configmap "config-service1" deleted
        deployment.apps "service1" deleted
        service "service1" deleted
        configmap "config-service2" deleted
        deployment.apps "service2" deleted
        service "service2" deleted
        configmap "config-service3" deleted
        deployment.apps "service3" deleted
        service "service3" deleted
        deployment.apps "ubuntu-client" deleted
        [run.sh] Waiting for all pods to be deleted
        [run.sh] Deploying all services
        configmap/config-service0 created
        deployment.apps/service0 created
        service/service0 created
        configmap/config-service1 created
        deployment.apps/service1 created
        service/service1 created
        configmap/config-service2 created
        deployment.apps/service2 created
        service/service2 created
        configmap/config-service3 created
        deployment.apps/service3 created
        service/service3 created
        [run.sh] Client pod not found, deploying client
        deployment.apps/ubuntu-client created
        [run.sh] Waiting for all pods to be running
        [run.sh] All pods are running
        [run.sh] Running warmup test
        [run.sh] /wrk/wrk -t4 -c256 -d3s -L http://service0:80/endpoint1
        Running 3s test @ http://service0:80/endpoint1
        4 threads and 256 connections
        Thread Stats   Avg      Stdev     Max   +/- Stdev
        Latency   569.54ms  235.44ms   1.52s    73.47%
        Req/Sec   105.07     60.98   280.00     68.14%
        Latency Distribution
        50%  544.97ms
        75%  698.91ms
        90%  851.00ms
        99%    1.32s
        1193 requests in 3.03s, 0.92MB read
        Requests/sec:    393.84
        Transfer/sec:    309.99KB
        [run.sh] Speed is 393.84, duration is 76
        [run.sh] Fix the request number.
        [run.sh] Running the actual test
        [run.sh] /wrk/wrk -t4 -c256 -d76s -L -s /wrk/fix_req_n.lua http://service0:80/endpoint1
        [run.sh] Checking the resource usage
        NAME                             CPU(cores)   MEMORY(bytes)
        service0-67755c8fc4-cctdn        1488m        120Mi
        service1-59c646b8fc-dhc8g        118m         34Mi
        service2-8f59bd44f-p5s94         268m         24Mi
        service3-5f958b99b9-cjzk5        311m         39Mi
        ubuntu-client-76886f6bbd-ncvxg   12m          11Mi
        Running 1m test @ http://service0:80/endpoint1
        4 threads and 256 connections
        Thread Stats   Avg      Stdev     Max   +/- Stdev
        Latency   555.43ms  252.76ms   1.98s    70.58%
        Req/Sec   113.24     68.58   440.00     70.98%
        Latency Distribution
        50%  524.19ms
        75%  706.17ms
        90%  888.56ms
        99%    1.26s
        20000 requests in 1.27m, 15.36MB read
        Socket errors: connect 0, read 0, write 0, timeout 1026
        Requests/sec:    263.16
        Transfer/sec:    207.01KB
        ------------------------------
        stop time: 61.679796
        stop time: 61.192916
        stop time: 62.047434
        stop time: 61.716037
        [run.sh] Test finished with status 0
        > STDERR
        > No resources found in default namespace.
    [exp] Times: [61.679796, 61.192916, 62.047434, 61.716037]
    [exp] Throughput: 324.36441006711493
[test.py] Running slowdown experiment
    [exp] Running (pre_run: False) workload synthetic/fanout-w3-grpc-async request with the following configuration: {'PROCESSING_TIME_SERVICE0': '0.00094906', 'PROCESSING_TIME_SERVICE1': '0.0004631', 'PROCESSING_TIME_SERVICE2': '0.00017101', 'PROCESSING_TIME_SERVICE3': '0.00010316', 'SLOWPOKE_DELAY_MICROS_SERVICE0': '0', 'SLOWPOKE_DELAY_MICROS_SERVICE1': '949', 'SLOWPOKE_DELAY_MICROS_SERVICE2': '949', 'SLOWPOKE_DELAY_MICROS_SERVICE3': '949'}
    [exp] Executing cmd `bash run.sh synthetic fanout-w3-grpc-async 4 256 20000`:
        [run.sh] Running benchmark synthetic with request fanout-w3-grpc-async, thread 4, conn 256, duration 60
        [run.sh] Deleting all services
        configmap "config-service0" deleted
        deployment.apps "service0" deleted
        service "service0" deleted
        configmap "config-service1" deleted
        deployment.apps "service1" deleted
        service "service1" deleted
        configmap "config-service2" deleted
        deployment.apps "service2" deleted
        service "service2" deleted
        configmap "config-service3" deleted
        deployment.apps "service3" deleted
        service "service3" deleted
        deployment.apps "ubuntu-client" deleted
        [run.sh] Waiting for all pods to be deleted
        [run.sh] Deploying all services
        configmap/config-service0 created
        deployment.apps/service0 created
        service/service0 created
        configmap/config-service1 created
        deployment.apps/service1 created
        service/service1 created
        configmap/config-service2 created
        deployment.apps/service2 created
        service/service2 created
        configmap/config-service3 created
        deployment.apps/service3 created
        service/service3 created
        [run.sh] Client pod not found, deploying client
        deployment.apps/ubuntu-client created
        [run.sh] Waiting for all pods to be running
        [run.sh] All pods are running
        [run.sh] Running warmup test
        [run.sh] /wrk/wrk -t4 -c256 -d3s -L http://service0:80/endpoint1
        Running 3s test @ http://service0:80/endpoint1
        4 threads and 256 connections
        Thread Stats   Avg      Stdev     Max   +/- Stdev
        Latency   637.00ms  211.96ms   1.41s    72.42%
        Req/Sec   105.07     50.20   232.00     69.23%
        Latency Distribution
        50%  612.68ms
        75%  771.35ms
        90%  905.31ms
        99%    1.23s
        1106 requests in 3.03s, 0.85MB read
        Requests/sec:    364.74
        Transfer/sec:    287.81KB
        [run.sh] Speed is 364.74, duration is 82
        [run.sh] Fix the request number.
        [run.sh] Running the actual test
        [run.sh] /wrk/wrk -t4 -c256 -d82s -L -s /wrk/fix_req_n.lua http://service0:80/endpoint1
        [run.sh] Checking the resource usage
        NAME                             CPU(cores)   MEMORY(bytes)
        service0-67755c8fc4-kwkqr        464m         82Mi
        service1-84466dbb5-6s7bx         317m         21Mi
        service2-7d979784f7-7k558        266m         32Mi
        service3-67b7cb7ccc-nvhmq        263m         12Mi
        ubuntu-client-76886f6bbd-xhpwc   9m           0Mi
        Running 1m test @ http://service0:80/endpoint1
        4 threads and 256 connections
        Thread Stats   Avg      Stdev     Max   +/- Stdev
        Latency   598.41ms  255.78ms   1.99s    70.13%
        Req/Sec   106.14     59.35   350.00     68.38%
        Latency Distribution
        50%  570.02ms
        75%  748.30ms
        90%  937.81ms
        99%    1.31s
        20000 requests in 1.37m, 15.40MB read
        Socket errors: connect 0, read 0, write 0, timeout 519
        Requests/sec:    243.90
        Transfer/sec:    192.29KB
        ------------------------------
        stop time: 55.979782
        stop time: 56.267311
        stop time: 55.893996
        stop time: 56.243404
        [run.sh] Test finished with status 0
        > STDERR
        > No resources found in default namespace.
    [exp] Times: [55.979782, 56.267311, 55.893996, 56.243404]
    [exp] Throughput: 356.53087666802355
    [exp] Running (pre_run: False) workload synthetic/fanout-w3-grpc-async request with the following configuration: {'PROCESSING_TIME_SERVICE0': '0.00094906', 'PROCESSING_TIME_SERVICE1': '0.0004631', 'PROCESSING_TIME_SERVICE2': '0.00017101', 'PROCESSING_TIME_SERVICE3': '0.00010316', 'SLOWPOKE_DELAY_MICROS_SERVICE0': '0', 'SLOWPOKE_DELAY_MICROS_SERVICE1': '633', 'SLOWPOKE_DELAY_MICROS_SERVICE2': '633', 'SLOWPOKE_DELAY_MICROS_SERVICE3': '633'}
    [exp] Executing cmd `bash run.sh synthetic fanout-w3-grpc-async 4 256 20000`:
        [run.sh] Running benchmark synthetic with request fanout-w3-grpc-async, thread 4, conn 256, duration 60
        [run.sh] Deleting all services
        configmap "config-service0" deleted
        deployment.apps "service0" deleted
        service "service0" deleted
        configmap "config-service1" deleted
        deployment.apps "service1" deleted
        service "service1" deleted
        configmap "config-service2" deleted
        deployment.apps "service2" deleted
        service "service2" deleted
        configmap "config-service3" deleted
        deployment.apps "service3" deleted
        service "service3" deleted
        deployment.apps "ubuntu-client" deleted
        [run.sh] Waiting for all pods to be deleted
        [run.sh] Deploying all services
        configmap/config-service0 created
        deployment.apps/service0 created
        service/service0 created
        configmap/config-service1 created
        deployment.apps/service1 created
        service/service1 created
        configmap/config-service2 created
        deployment.apps/service2 created
        service/service2 created
        configmap/config-service3 created
        deployment.apps/service3 created
        service/service3 created
        [run.sh] Client pod not found, deploying client
        deployment.apps/ubuntu-client created
        [run.sh] Waiting for all pods to be running
        [run.sh] All pods are running
        [run.sh] Running warmup test
        [run.sh] /wrk/wrk -t4 -c256 -d3s -L http://service0:80/endpoint1
        Running 3s test @ http://service0:80/endpoint1
        4 threads and 256 connections
        Thread Stats   Avg      Stdev     Max   +/- Stdev
        Latency   602.16ms  251.31ms   1.81s    70.29%
        Req/Sec   103.34     45.81   230.00     68.27%
        Latency Distribution
        50%  582.50ms
        75%  760.77ms
        90%  942.67ms
        99%    1.29s
        1085 requests in 3.03s, 856.13KB read
        Requests/sec:    357.99
        Transfer/sec:    282.47KB
        [run.sh] Speed is 357.99, duration is 83
        [run.sh] Fix the request number.
        [run.sh] Running the actual test
        [run.sh] /wrk/wrk -t4 -c256 -d83s -L -s /wrk/fix_req_n.lua http://service0:80/endpoint1
        [run.sh] Checking the resource usage
        Running 1m test @ http://service0:80/endpoint1
        4 threads and 256 connections
        Thread Stats   Avg      Stdev     Max   +/- Stdev
        Latency   597.51ms  264.40ms   2.00s    71.07%
        Req/Sec   105.74     61.67   400.00     68.41%
        Latency Distribution
        50%  571.13ms
        75%  748.37ms
        90%  945.06ms
        99%    1.34s
        20000 requests in 1.38m, 15.40MB read
        Socket errors: connect 0, read 0, write 0, timeout 771
        Requests/sec:    240.96
        Transfer/sec:    190.05KB
        ------------------------------
        stop time: 60.287982
        stop time: 60.425968
        stop time: 60.657206
        stop time: 60.796240
        [run.sh] Test finished with status 0
        > STDERR
        > No resources found in default namespace.
        > error: metrics not available yet
    [exp] Times: [60.287982, 60.425968, 60.657206, 60.79624]
    [exp] Throughput: 330.3500030202249
    [exp] Running (pre_run: False) workload synthetic/fanout-w3-grpc-async request with the following configuration: {'PROCESSING_TIME_SERVICE0': '0.00094906', 'PROCESSING_TIME_SERVICE1': '0.0004631', 'PROCESSING_TIME_SERVICE2': '0.00017101', 'PROCESSING_TIME_SERVICE3': '0.00010316', 'SLOWPOKE_DELAY_MICROS_SERVICE0': '0', 'SLOWPOKE_DELAY_MICROS_SERVICE1': '317', 'SLOWPOKE_DELAY_MICROS_SERVICE2': '317', 'SLOWPOKE_DELAY_MICROS_SERVICE3': '317'}
    [exp] Executing cmd `bash run.sh synthetic fanout-w3-grpc-async 4 256 20000`:
        [run.sh] Running benchmark synthetic with request fanout-w3-grpc-async, thread 4, conn 256, duration 60
        [run.sh] Deleting all services
        configmap "config-service0" deleted
        deployment.apps "service0" deleted
        service "service0" deleted
        configmap "config-service1" deleted
        deployment.apps "service1" deleted
        service "service1" deleted
        configmap "config-service2" deleted
        deployment.apps "service2" deleted
        service "service2" deleted
        configmap "config-service3" deleted
        deployment.apps "service3" deleted
        service "service3" deleted
        deployment.apps "ubuntu-client" deleted
        [run.sh] Waiting for all pods to be deleted
        [run.sh] Deploying all services
        configmap/config-service0 created
        deployment.apps/service0 created
        service/service0 created
        configmap/config-service1 created
        deployment.apps/service1 created
        service/service1 created
        configmap/config-service2 created
        deployment.apps/service2 created
        service/service2 created
        configmap/config-service3 created
        deployment.apps/service3 created
        service/service3 created
        [run.sh] Client pod not found, deploying client
        deployment.apps/ubuntu-client created
        [run.sh] Waiting for all pods to be running
        [run.sh] All pods are running
        [run.sh] Running warmup test
        [run.sh] /wrk/wrk -t4 -c256 -d3s -L http://service0:80/endpoint1
        Running 3s test @ http://service0:80/endpoint1
        4 threads and 256 connections
        Thread Stats   Avg      Stdev     Max   +/- Stdev
        Latency   621.04ms  243.91ms   1.67s    73.47%
        Req/Sec   102.75     65.93   292.00     66.67%
        Latency Distribution
        50%  588.83ms
        75%  763.37ms
        90%  932.42ms
        99%    1.35s
        1094 requests in 3.03s, 863.23KB read
        Requests/sec:    361.08
        Transfer/sec:    284.92KB
        [run.sh] Speed is 361.08, duration is 83
        [run.sh] Fix the request number.
        [run.sh] Running the actual test
        [run.sh] /wrk/wrk -t4 -c256 -d83s -L -s /wrk/fix_req_n.lua http://service0:80/endpoint1
        [run.sh] Checking the resource usage
        NAME                             CPU(cores)   MEMORY(bytes)
        service0-67755c8fc4-zk6h9        1926m        136Mi
        service1-9587d659b-pdj49         707m         43Mi
        service2-55cdf476c6-m2w6b        556m         36Mi
        service3-7cc9c5ffdd-s2ptt        545m         36Mi
        ubuntu-client-76886f6bbd-twd25   18m          13Mi
        Running 1m test @ http://service0:80/endpoint1
        4 threads and 256 connections
        Thread Stats   Avg      Stdev     Max   +/- Stdev
        Latency   599.54ms  234.72ms   1.92s    71.29%
        Req/Sec   105.60     62.81   353.00     70.32%
        Latency Distribution
        50%  573.56ms
        75%  729.63ms
        90%  910.27ms
        99%    1.27s
        20000 requests in 1.38m, 15.41MB read
        Socket errors: connect 0, read 0, write 0, timeout 516
        Requests/sec:    240.96
        Transfer/sec:    190.07KB
        ------------------------------
        stop time: 56.255969
        stop time: 56.421117
        stop time: 56.063322
        stop time: 56.335564
        [run.sh] Test finished with status 0
        > STDERR
        > No resources found in default namespace.
    [exp] Times: [56.255969, 56.421117, 56.063322, 56.335564]
    [exp] Throughput: 355.4355415601626
[test.py] Baseline throughput:  332.5945894751099
[test.py] Groundtruth:  [389.92054988623534, 317.0493460199361, 324.36441006711493]
[test.py] Slowdown:  [356.53087666802355, 330.3500030202249, 355.4355415601626]
[test.py] Predicted:  [429.1336864241729, 368.9271206424334, 376.65923335947286]
[test.py] Error percentage:  [10.056699127393648, 16.362681479631643, 16.122244509358318]
[test.py] ++++++++++++++++++++++++++++++++ Summary: 
[test.py] Result for the experiment 0: 
    Baseline throughput: 360.6257272891181
    Groundtruth: [393.6921269497664, 348.60254759874744, 348.1124578861708]
    Slowdown:    [356.00759976543367, 321.538639559566, 355.0403494037288]
    Predicted:   [428.3758199327382, 357.97180157676735, 376.2154663476158]
    Error Perc:  [8.80985181280937, 2.6876607880686576, 8.07296832526299]
[test.py] Result for the experiment 1: 
    Baseline throughput: 355.9276138088222
    Groundtruth: [394.21622900107474, 369.20591031282333, 350.03269611660335]
    Slowdown:    [359.2655245672524, 354.6929674812522, 363.1436569252594]
    Predicted:   [433.10168222161275, 399.55093671121153, 385.3265863418718]
    Error Perc:  [9.863990967361215, 8.218998003763605, 10.08302670488568]
[test.py] Result for the experiment 2: 
    Baseline throughput: 332.5945894751099
    Groundtruth: [389.92054988623534, 317.0493460199361, 324.36441006711493]
    Slowdown:    [356.53087666802355, 330.3500030202249, 355.4355415601626]
    Predicted:   [429.1336864241729, 368.9271206424334, 376.65923335947286]
    Error Perc:  [10.056699127393648, 16.362681479631643, 16.122244509358318]
