[config.py] Random numbers for execution time: [202.40806507255627, 286.35738285170555, 625.4504735761037, 739.892563873741, 1014.1101769964332]
benchmark                        : synthetic
num_threads                      : 8
num_conns                        : 512
target_service                   : service3
request_type                     : dag-cross-http-sync
repetitions                      : 5
target_num_exp                   : 10
pre_run                          : False
num_req                          : 20000
groundtruths                     : []
slowdowns                        : []
predicteds                       : []
errs                             : []
poker_batch_req                  : 100
client_cpu_quota                 : 2
random_seed                      : 19434
request_ratio                    : {'service0': 1, 'service1': 1, 'service2': 2, 'service3': 1, 'service4': 4}
baseline_service_processing_time : {'service0': 4056.44, 'service1': 2959.57, 'service2': 1250.9, 'service3': 1145.43, 'service4': 202.41}
cpu_quota                        : {'service0': 2, 'service1': 2, 'service2': 2, 'service3': 2, 'service4': 2}
target_processing_time_range     : [0, 1145.43]
baseline_throughputs             : []
poker_batch                      : 20000000
[test.py] Starting experiment...
[test.py] >>>>>>>>>>>>>>>>>>>>>>>>>>>>> Running experiment 0...
[test.py] Actual processing time range: [0, 114, 228, 342, 456, 570, 684, 798, 912, 1026]
[test.py] Running baseline experiment
    [exp] Running (pre_run: False) workload synthetic/dag-cross-http-sync request with the following configuration: {'CLIENT_CPU_QUOTA': '2', 'SLOWPOKE_POKER_BATCH_THRESHOLD': '20000000', 'PROCESSING_TIME_SERVICE0': '0.00405644', 'PROCESSING_TIME_SERVICE1': '0.00295957', 'PROCESSING_TIME_SERVICE2': '0.0012509', 'PROCESSING_TIME_SERVICE3': '0.00114543', 'PROCESSING_TIME_SERVICE4': '0.00020241', 'SLOWPOKE_DELAY_MICROS_SERVICE0': '0.0', 'SLOWPOKE_POKER_BATCH_THRESHOLD_SERVICE0': '100', 'SLOWPOKE_IS_TARGET_SERVICE_SERVICE0': 'false', 'SLOWPOKE_DELAY_MICROS_SERVICE1': '0.0', 'SLOWPOKE_POKER_BATCH_THRESHOLD_SERVICE1': '100', 'SLOWPOKE_IS_TARGET_SERVICE_SERVICE1': 'false', 'SLOWPOKE_DELAY_MICROS_SERVICE2': '0.0', 'SLOWPOKE_POKER_BATCH_THRESHOLD_SERVICE2': '100', 'SLOWPOKE_IS_TARGET_SERVICE_SERVICE2': 'false', 'SLOWPOKE_DELAY_MICROS_SERVICE3': '0.0', 'SLOWPOKE_POKER_BATCH_THRESHOLD_SERVICE3': '100', 'SLOWPOKE_IS_TARGET_SERVICE_SERVICE3': 'true', 'SLOWPOKE_DELAY_MICROS_SERVICE4': '0.0', 'SLOWPOKE_POKER_BATCH_THRESHOLD_SERVICE4': '100', 'SLOWPOKE_IS_TARGET_SERVICE_SERVICE4': 'false'}
    [exp] Executing cmd `bash run.sh synthetic dag-cross-http-sync 8 512 20000`:
        [run.sh] Running benchmark synthetic with request dag-cross-http-sync, thread 8, conn 512, duration 60
        [run.sh] Deleting all services
        configmap "config-service0" deleted
        deployment.apps "service0" deleted
        service "service0" deleted
        configmap "config-service1" deleted
        deployment.apps "service1" deleted
        service "service1" deleted
        configmap "config-service2" deleted
        deployment.apps "service2" deleted
        service "service2" deleted
        configmap "config-service3" deleted
        deployment.apps "service3" deleted
        service "service3" deleted
        configmap "config-service4" deleted
        deployment.apps "service4" deleted
        service "service4" deleted
        deployment.apps "ubuntu-client" deleted
        [run.sh] Waiting for all pods to be deleted
        [run.sh] Deploying all services
        configmap/config-service0 created
        deployment.apps/service0 created
        service/service0 created
        configmap/config-service1 created
        deployment.apps/service1 created
        service/service1 created
        configmap/config-service2 created
        deployment.apps/service2 created
        service/service2 created
        configmap/config-service3 created
        deployment.apps/service3 created
        service/service3 created
        configmap/config-service4 created
        deployment.apps/service4 created
        service/service4 created
        [run.sh] Client pod not found, deploying client
        deployment.apps/ubuntu-client created
        [run.sh] Waiting for all pods to be running
        [run.sh] All pods are running
        [run.sh] Checking heartbeat for all services
        [run.sh] All pods can connect to all services
        [run.sh] Running warmup test
        [run.sh] /wrk/wrk -t8 -c512 --timeout 3s -d3s -L http://service0:80/endpoint1
        Running 3s test @ http://service0:80/endpoint1
        8 threads and 512 connections
        Thread Stats   Avg      Stdev     Max   +/- Stdev
        Latency     1.53s   622.95ms   2.96s    57.43%
        Req/Sec    49.25     36.11   151.00     65.83%
        Latency Distribution
        50%    1.60s
        75%    1.99s
        90%    2.24s
        99%    2.69s
        646 requests in 3.03s, 100.31KB read
        Requests/sec:    213.35
        Transfer/sec:     33.13KB
        [run.sh] Speed is 213.35, duration is 140
        [run.sh] Fix the request number.
        [run.sh] Running the actual test
        [run.sh] /wrk/wrk --timeout 20s -t8 -c512 -d140s -L -s /wrk/fix_req_n.lua http://service0:80/endpoint1
        [run.sh] Checking the resource usage
        NAME                             CPU(cores)   MEMORY(bytes)
        service0-7b65886d58-fd8st        97m          82Mi
        service1-7585bd9d88-gl9dk        746m         36Mi
        service2-958786d58-g2jd9         665m         37Mi
        service3-69c9c78bf7-fk2xq        72m          26Mi
        service4-9bb5bd9fd-7m6bf         174m         28Mi
        ubuntu-client-76886f6bbd-s4b2n   17m          15Mi
        Running 2m test @ http://service0:80/endpoint1
        8 threads and 512 connections
        Thread Stats   Avg      Stdev     Max   +/- Stdev
        Latency     1.23s   724.74ms   5.61s    75.94%
        Req/Sec    54.89     36.74   252.00     73.72%
        Latency Distribution
        50%    1.08s
        75%    1.56s
        90%    2.11s
        99%    3.86s
        20000 requests in 2.33m, 3.03MB read
        Requests/sec:    142.86
        Transfer/sec:     22.18KB
        ------------------------------
        stop time: 48.191363
        stop time: 49.119874
        stop time: 48.531278
        stop time: 48.411407
        stop time: 49.006720
        stop time: 49.071357
        stop time: 49.467655
        stop time: 49.486868
        [run.sh] Test finished with status 0
        > STDERR
        > No resources found in default namespace.
    [exp] Times: [48.191363, 49.119874, 48.531278, 48.411407, 49.00672, 49.071357, 49.467655, 49.486868]
    [exp] Throughput: 408.9075166253746
[test.py] Baseline throughput: 408.9075166253746
[test.py] Running 0th optmization experiment
[test.py] Running 0th groundtruth exp
    [exp] Running (pre_run: False) workload synthetic/dag-cross-http-sync request with the following configuration: {'CLIENT_CPU_QUOTA': '2', 'SLOWPOKE_POKER_BATCH_THRESHOLD': '20000000', 'PROCESSING_TIME_SERVICE0': '0.00405644', 'PROCESSING_TIME_SERVICE1': '0.00295957', 'PROCESSING_TIME_SERVICE2': '0.0012509', 'PROCESSING_TIME_SERVICE3': '0.0', 'PROCESSING_TIME_SERVICE4': '0.00020241', 'SLOWPOKE_DELAY_MICROS_SERVICE0': '0.0', 'SLOWPOKE_POKER_BATCH_THRESHOLD_SERVICE0': '100', 'SLOWPOKE_IS_TARGET_SERVICE_SERVICE0': 'false', 'SLOWPOKE_DELAY_MICROS_SERVICE1': '0.0', 'SLOWPOKE_POKER_BATCH_THRESHOLD_SERVICE1': '100', 'SLOWPOKE_IS_TARGET_SERVICE_SERVICE1': 'false', 'SLOWPOKE_DELAY_MICROS_SERVICE2': '0.0', 'SLOWPOKE_POKER_BATCH_THRESHOLD_SERVICE2': '100', 'SLOWPOKE_IS_TARGET_SERVICE_SERVICE2': 'false', 'SLOWPOKE_DELAY_MICROS_SERVICE3': '0.0', 'SLOWPOKE_POKER_BATCH_THRESHOLD_SERVICE3': '100', 'SLOWPOKE_IS_TARGET_SERVICE_SERVICE3': 'true', 'SLOWPOKE_DELAY_MICROS_SERVICE4': '0.0', 'SLOWPOKE_POKER_BATCH_THRESHOLD_SERVICE4': '100', 'SLOWPOKE_IS_TARGET_SERVICE_SERVICE4': 'false'}
    [exp] Executing cmd `bash run.sh synthetic dag-cross-http-sync 8 512 20000`:
        [run.sh] Running benchmark synthetic with request dag-cross-http-sync, thread 8, conn 512, duration 60
        [run.sh] Deleting all services
        configmap "config-service0" deleted
        deployment.apps "service0" deleted
        service "service0" deleted
        configmap "config-service1" deleted
        deployment.apps "service1" deleted
        service "service1" deleted
        configmap "config-service2" deleted
        deployment.apps "service2" deleted
        service "service2" deleted
        configmap "config-service3" deleted
        deployment.apps "service3" deleted
        service "service3" deleted
        configmap "config-service4" deleted
        deployment.apps "service4" deleted
        service "service4" deleted
        deployment.apps "ubuntu-client" deleted
        [run.sh] Waiting for all pods to be deleted
        [run.sh] Deploying all services
        configmap/config-service0 created
        deployment.apps/service0 created
        service/service0 created
        configmap/config-service1 created
        deployment.apps/service1 created
        service/service1 created
        configmap/config-service2 created
        deployment.apps/service2 created
        service/service2 created
        configmap/config-service3 created
        deployment.apps/service3 created
        service/service3 created
        configmap/config-service4 created
        deployment.apps/service4 created
        service/service4 created
        [run.sh] Client pod not found, deploying client
        deployment.apps/ubuntu-client created
        [run.sh] Waiting for all pods to be running
        [run.sh] All pods are running
        [run.sh] Checking heartbeat for all services
        [run.sh] All pods can connect to all services
        [run.sh] Running warmup test
        [run.sh] /wrk/wrk -t8 -c512 --timeout 3s -d3s -L http://service0:80/endpoint1
        Running 3s test @ http://service0:80/endpoint1
        8 threads and 512 connections
        Thread Stats   Avg      Stdev     Max   +/- Stdev
        Latency     2.18s   753.75ms   2.99s    74.06%
        Req/Sec    47.20     31.11   110.00     66.67%
        Latency Distribution
        50%    2.39s
        75%    2.57s
        90%    2.93s
        99%    2.98s
        374 requests in 3.04s, 58.07KB read
        Requests/sec:    123.14
        Transfer/sec:     19.12KB
        [run.sh] Speed is 123.14, duration is 200
        [run.sh] Fix the request number.
        [run.sh] Running the actual test
        [run.sh] /wrk/wrk --timeout 20s -t8 -c512 -d200s -L -s /wrk/fix_req_n.lua http://service0:80/endpoint1
        [run.sh] Checking the resource usage
        NAME                        CPU(cores)   MEMORY(bytes)
        service1-7585bd9d88-gsrlx   3m           3Mi
        service4-9bb5bd9fd-7sr89    3m           3Mi
        Running 3m test @ http://service0:80/endpoint1
        8 threads and 512 connections
        Thread Stats   Avg      Stdev     Max   +/- Stdev
        Latency     1.25s   608.13ms   4.76s    72.55%
        Req/Sec    54.76     36.41   220.00     72.72%
        Latency Distribution
        50%    1.17s
        75%    1.55s
        90%    2.07s
        99%    3.25s
        20001 requests in 3.33m, 3.03MB read
        Requests/sec:    100.00
        Transfer/sec:     15.53KB
        ------------------------------
        stop time: 48.364951
        stop time: 49.039371
        stop time: 49.872196
        stop time: 49.339193
        stop time: 49.349929
        stop time: 49.982430
        stop time: 50.139682
        stop time: 50.211155
        [run.sh] Test finished with status 0
        > STDERR
        > No resources found in default namespace.
    [exp] Times: [48.364951, 49.039371, 49.872196, 49.339193, 49.349929, 49.98243, 50.139682, 50.211155]
    [exp] Throughput: 403.7356580445981
[test.py] Running 0th slowdown exp
    [exp] Running (pre_run: False) workload synthetic/dag-cross-http-sync request with the following configuration: {'CLIENT_CPU_QUOTA': '2', 'SLOWPOKE_POKER_BATCH_THRESHOLD': '20000000', 'PROCESSING_TIME_SERVICE0': '0.00405644', 'PROCESSING_TIME_SERVICE1': '0.00295957', 'PROCESSING_TIME_SERVICE2': '0.0012509', 'PROCESSING_TIME_SERVICE3': '0.00114543', 'PROCESSING_TIME_SERVICE4': '0.00020241', 'SLOWPOKE_DELAY_MICROS_SERVICE0': '572.5', 'SLOWPOKE_POKER_BATCH_THRESHOLD_SERVICE0': '100', 'SLOWPOKE_IS_TARGET_SERVICE_SERVICE0': 'false', 'SLOWPOKE_DELAY_MICROS_SERVICE1': '572.5', 'SLOWPOKE_POKER_BATCH_THRESHOLD_SERVICE1': '100', 'SLOWPOKE_IS_TARGET_SERVICE_SERVICE1': 'false', 'SLOWPOKE_DELAY_MICROS_SERVICE2': '286.0', 'SLOWPOKE_POKER_BATCH_THRESHOLD_SERVICE2': '100', 'SLOWPOKE_IS_TARGET_SERVICE_SERVICE2': 'false', 'SLOWPOKE_DELAY_MICROS_SERVICE3': '0.0', 'SLOWPOKE_POKER_BATCH_THRESHOLD_SERVICE3': '100', 'SLOWPOKE_IS_TARGET_SERVICE_SERVICE3': 'true', 'SLOWPOKE_DELAY_MICROS_SERVICE4': '143.0', 'SLOWPOKE_POKER_BATCH_THRESHOLD_SERVICE4': '100', 'SLOWPOKE_IS_TARGET_SERVICE_SERVICE4': 'false'}
    [exp] Executing cmd `bash run.sh synthetic dag-cross-http-sync 8 512 20000`:
        [run.sh] Running benchmark synthetic with request dag-cross-http-sync, thread 8, conn 512, duration 60
        [run.sh] Deleting all services
        configmap "config-service0" deleted
        deployment.apps "service0" deleted
        service "service0" deleted
        configmap "config-service1" deleted
        deployment.apps "service1" deleted
        service "service1" deleted
        configmap "config-service2" deleted
        deployment.apps "service2" deleted
        service "service2" deleted
        configmap "config-service3" deleted
        deployment.apps "service3" deleted
        service "service3" deleted
        configmap "config-service4" deleted
        deployment.apps "service4" deleted
        service "service4" deleted
        deployment.apps "ubuntu-client" deleted
        [run.sh] Waiting for all pods to be deleted
        [run.sh] Deploying all services
        configmap/config-service0 created
        deployment.apps/service0 created
        service/service0 created
        configmap/config-service1 created
        deployment.apps/service1 created
        service/service1 created
        configmap/config-service2 created
        deployment.apps/service2 created
        service/service2 created
        configmap/config-service3 created
        deployment.apps/service3 created
        service/service3 created
        configmap/config-service4 created
        deployment.apps/service4 created
        service/service4 created
        [run.sh] Client pod not found, deploying client
        deployment.apps/ubuntu-client created
        [run.sh] Waiting for all pods to be running
        [run.sh] All pods are running
        [run.sh] Checking heartbeat for all services
        [run.sh] All pods can connect to all services
        [run.sh] Running warmup test
        [run.sh] /wrk/wrk -t8 -c512 --timeout 3s -d3s -L http://service0:80/endpoint1
        Running 3s test @ http://service0:80/endpoint1
        8 threads and 512 connections
        Thread Stats   Avg      Stdev     Max   +/- Stdev
        Latency     2.78s   157.48ms   3.00s    60.43%
        Req/Sec    28.18     22.66    90.00     71.79%
        Latency Distribution
        50%    2.73s
        75%    2.95s
        90%    2.99s
        99%    3.00s
        142 requests in 3.04s, 22.05KB read
        Socket errors: connect 0, read 0, write 0, timeout 3
        Requests/sec:     46.72
        Transfer/sec:      7.26KB
        [run.sh] Speed is 46.72, duration is 200
        [run.sh] Fix the request number.
        [run.sh] Running the actual test
        [run.sh] /wrk/wrk --timeout 20s -t8 -c512 -d200s -L -s /wrk/fix_req_n.lua http://service0:80/endpoint1
        [run.sh] Checking the resource usage
        NAME                             CPU(cores)   MEMORY(bytes)
        service0-86454f7cff-nr76v        1604m        95Mi
        service1-5fbd45778f-ppjn8        1088m        52Mi
        service2-8486bfd45d-8w49h        993m         47Mi
        service3-69c9c78bf7-zggk7        492m         30Mi
        service4-7c677994b4-hzw65        466m         38Mi
        ubuntu-client-76886f6bbd-hgmnf   16m          23Mi
        Running 3m test @ http://service0:80/endpoint1
        8 threads and 512 connections
        Thread Stats   Avg      Stdev     Max   +/- Stdev
        Latency     1.52s   835.43ms   6.58s    75.75%
        Req/Sec    45.32     33.66   242.00     66.01%
        Latency Distribution
        50%    1.34s
        75%    1.90s
        90%    2.59s
        99%    4.52s
        20000 requests in 3.33m, 3.03MB read
        Requests/sec:    100.00
        Transfer/sec:     15.53KB
        ------------------------------
        stop time: 60.353595
        stop time: 59.557699
        stop time: 59.139765
        stop time: 59.638832
        stop time: 60.681989
        stop time: 60.729415
        stop time: 60.167765
        stop time: 60.590881
        [run.sh] Test finished with status 0
        > STDERR
        > No resources found in default namespace.
    [exp] Times: [60.353595, 59.557699, 59.139765, 59.638832, 60.681989, 60.729415, 60.167765, 60.590881]
    [exp] Throughput: 332.7372200463668
[test.py] Finished running 0th optmization experiment: groundtruth->403.7356580445981, slowdown->332.7372200463668, predicted->411.07271529233986, err->1.817292354922807
[test.py] Running 1th optmization experiment
[test.py] Running 1th groundtruth exp
    [exp] Running (pre_run: False) workload synthetic/dag-cross-http-sync request with the following configuration: {'CLIENT_CPU_QUOTA': '2', 'SLOWPOKE_POKER_BATCH_THRESHOLD': '20000000', 'PROCESSING_TIME_SERVICE0': '0.00405644', 'PROCESSING_TIME_SERVICE1': '0.00295957', 'PROCESSING_TIME_SERVICE2': '0.0012509', 'PROCESSING_TIME_SERVICE3': '0.000114', 'PROCESSING_TIME_SERVICE4': '0.00020241', 'SLOWPOKE_DELAY_MICROS_SERVICE0': '0.0', 'SLOWPOKE_POKER_BATCH_THRESHOLD_SERVICE0': '100', 'SLOWPOKE_IS_TARGET_SERVICE_SERVICE0': 'false', 'SLOWPOKE_DELAY_MICROS_SERVICE1': '0.0', 'SLOWPOKE_POKER_BATCH_THRESHOLD_SERVICE1': '100', 'SLOWPOKE_IS_TARGET_SERVICE_SERVICE1': 'false', 'SLOWPOKE_DELAY_MICROS_SERVICE2': '0.0', 'SLOWPOKE_POKER_BATCH_THRESHOLD_SERVICE2': '100', 'SLOWPOKE_IS_TARGET_SERVICE_SERVICE2': 'false', 'SLOWPOKE_DELAY_MICROS_SERVICE3': '0.0', 'SLOWPOKE_POKER_BATCH_THRESHOLD_SERVICE3': '100', 'SLOWPOKE_IS_TARGET_SERVICE_SERVICE3': 'true', 'SLOWPOKE_DELAY_MICROS_SERVICE4': '0.0', 'SLOWPOKE_POKER_BATCH_THRESHOLD_SERVICE4': '100', 'SLOWPOKE_IS_TARGET_SERVICE_SERVICE4': 'false'}
    [exp] Executing cmd `bash run.sh synthetic dag-cross-http-sync 8 512 20000`:
        [run.sh] Running benchmark synthetic with request dag-cross-http-sync, thread 8, conn 512, duration 60
        [run.sh] Deleting all services
        configmap "config-service0" deleted
        deployment.apps "service0" deleted
        service "service0" deleted
        configmap "config-service1" deleted
        deployment.apps "service1" deleted
        service "service1" deleted
        configmap "config-service2" deleted
        deployment.apps "service2" deleted
        service "service2" deleted
        configmap "config-service3" deleted
        deployment.apps "service3" deleted
        service "service3" deleted
        configmap "config-service4" deleted
        deployment.apps "service4" deleted
        service "service4" deleted
        deployment.apps "ubuntu-client" deleted
        [run.sh] Waiting for all pods to be deleted
        [run.sh] Deploying all services
        configmap/config-service0 created
        deployment.apps/service0 created
        service/service0 created
        configmap/config-service1 created
        deployment.apps/service1 created
        service/service1 created
        configmap/config-service2 created
        deployment.apps/service2 created
        service/service2 created
        configmap/config-service3 created
        deployment.apps/service3 created
        service/service3 created
        configmap/config-service4 created
        deployment.apps/service4 created
        service/service4 created
        [run.sh] Client pod not found, deploying client
        deployment.apps/ubuntu-client created
        [run.sh] Waiting for all pods to be running
        [run.sh] All pods are running
        [run.sh] Checking heartbeat for all services
        [run.sh] All pods can connect to all services
        [run.sh] Running warmup test
        [run.sh] /wrk/wrk -t8 -c512 --timeout 3s -d3s -L http://service0:80/endpoint1
        Running 3s test @ http://service0:80/endpoint1
        8 threads and 512 connections
        Thread Stats   Avg      Stdev     Max   +/- Stdev
        Latency     2.53s   549.49ms   2.99s    94.36%
        Req/Sec    40.95     26.05   101.00     69.64%
        Latency Distribution
        50%    2.58s
        75%    2.84s
        90%    2.95s
        99%    2.99s
        266 requests in 3.03s, 41.30KB read
        Requests/sec:     87.81
        Transfer/sec:     13.63KB
        [run.sh] Speed is 87.81, duration is 200
        [run.sh] Fix the request number.
        [run.sh] Running the actual test
        [run.sh] /wrk/wrk --timeout 20s -t8 -c512 -d200s -L -s /wrk/fix_req_n.lua http://service0:80/endpoint1
        [run.sh] Checking the resource usage
        NAME                             CPU(cores)   MEMORY(bytes)
        service0-7b65886d58-4wmww        198m         73Mi
        service1-7585bd9d88-7bbfv        275m         41Mi
        service2-958786d58-kktsj         253m         49Mi
        service3-69c9c78bf7-h8nf4        52m          32Mi
        service4-9bb5bd9fd-xnjtf         122m         36Mi
        ubuntu-client-76886f6bbd-svjc4   10m          7Mi
        Running 3m test @ http://service0:80/endpoint1
        8 threads and 512 connections
        Thread Stats   Avg      Stdev     Max   +/- Stdev
        Latency     1.24s   610.70ms   4.73s    73.07%
        Req/Sec    54.80     38.31   272.00     73.87%
        Latency Distribution
        50%    1.12s
        75%    1.56s
        90%    2.04s
        99%    3.22s
        20000 requests in 3.33m, 3.03MB read
        Requests/sec:    100.00
        Transfer/sec:     15.53KB
        ------------------------------
        stop time: 48.894664
        stop time: 48.580390
        stop time: 49.498540
        stop time: 49.841229
        stop time: 49.440921
        stop time: 49.415545
        stop time: 49.952634
        stop time: 49.407633
        [run.sh] Test finished with status 0
        > STDERR
        > No resources found in default namespace.
    [exp] Times: [48.894664, 48.58039, 49.49854, 49.841229, 49.440921, 49.415545, 49.952634, 49.407633]
    [exp] Throughput: 405.03093378190783
[test.py] Running 1th slowdown exp
    [exp] Running (pre_run: False) workload synthetic/dag-cross-http-sync request with the following configuration: {'CLIENT_CPU_QUOTA': '2', 'SLOWPOKE_POKER_BATCH_THRESHOLD': '20000000', 'PROCESSING_TIME_SERVICE0': '0.00405644', 'PROCESSING_TIME_SERVICE1': '0.00295957', 'PROCESSING_TIME_SERVICE2': '0.0012509', 'PROCESSING_TIME_SERVICE3': '0.00114543', 'PROCESSING_TIME_SERVICE4': '0.00020241', 'SLOWPOKE_DELAY_MICROS_SERVICE0': '515.5', 'SLOWPOKE_POKER_BATCH_THRESHOLD_SERVICE0': '100', 'SLOWPOKE_IS_TARGET_SERVICE_SERVICE0': 'false', 'SLOWPOKE_DELAY_MICROS_SERVICE1': '515.5', 'SLOWPOKE_POKER_BATCH_THRESHOLD_SERVICE1': '100', 'SLOWPOKE_IS_TARGET_SERVICE_SERVICE1': 'false', 'SLOWPOKE_DELAY_MICROS_SERVICE2': '257.5', 'SLOWPOKE_POKER_BATCH_THRESHOLD_SERVICE2': '100', 'SLOWPOKE_IS_TARGET_SERVICE_SERVICE2': 'false', 'SLOWPOKE_DELAY_MICROS_SERVICE3': '0.0', 'SLOWPOKE_POKER_BATCH_THRESHOLD_SERVICE3': '100', 'SLOWPOKE_IS_TARGET_SERVICE_SERVICE3': 'true', 'SLOWPOKE_DELAY_MICROS_SERVICE4': '128.5', 'SLOWPOKE_POKER_BATCH_THRESHOLD_SERVICE4': '100', 'SLOWPOKE_IS_TARGET_SERVICE_SERVICE4': 'false'}
    [exp] Executing cmd `bash run.sh synthetic dag-cross-http-sync 8 512 20000`:
        [run.sh] Running benchmark synthetic with request dag-cross-http-sync, thread 8, conn 512, duration 60
        [run.sh] Deleting all services
        configmap "config-service0" deleted
        deployment.apps "service0" deleted
        service "service0" deleted
        configmap "config-service1" deleted
        deployment.apps "service1" deleted
        service "service1" deleted
        configmap "config-service2" deleted
        deployment.apps "service2" deleted
        service "service2" deleted
        configmap "config-service3" deleted
        deployment.apps "service3" deleted
        service "service3" deleted
        configmap "config-service4" deleted
        deployment.apps "service4" deleted
        service "service4" deleted
        deployment.apps "ubuntu-client" deleted
        [run.sh] Waiting for all pods to be deleted
        [run.sh] Deploying all services
        configmap/config-service0 created
        deployment.apps/service0 created
        service/service0 created
        configmap/config-service1 created
        deployment.apps/service1 created
        service/service1 created
        configmap/config-service2 created
        deployment.apps/service2 created
        service/service2 created
        configmap/config-service3 created
        deployment.apps/service3 created
        service/service3 created
        configmap/config-service4 created
        deployment.apps/service4 created
        service/service4 created
        [run.sh] Client pod not found, deploying client
        deployment.apps/ubuntu-client created
        [run.sh] Waiting for all pods to be running
        [run.sh] All pods are running
        [run.sh] Checking heartbeat for all services
        [run.sh] All pods can connect to all services
        [run.sh] Running warmup test
        [run.sh] /wrk/wrk -t8 -c512 --timeout 3s -d3s -L http://service0:80/endpoint1
        Running 3s test @ http://service0:80/endpoint1
        8 threads and 512 connections
        Thread Stats   Avg      Stdev     Max   +/- Stdev
        Latency     2.77s   302.86ms   3.00s    96.15%
        Req/Sec    34.61     28.29    90.00     61.11%
        Latency Distribution
        50%    2.85s
        75%    2.94s
        90%    2.96s
        99%    2.99s
        156 requests in 3.03s, 24.22KB read
        Requests/sec:     51.53
        Transfer/sec:      8.00KB
        [run.sh] Speed is 51.53, duration is 200
        [run.sh] Fix the request number.
        [run.sh] Running the actual test
        [run.sh] /wrk/wrk --timeout 20s -t8 -c512 -d200s -L -s /wrk/fix_req_n.lua http://service0:80/endpoint1
        [run.sh] Checking the resource usage
