benchmark                        : social
num_threads                      : 4
num_conns                        : 128
target_service                   : hometimeline
request_type                     : mix
repetitions                      : 3
target_num_exp                   : 2
pre_run                          : False
num_req                          : 50000
groundtruths                     : []
slowdowns                        : []
predicteds                       : []
errs                             : []
client_cpu_quota                 : 4
random_seed                      : 1234
request_ratio                    : {'composepost': 0.09979209979, 'hometimeline': 0.7005428505, 'poststorage': 0.9497747748, 'socialgraph': 0.09979209979, 'usertimeline': 0.4022002772}
baseline_service_processing_time : {'composepost': 0, 'hometimeline': 1000, 'poststorage': 0, 'socialgraph': 0, 'usertimeline': 0}
cpu_quota                        : {'composepost': 2, 'hometimeline': 2, 'poststorage': 2, 'socialgraph': 2, 'usertimeline': 2}
target_processing_time_range     : [0, 1000]
baseline_throughputs             : []
poker_batch                      : 50000000
[test.py] Starting experiment...
[test.py] >>>>>>>>>>>>>>>>>>>>>>>>>>>>> Running experiment 0...
[test.py] Actual processing time range: [0, 500]
[test.py] Running baseline experiment
    [exp] Running (pre_run: False) workload social/mix request with the following configuration: {'SLOWPOKE_POKER_BATCH_THRESHOLD': '50000000', 'SLOWPOKE_DELAY_MICROS_COMPOSEPOST': '0.0', 'SLOWPOKE_DELAY_MICROS_HOMETIMELINE': '500.0', 'SLOWPOKE_DELAY_MICROS_POSTSTORAGE': '0.0', 'SLOWPOKE_DELAY_MICROS_SOCIALGRAPH': '0.0', 'SLOWPOKE_DELAY_MICROS_USERTIMELINE': '0.0'}
    [exp] Executing cmd `bash run.sh social mix 4 128 50000`:
        [run.sh] Running benchmark social with request mix, thread 4, conn 128, duration 60
        [run.sh] Deleting all services
        service "composepost" deleted
        deployment.apps "composepost" deleted
        service "hometimeline" deleted
        deployment.apps "hometimeline" deleted
        service "poststorage" deleted
        deployment.apps "poststorage" deleted
        service "socialgraph" deleted
        deployment.apps "socialgraph" deleted
        service "usertimeline" deleted
        deployment.apps "usertimeline" deleted
        deployment.apps "ubuntu-client" deleted
        [run.sh] Waiting for all pods to be deleted
        [run.sh] Deploying all services
        service/composepost created
        deployment.apps/composepost created
        service/hometimeline created
        deployment.apps/hometimeline created
        service/poststorage created
        deployment.apps/poststorage created
        service/socialgraph created
        deployment.apps/socialgraph created
        service/usertimeline created
        deployment.apps/usertimeline created
        [run.sh] Client pod not found, deploying client
        deployment.apps/ubuntu-client created
        [run.sh] Waiting for all pods to be running
        [run.sh] All pods are running
        [run.sh] Checking heartbeat for all services
        [run.sh] All pods can connect to all services
        [run.sh] Populating social benchmark
        Parsing social graph file: ./data/socfb-Reed98.mtx... DONE!
        Analyzing social graph in: ./data/analysis.txt... DONE!
        Populating social graph...
        DONE!
        [run.sh] Copying social/analysis.txt to ubuntu-client-76886f6bbd-f967l:/analysis.txt
        [run.sh] Finished populating social
        [run.sh] Starting the rust proxy first for social
        [2m2025-03-25T03:49:47.503846Z[0m [32m INFO[0m [2mproxy::social[0m[2m:[0m Reading social graph from /analysis.txt
        [run.sh] Running warmup test
        [run.sh] /wrk/wrk -t4 -c128 -d3s -L http://localhost:3000
        Running 3s test @ http://localhost:3000
        4 threads and 128 connections
        Thread Stats   Avg      Stdev     Max   +/- Stdev
        Latency   100.84ms   90.38ms 550.23ms   56.10%
        Req/Sec   348.81    102.47   808.00     72.50%
        Latency Distribution
        50%   97.79ms
        75%  160.69ms
        90%  216.77ms
        99%  361.48ms
        4170 requests in 3.02s, 317.64KB read
        Requests/sec:   1380.76
        Transfer/sec:    105.17KB
        [run.sh] Speed is 1380.76, duration is 54
        [run.sh] Fix the request number.
        [run.sh] Running the actual test
        [run.sh] /wrk/wrk -t4 -c128 -d54s -s /wrk/fix_req_n.lua -L http://localhost:3000
        [run.sh] Checking the resource usage
        NAME                             CPU(cores)   MEMORY(bytes)
        composepost-77856cb6d-xc9hf      7m           9Mi
        hometimeline-787b77bcd4-vx9mw    298m         34Mi
        poststorage-79f6f46479-d82xr     195m         22Mi
        socialgraph-b45d55854-9cpst      6m           8Mi
        ubuntu-client-76886f6bbd-f967l   1m           13Mi
        usertimeline-74d9df6c5c-4l4cd    49m          11Mi
        Running 1m test @ http://localhost:3000
        4 threads and 128 connections
        Thread Stats   Avg      Stdev     Max   +/- Stdev
        Latency    94.85ms   93.48ms 911.98ms   83.76%
        Req/Sec   357.50    104.98   760.00     67.88%
        Latency Distribution
        50%   84.37ms
        75%  157.67ms
        90%  215.73ms
        99%  379.90ms
        50000 requests in 0.90m, 3.72MB read
        Requests/sec:    925.92
        Transfer/sec:     70.53KB
        ------------------------------
        stop time: 35.059236
        stop time: 35.176321
        stop time: 35.135219
        stop time: 35.035320
        [run.sh] Test finished with status 0
        > STDERR
        > No resources found in default namespace.
        > error: no objects passed to apply
    [exp] Times: [35.059236, 35.176321, 35.135219, 35.03532]
    [exp] Throughput: 1424.4395770394472
[test.py] Baseline throughput: 1424.4395770394472
[test.py] Running groundtruth experiment
    [exp] Running (pre_run: False) workload social/mix request with the following configuration: {'SLOWPOKE_POKER_BATCH_THRESHOLD': '50000000', 'SLOWPOKE_DELAY_MICROS_COMPOSEPOST': '0.0', 'SLOWPOKE_DELAY_MICROS_HOMETIMELINE': '0.0', 'SLOWPOKE_DELAY_MICROS_POSTSTORAGE': '0.0', 'SLOWPOKE_DELAY_MICROS_SOCIALGRAPH': '0.0', 'SLOWPOKE_DELAY_MICROS_USERTIMELINE': '0.0'}
    [exp] Executing cmd `bash run.sh social mix 4 128 50000`:
        [run.sh] Running benchmark social with request mix, thread 4, conn 128, duration 60
        [run.sh] Deleting all services
        service "composepost" deleted
        deployment.apps "composepost" deleted
        service "hometimeline" deleted
        deployment.apps "hometimeline" deleted
        service "poststorage" deleted
        deployment.apps "poststorage" deleted
        service "socialgraph" deleted
        deployment.apps "socialgraph" deleted
        service "usertimeline" deleted
        deployment.apps "usertimeline" deleted
        deployment.apps "ubuntu-client" deleted
        [run.sh] Waiting for all pods to be deleted
        [run.sh] Deploying all services
        service/composepost created
        deployment.apps/composepost created
        service/hometimeline created
        deployment.apps/hometimeline created
        service/poststorage created
        deployment.apps/poststorage created
        service/socialgraph created
        deployment.apps/socialgraph created
        service/usertimeline created
        deployment.apps/usertimeline created
        [run.sh] Client pod not found, deploying client
        deployment.apps/ubuntu-client created
        [run.sh] Waiting for all pods to be running
        [run.sh] All pods are running
        [run.sh] Checking heartbeat for all services
        [run.sh] All pods can connect to all services
        [run.sh] Populating social benchmark
        Parsing social graph file: ./data/socfb-Reed98.mtx... DONE!
        Analyzing social graph in: ./data/analysis.txt... DONE!
        Populating social graph...
        DONE!
        [run.sh] Copying social/analysis.txt to ubuntu-client-76886f6bbd-5nqfc:/analysis.txt
        [run.sh] Finished populating social
        [run.sh] Starting the rust proxy first for social
        [2m2025-03-25T03:51:45.530579Z[0m [32m INFO[0m [2mproxy::social[0m[2m:[0m Reading social graph from /analysis.txt
        [run.sh] Running warmup test
        [run.sh] /wrk/wrk -t4 -c128 -d3s -L http://localhost:3000
        Running 3s test @ http://localhost:3000
        4 threads and 128 connections
        Thread Stats   Avg      Stdev     Max   +/- Stdev
        Latency    50.70ms   44.02ms 307.36ms   60.54%
        Req/Sec   696.47    106.89     0.98k    67.50%
        Latency Distribution
        50%   47.55ms
        75%   76.57ms
        90%  109.39ms
        99%  179.79ms
        8324 requests in 3.02s, 634.05KB read
        Requests/sec:   2752.57
        Transfer/sec:    209.67KB
        [run.sh] Speed is 2752.57, duration is 27
        [run.sh] Fix the request number.
        [run.sh] Running the actual test
        [run.sh] /wrk/wrk -t4 -c128 -d27s -s /wrk/fix_req_n.lua -L http://localhost:3000
        Running 27s test @ http://localhost:3000
        4 threads and 128 connections
        Thread Stats   Avg      Stdev     Max   +/- Stdev
        Latency    48.28ms   46.09ms 364.19ms   84.34%
        Req/Sec   701.15    110.02     1.19k    69.62%
        Latency Distribution
        50%   38.24ms
        75%   76.36ms
        90%  110.49ms
        99%  189.59ms
        50000 requests in 27.00s, 3.72MB read
        Requests/sec:   1851.85
        Transfer/sec:    141.06KB
        ------------------------------
        stop time: 17.895325
        stop time: 17.669811
        stop time: 17.857779
        stop time: 17.993674
        [run.sh] Checking the resource usage
        NAME                             CPU(cores)   MEMORY(bytes)
        composepost-77856cb6d-jmk82      78m          9Mi
        hometimeline-56bf9b79b5-mtz48    571m         31Mi
        poststorage-79f6f46479-wn6jg     367m         20Mi
        socialgraph-b45d55854-jvtm2      15m          8Mi
        ubuntu-client-76886f6bbd-5nqfc   301m         20Mi
        usertimeline-74d9df6c5c-lvw45    163m         10Mi
        [run.sh] Test finished with status 0
        > STDERR
        > No resources found in default namespace.
        > error: no objects passed to apply
    [exp] Times: [17.895325, 17.669811, 17.857779, 17.993674]
    [exp] Throughput: 2800.4697900091537
    [exp] Running (pre_run: False) workload social/mix request with the following configuration: {'SLOWPOKE_POKER_BATCH_THRESHOLD': '50000000', 'SLOWPOKE_DELAY_MICROS_COMPOSEPOST': '0.0', 'SLOWPOKE_DELAY_MICROS_HOMETIMELINE': '250.0', 'SLOWPOKE_DELAY_MICROS_POSTSTORAGE': '0.0', 'SLOWPOKE_DELAY_MICROS_SOCIALGRAPH': '0.0', 'SLOWPOKE_DELAY_MICROS_USERTIMELINE': '0.0'}
    [exp] Executing cmd `bash run.sh social mix 4 128 50000`:
        [run.sh] Running benchmark social with request mix, thread 4, conn 128, duration 60
        [run.sh] Deleting all services
        service "composepost" deleted
        deployment.apps "composepost" deleted
        service "hometimeline" deleted
        deployment.apps "hometimeline" deleted
        service "poststorage" deleted
        deployment.apps "poststorage" deleted
        service "socialgraph" deleted
        deployment.apps "socialgraph" deleted
        service "usertimeline" deleted
        deployment.apps "usertimeline" deleted
        deployment.apps "ubuntu-client" deleted
        [run.sh] Waiting for all pods to be deleted
        [run.sh] Deploying all services
        service/composepost created
        deployment.apps/composepost created
        service/hometimeline created
        deployment.apps/hometimeline created
        service/poststorage created
        deployment.apps/poststorage created
        service/socialgraph created
        deployment.apps/socialgraph created
        service/usertimeline created
        deployment.apps/usertimeline created
        [run.sh] Client pod not found, deploying client
        deployment.apps/ubuntu-client created
        [run.sh] Waiting for all pods to be running
        [run.sh] All pods are running
        [run.sh] Checking heartbeat for all services
        [run.sh] All pods can connect to all services
        [run.sh] Populating social benchmark
        Parsing social graph file: ./data/socfb-Reed98.mtx... DONE!
        Analyzing social graph in: ./data/analysis.txt... DONE!
        Populating social graph...
        DONE!
        [run.sh] Copying social/analysis.txt to ubuntu-client-76886f6bbd-2r28z:/analysis.txt
        [run.sh] Finished populating social
        [run.sh] Starting the rust proxy first for social
        [2m2025-03-25T03:53:18.152811Z[0m [32m INFO[0m [2mproxy::social[0m[2m:[0m Reading social graph from /analysis.txt
        [run.sh] Running warmup test
        [run.sh] /wrk/wrk -t4 -c128 -d3s -L http://localhost:3000
        Running 3s test @ http://localhost:3000
        4 threads and 128 connections
        Thread Stats   Avg      Stdev     Max   +/- Stdev
        Latency    75.28ms   67.00ms 421.26ms   60.43%
        Req/Sec   466.52    159.16     0.88k    62.50%
        Latency Distribution
        50%   71.95ms
        75%  116.97ms
        90%  159.56ms
        99%  278.22ms
        5573 requests in 3.02s, 424.51KB read
        Requests/sec:   1845.00
        Transfer/sec:    140.54KB
        [run.sh] Speed is 1845.00, duration is 40
        [run.sh] Fix the request number.
        [run.sh] Running the actual test
        [run.sh] /wrk/wrk -t4 -c128 -d40s -s /wrk/fix_req_n.lua -L http://localhost:3000
        [run.sh] Checking the resource usage
        NAME                             CPU(cores)   MEMORY(bytes)
        composepost-77856cb6d-4dwxm      164m         9Mi
        hometimeline-6cd85bd984-8227j    1282m        32Mi
        poststorage-79f6f46479-zdrq6     819m         27Mi
        socialgraph-b45d55854-z48br      32m          8Mi
        ubuntu-client-76886f6bbd-2r28z   897m         26Mi
        usertimeline-74d9df6c5c-jmj2q    385m         10Mi
        Running 40s test @ http://localhost:3000
        4 threads and 128 connections
        Thread Stats   Avg      Stdev     Max   +/- Stdev
        Latency    71.67ms   69.85ms 498.18ms   83.99%
        Req/Sec   471.88    138.20     1.15k    68.02%
        Latency Distribution
        50%   54.03ms
        75%  120.48ms
        90%  162.57ms
        99%  279.77ms
        50000 requests in 40.00s, 3.72MB read
        Requests/sec:   1250.00
        Transfer/sec:     95.21KB
        ------------------------------
        stop time: 26.592768
        stop time: 26.455692
        stop time: 26.703664
        stop time: 26.546883
        [run.sh] Test finished with status 0
        > STDERR
        > No resources found in default namespace.
        > error: no objects passed to apply
    [exp] Times: [26.592768, 26.455692, 26.703664, 26.546883]
    [exp] Throughput: 1881.4851205524433
[test.py] Running slowdown experiment
    [exp] Running (pre_run: False) workload social/mix request with the following configuration: {'SLOWPOKE_POKER_BATCH_THRESHOLD': '50000000', 'SLOWPOKE_DELAY_MICROS_COMPOSEPOST': '3510.0', 'SLOWPOKE_DELAY_MICROS_HOMETIMELINE': '500.0', 'SLOWPOKE_DELAY_MICROS_POSTSTORAGE': '368.5', 'SLOWPOKE_DELAY_MICROS_SOCIALGRAPH': '3510.0', 'SLOWPOKE_DELAY_MICROS_USERTIMELINE': '870.5'}
    [exp] Executing cmd `bash run.sh social mix 4 128 50000`:
        [run.sh] Running benchmark social with request mix, thread 4, conn 128, duration 60
        [run.sh] Deleting all services
        service "composepost" deleted
        deployment.apps "composepost" deleted
        service "hometimeline" deleted
        deployment.apps "hometimeline" deleted
        service "poststorage" deleted
        deployment.apps "poststorage" deleted
        service "socialgraph" deleted
        deployment.apps "socialgraph" deleted
        service "usertimeline" deleted
        deployment.apps "usertimeline" deleted
        deployment.apps "ubuntu-client" deleted
        [run.sh] Waiting for all pods to be deleted
        [run.sh] Deploying all services
        service/composepost created
        deployment.apps/composepost created
        service/hometimeline created
        deployment.apps/hometimeline created
        service/poststorage created
        deployment.apps/poststorage created
        service/socialgraph created
        deployment.apps/socialgraph created
        service/usertimeline created
        deployment.apps/usertimeline created
        [run.sh] Client pod not found, deploying client
        deployment.apps/ubuntu-client created
        [run.sh] Waiting for all pods to be running
        [run.sh] All pods are running
        [run.sh] Checking heartbeat for all services
        [run.sh] All pods can connect to all services
        [run.sh] Populating social benchmark
        Parsing social graph file: ./data/socfb-Reed98.mtx... DONE!
        Analyzing social graph in: ./data/analysis.txt... DONE!
        Populating social graph...
        DONE!
        [run.sh] Copying social/analysis.txt to ubuntu-client-76886f6bbd-4fjtw:/analysis.txt
        [run.sh] Finished populating social
        [run.sh] Starting the rust proxy first for social
        [2m2025-03-25T03:55:11.147612Z[0m [32m INFO[0m [2mproxy::social[0m[2m:[0m Reading social graph from /analysis.txt
        [run.sh] Running warmup test
        [run.sh] /wrk/wrk -t4 -c128 -d3s -L http://localhost:3000
        Running 3s test @ http://localhost:3000
        4 threads and 128 connections
        Thread Stats   Avg      Stdev     Max   +/- Stdev
        Latency    95.49ms   65.29ms 418.19ms   66.20%
        Req/Sec   347.33     77.17   505.00     70.83%
        Latency Distribution
        50%   95.14ms
        75%  127.58ms
        90%  181.93ms
        99%  286.06ms
        4150 requests in 3.02s, 316.11KB read
        Requests/sec:   1374.75
        Transfer/sec:    104.72KB
        [run.sh] Speed is 1374.75, duration is 54
        [run.sh] Fix the request number.
        [run.sh] Running the actual test
        [run.sh] /wrk/wrk -t4 -c128 -d54s -s /wrk/fix_req_n.lua -L http://localhost:3000
        [run.sh] Checking the resource usage
        Running 1m test @ http://localhost:3000
        4 threads and 128 connections
        Thread Stats   Avg      Stdev     Max   +/- Stdev
        Latency    92.86ms   69.11ms 727.74ms   66.39%
        Req/Sec   351.50     83.09     0.89k    71.72%
        Latency Distribution
        50%   85.40ms
        75%  127.12ms
        90%  186.80ms
        99%  303.14ms
        50000 requests in 0.90m, 3.72MB read
        Requests/sec:    925.92
        Transfer/sec:     70.53KB
        ------------------------------
        stop time: 35.546808
        stop time: 35.869931
        stop time: 35.640729
        stop time: 35.725989
        [run.sh] Test finished with status 0
        > STDERR
        > No resources found in default namespace.
        > error: no objects passed to apply
        > error: metrics not available yet
    [exp] Times: [35.546808, 35.869931, 35.640729, 35.725989]
    [exp] Throughput: 1400.7224940631602
    [exp] Running (pre_run: False) workload social/mix request with the following configuration: {'SLOWPOKE_POKER_BATCH_THRESHOLD': '50000000', 'SLOWPOKE_DELAY_MICROS_COMPOSEPOST': '1755.0', 'SLOWPOKE_DELAY_MICROS_HOMETIMELINE': '500.0', 'SLOWPOKE_DELAY_MICROS_POSTSTORAGE': '184.0', 'SLOWPOKE_DELAY_MICROS_SOCIALGRAPH': '1755.0', 'SLOWPOKE_DELAY_MICROS_USERTIMELINE': '435.0'}
    [exp] Executing cmd `bash run.sh social mix 4 128 50000`:
        [run.sh] Running benchmark social with request mix, thread 4, conn 128, duration 60
        [run.sh] Deleting all services
        service "composepost" deleted
        deployment.apps "composepost" deleted
        service "hometimeline" deleted
        deployment.apps "hometimeline" deleted
        service "poststorage" deleted
        deployment.apps "poststorage" deleted
        service "socialgraph" deleted
        deployment.apps "socialgraph" deleted
        service "usertimeline" deleted
        deployment.apps "usertimeline" deleted
        deployment.apps "ubuntu-client" deleted
        [run.sh] Waiting for all pods to be deleted
        [run.sh] Deploying all services
        service/composepost created
        deployment.apps/composepost created
        service/hometimeline created
        deployment.apps/hometimeline created
        service/poststorage created
        deployment.apps/poststorage created
        service/socialgraph created
        deployment.apps/socialgraph created
        service/usertimeline created
        deployment.apps/usertimeline created
        [run.sh] Client pod not found, deploying client
        deployment.apps/ubuntu-client created
        [run.sh] Waiting for all pods to be running
        [run.sh] All pods are running
        [run.sh] Checking heartbeat for all services
        [run.sh] All pods can connect to all services
        [run.sh] Populating social benchmark
        Parsing social graph file: ./data/socfb-Reed98.mtx... DONE!
        Analyzing social graph in: ./data/analysis.txt... DONE!
        Populating social graph...
        DONE!
        [run.sh] Copying social/analysis.txt to ubuntu-client-76886f6bbd-ts5ww:/analysis.txt
        [run.sh] Finished populating social
        [run.sh] Starting the rust proxy first for social
        [2m2025-03-25T03:57:13.171577Z[0m [32m INFO[0m [2mproxy::social[0m[2m:[0m Reading social graph from /analysis.txt
        [run.sh] Running warmup test
        [run.sh] /wrk/wrk -t4 -c128 -d3s -L http://localhost:3000
        Running 3s test @ http://localhost:3000
        4 threads and 128 connections
        Thread Stats   Avg      Stdev     Max   +/- Stdev
        Latency    99.03ms   79.90ms 431.79ms   62.80%
        Req/Sec   344.68     82.55   555.00     64.17%
        Latency Distribution
        50%   91.66ms
        75%  144.70ms
        90%  205.56ms
        99%  331.02ms
        4118 requests in 3.02s, 313.68KB read
        Requests/sec:   1365.11
        Transfer/sec:    103.98KB
        [run.sh] Speed is 1365.11, duration is 54
        [run.sh] Fix the request number.
        [run.sh] Running the actual test
        [run.sh] /wrk/wrk -t4 -c128 -d54s -s /wrk/fix_req_n.lua -L http://localhost:3000
        [run.sh] Checking the resource usage
        Running 1m test @ http://localhost:3000
        4 threads and 128 connections
        Thread Stats   Avg      Stdev     Max   +/- Stdev
        Latency    93.53ms   83.76ms 789.65ms   61.85%
        Req/Sec   355.97    101.04   696.00     67.42%
        Latency Distribution
        50%   80.15ms
        75%  144.84ms
        90%  206.62ms
        99%  339.41ms
        50000 requests in 0.90m, 3.72MB read
        Requests/sec:    925.92
        Transfer/sec:     70.53KB
        ------------------------------
        stop time: 35.171397
        stop time: 35.434667
        stop time: 35.070003
        stop time: 35.434210
        [run.sh] Test finished with status 0
        > STDERR
        > No resources found in default namespace.
        > error: no objects passed to apply
        > error: metrics not available yet
    [exp] Times: [35.171397, 35.434667, 35.070003, 35.43421]
    [exp] Throughput: 1417.3312125239468
[test.py] Baseline throughput:  1424.4395770394472
[test.py] Groundtruth:  [2800.4697900091537, 1881.4851205524433]
[test.py] Slowdown:  [1400.7224940631602, 1417.3312125239468]
[test.py] Predicted:  [2749.9281875159586, 1885.3138247638492]
[test.py] Error percentage:  [-1.804754426328945, 0.2034937278845837]
[test.py] >>>>>>>>>>>>>>>>>>>>>>>>>>>>> Running experiment 1...
[test.py] Actual processing time range: [0, 500]
[test.py] Running baseline experiment
    [exp] Running (pre_run: False) workload social/mix request with the following configuration: {'SLOWPOKE_POKER_BATCH_THRESHOLD': '50000000', 'SLOWPOKE_DELAY_MICROS_COMPOSEPOST': '0.0', 'SLOWPOKE_DELAY_MICROS_HOMETIMELINE': '500.0', 'SLOWPOKE_DELAY_MICROS_POSTSTORAGE': '0.0', 'SLOWPOKE_DELAY_MICROS_SOCIALGRAPH': '0.0', 'SLOWPOKE_DELAY_MICROS_USERTIMELINE': '0.0'}
    [exp] Executing cmd `bash run.sh social mix 4 128 50000`:
        [run.sh] Running benchmark social with request mix, thread 4, conn 128, duration 60
        [run.sh] Deleting all services
        service "composepost" deleted
        deployment.apps "composepost" deleted
        service "hometimeline" deleted
        deployment.apps "hometimeline" deleted
        service "poststorage" deleted
        deployment.apps "poststorage" deleted
        service "socialgraph" deleted
        deployment.apps "socialgraph" deleted
        service "usertimeline" deleted
        deployment.apps "usertimeline" deleted
        deployment.apps "ubuntu-client" deleted
        [run.sh] Waiting for all pods to be deleted
        [run.sh] Deploying all services
        service/composepost created
        deployment.apps/composepost created
        service/hometimeline created
        deployment.apps/hometimeline created
        service/poststorage created
        deployment.apps/poststorage created
        service/socialgraph created
        deployment.apps/socialgraph created
        service/usertimeline created
        deployment.apps/usertimeline created
        [run.sh] Client pod not found, deploying client
        deployment.apps/ubuntu-client created
        [run.sh] Waiting for all pods to be running
        [run.sh] All pods are running
        [run.sh] Checking heartbeat for all services
        [run.sh] All pods can connect to all services
        [run.sh] Populating social benchmark
        Parsing social graph file: ./data/socfb-Reed98.mtx... DONE!
        Analyzing social graph in: ./data/analysis.txt... DONE!
        Populating social graph...
        DONE!
        [run.sh] Copying social/analysis.txt to ubuntu-client-76886f6bbd-6pqrr:/analysis.txt
        [run.sh] Finished populating social
