[config.py] Random numbers for execution time: [244.55307812497676, 317.0778693434568, 370.51275310785456, 425.6609487718496, 696.2586882395044, 732.9689474264655, 829.0348654254835, 843.9080865325075, 1029.3903212101636, 1039.8662555505964]
benchmark                        : synthetic
num_threads                      : 8
num_conns                        : 512
target_service                   : service5
request_type                     : chain-d8-http-sync
repetitions                      : 1
target_num_exp                   : 10
pre_run                          : False
num_req                          : 20000
groundtruths                     : []
slowdowns                        : []
predicteds                       : []
errs                             : []
client_cpu_quota                 : 2
random_seed                      : 2676
request_ratio                    : {'service0': 1, 'service1': 1, 'service2': 1, 'service3': 1, 'service4': 1, 'service5': 1, 'service6': 1, 'service7': 1, 'service8': 1, 'service9': 1}
baseline_service_processing_time : {'service0': 1039.87, 'service1': 1029.39, 'service2': 843.91, 'service3': 829.03, 'service4': 732.97, 'service5': 696.26, 'service6': 425.66, 'service7': 370.51, 'service8': 317.08, 'service9': 244.55}
cpu_quota                        : {'service0': 2, 'service1': 2, 'service2': 2, 'service3': 2, 'service4': 2, 'service5': 2, 'service6': 2, 'service7': 2, 'service8': 2, 'service9': 2}
target_processing_time_range     : [0, 696.26]
baseline_throughputs             : []
poker_batch                      : 30000000
[test.py] Starting experiment...
[test.py] >>>>>>>>>>>>>>>>>>>>>>>>>>>>> Running experiment 0...
[test.py] Actual processing time range: [0, 69, 138, 207, 276, 345, 414, 483, 552, 621]
[test.py] Running baseline experiment
    [exp] Running (pre_run: False) workload synthetic/chain-d8-http-sync request with the following configuration: {'CLIENT_CPU_QUOTA': '2', 'SLOWPOKE_POKER_BATCH_THRESHOLD': '30000000', 'PROCESSING_TIME_SERVICE0': '0.00103987', 'PROCESSING_TIME_SERVICE1': '0.00102939', 'PROCESSING_TIME_SERVICE2': '0.00084391', 'PROCESSING_TIME_SERVICE3': '0.00082903', 'PROCESSING_TIME_SERVICE4': '0.00073297', 'PROCESSING_TIME_SERVICE5': '0.00069626', 'PROCESSING_TIME_SERVICE6': '0.00042566', 'PROCESSING_TIME_SERVICE7': '0.00037051', 'PROCESSING_TIME_SERVICE8': '0.00031708', 'PROCESSING_TIME_SERVICE9': '0.00024455', 'SLOWPOKE_DELAY_MICROS_SERVICE0': '0.0', 'SLOWPOKE_POKER_BATCH_THRESHOLD_SERVICE0': '10', 'SLOWPOKE_DELAY_MICROS_SERVICE1': '0.0', 'SLOWPOKE_POKER_BATCH_THRESHOLD_SERVICE1': '10', 'SLOWPOKE_DELAY_MICROS_SERVICE2': '0.0', 'SLOWPOKE_POKER_BATCH_THRESHOLD_SERVICE2': '10', 'SLOWPOKE_DELAY_MICROS_SERVICE3': '0.0', 'SLOWPOKE_POKER_BATCH_THRESHOLD_SERVICE3': '10', 'SLOWPOKE_DELAY_MICROS_SERVICE4': '0.0', 'SLOWPOKE_POKER_BATCH_THRESHOLD_SERVICE4': '10', 'SLOWPOKE_DELAY_MICROS_SERVICE5': '0.0', 'SLOWPOKE_POKER_BATCH_THRESHOLD_SERVICE5': '10', 'SLOWPOKE_DELAY_MICROS_SERVICE6': '0.0', 'SLOWPOKE_POKER_BATCH_THRESHOLD_SERVICE6': '10', 'SLOWPOKE_DELAY_MICROS_SERVICE7': '0.0', 'SLOWPOKE_POKER_BATCH_THRESHOLD_SERVICE7': '10', 'SLOWPOKE_DELAY_MICROS_SERVICE8': '0.0', 'SLOWPOKE_POKER_BATCH_THRESHOLD_SERVICE8': '10', 'SLOWPOKE_DELAY_MICROS_SERVICE9': '0.0', 'SLOWPOKE_POKER_BATCH_THRESHOLD_SERVICE9': '10'}
    [exp] Executing cmd `bash run.sh synthetic chain-d8-http-sync 8 512 20000`:
        [run.sh] Running benchmark synthetic with request chain-d8-http-sync, thread 8, conn 512, duration 60
        [run.sh] Deleting all services
        configmap "config-service0" deleted
        deployment.apps "service0" deleted
        service "service0" deleted
        deployment.apps "ubuntu-client" deleted
        [run.sh] Waiting for all pods to be deleted
        [run.sh] Deploying all services
        configmap/config-service0 created
        deployment.apps/service0 created
        service/service0 created
        configmap/config-service1 created
        deployment.apps/service1 created
        service/service1 created
        configmap/config-service2 created
        deployment.apps/service2 created
        service/service2 created
        configmap/config-service3 created
        deployment.apps/service3 created
        service/service3 created
        configmap/config-service4 created
        deployment.apps/service4 created
        service/service4 created
        configmap/config-service5 created
        deployment.apps/service5 created
        service/service5 created
        configmap/config-service6 created
        deployment.apps/service6 created
        service/service6 created
        configmap/config-service7 created
        deployment.apps/service7 created
        service/service7 created
        configmap/config-service8 created
        deployment.apps/service8 created
        service/service8 created
        configmap/config-service9 created
        deployment.apps/service9 created
        service/service9 created
        [run.sh] Client pod not found, deploying client
        deployment.apps/ubuntu-client created
        [run.sh] Waiting for all pods to be running
        [run.sh] All pods are running
        [run.sh] Checking heartbeat for all services
        [run.sh] All pods can connect to all services
        [run.sh] Running warmup test
        [run.sh] /wrk/wrk -t8 -c512 -d3s -L http://service0:80/endpoint1
        Running 3s test @ http://service0:80/endpoint1
        8 threads and 512 connections
        Thread Stats   Avg      Stdev     Max   +/- Stdev
        Latency   451.53ms  130.00ms 964.49ms   81.92%
        Req/Sec   155.49     65.03   350.00     69.50%
        Latency Distribution
        50%  407.98ms
        75%  488.79ms
        90%  648.70ms
        99%  856.43ms
        3208 requests in 3.03s, 4.10MB read
        Requests/sec:   1058.73
        Transfer/sec:      1.35MB
        [run.sh] Speed is 1058.73, duration is 37
        [run.sh] Fix the request number.
        [run.sh] Running the actual test
        [run.sh] /wrk/wrk --timeout 20s -t8 -c512 -d37s -L -s /wrk/fix_req_n.lua http://service0:80/endpoint1
        [run.sh] Checking the resource usage
        NAME                        CPU(cores)   MEMORY(bytes)
        service0-7b6cd76cbc-fh8nh   6m           3Mi
        service2-76864b9fb9-wnbnb   6m           3Mi
        Running 37s test @ http://service0:80/endpoint1
        8 threads and 512 connections
        Thread Stats   Avg      Stdev     Max   +/- Stdev
        Latency   389.12ms   92.25ms   1.37s    88.24%
        Req/Sec   165.14     51.13   450.00     70.36%
        Latency Distribution
        50%  375.02ms
        75%  421.35ms
        90%  473.65ms
        99%  711.93ms
        20000 requests in 37.00s, 25.54MB read
        Requests/sec:    540.54
        Transfer/sec:    706.82KB
        ------------------------------
        stop time: 14.900222
        stop time: 14.999242
        stop time: 15.200832
        stop time: 15.526198
        stop time: 15.521599
        stop time: 15.581853
        stop time: 15.637266
        stop time: 15.628229
        [run.sh] Test finished with status 0
        > STDERR
        > No resources found in default namespace.
    [exp] Times: [14.900222, 14.999242, 15.200832, 15.526198, 15.521599, 15.581853, 15.637266, 15.628229]
    [exp] Throughput: 1300.861224604252
[test.py] Baseline throughput: 1300.861224604252
[test.py] Running groundtruth experiment
    [exp] Running (pre_run: False) workload synthetic/chain-d8-http-sync request with the following configuration: {'CLIENT_CPU_QUOTA': '2', 'SLOWPOKE_POKER_BATCH_THRESHOLD': '30000000', 'PROCESSING_TIME_SERVICE0': '0.00103987', 'PROCESSING_TIME_SERVICE1': '0.00102939', 'PROCESSING_TIME_SERVICE2': '0.00084391', 'PROCESSING_TIME_SERVICE3': '0.00082903', 'PROCESSING_TIME_SERVICE4': '0.00073297', 'PROCESSING_TIME_SERVICE5': '0.0', 'PROCESSING_TIME_SERVICE6': '0.00042566', 'PROCESSING_TIME_SERVICE7': '0.00037051', 'PROCESSING_TIME_SERVICE8': '0.00031708', 'PROCESSING_TIME_SERVICE9': '0.00024455', 'SLOWPOKE_DELAY_MICROS_SERVICE0': '0.0', 'SLOWPOKE_POKER_BATCH_THRESHOLD_SERVICE0': '10', 'SLOWPOKE_DELAY_MICROS_SERVICE1': '0.0', 'SLOWPOKE_POKER_BATCH_THRESHOLD_SERVICE1': '10', 'SLOWPOKE_DELAY_MICROS_SERVICE2': '0.0', 'SLOWPOKE_POKER_BATCH_THRESHOLD_SERVICE2': '10', 'SLOWPOKE_DELAY_MICROS_SERVICE3': '0.0', 'SLOWPOKE_POKER_BATCH_THRESHOLD_SERVICE3': '10', 'SLOWPOKE_DELAY_MICROS_SERVICE4': '0.0', 'SLOWPOKE_POKER_BATCH_THRESHOLD_SERVICE4': '10', 'SLOWPOKE_DELAY_MICROS_SERVICE5': '0.0', 'SLOWPOKE_POKER_BATCH_THRESHOLD_SERVICE5': '10', 'SLOWPOKE_DELAY_MICROS_SERVICE6': '0.0', 'SLOWPOKE_POKER_BATCH_THRESHOLD_SERVICE6': '10', 'SLOWPOKE_DELAY_MICROS_SERVICE7': '0.0', 'SLOWPOKE_POKER_BATCH_THRESHOLD_SERVICE7': '10', 'SLOWPOKE_DELAY_MICROS_SERVICE8': '0.0', 'SLOWPOKE_POKER_BATCH_THRESHOLD_SERVICE8': '10', 'SLOWPOKE_DELAY_MICROS_SERVICE9': '0.0', 'SLOWPOKE_POKER_BATCH_THRESHOLD_SERVICE9': '10'}
    [exp] Executing cmd `bash run.sh synthetic chain-d8-http-sync 8 512 20000`:
        [run.sh] Running benchmark synthetic with request chain-d8-http-sync, thread 8, conn 512, duration 60
        [run.sh] Deleting all services
        configmap "config-service0" deleted
        deployment.apps "service0" deleted
        service "service0" deleted
        configmap "config-service1" deleted
        deployment.apps "service1" deleted
        service "service1" deleted
        configmap "config-service2" deleted
        deployment.apps "service2" deleted
        service "service2" deleted
        configmap "config-service3" deleted
        deployment.apps "service3" deleted
        service "service3" deleted
        configmap "config-service4" deleted
        deployment.apps "service4" deleted
        service "service4" deleted
        configmap "config-service5" deleted
        deployment.apps "service5" deleted
        service "service5" deleted
        configmap "config-service6" deleted
        deployment.apps "service6" deleted
        service "service6" deleted
        configmap "config-service7" deleted
        deployment.apps "service7" deleted
        service "service7" deleted
        configmap "config-service8" deleted
        deployment.apps "service8" deleted
        service "service8" deleted
        configmap "config-service9" deleted
        deployment.apps "service9" deleted
        service "service9" deleted
        deployment.apps "ubuntu-client" deleted
        [run.sh] Waiting for all pods to be deleted
        [run.sh] Deploying all services
        configmap/config-service0 created
        deployment.apps/service0 created
        service/service0 created
        configmap/config-service1 created
        deployment.apps/service1 created
        service/service1 created
        configmap/config-service2 created
        deployment.apps/service2 created
        service/service2 created
        configmap/config-service3 created
        deployment.apps/service3 created
        service/service3 created
        configmap/config-service4 created
        deployment.apps/service4 created
        service/service4 created
        configmap/config-service5 created
        deployment.apps/service5 created
        service/service5 created
        configmap/config-service6 created
        deployment.apps/service6 created
        service/service6 created
        configmap/config-service7 created
        deployment.apps/service7 created
        service/service7 created
        configmap/config-service8 created
        deployment.apps/service8 created
        service/service8 created
        configmap/config-service9 created
        deployment.apps/service9 created
        service/service9 created
        [run.sh] Client pod not found, deploying client
        deployment.apps/ubuntu-client created
        [run.sh] Waiting for all pods to be running
        [run.sh] All pods are running
        [run.sh] Checking heartbeat for all services
        [run.sh] service0-7b6cd76cbc-5mvm7 cannot connect to service2
        [run.sh] service0-7b6cd76cbc-5mvm7 cannot connect to service2
        [run.sh] service0-7b6cd76cbc-5mvm7 cannot connect to service2
        [run.sh] service3-664547f98-8q5zp cannot connect to service2
        [run.sh] service4-8b5d98575-9csq7 cannot connect to service2
        [run.sh] service5-68ff955dd4-fhs2m cannot connect to service2
        [run.sh] service6-7894d8749-fx6zm cannot connect to service2
        [run.sh] service7-94d9c6fd6-dtbcq cannot connect to service2
        [run.sh] service8-7f48749667-wqjpd cannot connect to service2
        [run.sh] service9-5bf6cfb669-t2fkg cannot connect to service2
        [run.sh] ubuntu-client-76886f6bbd-b9t5h cannot connect to service2
        [run.sh] All pods can connect to all services
        [run.sh] Running warmup test
        [run.sh] /wrk/wrk -t8 -c512 -d3s -L http://service0:80/endpoint1
        Running 3s test @ http://service0:80/endpoint1
        8 threads and 512 connections
        Thread Stats   Avg      Stdev     Max   +/- Stdev
        Latency   403.11ms  128.33ms   1.17s    88.65%
        Req/Sec   154.12     53.48   272.00     67.26%
        Latency Distribution
        50%  373.17ms
        75%  424.02ms
        90%  512.66ms
        99%    1.08s
        3519 requests in 3.03s, 4.49MB read
        Requests/sec:   1162.40
        Transfer/sec:      1.48MB
        [run.sh] Speed is 1162.40, duration is 34
        [run.sh] Fix the request number.
        [run.sh] Running the actual test
        [run.sh] /wrk/wrk --timeout 20s -t8 -c512 -d34s -L -s /wrk/fix_req_n.lua http://service0:80/endpoint1
        Running 34s test @ http://service0:80/endpoint1
        8 threads and 512 connections
        Thread Stats   Avg      Stdev     Max   +/- Stdev
        Latency   711.05ms    1.02s    5.17s    90.71%
        Req/Sec   166.30     49.53   310.00     71.82%
        Latency Distribution
        50%  369.51ms
        75%  422.28ms
        90%    1.55s
        99%    5.02s
        20000 requests in 34.00s, 25.54MB read
        Requests/sec:    588.23
        Transfer/sec:    769.18KB
        ------------------------------
        stop time: 18.926886
        stop time: 19.286646
        stop time: 19.597903
        stop time: 19.463368
        stop time: 19.738105
        stop time: 19.670334
        stop time: 19.579166
        stop time: 19.579573
        [run.sh] Checking the resource usage
        NAME                             CPU(cores)   MEMORY(bytes)
        service0-7b6cd76cbc-5mvm7        1m           47Mi
        service1-6f658b8496-gp5p2        56m          20Mi
        service2-76864b9fb9-9q2v2        935m         18Mi
        service3-664547f98-8q5zp         349m         16Mi
        service4-8b5d98575-9csq7         919m         14Mi
        service5-68ff955dd4-fhs2m        1m           12Mi
        service6-7894d8749-fx6zm         264m         12Mi
        service7-94d9c6fd6-dtbcq         1m           12Mi
        service8-7f48749667-wqjpd        1m           11Mi
        service9-5bf6cfb669-t2fkg        364m         8Mi
        ubuntu-client-76886f6bbd-b9t5h   0m           0Mi
        [run.sh] Test finished with status 0
        > STDERR
        > No resources found in default namespace.
        > command terminated with exit code 1
        > command terminated with exit code 1
        > command terminated with exit code 1
        > command terminated with exit code 1
        > command terminated with exit code 1
        > command terminated with exit code 1
        > command terminated with exit code 1
        > command terminated with exit code 1
        > command terminated with exit code 1
        > command terminated with exit code 1
        > curl: (28) Connection timed out after 1002 milliseconds
        > command terminated with exit code 28
    [exp] Times: [18.926886, 19.286646, 19.597903, 19.463368, 19.738105, 19.670334, 19.579166, 19.579573]
    [exp] Throughput: 1026.6809942566117
    [exp] Running (pre_run: False) workload synthetic/chain-d8-http-sync request with the following configuration: {'CLIENT_CPU_QUOTA': '2', 'SLOWPOKE_POKER_BATCH_THRESHOLD': '30000000', 'PROCESSING_TIME_SERVICE0': '0.00103987', 'PROCESSING_TIME_SERVICE1': '0.00102939', 'PROCESSING_TIME_SERVICE2': '0.00084391', 'PROCESSING_TIME_SERVICE3': '0.00082903', 'PROCESSING_TIME_SERVICE4': '0.00073297', 'PROCESSING_TIME_SERVICE5': '6.9e-05', 'PROCESSING_TIME_SERVICE6': '0.00042566', 'PROCESSING_TIME_SERVICE7': '0.00037051', 'PROCESSING_TIME_SERVICE8': '0.00031708', 'PROCESSING_TIME_SERVICE9': '0.00024455', 'SLOWPOKE_DELAY_MICROS_SERVICE0': '0.0', 'SLOWPOKE_POKER_BATCH_THRESHOLD_SERVICE0': '10', 'SLOWPOKE_DELAY_MICROS_SERVICE1': '0.0', 'SLOWPOKE_POKER_BATCH_THRESHOLD_SERVICE1': '10', 'SLOWPOKE_DELAY_MICROS_SERVICE2': '0.0', 'SLOWPOKE_POKER_BATCH_THRESHOLD_SERVICE2': '10', 'SLOWPOKE_DELAY_MICROS_SERVICE3': '0.0', 'SLOWPOKE_POKER_BATCH_THRESHOLD_SERVICE3': '10', 'SLOWPOKE_DELAY_MICROS_SERVICE4': '0.0', 'SLOWPOKE_POKER_BATCH_THRESHOLD_SERVICE4': '10', 'SLOWPOKE_DELAY_MICROS_SERVICE5': '0.0', 'SLOWPOKE_POKER_BATCH_THRESHOLD_SERVICE5': '10', 'SLOWPOKE_DELAY_MICROS_SERVICE6': '0.0', 'SLOWPOKE_POKER_BATCH_THRESHOLD_SERVICE6': '10', 'SLOWPOKE_DELAY_MICROS_SERVICE7': '0.0', 'SLOWPOKE_POKER_BATCH_THRESHOLD_SERVICE7': '10', 'SLOWPOKE_DELAY_MICROS_SERVICE8': '0.0', 'SLOWPOKE_POKER_BATCH_THRESHOLD_SERVICE8': '10', 'SLOWPOKE_DELAY_MICROS_SERVICE9': '0.0', 'SLOWPOKE_POKER_BATCH_THRESHOLD_SERVICE9': '10'}
    [exp] Executing cmd `bash run.sh synthetic chain-d8-http-sync 8 512 20000`:
        [run.sh] Running benchmark synthetic with request chain-d8-http-sync, thread 8, conn 512, duration 60
        [run.sh] Deleting all services
        configmap "config-service0" deleted
        deployment.apps "service0" deleted
        service "service0" deleted
        configmap "config-service1" deleted
        deployment.apps "service1" deleted
        service "service1" deleted
        configmap "config-service2" deleted
        deployment.apps "service2" deleted
        service "service2" deleted
        configmap "config-service3" deleted
        deployment.apps "service3" deleted
        service "service3" deleted
        configmap "config-service4" deleted
        deployment.apps "service4" deleted
        service "service4" deleted
        configmap "config-service5" deleted
        deployment.apps "service5" deleted
        service "service5" deleted
        configmap "config-service6" deleted
        deployment.apps "service6" deleted
        service "service6" deleted
        configmap "config-service7" deleted
        deployment.apps "service7" deleted
        service "service7" deleted
        configmap "config-service8" deleted
        deployment.apps "service8" deleted
        service "service8" deleted
        configmap "config-service9" deleted
        deployment.apps "service9" deleted
        service "service9" deleted
        deployment.apps "ubuntu-client" deleted
        [run.sh] Waiting for all pods to be deleted
        [run.sh] Deploying all services
        configmap/config-service0 created
        deployment.apps/service0 created
        service/service0 created
        configmap/config-service1 created
        deployment.apps/service1 created
        service/service1 created
        configmap/config-service2 created
        deployment.apps/service2 created
        service/service2 created
        configmap/config-service3 created
        deployment.apps/service3 created
        service/service3 created
        configmap/config-service4 created
        deployment.apps/service4 created
        service/service4 created
        configmap/config-service5 created
        deployment.apps/service5 created
        service/service5 created
        configmap/config-service6 created
        deployment.apps/service6 created
        service/service6 created
        configmap/config-service7 created
        deployment.apps/service7 created
        service/service7 created
        configmap/config-service8 created
        deployment.apps/service8 created
        service/service8 created
        configmap/config-service9 created
        deployment.apps/service9 created
        service/service9 created
        [run.sh] Client pod not found, deploying client
        deployment.apps/ubuntu-client created
        [run.sh] Waiting for all pods to be running
        [run.sh] All pods are running
        [run.sh] Checking heartbeat for all services
