[config.py] Random numbers for execution time: [243.1852228229995, 265.3472596363038, 431.399959404726]
benchmark                        : synthetic
num_threads                      : 8
num_conns                        : 512
target_service                   : service1
request_type                     : dynamic-cache-grpc-sync
repetitions                      : 5
target_num_exp                   : 10
pre_run                          : False
num_req                          : 20000
groundtruths                     : []
slowdowns                        : []
predicteds                       : []
errs                             : []
poker_batch_req                  : 100
client_cpu_quota                 : 2
random_seed                      : 27597
request_ratio                    : {'service0': 1, 'service1': 1, 'service2': 0.25}
baseline_service_processing_time : {'service0': 431.4, 'service1': 265.35, 'service2': 972.74}
cpu_quota                        : {'service0': 2, 'service1': 2, 'service2': 2}
target_processing_time_range     : [0, 265.35]
baseline_throughputs             : []
poker_batch                      : 20000000
[test.py] Starting experiment...
[test.py] >>>>>>>>>>>>>>>>>>>>>>>>>>>>> Running experiment 0...
[test.py] Actual processing time range: [0, 26, 52, 78, 104, 130, 156, 182, 208, 234]
[test.py] Running baseline experiment
    [exp] Running (pre_run: False) workload synthetic/dynamic-cache-grpc-sync request with the following configuration: {'CLIENT_CPU_QUOTA': '2', 'SLOWPOKE_POKER_BATCH_THRESHOLD': '20000000', 'PROCESSING_TIME_SERVICE0': '0.0004314', 'PROCESSING_TIME_SERVICE1': '0.00026535', 'PROCESSING_TIME_SERVICE2': '0.00097274', 'SLOWPOKE_DELAY_MICROS_SERVICE0': '0.0', 'SLOWPOKE_POKER_BATCH_THRESHOLD_SERVICE0': '100', 'SLOWPOKE_IS_TARGET_SERVICE_SERVICE0': 'false', 'SLOWPOKE_DELAY_MICROS_SERVICE1': '0.0', 'SLOWPOKE_POKER_BATCH_THRESHOLD_SERVICE1': '100', 'SLOWPOKE_IS_TARGET_SERVICE_SERVICE1': 'true', 'SLOWPOKE_DELAY_MICROS_SERVICE2': '0.0', 'SLOWPOKE_POKER_BATCH_THRESHOLD_SERVICE2': '100', 'SLOWPOKE_IS_TARGET_SERVICE_SERVICE2': 'false'}
    [exp] Executing cmd `bash run.sh synthetic dynamic-cache-grpc-sync 8 512 20000`:
        [run.sh] Running benchmark synthetic with request dynamic-cache-grpc-sync, thread 8, conn 512, duration 60
        [run.sh] Deleting all services
        configmap "config-service0" deleted
        deployment.apps "service0" deleted
        service "service0" deleted
        configmap "config-service1" deleted
        deployment.apps "service1" deleted
        service "service1" deleted
        configmap "config-service2" deleted
        deployment.apps "service2" deleted
        service "service2" deleted
        deployment.apps "ubuntu-client" deleted
        [run.sh] Waiting for all pods to be deleted
        [run.sh] Deploying all services
        configmap/config-service0 created
        deployment.apps/service0 created
        service/service0 created
        configmap/config-service1 created
        deployment.apps/service1 created
        service/service1 created
        configmap/config-service2 created
        deployment.apps/service2 created
        service/service2 created
        [run.sh] Client pod not found, deploying client
        deployment.apps/ubuntu-client created
        [run.sh] Waiting for all pods to be running
        [run.sh] All pods are running
        [run.sh] Checking heartbeat for all services
        [run.sh] Running warmup test
        [run.sh] /wrk/wrk -t8 -c512 --timeout 3s -d3s -L http://service0:80/endpoint1
        Running 3s test @ http://service0:80/endpoint1
        8 threads and 512 connections
        Thread Stats   Avg      Stdev     Max   +/- Stdev
        Latency   156.97ms   83.06ms 684.42ms   72.36%
        Req/Sec   414.73    142.11   727.00     65.52%
        Latency Distribution
        50%  140.53ms
        75%  198.64ms
        90%  270.12ms
        99%  414.86ms
        9688 requests in 3.02s, 1.47MB read
        Requests/sec:   3210.94
        Transfer/sec:    498.57KB
        [run.sh] Speed is 3210.94, duration is 9
        [run.sh] Fix the request number.
        [run.sh] Running the actual test
        [run.sh] /wrk/wrk --timeout 20s -t8 -c512 -d9s -L -s /wrk/fix_req_n.lua http://service0:80/endpoint1
        Running 9s test @ http://service0:80/endpoint1
        8 threads and 512 connections
        Thread Stats   Avg      Stdev     Max   +/- Stdev
        Latency   161.29ms  109.62ms   1.08s    77.89%
        Req/Sec   403.50    138.26   770.00     69.26%
        Latency Distribution
        50%  138.78ms
        75%  208.21ms
        90%  285.70ms
        99%  581.74ms
        20000 requests in 9.00s, 3.03MB read
        Requests/sec:   2222.18
        Transfer/sec:    345.05KB
        ------------------------------
        stop time: 6.202319
        stop time: 6.120212
        stop time: 6.258758
        stop time: 6.218136
        stop time: 6.158365
        stop time: 6.209556
        stop time: 6.298391
        stop time: 6.289087
        [run.sh] Checking the resource usage
        NAME                             CPU(cores)   MEMORY(bytes)
        service0-6fb7cc7c7f-rzssq        0m           45Mi
        service1-745795666b-npjbk        0m           16Mi
        service2-8f7c6f8f5-5rhz7         0m           10Mi
        ubuntu-client-76886f6bbd-kjt9c   2m           4Mi
        [run.sh] Test finished with status 0
        > STDERR
        > No resources found in default namespace.
    [exp] Times: [6.202319, 6.120212, 6.258758, 6.218136, 6.158365, 6.209556, 6.298391, 6.289087]
    [exp] Throughput: 3215.7685855747372
[test.py] Baseline throughput: 3215.7685855747372
[test.py] Running 0th optmization experiment
[test.py] Running 0th groundtruth exp
    [exp] Running (pre_run: False) workload synthetic/dynamic-cache-grpc-sync request with the following configuration: {'CLIENT_CPU_QUOTA': '2', 'SLOWPOKE_POKER_BATCH_THRESHOLD': '20000000', 'PROCESSING_TIME_SERVICE0': '0.0004314', 'PROCESSING_TIME_SERVICE1': '0.0', 'PROCESSING_TIME_SERVICE2': '0.00097274', 'SLOWPOKE_DELAY_MICROS_SERVICE0': '0.0', 'SLOWPOKE_POKER_BATCH_THRESHOLD_SERVICE0': '100', 'SLOWPOKE_IS_TARGET_SERVICE_SERVICE0': 'false', 'SLOWPOKE_DELAY_MICROS_SERVICE1': '0.0', 'SLOWPOKE_POKER_BATCH_THRESHOLD_SERVICE1': '100', 'SLOWPOKE_IS_TARGET_SERVICE_SERVICE1': 'true', 'SLOWPOKE_DELAY_MICROS_SERVICE2': '0.0', 'SLOWPOKE_POKER_BATCH_THRESHOLD_SERVICE2': '100', 'SLOWPOKE_IS_TARGET_SERVICE_SERVICE2': 'false'}
    [exp] Executing cmd `bash run.sh synthetic dynamic-cache-grpc-sync 8 512 20000`:
        [run.sh] Running benchmark synthetic with request dynamic-cache-grpc-sync, thread 8, conn 512, duration 60
        [run.sh] Deleting all services
        configmap "config-service0" deleted
        deployment.apps "service0" deleted
        service "service0" deleted
        configmap "config-service1" deleted
        deployment.apps "service1" deleted
        service "service1" deleted
        configmap "config-service2" deleted
        deployment.apps "service2" deleted
        service "service2" deleted
        deployment.apps "ubuntu-client" deleted
        [run.sh] Waiting for all pods to be deleted
        [run.sh] Deploying all services
        configmap/config-service0 created
        deployment.apps/service0 created
        service/service0 created
        configmap/config-service1 created
        deployment.apps/service1 created
        service/service1 created
        configmap/config-service2 created
        deployment.apps/service2 created
        service/service2 created
        [run.sh] Client pod not found, deploying client
        deployment.apps/ubuntu-client created
        [run.sh] Waiting for all pods to be running
        [run.sh] All pods are running
        [run.sh] Checking heartbeat for all services
        [run.sh] Running warmup test
        [run.sh] /wrk/wrk -t8 -c512 --timeout 3s -d3s -L http://service0:80/endpoint1
        Running 3s test @ http://service0:80/endpoint1
        8 threads and 512 connections
        Thread Stats   Avg      Stdev     Max   +/- Stdev
        Latency   164.14ms  100.41ms 635.79ms   72.85%
        Req/Sec   401.61    173.15     0.97k    66.38%
        Latency Distribution
        50%  149.43ms
        75%  213.30ms
        90%  285.42ms
        99%  518.77ms
        9419 requests in 3.03s, 1.43MB read
        Requests/sec:   3113.09
        Transfer/sec:    483.38KB
        [run.sh] Speed is 3113.09, duration is 9
        [run.sh] Fix the request number.
        [run.sh] Running the actual test
        [run.sh] /wrk/wrk --timeout 20s -t8 -c512 -d9s -L -s /wrk/fix_req_n.lua http://service0:80/endpoint1
        Running 9s test @ http://service0:80/endpoint1
        8 threads and 512 connections
        Thread Stats   Avg      Stdev     Max   +/- Stdev
        Latency   155.78ms   92.00ms 745.35ms   73.45%
        Req/Sec   408.59    155.64   840.00     66.74%
        Latency Distribution
        50%  139.20ms
        75%  202.02ms
        90%  270.06ms
        99%  457.62ms
        20000 requests in 9.00s, 3.03MB read
        Requests/sec:   2222.18
        Transfer/sec:    345.05KB
        ------------------------------
        stop time: 6.117308
        stop time: 6.053461
        stop time: 6.176570
        stop time: 6.210018
        stop time: 6.197943
        stop time: 6.207666
        stop time: 6.103140
        stop time: 6.159182
        [run.sh] Checking the resource usage
        NAME                             CPU(cores)   MEMORY(bytes)
        service0-6fb7cc7c7f-2m45x        517m         44Mi
        service1-745795666b-6l2bt        151m         10Mi
        service2-8f7c6f8f5-td2hg         288m         9Mi
        ubuntu-client-76886f6bbd-fpj89   0m           0Mi
        [run.sh] Test finished with status 0
        > STDERR
        > No resources found in default namespace.
    [exp] Times: [6.117308, 6.053461, 6.17657, 6.210018, 6.197943, 6.207666, 6.10314, 6.159182]
    [exp] Throughput: 3250.361887166613
[test.py] Running 0th slowdown exp
    [exp] Running (pre_run: False) workload synthetic/dynamic-cache-grpc-sync request with the following configuration: {'CLIENT_CPU_QUOTA': '2', 'SLOWPOKE_POKER_BATCH_THRESHOLD': '20000000', 'PROCESSING_TIME_SERVICE0': '0.0004314', 'PROCESSING_TIME_SERVICE1': '0.00026535', 'PROCESSING_TIME_SERVICE2': '0.00097274', 'SLOWPOKE_DELAY_MICROS_SERVICE0': '132.5', 'SLOWPOKE_POKER_BATCH_THRESHOLD_SERVICE0': '100', 'SLOWPOKE_IS_TARGET_SERVICE_SERVICE0': 'false', 'SLOWPOKE_DELAY_MICROS_SERVICE1': '0.0', 'SLOWPOKE_POKER_BATCH_THRESHOLD_SERVICE1': '100', 'SLOWPOKE_IS_TARGET_SERVICE_SERVICE1': 'true', 'SLOWPOKE_DELAY_MICROS_SERVICE2': '530.5', 'SLOWPOKE_POKER_BATCH_THRESHOLD_SERVICE2': '100', 'SLOWPOKE_IS_TARGET_SERVICE_SERVICE2': 'false'}
    [exp] Executing cmd `bash run.sh synthetic dynamic-cache-grpc-sync 8 512 20000`:
        [run.sh] Running benchmark synthetic with request dynamic-cache-grpc-sync, thread 8, conn 512, duration 60
        [run.sh] Deleting all services
        configmap "config-service0" deleted
        deployment.apps "service0" deleted
        service "service0" deleted
        configmap "config-service1" deleted
        deployment.apps "service1" deleted
        service "service1" deleted
        configmap "config-service2" deleted
        deployment.apps "service2" deleted
        service "service2" deleted
        deployment.apps "ubuntu-client" deleted
        [run.sh] Waiting for all pods to be deleted
        [run.sh] Deploying all services
        configmap/config-service0 created
        deployment.apps/service0 created
        service/service0 created
        configmap/config-service1 created
        deployment.apps/service1 created
        service/service1 created
        configmap/config-service2 created
        deployment.apps/service2 created
        service/service2 created
        [run.sh] Client pod not found, deploying client
        deployment.apps/ubuntu-client created
        [run.sh] Waiting for all pods to be running
        [run.sh] All pods are running
        [run.sh] Checking heartbeat for all services
        [run.sh] Running warmup test
        [run.sh] /wrk/wrk -t8 -c512 --timeout 3s -d3s -L http://service0:80/endpoint1
        Running 3s test @ http://service0:80/endpoint1
        8 threads and 512 connections
        Thread Stats   Avg      Stdev     Max   +/- Stdev
        Latency   224.34ms  115.53ms 668.95ms   65.12%
        Req/Sec   282.75    181.79   650.00     58.10%
        Latency Distribution
        50%  211.11ms
        75%  300.43ms
        90%  384.57ms
        99%  495.42ms
        6165 requests in 3.03s, 0.93MB read
        Requests/sec:   2036.78
        Transfer/sec:    316.26KB
        [run.sh] Speed is 2036.78, duration is 14
        [run.sh] Fix the request number.
        [run.sh] Running the actual test
        [run.sh] /wrk/wrk --timeout 20s -t8 -c512 -d14s -L -s /wrk/fix_req_n.lua http://service0:80/endpoint1
        Running 14s test @ http://service0:80/endpoint1
        8 threads and 512 connections
        Thread Stats   Avg      Stdev     Max   +/- Stdev
        Latency   218.81ms  131.42ms   1.00s    69.26%
        Req/Sec   292.20    168.62   777.00     65.32%
        Latency Distribution
        50%  208.81ms
        75%  292.80ms
        90%  390.88ms
        99%  605.11ms
        20000 requests in 14.00s, 3.03MB read
        Requests/sec:   1428.56
        Transfer/sec:    221.82KB
        ------------------------------
        stop time: 8.439810
        stop time: 8.447367
        stop time: 8.610486
        stop time: 8.589605
        stop time: 8.798508
        stop time: 8.719095
        stop time: 8.700150
        stop time: 8.670496
        [run.sh] Checking the resource usage
        NAME                             CPU(cores)   MEMORY(bytes)
        service0-848bfcb77d-w45vz        270m         43Mi
        service1-745795666b-7bvzv        75m          12Mi
        service2-567796f7b-xrftq         70m          10Mi
        ubuntu-client-76886f6bbd-cqjmz   46m          0Mi
        [run.sh] Test finished with status 0
        > STDERR
        > No resources found in default namespace.
    [exp] Times: [8.43981, 8.447367, 8.610486, 8.589605, 8.798508, 8.719095, 8.70015, 8.670496]
    [exp] Throughput: 2319.663656888574
[test.py] Finished running 0th optmization experiment: groundtruth->3250.361887166613, slowdown->2319.663656888574, predicted->3350.959590212828, err->3.0949693153677553
[test.py] Running 1th optmization experiment
[test.py] Running 1th groundtruth exp
    [exp] Running (pre_run: False) workload synthetic/dynamic-cache-grpc-sync request with the following configuration: {'CLIENT_CPU_QUOTA': '2', 'SLOWPOKE_POKER_BATCH_THRESHOLD': '20000000', 'PROCESSING_TIME_SERVICE0': '0.0004314', 'PROCESSING_TIME_SERVICE1': '2.6e-05', 'PROCESSING_TIME_SERVICE2': '0.00097274', 'SLOWPOKE_DELAY_MICROS_SERVICE0': '0.0', 'SLOWPOKE_POKER_BATCH_THRESHOLD_SERVICE0': '100', 'SLOWPOKE_IS_TARGET_SERVICE_SERVICE0': 'false', 'SLOWPOKE_DELAY_MICROS_SERVICE1': '0.0', 'SLOWPOKE_POKER_BATCH_THRESHOLD_SERVICE1': '100', 'SLOWPOKE_IS_TARGET_SERVICE_SERVICE1': 'true', 'SLOWPOKE_DELAY_MICROS_SERVICE2': '0.0', 'SLOWPOKE_POKER_BATCH_THRESHOLD_SERVICE2': '100', 'SLOWPOKE_IS_TARGET_SERVICE_SERVICE2': 'false'}
    [exp] Executing cmd `bash run.sh synthetic dynamic-cache-grpc-sync 8 512 20000`:
        [run.sh] Running benchmark synthetic with request dynamic-cache-grpc-sync, thread 8, conn 512, duration 60
        [run.sh] Deleting all services
        configmap "config-service0" deleted
        deployment.apps "service0" deleted
        service "service0" deleted
        configmap "config-service1" deleted
        deployment.apps "service1" deleted
        service "service1" deleted
        configmap "config-service2" deleted
        deployment.apps "service2" deleted
        service "service2" deleted
        deployment.apps "ubuntu-client" deleted
        [run.sh] Waiting for all pods to be deleted
        [run.sh] Deploying all services
        configmap/config-service0 created
        deployment.apps/service0 created
        service/service0 created
        configmap/config-service1 created
        deployment.apps/service1 created
        service/service1 created
        configmap/config-service2 created
        deployment.apps/service2 created
        service/service2 created
        [run.sh] Client pod not found, deploying client
        deployment.apps/ubuntu-client created
        [run.sh] Waiting for all pods to be running
        [run.sh] All pods are running
        [run.sh] Checking heartbeat for all services
        [run.sh] Running warmup test
        [run.sh] /wrk/wrk -t8 -c512 --timeout 3s -d3s -L http://service0:80/endpoint1
        Running 3s test @ http://service0:80/endpoint1
        8 threads and 512 connections
        Thread Stats   Avg      Stdev     Max   +/- Stdev
        Latency   164.51ms   96.06ms 798.85ms   75.14%
        Req/Sec   409.48    202.87     0.87k    64.94%
        Latency Distribution
        50%  149.58ms
        75%  206.24ms
        90%  284.16ms
        99%  494.89ms
        9496 requests in 3.03s, 1.44MB read
        Requests/sec:   3136.08
        Transfer/sec:    486.95KB
        [run.sh] Speed is 3136.08, duration is 9
        [run.sh] Fix the request number.
        [run.sh] Running the actual test
        [run.sh] /wrk/wrk --timeout 20s -t8 -c512 -d9s -L -s /wrk/fix_req_n.lua http://service0:80/endpoint1
        Running 9s test @ http://service0:80/endpoint1
        8 threads and 512 connections
        Thread Stats   Avg      Stdev     Max   +/- Stdev
        Latency   157.11ms   97.17ms 768.83ms   77.07%
        Req/Sec   409.34    154.59   797.00     66.67%
        Latency Distribution
        50%  132.43ms
        75%  201.43ms
        90%  285.38ms
        99%  496.26ms
        20000 requests in 9.00s, 3.03MB read
        Requests/sec:   2222.19
        Transfer/sec:    345.05KB
        ------------------------------
        stop time: 5.893117
        stop time: 6.000438
        stop time: 6.219062
        stop time: 6.120753
        stop time: 6.198142
        stop time: 6.239598
        stop time: 6.132619
        stop time: 6.231319
        [run.sh] Checking the resource usage
        NAME                        CPU(cores)   MEMORY(bytes)
        service1-745795666b-vxbhc   0m           11Mi
        service2-8f7c6f8f5-7tsgt    0m           9Mi
        [run.sh] Test finished with status 0
        > STDERR
        > No resources found in default namespace.
    [exp] Times: [5.893117, 6.000438, 6.219062, 6.120753, 6.198142, 6.239598, 6.132619, 6.231319]
    [exp] Throughput: 3262.972231616863
[test.py] Running 1th slowdown exp
    [exp] Running (pre_run: False) workload synthetic/dynamic-cache-grpc-sync request with the following configuration: {'CLIENT_CPU_QUOTA': '2', 'SLOWPOKE_POKER_BATCH_THRESHOLD': '20000000', 'PROCESSING_TIME_SERVICE0': '0.0004314', 'PROCESSING_TIME_SERVICE1': '0.00026535', 'PROCESSING_TIME_SERVICE2': '0.00097274', 'SLOWPOKE_DELAY_MICROS_SERVICE0': '119.5', 'SLOWPOKE_POKER_BATCH_THRESHOLD_SERVICE0': '100', 'SLOWPOKE_IS_TARGET_SERVICE_SERVICE0': 'false', 'SLOWPOKE_DELAY_MICROS_SERVICE1': '0.0', 'SLOWPOKE_POKER_BATCH_THRESHOLD_SERVICE1': '100', 'SLOWPOKE_IS_TARGET_SERVICE_SERVICE1': 'true', 'SLOWPOKE_DELAY_MICROS_SERVICE2': '478.5', 'SLOWPOKE_POKER_BATCH_THRESHOLD_SERVICE2': '100', 'SLOWPOKE_IS_TARGET_SERVICE_SERVICE2': 'false'}
    [exp] Executing cmd `bash run.sh synthetic dynamic-cache-grpc-sync 8 512 20000`:
        [run.sh] Running benchmark synthetic with request dynamic-cache-grpc-sync, thread 8, conn 512, duration 60
        [run.sh] Deleting all services
        configmap "config-service0" deleted
        deployment.apps "service0" deleted
        service "service0" deleted
        configmap "config-service1" deleted
        deployment.apps "service1" deleted
        service "service1" deleted
        configmap "config-service2" deleted
        deployment.apps "service2" deleted
        service "service2" deleted
        deployment.apps "ubuntu-client" deleted
        [run.sh] Waiting for all pods to be deleted
        [run.sh] Deploying all services
        configmap/config-service0 created
        deployment.apps/service0 created
        service/service0 created
        configmap/config-service1 created
        deployment.apps/service1 created
        service/service1 created
        configmap/config-service2 created
        deployment.apps/service2 created
        service/service2 created
        [run.sh] Client pod not found, deploying client
        deployment.apps/ubuntu-client created
        [run.sh] Waiting for all pods to be running
        [run.sh] All pods are running
        [run.sh] Checking heartbeat for all services
        [run.sh] Running warmup test
        [run.sh] /wrk/wrk -t8 -c512 --timeout 3s -d3s -L http://service0:80/endpoint1
        Running 3s test @ http://service0:80/endpoint1
        8 threads and 512 connections
        Thread Stats   Avg      Stdev     Max   +/- Stdev
        Latency   216.51ms  130.49ms 796.99ms   66.07%
        Req/Sec   301.24    160.70   636.00     61.74%
        Latency Distribution
        50%  206.10ms
        75%  294.12ms
        90%  401.28ms
        99%  551.83ms
        6983 requests in 3.02s, 1.06MB read
        Requests/sec:   2311.75
        Transfer/sec:    358.95KB
        [run.sh] Speed is 2311.75, duration is 12
        [run.sh] Fix the request number.
        [run.sh] Running the actual test
        [run.sh] /wrk/wrk --timeout 20s -t8 -c512 -d12s -L -s /wrk/fix_req_n.lua http://service0:80/endpoint1
        Running 12s test @ http://service0:80/endpoint1
        8 threads and 512 connections
        Thread Stats   Avg      Stdev     Max   +/- Stdev
        Latency   214.23ms  121.38ms 952.41ms   70.38%
        Req/Sec   300.32    152.13     1.11k    68.00%
        Latency Distribution
        50%  198.99ms
        75%  277.15ms
        90%  372.74ms
        99%  570.53ms
        20000 requests in 12.00s, 3.03MB read
        Requests/sec:   1666.64
        Transfer/sec:    258.79KB
        ------------------------------
        stop time: 8.349857
        stop time: 8.271453
        stop time: 8.408615
        stop time: 8.437627
        stop time: 8.477818
        stop time: 8.535841
        stop time: 8.534384
        stop time: 8.523305
        [run.sh] Checking the resource usage
        NAME                             CPU(cores)   MEMORY(bytes)
        service0-7579bf5b9c-c4pjs        955m         45Mi
        service1-745795666b-c49hs        573m         12Mi
        service2-67d6df6559-r5bf2        421m         9Mi
        ubuntu-client-76886f6bbd-9kpfp   64m          0Mi
        [run.sh] Test finished with status 0
        > STDERR
        > No resources found in default namespace.
    [exp] Times: [8.349857, 8.271453, 8.408615, 8.437627, 8.477818, 8.535841, 8.534384, 8.523305]
    [exp] Throughput: 2369.0051214929476
[test.py] Finished running 1th optmization experiment: groundtruth->3262.972231616863, slowdown->2369.0051214929476, predicted->3306.406783093517, err->1.3311345728226163
[test.py] Running 2th optmization experiment
[test.py] Running 2th groundtruth exp
    [exp] Running (pre_run: False) workload synthetic/dynamic-cache-grpc-sync request with the following configuration: {'CLIENT_CPU_QUOTA': '2', 'SLOWPOKE_POKER_BATCH_THRESHOLD': '20000000', 'PROCESSING_TIME_SERVICE0': '0.0004314', 'PROCESSING_TIME_SERVICE1': '5.2e-05', 'PROCESSING_TIME_SERVICE2': '0.00097274', 'SLOWPOKE_DELAY_MICROS_SERVICE0': '0.0', 'SLOWPOKE_POKER_BATCH_THRESHOLD_SERVICE0': '100', 'SLOWPOKE_IS_TARGET_SERVICE_SERVICE0': 'false', 'SLOWPOKE_DELAY_MICROS_SERVICE1': '0.0', 'SLOWPOKE_POKER_BATCH_THRESHOLD_SERVICE1': '100', 'SLOWPOKE_IS_TARGET_SERVICE_SERVICE1': 'true', 'SLOWPOKE_DELAY_MICROS_SERVICE2': '0.0', 'SLOWPOKE_POKER_BATCH_THRESHOLD_SERVICE2': '100', 'SLOWPOKE_IS_TARGET_SERVICE_SERVICE2': 'false'}
    [exp] Executing cmd `bash run.sh synthetic dynamic-cache-grpc-sync 8 512 20000`:
        [run.sh] Running benchmark synthetic with request dynamic-cache-grpc-sync, thread 8, conn 512, duration 60
        [run.sh] Deleting all services
        configmap "config-service0" deleted
        deployment.apps "service0" deleted
        service "service0" deleted
        configmap "config-service1" deleted
        deployment.apps "service1" deleted
        service "service1" deleted
        configmap "config-service2" deleted
        deployment.apps "service2" deleted
        service "service2" deleted
        deployment.apps "ubuntu-client" deleted
        [run.sh] Waiting for all pods to be deleted
        [run.sh] Deploying all services
        configmap/config-service0 created
        deployment.apps/service0 created
        service/service0 created
        configmap/config-service1 created
        deployment.apps/service1 created
        service/service1 created
        configmap/config-service2 created
        deployment.apps/service2 created
        service/service2 created
        [run.sh] Client pod not found, deploying client
        deployment.apps/ubuntu-client created
        [run.sh] Waiting for all pods to be running
        [run.sh] All pods are running
        [run.sh] Checking heartbeat for all services
        [run.sh] Running warmup test
        [run.sh] /wrk/wrk -t8 -c512 --timeout 3s -d3s -L http://service0:80/endpoint1
        Running 3s test @ http://service0:80/endpoint1
        8 threads and 512 connections
        Thread Stats   Avg      Stdev     Max   +/- Stdev
        Latency   164.55ms  107.11ms 709.72ms   68.30%
        Req/Sec   407.98    164.62   777.00     65.78%
        Latency Distribution
        50%  156.13ms
        75%  225.64ms
        90%  306.56ms
        99%  493.96ms
        9493 requests in 3.02s, 1.44MB read
        Requests/sec:   3138.52
        Transfer/sec:    487.33KB
        [run.sh] Speed is 3138.52, duration is 9
        [run.sh] Fix the request number.
        [run.sh] Running the actual test
        [run.sh] /wrk/wrk --timeout 20s -t8 -c512 -d9s -L -s /wrk/fix_req_n.lua http://service0:80/endpoint1
        Running 9s test @ http://service0:80/endpoint1
        8 threads and 512 connections
        Thread Stats   Avg      Stdev     Max   +/- Stdev
        Latency   151.85ms   89.15ms 760.96ms   71.52%
        Req/Sec   417.34    161.95     0.86k    67.51%
        Latency Distribution
        50%  131.68ms
        75%  198.58ms
        90%  282.26ms
        99%  416.04ms
        20000 requests in 9.00s, 3.03MB read
        Requests/sec:   2222.18
        Transfer/sec:    345.05KB
        ------------------------------
        stop time: 5.874223
        stop time: 5.983063
        stop time: 6.097402
        stop time: 6.091528
        stop time: 6.110955
        stop time: 6.081126
        stop time: 6.118693
        stop time: 5.941964
        [run.sh] Checking the resource usage
        [run.sh] Test finished with status 0
        > STDERR
        > No resources found in default namespace.
        > error: metrics not available yet
    [exp] Times: [5.874223, 5.983063, 6.097402, 6.091528, 6.110955, 6.081126, 6.118693, 5.941964]
    [exp] Throughput: 3312.7011404843265
[test.py] Running 2th slowdown exp
    [exp] Running (pre_run: False) workload synthetic/dynamic-cache-grpc-sync request with the following configuration: {'CLIENT_CPU_QUOTA': '2', 'SLOWPOKE_POKER_BATCH_THRESHOLD': '20000000', 'PROCESSING_TIME_SERVICE0': '0.0004314', 'PROCESSING_TIME_SERVICE1': '0.00026535', 'PROCESSING_TIME_SERVICE2': '0.00097274', 'SLOWPOKE_DELAY_MICROS_SERVICE0': '106.5', 'SLOWPOKE_POKER_BATCH_THRESHOLD_SERVICE0': '100', 'SLOWPOKE_IS_TARGET_SERVICE_SERVICE0': 'false', 'SLOWPOKE_DELAY_MICROS_SERVICE1': '0.0', 'SLOWPOKE_POKER_BATCH_THRESHOLD_SERVICE1': '100', 'SLOWPOKE_IS_TARGET_SERVICE_SERVICE1': 'true', 'SLOWPOKE_DELAY_MICROS_SERVICE2': '426.5', 'SLOWPOKE_POKER_BATCH_THRESHOLD_SERVICE2': '100', 'SLOWPOKE_IS_TARGET_SERVICE_SERVICE2': 'false'}
    [exp] Executing cmd `bash run.sh synthetic dynamic-cache-grpc-sync 8 512 20000`:
        [run.sh] Running benchmark synthetic with request dynamic-cache-grpc-sync, thread 8, conn 512, duration 60
        [run.sh] Deleting all services
        configmap "config-service0" deleted
        deployment.apps "service0" deleted
        service "service0" deleted
        configmap "config-service1" deleted
        deployment.apps "service1" deleted
        service "service1" deleted
        configmap "config-service2" deleted
        deployment.apps "service2" deleted
        service "service2" deleted
        deployment.apps "ubuntu-client" deleted
        [run.sh] Waiting for all pods to be deleted
        [run.sh] Deploying all services
        configmap/config-service0 created
        deployment.apps/service0 created
        service/service0 created
        configmap/config-service1 created
        deployment.apps/service1 created
        service/service1 created
        configmap/config-service2 created
        deployment.apps/service2 created
        service/service2 created
        [run.sh] Client pod not found, deploying client
        deployment.apps/ubuntu-client created
        [run.sh] Waiting for all pods to be running
        [run.sh] All pods are running
        [run.sh] Checking heartbeat for all services
        [run.sh] Running warmup test
        [run.sh] /wrk/wrk -t8 -c512 --timeout 3s -d3s -L http://service0:80/endpoint1
        Running 3s test @ http://service0:80/endpoint1
        8 threads and 512 connections
        Thread Stats   Avg      Stdev     Max   +/- Stdev
        Latency   214.16ms  110.38ms 713.72ms   68.30%
        Req/Sec   303.44    169.34   720.00     62.61%
        Latency Distribution
        50%  209.76ms
        75%  278.53ms
        90%  361.89ms
        99%  515.68ms
        6876 requests in 3.03s, 1.04MB read
        Requests/sec:   2271.05
        Transfer/sec:    352.63KB
        [run.sh] Speed is 2271.05, duration is 13
        [run.sh] Fix the request number.
        [run.sh] Running the actual test
        [run.sh] /wrk/wrk --timeout 20s -t8 -c512 -d13s -L -s /wrk/fix_req_n.lua http://service0:80/endpoint1
        Running 13s test @ http://service0:80/endpoint1
        8 threads and 512 connections
        Thread Stats   Avg      Stdev     Max   +/- Stdev
        Latency   204.32ms  115.41ms 911.37ms   70.67%
        Req/Sec   316.61    154.30     0.88k    69.32%
        Latency Distribution
        50%  188.15ms
        75%  268.00ms
        90%  350.04ms
        99%  543.67ms
        20000 requests in 13.00s, 3.03MB read
        Requests/sec:   1538.44
        Transfer/sec:    238.88KB
        ------------------------------
        stop time: 7.808073
        stop time: 7.817458
        stop time: 8.093895
        stop time: 7.977634
        stop time: 8.228414
        stop time: 8.209328
        stop time: 8.161757
        stop time: 8.118003
        [run.sh] Checking the resource usage
        NAME                             CPU(cores)   MEMORY(bytes)
        service0-7d9fd768c7-zg5c2        1016m        46Mi
        service1-745795666b-864nx        812m         12Mi
        service2-7668ff8dd-hjfbq         550m         9Mi
        ubuntu-client-76886f6bbd-npx52   22m          13Mi
        [run.sh] Test finished with status 0
        > STDERR
        > No resources found in default namespace.
    [exp] Times: [7.808073, 7.817458, 8.093895, 7.977634, 8.228414, 8.209328, 8.161757, 8.118003]
    [exp] Throughput: 2483.9103928083837
[test.py] Finished running 2th optmization experiment: groundtruth->3312.7011404843265, slowdown->2483.9103928083837, predicted->3379.337236777614, err->2.0115335935056695
[test.py] Running 3th optmization experiment
[test.py] Running 3th groundtruth exp
    [exp] Running (pre_run: False) workload synthetic/dynamic-cache-grpc-sync request with the following configuration: {'CLIENT_CPU_QUOTA': '2', 'SLOWPOKE_POKER_BATCH_THRESHOLD': '20000000', 'PROCESSING_TIME_SERVICE0': '0.0004314', 'PROCESSING_TIME_SERVICE1': '7.8e-05', 'PROCESSING_TIME_SERVICE2': '0.00097274', 'SLOWPOKE_DELAY_MICROS_SERVICE0': '0.0', 'SLOWPOKE_POKER_BATCH_THRESHOLD_SERVICE0': '100', 'SLOWPOKE_IS_TARGET_SERVICE_SERVICE0': 'false', 'SLOWPOKE_DELAY_MICROS_SERVICE1': '0.0', 'SLOWPOKE_POKER_BATCH_THRESHOLD_SERVICE1': '100', 'SLOWPOKE_IS_TARGET_SERVICE_SERVICE1': 'true', 'SLOWPOKE_DELAY_MICROS_SERVICE2': '0.0', 'SLOWPOKE_POKER_BATCH_THRESHOLD_SERVICE2': '100', 'SLOWPOKE_IS_TARGET_SERVICE_SERVICE2': 'false'}
    [exp] Executing cmd `bash run.sh synthetic dynamic-cache-grpc-sync 8 512 20000`:
        [run.sh] Running benchmark synthetic with request dynamic-cache-grpc-sync, thread 8, conn 512, duration 60
        [run.sh] Deleting all services
        configmap "config-service0" deleted
        deployment.apps "service0" deleted
        service "service0" deleted
        configmap "config-service1" deleted
        deployment.apps "service1" deleted
        service "service1" deleted
        configmap "config-service2" deleted
        deployment.apps "service2" deleted
        service "service2" deleted
        deployment.apps "ubuntu-client" deleted
        [run.sh] Waiting for all pods to be deleted
        [run.sh] Deploying all services
        configmap/config-service0 created
        deployment.apps/service0 created
        service/service0 created
        configmap/config-service1 created
        deployment.apps/service1 created
        service/service1 created
        configmap/config-service2 created
        deployment.apps/service2 created
        service/service2 created
        [run.sh] Client pod not found, deploying client
        deployment.apps/ubuntu-client created
        [run.sh] Waiting for all pods to be running
        [run.sh] All pods are running
        [run.sh] Checking heartbeat for all services
        [run.sh] Running warmup test
        [run.sh] /wrk/wrk -t8 -c512 --timeout 3s -d3s -L http://service0:80/endpoint1
        Running 3s test @ http://service0:80/endpoint1
        8 threads and 512 connections
        Thread Stats   Avg      Stdev     Max   +/- Stdev
        Latency   159.90ms   82.28ms 585.19ms   70.27%
        Req/Sec   408.46    173.05   808.00     64.22%
        Latency Distribution
        50%  147.58ms
        75%  209.50ms
        90%  266.23ms
        99%  399.85ms
        9461 requests in 3.03s, 1.43MB read
        Requests/sec:   3124.73
        Transfer/sec:    485.19KB
        [run.sh] Speed is 3124.73, duration is 9
        [run.sh] Fix the request number.
        [run.sh] Running the actual test
        [run.sh] /wrk/wrk --timeout 20s -t8 -c512 -d9s -L -s /wrk/fix_req_n.lua http://service0:80/endpoint1
        Running 9s test @ http://service0:80/endpoint1
        8 threads and 512 connections
        Thread Stats   Avg      Stdev     Max   +/- Stdev
        Latency   157.22ms   97.71ms 654.55ms   74.83%
        Req/Sec   408.09    179.46     0.93k    65.98%
        Latency Distribution
        50%  140.43ms
        75%  202.31ms
        90%  283.26ms
        99%  504.10ms
        20000 requests in 9.00s, 3.03MB read
        Requests/sec:   2222.19
        Transfer/sec:    345.05KB
        ------------------------------
        stop time: 6.010714
        stop time: 6.137118
        stop time: 6.062422
        stop time: 6.228241
        stop time: 6.211895
        stop time: 6.223060
        stop time: 6.149100
        stop time: 6.136341
        [run.sh] Checking the resource usage
        [run.sh] Test finished with status 0
        > STDERR
        > No resources found in default namespace.
        > error: metrics not available yet
    [exp] Times: [6.010714, 6.137118, 6.062422, 6.228241, 6.211895, 6.22306, 6.1491, 6.136341]
    [exp] Throughput: 3254.7520244099887
[test.py] Running 3th slowdown exp
    [exp] Running (pre_run: False) workload synthetic/dynamic-cache-grpc-sync request with the following configuration: {'CLIENT_CPU_QUOTA': '2', 'SLOWPOKE_POKER_BATCH_THRESHOLD': '20000000', 'PROCESSING_TIME_SERVICE0': '0.0004314', 'PROCESSING_TIME_SERVICE1': '0.00026535', 'PROCESSING_TIME_SERVICE2': '0.00097274', 'SLOWPOKE_DELAY_MICROS_SERVICE0': '93.5', 'SLOWPOKE_POKER_BATCH_THRESHOLD_SERVICE0': '100', 'SLOWPOKE_IS_TARGET_SERVICE_SERVICE0': 'false', 'SLOWPOKE_DELAY_MICROS_SERVICE1': '0.0', 'SLOWPOKE_POKER_BATCH_THRESHOLD_SERVICE1': '100', 'SLOWPOKE_IS_TARGET_SERVICE_SERVICE1': 'true', 'SLOWPOKE_DELAY_MICROS_SERVICE2': '374.5', 'SLOWPOKE_POKER_BATCH_THRESHOLD_SERVICE2': '100', 'SLOWPOKE_IS_TARGET_SERVICE_SERVICE2': 'false'}
    [exp] Executing cmd `bash run.sh synthetic dynamic-cache-grpc-sync 8 512 20000`:
        [run.sh] Running benchmark synthetic with request dynamic-cache-grpc-sync, thread 8, conn 512, duration 60
        [run.sh] Deleting all services
        configmap "config-service0" deleted
        deployment.apps "service0" deleted
        service "service0" deleted
        configmap "config-service1" deleted
        deployment.apps "service1" deleted
        service "service1" deleted
        configmap "config-service2" deleted
        deployment.apps "service2" deleted
        service "service2" deleted
        deployment.apps "ubuntu-client" deleted
        [run.sh] Waiting for all pods to be deleted
        [run.sh] Deploying all services
        configmap/config-service0 created
        deployment.apps/service0 created
        service/service0 created
        configmap/config-service1 created
        deployment.apps/service1 created
        service/service1 created
        configmap/config-service2 created
        deployment.apps/service2 created
        service/service2 created
        [run.sh] Client pod not found, deploying client
        deployment.apps/ubuntu-client created
        [run.sh] Waiting for all pods to be running
        [run.sh] All pods are running
        [run.sh] Checking heartbeat for all services
        [run.sh] Running warmup test
        [run.sh] /wrk/wrk -t8 -c512 --timeout 3s -d3s -L http://service0:80/endpoint1
        Running 3s test @ http://service0:80/endpoint1
        8 threads and 512 connections
        Thread Stats   Avg      Stdev     Max   +/- Stdev
        Latency   199.88ms   95.31ms 646.91ms   68.71%
        Req/Sec   327.95    170.17   727.00     66.52%
        Latency Distribution
        50%  189.14ms
        75%  251.98ms
        90%  319.91ms
        99%  499.85ms
        7575 requests in 3.03s, 1.15MB read
        Requests/sec:   2502.61
        Transfer/sec:    388.59KB
        [run.sh] Speed is 2502.61, duration is 11
        [run.sh] Fix the request number.
        [run.sh] Running the actual test
        [run.sh] /wrk/wrk --timeout 20s -t8 -c512 -d11s -L -s /wrk/fix_req_n.lua http://service0:80/endpoint1
        Running 11s test @ http://service0:80/endpoint1
        8 threads and 512 connections
        Thread Stats   Avg      Stdev     Max   +/- Stdev
        Latency   202.02ms  112.73ms 723.87ms   67.31%
        Req/Sec   316.63    169.80     0.85k    68.71%
        Latency Distribution
        50%  190.43ms
        75%  274.88ms
        90%  352.83ms
        99%  509.31ms
        20000 requests in 11.00s, 3.03MB read
        Requests/sec:   1818.16
        Transfer/sec:    282.31KB
        ------------------------------
        stop time: 7.820439
        stop time: 7.830245
        stop time: 8.078261
        stop time: 8.005902
        stop time: 8.063811
        stop time: 7.974510
        stop time: 8.059418
        stop time: 8.052493
        [run.sh] Checking the resource usage
        NAME                             CPU(cores)   MEMORY(bytes)
        service0-6f496748d4-gcjs7        287m         45Mi
        service1-745795666b-sf4bt        336m         14Mi
        service2-6b7dfdd958-j6b59        232m         10Mi
        ubuntu-client-76886f6bbd-49gks   31m          12Mi
        [run.sh] Test finished with status 0
        > STDERR
        > No resources found in default namespace.
    [exp] Times: [7.820439, 7.830245, 8.078261, 8.005902, 8.063811, 7.97451, 8.059418, 8.052493]
    [exp] Throughput: 2504.497176875996
[test.py] Finished running 3th optmization experiment: groundtruth->3254.7520244099887, slowdown->2504.497176875996, predicted->3272.1791009233903, err->0.5354348467318534
[test.py] Running 4th optmization experiment
[test.py] Running 4th groundtruth exp
    [exp] Running (pre_run: False) workload synthetic/dynamic-cache-grpc-sync request with the following configuration: {'CLIENT_CPU_QUOTA': '2', 'SLOWPOKE_POKER_BATCH_THRESHOLD': '20000000', 'PROCESSING_TIME_SERVICE0': '0.0004314', 'PROCESSING_TIME_SERVICE1': '0.000104', 'PROCESSING_TIME_SERVICE2': '0.00097274', 'SLOWPOKE_DELAY_MICROS_SERVICE0': '0.0', 'SLOWPOKE_POKER_BATCH_THRESHOLD_SERVICE0': '100', 'SLOWPOKE_IS_TARGET_SERVICE_SERVICE0': 'false', 'SLOWPOKE_DELAY_MICROS_SERVICE1': '0.0', 'SLOWPOKE_POKER_BATCH_THRESHOLD_SERVICE1': '100', 'SLOWPOKE_IS_TARGET_SERVICE_SERVICE1': 'true', 'SLOWPOKE_DELAY_MICROS_SERVICE2': '0.0', 'SLOWPOKE_POKER_BATCH_THRESHOLD_SERVICE2': '100', 'SLOWPOKE_IS_TARGET_SERVICE_SERVICE2': 'false'}
    [exp] Executing cmd `bash run.sh synthetic dynamic-cache-grpc-sync 8 512 20000`:
        [run.sh] Running benchmark synthetic with request dynamic-cache-grpc-sync, thread 8, conn 512, duration 60
        [run.sh] Deleting all services
        configmap "config-service0" deleted
        deployment.apps "service0" deleted
        service "service0" deleted
        configmap "config-service1" deleted
        deployment.apps "service1" deleted
        service "service1" deleted
        configmap "config-service2" deleted
        deployment.apps "service2" deleted
        service "service2" deleted
        deployment.apps "ubuntu-client" deleted
        [run.sh] Waiting for all pods to be deleted
        [run.sh] Deploying all services
        configmap/config-service0 created
        deployment.apps/service0 created
        service/service0 created
        configmap/config-service1 created
        deployment.apps/service1 created
        service/service1 created
        configmap/config-service2 created
        deployment.apps/service2 created
        service/service2 created
        [run.sh] Client pod not found, deploying client
        deployment.apps/ubuntu-client created
        [run.sh] Waiting for all pods to be running
        [run.sh] All pods are running
        [run.sh] Checking heartbeat for all services
        [run.sh] Running warmup test
        [run.sh] /wrk/wrk -t8 -c512 --timeout 3s -d3s -L http://service0:80/endpoint1
        Running 3s test @ http://service0:80/endpoint1
        8 threads and 512 connections
        Thread Stats   Avg      Stdev     Max   +/- Stdev
        Latency   162.48ms   99.96ms 571.39ms   67.17%
        Req/Sec   391.59    178.58     0.88k    67.67%
        Latency Distribution
        50%  151.72ms
        75%  225.05ms
        90%  299.18ms
        99%  452.76ms
        9172 requests in 3.02s, 1.39MB read
        Requests/sec:   3034.27
        Transfer/sec:    471.14KB
        [run.sh] Speed is 3034.27, duration is 9
        [run.sh] Fix the request number.
        [run.sh] Running the actual test
        [run.sh] /wrk/wrk --timeout 20s -t8 -c512 -d9s -L -s /wrk/fix_req_n.lua http://service0:80/endpoint1
        Running 9s test @ http://service0:80/endpoint1
        8 threads and 512 connections
        Thread Stats   Avg      Stdev     Max   +/- Stdev
        Latency   149.98ms   88.43ms 564.37ms   68.88%
        Req/Sec   418.14    160.83   787.00     65.25%
        Latency Distribution
        50%  132.95ms
        75%  201.12ms
        90%  277.00ms
        99%  396.91ms
        20000 requests in 9.00s, 3.03MB read
        Requests/sec:   2222.19
        Transfer/sec:    345.05KB
        ------------------------------
        stop time: 5.799759
        stop time: 5.993434
        stop time: 6.000436
        stop time: 5.994227
        stop time: 6.042230
        stop time: 6.079635
        stop time: 6.014635
        stop time: 6.041288
        [run.sh] Checking the resource usage
        NAME                             CPU(cores)   MEMORY(bytes)
        service0-6fb7cc7c7f-4fgtn        0m           44Mi
        service1-745795666b-6gs7t        0m           10Mi
        service2-8f7c6f8f5-gg5tf         0m           10Mi
        ubuntu-client-76886f6bbd-gbh2q   0m           0Mi
        [run.sh] Test finished with status 0
        > STDERR
        > No resources found in default namespace.
    [exp] Times: [5.799759, 5.993434, 6.000436, 5.994227, 6.04223, 6.079635, 6.014635, 6.041288]
    [exp] Throughput: 3335.7208755500083
[test.py] Running 4th slowdown exp
    [exp] Running (pre_run: False) workload synthetic/dynamic-cache-grpc-sync request with the following configuration: {'CLIENT_CPU_QUOTA': '2', 'SLOWPOKE_POKER_BATCH_THRESHOLD': '20000000', 'PROCESSING_TIME_SERVICE0': '0.0004314', 'PROCESSING_TIME_SERVICE1': '0.00026535', 'PROCESSING_TIME_SERVICE2': '0.00097274', 'SLOWPOKE_DELAY_MICROS_SERVICE0': '80.5', 'SLOWPOKE_POKER_BATCH_THRESHOLD_SERVICE0': '100', 'SLOWPOKE_IS_TARGET_SERVICE_SERVICE0': 'false', 'SLOWPOKE_DELAY_MICROS_SERVICE1': '0.0', 'SLOWPOKE_POKER_BATCH_THRESHOLD_SERVICE1': '100', 'SLOWPOKE_IS_TARGET_SERVICE_SERVICE1': 'true', 'SLOWPOKE_DELAY_MICROS_SERVICE2': '322.5', 'SLOWPOKE_POKER_BATCH_THRESHOLD_SERVICE2': '100', 'SLOWPOKE_IS_TARGET_SERVICE_SERVICE2': 'false'}
    [exp] Executing cmd `bash run.sh synthetic dynamic-cache-grpc-sync 8 512 20000`:
        [run.sh] Running benchmark synthetic with request dynamic-cache-grpc-sync, thread 8, conn 512, duration 60
        [run.sh] Deleting all services
        configmap "config-service0" deleted
        deployment.apps "service0" deleted
        service "service0" deleted
        configmap "config-service1" deleted
        deployment.apps "service1" deleted
        service "service1" deleted
        configmap "config-service2" deleted
        deployment.apps "service2" deleted
        service "service2" deleted
        deployment.apps "ubuntu-client" deleted
        [run.sh] Waiting for all pods to be deleted
        [run.sh] Deploying all services
        configmap/config-service0 created
        deployment.apps/service0 created
        service/service0 created
        configmap/config-service1 created
        deployment.apps/service1 created
        service/service1 created
        configmap/config-service2 created
        deployment.apps/service2 created
        service/service2 created
        [run.sh] Client pod not found, deploying client
        deployment.apps/ubuntu-client created
        [run.sh] Waiting for all pods to be running
        [run.sh] All pods are running
        [run.sh] Checking heartbeat for all services
        [run.sh] Running warmup test
        [run.sh] /wrk/wrk -t8 -c512 --timeout 3s -d3s -L http://service0:80/endpoint1
        Running 3s test @ http://service0:80/endpoint1
        8 threads and 512 connections
        Thread Stats   Avg      Stdev     Max   +/- Stdev
        Latency   206.51ms  110.04ms 840.81ms   73.50%
        Req/Sec   320.41    175.56   696.00     62.45%
        Latency Distribution
        50%  191.35ms
        75%  266.93ms
        90%  336.32ms
        99%  550.65ms
        7407 requests in 3.04s, 1.12MB read
        Requests/sec:   2436.44
        Transfer/sec:    378.31KB
        [run.sh] Speed is 2436.44, duration is 12
        [run.sh] Fix the request number.
        [run.sh] Running the actual test
        [run.sh] /wrk/wrk --timeout 20s -t8 -c512 -d12s -L -s /wrk/fix_req_n.lua http://service0:80/endpoint1
        Running 12s test @ http://service0:80/endpoint1
        8 threads and 512 connections
        Thread Stats   Avg      Stdev     Max   +/- Stdev
        Latency   194.76ms  106.95ms   1.05s    70.66%
        Req/Sec   326.13    159.95   750.00     63.86%
        Latency Distribution
        50%  178.03ms
        75%  252.77ms
        90%  344.45ms
        99%  499.14ms
        20000 requests in 12.00s, 3.03MB read
        Requests/sec:   1666.65
        Transfer/sec:    258.79KB
        ------------------------------
        stop time: 7.687659
        stop time: 7.591541
        stop time: 7.754627
        stop time: 7.746564
        stop time: 7.706004
        stop time: 7.744271
        stop time: 7.786741
        stop time: 7.787628
        [run.sh] Checking the resource usage
        NAME                             CPU(cores)   MEMORY(bytes)
        service0-7c6d788d76-slh9t        14m          44Mi
        service1-745795666b-lkmkd        76m          12Mi
        service2-76b4546649-hgnmk        38m          9Mi
        ubuntu-client-76886f6bbd-2hl66   30m          0Mi
        [run.sh] Test finished with status 0
        > STDERR
        > No resources found in default namespace.
    [exp] Times: [7.687659, 7.591541, 7.754627, 7.746564, 7.706004, 7.744271, 7.786741, 7.787628]
    [exp] Throughput: 2588.7858489199143
[test.py] Finished running 4th optmization experiment: groundtruth->3335.7208755500083, slowdown->2588.7858489199143, predicted->3272.182045393959, err->-1.9048005671509516
[test.py] Running 5th optmization experiment
[test.py] Running 5th groundtruth exp
    [exp] Running (pre_run: False) workload synthetic/dynamic-cache-grpc-sync request with the following configuration: {'CLIENT_CPU_QUOTA': '2', 'SLOWPOKE_POKER_BATCH_THRESHOLD': '20000000', 'PROCESSING_TIME_SERVICE0': '0.0004314', 'PROCESSING_TIME_SERVICE1': '0.00013', 'PROCESSING_TIME_SERVICE2': '0.00097274', 'SLOWPOKE_DELAY_MICROS_SERVICE0': '0.0', 'SLOWPOKE_POKER_BATCH_THRESHOLD_SERVICE0': '100', 'SLOWPOKE_IS_TARGET_SERVICE_SERVICE0': 'false', 'SLOWPOKE_DELAY_MICROS_SERVICE1': '0.0', 'SLOWPOKE_POKER_BATCH_THRESHOLD_SERVICE1': '100', 'SLOWPOKE_IS_TARGET_SERVICE_SERVICE1': 'true', 'SLOWPOKE_DELAY_MICROS_SERVICE2': '0.0', 'SLOWPOKE_POKER_BATCH_THRESHOLD_SERVICE2': '100', 'SLOWPOKE_IS_TARGET_SERVICE_SERVICE2': 'false'}
    [exp] Executing cmd `bash run.sh synthetic dynamic-cache-grpc-sync 8 512 20000`:
        [run.sh] Running benchmark synthetic with request dynamic-cache-grpc-sync, thread 8, conn 512, duration 60
        [run.sh] Deleting all services
        configmap "config-service0" deleted
        deployment.apps "service0" deleted
        service "service0" deleted
        configmap "config-service1" deleted
        deployment.apps "service1" deleted
        service "service1" deleted
        configmap "config-service2" deleted
        deployment.apps "service2" deleted
        service "service2" deleted
        deployment.apps "ubuntu-client" deleted
        [run.sh] Waiting for all pods to be deleted
        [run.sh] Deploying all services
        configmap/config-service0 created
        deployment.apps/service0 created
        service/service0 created
        configmap/config-service1 created
        deployment.apps/service1 created
        service/service1 created
        configmap/config-service2 created
        deployment.apps/service2 created
        service/service2 created
        [run.sh] Client pod not found, deploying client
        deployment.apps/ubuntu-client created
        [run.sh] Waiting for all pods to be running
        [run.sh] All pods are running
        [run.sh] Checking heartbeat for all services
        [run.sh] Running warmup test
        [run.sh] /wrk/wrk -t8 -c512 --timeout 3s -d3s -L http://service0:80/endpoint1
        Running 3s test @ http://service0:80/endpoint1
        8 threads and 512 connections
        Thread Stats   Avg      Stdev     Max   +/- Stdev
        Latency   162.83ms   92.89ms 638.05ms   71.33%
        Req/Sec   396.91    188.36   848.00     65.95%
        Latency Distribution
        50%  144.41ms
        75%  213.70ms
        90%  286.17ms
        99%  455.32ms
        9235 requests in 3.02s, 1.40MB read
        Requests/sec:   3052.93
        Transfer/sec:    474.04KB
        [run.sh] Speed is 3052.93, duration is 9
        [run.sh] Fix the request number.
        [run.sh] Running the actual test
        [run.sh] /wrk/wrk --timeout 20s -t8 -c512 -d9s -L -s /wrk/fix_req_n.lua http://service0:80/endpoint1
        Running 9s test @ http://service0:80/endpoint1
        8 threads and 512 connections
        Thread Stats   Avg      Stdev     Max   +/- Stdev
        Latency   155.72ms   81.14ms 613.40ms   73.50%
        Req/Sec   407.82    169.75     0.86k    65.29%
        Latency Distribution
        50%  142.70ms
        75%  197.88ms
        90%  261.22ms
        99%  419.40ms
        20000 requests in 9.00s, 3.03MB read
        Requests/sec:   2222.18
        Transfer/sec:    345.05KB
        ------------------------------
        stop time: 6.066654
        stop time: 6.152007
        stop time: 6.123466
        stop time: 6.142114
        stop time: 6.096741
        stop time: 6.109222
        stop time: 6.176724
        stop time: 6.206506
        [run.sh] Checking the resource usage
        NAME                             CPU(cores)   MEMORY(bytes)
        service0-6fb7cc7c7f-7m2pp        355m         46Mi
        service1-745795666b-s6j7d        97m          11Mi
        service2-8f7c6f8f5-thck4         136m         9Mi
        ubuntu-client-76886f6bbd-4j5hs   2m           0Mi
        [run.sh] Test finished with status 0
        > STDERR
        > No resources found in default namespace.
    [exp] Times: [6.066654, 6.152007, 6.123466, 6.142114, 6.096741, 6.109222, 6.176724, 6.206506]
    [exp] Throughput: 3260.419884208633
[test.py] Running 5th slowdown exp
    [exp] Running (pre_run: False) workload synthetic/dynamic-cache-grpc-sync request with the following configuration: {'CLIENT_CPU_QUOTA': '2', 'SLOWPOKE_POKER_BATCH_THRESHOLD': '20000000', 'PROCESSING_TIME_SERVICE0': '0.0004314', 'PROCESSING_TIME_SERVICE1': '0.00026535', 'PROCESSING_TIME_SERVICE2': '0.00097274', 'SLOWPOKE_DELAY_MICROS_SERVICE0': '67.5', 'SLOWPOKE_POKER_BATCH_THRESHOLD_SERVICE0': '100', 'SLOWPOKE_IS_TARGET_SERVICE_SERVICE0': 'false', 'SLOWPOKE_DELAY_MICROS_SERVICE1': '0.0', 'SLOWPOKE_POKER_BATCH_THRESHOLD_SERVICE1': '100', 'SLOWPOKE_IS_TARGET_SERVICE_SERVICE1': 'true', 'SLOWPOKE_DELAY_MICROS_SERVICE2': '270.5', 'SLOWPOKE_POKER_BATCH_THRESHOLD_SERVICE2': '100', 'SLOWPOKE_IS_TARGET_SERVICE_SERVICE2': 'false'}
    [exp] Executing cmd `bash run.sh synthetic dynamic-cache-grpc-sync 8 512 20000`:
        [run.sh] Running benchmark synthetic with request dynamic-cache-grpc-sync, thread 8, conn 512, duration 60
        [run.sh] Deleting all services
        configmap "config-service0" deleted
        deployment.apps "service0" deleted
        service "service0" deleted
        configmap "config-service1" deleted
        deployment.apps "service1" deleted
        service "service1" deleted
        configmap "config-service2" deleted
        deployment.apps "service2" deleted
        service "service2" deleted
        deployment.apps "ubuntu-client" deleted
        [run.sh] Waiting for all pods to be deleted
        [run.sh] Deploying all services
        configmap/config-service0 created
        deployment.apps/service0 created
        service/service0 created
        configmap/config-service1 created
        deployment.apps/service1 created
        service/service1 created
        configmap/config-service2 created
        deployment.apps/service2 created
        service/service2 created
        [run.sh] Client pod not found, deploying client
        deployment.apps/ubuntu-client created
        [run.sh] Waiting for all pods to be running
        [run.sh] All pods are running
        [run.sh] Checking heartbeat for all services
        [run.sh] Running warmup test
        [run.sh] /wrk/wrk -t8 -c512 --timeout 3s -d3s -L http://service0:80/endpoint1
        Running 3s test @ http://service0:80/endpoint1
        8 threads and 512 connections
        Thread Stats   Avg      Stdev     Max   +/- Stdev
        Latency   187.42ms   94.27ms 736.19ms   69.56%
        Req/Sec   336.06    165.26   686.00     64.66%
        Latency Distribution
        50%  181.80ms
        75%  247.56ms
        90%  306.99ms
        99%  467.18ms
        7804 requests in 3.02s, 1.18MB read
        Requests/sec:   2582.28
        Transfer/sec:    400.96KB
        [run.sh] Speed is 2582.28, duration is 11
        [run.sh] Fix the request number.
        [run.sh] Running the actual test
        [run.sh] /wrk/wrk --timeout 20s -t8 -c512 -d11s -L -s /wrk/fix_req_n.lua http://service0:80/endpoint1
        Running 11s test @ http://service0:80/endpoint1
        8 threads and 512 connections
        Thread Stats   Avg      Stdev     Max   +/- Stdev
        Latency   187.42ms  106.47ms 801.84ms   67.00%
        Req/Sec   339.34    180.62   818.00     63.08%
        Latency Distribution
        50%  170.98ms
        75%  255.48ms
        90%  334.24ms
        99%  473.30ms
        20000 requests in 11.00s, 3.03MB read
        Requests/sec:   1818.16
        Transfer/sec:    282.31KB
        ------------------------------
        stop time: 7.233392
        stop time: 7.446727
        stop time: 7.364561
        stop time: 7.354399
        stop time: 7.433824
        stop time: 7.429457
        stop time: 7.424003
        stop time: 7.426553
        [run.sh] Checking the resource usage
        NAME                             CPU(cores)   MEMORY(bytes)
        ubuntu-client-76886f6bbd-5brxp   0m           0Mi
        [run.sh] Test finished with status 0
        > STDERR
        > No resources found in default namespace.
    [exp] Times: [7.233392, 7.446727, 7.364561, 7.354399, 7.433824, 7.429457, 7.424003, 7.426553]
    [exp] Throughput: 2706.684271843399
[test.py] Finished running 5th optmization experiment: groundtruth->3260.419884208633, slowdown->2706.684271843399, predicted->3313.6642507569036, err->1.633052442298978
[test.py] Running 6th optmization experiment
[test.py] Running 6th groundtruth exp
    [exp] Running (pre_run: False) workload synthetic/dynamic-cache-grpc-sync request with the following configuration: {'CLIENT_CPU_QUOTA': '2', 'SLOWPOKE_POKER_BATCH_THRESHOLD': '20000000', 'PROCESSING_TIME_SERVICE0': '0.0004314', 'PROCESSING_TIME_SERVICE1': '0.000156', 'PROCESSING_TIME_SERVICE2': '0.00097274', 'SLOWPOKE_DELAY_MICROS_SERVICE0': '0.0', 'SLOWPOKE_POKER_BATCH_THRESHOLD_SERVICE0': '100', 'SLOWPOKE_IS_TARGET_SERVICE_SERVICE0': 'false', 'SLOWPOKE_DELAY_MICROS_SERVICE1': '0.0', 'SLOWPOKE_POKER_BATCH_THRESHOLD_SERVICE1': '100', 'SLOWPOKE_IS_TARGET_SERVICE_SERVICE1': 'true', 'SLOWPOKE_DELAY_MICROS_SERVICE2': '0.0', 'SLOWPOKE_POKER_BATCH_THRESHOLD_SERVICE2': '100', 'SLOWPOKE_IS_TARGET_SERVICE_SERVICE2': 'false'}
    [exp] Executing cmd `bash run.sh synthetic dynamic-cache-grpc-sync 8 512 20000`:
        [run.sh] Running benchmark synthetic with request dynamic-cache-grpc-sync, thread 8, conn 512, duration 60
        [run.sh] Deleting all services
        configmap "config-service0" deleted
        deployment.apps "service0" deleted
        service "service0" deleted
        configmap "config-service1" deleted
        deployment.apps "service1" deleted
        service "service1" deleted
        configmap "config-service2" deleted
        deployment.apps "service2" deleted
        service "service2" deleted
        deployment.apps "ubuntu-client" deleted
        [run.sh] Waiting for all pods to be deleted
        [run.sh] Deploying all services
        configmap/config-service0 created
        deployment.apps/service0 created
        service/service0 created
        configmap/config-service1 created
        deployment.apps/service1 created
        service/service1 created
        configmap/config-service2 created
        deployment.apps/service2 created
        service/service2 created
        [run.sh] Client pod not found, deploying client
        deployment.apps/ubuntu-client created
        [run.sh] Waiting for all pods to be running
        [run.sh] All pods are running
        [run.sh] Checking heartbeat for all services
        [run.sh] Running warmup test
        [run.sh] /wrk/wrk -t8 -c512 --timeout 3s -d3s -L http://service0:80/endpoint1
        Running 3s test @ http://service0:80/endpoint1
        8 threads and 512 connections
        Thread Stats   Avg      Stdev     Max   +/- Stdev
        Latency   165.36ms  103.63ms 780.12ms   74.91%
        Req/Sec   405.76    171.51   797.00     65.95%
        Latency Distribution
        50%  145.82ms
        75%  213.95ms
        90%  293.29ms
        99%  525.51ms
        9438 requests in 3.03s, 1.43MB read
        Requests/sec:   3115.84
        Transfer/sec:    483.81KB
        [run.sh] Speed is 3115.84, duration is 9
        [run.sh] Fix the request number.
        [run.sh] Running the actual test
        [run.sh] /wrk/wrk --timeout 20s -t8 -c512 -d9s -L -s /wrk/fix_req_n.lua http://service0:80/endpoint1
        Running 9s test @ http://service0:80/endpoint1
        8 threads and 512 connections
        Thread Stats   Avg      Stdev     Max   +/- Stdev
        Latency   155.70ms  105.21ms 770.21ms   71.85%
        Req/Sec   416.60    181.36     0.87k    65.05%
        Latency Distribution
        50%  131.04ms
        75%  213.12ms
        90%  301.99ms
        99%  515.53ms
        20000 requests in 9.00s, 3.03MB read
        Requests/sec:   2222.18
        Transfer/sec:    345.05KB
        ------------------------------
        stop time: 5.787828
        stop time: 5.830231
        stop time: 6.157129
        stop time: 6.152646
        stop time: 6.203078
        stop time: 6.218398
        stop time: 6.125930
        stop time: 6.129020
        [run.sh] Checking the resource usage
        NAME                             CPU(cores)   MEMORY(bytes)
        service0-6fb7cc7c7f-zfnfp        1211m        44Mi
        service1-745795666b-89xnp        611m         12Mi
        service2-8f7c6f8f5-r97zw         612m         10Mi
        ubuntu-client-76886f6bbd-srbzj   37m          0Mi
        [run.sh] Test finished with status 0
        > STDERR
        > No resources found in default namespace.
    [exp] Times: [5.787828, 5.830231, 6.157129, 6.152646, 6.203078, 6.218398, 6.12593, 6.12902]
    [exp] Throughput: 3291.8925213551242
[test.py] Running 6th slowdown exp
    [exp] Running (pre_run: False) workload synthetic/dynamic-cache-grpc-sync request with the following configuration: {'CLIENT_CPU_QUOTA': '2', 'SLOWPOKE_POKER_BATCH_THRESHOLD': '20000000', 'PROCESSING_TIME_SERVICE0': '0.0004314', 'PROCESSING_TIME_SERVICE1': '0.00026535', 'PROCESSING_TIME_SERVICE2': '0.00097274', 'SLOWPOKE_DELAY_MICROS_SERVICE0': '54.5', 'SLOWPOKE_POKER_BATCH_THRESHOLD_SERVICE0': '100', 'SLOWPOKE_IS_TARGET_SERVICE_SERVICE0': 'false', 'SLOWPOKE_DELAY_MICROS_SERVICE1': '0.0', 'SLOWPOKE_POKER_BATCH_THRESHOLD_SERVICE1': '100', 'SLOWPOKE_IS_TARGET_SERVICE_SERVICE1': 'true', 'SLOWPOKE_DELAY_MICROS_SERVICE2': '218.5', 'SLOWPOKE_POKER_BATCH_THRESHOLD_SERVICE2': '100', 'SLOWPOKE_IS_TARGET_SERVICE_SERVICE2': 'false'}
    [exp] Executing cmd `bash run.sh synthetic dynamic-cache-grpc-sync 8 512 20000`:
        [run.sh] Running benchmark synthetic with request dynamic-cache-grpc-sync, thread 8, conn 512, duration 60
        [run.sh] Deleting all services
        configmap "config-service0" deleted
        deployment.apps "service0" deleted
        service "service0" deleted
        configmap "config-service1" deleted
        deployment.apps "service1" deleted
        service "service1" deleted
        configmap "config-service2" deleted
        deployment.apps "service2" deleted
        service "service2" deleted
        deployment.apps "ubuntu-client" deleted
        [run.sh] Waiting for all pods to be deleted
