FIFO created
Recovery FIFO created
Starting synthetic service with 10 processes
SLOWPOKE_DELAY_MICROS=0
SLOWPOKE_PRERUN=false
SLOWPOKE_POKER_BATCH_THRESHOLD=100
SLOWPOKE_SERV_NAME=service4
env=true
SLOWPOKE_IS_TARGET_SERVICE=%!b(bool=true)
SLOWPOKE_FIFO=/tmp/slowpoke_fifo
SLOWPOKE_FIFO_RECOVER=/tmp/slowpoke_fifo_recover
Starting gRPC server
TCP JSON server listening on :5550
Neighbor service0 registered
Received 1, started at 1745373301910942024, ended at 1745373301910942025
Received 2, started at 1745373301976747068, ended at 1745373301976747069
Received 3, started at 1745373302060825473, ended at 1745373302060825474
Neighbor service2 registered
Received 4, started at 1745373302135813433, ended at 1745373302135813434
Received 5, started at 1745373302666312598, ended at 1745373302666312599
Received 6, started at 1745373302776781262, ended at 1745373302776781263
Received 7, started at 1745373302781335292, ended at 1745373302781335293
Neighbor service1 registered
Received 8, started at 1745373303307597467, ended at 1745373303307597468
Received 9, started at 1745373303399930293, ended at 1745373303399930294
Received 10, started at 1745373303474327685, ended at 1745373303474327686
Received 11, started at 1745373303547424324, ended at 1745373303547424325
Received 12, started at 1745373303551729882, ended at 1745373303551729883
Received 13, started at 1745373304145938038, ended at 1745373304145938039
Received 14, started at 1745373304215032990, ended at 1745373304215032991
Received 15, started at 1745373304285019644, ended at 1745373304285019645
Received 16, started at 1745373304354259879, ended at 1745373304354259880
Received 17, started at 1745373304429342653, ended at 1745373304429342654
Received 18, started at 1745373304506342336, ended at 1745373304506342337
Received 19, started at 1745373304706144155, ended at 1745373304706144156
Received 20, started at 1745373304839057307, ended at 1745373304839057308
Received 21, started at 1745373304933320701, ended at 1745373304933320702
Received 22, started at 1745373305128351819, ended at 1745373305128351820
Received 23, started at 1745373305243862000, ended at 1745373305243862001
Received 24, started at 1745373305402648621, ended at 1745373305402648622
Received 25, started at 1745373305611956151, ended at 1745373305611956152
Received 26, started at 1745373305707093258, ended at 1745373305707093259
Received 27, started at 1745373305783037547, ended at 1745373305783037548
Received 28, started at 1745373305925228101, ended at 1745373305925228102
Received 29, started at 1745373306095501916, ended at 1745373306095501917
Received 30, started at 1745373306538089599, ended at 1745373306538089600
Received 31, started at 1745373306628868325, ended at 1745373306628868326
Received 32, started at 1745373306767050018, ended at 1745373306767050019
Received 33, started at 1745373306840927219, ended at 1745373306840927220
Received 34, started at 1745373306968868513, ended at 1745373306968868514
Received 35, started at 1745373307121424530, ended at 1745373307121424531
Received 36, started at 1745373307242242637, ended at 1745373307242242638
Received 37, started at 1745373307345670902, ended at 1745373307345670903
Received 38, started at 1745373307450271441, ended at 1745373307450271442
Received 39, started at 1745373307549478027, ended at 1745373307549478028
Received 40, started at 1745373307734048442, ended at 1745373307734048443
Received 41, started at 1745373307814878080, ended at 1745373307814878081
Received 42, started at 1745373307903162285, ended at 1745373307903162286
Received 43, started at 1745373308121669450, ended at 1745373308121669451
Received 44, started at 1745373308192672980, ended at 1745373308192672981
Received 45, started at 1745373308264494001, ended at 1745373308264494002
Received 46, started at 1745373308336690851, ended at 1745373308336690852
Received 47, started at 1745373308415048800, ended at 1745373308415048801
Received 48, started at 1745373308681970650, ended at 1745373308681970651
Received 49, started at 1745373308752862927, ended at 1745373308752862928
Received 50, started at 1745373308917014593, ended at 1745373308917014594
Received 51, started at 1745373309014429800, ended at 1745373309014429801
Received 52, started at 1745373309108083729, ended at 1745373309108083730
Received 53, started at 1745373309217386925, ended at 1745373309217386926
Received 54, started at 1745373309313342068, ended at 1745373309313342069
Received 55, started at 1745373309457092399, ended at 1745373309457092400
Received 56, started at 1745373309533143428, ended at 1745373309533143429
Received 57, started at 1745373309644660613, ended at 1745373309644660614
Received 58, started at 1745373309714214607, ended at 1745373309714214608
Received 59, started at 1745373309782285664, ended at 1745373309782285665
Received 60, started at 1745373309968362186, ended at 1745373309968362187
Received 61, started at 1745373310125689406, ended at 1745373310125689407
Received 62, started at 1745373310208689991, ended at 1745373310208689992
Received 63, started at 1745373310308170733, ended at 1745373310308170734
Received 64, started at 1745373310374817527, ended at 1745373310374817528
Received 65, started at 1745373310449553944, ended at 1745373310449553945
Received 66, started at 1745373310518216876, ended at 1745373310518216877
Received 67, started at 1745373310779369433, ended at 1745373310779369434
Received 68, started at 1745373310934994729, ended at 1745373310934994730
Received 69, started at 1745373311084320145, ended at 1745373311084320146
Received 70, started at 1745373311208621900, ended at 1745373311208621901
Received 71, started at 1745373311287844201, ended at 1745373311287844202
Received 72, started at 1745373311507376467, ended at 1745373311507376468
Received 73, started at 1745373311689529124, ended at 1745373311689529125
Received 74, started at 1745373311894106817, ended at 1745373311894106818
Received 75, started at 1745373312099592387, ended at 1745373312099592388
Received 76, started at 1745373312169316998, ended at 1745373312169316999
Received 77, started at 1745373312237956895, ended at 1745373312237956896
Received 78, started at 1745373312325317872, ended at 1745373312325317873
Received 79, started at 1745373312423874490, ended at 1745373312423874491
Received 80, started at 1745373312536689564, ended at 1745373312536689565
Received 81, started at 1745373312604877952, ended at 1745373312604877953
Received 82, started at 1745373312742664595, ended at 1745373312742664596
Received 83, started at 1745373312939783039, ended at 1745373312939783040
Received 84, started at 1745373313026753110, ended at 1745373313026753111
Received 85, started at 1745373313147946593, ended at 1745373313147946594
Received 86, started at 1745373313231379020, ended at 1745373313231379021
Received 87, started at 1745373313370223033, ended at 1745373313370223034
Received 88, started at 1745373313472261034, ended at 1745373313472261035
Received 89, started at 1745373313692957301, ended at 1745373313692957302
Received 90, started at 1745373314037801377, ended at 1745373314037801378
Received 91, started at 1745373314168603319, ended at 1745373314168603320
Received 92, started at 1745373314243767936, ended at 1745373314243767937
Received 93, started at 1745373314348994896, ended at 1745373314348994897
Received 94, started at 1745373314514106605, ended at 1745373314514106606
Received 95, started at 1745373314584932332, ended at 1745373314584932333
Received 96, started at 1745373314667107650, ended at 1745373314667107651
Received 97, started at 1745373314885187234, ended at 1745373314885187235
Received 98, started at 1745373314955739944, ended at 1745373314955739945
Received 99, started at 1745373315039354304, ended at 1745373315039354305
Received 100, started at 1745373315138250062, ended at 1745373315138250063
Received 101, started at 1745373315209148635, ended at 1745373315209148636
Received 102, started at 1745373315393610110, ended at 1745373315393610111
Received 103, started at 1745373315466791479, ended at 1745373315466791480
Received 104, started at 1745373315747221367, ended at 1745373315747221368
Received 105, started at 1745373315827421425, ended at 1745373315827421426
Received 106, started at 1745373315965927392, ended at 1745373315965927393
Received 107, started at 1745373316082897168, ended at 1745373316082897169
Received 108, started at 1745373316242715123, ended at 1745373316242715124
Received 109, started at 1745373316372380479, ended at 1745373316372380480
Received 110, started at 1745373316463952109, ended at 1745373316463952110
Received 111, started at 1745373316528466128, ended at 1745373316528466129
Received 112, started at 1745373316600237258, ended at 1745373316600237259
Received 113, started at 1745373316673983461, ended at 1745373316673983462
Received 114, started at 1745373316741838621, ended at 1745373316741838622
Received 115, started at 1745373316846327223, ended at 1745373316846327224
Received 116, started at 1745373317056964570, ended at 1745373317056964571
Received 117, started at 1745373317200099064, ended at 1745373317200099065
Received 118, started at 1745373317284037763, ended at 1745373317284037764
Received 119, started at 1745373317406262269, ended at 1745373317406262270
Received 120, started at 1745373317522880194, ended at 1745373317522880195
Received 121, started at 1745373317593986469, ended at 1745373317593986470
Received 122, started at 1745373317670718812, ended at 1745373317670718813
Received 123, started at 1745373317890898497, ended at 1745373317890898498
Received 124, started at 1745373318375907451, ended at 1745373318375907452
Received 125, started at 1745373318545034421, ended at 1745373318545034422
Received 126, started at 1745373318609176161, ended at 1745373318609176162
Received 127, started at 1745373318701551062, ended at 1745373318701551063
Received 128, started at 1745373318860022297, ended at 1745373318860022298
Received 129, started at 1745373318972729404, ended at 1745373318972729405
Received 130, started at 1745373319132893055, ended at 1745373319132893056
Received 131, started at 1745373319291590844, ended at 1745373319291590845
Received 132, started at 1745373319482742152, ended at 1745373319482742153
Received 133, started at 1745373319693874682, ended at 1745373319693874683
Received 134, started at 1745373319810315323, ended at 1745373319810315324
Received 135, started at 1745373319955882775, ended at 1745373319955882776
Received 136, started at 1745373320270099952, ended at 1745373320270099953
Received 137, started at 1745373320365740023, ended at 1745373320365740024
Received 138, started at 1745373320529129482, ended at 1745373320529129483
Received 139, started at 1745373320792675960, ended at 1745373320792675961
Received 140, started at 1745373321308462419, ended at 1745373321308462420
Received 141, started at 1745373321385852387, ended at 1745373321385852388
Received 142, started at 1745373321457447949, ended at 1745373321457447950
Received 143, started at 1745373321529811199, ended at 1745373321529811200
Received 144, started at 1745373321535120112, ended at 1745373321535120113
Received 145, started at 1745373321875164385, ended at 1745373321875164386
Received 146, started at 1745373322243318020, ended at 1745373322243318021
Received 147, started at 1745373322497657519, ended at 1745373322497657520
Received 148, started at 1745373322567382237, ended at 1745373322567382238
Received 149, started at 1745373322638718630, ended at 1745373322638718631
Received 150, started at 1745373322709935733, ended at 1745373322709935734
Received 151, started at 1745373322779243345, ended at 1745373322779243346
Received 152, started at 1745373322847645823, ended at 1745373322847645824
Received 153, started at 1745373322982350971, ended at 1745373322982350972
Received 154, started at 1745373323184984335, ended at 1745373323184984336
Received 155, started at 1745373323260421316, ended at 1745373323260421317
Received 156, started at 1745373323330977401, ended at 1745373323330977402
Received 157, started at 1745373323468302303, ended at 1745373323468302304
Received 158, started at 1745373323638362875, ended at 1745373323638362876
Received 159, started at 1745373323840495883, ended at 1745373323840495884
Received 160, started at 1745373323910221002, ended at 1745373323910221003
Received 161, started at 1745373324081082557, ended at 1745373324081082558
Received 162, started at 1745373324129572375, ended at 1745373324129572376
Received 163, started at 1745373324219087923, ended at 1745373324219087924
Received 164, started at 1745373324291157522, ended at 1745373324291157523
Received 165, started at 1745373324387329360, ended at 1745373324387329361
Received 166, started at 1745373324458774729, ended at 1745373324458774730
Received 167, started at 1745373324561458354, ended at 1745373324561458355
Received 168, started at 1745373324704727331, ended at 1745373324704727332
Received 169, started at 1745373324868301786, ended at 1745373324868301787
Received 170, started at 1745373324937539027, ended at 1745373324937539028
Received 171, started at 1745373325012334980, ended at 1745373325012334981
Received 172, started at 1745373325167261488, ended at 1745373325167261489
Received 173, started at 1745373325272376765, ended at 1745373325272376766
Received 174, started at 1745373325400370465, ended at 1745373325400370466
Received 175, started at 1745373325743064976, ended at 1745373325743064977
Received 176, started at 1745373325938773231, ended at 1745373325938773232
Received 177, started at 1745373326294993559, ended at 1745373326294993560
Received 178, started at 1745373326374831081, ended at 1745373326374831082
Received 179, started at 1745373326846232134, ended at 1745373326846232135
Received 180, started at 1745373326957975491, ended at 1745373326957975492
Received 181, started at 1745373327072593117, ended at 1745373327072593118
Received 182, started at 1745373327254701794, ended at 1745373327254701795
Received 183, started at 1745373327382279536, ended at 1745373327382279537
Received 184, started at 1745373327544157205, ended at 1745373327544157206
Received 185, started at 1745373327610776798, ended at 1745373327610776799
Received 186, started at 1745373327678689659, ended at 1745373327678689660
Received 187, started at 1745373327900054662, ended at 1745373327900054663
Received 188, started at 1745373327959725916, ended at 1745373327959725917
Received 189, started at 1745373328023988437, ended at 1745373328023988438
Received 190, started at 1745373328106799482, ended at 1745373328106799483
Received 191, started at 1745373328222187907, ended at 1745373328222187908
Received 192, started at 1745373328309287318, ended at 1745373328309287319
Received 193, started at 1745373328444055894, ended at 1745373328444055895
Received 194, started at 1745373328576184745, ended at 1745373328576184746
Received 195, started at 1745373328672390464, ended at 1745373328672390465
Received 196, started at 1745373328863696467, ended at 1745373328863696468
Received 197, started at 1745373328973988936, ended at 1745373328973988937
Received 198, started at 1745373329110459521, ended at 1745373329110459522
Received 199, started at 1745373329202241821, ended at 1745373329202241822
Received 200, started at 1745373329415547501, ended at 1745373329415547502
Received 201, started at 1745373329529588374, ended at 1745373329529588375
Received 202, started at 1745373330057882323, ended at 1745373330057882324
Received 203, started at 1745373330133885702, ended at 1745373330133885703
Received 204, started at 1745373330214056421, ended at 1745373330214056422
Received 205, started at 1745373330218191440, ended at 1745373330218191441
Received 206, started at 1745373330388251376, ended at 1745373330388251377
Received 207, started at 1745373330463223589, ended at 1745373330463223590
Received 208, started at 1745373330647381591, ended at 1745373330647381592
Received 209, started at 1745373330717664026, ended at 1745373330717664027
Received 210, started at 1745373330792236171, ended at 1745373330792236172
Received 211, started at 1745373330867110603, ended at 1745373330867110604
Received 212, started at 1745373330986241748, ended at 1745373330986241749
Received 213, started at 1745373331744196250, ended at 1745373331744196251
Received 214, started at 1745373331972516649, ended at 1745373331972516650
Received 215, started at 1745373332133759601, ended at 1745373332133759602
Received 216, started at 1745373332305575331, ended at 1745373332305575332
Received 217, started at 1745373332422670987, ended at 1745373332422670988
Received 218, started at 1745373332561539547, ended at 1745373332561539548
Received 219, started at 1745373333122963933, ended at 1745373333122963934
Received 220, started at 1745373333191303329, ended at 1745373333191303330
