FIFO created
Recovery FIFO created
Starting synthetic service with 10 processes
SLOWPOKE_DELAY_MICROS=2479
SLOWPOKE_PRERUN=false
SLOWPOKE_POKER_BATCH_THRESHOLD=100
SLOWPOKE_SERV_NAME=service1
env=false
SLOWPOKE_IS_TARGET_SERVICE=%!b(bool=false)
SLOWPOKE_FIFO=/tmp/slowpoke_fifo
SLOWPOKE_FIFO_RECOVER=/tmp/slowpoke_fifo_recover
Starting gRPC server
TCP JSON server listening on :5550
Neighbor service0 registered
Received 4, started at 1745373302169356313, ended at 1745373302169356314
Neighbor service4 registered
Received 8, started at 1745373303307854584, ended at 1745373303307854585
Received 9, started at 1745373304066825811, ended at 1745373304066825812
Received 10, started at 1745373304066856185, ended at 1745373304066856186
Received 11, started at 1745373304077438458, ended at 1745373304077438459
Received 12, started at 1745373304160740050, ended at 1745373304160740051
Received 13, started at 1745373304301070535, ended at 1745373304301070536
Received 14, started at 1745373304326471245, ended at 1745373304326471246
Received 15, started at 1745373304461794362, ended at 1745373304461794363
Received 16, started at 1745373304468356546, ended at 1745373304468356547
Received 17, started at 1745373304474630669, ended at 1745373304474630670
Received 18, started at 1745373304508412318, ended at 1745373304508412319
Received 19, started at 1745373304706696899, ended at 1745373304706696900
Received 20, started at 1745373304848010461, ended at 1745373304848010462
Received 21, started at 1745373304933524430, ended at 1745373304933524431
Received 22, started at 1745373305128756359, ended at 1745373305128756360
Received 23, started at 1745373305245930991, ended at 1745373305245930992
Received 24, started at 1745373305407269359, ended at 1745373305407269360
Received 25, started at 1745373305670140388, ended at 1745373305670140389
Received 26, started at 1745373305909597805, ended at 1745373305909597806
Received 27, started at 1745373305932583761, ended at 1745373305932583762
Received 28, started at 1745373306392993011, ended at 1745373306392993012
Received 29, started at 1745373306536679947, ended at 1745373306536679948
Received 30, started at 1745373306589300672, ended at 1745373306589300673
Received 31, started at 1745373306647672528, ended at 1745373306647672529
Received 32, started at 1745373306767844685, ended at 1745373306767844686
Received 33, started at 1745373306847291438, ended at 1745373306847291439
Received 34, started at 1745373306981855329, ended at 1745373306981855330
Received 35, started at 1745373307121601549, ended at 1745373307121601550
Received 36, started at 1745373307242415085, ended at 1745373307242415086
Received 37, started at 1745373307347074400, ended at 1745373307347074401
Received 38, started at 1745373307459260649, ended at 1745373307459260650
Received 39, started at 1745373307552180705, ended at 1745373307552180706
Received 40, started at 1745373307795662329, ended at 1745373307795662330
Received 41, started at 1745373307826987333, ended at 1745373307826987334
Received 42, started at 1745373307934274591, ended at 1745373307934274592
Received 43, started at 1745373308126351256, ended at 1745373308126351257
Received 44, started at 1745373308216424474, ended at 1745373308216424475
Received 45, started at 1745373308449642914, ended at 1745373308449642915
Received 46, started at 1745373308525654791, ended at 1745373308525654792
Received 47, started at 1745373308810066548, ended at 1745373308810066549
Received 48, started at 1745373308816062849, ended at 1745373308816062850
Received 49, started at 1745373308864902191, ended at 1745373308864902192
Received 50, started at 1745373308921073320, ended at 1745373308921073321
Received 51, started at 1745373309041801024, ended at 1745373309041801025
Received 52, started at 1745373309189620045, ended at 1745373309189620046
Received 53, started at 1745373309217763780, ended at 1745373309217763781
Received 54, started at 1745373309328802396, ended at 1745373309328802397
Received 55, started at 1745373309461963417, ended at 1745373309461963418
Received 56, started at 1745373309538138989, ended at 1745373309538138990
Received 57, started at 1745373309700342531, ended at 1745373309700342532
Received 58, started at 1745373309842750004, ended at 1745373309842750005
Received 59, started at 1745373309908102145, ended at 1745373309908102146
Received 60, started at 1745373310002040906, ended at 1745373310002040907
Received 61, started at 1745373310171087413, ended at 1745373310171087414
Received 62, started at 1745373310218541066, ended at 1745373310218541067
Received 63, started at 1745373310317459084, ended at 1745373310317459085
Received 64, started at 1745373310400162041, ended at 1745373310400162042
Received 65, started at 1745373310452813724, ended at 1745373310452813725
Received 66, started at 1745373310543927027, ended at 1745373310543927028
Received 67, started at 1745373311167279227, ended at 1745373311167279228
Received 68, started at 1745373311218680069, ended at 1745373311218680070
Received 69, started at 1745373311254878684, ended at 1745373311254878685
Received 70, started at 1745373311386057288, ended at 1745373311386057289
Received 71, started at 1745373311420087186, ended at 1745373311420087187
Received 72, started at 1745373311513316049, ended at 1745373311513316050
Received 73, started at 1745373311692090461, ended at 1745373311692090462
Received 74, started at 1745373311895116914, ended at 1745373311895116915
Received 75, started at 1745373312101302267, ended at 1745373312101302268
Received 76, started at 1745373312176063426, ended at 1745373312176063427
Received 77, started at 1745373312249423922, ended at 1745373312249423923
Received 78, started at 1745373312370617030, ended at 1745373312370617031
Received 79, started at 1745373312437561354, ended at 1745373312437561355
Received 80, started at 1745373312553502030, ended at 1745373312553502031
Received 81, started at 1745373312611469813, ended at 1745373312611469814
Received 82, started at 1745373312767181851, ended at 1745373312767181852
Received 83, started at 1745373312980324740, ended at 1745373312980324741
Received 84, started at 1745373313033951368, ended at 1745373313033951369
Received 85, started at 1745373313159899298, ended at 1745373313159899299
Received 86, started at 1745373313262294501, ended at 1745373313262294502
Received 87, started at 1745373313370449874, ended at 1745373313370449875
Received 88, started at 1745373313482751314, ended at 1745373313482751315
Received 89, started at 1745373313693287780, ended at 1745373313693287781
Received 90, started at 1745373314038304578, ended at 1745373314038304579
Received 91, started at 1745373314209402765, ended at 1745373314209402766
Received 92, started at 1745373314358793237, ended at 1745373314358793238
Received 93, started at 1745373314362603746, ended at 1745373314362603747
Received 94, started at 1745373314515580019, ended at 1745373314515580020
Received 95, started at 1745373314592198647, ended at 1745373314592198648
Received 96, started at 1745373314710421793, ended at 1745373314710421794
Received 97, started at 1745373314934683462, ended at 1745373314934683463
Received 98, started at 1745373314976947916, ended at 1745373314976947917
Received 99, started at 1745373315162041206, ended at 1745373315162041207
Received 100, started at 1745373315196118974, ended at 1745373315196118975
Received 101, started at 1745373315532452253, ended at 1745373315532452254
Received 102, started at 1745373315753948824, ended at 1745373315753948825
Received 103, started at 1745373315922739790, ended at 1745373315922739791
Received 104, started at 1745373315939942005, ended at 1745373315939942006
Received 105, started at 1745373315947125483, ended at 1745373315947125484
Received 106, started at 1745373315969743698, ended at 1745373315969743699
Received 107, started at 1745373316084202772, ended at 1745373316084202773
Received 108, started at 1745373316278509818, ended at 1745373316278509819
Received 109, started at 1745373316484181050, ended at 1745373316484181051
Received 110, started at 1745373316516276247, ended at 1745373316516276248
Received 111, started at 1745373316931323403, ended at 1745373316931323404
Received 112, started at 1745373316959316942, ended at 1745373316959316943
Received 113, started at 1745373316979306047, ended at 1745373316979306048
Received 115, started at 1745373317036243930, ended at 1745373317036243931
Received 114, started at 1745373317028305802, ended at 1745373317028305803
Received 116, started at 1745373317149364329, ended at 1745373317149364330
Received 117, started at 1745373317207927551, ended at 1745373317207927552
Received 118, started at 1745373317285711834, ended at 1745373317285711835
Received 119, started at 1745373317433360048, ended at 1745373317433360049
Received 120, started at 1745373317536291656, ended at 1745373317536291657
Received 121, started at 1745373317622791369, ended at 1745373317622791370
Received 122, started at 1745373317769166145, ended at 1745373317769166146
Received 123, started at 1745373317891324912, ended at 1745373317891324913
Received 124, started at 1745373318376082388, ended at 1745373318376082389
Received 125, started at 1745373318545281267, ended at 1745373318545281268
Received 126, started at 1745373318628003344, ended at 1745373318628003345
Received 127, started at 1745373318713990104, ended at 1745373318713990105
Received 128, started at 1745373318916392963, ended at 1745373318916392964
Received 129, started at 1745373319256316092, ended at 1745373319256316093
Received 130, started at 1745373319262168086, ended at 1745373319262168087
Received 131, started at 1745373319310792088, ended at 1745373319310792089
Received 132, started at 1745373319485020026, ended at 1745373319485020027
Received 133, started at 1745373319694380582, ended at 1745373319694380583
Received 134, started at 1745373319814400530, ended at 1745373319814400531
Received 135, started at 1745373319956058979, ended at 1745373319956058980
Received 136, started at 1745373320270627957, ended at 1745373320270627958
Received 137, started at 1745373320457461939, ended at 1745373320457461940
Received 138, started at 1745373320782962872, ended at 1745373320782962873
Received 139, started at 1745373320820404990, ended at 1745373320820404991
Received 140, started at 1745373321542117528, ended at 1745373321542117529
Received 141, started at 1745373322597971751, ended at 1745373322597971752
Received 142, started at 1745373323093685137, ended at 1745373323093685138
Received 143, started at 1745373323120413356, ended at 1745373323120413357
Received 144, started at 1745373323397055566, ended at 1745373323397055567
Received 145, started at 1745373323420200911, ended at 1745373323420200912
Received 146, started at 1745373323555208211, ended at 1745373323555208212
Received 147, started at 1745373323627655564, ended at 1745373323627655565
Received 148, started at 1745373323778650607, ended at 1745373323778650608
Received 149, started at 1745373323805112410, ended at 1745373323805112411
Received 150, started at 1745373323832025129, ended at 1745373323832025130
Received 151, started at 1745373323886009075, ended at 1745373323886009076
Received 152, started at 1745373323886267495, ended at 1745373323886267496
Received 153, started at 1745373323926272652, ended at 1745373323926272653
Received 154, started at 1745373323940856115, ended at 1745373323940856116
Received 155, started at 1745373324041026009, ended at 1745373324041026010
Received 156, started at 1745373324052118012, ended at 1745373324052118013
Received 157, started at 1745373324053815149, ended at 1745373324053815150
Received 158, started at 1745373324067549143, ended at 1745373324067549144
Received 159, started at 1745373324070103493, ended at 1745373324070103494
Received 160, started at 1745373324090984121, ended at 1745373324090984122
Received 161, started at 1745373324101957075, ended at 1745373324101957076
Received 162, started at 1745373324151271115, ended at 1745373324151271116
Received 163, started at 1745373324238783000, ended at 1745373324238783001
Received 164, started at 1745373324341368306, ended at 1745373324341368307
Received 165, started at 1745373324393857260, ended at 1745373324393857261
Received 166, started at 1745373324479855369, ended at 1745373324479855370
Received 167, started at 1745373324631399298, ended at 1745373324631399299
Received 168, started at 1745373324742146484, ended at 1745373324742146485
Received 169, started at 1745373324880949235, ended at 1745373324880949236
Received 170, started at 1745373324958541993, ended at 1745373324958541994
Received 171, started at 1745373325087287034, ended at 1745373325087287035
Received 172, started at 1745373325178921458, ended at 1745373325178921459
Received 173, started at 1745373325342709923, ended at 1745373325342709924
Received 174, started at 1745373325408236420, ended at 1745373325408236421
Received 175, started at 1745373325743305871, ended at 1745373325743305872
Received 176, started at 1745373325941979542, ended at 1745373325941979543
Received 177, started at 1745373326336780008, ended at 1745373326336780009
Received 178, started at 1745373326483008250, ended at 1745373326483008251
Received 179, started at 1745373326847345732, ended at 1745373326847345733
Received 180, started at 1745373326958645955, ended at 1745373326958645956
Received 181, started at 1745373327073353804, ended at 1745373327073353805
Received 182, started at 1745373327263923410, ended at 1745373327263923411
Received 183, started at 1745373327383704142, ended at 1745373327383704143
Received 184, started at 1745373327564195056, ended at 1745373327564195057
Received 185, started at 1745373327727711977, ended at 1745373327727711978
Received 186, started at 1745373327745279448, ended at 1745373327745279449
Received 187, started at 1745373327909415342, ended at 1745373327909415343
Received 188, started at 1745373327994555005, ended at 1745373327994555006
Received 189, started at 1745373328025540819, ended at 1745373328025540820
Received 190, started at 1745373328107847316, ended at 1745373328107847317
Received 191, started at 1745373328228154574, ended at 1745373328228154575
Received 192, started at 1745373328343541264, ended at 1745373328343541265
Received 193, started at 1745373328448917116, ended at 1745373328448917117
Received 194, started at 1745373328576853223, ended at 1745373328576853224
Received 195, started at 1745373328680033909, ended at 1745373328680033910
Received 196, started at 1745373328871494983, ended at 1745373328871494984
Received 197, started at 1745373328983703523, ended at 1745373328983703524
Received 198, started at 1745373329123051549, ended at 1745373329123051550
Received 199, started at 1745373329226836469, ended at 1745373329226836470
Received 200, started at 1745373329416512300, ended at 1745373329416512301
Received 201, started at 1745373329586078975, ended at 1745373329586078976
Received 202, started at 1745373330058184405, ended at 1745373330058184406
Received 203, started at 1745373330262942417, ended at 1745373330262942418
Received 204, started at 1745373330655353175, ended at 1745373330655353176
Received 205, started at 1745373330696695758, ended at 1745373330696695759
Received 206, started at 1745373331150507552, ended at 1745373331150507553
Received 207, started at 1745373331186548359, ended at 1745373331186548360
Received 208, started at 1745373331711555515, ended at 1745373331711555516
Received 209, started at 1745373331721355558, ended at 1745373331721355559
Received 210, started at 1745373331722860489, ended at 1745373331722860490
Received 211, started at 1745373331732195329, ended at 1745373331732195330
Received 212, started at 1745373331748035449, ended at 1745373331748035450
Received 213, started at 1745373331814894151, ended at 1745373331814894152
Received 214, started at 1745373331977928790, ended at 1745373331977928791
Received 215, started at 1745373332134245645, ended at 1745373332134245646
Received 216, started at 1745373332308423229, ended at 1745373332308423230
Received 217, started at 1745373332426876312, ended at 1745373332426876313
Received 218, started at 1745373332561762713, ended at 1745373332561762714
Received 219, started at 1745373333123430042, ended at 1745373333123430043
Received 220, started at 1745373333191682462, ended at 1745373333191682463
