[config.py] Random numbers for execution time: [386.33758138448223, 630.0371054585657, 749.3901128626006, 763.4512536815579, 862.3153336716528]
benchmark                        : synthetic
num_threads                      : 8
num_conns                        : 512
target_service                   : service2
request_type                     : dynamic-cycle-grpc-sync
repetitions                      : 5
target_num_exp                   : 10
pre_run                          : False
num_req                          : 20000
groundtruths                     : []
slowdowns                        : []
predicteds                       : []
errs                             : []
poker_batch_req                  : 100
client_cpu_quota                 : 2
random_seed                      : 30622
request_ratio                    : {'service0': 1, 'service1': 1.34, 'service2': 0.34, 'service3': 0.5, 'service4': 0.5}
baseline_service_processing_time : {'service0': 1155.5, 'service1': 763.45, 'service2': 2953.48, 'service3': 1688.5, 'service4': 1035.38}
cpu_quota                        : {'service0': 2, 'service1': 2, 'service2': 2, 'service3': 2, 'service4': 2}
target_processing_time_range     : [0, 2953.48]
baseline_throughputs             : []
poker_batch                      : 20000000
[test.py] Starting experiment...
[test.py] >>>>>>>>>>>>>>>>>>>>>>>>>>>>> Running experiment 0...
[test.py] Actual processing time range: [0, 295, 590, 885, 1180, 1475, 1770, 2065, 2360, 2655]
[test.py] Running baseline experiment
    [exp] Running (pre_run: False) workload synthetic/dynamic-cycle-grpc-sync request with the following configuration: {'CLIENT_CPU_QUOTA': '2', 'SLOWPOKE_POKER_BATCH_THRESHOLD': '20000000', 'PROCESSING_TIME_SERVICE0': '0.0011555', 'PROCESSING_TIME_SERVICE1': '0.00076345', 'PROCESSING_TIME_SERVICE2': '0.00295348', 'PROCESSING_TIME_SERVICE3': '0.0016885', 'PROCESSING_TIME_SERVICE4': '0.00103538', 'SLOWPOKE_DELAY_MICROS_SERVICE0': '0.0', 'SLOWPOKE_POKER_BATCH_THRESHOLD_SERVICE0': '100', 'SLOWPOKE_IS_TARGET_SERVICE_SERVICE0': 'false', 'SLOWPOKE_DELAY_MICROS_SERVICE1': '0.0', 'SLOWPOKE_POKER_BATCH_THRESHOLD_SERVICE1': '100', 'SLOWPOKE_IS_TARGET_SERVICE_SERVICE1': 'false', 'SLOWPOKE_DELAY_MICROS_SERVICE2': '0.0', 'SLOWPOKE_POKER_BATCH_THRESHOLD_SERVICE2': '100', 'SLOWPOKE_IS_TARGET_SERVICE_SERVICE2': 'true', 'SLOWPOKE_DELAY_MICROS_SERVICE3': '0.0', 'SLOWPOKE_POKER_BATCH_THRESHOLD_SERVICE3': '100', 'SLOWPOKE_IS_TARGET_SERVICE_SERVICE3': 'false', 'SLOWPOKE_DELAY_MICROS_SERVICE4': '0.0', 'SLOWPOKE_POKER_BATCH_THRESHOLD_SERVICE4': '100', 'SLOWPOKE_IS_TARGET_SERVICE_SERVICE4': 'false'}
    [exp] Executing cmd `bash run.sh synthetic dynamic-cycle-grpc-sync 8 512 20000`:
        [run.sh] Running benchmark synthetic with request dynamic-cycle-grpc-sync, thread 8, conn 512, duration 60
        [run.sh] Deleting all services
        configmap "config-service0" deleted
        deployment.apps "service0" deleted
        service "service0" deleted
        configmap "config-service1" deleted
        deployment.apps "service1" deleted
        service "service1" deleted
        configmap "config-service2" deleted
        deployment.apps "service2" deleted
        service "service2" deleted
        configmap "config-service3" deleted
        deployment.apps "service3" deleted
        service "service3" deleted
        configmap "config-service4" deleted
        deployment.apps "service4" deleted
        service "service4" deleted
        deployment.apps "ubuntu-client" deleted
        [run.sh] Waiting for all pods to be deleted
        [run.sh] Deploying all services
        configmap/config-service0 created
        deployment.apps/service0 created
        service/service0 created
        configmap/config-service1 created
        deployment.apps/service1 created
        service/service1 created
        configmap/config-service2 created
        deployment.apps/service2 created
        service/service2 created
        configmap/config-service3 created
        deployment.apps/service3 created
        service/service3 created
        configmap/config-service4 created
        deployment.apps/service4 created
        service/service4 created
        [run.sh] Client pod not found, deploying client
        deployment.apps/ubuntu-client created
        [run.sh] Waiting for all pods to be running
        [run.sh] All pods are running
        [run.sh] Checking heartbeat for all services
        [run.sh] Running warmup test
        [run.sh] /wrk/wrk -t8 -c512 --timeout 3s -d3s -L http://service0:80/endpoint1
        Running 3s test @ http://service0:80/endpoint1
        8 threads and 512 connections
        Thread Stats   Avg      Stdev     Max   +/- Stdev
        Latency   374.45ms  296.59ms   1.88s    75.25%
        Req/Sec   160.26     82.20   450.00     79.15%
        Latency Distribution
        50%  296.27ms
        75%  507.09ms
        90%  816.20ms
        99%    1.30s
        3460 requests in 3.02s, 537.25KB read
        Requests/sec:   1143.98
        Transfer/sec:    177.63KB
        [run.sh] Speed is 1143.98, duration is 26
        [run.sh] Fix the request number.
        [run.sh] Running the actual test
        [run.sh] /wrk/wrk --timeout 20s -t8 -c512 -d26s -L -s /wrk/fix_req_n.lua http://service0:80/endpoint1
        Running 26s test @ http://service0:80/endpoint1
        8 threads and 512 connections
        Thread Stats   Avg      Stdev     Max   +/- Stdev
        Latency   364.26ms  223.08ms   1.83s    79.16%
        Req/Sec   178.58     84.36   430.00     67.31%
        Latency Distribution
        50%  314.21ms
        75%  440.90ms
        90%  641.91ms
        99%    1.20s
        20001 requests in 26.00s, 3.03MB read
        Requests/sec:    769.26
        Transfer/sec:    119.45KB
        ------------------------------
        stop time: 14.162265
        stop time: 14.363679
        stop time: 14.199265
        stop time: 14.291003
        stop time: 14.282045
        stop time: 14.387291
        stop time: 14.354632
        stop time: 14.478959
        [run.sh] Checking the resource usage
        NAME                             CPU(cores)   MEMORY(bytes)
        service0-6fb7cc7c7f-cwbp2        1691m        49Mi
        service1-76b89695f7-bq5sm        1289m        23Mi
        service2-7bdbb95446-z6967        441m         12Mi
        service3-766854894f-4645s        650m         12Mi
        service4-6fb56c9f99-qflh9        388m         9Mi
        ubuntu-client-76886f6bbd-hv9d5   26m          15Mi
        [run.sh] Test finished with status 0
        > STDERR
        > No resources found in default namespace.
    [exp] Times: [14.162265, 14.363679, 14.199265, 14.291003, 14.282045, 14.387291, 14.354632, 14.478959]
    [exp] Throughput: 1397.146375681361
[test.py] Baseline throughput: 1397.146375681361
[test.py] Running 0th optmization experiment
[test.py] Running 0th groundtruth exp
    [exp] Running (pre_run: False) workload synthetic/dynamic-cycle-grpc-sync request with the following configuration: {'CLIENT_CPU_QUOTA': '2', 'SLOWPOKE_POKER_BATCH_THRESHOLD': '20000000', 'PROCESSING_TIME_SERVICE0': '0.0011555', 'PROCESSING_TIME_SERVICE1': '0.00076345', 'PROCESSING_TIME_SERVICE2': '0.0', 'PROCESSING_TIME_SERVICE3': '0.0016885', 'PROCESSING_TIME_SERVICE4': '0.00103538', 'SLOWPOKE_DELAY_MICROS_SERVICE0': '0.0', 'SLOWPOKE_POKER_BATCH_THRESHOLD_SERVICE0': '100', 'SLOWPOKE_IS_TARGET_SERVICE_SERVICE0': 'false', 'SLOWPOKE_DELAY_MICROS_SERVICE1': '0.0', 'SLOWPOKE_POKER_BATCH_THRESHOLD_SERVICE1': '100', 'SLOWPOKE_IS_TARGET_SERVICE_SERVICE1': 'false', 'SLOWPOKE_DELAY_MICROS_SERVICE2': '0.0', 'SLOWPOKE_POKER_BATCH_THRESHOLD_SERVICE2': '100', 'SLOWPOKE_IS_TARGET_SERVICE_SERVICE2': 'true', 'SLOWPOKE_DELAY_MICROS_SERVICE3': '0.0', 'SLOWPOKE_POKER_BATCH_THRESHOLD_SERVICE3': '100', 'SLOWPOKE_IS_TARGET_SERVICE_SERVICE3': 'false', 'SLOWPOKE_DELAY_MICROS_SERVICE4': '0.0', 'SLOWPOKE_POKER_BATCH_THRESHOLD_SERVICE4': '100', 'SLOWPOKE_IS_TARGET_SERVICE_SERVICE4': 'false'}
    [exp] Executing cmd `bash run.sh synthetic dynamic-cycle-grpc-sync 8 512 20000`:
        [run.sh] Running benchmark synthetic with request dynamic-cycle-grpc-sync, thread 8, conn 512, duration 60
        [run.sh] Deleting all services
        configmap "config-service0" deleted
        deployment.apps "service0" deleted
        service "service0" deleted
        configmap "config-service1" deleted
        deployment.apps "service1" deleted
        service "service1" deleted
        configmap "config-service2" deleted
        deployment.apps "service2" deleted
        service "service2" deleted
        configmap "config-service3" deleted
        deployment.apps "service3" deleted
        service "service3" deleted
        configmap "config-service4" deleted
        deployment.apps "service4" deleted
        service "service4" deleted
        deployment.apps "ubuntu-client" deleted
        [run.sh] Waiting for all pods to be deleted
        [run.sh] Deploying all services
        configmap/config-service0 created
        deployment.apps/service0 created
        service/service0 created
        configmap/config-service1 created
        deployment.apps/service1 created
        service/service1 created
        configmap/config-service2 created
        deployment.apps/service2 created
        service/service2 created
        configmap/config-service3 created
        deployment.apps/service3 created
        service/service3 created
        configmap/config-service4 created
        deployment.apps/service4 created
        service/service4 created
        [run.sh] Client pod not found, deploying client
        deployment.apps/ubuntu-client created
        [run.sh] Waiting for all pods to be running
        [run.sh] All pods are running
        [run.sh] Checking heartbeat for all services
        [run.sh] Running warmup test
        [run.sh] /wrk/wrk -t8 -c512 --timeout 3s -d3s -L http://service0:80/endpoint1
        Running 3s test @ http://service0:80/endpoint1
        8 threads and 512 connections
        Thread Stats   Avg      Stdev     Max   +/- Stdev
        Latency   396.34ms  210.50ms   1.14s    74.95%
        Req/Sec   177.42     95.21   393.00     60.53%
        Latency Distribution
        50%  330.98ms
        75%  505.38ms
        90%  698.40ms
        99%    1.03s
        3476 requests in 3.03s, 539.73KB read
        Requests/sec:   1148.69
        Transfer/sec:    178.36KB
        [run.sh] Speed is 1148.69, duration is 26
        [run.sh] Fix the request number.
        [run.sh] Running the actual test
        [run.sh] /wrk/wrk --timeout 20s -t8 -c512 -d26s -L -s /wrk/fix_req_n.lua http://service0:80/endpoint1
        Running 26s test @ http://service0:80/endpoint1
        8 threads and 512 connections
        Thread Stats   Avg      Stdev     Max   +/- Stdev
        Latency   370.06ms  200.12ms   1.48s    73.63%
        Req/Sec   176.73    103.17   610.00     66.61%
        Latency Distribution
        50%  316.00ms
        75%  474.22ms
        90%  650.05ms
        99%  994.11ms
        20000 requests in 26.00s, 3.03MB read
        Requests/sec:    769.23
        Transfer/sec:    119.44KB
        ------------------------------
        stop time: 14.831533
        stop time: 14.834734
        stop time: 14.647301
        stop time: 14.771952
        stop time: 14.783174
        stop time: 14.805544
        stop time: 14.650347
        stop time: 14.811251
        [run.sh] Checking the resource usage
        [run.sh] Test finished with status 0
        > STDERR
        > No resources found in default namespace.
        > error: metrics not available yet
    [exp] Times: [14.831533, 14.834734, 14.647301, 14.771952, 14.783174, 14.805544, 14.650347, 14.811251]
    [exp] Throughput: 1354.3731133370911
[test.py] Running 0th slowdown exp
    [exp] Running (pre_run: False) workload synthetic/dynamic-cycle-grpc-sync request with the following configuration: {'CLIENT_CPU_QUOTA': '2', 'SLOWPOKE_POKER_BATCH_THRESHOLD': '20000000', 'PROCESSING_TIME_SERVICE0': '0.0011555', 'PROCESSING_TIME_SERVICE1': '0.00076345', 'PROCESSING_TIME_SERVICE2': '0.00295348', 'PROCESSING_TIME_SERVICE3': '0.0016885', 'PROCESSING_TIME_SERVICE4': '0.00103538', 'SLOWPOKE_DELAY_MICROS_SERVICE0': '502.0', 'SLOWPOKE_POKER_BATCH_THRESHOLD_SERVICE0': '100', 'SLOWPOKE_IS_TARGET_SERVICE_SERVICE0': 'false', 'SLOWPOKE_DELAY_MICROS_SERVICE1': '374.5', 'SLOWPOKE_POKER_BATCH_THRESHOLD_SERVICE1': '100', 'SLOWPOKE_IS_TARGET_SERVICE_SERVICE1': 'false', 'SLOWPOKE_DELAY_MICROS_SERVICE2': '0.0', 'SLOWPOKE_POKER_BATCH_THRESHOLD_SERVICE2': '100', 'SLOWPOKE_IS_TARGET_SERVICE_SERVICE2': 'true', 'SLOWPOKE_DELAY_MICROS_SERVICE3': '1004.0', 'SLOWPOKE_POKER_BATCH_THRESHOLD_SERVICE3': '100', 'SLOWPOKE_IS_TARGET_SERVICE_SERVICE3': 'false', 'SLOWPOKE_DELAY_MICROS_SERVICE4': '1004.0', 'SLOWPOKE_POKER_BATCH_THRESHOLD_SERVICE4': '100', 'SLOWPOKE_IS_TARGET_SERVICE_SERVICE4': 'false'}
    [exp] Executing cmd `bash run.sh synthetic dynamic-cycle-grpc-sync 8 512 20000`:
        [run.sh] Running benchmark synthetic with request dynamic-cycle-grpc-sync, thread 8, conn 512, duration 60
        [run.sh] Deleting all services
        configmap "config-service0" deleted
        deployment.apps "service0" deleted
        service "service0" deleted
        configmap "config-service1" deleted
        deployment.apps "service1" deleted
        service "service1" deleted
        configmap "config-service2" deleted
        deployment.apps "service2" deleted
        service "service2" deleted
        configmap "config-service3" deleted
        deployment.apps "service3" deleted
        service "service3" deleted
        configmap "config-service4" deleted
        deployment.apps "service4" deleted
        service "service4" deleted
        deployment.apps "ubuntu-client" deleted
        [run.sh] Waiting for all pods to be deleted
        [run.sh] Deploying all services
        configmap/config-service0 created
        deployment.apps/service0 created
        service/service0 created
        configmap/config-service1 created
        deployment.apps/service1 created
        service/service1 created
        configmap/config-service2 created
        deployment.apps/service2 created
        service/service2 created
        configmap/config-service3 created
        deployment.apps/service3 created
        service/service3 created
        configmap/config-service4 created
        deployment.apps/service4 created
        service/service4 created
        [run.sh] Client pod not found, deploying client
        deployment.apps/ubuntu-client created
        [run.sh] Waiting for all pods to be running
        [run.sh] All pods are running
        [run.sh] Checking heartbeat for all services
        [run.sh] Running warmup test
        [run.sh] /wrk/wrk -t8 -c512 --timeout 3s -d3s -L http://service0:80/endpoint1
        Running 3s test @ http://service0:80/endpoint1
        8 threads and 512 connections
        Thread Stats   Avg      Stdev     Max   +/- Stdev
        Latency   699.87ms  441.58ms   2.92s    74.71%
        Req/Sec   115.98     87.81   340.00     68.97%
        Latency Distribution
        50%  597.21ms
        75%  949.59ms
        90%    1.31s
        99%    2.06s
        2057 requests in 3.03s, 319.40KB read
        Requests/sec:    679.69
        Transfer/sec:    105.54KB
        [run.sh] Speed is 679.69, duration is 44
        [run.sh] Fix the request number.
        [run.sh] Running the actual test
        [run.sh] /wrk/wrk --timeout 20s -t8 -c512 -d44s -L -s /wrk/fix_req_n.lua http://service0:80/endpoint1
        [run.sh] Checking the resource usage
        NAME                             CPU(cores)   MEMORY(bytes)
        service0-5d79d7b9d6-4fj2d        357m         42Mi
        service1-57b4855f84-g24g7        129m         19Mi
        service2-7bdbb95446-5z22p        261m         9Mi
        service3-669f445b76-8ftzc        84m          9Mi
        service4-5546c5d6b6-tfh8v        74m          9Mi
        ubuntu-client-76886f6bbd-9rsgh   8m           11Mi
        Running 44s test @ http://service0:80/endpoint1
        8 threads and 512 connections
        Thread Stats   Avg      Stdev     Max   +/- Stdev
        Latency   628.31ms  393.67ms   3.36s    73.71%
        Req/Sec   116.95     84.64   500.00     67.30%
        Latency Distribution
        50%  544.51ms
        75%  792.80ms
        90%    1.14s
        99%    1.91s
        20001 requests in 44.00s, 3.03MB read
        Requests/sec:    454.57
        Transfer/sec:     70.58KB
        ------------------------------
        stop time: 24.443002
        stop time: 24.025689
        stop time: 24.782405
        stop time: 24.019020
        stop time: 24.733599
        stop time: 25.263030
        stop time: 25.193400
        stop time: 25.321785
        [run.sh] Test finished with status 0
        > STDERR
        > No resources found in default namespace.
    [exp] Times: [24.443002, 24.025689, 24.782405, 24.01902, 24.733599, 25.26303, 25.1934, 25.321785]
    [exp] Throughput: 808.9717801823452
[test.py] Finished running 0th optmization experiment: groundtruth->1354.3731133370911, slowdown->808.9717801823452, predicted->1362.31344117872, err->0.586273292303067
[test.py] Running 1th optmization experiment
[test.py] Running 1th groundtruth exp
    [exp] Running (pre_run: False) workload synthetic/dynamic-cycle-grpc-sync request with the following configuration: {'CLIENT_CPU_QUOTA': '2', 'SLOWPOKE_POKER_BATCH_THRESHOLD': '20000000', 'PROCESSING_TIME_SERVICE0': '0.0011555', 'PROCESSING_TIME_SERVICE1': '0.00076345', 'PROCESSING_TIME_SERVICE2': '0.000295', 'PROCESSING_TIME_SERVICE3': '0.0016885', 'PROCESSING_TIME_SERVICE4': '0.00103538', 'SLOWPOKE_DELAY_MICROS_SERVICE0': '0.0', 'SLOWPOKE_POKER_BATCH_THRESHOLD_SERVICE0': '100', 'SLOWPOKE_IS_TARGET_SERVICE_SERVICE0': 'false', 'SLOWPOKE_DELAY_MICROS_SERVICE1': '0.0', 'SLOWPOKE_POKER_BATCH_THRESHOLD_SERVICE1': '100', 'SLOWPOKE_IS_TARGET_SERVICE_SERVICE1': 'false', 'SLOWPOKE_DELAY_MICROS_SERVICE2': '0.0', 'SLOWPOKE_POKER_BATCH_THRESHOLD_SERVICE2': '100', 'SLOWPOKE_IS_TARGET_SERVICE_SERVICE2': 'true', 'SLOWPOKE_DELAY_MICROS_SERVICE3': '0.0', 'SLOWPOKE_POKER_BATCH_THRESHOLD_SERVICE3': '100', 'SLOWPOKE_IS_TARGET_SERVICE_SERVICE3': 'false', 'SLOWPOKE_DELAY_MICROS_SERVICE4': '0.0', 'SLOWPOKE_POKER_BATCH_THRESHOLD_SERVICE4': '100', 'SLOWPOKE_IS_TARGET_SERVICE_SERVICE4': 'false'}
    [exp] Executing cmd `bash run.sh synthetic dynamic-cycle-grpc-sync 8 512 20000`:
        [run.sh] Running benchmark synthetic with request dynamic-cycle-grpc-sync, thread 8, conn 512, duration 60
        [run.sh] Deleting all services
        configmap "config-service0" deleted
        deployment.apps "service0" deleted
        service "service0" deleted
        configmap "config-service1" deleted
        deployment.apps "service1" deleted
        service "service1" deleted
        configmap "config-service2" deleted
        deployment.apps "service2" deleted
        service "service2" deleted
        configmap "config-service3" deleted
        deployment.apps "service3" deleted
        service "service3" deleted
        configmap "config-service4" deleted
        deployment.apps "service4" deleted
        service "service4" deleted
        deployment.apps "ubuntu-client" deleted
        [run.sh] Waiting for all pods to be deleted
        [run.sh] Deploying all services
        configmap/config-service0 created
        deployment.apps/service0 created
        service/service0 created
        configmap/config-service1 created
        deployment.apps/service1 created
        service/service1 created
        configmap/config-service2 created
        deployment.apps/service2 created
        service/service2 created
        configmap/config-service3 created
        deployment.apps/service3 created
        service/service3 created
        configmap/config-service4 created
        deployment.apps/service4 created
        service/service4 created
        [run.sh] Client pod not found, deploying client
        deployment.apps/ubuntu-client created
        [run.sh] Waiting for all pods to be running
        [run.sh] All pods are running
        [run.sh] Checking heartbeat for all services
        [run.sh] Running warmup test
        [run.sh] /wrk/wrk -t8 -c512 --timeout 3s -d3s -L http://service0:80/endpoint1
        Running 3s test @ http://service0:80/endpoint1
        8 threads and 512 connections
        Thread Stats   Avg      Stdev     Max   +/- Stdev
        Latency   400.99ms  171.97ms   1.25s    67.96%
        Req/Sec   175.66     86.39   373.00     66.49%
        Latency Distribution
        50%  372.25ms
        75%  519.76ms
        90%  649.94ms
        99%  860.39ms
        3650 requests in 3.03s, 566.75KB read
        Requests/sec:   1204.83
        Transfer/sec:    187.08KB
        [run.sh] Speed is 1204.83, duration is 24
        [run.sh] Fix the request number.
        [run.sh] Running the actual test
        [run.sh] /wrk/wrk --timeout 20s -t8 -c512 -d24s -L -s /wrk/fix_req_n.lua http://service0:80/endpoint1
        Running 24s test @ http://service0:80/endpoint1
        8 threads and 512 connections
        Thread Stats   Avg      Stdev     Max   +/- Stdev
        Latency   375.46ms  203.77ms   2.12s    75.14%
        Req/Sec   173.35     97.67   530.00     66.76%
        Latency Distribution
        50%  327.85ms
        75%  472.47ms
        90%  639.71ms
        99%    1.09s
        20000 requests in 24.00s, 3.03MB read
        Requests/sec:    833.33
        Transfer/sec:    129.39KB
        ------------------------------
        stop time: 14.764463
        stop time: 14.503104
        stop time: 14.798901
        stop time: 14.811568
        stop time: 14.800489
        stop time: 14.846330
        stop time: 14.941979
        stop time: 14.933348
        [run.sh] Checking the resource usage
        NAME                             CPU(cores)   MEMORY(bytes)
        service0-6fb7cc7c7f-w4d8z        1726m        47Mi
        service1-76b89695f7-8vr6v        1238m        24Mi
        service2-7bdbb95446-ffcdc        279m         10Mi
        service3-766854894f-9q9d8        1170m        11Mi
        service4-6fb56c9f99-zbltc        818m         10Mi
        ubuntu-client-76886f6bbd-7xvwm   48m          15Mi
        [run.sh] Test finished with status 0
        > STDERR
        > No resources found in default namespace.
    [exp] Times: [14.764463, 14.503104, 14.798901, 14.811568, 14.800489, 14.84633, 14.941979, 14.933348]
    [exp] Throughput: 1351.3492741083794
[test.py] Running 1th slowdown exp
    [exp] Running (pre_run: False) workload synthetic/dynamic-cycle-grpc-sync request with the following configuration: {'CLIENT_CPU_QUOTA': '2', 'SLOWPOKE_POKER_BATCH_THRESHOLD': '20000000', 'PROCESSING_TIME_SERVICE0': '0.0011555', 'PROCESSING_TIME_SERVICE1': '0.00076345', 'PROCESSING_TIME_SERVICE2': '0.00295348', 'PROCESSING_TIME_SERVICE3': '0.0016885', 'PROCESSING_TIME_SERVICE4': '0.00103538', 'SLOWPOKE_DELAY_MICROS_SERVICE0': '451.5', 'SLOWPOKE_POKER_BATCH_THRESHOLD_SERVICE0': '100', 'SLOWPOKE_IS_TARGET_SERVICE_SERVICE0': 'false', 'SLOWPOKE_DELAY_MICROS_SERVICE1': '337.0', 'SLOWPOKE_POKER_BATCH_THRESHOLD_SERVICE1': '100', 'SLOWPOKE_IS_TARGET_SERVICE_SERVICE1': 'false', 'SLOWPOKE_DELAY_MICROS_SERVICE2': '0.0', 'SLOWPOKE_POKER_BATCH_THRESHOLD_SERVICE2': '100', 'SLOWPOKE_IS_TARGET_SERVICE_SERVICE2': 'true', 'SLOWPOKE_DELAY_MICROS_SERVICE3': '903.5', 'SLOWPOKE_POKER_BATCH_THRESHOLD_SERVICE3': '100', 'SLOWPOKE_IS_TARGET_SERVICE_SERVICE3': 'false', 'SLOWPOKE_DELAY_MICROS_SERVICE4': '903.5', 'SLOWPOKE_POKER_BATCH_THRESHOLD_SERVICE4': '100', 'SLOWPOKE_IS_TARGET_SERVICE_SERVICE4': 'false'}
    [exp] Executing cmd `bash run.sh synthetic dynamic-cycle-grpc-sync 8 512 20000`:
        [run.sh] Running benchmark synthetic with request dynamic-cycle-grpc-sync, thread 8, conn 512, duration 60
        [run.sh] Deleting all services
        configmap "config-service0" deleted
        deployment.apps "service0" deleted
        service "service0" deleted
        configmap "config-service1" deleted
        deployment.apps "service1" deleted
        service "service1" deleted
        configmap "config-service2" deleted
        deployment.apps "service2" deleted
        service "service2" deleted
        configmap "config-service3" deleted
        deployment.apps "service3" deleted
        service "service3" deleted
        configmap "config-service4" deleted
        deployment.apps "service4" deleted
        service "service4" deleted
        deployment.apps "ubuntu-client" deleted
        [run.sh] Waiting for all pods to be deleted
        [run.sh] Deploying all services
        configmap/config-service0 created
        deployment.apps/service0 created
        service/service0 created
        configmap/config-service1 created
        deployment.apps/service1 created
        service/service1 created
        configmap/config-service2 created
        deployment.apps/service2 created
        service/service2 created
        configmap/config-service3 created
        deployment.apps/service3 created
        service/service3 created
        configmap/config-service4 created
        deployment.apps/service4 created
        service/service4 created
        [run.sh] Client pod not found, deploying client
        deployment.apps/ubuntu-client created
        [run.sh] Waiting for all pods to be running
        [run.sh] All pods are running
        [run.sh] Checking heartbeat for all services
        [run.sh] Running warmup test
        [run.sh] /wrk/wrk -t8 -c512 --timeout 3s -d3s -L http://service0:80/endpoint1
        Running 3s test @ http://service0:80/endpoint1
        8 threads and 512 connections
        Thread Stats   Avg      Stdev     Max   +/- Stdev
        Latency   695.83ms  364.77ms   2.09s    61.51%
        Req/Sec   115.33     82.73   353.00     61.42%
        Latency Distribution
        50%  705.08ms
        75%    1.00s
        90%    1.15s
        99%    1.51s
        1900 requests in 3.03s, 295.02KB read
        Requests/sec:    627.87
        Transfer/sec:     97.49KB
        [run.sh] Speed is 627.87, duration is 47
        [run.sh] Fix the request number.
        [run.sh] Running the actual test
        [run.sh] /wrk/wrk --timeout 20s -t8 -c512 -d47s -L -s /wrk/fix_req_n.lua http://service0:80/endpoint1
        [run.sh] Checking the resource usage
        Running 47s test @ http://service0:80/endpoint1
        8 threads and 512 connections
        Thread Stats   Avg      Stdev     Max   +/- Stdev
        Latency   596.17ms  367.97ms   3.70s    76.81%
        Req/Sec   116.89     82.36   450.00     68.57%
        Latency Distribution
        50%  509.31ms
        75%  772.42ms
        90%    1.07s
        99%    1.85s
        20000 requests in 47.00s, 3.03MB read
        Requests/sec:    425.53
        Transfer/sec:     66.07KB
        ------------------------------
        stop time: 23.292685
        stop time: 23.337547
        stop time: 23.335853
        stop time: 23.408980
        stop time: 23.354189
        stop time: 23.516748
        stop time: 23.401924
        stop time: 23.457128
        [run.sh] Test finished with status 0
        > STDERR
        > No resources found in default namespace.
        > error: metrics not available yet
    [exp] Times: [23.292685, 23.337547, 23.335853, 23.40898, 23.354189, 23.516748, 23.401924, 23.457128]
    [exp] Throughput: 855.1345705498686
[test.py] Finished running 1th optmization experiment: groundtruth->1351.3492741083794, slowdown->855.1345705498686, predicted->1393.796237339038, err->3.1410801074108066
[test.py] Running 2th optmization experiment
[test.py] Running 2th groundtruth exp
    [exp] Running (pre_run: False) workload synthetic/dynamic-cycle-grpc-sync request with the following configuration: {'CLIENT_CPU_QUOTA': '2', 'SLOWPOKE_POKER_BATCH_THRESHOLD': '20000000', 'PROCESSING_TIME_SERVICE0': '0.0011555', 'PROCESSING_TIME_SERVICE1': '0.00076345', 'PROCESSING_TIME_SERVICE2': '0.00059', 'PROCESSING_TIME_SERVICE3': '0.0016885', 'PROCESSING_TIME_SERVICE4': '0.00103538', 'SLOWPOKE_DELAY_MICROS_SERVICE0': '0.0', 'SLOWPOKE_POKER_BATCH_THRESHOLD_SERVICE0': '100', 'SLOWPOKE_IS_TARGET_SERVICE_SERVICE0': 'false', 'SLOWPOKE_DELAY_MICROS_SERVICE1': '0.0', 'SLOWPOKE_POKER_BATCH_THRESHOLD_SERVICE1': '100', 'SLOWPOKE_IS_TARGET_SERVICE_SERVICE1': 'false', 'SLOWPOKE_DELAY_MICROS_SERVICE2': '0.0', 'SLOWPOKE_POKER_BATCH_THRESHOLD_SERVICE2': '100', 'SLOWPOKE_IS_TARGET_SERVICE_SERVICE2': 'true', 'SLOWPOKE_DELAY_MICROS_SERVICE3': '0.0', 'SLOWPOKE_POKER_BATCH_THRESHOLD_SERVICE3': '100', 'SLOWPOKE_IS_TARGET_SERVICE_SERVICE3': 'false', 'SLOWPOKE_DELAY_MICROS_SERVICE4': '0.0', 'SLOWPOKE_POKER_BATCH_THRESHOLD_SERVICE4': '100', 'SLOWPOKE_IS_TARGET_SERVICE_SERVICE4': 'false'}
    [exp] Executing cmd `bash run.sh synthetic dynamic-cycle-grpc-sync 8 512 20000`:
        [run.sh] Running benchmark synthetic with request dynamic-cycle-grpc-sync, thread 8, conn 512, duration 60
        [run.sh] Deleting all services
        configmap "config-service0" deleted
        deployment.apps "service0" deleted
        service "service0" deleted
        configmap "config-service1" deleted
        deployment.apps "service1" deleted
        service "service1" deleted
        configmap "config-service2" deleted
        deployment.apps "service2" deleted
        service "service2" deleted
        configmap "config-service3" deleted
        deployment.apps "service3" deleted
        service "service3" deleted
        configmap "config-service4" deleted
        deployment.apps "service4" deleted
        service "service4" deleted
        deployment.apps "ubuntu-client" deleted
        [run.sh] Waiting for all pods to be deleted
        [run.sh] Deploying all services
        configmap/config-service0 created
        deployment.apps/service0 created
        service/service0 created
        configmap/config-service1 created
        deployment.apps/service1 created
        service/service1 created
        configmap/config-service2 created
        deployment.apps/service2 created
        service/service2 created
        configmap/config-service3 created
        deployment.apps/service3 created
        service/service3 created
        configmap/config-service4 created
        deployment.apps/service4 created
        service/service4 created
        [run.sh] Client pod not found, deploying client
        deployment.apps/ubuntu-client created
        [run.sh] Waiting for all pods to be running
        [run.sh] All pods are running
        [run.sh] Checking heartbeat for all services
        [run.sh] Running warmup test
        [run.sh] /wrk/wrk -t8 -c512 --timeout 3s -d3s -L http://service0:80/endpoint1
        Running 3s test @ http://service0:80/endpoint1
        8 threads and 512 connections
        Thread Stats   Avg      Stdev     Max   +/- Stdev
        Latency   411.94ms  240.93ms   1.47s    70.60%
        Req/Sec   168.84     96.43   424.00     60.39%
        Latency Distribution
        50%  346.48ms
        75%  563.59ms
        90%  766.06ms
        99%    1.09s
        3506 requests in 3.03s, 544.39KB read
        Requests/sec:   1156.55
        Transfer/sec:    179.58KB
        [run.sh] Speed is 1156.55, duration is 25
        [run.sh] Fix the request number.
        [run.sh] Running the actual test
        [run.sh] /wrk/wrk --timeout 20s -t8 -c512 -d25s -L -s /wrk/fix_req_n.lua http://service0:80/endpoint1
        Running 25s test @ http://service0:80/endpoint1
        8 threads and 512 connections
        Thread Stats   Avg      Stdev     Max   +/- Stdev
        Latency   360.37ms  207.42ms   1.69s    75.32%
        Req/Sec   179.50     87.83   474.00     63.64%
        Latency Distribution
        50%  307.53ms
        75%  452.86ms
        90%  641.20ms
        99%    1.06s
        20000 requests in 25.00s, 3.03MB read
        Requests/sec:    800.00
        Transfer/sec:    124.22KB
        ------------------------------
        stop time: 14.249743
        stop time: 14.242067
        stop time: 14.071800
        stop time: 14.029374
        stop time: 14.434198
        stop time: 14.430287
        stop time: 14.451239
        stop time: 14.457268
        [run.sh] Checking the resource usage
        NAME                             CPU(cores)   MEMORY(bytes)
        service0-6fb7cc7c7f-zddvn        542m         42Mi
        service1-76b89695f7-p2dk6        237m         16Mi
        service2-7bdbb95446-64qpv        124m         10Mi
        service3-766854894f-9k6xt        368m         10Mi
        service4-6fb56c9f99-lq72b        253m         9Mi
        ubuntu-client-76886f6bbd-dcxwb   20m          0Mi
        [run.sh] Test finished with status 0
        > STDERR
        > No resources found in default namespace.
    [exp] Times: [14.249743, 14.242067, 14.0718, 14.029374, 14.434198, 14.430287, 14.451239, 14.457268]
    [exp] Throughput: 1399.0174840111538
[test.py] Running 2th slowdown exp
    [exp] Running (pre_run: False) workload synthetic/dynamic-cycle-grpc-sync request with the following configuration: {'CLIENT_CPU_QUOTA': '2', 'SLOWPOKE_POKER_BATCH_THRESHOLD': '20000000', 'PROCESSING_TIME_SERVICE0': '0.0011555', 'PROCESSING_TIME_SERVICE1': '0.00076345', 'PROCESSING_TIME_SERVICE2': '0.00295348', 'PROCESSING_TIME_SERVICE3': '0.0016885', 'PROCESSING_TIME_SERVICE4': '0.00103538', 'SLOWPOKE_DELAY_MICROS_SERVICE0': '401.5', 'SLOWPOKE_POKER_BATCH_THRESHOLD_SERVICE0': '100', 'SLOWPOKE_IS_TARGET_SERVICE_SERVICE0': 'false', 'SLOWPOKE_DELAY_MICROS_SERVICE1': '299.5', 'SLOWPOKE_POKER_BATCH_THRESHOLD_SERVICE1': '100', 'SLOWPOKE_IS_TARGET_SERVICE_SERVICE1': 'false', 'SLOWPOKE_DELAY_MICROS_SERVICE2': '0.0', 'SLOWPOKE_POKER_BATCH_THRESHOLD_SERVICE2': '100', 'SLOWPOKE_IS_TARGET_SERVICE_SERVICE2': 'true', 'SLOWPOKE_DELAY_MICROS_SERVICE3': '803.5', 'SLOWPOKE_POKER_BATCH_THRESHOLD_SERVICE3': '100', 'SLOWPOKE_IS_TARGET_SERVICE_SERVICE3': 'false', 'SLOWPOKE_DELAY_MICROS_SERVICE4': '803.5', 'SLOWPOKE_POKER_BATCH_THRESHOLD_SERVICE4': '100', 'SLOWPOKE_IS_TARGET_SERVICE_SERVICE4': 'false'}
    [exp] Executing cmd `bash run.sh synthetic dynamic-cycle-grpc-sync 8 512 20000`:
        [run.sh] Running benchmark synthetic with request dynamic-cycle-grpc-sync, thread 8, conn 512, duration 60
        [run.sh] Deleting all services
        configmap "config-service0" deleted
        deployment.apps "service0" deleted
        service "service0" deleted
        configmap "config-service1" deleted
        deployment.apps "service1" deleted
        service "service1" deleted
        configmap "config-service2" deleted
        deployment.apps "service2" deleted
        service "service2" deleted
        configmap "config-service3" deleted
        deployment.apps "service3" deleted
        service "service3" deleted
        configmap "config-service4" deleted
        deployment.apps "service4" deleted
        service "service4" deleted
        deployment.apps "ubuntu-client" deleted
        [run.sh] Waiting for all pods to be deleted
        [run.sh] Deploying all services
        configmap/config-service0 created
        deployment.apps/service0 created
        service/service0 created
        configmap/config-service1 created
        deployment.apps/service1 created
        service/service1 created
        configmap/config-service2 created
        deployment.apps/service2 created
        service/service2 created
        configmap/config-service3 created
        deployment.apps/service3 created
        service/service3 created
        configmap/config-service4 created
        deployment.apps/service4 created
        service/service4 created
        [run.sh] Client pod not found, deploying client
        deployment.apps/ubuntu-client created
        [run.sh] Waiting for all pods to be running
        [run.sh] All pods are running
        [run.sh] Checking heartbeat for all services
        [run.sh] Running warmup test
        [run.sh] /wrk/wrk -t8 -c512 --timeout 3s -d3s -L http://service0:80/endpoint1
        Running 3s test @ http://service0:80/endpoint1
        8 threads and 512 connections
        Thread Stats   Avg      Stdev     Max   +/- Stdev
        Latency   593.73ms  276.07ms   1.62s    63.68%
        Req/Sec   122.58     79.36   310.00     58.33%
        Latency Distribution
        50%  544.77ms
        75%  766.57ms
        90%    1.04s
        99%    1.27s
        2360 requests in 3.02s, 366.45KB read
        Requests/sec:    781.06
        Transfer/sec:    121.28KB
        [run.sh] Speed is 781.06, duration is 38
        [run.sh] Fix the request number.
        [run.sh] Running the actual test
        [run.sh] /wrk/wrk --timeout 20s -t8 -c512 -d38s -L -s /wrk/fix_req_n.lua http://service0:80/endpoint1
        [run.sh] Checking the resource usage
        NAME                             CPU(cores)   MEMORY(bytes)
        service0-6c68ff99ff-pglqw        1142m        49Mi
        service1-59dbb5f7c4-mbrlt        1140m        22Mi
        service2-7bdbb95446-n2vqt        1039m        11Mi
        service3-546798459f-lzm8p        843m         11Mi
        service4-69b647f7fc-strrq        540m         10Mi
        ubuntu-client-76886f6bbd-gx72l   33m          19Mi
        Running 38s test @ http://service0:80/endpoint1
        8 threads and 512 connections
        Thread Stats   Avg      Stdev     Max   +/- Stdev
        Latency   590.58ms  351.63ms   2.71s    71.74%
        Req/Sec   120.66     87.45   505.00     65.50%
        Latency Distribution
        50%  522.46ms
        75%  759.57ms
        90%    1.07s
        99%    1.68s
        20000 requests in 38.00s, 3.03MB read
        Requests/sec:    526.31
        Transfer/sec:     81.72KB
        ------------------------------
        stop time: 22.663482
        stop time: 22.725654
        stop time: 23.480933
        stop time: 23.471633
        stop time: 23.729944
        stop time: 23.272792
        stop time: 23.558203
        stop time: 23.780816
        [run.sh] Test finished with status 0
        > STDERR
        > No resources found in default namespace.
    [exp] Times: [22.663482, 22.725654, 23.480933, 23.471633, 23.729944, 23.272792, 23.558203, 23.780816]
    [exp] Throughput: 857.0657656077154
[test.py] Finished running 2th optmization experiment: groundtruth->1399.0174840111538, slowdown->857.0657656077154, predicted->1307.223707586933, err->-6.561303019676127
[test.py] Running 3th optmization experiment
[test.py] Running 3th groundtruth exp
    [exp] Running (pre_run: False) workload synthetic/dynamic-cycle-grpc-sync request with the following configuration: {'CLIENT_CPU_QUOTA': '2', 'SLOWPOKE_POKER_BATCH_THRESHOLD': '20000000', 'PROCESSING_TIME_SERVICE0': '0.0011555', 'PROCESSING_TIME_SERVICE1': '0.00076345', 'PROCESSING_TIME_SERVICE2': '0.000885', 'PROCESSING_TIME_SERVICE3': '0.0016885', 'PROCESSING_TIME_SERVICE4': '0.00103538', 'SLOWPOKE_DELAY_MICROS_SERVICE0': '0.0', 'SLOWPOKE_POKER_BATCH_THRESHOLD_SERVICE0': '100', 'SLOWPOKE_IS_TARGET_SERVICE_SERVICE0': 'false', 'SLOWPOKE_DELAY_MICROS_SERVICE1': '0.0', 'SLOWPOKE_POKER_BATCH_THRESHOLD_SERVICE1': '100', 'SLOWPOKE_IS_TARGET_SERVICE_SERVICE1': 'false', 'SLOWPOKE_DELAY_MICROS_SERVICE2': '0.0', 'SLOWPOKE_POKER_BATCH_THRESHOLD_SERVICE2': '100', 'SLOWPOKE_IS_TARGET_SERVICE_SERVICE2': 'true', 'SLOWPOKE_DELAY_MICROS_SERVICE3': '0.0', 'SLOWPOKE_POKER_BATCH_THRESHOLD_SERVICE3': '100', 'SLOWPOKE_IS_TARGET_SERVICE_SERVICE3': 'false', 'SLOWPOKE_DELAY_MICROS_SERVICE4': '0.0', 'SLOWPOKE_POKER_BATCH_THRESHOLD_SERVICE4': '100', 'SLOWPOKE_IS_TARGET_SERVICE_SERVICE4': 'false'}
    [exp] Executing cmd `bash run.sh synthetic dynamic-cycle-grpc-sync 8 512 20000`:
        [run.sh] Running benchmark synthetic with request dynamic-cycle-grpc-sync, thread 8, conn 512, duration 60
        [run.sh] Deleting all services
        configmap "config-service0" deleted
        deployment.apps "service0" deleted
        service "service0" deleted
        configmap "config-service1" deleted
        deployment.apps "service1" deleted
        service "service1" deleted
        configmap "config-service2" deleted
        deployment.apps "service2" deleted
        service "service2" deleted
        configmap "config-service3" deleted
        deployment.apps "service3" deleted
        service "service3" deleted
        configmap "config-service4" deleted
        deployment.apps "service4" deleted
        service "service4" deleted
        deployment.apps "ubuntu-client" deleted
        [run.sh] Waiting for all pods to be deleted
        [run.sh] Deploying all services
        configmap/config-service0 created
        deployment.apps/service0 created
        service/service0 created
        configmap/config-service1 created
        deployment.apps/service1 created
        service/service1 created
        configmap/config-service2 created
        deployment.apps/service2 created
        service/service2 created
        configmap/config-service3 created
        deployment.apps/service3 created
        service/service3 created
        configmap/config-service4 created
        deployment.apps/service4 created
        service/service4 created
        [run.sh] Client pod not found, deploying client
        deployment.apps/ubuntu-client created
        [run.sh] Waiting for all pods to be running
        [run.sh] All pods are running
        [run.sh] Checking heartbeat for all services
        [run.sh] Running warmup test
        [run.sh] /wrk/wrk -t8 -c512 --timeout 3s -d3s -L http://service0:80/endpoint1
        Running 3s test @ http://service0:80/endpoint1
        8 threads and 512 connections
        Thread Stats   Avg      Stdev     Max   +/- Stdev
        Latency   405.64ms  254.51ms   1.34s    71.35%
        Req/Sec   162.92     84.46   393.00     65.09%
        Latency Distribution
        50%  340.02ms
        75%  557.75ms
        90%  762.96ms
        99%    1.18s
        3457 requests in 3.03s, 536.78KB read
        Requests/sec:   1141.41
        Transfer/sec:    177.23KB
        [run.sh] Speed is 1141.41, duration is 26
        [run.sh] Fix the request number.
        [run.sh] Running the actual test
        [run.sh] /wrk/wrk --timeout 20s -t8 -c512 -d26s -L -s /wrk/fix_req_n.lua http://service0:80/endpoint1
        Running 26s test @ http://service0:80/endpoint1
        8 threads and 512 connections
        Thread Stats   Avg      Stdev     Max   +/- Stdev
        Latency   364.95ms  215.06ms   2.06s    77.66%
        Req/Sec   176.06     94.68   490.00     66.97%
        Latency Distribution
        50%  313.83ms
        75%  450.95ms
        90%  633.39ms
        99%    1.14s
        20000 requests in 26.00s, 3.03MB read
        Requests/sec:    769.23
        Transfer/sec:    119.44KB
        ------------------------------
        stop time: 13.975138
        stop time: 14.256679
        stop time: 14.347011
        stop time: 14.587326
        stop time: 14.622712
        stop time: 14.682605
        stop time: 14.654241
        stop time: 14.696588
        [run.sh] Checking the resource usage
        NAME                        CPU(cores)   MEMORY(bytes)
        service2-7bdbb95446-vzkpb   0m           10Mi
        service3-766854894f-lp4mf   0m           12Mi
        service4-6fb56c9f99-pwjkj   0m           8Mi
        [run.sh] Test finished with status 0
        > STDERR
        > No resources found in default namespace.
    [exp] Times: [13.975138, 14.256679, 14.347011, 14.587326, 14.622712, 14.682605, 14.654241, 14.696588]
    [exp] Throughput: 1381.426547391996
[test.py] Running 3th slowdown exp
    [exp] Running (pre_run: False) workload synthetic/dynamic-cycle-grpc-sync request with the following configuration: {'CLIENT_CPU_QUOTA': '2', 'SLOWPOKE_POKER_BATCH_THRESHOLD': '20000000', 'PROCESSING_TIME_SERVICE0': '0.0011555', 'PROCESSING_TIME_SERVICE1': '0.00076345', 'PROCESSING_TIME_SERVICE2': '0.00295348', 'PROCESSING_TIME_SERVICE3': '0.0016885', 'PROCESSING_TIME_SERVICE4': '0.00103538', 'SLOWPOKE_DELAY_MICROS_SERVICE0': '351.5', 'SLOWPOKE_POKER_BATCH_THRESHOLD_SERVICE0': '100', 'SLOWPOKE_IS_TARGET_SERVICE_SERVICE0': 'false', 'SLOWPOKE_DELAY_MICROS_SERVICE1': '262.0', 'SLOWPOKE_POKER_BATCH_THRESHOLD_SERVICE1': '100', 'SLOWPOKE_IS_TARGET_SERVICE_SERVICE1': 'false', 'SLOWPOKE_DELAY_MICROS_SERVICE2': '0.0', 'SLOWPOKE_POKER_BATCH_THRESHOLD_SERVICE2': '100', 'SLOWPOKE_IS_TARGET_SERVICE_SERVICE2': 'true', 'SLOWPOKE_DELAY_MICROS_SERVICE3': '703.0', 'SLOWPOKE_POKER_BATCH_THRESHOLD_SERVICE3': '100', 'SLOWPOKE_IS_TARGET_SERVICE_SERVICE3': 'false', 'SLOWPOKE_DELAY_MICROS_SERVICE4': '703.0', 'SLOWPOKE_POKER_BATCH_THRESHOLD_SERVICE4': '100', 'SLOWPOKE_IS_TARGET_SERVICE_SERVICE4': 'false'}
    [exp] Executing cmd `bash run.sh synthetic dynamic-cycle-grpc-sync 8 512 20000`:
        [run.sh] Running benchmark synthetic with request dynamic-cycle-grpc-sync, thread 8, conn 512, duration 60
        [run.sh] Deleting all services
        configmap "config-service0" deleted
        deployment.apps "service0" deleted
        service "service0" deleted
        configmap "config-service1" deleted
        deployment.apps "service1" deleted
        service "service1" deleted
        configmap "config-service2" deleted
        deployment.apps "service2" deleted
        service "service2" deleted
        configmap "config-service3" deleted
        deployment.apps "service3" deleted
        service "service3" deleted
        configmap "config-service4" deleted
        deployment.apps "service4" deleted
        service "service4" deleted
        deployment.apps "ubuntu-client" deleted
        [run.sh] Waiting for all pods to be deleted
