[config.py] Random numbers for execution time: [286.2331082911651, 546.275699249611, 559.084670888684, 647.571543701747, 948.4966764126104]
benchmark                        : synthetic
num_threads                      : 8
num_conns                        : 512
target_service                   : service1
request_type                     : dynamic-once-http-sync
repetitions                      : 1
target_num_exp                   : 2
pre_run                          : False
num_req                          : 40000
groundtruths                     : []
slowdowns                        : []
predicteds                       : []
errs                             : []
client_cpu_quota                 : 2
random_seed                      : 5554
request_ratio                    : {'service0': 1, 'service1': 1, 'service2': 0.8, 'service3': 0.2, 'service4': 0.8}
baseline_service_processing_time : {'service0': 948.5, 'service1': 647.57, 'service2': 698.86, 'service3': 2731.38, 'service4': 357.79}
cpu_quota                        : {'service0': 2, 'service1': 2, 'service2': 2, 'service3': 2, 'service4': 2}
target_processing_time_range     : [0, 647.57]
baseline_throughputs             : []
poker_batch                      : 20000000
[test.py] Starting experiment...
[test.py] >>>>>>>>>>>>>>>>>>>>>>>>>>>>> Running experiment 0...
[test.py] Actual processing time range: [0, 323]
[test.py] Running baseline experiment
    [exp] Running (pre_run: False) workload synthetic/dynamic-once-http-sync request with the following configuration: {'CLIENT_CPU_QUOTA': '2', 'SLOWPOKE_POKER_BATCH_THRESHOLD': '20000000', 'PROCESSING_TIME_SERVICE0': '0.0009485', 'PROCESSING_TIME_SERVICE1': '0.00064757', 'PROCESSING_TIME_SERVICE2': '0.00069886', 'PROCESSING_TIME_SERVICE3': '0.00273138', 'PROCESSING_TIME_SERVICE4': '0.00035779', 'SLOWPOKE_DELAY_MICROS_SERVICE0': '0.0', 'SLOWPOKE_POKER_BATCH_THRESHOLD_SERVICE0': '10', 'SLOWPOKE_DELAY_MICROS_SERVICE1': '0.0', 'SLOWPOKE_POKER_BATCH_THRESHOLD_SERVICE1': '10', 'SLOWPOKE_DELAY_MICROS_SERVICE2': '0.0', 'SLOWPOKE_POKER_BATCH_THRESHOLD_SERVICE2': '10', 'SLOWPOKE_DELAY_MICROS_SERVICE3': '0.0', 'SLOWPOKE_POKER_BATCH_THRESHOLD_SERVICE3': '10', 'SLOWPOKE_DELAY_MICROS_SERVICE4': '0.0', 'SLOWPOKE_POKER_BATCH_THRESHOLD_SERVICE4': '10'}
    [exp] Executing cmd `bash run.sh synthetic dynamic-once-http-sync 8 512 40000`:
        [run.sh] Running benchmark synthetic with request dynamic-once-http-sync, thread 8, conn 512, duration 60
        [run.sh] Deleting all services
        configmap "config-service0" deleted
        deployment.apps "service0" deleted
        service "service0" deleted
        configmap "config-service1" deleted
        deployment.apps "service1" deleted
        service "service1" deleted
        configmap "config-service2" deleted
        deployment.apps "service2" deleted
        service "service2" deleted
        configmap "config-service3" deleted
        deployment.apps "service3" deleted
        service "service3" deleted
        deployment.apps "ubuntu-client" deleted
        [run.sh] Waiting for all pods to be deleted
        [run.sh] Deploying all services
        configmap/config-service0 created
        deployment.apps/service0 created
        service/service0 created
        configmap/config-service1 created
        deployment.apps/service1 created
        service/service1 created
        configmap/config-service2 created
        deployment.apps/service2 created
        service/service2 created
        configmap/config-service3 created
        deployment.apps/service3 created
        service/service3 created
        configmap/config-service4 created
        deployment.apps/service4 created
        service/service4 created
        [run.sh] Client pod not found, deploying client
        deployment.apps/ubuntu-client created
        [run.sh] Waiting for all pods to be running
        [run.sh] All pods are running
        [run.sh] Checking heartbeat for all services
        [run.sh] service0-8cbfd77d6-h4xt6 cannot connect to service4
        [run.sh] All pods can connect to all services
        [run.sh] Running warmup test
        [run.sh] /wrk/wrk -t8 -c512 -d3s -L http://service0:80/endpoint1
        Running 3s test @ http://service0:80/endpoint1
        8 threads and 512 connections
        Thread Stats   Avg      Stdev     Max   +/- Stdev
        Latency   333.02ms  121.91ms   1.29s    89.41%
        Req/Sec   189.64     57.61   300.00     72.84%
        Latency Distribution
        50%  299.40ms
        75%  344.91ms
        90%  443.58ms
        99%  879.04ms
        4404 requests in 3.03s, 2.56MB read
        Requests/sec:   1452.50
        Transfer/sec:    862.97KB
        [run.sh] Speed is 1452.50, duration is 55
        [run.sh] Fix the request number.
        [run.sh] Running the actual test
        [run.sh] /wrk/wrk --timeout 20s -t8 -c512 -d55s -L -s /wrk/fix_req_n.lua http://service0:80/endpoint1
        [run.sh] Checking the resource usage
        NAME                             CPU(cores)   MEMORY(bytes)
        service0-8cbfd77d6-h4xt6         1922m        48Mi
        service1-5c544b6b9c-h5pk6        1580m        18Mi
        service2-66888cb84d-4clvc        1438m        13Mi
        service3-67b8d48975-vk9v8        946m         9Mi
        service4-dcdcc9fc4-4ccbs         728m         11Mi
        ubuntu-client-76886f6bbd-9dlzd   80m          13Mi
        Running 1m test @ http://service0:80/endpoint1
        8 threads and 512 connections
        Thread Stats   Avg      Stdev     Max   +/- Stdev
        Latency   315.78ms   88.64ms   1.65s    89.96%
        Req/Sec   202.56     51.11   515.00     69.66%
        Latency Distribution
        50%  304.05ms
        75%  338.38ms
        90%  383.50ms
        99%  562.68ms
        40000 requests in 0.92m, 23.20MB read
        Requests/sec:    727.27
        Transfer/sec:    431.87KB
        ------------------------------
        stop time: 24.614957
        stop time: 24.186290
        stop time: 24.527025
        stop time: 24.957193
        stop time: 25.008454
        stop time: 25.005002
        stop time: 25.030235
        stop time: 24.979701
        [run.sh] Test finished with status 0
        > STDERR
        > No resources found in default namespace.
        > command terminated with exit code 1
    [exp] Times: [24.614957, 24.18629, 24.527025, 24.957193, 25.008454, 25.005002, 25.030235, 24.979701]
    [exp] Throughput: 1613.6445181568465
[test.py] Baseline throughput: 1613.6445181568465
[test.py] Running groundtruth experiment
    [exp] Running (pre_run: False) workload synthetic/dynamic-once-http-sync request with the following configuration: {'CLIENT_CPU_QUOTA': '2', 'SLOWPOKE_POKER_BATCH_THRESHOLD': '20000000', 'PROCESSING_TIME_SERVICE0': '0.0009485', 'PROCESSING_TIME_SERVICE1': '0.0', 'PROCESSING_TIME_SERVICE2': '0.00069886', 'PROCESSING_TIME_SERVICE3': '0.00273138', 'PROCESSING_TIME_SERVICE4': '0.00035779', 'SLOWPOKE_DELAY_MICROS_SERVICE0': '0.0', 'SLOWPOKE_POKER_BATCH_THRESHOLD_SERVICE0': '10', 'SLOWPOKE_DELAY_MICROS_SERVICE1': '0.0', 'SLOWPOKE_POKER_BATCH_THRESHOLD_SERVICE1': '10', 'SLOWPOKE_DELAY_MICROS_SERVICE2': '0.0', 'SLOWPOKE_POKER_BATCH_THRESHOLD_SERVICE2': '10', 'SLOWPOKE_DELAY_MICROS_SERVICE3': '0.0', 'SLOWPOKE_POKER_BATCH_THRESHOLD_SERVICE3': '10', 'SLOWPOKE_DELAY_MICROS_SERVICE4': '0.0', 'SLOWPOKE_POKER_BATCH_THRESHOLD_SERVICE4': '10'}
    [exp] Executing cmd `bash run.sh synthetic dynamic-once-http-sync 8 512 40000`:
        [run.sh] Running benchmark synthetic with request dynamic-once-http-sync, thread 8, conn 512, duration 60
        [run.sh] Deleting all services
        configmap "config-service0" deleted
        deployment.apps "service0" deleted
        service "service0" deleted
        configmap "config-service1" deleted
        deployment.apps "service1" deleted
        service "service1" deleted
        configmap "config-service2" deleted
        deployment.apps "service2" deleted
        service "service2" deleted
        configmap "config-service3" deleted
        deployment.apps "service3" deleted
        service "service3" deleted
        configmap "config-service4" deleted
        deployment.apps "service4" deleted
        service "service4" deleted
        deployment.apps "ubuntu-client" deleted
        [run.sh] Waiting for all pods to be deleted
        [run.sh] Deploying all services
        configmap/config-service0 created
        deployment.apps/service0 created
        service/service0 created
        configmap/config-service1 created
        deployment.apps/service1 created
        service/service1 created
        configmap/config-service2 created
        deployment.apps/service2 created
        service/service2 created
        configmap/config-service3 created
        deployment.apps/service3 created
        service/service3 created
        configmap/config-service4 created
        deployment.apps/service4 created
        service/service4 created
        [run.sh] Client pod not found, deploying client
        deployment.apps/ubuntu-client created
        [run.sh] Waiting for all pods to be running
        [run.sh] All pods are running
        [run.sh] Checking heartbeat for all services
        [run.sh] All pods can connect to all services
        [run.sh] Running warmup test
        [run.sh] /wrk/wrk -t8 -c512 -d3s -L http://service0:80/endpoint1
        Running 3s test @ http://service0:80/endpoint1
        8 threads and 512 connections
        Thread Stats   Avg      Stdev     Max   +/- Stdev
        Latency   333.21ms  136.25ms   1.30s    88.43%
        Req/Sec   188.00     63.15   340.00     70.21%
        Latency Distribution
        50%  294.18ms
        75%  342.73ms
        90%  485.91ms
        99%  940.87ms
        4404 requests in 3.03s, 2.56MB read
        Requests/sec:   1454.63
        Transfer/sec:    864.30KB
        [run.sh] Speed is 1454.63, duration is 54
        [run.sh] Fix the request number.
        [run.sh] Running the actual test
        [run.sh] /wrk/wrk --timeout 20s -t8 -c512 -d54s -L -s /wrk/fix_req_n.lua http://service0:80/endpoint1
        [run.sh] Checking the resource usage
        NAME                             CPU(cores)   MEMORY(bytes)
        service0-8cbfd77d6-x4ddh         1937m        48Mi
        service1-5c544b6b9c-qghsq        867m         16Mi
        service2-66888cb84d-sttct        1481m        13Mi
        service3-67b8d48975-j6z5z        920m         8Mi
        service4-dcdcc9fc4-kvkv5         731m         10Mi
        ubuntu-client-76886f6bbd-xbq44   81m          14Mi
        Running 1m test @ http://service0:80/endpoint1
        8 threads and 512 connections
        Thread Stats   Avg      Stdev     Max   +/- Stdev
        Latency   313.94ms  105.54ms   1.52s    90.80%
        Req/Sec   204.02     51.08   535.00     71.72%
        Latency Distribution
        50%  300.22ms
        75%  335.26ms
        90%  382.85ms
        99%  664.08ms
        40000 requests in 0.90m, 23.23MB read
        Requests/sec:    740.74
        Transfer/sec:    440.44KB
        ------------------------------
        stop time: 24.081181
        stop time: 24.385247
        stop time: 24.607191
        stop time: 24.517989
        stop time: 24.795254
        stop time: 24.755086
        stop time: 24.863628
        stop time: 24.860088
        [run.sh] Test finished with status 0
        > STDERR
        > No resources found in default namespace.
    [exp] Times: [24.081181, 24.385247, 24.607191, 24.517989, 24.795254, 24.755086, 24.863628, 24.860088]
    [exp] Throughput: 1625.4739069175616
    [exp] Running (pre_run: False) workload synthetic/dynamic-once-http-sync request with the following configuration: {'CLIENT_CPU_QUOTA': '2', 'SLOWPOKE_POKER_BATCH_THRESHOLD': '20000000', 'PROCESSING_TIME_SERVICE0': '0.0009485', 'PROCESSING_TIME_SERVICE1': '0.000323', 'PROCESSING_TIME_SERVICE2': '0.00069886', 'PROCESSING_TIME_SERVICE3': '0.00273138', 'PROCESSING_TIME_SERVICE4': '0.00035779', 'SLOWPOKE_DELAY_MICROS_SERVICE0': '0.0', 'SLOWPOKE_POKER_BATCH_THRESHOLD_SERVICE0': '10', 'SLOWPOKE_DELAY_MICROS_SERVICE1': '0.0', 'SLOWPOKE_POKER_BATCH_THRESHOLD_SERVICE1': '10', 'SLOWPOKE_DELAY_MICROS_SERVICE2': '0.0', 'SLOWPOKE_POKER_BATCH_THRESHOLD_SERVICE2': '10', 'SLOWPOKE_DELAY_MICROS_SERVICE3': '0.0', 'SLOWPOKE_POKER_BATCH_THRESHOLD_SERVICE3': '10', 'SLOWPOKE_DELAY_MICROS_SERVICE4': '0.0', 'SLOWPOKE_POKER_BATCH_THRESHOLD_SERVICE4': '10'}
    [exp] Executing cmd `bash run.sh synthetic dynamic-once-http-sync 8 512 40000`:
        [run.sh] Running benchmark synthetic with request dynamic-once-http-sync, thread 8, conn 512, duration 60
        [run.sh] Deleting all services
        configmap "config-service0" deleted
        deployment.apps "service0" deleted
        service "service0" deleted
        configmap "config-service1" deleted
        deployment.apps "service1" deleted
        service "service1" deleted
        configmap "config-service2" deleted
        deployment.apps "service2" deleted
        service "service2" deleted
        configmap "config-service3" deleted
        deployment.apps "service3" deleted
        service "service3" deleted
        configmap "config-service4" deleted
        deployment.apps "service4" deleted
        service "service4" deleted
        deployment.apps "ubuntu-client" deleted
        [run.sh] Waiting for all pods to be deleted
        [run.sh] Deploying all services
        configmap/config-service0 created
        deployment.apps/service0 created
        service/service0 created
        configmap/config-service1 created
        deployment.apps/service1 created
        service/service1 created
        configmap/config-service2 created
        deployment.apps/service2 created
        service/service2 created
        configmap/config-service3 created
        deployment.apps/service3 created
        service/service3 created
        configmap/config-service4 created
        deployment.apps/service4 created
        service/service4 created
        [run.sh] Client pod not found, deploying client
        deployment.apps/ubuntu-client created
        [run.sh] Waiting for all pods to be running
        [run.sh] All pods are running
        [run.sh] Checking heartbeat for all services
        [run.sh] All pods can connect to all services
        [run.sh] Running warmup test
        [run.sh] /wrk/wrk -t8 -c512 -d3s -L http://service0:80/endpoint1
        Running 3s test @ http://service0:80/endpoint1
        8 threads and 512 connections
        Thread Stats   Avg      Stdev     Max   +/- Stdev
        Latency   334.98ms   81.46ms 683.73ms   77.82%
        Req/Sec   197.99     63.94   363.00     69.91%
        Latency Distribution
        50%  312.42ms
        75%  363.12ms
        90%  461.80ms
        99%  597.48ms
        4341 requests in 3.03s, 2.53MB read
        Requests/sec:   1430.82
        Transfer/sec:    852.87KB
        [run.sh] Speed is 1430.82, duration is 55
        [run.sh] Fix the request number.
        [run.sh] Running the actual test
        [run.sh] /wrk/wrk --timeout 20s -t8 -c512 -d55s -L -s /wrk/fix_req_n.lua http://service0:80/endpoint1
        [run.sh] Checking the resource usage
        NAME                             CPU(cores)   MEMORY(bytes)
        service0-8cbfd77d6-ggvv9         1942m        48Mi
        service1-5c544b6b9c-2qcm2        1169m        17Mi
        service2-66888cb84d-t9h42        905m         14Mi
        service3-67b8d48975-hhczw        547m         9Mi
        service4-dcdcc9fc4-gbtwq         409m         10Mi
        ubuntu-client-76886f6bbd-nlrm6   44m          13Mi
        Running 1m test @ http://service0:80/endpoint1
        8 threads and 512 connections
        Thread Stats   Avg      Stdev     Max   +/- Stdev
        Latency   311.20ms   79.76ms   1.68s    88.66%
        Req/Sec   205.67     49.44   797.00     73.55%
        Latency Distribution
        50%  297.53ms
        75%  331.28ms
        90%  375.99ms
        99%  611.65ms
        40001 requests in 0.92m, 23.20MB read
        Requests/sec:    727.29
        Transfer/sec:    431.91KB
        ------------------------------
        stop time: 23.676628
        stop time: 24.554274
        stop time: 24.396743
        stop time: 24.556710
        stop time: 24.573921
        stop time: 24.655001
        stop time: 24.690036
        stop time: 24.638611
        [run.sh] Test finished with status 0
        > STDERR
        > No resources found in default namespace.
    [exp] Times: [23.676628, 24.554274, 24.396743, 24.55671, 24.573921, 24.655001, 24.690036, 24.638611]
    [exp] Throughput: 1634.8056331560326
[test.py] Running slowdown experiment
    [exp] Running (pre_run: False) workload synthetic/dynamic-once-http-sync request with the following configuration: {'CLIENT_CPU_QUOTA': '2', 'SLOWPOKE_POKER_BATCH_THRESHOLD': '20000000', 'PROCESSING_TIME_SERVICE0': '0.0009485', 'PROCESSING_TIME_SERVICE1': '0.00064757', 'PROCESSING_TIME_SERVICE2': '0.00069886', 'PROCESSING_TIME_SERVICE3': '0.00273138', 'PROCESSING_TIME_SERVICE4': '0.00035779', 'SLOWPOKE_DELAY_MICROS_SERVICE0': '323.5', 'SLOWPOKE_POKER_BATCH_THRESHOLD_SERVICE0': '32349990', 'SLOWPOKE_DELAY_MICROS_SERVICE1': '0.0', 'SLOWPOKE_POKER_BATCH_THRESHOLD_SERVICE1': '10', 'SLOWPOKE_DELAY_MICROS_SERVICE2': '404.5', 'SLOWPOKE_POKER_BATCH_THRESHOLD_SERVICE2': '32359990', 'SLOWPOKE_DELAY_MICROS_SERVICE3': '1618.5', 'SLOWPOKE_POKER_BATCH_THRESHOLD_SERVICE3': '32369990', 'SLOWPOKE_DELAY_MICROS_SERVICE4': '404.5', 'SLOWPOKE_POKER_BATCH_THRESHOLD_SERVICE4': '32359990'}
    [exp] Executing cmd `bash run.sh synthetic dynamic-once-http-sync 8 512 40000`:
        [run.sh] Running benchmark synthetic with request dynamic-once-http-sync, thread 8, conn 512, duration 60
        [run.sh] Deleting all services
        configmap "config-service0" deleted
        deployment.apps "service0" deleted
        service "service0" deleted
        configmap "config-service1" deleted
        deployment.apps "service1" deleted
        service "service1" deleted
        configmap "config-service2" deleted
        deployment.apps "service2" deleted
        service "service2" deleted
        configmap "config-service3" deleted
        deployment.apps "service3" deleted
        service "service3" deleted
        configmap "config-service4" deleted
        deployment.apps "service4" deleted
        service "service4" deleted
        deployment.apps "ubuntu-client" deleted
        [run.sh] Waiting for all pods to be deleted
        [run.sh] Deploying all services
        configmap/config-service0 created
        deployment.apps/service0 created
        service/service0 created
        configmap/config-service1 created
        deployment.apps/service1 created
        service/service1 created
        configmap/config-service2 created
        deployment.apps/service2 created
        service/service2 created
        configmap/config-service3 created
        deployment.apps/service3 created
        service/service3 created
        configmap/config-service4 created
        deployment.apps/service4 created
        service/service4 created
        [run.sh] Client pod not found, deploying client
        deployment.apps/ubuntu-client created
        [run.sh] Waiting for all pods to be running
        [run.sh] All pods are running
        [run.sh] Checking heartbeat for all services
        [run.sh] All pods can connect to all services
        [run.sh] Running warmup test
        [run.sh] /wrk/wrk -t8 -c512 -d3s -L http://service0:80/endpoint1
        Running 3s test @ http://service0:80/endpoint1
        8 threads and 512 connections
        Thread Stats   Avg      Stdev     Max   +/- Stdev
        Latency   470.82ms   92.27ms 915.64ms   72.41%
        Req/Sec   134.04     58.02   323.00     69.96%
        Latency Distribution
        50%  450.63ms
        75%  520.75ms
        90%  588.01ms
        99%  773.78ms
        3012 requests in 3.03s, 1.76MB read
        Requests/sec:    994.01
        Transfer/sec:    594.52KB
        [run.sh] Speed is 994.01, duration is 80
        [run.sh] Fix the request number.
        [run.sh] Running the actual test
        [run.sh] /wrk/wrk --timeout 20s -t8 -c512 -d80s -L -s /wrk/fix_req_n.lua http://service0:80/endpoint1
        [run.sh] Checking the resource usage
        Running 1m test @ http://service0:80/endpoint1
        8 threads and 512 connections
        Thread Stats   Avg      Stdev     Max   +/- Stdev
        Latency   469.14ms  117.21ms   1.99s    84.64%
        Req/Sec   136.30     46.46   380.00     75.61%
        Latency Distribution
        50%  454.05ms
        75%  507.20ms
        90%  579.47ms
        99%  926.55ms
        40001 requests in 1.33m, 23.21MB read
        Requests/sec:    500.01
        Transfer/sec:    297.14KB
        ------------------------------
        stop time: 36.456364
        stop time: 36.562579
        stop time: 36.955980
        stop time: 36.913526
        stop time: 36.943821
        stop time: 37.071645
        stop time: 37.113103
        stop time: 37.018838
        [run.sh] Test finished with status 0
        > STDERR
        > No resources found in default namespace.
        > error: metrics not available yet
    [exp] Times: [36.456364, 36.562579, 36.95598, 36.913526, 36.943821, 37.071645, 37.113103, 37.018838]
    [exp] Throughput: 1084.6139324841927
    [exp] Running (pre_run: False) workload synthetic/dynamic-once-http-sync request with the following configuration: {'CLIENT_CPU_QUOTA': '2', 'SLOWPOKE_POKER_BATCH_THRESHOLD': '20000000', 'PROCESSING_TIME_SERVICE0': '0.0009485', 'PROCESSING_TIME_SERVICE1': '0.00064757', 'PROCESSING_TIME_SERVICE2': '0.00069886', 'PROCESSING_TIME_SERVICE3': '0.00273138', 'PROCESSING_TIME_SERVICE4': '0.00035779', 'SLOWPOKE_DELAY_MICROS_SERVICE0': '162.0', 'SLOWPOKE_POKER_BATCH_THRESHOLD_SERVICE0': '16199990', 'SLOWPOKE_DELAY_MICROS_SERVICE1': '0.0', 'SLOWPOKE_POKER_BATCH_THRESHOLD_SERVICE1': '10', 'SLOWPOKE_DELAY_MICROS_SERVICE2': '202.5', 'SLOWPOKE_POKER_BATCH_THRESHOLD_SERVICE2': '16199990', 'SLOWPOKE_DELAY_MICROS_SERVICE3': '811.0', 'SLOWPOKE_POKER_BATCH_THRESHOLD_SERVICE3': '16219990', 'SLOWPOKE_DELAY_MICROS_SERVICE4': '202.5', 'SLOWPOKE_POKER_BATCH_THRESHOLD_SERVICE4': '16199990'}
    [exp] Executing cmd `bash run.sh synthetic dynamic-once-http-sync 8 512 40000`:
        [run.sh] Running benchmark synthetic with request dynamic-once-http-sync, thread 8, conn 512, duration 60
        [run.sh] Deleting all services
        configmap "config-service0" deleted
        deployment.apps "service0" deleted
        service "service0" deleted
        configmap "config-service1" deleted
        deployment.apps "service1" deleted
        service "service1" deleted
        configmap "config-service2" deleted
        deployment.apps "service2" deleted
        service "service2" deleted
        configmap "config-service3" deleted
        deployment.apps "service3" deleted
        service "service3" deleted
        configmap "config-service4" deleted
        deployment.apps "service4" deleted
        service "service4" deleted
        deployment.apps "ubuntu-client" deleted
        [run.sh] Waiting for all pods to be deleted
        [run.sh] Deploying all services
        configmap/config-service0 created
        deployment.apps/service0 created
        service/service0 created
        configmap/config-service1 created
        deployment.apps/service1 created
        service/service1 created
        configmap/config-service2 created
        deployment.apps/service2 created
        service/service2 created
        configmap/config-service3 created
        deployment.apps/service3 created
        service/service3 created
        configmap/config-service4 created
        deployment.apps/service4 created
        service/service4 created
        [run.sh] Client pod not found, deploying client
        deployment.apps/ubuntu-client created
        [run.sh] Waiting for all pods to be running
        [run.sh] All pods are running
        [run.sh] Checking heartbeat for all services
        [run.sh] service0-6778c7888b-vgfb4 cannot connect to service4
        [run.sh] All pods can connect to all services
        [run.sh] Running warmup test
        [run.sh] /wrk/wrk -t8 -c512 -d3s -L http://service0:80/endpoint1
        Running 3s test @ http://service0:80/endpoint1
        8 threads and 512 connections
        Thread Stats   Avg      Stdev     Max   +/- Stdev
        Latency   408.91ms  149.90ms   1.29s    80.24%
        Req/Sec   163.78     65.46   320.00     69.91%
        Latency Distribution
        50%  367.25ms
        75%  446.56ms
        90%  643.13ms
        99%  921.14ms
        3545 requests in 3.03s, 2.05MB read
        Requests/sec:   1171.42
        Transfer/sec:    694.22KB
        [run.sh] Speed is 1171.42, duration is 68
        [run.sh] Fix the request number.
        [run.sh] Running the actual test
        [run.sh] /wrk/wrk --timeout 20s -t8 -c512 -d68s -L -s /wrk/fix_req_n.lua http://service0:80/endpoint1
        [run.sh] Checking the resource usage
        NAME                             CPU(cores)   MEMORY(bytes)
        service0-6778c7888b-vgfb4        1131m        49Mi
        service1-5c544b6b9c-p7fmj        1369m        17Mi
        service2-8657c6d5b4-2b4sl        694m         13Mi
        service3-b8d95c765-w7dfq         454m         9Mi
        service4-86b9b4c686-kgnnv        375m         10Mi
        ubuntu-client-76886f6bbd-7rbvc   44m          14Mi
        Running 1m test @ http://service0:80/endpoint1
        8 threads and 512 connections
        Thread Stats   Avg      Stdev     Max   +/- Stdev
        Latency   386.36ms  111.17ms   1.78s    85.41%
        Req/Sec   165.54     56.15   380.00     70.42%
        Latency Distribution
        50%  367.95ms
        75%  419.15ms
        90%  491.01ms
        99%  823.48ms
        40000 requests in 1.13m, 23.25MB read
        Requests/sec:    588.23
        Transfer/sec:    350.10KB
        ------------------------------
        stop time: 29.923531
        stop time: 30.293283
        stop time: 30.410322
        stop time: 30.282220
        stop time: 30.437400
        stop time: 30.275375
        stop time: 30.592522
        stop time: 30.598593
        [run.sh] Test finished with status 0
        > STDERR
        > No resources found in default namespace.
        > command terminated with exit code 1
    [exp] Times: [29.923531, 30.293283, 30.410322, 30.28222, 30.4374, 30.275375, 30.592522, 30.598593]
    [exp] Throughput: 1317.8852689115652
[test.py] Baseline throughput:  1613.6445181568465
[test.py] Groundtruth:  [1625.4739069175616, 1634.8056331560326]
[test.py] Slowdown:  [1084.6139324841927, 1317.8852689115652]
[test.py] Predicted:  [1671.6759830562262, 1676.427965362442]
[test.py] Error percentage:  [2.8423757491302357, 2.5460110585780367]
[test.py] ++++++++++++++++++++++++++++++++ Summary: 
[test.py] Result for the experiment 0: 
    Baseline throughput: 1613.6445181568465
    Groundtruth: [1625.4739069175616, 1634.8056331560326]
    Slowdown:    [1084.6139324841927, 1317.8852689115652]
    Predicted:   [1671.6759830562262, 1676.427965362442]
    Error Perc:  [2.8423757491302357, 2.5460110585780367]
