[config.py] Random numbers for execution time: [457.8190171971569, 510.5244189842223, 569.5877680219319, 681.5840739845216, 759.3515679562805, 826.3618367022134, 909.8265613867029, 932.441954121777, 984.287486755421, 994.5039736858845, 1033.5791531668715]
benchmark                        : synthetic
num_threads                      : 8
num_conns                        : 512
target_service                   : service0
request_type                     : fanout-w10-http-sync
repetitions                      : 1
target_num_exp                   : 2
pre_run                          : False
num_req                          : 40000
groundtruths                     : []
slowdowns                        : []
predicteds                       : []
errs                             : []
client_cpu_quota                 : 2
random_seed                      : 29513
request_ratio                    : {'service0': 1, 'service1': 1, 'service2': 1, 'service3': 1, 'service4': 1, 'service5': 1, 'service6': 1, 'service7': 1, 'service8': 1, 'service9': 1, 'service10': 1}
baseline_service_processing_time : {'service0': 1033.58, 'service1': 994.5, 'service2': 984.29, 'service3': 932.44, 'service4': 909.83, 'service5': 826.36, 'service6': 759.35, 'service7': 681.58, 'service8': 569.59, 'service9': 510.52, 'service10': 457.82}
cpu_quota                        : {'service0': 2, 'service1': 2, 'service2': 2, 'service3': 2, 'service4': 2, 'service5': 2, 'service6': 2, 'service7': 2, 'service8': 2, 'service9': 2, 'service10': 2}
target_processing_time_range     : [0, 1033.58]
baseline_throughputs             : []
poker_batch                      : 30000000
[test.py] Starting experiment...
[test.py] >>>>>>>>>>>>>>>>>>>>>>>>>>>>> Running experiment 0...
[test.py] Actual processing time range: [0, 516]
[test.py] Running baseline experiment
    [exp] Running (pre_run: False) workload synthetic/fanout-w10-http-sync request with the following configuration: {'CLIENT_CPU_QUOTA': '2', 'SLOWPOKE_POKER_BATCH_THRESHOLD': '30000000', 'PROCESSING_TIME_SERVICE0': '0.00103358', 'PROCESSING_TIME_SERVICE1': '0.0009945', 'PROCESSING_TIME_SERVICE2': '0.00098429', 'PROCESSING_TIME_SERVICE3': '0.00093244', 'PROCESSING_TIME_SERVICE4': '0.00090983', 'PROCESSING_TIME_SERVICE5': '0.00082636', 'PROCESSING_TIME_SERVICE6': '0.00075935', 'PROCESSING_TIME_SERVICE7': '0.00068158', 'PROCESSING_TIME_SERVICE8': '0.00056959', 'PROCESSING_TIME_SERVICE9': '0.00051052', 'PROCESSING_TIME_SERVICE10': '0.00045782', 'SLOWPOKE_DELAY_MICROS_SERVICE0': '0.0', 'SLOWPOKE_DELAY_MICROS_SERVICE1': '0.0', 'SLOWPOKE_DELAY_MICROS_SERVICE2': '0.0', 'SLOWPOKE_DELAY_MICROS_SERVICE3': '0.0', 'SLOWPOKE_DELAY_MICROS_SERVICE4': '0.0', 'SLOWPOKE_DELAY_MICROS_SERVICE5': '0.0', 'SLOWPOKE_DELAY_MICROS_SERVICE6': '0.0', 'SLOWPOKE_DELAY_MICROS_SERVICE7': '0.0', 'SLOWPOKE_DELAY_MICROS_SERVICE8': '0.0', 'SLOWPOKE_DELAY_MICROS_SERVICE9': '0.0', 'SLOWPOKE_DELAY_MICROS_SERVICE10': '0.0'}
    [exp] Executing cmd `bash run.sh synthetic fanout-w10-http-sync 8 512 40000`:
        [run.sh] Running benchmark synthetic with request fanout-w10-http-sync, thread 8, conn 512, duration 60
        [run.sh] Deleting all services
        configmap "config-service0" deleted
        deployment.apps "service0" deleted
        service "service0" deleted
        configmap "config-service1" deleted
        deployment.apps "service1" deleted
        service "service1" deleted
        configmap "config-service10" deleted
        deployment.apps "service10" deleted
        service "service10" deleted
        configmap "config-service2" deleted
        deployment.apps "service2" deleted
        service "service2" deleted
        configmap "config-service3" deleted
        deployment.apps "service3" deleted
        service "service3" deleted
        configmap "config-service4" deleted
        deployment.apps "service4" deleted
        service "service4" deleted
        configmap "config-service5" deleted
        deployment.apps "service5" deleted
        service "service5" deleted
        configmap "config-service6" deleted
        deployment.apps "service6" deleted
        service "service6" deleted
        configmap "config-service7" deleted
        deployment.apps "service7" deleted
        service "service7" deleted
        configmap "config-service8" deleted
        deployment.apps "service8" deleted
        service "service8" deleted
        configmap "config-service9" deleted
        deployment.apps "service9" deleted
        service "service9" deleted
        deployment.apps "ubuntu-client" deleted
        [run.sh] Waiting for all pods to be deleted
        [run.sh] Deploying all services
        configmap/config-service0 created
        deployment.apps/service0 created
        service/service0 created
        configmap/config-service1 created
        deployment.apps/service1 created
        service/service1 created
        configmap/config-service10 created
        deployment.apps/service10 created
        service/service10 created
        configmap/config-service2 created
        deployment.apps/service2 created
        service/service2 created
        configmap/config-service3 created
        deployment.apps/service3 created
        service/service3 created
        configmap/config-service4 created
        deployment.apps/service4 created
        service/service4 created
        configmap/config-service5 created
        deployment.apps/service5 created
        service/service5 created
        configmap/config-service6 created
        deployment.apps/service6 created
        service/service6 created
        configmap/config-service7 created
        deployment.apps/service7 created
        service/service7 created
        configmap/config-service8 created
        deployment.apps/service8 created
        service/service8 created
        configmap/config-service9 created
        deployment.apps/service9 created
        service/service9 created
        [run.sh] Client pod not found, deploying client
        deployment.apps/ubuntu-client created
        [run.sh] Waiting for all pods to be running
        [run.sh] All pods are running
        [run.sh] Running warmup test
        [run.sh] /wrk/wrk -t8 -c512 -d3s -L http://service0:80/endpoint1
        Running 3s test @ http://service0:80/endpoint1
        8 threads and 512 connections
        Thread Stats   Avg      Stdev     Max   +/- Stdev
        Latency     1.01s   251.65ms   1.70s    64.36%
        Req/Sec    65.55     33.92   160.00     62.30%
        Latency Distribution
        50%  991.08ms
        75%    1.19s
        90%    1.34s
        99%    1.60s
        1274 requests in 3.03s, 2.62MB read
        Requests/sec:    420.52
        Transfer/sec:      0.87MB
        [run.sh] Speed is 420.52, duration is 142
        [run.sh] Fix the request number.
        [run.sh] Running the actual test
        [run.sh] /wrk/wrk --timeout 20s -t8 -c512 -d142s -L -s /wrk/fix_req_n.lua http://service0:80/endpoint1
        [run.sh] Checking the resource usage
        NAME                             CPU(cores)   MEMORY(bytes)
        service0-65b756fc78-kxpkq        838m         70Mi
        service1-fc9b56d49-rp2lg         332m         12Mi
        service10-78485db999-5fx49       131m         10Mi
        service2-6b57f69dfb-2mbj8        257m         12Mi
        service3-5c6d85cdf9-gdx9l        203m         11Mi
        service4-5b94d69d86-gh9m6        238m         12Mi
        service5-569cbcbbd5-zxchj        190m         11Mi
        service6-7b8d48cf84-mcv6h        173m         11Mi
        service7-59f655bcb7-9gg8j        181m         11Mi
        service8-9bd49f55d-vgnl7         157m         10Mi
        service9-7547cf678-hr6v6         130m         10Mi
        ubuntu-client-76886f6bbd-8kcsn   25m          21Mi
        Running 2m test @ http://service0:80/endpoint1
        8 threads and 512 connections
        Thread Stats   Avg      Stdev     Max   +/- Stdev
        Latency   889.69ms  644.14ms   6.00s    96.66%
        Req/Sec    82.34     40.03   280.00     68.15%
        Latency Distribution
        50%  761.36ms
        75%  930.03ms
        90%    1.18s
        99%    5.23s
        40000 requests in 2.37m, 82.32MB read
        Requests/sec:    281.69
        Transfer/sec:    593.64KB
        ------------------------------
        stop time: 66.584889
        stop time: 66.626486
        stop time: 66.585240
        stop time: 66.795029
        stop time: 66.600690
        stop time: 66.780918
        stop time: 66.670234
        stop time: 66.740228
        [run.sh] Test finished with status 0
        > STDERR
        > No resources found in default namespace.
    [exp] Times: [66.584889, 66.626486, 66.58524, 66.795029, 66.60069, 66.780918, 66.670234, 66.740228]
    [exp] Throughput: 599.9433271035344
[test.py] Baseline throughput: 599.9433271035344
[test.py] Running groundtruth experiment
    [exp] Running (pre_run: False) workload synthetic/fanout-w10-http-sync request with the following configuration: {'CLIENT_CPU_QUOTA': '2', 'SLOWPOKE_POKER_BATCH_THRESHOLD': '30000000', 'PROCESSING_TIME_SERVICE0': '0.0', 'PROCESSING_TIME_SERVICE1': '0.0009945', 'PROCESSING_TIME_SERVICE2': '0.00098429', 'PROCESSING_TIME_SERVICE3': '0.00093244', 'PROCESSING_TIME_SERVICE4': '0.00090983', 'PROCESSING_TIME_SERVICE5': '0.00082636', 'PROCESSING_TIME_SERVICE6': '0.00075935', 'PROCESSING_TIME_SERVICE7': '0.00068158', 'PROCESSING_TIME_SERVICE8': '0.00056959', 'PROCESSING_TIME_SERVICE9': '0.00051052', 'PROCESSING_TIME_SERVICE10': '0.00045782', 'SLOWPOKE_DELAY_MICROS_SERVICE0': '0.0', 'SLOWPOKE_DELAY_MICROS_SERVICE1': '0.0', 'SLOWPOKE_DELAY_MICROS_SERVICE2': '0.0', 'SLOWPOKE_DELAY_MICROS_SERVICE3': '0.0', 'SLOWPOKE_DELAY_MICROS_SERVICE4': '0.0', 'SLOWPOKE_DELAY_MICROS_SERVICE5': '0.0', 'SLOWPOKE_DELAY_MICROS_SERVICE6': '0.0', 'SLOWPOKE_DELAY_MICROS_SERVICE7': '0.0', 'SLOWPOKE_DELAY_MICROS_SERVICE8': '0.0', 'SLOWPOKE_DELAY_MICROS_SERVICE9': '0.0', 'SLOWPOKE_DELAY_MICROS_SERVICE10': '0.0'}
    [exp] Executing cmd `bash run.sh synthetic fanout-w10-http-sync 8 512 40000`:
        [run.sh] Running benchmark synthetic with request fanout-w10-http-sync, thread 8, conn 512, duration 60
        [run.sh] Deleting all services
        configmap "config-service0" deleted
        deployment.apps "service0" deleted
        service "service0" deleted
        configmap "config-service1" deleted
        deployment.apps "service1" deleted
        service "service1" deleted
        configmap "config-service10" deleted
        deployment.apps "service10" deleted
        service "service10" deleted
        configmap "config-service2" deleted
        deployment.apps "service2" deleted
        service "service2" deleted
        configmap "config-service3" deleted
        deployment.apps "service3" deleted
        service "service3" deleted
        configmap "config-service4" deleted
        deployment.apps "service4" deleted
        service "service4" deleted
        configmap "config-service5" deleted
        deployment.apps "service5" deleted
        service "service5" deleted
        configmap "config-service6" deleted
        deployment.apps "service6" deleted
        service "service6" deleted
        configmap "config-service7" deleted
        deployment.apps "service7" deleted
        service "service7" deleted
        configmap "config-service8" deleted
        deployment.apps "service8" deleted
        service "service8" deleted
        configmap "config-service9" deleted
        deployment.apps "service9" deleted
        service "service9" deleted
        deployment.apps "ubuntu-client" deleted
        [run.sh] Waiting for all pods to be deleted
        [run.sh] Deploying all services
        configmap/config-service0 created
        deployment.apps/service0 created
        service/service0 created
        configmap/config-service1 created
        deployment.apps/service1 created
        service/service1 created
        configmap/config-service10 created
        deployment.apps/service10 created
        service/service10 created
        configmap/config-service2 created
        deployment.apps/service2 created
        service/service2 created
        configmap/config-service3 created
        deployment.apps/service3 created
        service/service3 created
        configmap/config-service4 created
        deployment.apps/service4 created
        service/service4 created
        configmap/config-service5 created
        deployment.apps/service5 created
        service/service5 created
        configmap/config-service6 created
        deployment.apps/service6 created
        service/service6 created
        configmap/config-service7 created
        deployment.apps/service7 created
        service/service7 created
        configmap/config-service8 created
        deployment.apps/service8 created
        service/service8 created
        configmap/config-service9 created
        deployment.apps/service9 created
        service/service9 created
        [run.sh] Client pod not found, deploying client
        deployment.apps/ubuntu-client created
        [run.sh] Waiting for all pods to be running
        [run.sh] All pods are running
        [run.sh] Running warmup test
        [run.sh] /wrk/wrk -t8 -c512 -d3s -L http://service0:80/endpoint1
        Running 3s test @ http://service0:80/endpoint1
        8 threads and 512 connections
        Thread Stats   Avg      Stdev     Max   +/- Stdev
        Latency   754.47ms  213.38ms   1.37s    65.88%
        Req/Sec    81.00     45.95   242.00     64.81%
        Latency Distribution
        50%  767.59ms
        75%  887.91ms
        90%    1.02s
        99%    1.26s
        1779 requests in 3.03s, 3.66MB read
        Requests/sec:    587.53
        Transfer/sec:      1.21MB
        [run.sh] Speed is 587.53, duration is 102
        [run.sh] Fix the request number.
        [run.sh] Running the actual test
        [run.sh] /wrk/wrk --timeout 20s -t8 -c512 -d102s -L -s /wrk/fix_req_n.lua http://service0:80/endpoint1
        [run.sh] Checking the resource usage
        Running 2m test @ http://service0:80/endpoint1
        8 threads and 512 connections
        Thread Stats   Avg      Stdev     Max   +/- Stdev
        Latency   487.65ms  170.57ms   1.39s    79.15%
        Req/Sec   131.87     57.84   383.00     65.23%
        Latency Distribution
        50%  416.98ms
        75%  567.30ms
        90%  744.63ms
        99%    1.04s
        40000 requests in 1.70m, 82.32MB read
        Requests/sec:    392.16
        Transfer/sec:    826.44KB
        ------------------------------
        stop time: 38.295956
        stop time: 38.246916
        stop time: 38.282201
        stop time: 38.216800
        stop time: 38.237105
        stop time: 38.253279
        stop time: 38.321739
        stop time: 38.362780
        [run.sh] Test finished with status 0
        > STDERR
        > No resources found in default namespace.
        > error: metrics not available yet
    [exp] Times: [38.295956, 38.246916, 38.282201, 38.2168, 38.237105, 38.253279, 38.321739, 38.36278]
    [exp] Throughput: 1045.0113288371895
    [exp] Running (pre_run: False) workload synthetic/fanout-w10-http-sync request with the following configuration: {'CLIENT_CPU_QUOTA': '2', 'SLOWPOKE_POKER_BATCH_THRESHOLD': '30000000', 'PROCESSING_TIME_SERVICE0': '0.000516', 'PROCESSING_TIME_SERVICE1': '0.0009945', 'PROCESSING_TIME_SERVICE2': '0.00098429', 'PROCESSING_TIME_SERVICE3': '0.00093244', 'PROCESSING_TIME_SERVICE4': '0.00090983', 'PROCESSING_TIME_SERVICE5': '0.00082636', 'PROCESSING_TIME_SERVICE6': '0.00075935', 'PROCESSING_TIME_SERVICE7': '0.00068158', 'PROCESSING_TIME_SERVICE8': '0.00056959', 'PROCESSING_TIME_SERVICE9': '0.00051052', 'PROCESSING_TIME_SERVICE10': '0.00045782', 'SLOWPOKE_DELAY_MICROS_SERVICE0': '0.0', 'SLOWPOKE_DELAY_MICROS_SERVICE1': '0.0', 'SLOWPOKE_DELAY_MICROS_SERVICE2': '0.0', 'SLOWPOKE_DELAY_MICROS_SERVICE3': '0.0', 'SLOWPOKE_DELAY_MICROS_SERVICE4': '0.0', 'SLOWPOKE_DELAY_MICROS_SERVICE5': '0.0', 'SLOWPOKE_DELAY_MICROS_SERVICE6': '0.0', 'SLOWPOKE_DELAY_MICROS_SERVICE7': '0.0', 'SLOWPOKE_DELAY_MICROS_SERVICE8': '0.0', 'SLOWPOKE_DELAY_MICROS_SERVICE9': '0.0', 'SLOWPOKE_DELAY_MICROS_SERVICE10': '0.0'}
    [exp] Executing cmd `bash run.sh synthetic fanout-w10-http-sync 8 512 40000`:
        [run.sh] Running benchmark synthetic with request fanout-w10-http-sync, thread 8, conn 512, duration 60
        [run.sh] Deleting all services
        configmap "config-service0" deleted
        deployment.apps "service0" deleted
        service "service0" deleted
        configmap "config-service1" deleted
        deployment.apps "service1" deleted
        service "service1" deleted
        configmap "config-service10" deleted
        deployment.apps "service10" deleted
        service "service10" deleted
        configmap "config-service2" deleted
        deployment.apps "service2" deleted
        service "service2" deleted
        configmap "config-service3" deleted
        deployment.apps "service3" deleted
        service "service3" deleted
        configmap "config-service4" deleted
        deployment.apps "service4" deleted
        service "service4" deleted
        configmap "config-service5" deleted
        deployment.apps "service5" deleted
        service "service5" deleted
        configmap "config-service6" deleted
        deployment.apps "service6" deleted
        service "service6" deleted
        configmap "config-service7" deleted
        deployment.apps "service7" deleted
        service "service7" deleted
        configmap "config-service8" deleted
        deployment.apps "service8" deleted
        service "service8" deleted
        configmap "config-service9" deleted
        deployment.apps "service9" deleted
        service "service9" deleted
        deployment.apps "ubuntu-client" deleted
        [run.sh] Waiting for all pods to be deleted
        [run.sh] Deploying all services
        configmap/config-service0 created
        deployment.apps/service0 created
        service/service0 created
        configmap/config-service1 created
        deployment.apps/service1 created
        service/service1 created
        configmap/config-service10 created
        deployment.apps/service10 created
        service/service10 created
        configmap/config-service2 created
        deployment.apps/service2 created
        service/service2 created
        configmap/config-service3 created
        deployment.apps/service3 created
        service/service3 created
        configmap/config-service4 created
        deployment.apps/service4 created
        service/service4 created
        configmap/config-service5 created
        deployment.apps/service5 created
        service/service5 created
        configmap/config-service6 created
        deployment.apps/service6 created
        service/service6 created
        configmap/config-service7 created
        deployment.apps/service7 created
        service/service7 created
        configmap/config-service8 created
        deployment.apps/service8 created
        service/service8 created
        configmap/config-service9 created
        deployment.apps/service9 created
        service/service9 created
        [run.sh] Client pod not found, deploying client
        deployment.apps/ubuntu-client created
        [run.sh] Waiting for all pods to be running
        [run.sh] All pods are running
        [run.sh] Running warmup test
        [run.sh] /wrk/wrk -t8 -c512 -d3s -L http://service0:80/endpoint1
        Running 3s test @ http://service0:80/endpoint1
        8 threads and 512 connections
        Thread Stats   Avg      Stdev     Max   +/- Stdev
        Latency   879.53ms  217.86ms   1.68s    66.41%
        Req/Sec    82.34     52.49   262.00     74.73%
        Latency Distribution
        50%  859.47ms
        75%    1.03s
        90%    1.19s
        99%    1.34s
        1560 requests in 3.03s, 3.21MB read
        Requests/sec:    514.33
        Transfer/sec:      1.06MB
        [run.sh] Speed is 514.33, duration is 116
        [run.sh] Fix the request number.
        [run.sh] Running the actual test
        [run.sh] /wrk/wrk --timeout 20s -t8 -c512 -d116s -L -s /wrk/fix_req_n.lua http://service0:80/endpoint1
        [run.sh] Checking the resource usage
        NAME                             CPU(cores)   MEMORY(bytes)
        service0-65b756fc78-c9mnc        605m         70Mi
        service1-fc9b56d49-ct6kj         236m         11Mi
        service10-78485db999-snjj7       140m         11Mi
        service2-6b57f69dfb-rwllg        248m         11Mi
        service3-5c6d85cdf9-9br25        235m         11Mi
        service4-5b94d69d86-446zb        228m         11Mi
        service5-569cbcbbd5-ppkk5        212m         10Mi
        service6-7b8d48cf84-d6zn8        196m         10Mi
        service7-59f655bcb7-zv7tz        183m         10Mi
        service8-9bd49f55d-qbpxb         162m         11Mi
        service9-7547cf678-pbx5w         149m         10Mi
        ubuntu-client-76886f6bbd-x6mlp   2m           12Mi
        Running 2m test @ http://service0:80/endpoint1
        8 threads and 512 connections
        Thread Stats   Avg      Stdev     Max   +/- Stdev
        Latency   604.33ms  191.74ms   1.60s    80.44%
        Req/Sec   106.81     46.98   363.00     70.51%
        Latency Distribution
        50%  527.55ms
        75%  690.32ms
        90%  909.88ms
        99%    1.20s
        40000 requests in 1.93m, 82.32MB read
        Requests/sec:    344.83
        Transfer/sec:    726.70KB
        ------------------------------
        stop time: 47.446498
        stop time: 47.437081
        stop time: 47.436180
        stop time: 47.392057
        stop time: 47.376562
        stop time: 47.432923
        stop time: 47.466352
        stop time: 47.376250
        [run.sh] Test finished with status 0
        > STDERR
        > No resources found in default namespace.
    [exp] Times: [47.446498, 47.437081, 47.43618, 47.392057, 47.376562, 47.432923, 47.466352, 47.37625]
    [exp] Throughput: 843.5172599961361
[test.py] Running slowdown experiment
    [exp] Running (pre_run: False) workload synthetic/fanout-w10-http-sync request with the following configuration: {'CLIENT_CPU_QUOTA': '2', 'SLOWPOKE_POKER_BATCH_THRESHOLD': '30000000', 'PROCESSING_TIME_SERVICE0': '0.00103358', 'PROCESSING_TIME_SERVICE1': '0.0009945', 'PROCESSING_TIME_SERVICE2': '0.00098429', 'PROCESSING_TIME_SERVICE3': '0.00093244', 'PROCESSING_TIME_SERVICE4': '0.00090983', 'PROCESSING_TIME_SERVICE5': '0.00082636', 'PROCESSING_TIME_SERVICE6': '0.00075935', 'PROCESSING_TIME_SERVICE7': '0.00068158', 'PROCESSING_TIME_SERVICE8': '0.00056959', 'PROCESSING_TIME_SERVICE9': '0.00051052', 'PROCESSING_TIME_SERVICE10': '0.00045782', 'SLOWPOKE_DELAY_MICROS_SERVICE0': '0.0', 'SLOWPOKE_DELAY_MICROS_SERVICE1': '516.5', 'SLOWPOKE_DELAY_MICROS_SERVICE2': '516.5', 'SLOWPOKE_DELAY_MICROS_SERVICE3': '516.5', 'SLOWPOKE_DELAY_MICROS_SERVICE4': '516.5', 'SLOWPOKE_DELAY_MICROS_SERVICE5': '516.5', 'SLOWPOKE_DELAY_MICROS_SERVICE6': '516.5', 'SLOWPOKE_DELAY_MICROS_SERVICE7': '516.5', 'SLOWPOKE_DELAY_MICROS_SERVICE8': '516.5', 'SLOWPOKE_DELAY_MICROS_SERVICE9': '516.5', 'SLOWPOKE_DELAY_MICROS_SERVICE10': '516.5'}
    [exp] Executing cmd `bash run.sh synthetic fanout-w10-http-sync 8 512 40000`:
        [run.sh] Running benchmark synthetic with request fanout-w10-http-sync, thread 8, conn 512, duration 60
        [run.sh] Deleting all services
        configmap "config-service0" deleted
        deployment.apps "service0" deleted
        service "service0" deleted
        configmap "config-service1" deleted
        deployment.apps "service1" deleted
        service "service1" deleted
        configmap "config-service10" deleted
        deployment.apps "service10" deleted
        service "service10" deleted
        configmap "config-service2" deleted
        deployment.apps "service2" deleted
        service "service2" deleted
        configmap "config-service3" deleted
        deployment.apps "service3" deleted
        service "service3" deleted
        configmap "config-service4" deleted
        deployment.apps "service4" deleted
        service "service4" deleted
        configmap "config-service5" deleted
        deployment.apps "service5" deleted
        service "service5" deleted
        configmap "config-service6" deleted
        deployment.apps "service6" deleted
        service "service6" deleted
        configmap "config-service7" deleted
        deployment.apps "service7" deleted
        service "service7" deleted
        configmap "config-service8" deleted
        deployment.apps "service8" deleted
        service "service8" deleted
        configmap "config-service9" deleted
        deployment.apps "service9" deleted
        service "service9" deleted
        deployment.apps "ubuntu-client" deleted
        [run.sh] Waiting for all pods to be deleted
        [run.sh] Deploying all services
        configmap/config-service0 created
        deployment.apps/service0 created
        service/service0 created
        configmap/config-service1 created
        deployment.apps/service1 created
        service/service1 created
        configmap/config-service10 created
        deployment.apps/service10 created
        service/service10 created
        configmap/config-service2 created
        deployment.apps/service2 created
        service/service2 created
        configmap/config-service3 created
        deployment.apps/service3 created
        service/service3 created
        configmap/config-service4 created
        deployment.apps/service4 created
        service/service4 created
        configmap/config-service5 created
        deployment.apps/service5 created
        service/service5 created
        configmap/config-service6 created
        deployment.apps/service6 created
        service/service6 created
        configmap/config-service7 created
        deployment.apps/service7 created
        service/service7 created
        configmap/config-service8 created
        deployment.apps/service8 created
        service/service8 created
        configmap/config-service9 created
        deployment.apps/service9 created
        service/service9 created
        [run.sh] Client pod not found, deploying client
        deployment.apps/ubuntu-client created
        [run.sh] Waiting for all pods to be running
        [run.sh] All pods are running
        [run.sh] Running warmup test
        [run.sh] /wrk/wrk -t8 -c512 -d3s -L http://service0:80/endpoint1
        Running 3s test @ http://service0:80/endpoint1
        8 threads and 512 connections
        Thread Stats   Avg      Stdev     Max   +/- Stdev
        Latency     1.06s   306.42ms   1.98s    72.45%
        Req/Sec    56.11     35.83   212.00     64.67%
        Latency Distribution
        50%    1.01s
        75%    1.24s
        90%    1.47s
        99%    1.95s
        1109 requests in 3.04s, 2.28MB read
        Socket errors: connect 0, read 0, write 0, timeout 31
        Requests/sec:    365.02
        Transfer/sec:    769.25KB
        [run.sh] Speed is 365.02, duration is 164
        [run.sh] Fix the request number.
        [run.sh] Running the actual test
        [run.sh] /wrk/wrk --timeout 20s -t8 -c512 -d164s -L -s /wrk/fix_req_n.lua http://service0:80/endpoint1
        [run.sh] Checking the resource usage
        NAME                             CPU(cores)   MEMORY(bytes)
        service0-65b756fc78-8pjpw        341m         73Mi
        service1-55d995b5f4-mp8dp        103m         11Mi
        service10-5bbc7c9646-gsf55       105m         10Mi
        service2-8455cb658c-gkz2h        193m         12Mi
        service3-7bd94467bd-9w2kz        183m         11Mi
        service4-5c9457f55c-gkkzr        180m         12Mi
        service5-74dff8b46b-2xkvz        166m         12Mi
        service6-56c56d699-p9smp         154m         11Mi
        service7-5fb9bc4bd-vfjkd         141m         9Mi
        service8-8457fc844f-wxmzb        125m         11Mi
        service9-7f8d58d4f5-c7p9r        114m         9Mi
        ubuntu-client-76886f6bbd-m26lr   5m           12Mi
        Running 3m test @ http://service0:80/endpoint1
        8 threads and 512 connections
        Thread Stats   Avg      Stdev     Max   +/- Stdev
        Latency     2.19s     2.21s   11.35s    81.68%
        Req/Sec    72.70     37.97   262.00     68.70%
        Latency Distribution
        50%    1.03s
        75%    3.05s
        90%    5.48s
        99%    9.54s
        40000 requests in 2.73m, 82.32MB read
        Requests/sec:    243.90
        Transfer/sec:    514.00KB
        ------------------------------
        stop time: 135.219958
        stop time: 136.011886
        stop time: 136.280170
        stop time: 136.077662
        stop time: 136.405433
        stop time: 136.496920
        stop time: 136.489780
        stop time: 136.436012
        [run.sh] Test finished with status 0
        > STDERR
        > No resources found in default namespace.
    [exp] Times: [135.219958, 136.011886, 136.28017, 136.077662, 136.405433, 136.49692, 136.48978, 136.436012]
    [exp] Throughput: 293.7348681392646
    [exp] Running (pre_run: False) workload synthetic/fanout-w10-http-sync request with the following configuration: {'CLIENT_CPU_QUOTA': '2', 'SLOWPOKE_POKER_BATCH_THRESHOLD': '30000000', 'PROCESSING_TIME_SERVICE0': '0.00103358', 'PROCESSING_TIME_SERVICE1': '0.0009945', 'PROCESSING_TIME_SERVICE2': '0.00098429', 'PROCESSING_TIME_SERVICE3': '0.00093244', 'PROCESSING_TIME_SERVICE4': '0.00090983', 'PROCESSING_TIME_SERVICE5': '0.00082636', 'PROCESSING_TIME_SERVICE6': '0.00075935', 'PROCESSING_TIME_SERVICE7': '0.00068158', 'PROCESSING_TIME_SERVICE8': '0.00056959', 'PROCESSING_TIME_SERVICE9': '0.00051052', 'PROCESSING_TIME_SERVICE10': '0.00045782', 'SLOWPOKE_DELAY_MICROS_SERVICE0': '0.0', 'SLOWPOKE_DELAY_MICROS_SERVICE1': '258.5', 'SLOWPOKE_DELAY_MICROS_SERVICE2': '258.5', 'SLOWPOKE_DELAY_MICROS_SERVICE3': '258.5', 'SLOWPOKE_DELAY_MICROS_SERVICE4': '258.5', 'SLOWPOKE_DELAY_MICROS_SERVICE5': '258.5', 'SLOWPOKE_DELAY_MICROS_SERVICE6': '258.5', 'SLOWPOKE_DELAY_MICROS_SERVICE7': '258.5', 'SLOWPOKE_DELAY_MICROS_SERVICE8': '258.5', 'SLOWPOKE_DELAY_MICROS_SERVICE9': '258.5', 'SLOWPOKE_DELAY_MICROS_SERVICE10': '258.5'}
    [exp] Executing cmd `bash run.sh synthetic fanout-w10-http-sync 8 512 40000`:
        [run.sh] Running benchmark synthetic with request fanout-w10-http-sync, thread 8, conn 512, duration 60
        [run.sh] Deleting all services
        configmap "config-service0" deleted
        deployment.apps "service0" deleted
        service "service0" deleted
        configmap "config-service1" deleted
        deployment.apps "service1" deleted
        service "service1" deleted
        configmap "config-service10" deleted
        deployment.apps "service10" deleted
        service "service10" deleted
        configmap "config-service2" deleted
        deployment.apps "service2" deleted
        service "service2" deleted
        configmap "config-service3" deleted
        deployment.apps "service3" deleted
        service "service3" deleted
        configmap "config-service4" deleted
        deployment.apps "service4" deleted
        service "service4" deleted
        configmap "config-service5" deleted
        deployment.apps "service5" deleted
        service "service5" deleted
        configmap "config-service6" deleted
        deployment.apps "service6" deleted
        service "service6" deleted
        configmap "config-service7" deleted
        deployment.apps "service7" deleted
        service "service7" deleted
        configmap "config-service8" deleted
        deployment.apps "service8" deleted
        service "service8" deleted
        configmap "config-service9" deleted
        deployment.apps "service9" deleted
        service "service9" deleted
        deployment.apps "ubuntu-client" deleted
        [run.sh] Waiting for all pods to be deleted
        [run.sh] Deploying all services
        configmap/config-service0 created
        deployment.apps/service0 created
        service/service0 created
        configmap/config-service1 created
        deployment.apps/service1 created
        service/service1 created
        configmap/config-service10 created
        deployment.apps/service10 created
        service/service10 created
        configmap/config-service2 created
        deployment.apps/service2 created
        service/service2 created
        configmap/config-service3 created
        deployment.apps/service3 created
        service/service3 created
        configmap/config-service4 created
        deployment.apps/service4 created
        service/service4 created
        configmap/config-service5 created
        deployment.apps/service5 created
        service/service5 created
        configmap/config-service6 created
        deployment.apps/service6 created
        service/service6 created
        configmap/config-service7 created
        deployment.apps/service7 created
        service/service7 created
        configmap/config-service8 created
        deployment.apps/service8 created
        service/service8 created
        configmap/config-service9 created
        deployment.apps/service9 created
        service/service9 created
        [run.sh] Client pod not found, deploying client
        deployment.apps/ubuntu-client created
        [run.sh] Waiting for all pods to be running
        [run.sh] All pods are running
        [run.sh] Running warmup test
        [run.sh] /wrk/wrk -t8 -c512 -d3s -L http://service0:80/endpoint1
        Running 3s test @ http://service0:80/endpoint1
        8 threads and 512 connections
        Thread Stats   Avg      Stdev     Max   +/- Stdev
        Latency     1.06s   334.29ms   1.90s    66.89%
        Req/Sec    62.86     38.15   181.00     67.96%
        Latency Distribution
        50%    1.03s
        75%    1.27s
        90%    1.57s
        99%    1.86s
        1211 requests in 3.03s, 2.49MB read
        Requests/sec:    399.84
        Transfer/sec:    842.63KB
        [run.sh] Speed is 399.84, duration is 150
        [run.sh] Fix the request number.
        [run.sh] Running the actual test
        [run.sh] /wrk/wrk --timeout 20s -t8 -c512 -d150s -L -s /wrk/fix_req_n.lua http://service0:80/endpoint1
        [run.sh] Checking the resource usage
        NAME                             CPU(cores)   MEMORY(bytes)
        service0-65b756fc78-g2wr5        1896m        67Mi
        service1-5b6fd457fc-86dfj        628m         10Mi
        service10-55bf7b4db7-555d5       319m         10Mi
        service2-7df789b6cb-dpv24        635m         12Mi
        service3-846bcd4d67-qxmg2        548m         10Mi
        service4-7cb6dbfbb-p7wn6         604m         11Mi
        service5-5db67ccbf-5stmg         505m         11Mi
        service6-6f5b89fb4d-hgnr6        449m         9Mi
        service7-656cf7bf4c-dqvfz        436m         11Mi
        service8-595dbc7d5d-pcrgj        392m         10Mi
        service9-778cb6766-2wz5p         328m         10Mi
        ubuntu-client-76886f6bbd-ljrv5   22m          16Mi
        Running 2m test @ http://service0:80/endpoint1
        8 threads and 512 connections
        Thread Stats   Avg      Stdev     Max   +/- Stdev
        Latency     3.26s     3.85s   20.00s    88.20%
        Req/Sec    71.63     44.02   270.00     69.95%
        Latency Distribution
        50%    1.19s
        75%    4.55s
        90%    8.98s
        99%   19.51s
        29209 requests in 2.50m, 60.11MB read
        Socket errors: connect 0, read 0, write 0, timeout 56
        Requests/sec:    194.66
        Transfer/sec:    410.22KB
        ------------------------------
        [run.sh] Test finished with status 1
        > STDERR
        > No resources found in default namespace.
        > PANIC: unprotected error in call to Lua API (/wrk/fix_req_n.lua:32: bad argument #1 to 'format' (number expected, got nil))
        > command terminated with exit code 1
    [exp] Error running bash run.sh synthetic fanout-w10-http-sync 8 512 40000
[test.py] Found 0 throughput, rerun experiment
    [exp] Running (pre_run: False) workload synthetic/fanout-w10-http-sync request with the following configuration: {'CLIENT_CPU_QUOTA': '2', 'SLOWPOKE_POKER_BATCH_THRESHOLD': '30000000', 'PROCESSING_TIME_SERVICE0': '0.00103358', 'PROCESSING_TIME_SERVICE1': '0.0009945', 'PROCESSING_TIME_SERVICE2': '0.00098429', 'PROCESSING_TIME_SERVICE3': '0.00093244', 'PROCESSING_TIME_SERVICE4': '0.00090983', 'PROCESSING_TIME_SERVICE5': '0.00082636', 'PROCESSING_TIME_SERVICE6': '0.00075935', 'PROCESSING_TIME_SERVICE7': '0.00068158', 'PROCESSING_TIME_SERVICE8': '0.00056959', 'PROCESSING_TIME_SERVICE9': '0.00051052', 'PROCESSING_TIME_SERVICE10': '0.00045782', 'SLOWPOKE_DELAY_MICROS_SERVICE0': '0.0', 'SLOWPOKE_DELAY_MICROS_SERVICE1': '258.5', 'SLOWPOKE_DELAY_MICROS_SERVICE2': '258.5', 'SLOWPOKE_DELAY_MICROS_SERVICE3': '258.5', 'SLOWPOKE_DELAY_MICROS_SERVICE4': '258.5', 'SLOWPOKE_DELAY_MICROS_SERVICE5': '258.5', 'SLOWPOKE_DELAY_MICROS_SERVICE6': '258.5', 'SLOWPOKE_DELAY_MICROS_SERVICE7': '258.5', 'SLOWPOKE_DELAY_MICROS_SERVICE8': '258.5', 'SLOWPOKE_DELAY_MICROS_SERVICE9': '258.5', 'SLOWPOKE_DELAY_MICROS_SERVICE10': '258.5'}
    [exp] Executing cmd `bash run.sh synthetic fanout-w10-http-sync 8 512 40000`:
        [run.sh] Running benchmark synthetic with request fanout-w10-http-sync, thread 8, conn 512, duration 60
        [run.sh] Deleting all services
        configmap "config-service0" deleted
        deployment.apps "service0" deleted
        service "service0" deleted
        configmap "config-service1" deleted
        deployment.apps "service1" deleted
        service "service1" deleted
        configmap "config-service10" deleted
        deployment.apps "service10" deleted
        service "service10" deleted
        configmap "config-service2" deleted
        deployment.apps "service2" deleted
        service "service2" deleted
        configmap "config-service3" deleted
        deployment.apps "service3" deleted
        service "service3" deleted
        configmap "config-service4" deleted
        deployment.apps "service4" deleted
        service "service4" deleted
        configmap "config-service5" deleted
        deployment.apps "service5" deleted
        service "service5" deleted
        configmap "config-service6" deleted
        deployment.apps "service6" deleted
        service "service6" deleted
        configmap "config-service7" deleted
        deployment.apps "service7" deleted
        service "service7" deleted
        configmap "config-service8" deleted
        deployment.apps "service8" deleted
        service "service8" deleted
        configmap "config-service9" deleted
        deployment.apps "service9" deleted
        service "service9" deleted
        deployment.apps "ubuntu-client" deleted
        [run.sh] Waiting for all pods to be deleted
        [run.sh] Deploying all services
        configmap/config-service0 created
        deployment.apps/service0 created
        service/service0 created
        configmap/config-service1 created
        deployment.apps/service1 created
        service/service1 created
        configmap/config-service10 created
        deployment.apps/service10 created
        service/service10 created
        configmap/config-service2 created
        deployment.apps/service2 created
        service/service2 created
        configmap/config-service3 created
        deployment.apps/service3 created
        service/service3 created
        configmap/config-service4 created
        deployment.apps/service4 created
        service/service4 created
        configmap/config-service5 created
        deployment.apps/service5 created
        service/service5 created
        configmap/config-service6 created
        deployment.apps/service6 created
        service/service6 created
        configmap/config-service7 created
        deployment.apps/service7 created
        service/service7 created
        configmap/config-service8 created
        deployment.apps/service8 created
        service/service8 created
        configmap/config-service9 created
        deployment.apps/service9 created
        service/service9 created
        [run.sh] Client pod not found, deploying client
        deployment.apps/ubuntu-client created
        [run.sh] Waiting for all pods to be running
        [run.sh] All pods are running
        [run.sh] Running warmup test
        [run.sh] /wrk/wrk -t8 -c512 -d3s -L http://service0:80/endpoint1
        Running 3s test @ http://service0:80/endpoint1
        8 threads and 512 connections
        Thread Stats   Avg      Stdev     Max   +/- Stdev
        Latency     1.04s   284.69ms   1.99s    64.42%
        Req/Sec    61.70     40.19   181.00     68.42%
        Latency Distribution
        50%    1.03s
        75%    1.22s
        90%    1.43s
        99%    1.76s
        1217 requests in 3.04s, 2.50MB read
        Requests/sec:    400.98
        Transfer/sec:    845.03KB
        [run.sh] Speed is 400.98, duration is 149
        [run.sh] Fix the request number.
        [run.sh] Running the actual test
        [run.sh] /wrk/wrk --timeout 20s -t8 -c512 -d149s -L -s /wrk/fix_req_n.lua http://service0:80/endpoint1
        [run.sh] Checking the resource usage
        Running 2m test @ http://service0:80/endpoint1
        8 threads and 512 connections
        Thread Stats   Avg      Stdev     Max   +/- Stdev
        Latency     2.68s     2.84s   15.27s    85.57%
        Req/Sec    72.96     45.17   272.00     68.70%
        Latency Distribution
        50%    1.17s
        75%    3.91s
        90%    6.34s
        99%   14.41s
        37347 requests in 2.48m, 76.86MB read
        Requests/sec:    250.56
        Transfer/sec:    528.03KB
        ------------------------------
        [run.sh] Test finished with status 1
        > STDERR
        > No resources found in default namespace.
        > error: metrics not available yet
        > PANIC: unprotected error in call to Lua API (/wrk/fix_req_n.lua:32: bad argument #1 to 'format' (number expected, got nil))
        > command terminated with exit code 1
    [exp] Error running bash run.sh synthetic fanout-w10-http-sync 8 512 40000
[test.py] Found 0 throughput, rerun experiment
    [exp] Running (pre_run: False) workload synthetic/fanout-w10-http-sync request with the following configuration: {'CLIENT_CPU_QUOTA': '2', 'SLOWPOKE_POKER_BATCH_THRESHOLD': '30000000', 'PROCESSING_TIME_SERVICE0': '0.00103358', 'PROCESSING_TIME_SERVICE1': '0.0009945', 'PROCESSING_TIME_SERVICE2': '0.00098429', 'PROCESSING_TIME_SERVICE3': '0.00093244', 'PROCESSING_TIME_SERVICE4': '0.00090983', 'PROCESSING_TIME_SERVICE5': '0.00082636', 'PROCESSING_TIME_SERVICE6': '0.00075935', 'PROCESSING_TIME_SERVICE7': '0.00068158', 'PROCESSING_TIME_SERVICE8': '0.00056959', 'PROCESSING_TIME_SERVICE9': '0.00051052', 'PROCESSING_TIME_SERVICE10': '0.00045782', 'SLOWPOKE_DELAY_MICROS_SERVICE0': '0.0', 'SLOWPOKE_DELAY_MICROS_SERVICE1': '258.5', 'SLOWPOKE_DELAY_MICROS_SERVICE2': '258.5', 'SLOWPOKE_DELAY_MICROS_SERVICE3': '258.5', 'SLOWPOKE_DELAY_MICROS_SERVICE4': '258.5', 'SLOWPOKE_DELAY_MICROS_SERVICE5': '258.5', 'SLOWPOKE_DELAY_MICROS_SERVICE6': '258.5', 'SLOWPOKE_DELAY_MICROS_SERVICE7': '258.5', 'SLOWPOKE_DELAY_MICROS_SERVICE8': '258.5', 'SLOWPOKE_DELAY_MICROS_SERVICE9': '258.5', 'SLOWPOKE_DELAY_MICROS_SERVICE10': '258.5'}
    [exp] Executing cmd `bash run.sh synthetic fanout-w10-http-sync 8 512 40000`:
        [run.sh] Running benchmark synthetic with request fanout-w10-http-sync, thread 8, conn 512, duration 60
        [run.sh] Deleting all services
        configmap "config-service0" deleted
        deployment.apps "service0" deleted
        service "service0" deleted
        configmap "config-service1" deleted
        deployment.apps "service1" deleted
        service "service1" deleted
        configmap "config-service10" deleted
        deployment.apps "service10" deleted
        service "service10" deleted
        configmap "config-service2" deleted
        deployment.apps "service2" deleted
        service "service2" deleted
        configmap "config-service3" deleted
        deployment.apps "service3" deleted
        service "service3" deleted
        configmap "config-service4" deleted
        deployment.apps "service4" deleted
        service "service4" deleted
        configmap "config-service5" deleted
        deployment.apps "service5" deleted
        service "service5" deleted
        configmap "config-service6" deleted
        deployment.apps "service6" deleted
        service "service6" deleted
        configmap "config-service7" deleted
        deployment.apps "service7" deleted
        service "service7" deleted
        configmap "config-service8" deleted
        deployment.apps "service8" deleted
        service "service8" deleted
        configmap "config-service9" deleted
        deployment.apps "service9" deleted
        service "service9" deleted
        deployment.apps "ubuntu-client" deleted
        [run.sh] Waiting for all pods to be deleted
        [run.sh] Deploying all services
        configmap/config-service0 created
        deployment.apps/service0 created
        service/service0 created
        configmap/config-service1 created
        deployment.apps/service1 created
        service/service1 created
        configmap/config-service10 created
        deployment.apps/service10 created
        service/service10 created
        configmap/config-service2 created
        deployment.apps/service2 created
        service/service2 created
        configmap/config-service3 created
        deployment.apps/service3 created
        service/service3 created
        configmap/config-service4 created
        deployment.apps/service4 created
        service/service4 created
        configmap/config-service5 created
        deployment.apps/service5 created
        service/service5 created
        configmap/config-service6 created
        deployment.apps/service6 created
        service/service6 created
        configmap/config-service7 created
        deployment.apps/service7 created
        service/service7 created
        configmap/config-service8 created
        deployment.apps/service8 created
        service/service8 created
        configmap/config-service9 created
        deployment.apps/service9 created
        service/service9 created
        [run.sh] Client pod not found, deploying client
        deployment.apps/ubuntu-client created
        [run.sh] Waiting for all pods to be running
        [run.sh] All pods are running
        [run.sh] Running warmup test
        [run.sh] /wrk/wrk -t8 -c512 -d3s -L http://service0:80/endpoint1
        Running 3s test @ http://service0:80/endpoint1
        8 threads and 512 connections
        Thread Stats   Avg      Stdev     Max   +/- Stdev
        Latency     1.06s   268.72ms   1.85s    62.75%
        Req/Sec    62.47     34.93   200.00     67.18%
        Latency Distribution
        50%    1.03s
        75%    1.25s
        90%    1.45s
        99%    1.62s
        1235 requests in 3.03s, 2.54MB read
        Requests/sec:    407.44
        Transfer/sec:    858.65KB
        [run.sh] Speed is 407.44, duration is 147
        [run.sh] Fix the request number.
        [run.sh] Running the actual test
        [run.sh] /wrk/wrk --timeout 20s -t8 -c512 -d147s -L -s /wrk/fix_req_n.lua http://service0:80/endpoint1
        [run.sh] Checking the resource usage
        NAME                             CPU(cores)   MEMORY(bytes)
        service0-65b756fc78-cqhfs        78m          69Mi
        service1-5b6fd457fc-9klk9        539m         11Mi
        service10-55bf7b4db7-dg2gp       212m         10Mi
        service2-7df789b6cb-2d9vk        432m         11Mi
        service3-846bcd4d67-zvxvq        379m         12Mi
        service4-7cb6dbfbb-hczrk         395m         11Mi
        service5-5db67ccbf-b4lnn         342m         10Mi
        service6-6f5b89fb4d-gh2bq        291m         10Mi
        service7-656cf7bf4c-6gdkn        289m         11Mi
        service8-595dbc7d5d-5gcm2        267m         11Mi
        service9-778cb6766-rr645         206m         11Mi
        ubuntu-client-76886f6bbd-pc88l   5m           15Mi
        Running 2m test @ http://service0:80/endpoint1
        8 threads and 512 connections
        Thread Stats   Avg      Stdev     Max   +/- Stdev
        Latency     3.01s     2.78s   11.26s    85.14%
        Req/Sec    71.83     45.07   272.00     67.75%
        Latency Distribution
        50%    1.32s
        75%    4.87s
        90%    7.50s
        99%   10.59s
        30481 requests in 2.45m, 62.73MB read
        Requests/sec:    207.28
        Transfer/sec:    436.83KB
        ------------------------------
        [run.sh] Test finished with status 1
        > STDERR
        > No resources found in default namespace.
        > PANIC: unprotected error in call to Lua API (/wrk/fix_req_n.lua:32: bad argument #1 to 'format' (number expected, got nil))
        > command terminated with exit code 1
    [exp] Error running bash run.sh synthetic fanout-w10-http-sync 8 512 40000
[test.py] Found 0 throughput, rerun experiment
    [exp] Running (pre_run: False) workload synthetic/fanout-w10-http-sync request with the following configuration: {'CLIENT_CPU_QUOTA': '2', 'SLOWPOKE_POKER_BATCH_THRESHOLD': '30000000', 'PROCESSING_TIME_SERVICE0': '0.00103358', 'PROCESSING_TIME_SERVICE1': '0.0009945', 'PROCESSING_TIME_SERVICE2': '0.00098429', 'PROCESSING_TIME_SERVICE3': '0.00093244', 'PROCESSING_TIME_SERVICE4': '0.00090983', 'PROCESSING_TIME_SERVICE5': '0.00082636', 'PROCESSING_TIME_SERVICE6': '0.00075935', 'PROCESSING_TIME_SERVICE7': '0.00068158', 'PROCESSING_TIME_SERVICE8': '0.00056959', 'PROCESSING_TIME_SERVICE9': '0.00051052', 'PROCESSING_TIME_SERVICE10': '0.00045782', 'SLOWPOKE_DELAY_MICROS_SERVICE0': '0.0', 'SLOWPOKE_DELAY_MICROS_SERVICE1': '258.5', 'SLOWPOKE_DELAY_MICROS_SERVICE2': '258.5', 'SLOWPOKE_DELAY_MICROS_SERVICE3': '258.5', 'SLOWPOKE_DELAY_MICROS_SERVICE4': '258.5', 'SLOWPOKE_DELAY_MICROS_SERVICE5': '258.5', 'SLOWPOKE_DELAY_MICROS_SERVICE6': '258.5', 'SLOWPOKE_DELAY_MICROS_SERVICE7': '258.5', 'SLOWPOKE_DELAY_MICROS_SERVICE8': '258.5', 'SLOWPOKE_DELAY_MICROS_SERVICE9': '258.5', 'SLOWPOKE_DELAY_MICROS_SERVICE10': '258.5'}
    [exp] Executing cmd `bash run.sh synthetic fanout-w10-http-sync 8 512 40000`:
        [run.sh] Running benchmark synthetic with request fanout-w10-http-sync, thread 8, conn 512, duration 60
        [run.sh] Deleting all services
        configmap "config-service0" deleted
        deployment.apps "service0" deleted
        service "service0" deleted
        configmap "config-service1" deleted
        deployment.apps "service1" deleted
        service "service1" deleted
        configmap "config-service10" deleted
        deployment.apps "service10" deleted
        service "service10" deleted
        configmap "config-service2" deleted
        deployment.apps "service2" deleted
        service "service2" deleted
        configmap "config-service3" deleted
        deployment.apps "service3" deleted
        service "service3" deleted
        configmap "config-service4" deleted
        deployment.apps "service4" deleted
        service "service4" deleted
        configmap "config-service5" deleted
        deployment.apps "service5" deleted
        service "service5" deleted
        configmap "config-service6" deleted
        deployment.apps "service6" deleted
        service "service6" deleted
        configmap "config-service7" deleted
        deployment.apps "service7" deleted
        service "service7" deleted
        configmap "config-service8" deleted
        deployment.apps "service8" deleted
        service "service8" deleted
        configmap "config-service9" deleted
        deployment.apps "service9" deleted
        service "service9" deleted
        deployment.apps "ubuntu-client" deleted
        [run.sh] Waiting for all pods to be deleted
        [run.sh] Deploying all services
        configmap/config-service0 created
        deployment.apps/service0 created
        service/service0 created
        configmap/config-service1 created
        deployment.apps/service1 created
        service/service1 created
        configmap/config-service10 created
        deployment.apps/service10 created
        service/service10 created
        configmap/config-service2 created
        deployment.apps/service2 created
        service/service2 created
        configmap/config-service3 created
        deployment.apps/service3 created
        service/service3 created
        configmap/config-service4 created
        deployment.apps/service4 created
        service/service4 created
        configmap/config-service5 created
        deployment.apps/service5 created
        service/service5 created
        configmap/config-service6 created
        deployment.apps/service6 created
        service/service6 created
        configmap/config-service7 created
        deployment.apps/service7 created
        service/service7 created
        configmap/config-service8 created
        deployment.apps/service8 created
        service/service8 created
        configmap/config-service9 created
        deployment.apps/service9 created
        service/service9 created
        [run.sh] Client pod not found, deploying client
        deployment.apps/ubuntu-client created
        [run.sh] Waiting for all pods to be running
        [run.sh] All pods are running
        [run.sh] Running warmup test
        [run.sh] /wrk/wrk -t8 -c512 -d3s -L http://service0:80/endpoint1
        Running 3s test @ http://service0:80/endpoint1
        8 threads and 512 connections
        Thread Stats   Avg      Stdev     Max   +/- Stdev
        Latency     1.07s   280.92ms   1.80s    66.45%
        Req/Sec    63.53     38.61   210.00     72.58%
        Latency Distribution
        50%    1.06s
        75%    1.27s
        90%    1.45s
        99%    1.70s
        1219 requests in 3.02s, 2.51MB read
        Requests/sec:    403.29
        Transfer/sec:    849.91KB
        [run.sh] Speed is 403.29, duration is 148
        [run.sh] Fix the request number.
        [run.sh] Running the actual test
        [run.sh] /wrk/wrk --timeout 20s -t8 -c512 -d148s -L -s /wrk/fix_req_n.lua http://service0:80/endpoint1
        [run.sh] Checking the resource usage
        Running 2m test @ http://service0:80/endpoint1
        8 threads and 512 connections
        Thread Stats   Avg      Stdev     Max   +/- Stdev
        Latency     2.88s     2.91s   11.98s    84.41%
        Req/Sec    77.25     44.47   260.00     68.23%
        Latency Distribution
        50%    1.17s
        75%    4.81s
        90%    7.78s
        99%   11.08s
        35591 requests in 2.47m, 73.25MB read
        Socket errors: connect 0, read 1, write 0, timeout 0
        Requests/sec:    240.37
        Transfer/sec:    506.57KB
        ------------------------------
        [run.sh] Test finished with status 1
        > STDERR
        > No resources found in default namespace.
        > error: metrics not available yet
        > PANIC: unprotected error in call to Lua API (/wrk/fix_req_n.lua:32: bad argument #1 to 'format' (number expected, got nil))
        > command terminated with exit code 1
    [exp] Error running bash run.sh synthetic fanout-w10-http-sync 8 512 40000
[test.py] Found 0 throughput, rerun experiment
    [exp] Running (pre_run: False) workload synthetic/fanout-w10-http-sync request with the following configuration: {'CLIENT_CPU_QUOTA': '2', 'SLOWPOKE_POKER_BATCH_THRESHOLD': '30000000', 'PROCESSING_TIME_SERVICE0': '0.00103358', 'PROCESSING_TIME_SERVICE1': '0.0009945', 'PROCESSING_TIME_SERVICE2': '0.00098429', 'PROCESSING_TIME_SERVICE3': '0.00093244', 'PROCESSING_TIME_SERVICE4': '0.00090983', 'PROCESSING_TIME_SERVICE5': '0.00082636', 'PROCESSING_TIME_SERVICE6': '0.00075935', 'PROCESSING_TIME_SERVICE7': '0.00068158', 'PROCESSING_TIME_SERVICE8': '0.00056959', 'PROCESSING_TIME_SERVICE9': '0.00051052', 'PROCESSING_TIME_SERVICE10': '0.00045782', 'SLOWPOKE_DELAY_MICROS_SERVICE0': '0.0', 'SLOWPOKE_DELAY_MICROS_SERVICE1': '258.5', 'SLOWPOKE_DELAY_MICROS_SERVICE2': '258.5', 'SLOWPOKE_DELAY_MICROS_SERVICE3': '258.5', 'SLOWPOKE_DELAY_MICROS_SERVICE4': '258.5', 'SLOWPOKE_DELAY_MICROS_SERVICE5': '258.5', 'SLOWPOKE_DELAY_MICROS_SERVICE6': '258.5', 'SLOWPOKE_DELAY_MICROS_SERVICE7': '258.5', 'SLOWPOKE_DELAY_MICROS_SERVICE8': '258.5', 'SLOWPOKE_DELAY_MICROS_SERVICE9': '258.5', 'SLOWPOKE_DELAY_MICROS_SERVICE10': '258.5'}
    [exp] Executing cmd `bash run.sh synthetic fanout-w10-http-sync 8 512 40000`:
        [run.sh] Running benchmark synthetic with request fanout-w10-http-sync, thread 8, conn 512, duration 60
        [run.sh] Deleting all services
        configmap "config-service0" deleted
        deployment.apps "service0" deleted
        service "service0" deleted
        configmap "config-service1" deleted
        deployment.apps "service1" deleted
        service "service1" deleted
        configmap "config-service10" deleted
        deployment.apps "service10" deleted
        service "service10" deleted
        configmap "config-service2" deleted
        deployment.apps "service2" deleted
        service "service2" deleted
        configmap "config-service3" deleted
        deployment.apps "service3" deleted
        service "service3" deleted
        configmap "config-service4" deleted
        deployment.apps "service4" deleted
        service "service4" deleted
        configmap "config-service5" deleted
        deployment.apps "service5" deleted
        service "service5" deleted
        configmap "config-service6" deleted
        deployment.apps "service6" deleted
        service "service6" deleted
        configmap "config-service7" deleted
        deployment.apps "service7" deleted
        service "service7" deleted
        configmap "config-service8" deleted
        deployment.apps "service8" deleted
        service "service8" deleted
        configmap "config-service9" deleted
        deployment.apps "service9" deleted
        service "service9" deleted
        deployment.apps "ubuntu-client" deleted
        [run.sh] Waiting for all pods to be deleted
        [run.sh] Deploying all services
        configmap/config-service0 created
        deployment.apps/service0 created
        service/service0 created
        configmap/config-service1 created
        deployment.apps/service1 created
        service/service1 created
        configmap/config-service10 created
        deployment.apps/service10 created
        service/service10 created
        configmap/config-service2 created
        deployment.apps/service2 created
        service/service2 created
        configmap/config-service3 created
        deployment.apps/service3 created
        service/service3 created
        configmap/config-service4 created
        deployment.apps/service4 created
        service/service4 created
        configmap/config-service5 created
        deployment.apps/service5 created
        service/service5 created
        configmap/config-service6 created
        deployment.apps/service6 created
        service/service6 created
        configmap/config-service7 created
        deployment.apps/service7 created
        service/service7 created
        configmap/config-service8 created
        deployment.apps/service8 created
        service/service8 created
        configmap/config-service9 created
        deployment.apps/service9 created
        service/service9 created
        [run.sh] Client pod not found, deploying client
        deployment.apps/ubuntu-client created
        [run.sh] Waiting for all pods to be running
        [run.sh] All pods are running
        [run.sh] Running warmup test
        [run.sh] /wrk/wrk -t8 -c512 -d3s -L http://service0:80/endpoint1
        Running 3s test @ http://service0:80/endpoint1
        8 threads and 512 connections
        Thread Stats   Avg      Stdev     Max   +/- Stdev
        Latency     1.12s   306.26ms   1.98s    69.84%
        Req/Sec    58.62     31.52   181.00     75.14%
        Latency Distribution
        50%    1.07s
        75%    1.32s
        90%    1.58s
        99%    1.93s
        1117 requests in 3.03s, 2.30MB read
        Socket errors: connect 0, read 0, write 0, timeout 3
        Requests/sec:    368.70
        Transfer/sec:    777.01KB
        [run.sh] Speed is 368.70, duration is 162
        [run.sh] Fix the request number.
        [run.sh] Running the actual test
        [run.sh] /wrk/wrk --timeout 20s -t8 -c512 -d162s -L -s /wrk/fix_req_n.lua http://service0:80/endpoint1
        [run.sh] Checking the resource usage
        NAME                             CPU(cores)   MEMORY(bytes)
        service0-65b756fc78-w88b4        316m         70Mi
        service1-5b6fd457fc-nw6ck        200m         11Mi
        service10-55bf7b4db7-bj645       110m         11Mi
        service2-7df789b6cb-rqf76        197m         12Mi
        service3-846bcd4d67-mpswz        186m         12Mi
        service4-7cb6dbfbb-wxfkj         184m         11Mi
        service5-5db67ccbf-2qk9k         170m         11Mi
        service6-6f5b89fb4d-j2vck        170m         11Mi
        service7-656cf7bf4c-42l2d        145m         10Mi
        service8-595dbc7d5d-hv5z7        131m         11Mi
        service9-778cb6766-cd82c         116m         12Mi
        ubuntu-client-76886f6bbd-h59k9   12m          13Mi
        Running 3m test @ http://service0:80/endpoint1
        8 threads and 512 connections
        Thread Stats   Avg      Stdev     Max   +/- Stdev
        Latency     3.72s     3.81s   15.94s    83.47%
        Req/Sec    71.02     46.35   303.00     65.98%
        Latency Distribution
        50%    1.28s
        75%    5.29s
        90%    9.86s
        99%   15.27s
        30341 requests in 2.70m, 62.44MB read
        Requests/sec:    187.21
        Transfer/sec:    394.53KB
        ------------------------------
        [run.sh] Test finished with status 1
        > STDERR
        > No resources found in default namespace.
        > PANIC: unprotected error in call to Lua API (/wrk/fix_req_n.lua:32: bad argument #1 to 'format' (number expected, got nil))
        > command terminated with exit code 1
    [exp] Error running bash run.sh synthetic fanout-w10-http-sync 8 512 40000
[test.py] Found 0 throughput, rerun experiment
    [exp] Running (pre_run: False) workload synthetic/fanout-w10-http-sync request with the following configuration: {'CLIENT_CPU_QUOTA': '2', 'SLOWPOKE_POKER_BATCH_THRESHOLD': '30000000', 'PROCESSING_TIME_SERVICE0': '0.00103358', 'PROCESSING_TIME_SERVICE1': '0.0009945', 'PROCESSING_TIME_SERVICE2': '0.00098429', 'PROCESSING_TIME_SERVICE3': '0.00093244', 'PROCESSING_TIME_SERVICE4': '0.00090983', 'PROCESSING_TIME_SERVICE5': '0.00082636', 'PROCESSING_TIME_SERVICE6': '0.00075935', 'PROCESSING_TIME_SERVICE7': '0.00068158', 'PROCESSING_TIME_SERVICE8': '0.00056959', 'PROCESSING_TIME_SERVICE9': '0.00051052', 'PROCESSING_TIME_SERVICE10': '0.00045782', 'SLOWPOKE_DELAY_MICROS_SERVICE0': '0.0', 'SLOWPOKE_DELAY_MICROS_SERVICE1': '258.5', 'SLOWPOKE_DELAY_MICROS_SERVICE2': '258.5', 'SLOWPOKE_DELAY_MICROS_SERVICE3': '258.5', 'SLOWPOKE_DELAY_MICROS_SERVICE4': '258.5', 'SLOWPOKE_DELAY_MICROS_SERVICE5': '258.5', 'SLOWPOKE_DELAY_MICROS_SERVICE6': '258.5', 'SLOWPOKE_DELAY_MICROS_SERVICE7': '258.5', 'SLOWPOKE_DELAY_MICROS_SERVICE8': '258.5', 'SLOWPOKE_DELAY_MICROS_SERVICE9': '258.5', 'SLOWPOKE_DELAY_MICROS_SERVICE10': '258.5'}
    [exp] Executing cmd `bash run.sh synthetic fanout-w10-http-sync 8 512 40000`:
        [run.sh] Running benchmark synthetic with request fanout-w10-http-sync, thread 8, conn 512, duration 60
        [run.sh] Deleting all services
        configmap "config-service0" deleted
        deployment.apps "service0" deleted
        service "service0" deleted
        configmap "config-service1" deleted
        deployment.apps "service1" deleted
        service "service1" deleted
        configmap "config-service10" deleted
        deployment.apps "service10" deleted
        service "service10" deleted
        configmap "config-service2" deleted
        deployment.apps "service2" deleted
        service "service2" deleted
        configmap "config-service3" deleted
        deployment.apps "service3" deleted
        service "service3" deleted
        configmap "config-service4" deleted
        deployment.apps "service4" deleted
        service "service4" deleted
        configmap "config-service5" deleted
        deployment.apps "service5" deleted
        service "service5" deleted
        configmap "config-service6" deleted
        deployment.apps "service6" deleted
        service "service6" deleted
        configmap "config-service7" deleted
        deployment.apps "service7" deleted
        service "service7" deleted
        configmap "config-service8" deleted
        deployment.apps "service8" deleted
        service "service8" deleted
        configmap "config-service9" deleted
        deployment.apps "service9" deleted
        service "service9" deleted
        deployment.apps "ubuntu-client" deleted
        [run.sh] Waiting for all pods to be deleted
        [run.sh] Deploying all services
        configmap/config-service0 created
        deployment.apps/service0 created
        service/service0 created
        configmap/config-service1 created
        deployment.apps/service1 created
        service/service1 created
        configmap/config-service10 created
        deployment.apps/service10 created
        service/service10 created
        configmap/config-service2 created
        deployment.apps/service2 created
        service/service2 created
        configmap/config-service3 created
        deployment.apps/service3 created
        service/service3 created
        configmap/config-service4 created
        deployment.apps/service4 created
        service/service4 created
        configmap/config-service5 created
        deployment.apps/service5 created
        service/service5 created
        configmap/config-service6 created
        deployment.apps/service6 created
        service/service6 created
        configmap/config-service7 created
        deployment.apps/service7 created
        service/service7 created
        configmap/config-service8 created
        deployment.apps/service8 created
        service/service8 created
        configmap/config-service9 created
        deployment.apps/service9 created
        service/service9 created
        [run.sh] Client pod not found, deploying client
        deployment.apps/ubuntu-client created
        [run.sh] Waiting for all pods to be running
        [run.sh] All pods are running
        [run.sh] Running warmup test
        [run.sh] /wrk/wrk -t8 -c512 -d3s -L http://service0:80/endpoint1
        Running 3s test @ http://service0:80/endpoint1
        8 threads and 512 connections
        Thread Stats   Avg      Stdev     Max   +/- Stdev
        Latency     1.06s   313.82ms   1.96s    65.31%
        Req/Sec    63.46     44.15   191.00     64.80%
        Latency Distribution
        50%    1.05s
        75%    1.27s
        90%    1.44s
        99%    1.90s
        1208 requests in 3.03s, 2.49MB read
        Requests/sec:    398.67
        Transfer/sec:    840.16KB
        [run.sh] Speed is 398.67, duration is 150
        [run.sh] Fix the request number.
        [run.sh] Running the actual test
        [run.sh] /wrk/wrk --timeout 20s -t8 -c512 -d150s -L -s /wrk/fix_req_n.lua http://service0:80/endpoint1
        [run.sh] Checking the resource usage
        NAME                             CPU(cores)   MEMORY(bytes)
        service0-65b756fc78-g4j7r        1571m        73Mi
        service1-5b6fd457fc-56kpg        662m         11Mi
        service10-55bf7b4db7-rqm8b       341m         9Mi
        service2-7df789b6cb-4frzx        626m         10Mi
        service3-846bcd4d67-6chnk        614m         12Mi
        service4-7cb6dbfbb-xlptm         583m         10Mi
        service5-5db67ccbf-nfzcc         554m         10Mi
        service6-6f5b89fb4d-gflrb        483m         9Mi
        service7-656cf7bf4c-8pgjv        470m         9Mi
        service8-595dbc7d5d-59wrs        419m         9Mi
        service9-778cb6766-xlfwm         351m         11Mi
        ubuntu-client-76886f6bbd-zvrxc   23m          17Mi
