FIFO created
Recovery FIFO created
Starting synthetic service with 10 processes
SLOWPOKE_DELAY_MICROS=1239
SLOWPOKE_PRERUN=false
SLOWPOKE_POKER_BATCH_THRESHOLD=100
SLOWPOKE_SERV_NAME=service2
env=false
SLOWPOKE_IS_TARGET_SERVICE=%!b(bool=false)
SLOWPOKE_FIFO=/tmp/slowpoke_fifo
SLOWPOKE_FIFO_RECOVER=/tmp/slowpoke_fifo_recover
Received 0 ns, started pc at 45289411571772, ended pc at 45289411689472, accumulated -117700, sleeped 117700
Starting gRPC server
TCP JSON server listening on :5550
Neighbor service0 registered
Neighbor service4 registered
Received 1, started at 1745373955183028979, ended at 1745373955183028980
Received 126378000 ns, started pc at 45325637791704, ended pc at 45325764147248, accumulated -95244, sleeped 126355544
Received 8, started at 1745373956148572734, ended at 1745373956148572735
Received 80535000 ns, started pc at 45326578894025, ended pc at 45326659589270, accumulated -255489, sleeped 80695245
Received 9, started at 1745373956299696935, ended at 1745373956299696936
Received 84252000 ns, started pc at 45326730162152, ended pc at 45326814415255, accumulated -256592, sleeped 84253103
Received 10, started at 1745373956563617734, ended at 1745373956563617735
Received 125139000 ns, started pc at 45326993961325, ended pc at 45327119118112, accumulated -274379, sleeped 125156787
Received 11, started at 1745373956691721702, ended at 1745373956691721703
Received 0 ns, started pc at 45327124460341, ended pc at 45327124482643, accumulated -296681, sleeped 22302
Received 12, started at 1745373956745463632, ended at 1745373956745463633
Received 148680000 ns, started pc at 45327184100750, ended pc at 45327332587048, accumulated -102979, sleeped 148486298
Received 13, started at 1745373956961368160, ended at 1745373956961368161
Received 71862000 ns, started pc at 45327396298811, ended pc at 45327468152920, accumulated -95088, sleeped 71854109
Neighbor service3 registered
Received 14, started at 1745373957094717714, ended at 1745373957094717715
Received 95403000 ns, started pc at 45327536902417, ended pc at 45327632314382, accumulated -104053, sleeped 95411965
Received 15, started at 1745373957220394075, ended at 1745373957220394076
Received 2478000 ns, started pc at 45327658034168, ended pc at 45327660500140, accumulated -92025, sleeped 2465972
Received 16, started at 1745373957297120567, ended at 1745373957297120568
Received 68145000 ns, started pc at 45327727556701, ended pc at 45327795930331, accumulated -320655, sleeped 68373630
Received 17, started at 1745373957428125805, ended at 1745373957428125806
Received 4956000 ns, started pc at 45327858491679, ended pc at 45327863236797, accumulated -109773, sleeped 4745118
Received 18, started at 1745373957597498652, ended at 1745373957597498653
Received 55755000 ns, started pc at 45328027807909, ended pc at 45328083559523, accumulated -106387, sleeped 55751614
Received 19, started at 1745373957849327230, ended at 1745373957849327231
Received 70623000 ns, started pc at 45328280645879, ended pc at 45328351260876, accumulated -98384, sleeped 70614997
Received 20, started at 1745373958036628942, ended at 1745373958036628943
Received 11151000 ns, started pc at 45328467142848, ended pc at 45328478309910, accumulated -114446, sleeped 11167062
Received 21, started at 1745373958492991837, ended at 1745373958492991838
Received 154875000 ns, started pc at 45328926444089, ended pc at 45329081299898, accumulated -95255, sleeped 154855809
Received 22, started at 1745373958754522432, ended at 1745373958754522433
Received 137529000 ns, started pc at 45329185441103, ended pc at 45329322964617, accumulated -89769, sleeped 137523514
Received 23, started at 1745373959126531125, ended at 1745373959126531126
Received 319662000 ns, started pc at 45329559241980, ended pc at 45329878917407, accumulated -103196, sleeped 319675427
Received 24, started at 1745373959449111880, ended at 1745373959449111881
Received 1239000 ns, started pc at 45329882359149, ended pc at 45329883572903, accumulated -77950, sleeped 1213754
Received 25, started at 1745373959526895878, ended at 1745373959526895879
Received 22302000 ns, started pc at 45329958765516, ended pc at 45329981098661, accumulated -109095, sleeped 22333145
Received 26, started at 1745373959663974368, ended at 1745373959663974369
Received 164787000 ns, started pc at 45330097802294, ended pc at 45330262573492, accumulated -93293, sleeped 164771198
Received 27, started at 1745373959835100632, ended at 1745373959835100633
Received 2478000 ns, started pc at 45330269428827, ended pc at 45330272022565, accumulated -209031, sleeped 2593738
Received 28, started at 1745373959855155111, ended at 1745373959855155112
Received 27258000 ns, started pc at 45330286925614, ended pc at 45330314089944, accumulated -115361, sleeped 27164330
Received 29, started at 1745373959923025966, ended at 1745373959923025967
Received 58233000 ns, started pc at 45330355486830, ended pc at 45330413707275, accumulated -102806, sleeped 58220445
Received 30, started at 1745373960031397279, ended at 1745373960031397280
Received 29736000 ns, started pc at 45330461891782, ended pc at 45330491631285, accumulated -106309, sleeped 29739503
Received 31, started at 1745373960905601030, ended at 1745373960905601031
Received 66906000 ns, started pc at 45331335995154, ended pc at 45331403103683, accumulated -308838, sleeped 67108529
Received 32, started at 1745373960996806638, ended at 1745373960996806639
Received 37170000 ns, started pc at 45331450864992, ended pc at 45331487823834, accumulated -97680, sleeped 36958842
Received 33, started at 1745373961087598780, ended at 1745373961087598781
Received 79296000 ns, started pc at 45331519797798, ended pc at 45331599099886, accumulated -103768, sleeped 79302088
Received 34, started at 1745373961222217686, ended at 1745373961222217687
Received 78057000 ns, started pc at 45331653569610, ended pc at 45331731624241, accumulated -101399, sleeped 78054631
Received 35, started at 1745373961405895458, ended at 1745373961405895459
Received 154875000 ns, started pc at 45331847647408, ended pc at 45332002523233, accumulated -102224, sleeped 154875825
Received 36, started at 1745373961576779507, ended at 1745373961576779508
Received 66906000 ns, started pc at 45332149546798, ended pc at 45332216454785, accumulated -104211, sleeped 66907987
Received 37, started at 1745373961788045783, ended at 1745373961788045784
Received 128856000 ns, started pc at 45332221125692, ended pc at 45332350132319, accumulated -254838, sleeped 129006627
Received 38, started at 1745373961921866724, ended at 1745373961921866725
Received 17346000 ns, started pc at 45332358468493, ended pc at 45332375664329, accumulated -104674, sleeped 17195836
Received 39, started at 1745373961945696456, ended at 1745373961945696457
Received 0 ns, started pc at 45332378027770, ended pc at 45332378190141, accumulated -267045, sleeped 162371
Received 40, started at 1745373961985980188, ended at 1745373961985980189
Received 106554000 ns, started pc at 45332418252741, ended pc at 45332524640539, accumulated -100843, sleeped 106387798
Received 41, started at 1745373962095062237, ended at 1745373962095062238
Received 1239000 ns, started pc at 45332548658908, ended pc at 45332549890334, accumulated -93269, sleeped 1231426
Received 42, started at 1745373962141305788, ended at 1745373962141305789
Received 110271000 ns, started pc at 45332578199814, ended pc at 45332688475697, accumulated -98152, sleeped 110275883
Received 43, started at 1745373962258569497, ended at 1745373962258569498
Received 1239000 ns, started pc at 45332689390760, ended pc at 45332690610599, accumulated -78991, sleeped 1219839
Received 44, started at 1745373962362516422, ended at 1745373962362516423
Received 52038000 ns, started pc at 45332793113040, ended pc at 45332845171641, accumulated -99592, sleeped 52058601
Received 45, started at 1745373962427020392, ended at 1745373962427020393
Received 14868000 ns, started pc at 45332859128203, ended pc at 45332873994375, accumulated -97764, sleeped 14866172
Received 46, started at 1745373962550528134, ended at 1745373962550528135
Received 309750000 ns, started pc at 45332985226157, ended pc at 45333294986301, accumulated -107908, sleeped 309760144
Received 47, started at 1745373962873699160, ended at 1745373962873699161
Received 0 ns, started pc at 45333307206133, ended pc at 45333307247015, accumulated -148790, sleeped 40882
Received 48, started at 1745373962894837773, ended at 1745373962894837774
Received 23541000 ns, started pc at 45333329103442, ended pc at 45333352596846, accumulated -101194, sleeped 23493404
Received 49, started at 1745373962977710625, ended at 1745373962977710626
Received 0 ns, started pc at 45333409728305, ended pc at 45333409759635, accumulated -132524, sleeped 31330
Received 50, started at 1745373963047183480, ended at 1745373963047183481
Received 60711000 ns, started pc at 45333477632477, ended pc at 45333538312242, accumulated -101289, sleeped 60679765
Received 51, started at 1745373963163594039, ended at 1745373963163594040
Received 74340000 ns, started pc at 45333596109177, ended pc at 45333670463084, accumulated -115196, sleeped 74353907
Received 52, started at 1745373963310425243, ended at 1745373963310425244
Received 100359000 ns, started pc at 45333741242717, ended pc at 45333841615537, accumulated -129016, sleeped 100372820
Received 53, started at 1745373963477260282, ended at 1745373963477260283
Received 96642000 ns, started pc at 45333909038148, ended pc at 45334005654971, accumulated -103839, sleeped 96616823
Received 54, started at 1745373963607738590, ended at 1745373963607738591
Received 35931000 ns, started pc at 45334039639682, ended pc at 45334075677160, accumulated -210317, sleeped 36037478
Received 55, started at 1745373963714511827, ended at 1745373963714511828
Received 90447000 ns, started pc at 45334144829010, ended pc at 45334235322692, accumulated -256999, sleeped 90493682
Received 56, started at 1745373963806120654, ended at 1745373963806120655
Received 0 ns, started pc at 45334241764133, ended pc at 45334241794308, accumulated -287174, sleeped 30175
Received 57, started at 1745373963889891541, ended at 1745373963889891542
Received 123900000 ns, started pc at 45334325130202, ended pc at 45334448868862, accumulated -125834, sleeped 123738660
Received 58, started at 1745373964019023539, ended at 1745373964019023540
Received 1239000 ns, started pc at 45334453470630, ended pc at 45334454677519, accumulated -93723, sleeped 1206889
Received 59, started at 1745373964090609129, ended at 1745373964090609130
Received 117705000 ns, started pc at 45334521465001, ended pc at 45334639176778, accumulated -100500, sleeped 117711777
Received 60, started at 1745373964255584374, ended at 1745373964255584375
Received 70623000 ns, started pc at 45334688693397, ended pc at 45334759315105, accumulated -99208, sleeped 70621708
Received 61, started at 1745373964363442866, ended at 1745373964363442867
Received 42126000 ns, started pc at 45334796317576, ended pc at 45334838446050, accumulated -101682, sleeped 42128474
Received 62, started at 1745373964485101458, ended at 1745373964485101459
Received 163548000 ns, started pc at 45334917046911, ended pc at 45335080597429, accumulated -104200, sleeped 163550518
Received 63, started at 1745373964680316245, ended at 1745373964680316246
Received 95403000 ns, started pc at 45335118025194, ended pc at 45335213431206, accumulated -107212, sleeped 95406012
Received 64, started at 1745373964826691531, ended at 1745373964826691532
Received 48321000 ns, started pc at 45335262458352, ended pc at 45335310776616, accumulated -104476, sleeped 48318264
Received 65, started at 1745373964929336147, ended at 1745373964929336148
Received 58233000 ns, started pc at 45335367390742, ended pc at 45335425626151, accumulated -106885, sleeped 58235409
Received 66, started at 1745373965073114937, ended at 1745373965073114938
Received 96642000 ns, started pc at 45335513968089, ended pc at 45335610648458, accumulated -145254, sleeped 96680369
Received 67, started at 1745373965180886680, ended at 1745373965180886681
Received 37170000 ns, started pc at 45335614490828, ended pc at 45335651613005, accumulated -97431, sleeped 37122177
Received 68, started at 1745373965229093061, ended at 1745373965229093062
Received 0 ns, started pc at 45335660442293, ended pc at 45335660476293, accumulated -131431, sleeped 34000
Received 69, started at 1745373965233639489, ended at 1745373965233639490
Received 53277000 ns, started pc at 45335679246015, ended pc at 45335732491366, accumulated -99782, sleeped 53245351
Received 70, started at 1745373965355048316, ended at 1745373965355048317
Received 12390000 ns, started pc at 45335790028355, ended pc at 45335802417259, accumulated -98686, sleeped 12388904
Received 71, started at 1745373965433869529, ended at 1745373965433869530
Received 84252000 ns, started pc at 45335870662811, ended pc at 45335954921815, accumulated -105690, sleeped 84259004
Received 72, started at 1745373965706560361, ended at 1745373965706560362
Received 3717000 ns, started pc at 45336136897959, ended pc at 45336140613799, accumulated -104530, sleeped 3715840
Received 73, started at 1745373966017446404, ended at 1745373966017446405
Received 0 ns, started pc at 45336447799919, ended pc at 45336447840763, accumulated -145374, sleeped 40844
Received 74, started at 1745373966237956734, ended at 1745373966237956735
Received 84252000 ns, started pc at 45336669251640, ended pc at 45336753458245, accumulated -99979, sleeped 84206605
Received 75, started at 1745373966357947048, ended at 1745373966357947049
Received 19824000 ns, started pc at 45336788291113, ended pc at 45336808124397, accumulated -109263, sleeped 19833284
Received 76, started at 1745373967153337833, ended at 1745373967153337834
Received 60711000 ns, started pc at 45337584368403, ended pc at 45337645080034, accumulated -109894, sleeped 60711631
Received 77, started at 1745373967269691419, ended at 1745373967269691420
Received 81774000 ns, started pc at 45337701323271, ended pc at 45337783088850, accumulated -101473, sleeped 81765579
Received 78, started at 1745373967354343941, ended at 1745373967354343942
Received 0 ns, started pc at 45337786554426, ended pc at 45337786758818, accumulated -305865, sleeped 204392
Received 79, started at 1745373967434521502, ended at 1745373967434521503
Received 104076000 ns, started pc at 45337864916341, ended pc at 45337968986176, accumulated -299700, sleeped 104069835
Received 80, started at 1745373967704202856, ended at 1745373967704202857
Received 146202000 ns, started pc at 45338136107984, ended pc at 45338282111175, accumulated -100891, sleeped 146003191
Received 81, started at 1745373967854926178, ended at 1745373967854926179
Received 0 ns, started pc at 45338285730869, ended pc at 45338285760118, accumulated -130140, sleeped 29249
Received 82, started at 1745373967855931738, ended at 1745373967855931739
Received 0 ns, started pc at 45338286615640, ended pc at 45338286629563, accumulated -144063, sleeped 13923
Received 83, started at 1745373968014514240, ended at 1745373968014514241
Received 148680000 ns, started pc at 45338447990078, ended pc at 45338596646518, accumulated -120503, sleeped 148656440
Received 84, started at 1745373968202649854, ended at 1745373968202649855
Received 54516000 ns, started pc at 45338632952503, ended pc at 45338687451534, accumulated -103534, sleeped 54499031
Received 85, started at 1745373968366935689, ended at 1745373968366935690
Received 86730000 ns, started pc at 45338797242739, ended pc at 45338883980079, accumulated -110874, sleeped 86737340
Received 86, started at 1745373968474707375, ended at 1745373968474707376
Received 32214000 ns, started pc at 45338911196207, ended pc at 45338943397869, accumulated -98536, sleeped 32201662
Received 87, started at 1745373968548547751, ended at 1745373968548547752
Received 52038000 ns, started pc at 45338981763839, ended pc at 45339033805061, accumulated -101758, sleeped 52041222
Received 88, started at 1745373968620966584, ended at 1745373968620966585
Received 28497000 ns, started pc at 45339051989749, ended pc at 45339080506079, accumulated -121088, sleeped 28516330
Received 89, started at 1745373968709542601, ended at 1745373968709542602
Received 167265000 ns, started pc at 45339143910014, ended pc at 45339311105425, accumulated -51499, sleeped 167195411
Received 90, started at 1745373968959427728, ended at 1745373968959427729
Received 105315000 ns, started pc at 45339392708040, ended pc at 45339498022584, accumulated -51043, sleeped 105314544
Received 91, started at 1745373969068198453, ended at 1745373969068198454
Received 0 ns, started pc at 45339538288973, ended pc at 45339538319239, accumulated -81309, sleeped 30266
Received 92, started at 1745373969110653689, ended at 1745373969110653690
Received 175938000 ns, started pc at 45339542962926, ended pc at 45339718912231, accumulated -92614, sleeped 175949305
Received 93, started at 1745373969289793997, ended at 1745373969289793998
Received 0 ns, started pc at 45339721976394, ended pc at 45339722185313, accumulated -301533, sleeped 208919
Received 94, started at 1745373969349778425, ended at 1745373969349778426
Received 59472000 ns, started pc at 45339782029622, ended pc at 45339841294470, accumulated -94381, sleeped 59264848
Received 95, started at 1745373969483269923, ended at 1745373969483269924
Received 65667000 ns, started pc at 45339916578948, ended pc at 45339982250088, accumulated -98521, sleeped 65671140
Received 96, started at 1745373969627316549, ended at 1745373969627316550
Received 74340000 ns, started pc at 45340058274888, ended pc at 45340132613521, accumulated -97154, sleeped 74338633
Received 97, started at 1745373969715398505, ended at 1745373969715398506
Received 13629000 ns, started pc at 45340148310957, ended pc at 45340161944940, accumulated -102137, sleeped 13633983
Received 98, started at 1745373969843125448, ended at 1745373969843125449
Received 81774000 ns, started pc at 45340273839146, ended pc at 45340355615497, accumulated -104488, sleeped 81776351
Received 99, started at 1745373969927176232, ended at 1745373969927176233
Received 2478000 ns, started pc at 45340360847164, ended pc at 45340363350724, accumulated -130048, sleeped 2503560
Received 100, started at 1745373969995428938, ended at 1745373969995428939
Received 288687000 ns, started pc at 45340425850962, ended pc at 45340714707361, accumulated -299447, sleeped 288856399
Received 101, started at 1745373970314766787, ended at 1745373970314766788
Received 0 ns, started pc at 45340763414962, ended pc at 45340763442887, accumulated -327372, sleeped 27925
Received 102, started at 1745373970340730819, ended at 1745373970340730820
Received 111510000 ns, started pc at 45340772447784, ended pc at 45340883717460, accumulated -87048, sleeped 111269676
Received 103, started at 1745373970455684131, ended at 1745373970455684132
Received 0 ns, started pc at 45340887237837, ended pc at 45340887262934, accumulated -112145, sleeped 25097
Received 104, started at 1745373970565961643, ended at 1745373970565961644
Received 66906000 ns, started pc at 45340996505532, ended pc at 45341063398764, accumulated -99377, sleeped 66893232
Received 105, started at 1745373970692134091, ended at 1745373970692134092
Received 28497000 ns, started pc at 45341122531462, ended pc at 45341151057352, accumulated -128267, sleeped 28525890
Received 106, started at 1745373970775436075, ended at 1745373970775436076
Received 4956000 ns, started pc at 45341207377470, ended pc at 45341212297286, accumulated -92083, sleeped 4919816
Received 107, started at 1745373970846885802, ended at 1745373970846885803
Received 9912000 ns, started pc at 45341277179790, ended pc at 45341287338516, accumulated -338809, sleeped 10158726
Received 108, started at 1745373971022600599, ended at 1745373971022600600
Received 19824000 ns, started pc at 45341452892852, ended pc at 45341472482269, accumulated -104226, sleeped 19589417
Received 109, started at 1745373971137276726, ended at 1745373971137276727
Received 84252000 ns, started pc at 45341567639480, ended pc at 45341651924499, accumulated -137245, sleeped 84285019
Received 110, started at 1745373971275367112, ended at 1745373971275367113
Received 78057000 ns, started pc at 45341705898444, ended pc at 45341783915164, accumulated -96965, sleeped 78016720
Received 111, started at 1745373971392043094, ended at 1745373971392043095
Received 53277000 ns, started pc at 45341823034817, ended pc at 45341876319833, accumulated -104981, sleeped 53285016
Received 112, started at 1745373971516186464, ended at 1745373971516186465
Received 45843000 ns, started pc at 45341946587542, ended pc at 45341992477279, accumulated -151718, sleeped 45889737
Received 113, started at 1745373971879890353, ended at 1745373971879890354
Received 50799000 ns, started pc at 45342310190042, ended pc at 45342360946453, accumulated -109129, sleeped 50756411
Received 114, started at 1745373972004748091, ended at 1745373972004748092
Received 104076000 ns, started pc at 45342437081946, ended pc at 45342541149962, accumulated -101145, sleeped 104068016
Received 115, started at 1745373972141941502, ended at 1745373972141941503
Received 48321000 ns, started pc at 45342572541289, ended pc at 45342620858927, accumulated -97783, sleeped 48317638
Received 116, started at 1745373972257369675, ended at 1745373972257369676
Received 55755000 ns, started pc at 45342689366772, ended pc at 45342745130210, accumulated -106221, sleeped 55763438
Received 117, started at 1745373972483544710, ended at 1745373972483544711
Received 65667000 ns, started pc at 45342916381116, ended pc at 45342982043232, accumulated -101337, sleeped 65662116
Received 118, started at 1745373972567941126, ended at 1745373972567941127
Received 27258000 ns, started pc at 45343000180027, ended pc at 45343027441065, accumulated -104375, sleeped 27261038
Received 119, started at 1745373972657184877, ended at 1745373972657184878
Received 79296000 ns, started pc at 45343087533082, ended pc at 45343166871279, accumulated -146572, sleeped 79338197
Received 120, started at 1745373973557449158, ended at 1745373973557449159
Received 40887000 ns, started pc at 45343987797685, ended pc at 45344028672256, accumulated -134143, sleeped 40874571
Received 121, started at 1745373973675319029, ended at 1745373973675319030
Received 74340000 ns, started pc at 45344105616756, ended pc at 45344179950361, accumulated -127748, sleeped 74333605
Received 122, started at 1745373973813556964, ended at 1745373973813556965
Received 96642000 ns, started pc at 45344247924506, ended pc at 45344344535174, accumulated -96416, sleeped 96610668
Received 123, started at 1745373973915300489, ended at 1745373973915300490
Received 3717000 ns, started pc at 45344349085768, ended pc at 45344352793101, accumulated -86749, sleeped 3707333
Received 124, started at 1745373973976742196, ended at 1745373973976742197
Received 17346000 ns, started pc at 45344407080403, ended pc at 45344424450252, accumulated -110598, sleeped 17369849
Received 125, started at 1745373974117519100, ended at 1745373974117519101
Received 167265000 ns, started pc at 45344548450683, ended pc at 45344715701009, accumulated -95924, sleeped 167250326
Received 126, started at 1745373974289851251, ended at 1745373974289851252
Received 0 ns, started pc at 45344721571054, ended pc at 45344721757622, accumulated -282492, sleeped 186568
Received 127, started at 1745373974368346967, ended at 1745373974368346968
Received 173460000 ns, started pc at 45344805994702, ended pc at 45344979283005, accumulated -110795, sleeped 173288303
Received 128, started at 1745373974554022744, ended at 1745373974554022745
Received 8673000 ns, started pc at 45344985911333, ended pc at 45344994575690, accumulated -102152, sleeped 8664357
Received 129, started at 1745373974587601555, ended at 1745373974587601556
Received 106554000 ns, started pc at 45345033716607, ended pc at 45345140257785, accumulated -89330, sleeped 106541178
Received 130, started at 1745373974741868116, ended at 1745373974741868117
Received 6195000 ns, started pc at 45345183946306, ended pc at 45345190152903, accumulated -100927, sleeped 6206597
Received 131, started at 1745373974811147814, ended at 1745373974811147815
Received 49560000 ns, started pc at 45345246570039, ended pc at 45345296269833, accumulated -240721, sleeped 49699794
Received 132, started at 1745373974886859565, ended at 1745373974886859566
Received 113988000 ns, started pc at 45345317381142, ended pc at 45345431228890, accumulated -100469, sleeped 113847748
Received 133, started at 1745373975072859717, ended at 1745373975072859718
Received 85491000 ns, started pc at 45345508717385, ended pc at 45345594207378, accumulated -99462, sleeped 85489993
Received 134, started at 1745373975371952175, ended at 1745373975371952176
Received 230454000 ns, started pc at 45345803025679, ended pc at 45346033482700, accumulated -102483, sleeped 230457021
Received 135, started at 1745373975604887147, ended at 1745373975604887148
Received 0 ns, started pc at 45346036799366, ended pc at 45346036826387, accumulated -129504, sleeped 27021
Received 136, started at 1745373975606961782, ended at 1745373975606961783
Received 0 ns, started pc at 45346037383534, ended pc at 45346037401488, accumulated -147458, sleeped 17954
Received 137, started at 1745373975615275405, ended at 1745373975615275406
Received 110271000 ns, started pc at 45346050222437, ended pc at 45346160437813, accumulated -91834, sleeped 110215376
Received 138, started at 1745373975735778701, ended at 1745373975735778702
Received 0 ns, started pc at 45346167612642, ended pc at 45346167639802, accumulated -118994, sleeped 27160
Received 139, started at 1745373975741536574, ended at 1745373975741536575
Received 0 ns, started pc at 45346186333080, ended pc at 45346186357251, accumulated -143165, sleeped 24171
Received 140, started at 1745373975785641326, ended at 1745373975785641327
Received 4956000 ns, started pc at 45346217404689, ended pc at 45346222308317, accumulated -90793, sleeped 4903628
Received 141, started at 1745373975876517503, ended at 1745373975876517504
Received 90447000 ns, started pc at 45346326133404, ended pc at 45346416594869, accumulated -105258, sleeped 90461465
Received 142, started at 1745373976034994506, ended at 1745373976034994507
Received 99120000 ns, started pc at 45346468045581, ended pc at 45346567162592, accumulated -102269, sleeped 99117011
Received 143, started at 1745373976181719721, ended at 1745373976181719722
Received 64428000 ns, started pc at 45346612503928, ended pc at 45346676933302, accumulated -103643, sleeped 64429374
Received 144, started at 1745373976352911983, ended at 1745373976352911984
Received 144963000 ns, started pc at 45346783399530, ended pc at 45346928359270, accumulated -100383, sleeped 144959740
Received 145, started at 1745373976527840659, ended at 1745373976527840660
Received 37170000 ns, started pc at 45346961886374, ended pc at 45346999054218, accumulated -98227, sleeped 37167844
Received 146, started at 1745373976641851886, ended at 1745373976641851887
Received 158592000 ns, started pc at 45347082679628, ended pc at 45347241278984, accumulated -105583, sleeped 158599356
Received 147, started at 1745373976813291212, ended at 1745373976813291213
Received 14868000 ns, started pc at 45347244590232, ended pc at 45347259441187, accumulated -88538, sleeped 14850955
Received 148, started at 1745373976863929275, ended at 1745373976863929276
Received 100359000 ns, started pc at 45347294285190, ended pc at 45347394705886, accumulated -150234, sleeped 100420696
Received 149, started at 1745373976964803385, ended at 1745373976964803386
Received 0 ns, started pc at 45347408993146, ended pc at 45347409035062, accumulated -192150, sleeped 41916
Received 150, started at 1745373977026142367, ended at 1745373977026142368
Received 16107000 ns, started pc at 45347459821962, ended pc at 45347476069863, accumulated -333051, sleeped 16247901
Received 151, started at 1745373977107992143, ended at 1745373977107992144
Received 63189000 ns, started pc at 45347549541659, ended pc at 45347612492694, accumulated -95086, sleeped 62951035
Received 152, started at 1745373977201652983, ended at 1745373977201652984
Received 43365000 ns, started pc at 45347643957006, ended pc at 45347687326177, accumulated -99257, sleeped 43369171
Received 153, started at 1745373977322288213, ended at 1745373977322288214
Received 110271000 ns, started pc at 45347763857272, ended pc at 45347874126993, accumulated -97978, sleeped 110269721
Received 154, started at 1745373977499301089, ended at 1745373977499301090
Received 55755000 ns, started pc at 45347929651001, ended pc at 45347985410537, accumulated -102514, sleeped 55759536
Received 155, started at 1745373977671680005, ended at 1745373977671680006
Received 0 ns, started pc at 45348102016310, ended pc at 45348102076557, accumulated -162761, sleeped 60247
Received 156, started at 1745373978037032462, ended at 1745373978037032463
Received 24780000 ns, started pc at 45348467351934, ended pc at 45348492081135, accumulated -111962, sleeped 24729201
Received 157, started at 1745373978215241134, ended at 1745373978215241135
Received 73101000 ns, started pc at 45348645723141, ended pc at 45348718814936, accumulated -102757, sleeped 73091795
Received 158, started at 1745373978485614424, ended at 1745373978485614425
Received 18585000 ns, started pc at 45348915951630, ended pc at 45348934539037, accumulated -105164, sleeped 18587407
Received 159, started at 1745373978568449272, ended at 1745373978568449273
Received 83013000 ns, started pc at 45349001687693, ended pc at 45349084696260, accumulated -100731, sleeped 83008567
Received 160, started at 1745373978727881990, ended at 1745373978727881991
Received 86730000 ns, started pc at 45349159918852, ended pc at 45349246656319, accumulated -108198, sleeped 86737467
Received 161, started at 1745373979054056337, ended at 1745373979054056338
Received 24780000 ns, started pc at 45349484384199, ended pc at 45349509469681, accumulated -413680, sleeped 25085482
Received 162, started at 1745373979747433476, ended at 1745373979747433477
Received 0 ns, started pc at 45350177800078, ended pc at 45350177847531, accumulated -461133, sleeped 47453
Received 163, started at 1745373979825859912, ended at 1745373979825859913
Received 7434000 ns, started pc at 45350256153099, ended pc at 45350263245706, accumulated -119740, sleeped 7092607
Received 164, started at 1745373979939923451, ended at 1745373979939923452
Received 130095000 ns, started pc at 45350375433921, ended pc at 45350505513820, accumulated -104639, sleeped 130079899
Received 165, started at 1745373980251488694, ended at 1745373980251488695
Received 273819000 ns, started pc at 45350695150239, ended pc at 45350968968338, accumulated -103738, sleeped 273818099
Received 166, started at 1745373980541289278, ended at 1745373980541289279
Received 0 ns, started pc at 45350983298061, ended pc at 45350983335868, accumulated -141545, sleeped 37807
Received 167, started at 1745373980554798849, ended at 1745373980554798850
Received 418782000 ns, started pc at 45351076491974, ended pc at 45351495238773, accumulated -106344, sleeped 418746799
Received 168, started at 1745373981079466822, ended at 1745373981079466823
Received 169, started at 1745373981081610876, ended at 1745373981081610877
Received 0 ns, started pc at 45351520103114, ended pc at 45351520134343, accumulated -137573, sleeped 31229
Received 170, started at 1745373981090674086, ended at 1745373981090674087
Received 0 ns, started pc at 45351521155246, ended pc at 45351521169828, accumulated -152155, sleeped 14582
Received 0 ns, started pc at 45351521911328, ended pc at 45351521920953, accumulated -161780, sleeped 9625
Received 171, started at 1745373981092365941, ended at 1745373981092365942
Received 8673000 ns, started pc at 45351526865622, ended pc at 45351535820524, accumulated -443682, sleeped 8954902
Received 172, started at 1745373981259036959, ended at 1745373981259036960
Received 0 ns, started pc at 45351698512659, ended pc at 45351698552610, accumulated -483633, sleeped 39951
Received 173, started at 1745373981270715294, ended at 1745373981270715295
Received 153636000 ns, started pc at 45351705449935, ended pc at 45351858705994, accumulated -103692, sleeped 153256059
Received 174, started at 1745373981430341749, ended at 1745373981430341750
Received 0 ns, started pc at 45351884378835, ended pc at 45351884424695, accumulated -149552, sleeped 45860
Received 175, started at 1745373981642870334, ended at 1745373981642870335
Received 225498000 ns, started pc at 45352077926903, ended pc at 45352303380405, accumulated -105054, sleeped 225453502
Received 176, started at 1745373981874357816, ended at 1745373981874357817
Received 0 ns, started pc at 45352347274709, ended pc at 45352347309069, accumulated -139414, sleeped 34360
Received 177, started at 1745373981918982860, ended at 1745373981918982861
Received 45843000 ns, started pc at 45352357986600, ended pc at 45352403801089, accumulated -110903, sleeped 45814489
Received 178, started at 1745373981979331166, ended at 1745373981979331167
Received 0 ns, started pc at 45352437021282, ended pc at 45352437058033, accumulated -147654, sleeped 36751
Received 179, started at 1745373982008517389, ended at 1745373982008517390
Received 180, started at 1745373982008759720, ended at 1745373982008759721
Received 75579000 ns, started pc at 45352459882123, ended pc at 45352535422016, accumulated -108547, sleeped 75539893
Received 181, started at 1745373982114451356, ended at 1745373982114451357
Received 1239000 ns, started pc at 45352564254479, ended pc at 45352565487627, accumulated -102695, sleeped 1233148
Received 182, started at 1745373982143636601, ended at 1745373982143636602
Received 0 ns, started pc at 45352577559855, ended pc at 45352577598570, accumulated -141410, sleeped 38715
Received 9912000 ns, started pc at 45352619587460, ended pc at 45352629470864, accumulated -112814, sleeped 9883404
Received 183, started at 1745373982199891852, ended at 1745373982199891853
Received 63189000 ns, started pc at 45352635054914, ended pc at 45352698257206, accumulated -126106, sleeped 63202292
Received 184, started at 1745373982608747415, ended at 1745373982608747416
Received 48321000 ns, started pc at 45353039109859, ended pc at 45353087449367, accumulated -144614, sleeped 48339508
Received 185, started at 1745373982985962676, ended at 1745373982985962677
Received 30975000 ns, started pc at 45353418093706, ended pc at 45353449040965, accumulated -116873, sleeped 30947259
Received 186, started at 1745373983086119050, ended at 1745373983086119051
Received 100359000 ns, started pc at 45353516801293, ended pc at 45353617154759, accumulated -111339, sleeped 100353466
Received 187, started at 1745373983219669208, ended at 1745373983219669209
Received 75579000 ns, started pc at 45353659936632, ended pc at 45353735508572, accumulated -104279, sleeped 75571940
Received 188, started at 1745373983373590848, ended at 1745373983373590849
Received 90447000 ns, started pc at 45353804302463, ended pc at 45353894748998, accumulated -103814, sleeped 90446535
Received 189, started at 1745373983496778032, ended at 1745373983496778033
Received 32214000 ns, started pc at 45353930810463, ended pc at 45353963027418, accumulated -106769, sleeped 32216955
Received 190, started at 1745373983656976963, ended at 1745373983656976964
Received 56994000 ns, started pc at 45354087327846, ended pc at 45354144328598, accumulated -113521, sleeped 57000752
Received 191, started at 1745373983910543175, ended at 1745373983910543176
Received 28497000 ns, started pc at 45354342032191, ended pc at 45354370522457, accumulated -106787, sleeped 28490266
Received 192, started at 1745373984003362081, ended at 1745373984003362082
Received 99120000 ns, started pc at 45354441648149, ended pc at 45354540765756, accumulated -104394, sleeped 99117607
Received 193, started at 1745373984196930880, ended at 1745373984196930881
Received 121422000 ns, started pc at 45354627433327, ended pc at 45354748858222, accumulated -107289, sleeped 121424895
Received 194, started at 1745373984346433700, ended at 1745373984346433701
Received 43365000 ns, started pc at 45354776896565, ended pc at 45354820268198, accumulated -113922, sleeped 43371633
Received 195, started at 1745373984472934871, ended at 1745373984472934872
Received 116466000 ns, started pc at 45354907418539, ended pc at 45355023882488, accumulated -111871, sleeped 116463949
Received 196, started at 1745373984615691077, ended at 1745373984615691078
Received 33453000 ns, started pc at 45355047718042, ended pc at 45355081166075, accumulated -106904, sleeped 33448033
Received 197, started at 1745373984701595429, ended at 1745373984701595430
Received 61950000 ns, started pc at 45355132736043, ended pc at 45355194687111, accumulated -107972, sleeped 61951068
Received 198, started at 1745373984814733642, ended at 1745373984814733643
Received 75579000 ns, started pc at 45355245545347, ended pc at 45355321119719, accumulated -103344, sleeped 75574372
Received 199, started at 1745373984995866990, ended at 1745373984995866991
Received 111510000 ns, started pc at 45355426312371, ended pc at 45355537835134, accumulated -116107, sleeped 111522763
Received 200, started at 1745373985110517447, ended at 1745373985110517448
Received 0 ns, started pc at 45355542428696, ended pc at 45355542465641, accumulated -153052, sleeped 36945
Received 201, started at 1745373985209438907, ended at 1745373985209438908
Received 142485000 ns, started pc at 45355640049617, ended pc at 45355782497463, accumulated -115898, sleeped 142447846
Received 202, started at 1745373985353497411, ended at 1745373985353497412
Received 1239000 ns, started pc at 45355787531452, ended pc at 45355789016015, accumulated -361461, sleeped 1484563
Received 203, started at 1745373985453967553, ended at 1745373985453967554
