[config.py] Random numbers for execution time: [459.27147297187145, 748.2010667037661, 765.1713140220329, 816.753817210439, 834.3520644198811, 838.5661220127218, 1192.623441714668]
benchmark                        : synthetic
num_threads                      : 8
num_conns                        : 800
target_service                   : service5
request_type                     : dag-relay-grpc-async
repetitions                      : 5
target_num_exp                   : 10
pre_run                          : False
num_req                          : 20000
groundtruths                     : []
slowdowns                        : []
predicteds                       : []
errs                             : []
poker_batch_req                  : 100
client_cpu_quota                 : 2
random_seed                      : 2217
request_ratio                    : {'service0': 1, 'service1': 1, 'service2': 1, 'service3': 1, 'service4': 3, 'service5': 3, 'service6': 3}
baseline_service_processing_time : {'service0': 1192.62, 'service1': 838.57, 'service2': 834.35, 'service3': 816.75, 'service4': 255.06, 'service5': 498.8, 'service6': 153.09}
cpu_quota                        : {'service0': 2, 'service1': 2, 'service2': 2, 'service3': 2, 'service4': 2, 'service5': 2, 'service6': 2}
target_processing_time_range     : [0, 498.8]
baseline_throughputs             : []
poker_batch                      : 20000000
[test.py] Starting experiment...
[test.py] >>>>>>>>>>>>>>>>>>>>>>>>>>>>> Running experiment 0...
[test.py] Actual processing time range: [0, 49, 98, 147, 196, 245, 294, 343, 392, 441]
[test.py] Running baseline experiment
    [exp] Running (pre_run: False) workload synthetic/dag-relay-grpc-async request with the following configuration: {'CLIENT_CPU_QUOTA': '2', 'SLOWPOKE_POKER_BATCH_THRESHOLD': '20000000', 'PROCESSING_TIME_SERVICE0': '0.00119262', 'PROCESSING_TIME_SERVICE1': '0.00083857', 'PROCESSING_TIME_SERVICE2': '0.00083435', 'PROCESSING_TIME_SERVICE3': '0.00081675', 'PROCESSING_TIME_SERVICE4': '0.00025506', 'PROCESSING_TIME_SERVICE5': '0.0004988', 'PROCESSING_TIME_SERVICE6': '0.00015309', 'SLOWPOKE_DELAY_MICROS_SERVICE0': '0.0', 'SLOWPOKE_POKER_BATCH_THRESHOLD_SERVICE0': '100', 'SLOWPOKE_IS_TARGET_SERVICE_SERVICE0': 'false', 'SLOWPOKE_DELAY_MICROS_SERVICE1': '0.0', 'SLOWPOKE_POKER_BATCH_THRESHOLD_SERVICE1': '100', 'SLOWPOKE_IS_TARGET_SERVICE_SERVICE1': 'false', 'SLOWPOKE_DELAY_MICROS_SERVICE2': '0.0', 'SLOWPOKE_POKER_BATCH_THRESHOLD_SERVICE2': '100', 'SLOWPOKE_IS_TARGET_SERVICE_SERVICE2': 'false', 'SLOWPOKE_DELAY_MICROS_SERVICE3': '0.0', 'SLOWPOKE_POKER_BATCH_THRESHOLD_SERVICE3': '100', 'SLOWPOKE_IS_TARGET_SERVICE_SERVICE3': 'false', 'SLOWPOKE_DELAY_MICROS_SERVICE4': '0.0', 'SLOWPOKE_POKER_BATCH_THRESHOLD_SERVICE4': '100', 'SLOWPOKE_IS_TARGET_SERVICE_SERVICE4': 'false', 'SLOWPOKE_DELAY_MICROS_SERVICE5': '0.0', 'SLOWPOKE_POKER_BATCH_THRESHOLD_SERVICE5': '100', 'SLOWPOKE_IS_TARGET_SERVICE_SERVICE5': 'true', 'SLOWPOKE_DELAY_MICROS_SERVICE6': '0.0', 'SLOWPOKE_POKER_BATCH_THRESHOLD_SERVICE6': '100', 'SLOWPOKE_IS_TARGET_SERVICE_SERVICE6': 'false'}
    [exp] Executing cmd `bash run.sh synthetic dag-relay-grpc-async 8 800 20000`:
        [run.sh] Running benchmark synthetic with request dag-relay-grpc-async, thread 8, conn 800, duration 60
        [run.sh] Deleting all services
        configmap "config-service0" deleted
        deployment.apps "service0" deleted
        service "service0" deleted
        configmap "config-service1" deleted
        deployment.apps "service1" deleted
        service "service1" deleted
        configmap "config-service2" deleted
        deployment.apps "service2" deleted
        service "service2" deleted
        configmap "config-service3" deleted
        deployment.apps "service3" deleted
        service "service3" deleted
        configmap "config-service4" deleted
        deployment.apps "service4" deleted
        service "service4" deleted
        configmap "config-service5" deleted
        deployment.apps "service5" deleted
        service "service5" deleted
        configmap "config-service6" deleted
        deployment.apps "service6" deleted
        service "service6" deleted
        deployment.apps "ubuntu-client" deleted
        [run.sh] Waiting for all pods to be deleted
        [run.sh] Deploying all services
        configmap/config-service0 created
        deployment.apps/service0 created
        service/service0 created
        configmap/config-service1 created
        deployment.apps/service1 created
        service/service1 created
        configmap/config-service2 created
        deployment.apps/service2 created
        service/service2 created
        configmap/config-service3 created
        deployment.apps/service3 created
        service/service3 created
        configmap/config-service4 created
        deployment.apps/service4 created
        service/service4 created
        configmap/config-service5 created
        deployment.apps/service5 created
        service/service5 created
        configmap/config-service6 created
        deployment.apps/service6 created
        service/service6 created
        [run.sh] Client pod not found, deploying client
        deployment.apps/ubuntu-client created
        [run.sh] Waiting for all pods to be running
        [run.sh] All pods are running
        [run.sh] Checking heartbeat for all services
        [run.sh] Running warmup test
        [run.sh] /wrk/wrk -t8 -c800 --timeout 3s -d3s -L http://service0:80/endpoint1
        Running 3s test @ http://service0:80/endpoint1
        8 threads and 800 connections
        Thread Stats   Avg      Stdev     Max   +/- Stdev
        Latency     1.06s   474.00ms   2.28s    56.02%
        Req/Sec   155.10    113.81   410.00     56.25%
        Latency Distribution
        50%  992.03ms
        75%    1.51s
        90%    1.70s
        99%    1.92s
        2092 requests in 3.03s, 324.83KB read
        Requests/sec:    690.63
        Transfer/sec:    107.24KB
        [run.sh] Speed is 690.63, duration is 43
        [run.sh] Fix the request number.
        [run.sh] Running the actual test
        [run.sh] /wrk/wrk --timeout 20s -t8 -c800 -d43s -L -s /wrk/fix_req_n.lua http://service0:80/endpoint1
        [run.sh] Checking the resource usage
        NAME                             CPU(cores)   MEMORY(bytes)
        service0-6fb7cc7c7f-lbxmr        1618m        88Mi
        service1-76b89695f7-lnxbs        877m         20Mi
        service2-8f7c6f8f5-zhgdk         819m         21Mi
        service3-766854894f-226bz        1010m        22Mi
        service4-6fb56c9f99-nts67        960m         26Mi
        service5-858ff6f8bb-86w6j        1873m        29Mi
        service6-67d69f5cf-5npms         797m         12Mi
        ubuntu-client-76886f6bbd-ldng2   40m          23Mi
        Running 43s test @ http://service0:80/endpoint1
        8 threads and 800 connections
        Thread Stats   Avg      Stdev     Max   +/- Stdev
        Latency   789.96ms  360.71ms   2.48s    68.56%
        Req/Sec   129.53     91.46   510.00     68.95%
        Latency Distribution
        50%  743.12ms
        75%    1.00s
        90%    1.31s
        99%    1.70s
        20000 requests in 43.00s, 3.03MB read
        Requests/sec:    465.11
        Transfer/sec:     72.22KB
        ------------------------------
        stop time: 19.862317
        stop time: 20.304112
        stop time: 20.431360
        stop time: 20.196515
        stop time: 20.385107
        stop time: 20.279699
        stop time: 20.352408
        stop time: 20.410430
        [run.sh] Test finished with status 0
        > STDERR
        > No resources found in default namespace.
    [exp] Times: [19.862317, 20.304112, 20.43136, 20.196515, 20.385107, 20.279699, 20.352408, 20.41043]
    [exp] Throughput: 986.3030371204765
[test.py] Baseline throughput: 986.3030371204765
[test.py] Running 0th optmization experiment
[test.py] Running 0th groundtruth exp
    [exp] Running (pre_run: False) workload synthetic/dag-relay-grpc-async request with the following configuration: {'CLIENT_CPU_QUOTA': '2', 'SLOWPOKE_POKER_BATCH_THRESHOLD': '20000000', 'PROCESSING_TIME_SERVICE0': '0.00119262', 'PROCESSING_TIME_SERVICE1': '0.00083857', 'PROCESSING_TIME_SERVICE2': '0.00083435', 'PROCESSING_TIME_SERVICE3': '0.00081675', 'PROCESSING_TIME_SERVICE4': '0.00025506', 'PROCESSING_TIME_SERVICE5': '0.0', 'PROCESSING_TIME_SERVICE6': '0.00015309', 'SLOWPOKE_DELAY_MICROS_SERVICE0': '0.0', 'SLOWPOKE_POKER_BATCH_THRESHOLD_SERVICE0': '100', 'SLOWPOKE_IS_TARGET_SERVICE_SERVICE0': 'false', 'SLOWPOKE_DELAY_MICROS_SERVICE1': '0.0', 'SLOWPOKE_POKER_BATCH_THRESHOLD_SERVICE1': '100', 'SLOWPOKE_IS_TARGET_SERVICE_SERVICE1': 'false', 'SLOWPOKE_DELAY_MICROS_SERVICE2': '0.0', 'SLOWPOKE_POKER_BATCH_THRESHOLD_SERVICE2': '100', 'SLOWPOKE_IS_TARGET_SERVICE_SERVICE2': 'false', 'SLOWPOKE_DELAY_MICROS_SERVICE3': '0.0', 'SLOWPOKE_POKER_BATCH_THRESHOLD_SERVICE3': '100', 'SLOWPOKE_IS_TARGET_SERVICE_SERVICE3': 'false', 'SLOWPOKE_DELAY_MICROS_SERVICE4': '0.0', 'SLOWPOKE_POKER_BATCH_THRESHOLD_SERVICE4': '100', 'SLOWPOKE_IS_TARGET_SERVICE_SERVICE4': 'false', 'SLOWPOKE_DELAY_MICROS_SERVICE5': '0.0', 'SLOWPOKE_POKER_BATCH_THRESHOLD_SERVICE5': '100', 'SLOWPOKE_IS_TARGET_SERVICE_SERVICE5': 'true', 'SLOWPOKE_DELAY_MICROS_SERVICE6': '0.0', 'SLOWPOKE_POKER_BATCH_THRESHOLD_SERVICE6': '100', 'SLOWPOKE_IS_TARGET_SERVICE_SERVICE6': 'false'}
    [exp] Executing cmd `bash run.sh synthetic dag-relay-grpc-async 8 800 20000`:
        [run.sh] Running benchmark synthetic with request dag-relay-grpc-async, thread 8, conn 800, duration 60
        [run.sh] Deleting all services
        configmap "config-service0" deleted
        deployment.apps "service0" deleted
        service "service0" deleted
        configmap "config-service1" deleted
        deployment.apps "service1" deleted
        service "service1" deleted
        configmap "config-service2" deleted
        deployment.apps "service2" deleted
        service "service2" deleted
        configmap "config-service3" deleted
        deployment.apps "service3" deleted
        service "service3" deleted
        configmap "config-service4" deleted
        deployment.apps "service4" deleted
        service "service4" deleted
        configmap "config-service5" deleted
        deployment.apps "service5" deleted
        service "service5" deleted
        configmap "config-service6" deleted
        deployment.apps "service6" deleted
        service "service6" deleted
        deployment.apps "ubuntu-client" deleted
        [run.sh] Waiting for all pods to be deleted
        [run.sh] Deploying all services
        configmap/config-service0 created
        deployment.apps/service0 created
        service/service0 created
        configmap/config-service1 created
        deployment.apps/service1 created
        service/service1 created
        configmap/config-service2 created
        deployment.apps/service2 created
        service/service2 created
        configmap/config-service3 created
        deployment.apps/service3 created
        service/service3 created
        configmap/config-service4 created
        deployment.apps/service4 created
        service/service4 created
        configmap/config-service5 created
        deployment.apps/service5 created
        service/service5 created
        configmap/config-service6 created
        deployment.apps/service6 created
        service/service6 created
        [run.sh] Client pod not found, deploying client
        deployment.apps/ubuntu-client created
        [run.sh] Waiting for all pods to be running
        [run.sh] All pods are running
        [run.sh] Checking heartbeat for all services
        [run.sh] Running warmup test
        [run.sh] /wrk/wrk -t8 -c800 --timeout 3s -d3s -L http://service0:80/endpoint1
        Running 3s test @ http://service0:80/endpoint1
        8 threads and 800 connections
        Thread Stats   Avg      Stdev     Max   +/- Stdev
        Latency   898.24ms  424.35ms   1.77s    58.45%
        Req/Sec   156.42    149.57   520.00     74.65%
        Latency Distribution
        50%  996.86ms
        75%    1.19s
        90%    1.47s
        99%    1.67s
        2421 requests in 3.03s, 375.92KB read
        Requests/sec:    798.83
        Transfer/sec:    124.04KB
        [run.sh] Speed is 798.83, duration is 37
        [run.sh] Fix the request number.
        [run.sh] Running the actual test
        [run.sh] /wrk/wrk --timeout 20s -t8 -c800 -d37s -L -s /wrk/fix_req_n.lua http://service0:80/endpoint1
        [run.sh] Checking the resource usage
        NAME                             CPU(cores)   MEMORY(bytes)
        service0-6fb7cc7c7f-84r2m        0m           92Mi
        service1-76b89695f7-4xz2b        553m         40Mi
        service2-8f7c6f8f5-4cn8f         579m         26Mi
        service3-766854894f-fb4tq        397m         21Mi
        service4-6fb56c9f99-769sd        1214m        40Mi
        service5-858ff6f8bb-gdj7n        0m           10Mi
        service6-67d69f5cf-9497r         304m         14Mi
        ubuntu-client-76886f6bbd-cg4l5   14m          22Mi
        Running 37s test @ http://service0:80/endpoint1
        8 threads and 800 connections
        Thread Stats   Avg      Stdev     Max   +/- Stdev
        Latency   711.99ms  326.37ms   2.31s    70.63%
        Req/Sec   151.79    127.57   770.00     72.51%
        Latency Distribution
        50%  666.79ms
        75%  888.58ms
        90%    1.15s
        99%    1.72s
        20000 requests in 37.00s, 3.03MB read
        Requests/sec:    540.54
        Transfer/sec:     83.93KB
        ------------------------------
        stop time: 17.815099
        stop time: 17.842134
        stop time: 17.962278
        stop time: 17.955708
        stop time: 18.235594
        stop time: 18.282475
        stop time: 18.410772
        stop time: 18.448127
        [run.sh] Test finished with status 0
        > STDERR
        > No resources found in default namespace.
    [exp] Times: [17.815099, 17.842134, 17.962278, 17.955708, 18.235594, 18.282475, 18.410772, 18.448127]
    [exp] Throughput: 1103.8122522428723
[test.py] Running 0th slowdown exp
    [exp] Running (pre_run: False) workload synthetic/dag-relay-grpc-async request with the following configuration: {'CLIENT_CPU_QUOTA': '2', 'SLOWPOKE_POKER_BATCH_THRESHOLD': '20000000', 'PROCESSING_TIME_SERVICE0': '0.00119262', 'PROCESSING_TIME_SERVICE1': '0.00083857', 'PROCESSING_TIME_SERVICE2': '0.00083435', 'PROCESSING_TIME_SERVICE3': '0.00081675', 'PROCESSING_TIME_SERVICE4': '0.00025506', 'PROCESSING_TIME_SERVICE5': '0.0004988', 'PROCESSING_TIME_SERVICE6': '0.00015309', 'SLOWPOKE_DELAY_MICROS_SERVICE0': '748.0', 'SLOWPOKE_POKER_BATCH_THRESHOLD_SERVICE0': '100', 'SLOWPOKE_IS_TARGET_SERVICE_SERVICE0': 'false', 'SLOWPOKE_DELAY_MICROS_SERVICE1': '748.0', 'SLOWPOKE_POKER_BATCH_THRESHOLD_SERVICE1': '100', 'SLOWPOKE_IS_TARGET_SERVICE_SERVICE1': 'false', 'SLOWPOKE_DELAY_MICROS_SERVICE2': '748.0', 'SLOWPOKE_POKER_BATCH_THRESHOLD_SERVICE2': '100', 'SLOWPOKE_IS_TARGET_SERVICE_SERVICE2': 'false', 'SLOWPOKE_DELAY_MICROS_SERVICE3': '748.0', 'SLOWPOKE_POKER_BATCH_THRESHOLD_SERVICE3': '100', 'SLOWPOKE_IS_TARGET_SERVICE_SERVICE3': 'false', 'SLOWPOKE_DELAY_MICROS_SERVICE4': '249.0', 'SLOWPOKE_POKER_BATCH_THRESHOLD_SERVICE4': '100', 'SLOWPOKE_IS_TARGET_SERVICE_SERVICE4': 'false', 'SLOWPOKE_DELAY_MICROS_SERVICE5': '0.0', 'SLOWPOKE_POKER_BATCH_THRESHOLD_SERVICE5': '100', 'SLOWPOKE_IS_TARGET_SERVICE_SERVICE5': 'true', 'SLOWPOKE_DELAY_MICROS_SERVICE6': '249.0', 'SLOWPOKE_POKER_BATCH_THRESHOLD_SERVICE6': '100', 'SLOWPOKE_IS_TARGET_SERVICE_SERVICE6': 'false'}
    [exp] Executing cmd `bash run.sh synthetic dag-relay-grpc-async 8 800 20000`:
        [run.sh] Running benchmark synthetic with request dag-relay-grpc-async, thread 8, conn 800, duration 60
        [run.sh] Deleting all services
        configmap "config-service0" deleted
        deployment.apps "service0" deleted
        service "service0" deleted
        configmap "config-service1" deleted
        deployment.apps "service1" deleted
        service "service1" deleted
        configmap "config-service2" deleted
        deployment.apps "service2" deleted
        service "service2" deleted
        configmap "config-service3" deleted
        deployment.apps "service3" deleted
        service "service3" deleted
        configmap "config-service4" deleted
        deployment.apps "service4" deleted
        service "service4" deleted
        configmap "config-service5" deleted
        deployment.apps "service5" deleted
        service "service5" deleted
        configmap "config-service6" deleted
        deployment.apps "service6" deleted
        service "service6" deleted
        deployment.apps "ubuntu-client" deleted
        [run.sh] Waiting for all pods to be deleted
        [run.sh] Deploying all services
        configmap/config-service0 created
        deployment.apps/service0 created
        service/service0 created
        configmap/config-service1 created
        deployment.apps/service1 created
        service/service1 created
        configmap/config-service2 created
        deployment.apps/service2 created
        service/service2 created
        configmap/config-service3 created
        deployment.apps/service3 created
        service/service3 created
        configmap/config-service4 created
        deployment.apps/service4 created
        service/service4 created
        configmap/config-service5 created
        deployment.apps/service5 created
        service/service5 created
        configmap/config-service6 created
        deployment.apps/service6 created
        service/service6 created
        [run.sh] Client pod not found, deploying client
        deployment.apps/ubuntu-client created
        [run.sh] Waiting for all pods to be running
        [run.sh] All pods are running
        [run.sh] Checking heartbeat for all services
        [run.sh] Running warmup test
        [run.sh] /wrk/wrk -t8 -c800 --timeout 3s -d3s -L http://service0:80/endpoint1
        Running 3s test @ http://service0:80/endpoint1
        8 threads and 800 connections
        Thread Stats   Avg      Stdev     Max   +/- Stdev
        Latency     1.43s   528.19ms   2.95s    61.89%
        Req/Sec    91.45     93.79   393.00     84.75%
        Latency Distribution
        50%    1.35s
        75%    1.93s
        90%    2.00s
        99%    2.68s
        1278 requests in 3.03s, 198.44KB read
        Requests/sec:    421.82
        Transfer/sec:     65.50KB
        [run.sh] Speed is 421.82, duration is 71
        [run.sh] Fix the request number.
        [run.sh] Running the actual test
        [run.sh] /wrk/wrk --timeout 20s -t8 -c800 -d71s -L -s /wrk/fix_req_n.lua http://service0:80/endpoint1
        [run.sh] Checking the resource usage
        NAME                             CPU(cores)   MEMORY(bytes)
        service0-6975f55f7d-2vvzr        342m         76Mi
        service1-78c7479fc6-ssm97        0m           15Mi
        service2-7d765d587d-fnzpz        0m           15Mi
        service3-849fd4787b-8qzg4        58m          16Mi
        service5-858ff6f8bb-xhfsd        387m         12Mi
        service6-868d8884c8-x7spf        20m          10Mi
        ubuntu-client-76886f6bbd-l4csd   8m           0Mi
        Running 1m test @ http://service0:80/endpoint1
        8 threads and 800 connections
        Thread Stats   Avg      Stdev     Max   +/- Stdev
        Latency     1.50s   678.85ms   4.32s    69.81%
        Req/Sec    79.81     90.58   777.00     86.32%
        Latency Distribution
        50%    1.35s
        75%    1.92s
        90%    2.48s
        99%    3.43s
        20000 requests in 1.18m, 3.03MB read
        Requests/sec:    281.69
        Transfer/sec:     43.74KB
        ------------------------------
        stop time: 37.967774
        stop time: 37.853671
        stop time: 37.901931
        stop time: 37.321671
        stop time: 39.158033
        stop time: 38.989455
        stop time: 39.252578
        stop time: 39.237324
        [run.sh] Test finished with status 0
        > STDERR
        > No resources found in default namespace.
    [exp] Times: [37.967774, 37.853671, 37.901931, 37.321671, 39.158033, 38.989455, 39.252578, 39.237324]
    [exp] Throughput: 520.0166820051546
[test.py] Finished running 0th optmization experiment: groundtruth->1103.8122522428723, slowdown->520.0166820051546, predicted->851.1976806225122, err->-22.885646640274587
[test.py] Running 1th optmization experiment
[test.py] Running 1th groundtruth exp
    [exp] Running (pre_run: False) workload synthetic/dag-relay-grpc-async request with the following configuration: {'CLIENT_CPU_QUOTA': '2', 'SLOWPOKE_POKER_BATCH_THRESHOLD': '20000000', 'PROCESSING_TIME_SERVICE0': '0.00119262', 'PROCESSING_TIME_SERVICE1': '0.00083857', 'PROCESSING_TIME_SERVICE2': '0.00083435', 'PROCESSING_TIME_SERVICE3': '0.00081675', 'PROCESSING_TIME_SERVICE4': '0.00025506', 'PROCESSING_TIME_SERVICE5': '4.9e-05', 'PROCESSING_TIME_SERVICE6': '0.00015309', 'SLOWPOKE_DELAY_MICROS_SERVICE0': '0.0', 'SLOWPOKE_POKER_BATCH_THRESHOLD_SERVICE0': '100', 'SLOWPOKE_IS_TARGET_SERVICE_SERVICE0': 'false', 'SLOWPOKE_DELAY_MICROS_SERVICE1': '0.0', 'SLOWPOKE_POKER_BATCH_THRESHOLD_SERVICE1': '100', 'SLOWPOKE_IS_TARGET_SERVICE_SERVICE1': 'false', 'SLOWPOKE_DELAY_MICROS_SERVICE2': '0.0', 'SLOWPOKE_POKER_BATCH_THRESHOLD_SERVICE2': '100', 'SLOWPOKE_IS_TARGET_SERVICE_SERVICE2': 'false', 'SLOWPOKE_DELAY_MICROS_SERVICE3': '0.0', 'SLOWPOKE_POKER_BATCH_THRESHOLD_SERVICE3': '100', 'SLOWPOKE_IS_TARGET_SERVICE_SERVICE3': 'false', 'SLOWPOKE_DELAY_MICROS_SERVICE4': '0.0', 'SLOWPOKE_POKER_BATCH_THRESHOLD_SERVICE4': '100', 'SLOWPOKE_IS_TARGET_SERVICE_SERVICE4': 'false', 'SLOWPOKE_DELAY_MICROS_SERVICE5': '0.0', 'SLOWPOKE_POKER_BATCH_THRESHOLD_SERVICE5': '100', 'SLOWPOKE_IS_TARGET_SERVICE_SERVICE5': 'true', 'SLOWPOKE_DELAY_MICROS_SERVICE6': '0.0', 'SLOWPOKE_POKER_BATCH_THRESHOLD_SERVICE6': '100', 'SLOWPOKE_IS_TARGET_SERVICE_SERVICE6': 'false'}
    [exp] Executing cmd `bash run.sh synthetic dag-relay-grpc-async 8 800 20000`:
        [run.sh] Running benchmark synthetic with request dag-relay-grpc-async, thread 8, conn 800, duration 60
        [run.sh] Deleting all services
        configmap "config-service0" deleted
        deployment.apps "service0" deleted
        service "service0" deleted
        configmap "config-service1" deleted
        deployment.apps "service1" deleted
        service "service1" deleted
        configmap "config-service2" deleted
        deployment.apps "service2" deleted
        service "service2" deleted
        configmap "config-service3" deleted
        deployment.apps "service3" deleted
        service "service3" deleted
        configmap "config-service4" deleted
        deployment.apps "service4" deleted
        service "service4" deleted
        configmap "config-service5" deleted
        deployment.apps "service5" deleted
        service "service5" deleted
        configmap "config-service6" deleted
        deployment.apps "service6" deleted
        service "service6" deleted
        deployment.apps "ubuntu-client" deleted
        [run.sh] Waiting for all pods to be deleted
        [run.sh] Deploying all services
        configmap/config-service0 created
        deployment.apps/service0 created
        service/service0 created
        configmap/config-service1 created
        deployment.apps/service1 created
        service/service1 created
        configmap/config-service2 created
        deployment.apps/service2 created
        service/service2 created
        configmap/config-service3 created
        deployment.apps/service3 created
        service/service3 created
        configmap/config-service4 created
        deployment.apps/service4 created
        service/service4 created
        configmap/config-service5 created
        deployment.apps/service5 created
        service/service5 created
        configmap/config-service6 created
        deployment.apps/service6 created
        service/service6 created
        [run.sh] Client pod not found, deploying client
        deployment.apps/ubuntu-client created
        [run.sh] Waiting for all pods to be running
        [run.sh] All pods are running
        [run.sh] Checking heartbeat for all services
        [run.sh] Running warmup test
        [run.sh] /wrk/wrk -t8 -c800 --timeout 3s -d3s -L http://service0:80/endpoint1
        Running 3s test @ http://service0:80/endpoint1
        8 threads and 800 connections
        Thread Stats   Avg      Stdev     Max   +/- Stdev
        Latency   887.48ms  459.49ms   2.00s    52.78%
        Req/Sec   156.30    118.66   424.00     58.33%
        Latency Distribution
        50%  929.01ms
        75%    1.32s
        90%    1.50s
        99%    1.69s
        2501 requests in 3.03s, 388.34KB read
        Requests/sec:    825.77
        Transfer/sec:    128.22KB
        [run.sh] Speed is 825.77, duration is 36
        [run.sh] Fix the request number.
        [run.sh] Running the actual test
        [run.sh] /wrk/wrk --timeout 20s -t8 -c800 -d36s -L -s /wrk/fix_req_n.lua http://service0:80/endpoint1
        [run.sh] Checking the resource usage
        Running 36s test @ http://service0:80/endpoint1
        8 threads and 800 connections
        Thread Stats   Avg      Stdev     Max   +/- Stdev
        Latency   737.02ms  332.12ms   2.22s    65.53%
        Req/Sec   144.90    132.84   747.00     76.73%
        Latency Distribution
        50%  684.21ms
        75%  963.47ms
        90%    1.23s
        99%    1.56s
        20000 requests in 36.00s, 3.03MB read
        Requests/sec:    555.55
        Transfer/sec:     86.26KB
        ------------------------------
        stop time: 18.935276
        stop time: 18.716263
        stop time: 18.827450
        stop time: 18.772546
        stop time: 18.814697
        stop time: 19.014027
        stop time: 19.015152
        stop time: 19.011381
        [run.sh] Test finished with status 0
        > STDERR
        > No resources found in default namespace.
        > error: metrics not available yet
    [exp] Times: [18.935276, 18.716263, 18.82745, 18.772546, 18.814697, 19.014027, 19.015152, 19.011381]
    [exp] Throughput: 1058.8537939446164
[test.py] Running 1th slowdown exp
    [exp] Running (pre_run: False) workload synthetic/dag-relay-grpc-async request with the following configuration: {'CLIENT_CPU_QUOTA': '2', 'SLOWPOKE_POKER_BATCH_THRESHOLD': '20000000', 'PROCESSING_TIME_SERVICE0': '0.00119262', 'PROCESSING_TIME_SERVICE1': '0.00083857', 'PROCESSING_TIME_SERVICE2': '0.00083435', 'PROCESSING_TIME_SERVICE3': '0.00081675', 'PROCESSING_TIME_SERVICE4': '0.00025506', 'PROCESSING_TIME_SERVICE5': '0.0004988', 'PROCESSING_TIME_SERVICE6': '0.00015309', 'SLOWPOKE_DELAY_MICROS_SERVICE0': '674.5', 'SLOWPOKE_POKER_BATCH_THRESHOLD_SERVICE0': '100', 'SLOWPOKE_IS_TARGET_SERVICE_SERVICE0': 'false', 'SLOWPOKE_DELAY_MICROS_SERVICE1': '674.5', 'SLOWPOKE_POKER_BATCH_THRESHOLD_SERVICE1': '100', 'SLOWPOKE_IS_TARGET_SERVICE_SERVICE1': 'false', 'SLOWPOKE_DELAY_MICROS_SERVICE2': '674.5', 'SLOWPOKE_POKER_BATCH_THRESHOLD_SERVICE2': '100', 'SLOWPOKE_IS_TARGET_SERVICE_SERVICE2': 'false', 'SLOWPOKE_DELAY_MICROS_SERVICE3': '674.5', 'SLOWPOKE_POKER_BATCH_THRESHOLD_SERVICE3': '100', 'SLOWPOKE_IS_TARGET_SERVICE_SERVICE3': 'false', 'SLOWPOKE_DELAY_MICROS_SERVICE4': '224.5', 'SLOWPOKE_POKER_BATCH_THRESHOLD_SERVICE4': '100', 'SLOWPOKE_IS_TARGET_SERVICE_SERVICE4': 'false', 'SLOWPOKE_DELAY_MICROS_SERVICE5': '0.0', 'SLOWPOKE_POKER_BATCH_THRESHOLD_SERVICE5': '100', 'SLOWPOKE_IS_TARGET_SERVICE_SERVICE5': 'true', 'SLOWPOKE_DELAY_MICROS_SERVICE6': '224.5', 'SLOWPOKE_POKER_BATCH_THRESHOLD_SERVICE6': '100', 'SLOWPOKE_IS_TARGET_SERVICE_SERVICE6': 'false'}
    [exp] Executing cmd `bash run.sh synthetic dag-relay-grpc-async 8 800 20000`:
        [run.sh] Running benchmark synthetic with request dag-relay-grpc-async, thread 8, conn 800, duration 60
        [run.sh] Deleting all services
        configmap "config-service0" deleted
        deployment.apps "service0" deleted
        service "service0" deleted
        configmap "config-service1" deleted
        deployment.apps "service1" deleted
        service "service1" deleted
        configmap "config-service2" deleted
        deployment.apps "service2" deleted
        service "service2" deleted
        configmap "config-service3" deleted
        deployment.apps "service3" deleted
        service "service3" deleted
        configmap "config-service4" deleted
        deployment.apps "service4" deleted
        service "service4" deleted
        configmap "config-service5" deleted
        deployment.apps "service5" deleted
        service "service5" deleted
        configmap "config-service6" deleted
        deployment.apps "service6" deleted
        service "service6" deleted
        deployment.apps "ubuntu-client" deleted
        [run.sh] Waiting for all pods to be deleted
        [run.sh] Deploying all services
        configmap/config-service0 created
        deployment.apps/service0 created
        service/service0 created
        configmap/config-service1 created
        deployment.apps/service1 created
        service/service1 created
        configmap/config-service2 created
        deployment.apps/service2 created
        service/service2 created
        configmap/config-service3 created
        deployment.apps/service3 created
        service/service3 created
        configmap/config-service4 created
        deployment.apps/service4 created
        service/service4 created
        configmap/config-service5 created
        deployment.apps/service5 created
        service/service5 created
        configmap/config-service6 created
        deployment.apps/service6 created
        service/service6 created
        [run.sh] Client pod not found, deploying client
        deployment.apps/ubuntu-client created
        [run.sh] Waiting for all pods to be running
        [run.sh] All pods are running
        [run.sh] Checking heartbeat for all services
        [run.sh] Running warmup test
        [run.sh] /wrk/wrk -t8 -c800 --timeout 3s -d3s -L http://service0:80/endpoint1
        Running 3s test @ http://service0:80/endpoint1
        8 threads and 800 connections
        Thread Stats   Avg      Stdev     Max   +/- Stdev
        Latency     2.09s   544.58ms   2.81s    88.50%
        Req/Sec    97.13     84.90   282.00     59.68%
        Latency Distribution
        50%    2.17s
        75%    2.34s
        90%    2.42s
        99%    2.80s
        800 requests in 3.03s, 124.22KB read
        Requests/sec:    263.77
        Transfer/sec:     40.96KB
        [run.sh] Speed is 263.77, duration is 113
        [run.sh] Fix the request number.
        [run.sh] Running the actual test
        [run.sh] /wrk/wrk --timeout 20s -t8 -c800 -d113s -L -s /wrk/fix_req_n.lua http://service0:80/endpoint1
        [run.sh] Checking the resource usage
        NAME                             CPU(cores)   MEMORY(bytes)
        service0-6c65d4c4bf-l8lh4        196m         82Mi
        service1-5f6597c75f-qm87z        180m         22Mi
        service2-74f8cf9cd5-hqww4        177m         19Mi
        service3-696467b49f-zlwfv        94m          19Mi
        service4-66b6996964-n5c6r        283m         38Mi
        service5-858ff6f8bb-dvmjx        303m         12Mi
        service6-b4d47c5c6-btz4j         99m          10Mi
        ubuntu-client-76886f6bbd-757wp   7m           12Mi
        Running 2m test @ http://service0:80/endpoint1
        8 threads and 800 connections
        Thread Stats   Avg      Stdev     Max   +/- Stdev
        Latency     1.40s   638.27ms   4.45s    68.72%
        Req/Sec    86.35     90.51   646.00     84.77%
        Latency Distribution
        50%    1.29s
        75%    1.75s
        90%    2.26s
        99%    3.33s
        20000 requests in 1.88m, 3.03MB read
        Requests/sec:    176.99
        Transfer/sec:     27.48KB
        ------------------------------
        stop time: 35.579025
        stop time: 36.016645
        stop time: 35.445546
        stop time: 36.093642
        stop time: 36.070011
        stop time: 35.559077
        stop time: 36.587374
        stop time: 36.065919
        [run.sh] Test finished with status 0
        > STDERR
        > No resources found in default namespace.
    [exp] Times: [35.579025, 36.016645, 35.445546, 36.093642, 36.070011, 35.559077, 36.587374, 36.065919]
    [exp] Throughput: 556.6819880278649
[test.py] Finished running 1th optmization experiment: groundtruth->1058.8537939446164, slowdown->556.6819880278649, predicted->891.5375528516695, err->-15.801637775658616
[test.py] Running 2th optmization experiment
[test.py] Running 2th groundtruth exp
    [exp] Running (pre_run: False) workload synthetic/dag-relay-grpc-async request with the following configuration: {'CLIENT_CPU_QUOTA': '2', 'SLOWPOKE_POKER_BATCH_THRESHOLD': '20000000', 'PROCESSING_TIME_SERVICE0': '0.00119262', 'PROCESSING_TIME_SERVICE1': '0.00083857', 'PROCESSING_TIME_SERVICE2': '0.00083435', 'PROCESSING_TIME_SERVICE3': '0.00081675', 'PROCESSING_TIME_SERVICE4': '0.00025506', 'PROCESSING_TIME_SERVICE5': '9.8e-05', 'PROCESSING_TIME_SERVICE6': '0.00015309', 'SLOWPOKE_DELAY_MICROS_SERVICE0': '0.0', 'SLOWPOKE_POKER_BATCH_THRESHOLD_SERVICE0': '100', 'SLOWPOKE_IS_TARGET_SERVICE_SERVICE0': 'false', 'SLOWPOKE_DELAY_MICROS_SERVICE1': '0.0', 'SLOWPOKE_POKER_BATCH_THRESHOLD_SERVICE1': '100', 'SLOWPOKE_IS_TARGET_SERVICE_SERVICE1': 'false', 'SLOWPOKE_DELAY_MICROS_SERVICE2': '0.0', 'SLOWPOKE_POKER_BATCH_THRESHOLD_SERVICE2': '100', 'SLOWPOKE_IS_TARGET_SERVICE_SERVICE2': 'false', 'SLOWPOKE_DELAY_MICROS_SERVICE3': '0.0', 'SLOWPOKE_POKER_BATCH_THRESHOLD_SERVICE3': '100', 'SLOWPOKE_IS_TARGET_SERVICE_SERVICE3': 'false', 'SLOWPOKE_DELAY_MICROS_SERVICE4': '0.0', 'SLOWPOKE_POKER_BATCH_THRESHOLD_SERVICE4': '100', 'SLOWPOKE_IS_TARGET_SERVICE_SERVICE4': 'false', 'SLOWPOKE_DELAY_MICROS_SERVICE5': '0.0', 'SLOWPOKE_POKER_BATCH_THRESHOLD_SERVICE5': '100', 'SLOWPOKE_IS_TARGET_SERVICE_SERVICE5': 'true', 'SLOWPOKE_DELAY_MICROS_SERVICE6': '0.0', 'SLOWPOKE_POKER_BATCH_THRESHOLD_SERVICE6': '100', 'SLOWPOKE_IS_TARGET_SERVICE_SERVICE6': 'false'}
    [exp] Executing cmd `bash run.sh synthetic dag-relay-grpc-async 8 800 20000`:
        [run.sh] Running benchmark synthetic with request dag-relay-grpc-async, thread 8, conn 800, duration 60
        [run.sh] Deleting all services
        configmap "config-service0" deleted
        deployment.apps "service0" deleted
        service "service0" deleted
        configmap "config-service1" deleted
        deployment.apps "service1" deleted
        service "service1" deleted
        configmap "config-service2" deleted
        deployment.apps "service2" deleted
        service "service2" deleted
        configmap "config-service3" deleted
        deployment.apps "service3" deleted
        service "service3" deleted
        configmap "config-service4" deleted
        deployment.apps "service4" deleted
        service "service4" deleted
        configmap "config-service5" deleted
        deployment.apps "service5" deleted
        service "service5" deleted
        configmap "config-service6" deleted
        deployment.apps "service6" deleted
        service "service6" deleted
        deployment.apps "ubuntu-client" deleted
        [run.sh] Waiting for all pods to be deleted
        [run.sh] Deploying all services
        configmap/config-service0 created
        deployment.apps/service0 created
        service/service0 created
        configmap/config-service1 created
        deployment.apps/service1 created
        service/service1 created
        configmap/config-service2 created
        deployment.apps/service2 created
        service/service2 created
        configmap/config-service3 created
        deployment.apps/service3 created
        service/service3 created
        configmap/config-service4 created
        deployment.apps/service4 created
        service/service4 created
        configmap/config-service5 created
        deployment.apps/service5 created
        service/service5 created
        configmap/config-service6 created
        deployment.apps/service6 created
        service/service6 created
        [run.sh] Client pod not found, deploying client
        deployment.apps/ubuntu-client created
        [run.sh] Waiting for all pods to be running
