[config.py] Random numbers for execution time: [202.40806507255627, 286.35738285170555, 625.4504735761037, 739.892563873741, 1014.1101769964332]
benchmark                        : synthetic
num_threads                      : 8
num_conns                        : 512
target_service                   : service3
request_type                     : dag-cross-grpc-sync
repetitions                      : 5
target_num_exp                   : 10
pre_run                          : False
num_req                          : 20000
groundtruths                     : []
slowdowns                        : []
predicteds                       : []
errs                             : []
poker_batch_req                  : 100
client_cpu_quota                 : 2
random_seed                      : 19434
request_ratio                    : {'service0': 1, 'service1': 1, 'service2': 2, 'service3': 1, 'service4': 4}
baseline_service_processing_time : {'service0': 4056.44, 'service1': 2959.57, 'service2': 1250.9, 'service3': 1145.43, 'service4': 202.41}
cpu_quota                        : {'service0': 2, 'service1': 2, 'service2': 2, 'service3': 2, 'service4': 2}
target_processing_time_range     : [0, 1145.43]
baseline_throughputs             : []
poker_batch                      : 20000000
[test.py] Starting experiment...
[test.py] >>>>>>>>>>>>>>>>>>>>>>>>>>>>> Running experiment 0...
[test.py] Actual processing time range: [0, 114, 228, 342, 456, 570, 684, 798, 912, 1026]
[test.py] Running baseline experiment
    [exp] Running (pre_run: False) workload synthetic/dag-cross-grpc-sync request with the following configuration: {'CLIENT_CPU_QUOTA': '2', 'SLOWPOKE_POKER_BATCH_THRESHOLD': '20000000', 'PROCESSING_TIME_SERVICE0': '0.00405644', 'PROCESSING_TIME_SERVICE1': '0.00295957', 'PROCESSING_TIME_SERVICE2': '0.0012509', 'PROCESSING_TIME_SERVICE3': '0.00114543', 'PROCESSING_TIME_SERVICE4': '0.00020241', 'SLOWPOKE_DELAY_MICROS_SERVICE0': '0.0', 'SLOWPOKE_POKER_BATCH_THRESHOLD_SERVICE0': '100', 'SLOWPOKE_IS_TARGET_SERVICE_SERVICE0': 'false', 'SLOWPOKE_DELAY_MICROS_SERVICE1': '0.0', 'SLOWPOKE_POKER_BATCH_THRESHOLD_SERVICE1': '100', 'SLOWPOKE_IS_TARGET_SERVICE_SERVICE1': 'false', 'SLOWPOKE_DELAY_MICROS_SERVICE2': '0.0', 'SLOWPOKE_POKER_BATCH_THRESHOLD_SERVICE2': '100', 'SLOWPOKE_IS_TARGET_SERVICE_SERVICE2': 'false', 'SLOWPOKE_DELAY_MICROS_SERVICE3': '0.0', 'SLOWPOKE_POKER_BATCH_THRESHOLD_SERVICE3': '100', 'SLOWPOKE_IS_TARGET_SERVICE_SERVICE3': 'true', 'SLOWPOKE_DELAY_MICROS_SERVICE4': '0.0', 'SLOWPOKE_POKER_BATCH_THRESHOLD_SERVICE4': '100', 'SLOWPOKE_IS_TARGET_SERVICE_SERVICE4': 'false'}
    [exp] Executing cmd `bash run.sh synthetic dag-cross-grpc-sync 8 512 20000`:
        [run.sh] Running benchmark synthetic with request dag-cross-grpc-sync, thread 8, conn 512, duration 60
        [run.sh] Deleting all services
        configmap "config-service0" deleted
        deployment.apps "service0" deleted
        service "service0" deleted
        configmap "config-service1" deleted
        deployment.apps "service1" deleted
        service "service1" deleted
        configmap "config-service2" deleted
        deployment.apps "service2" deleted
        service "service2" deleted
        configmap "config-service3" deleted
        deployment.apps "service3" deleted
        service "service3" deleted
        configmap "config-service4" deleted
        deployment.apps "service4" deleted
        service "service4" deleted
        deployment.apps "ubuntu-client" deleted
        [run.sh] Waiting for all pods to be deleted
        [run.sh] Deploying all services
        configmap/config-service0 created
        deployment.apps/service0 created
        service/service0 created
        configmap/config-service1 created
        deployment.apps/service1 created
        service/service1 created
        configmap/config-service2 created
        deployment.apps/service2 created
        service/service2 created
        configmap/config-service3 created
        deployment.apps/service3 created
        service/service3 created
        configmap/config-service4 created
        deployment.apps/service4 created
        service/service4 created
        [run.sh] Client pod not found, deploying client
        deployment.apps/ubuntu-client created
        [run.sh] Waiting for all pods to be running
        [run.sh] All pods are running
        [run.sh] Checking heartbeat for all services
        [run.sh] Running warmup test
        [run.sh] /wrk/wrk -t8 -c512 --timeout 3s -d3s -L http://service0:80/endpoint1
        Running 3s test @ http://service0:80/endpoint1
        8 threads and 512 connections
        Thread Stats   Avg      Stdev     Max   +/- Stdev
        Latency     2.18s   686.34ms   2.88s    84.60%
        Req/Sec    76.19     58.97   210.00     60.87%
        Latency Distribution
        50%    2.43s
        75%    2.68s
        90%    2.75s
        99%    2.82s
        604 requests in 3.02s, 93.79KB read
        Requests/sec:    199.92
        Transfer/sec:     31.04KB
        [run.sh] Speed is 199.92, duration is 150
        [run.sh] Fix the request number.
        [run.sh] Running the actual test
        [run.sh] /wrk/wrk --timeout 20s -t8 -c512 -d150s -L -s /wrk/fix_req_n.lua http://service0:80/endpoint1
        [run.sh] Checking the resource usage
        NAME                             CPU(cores)   MEMORY(bytes)
        service0-6fb7cc7c7f-dkfxf        1798m        57Mi
        service1-76b89695f7-m62nz        1139m        14Mi
        service2-8f7c6f8f5-cc2w9         1083m        13Mi
        service3-6f7656c754-ghwwx        529m         14Mi
        service4-6fb56c9f99-p9r5m        577m         12Mi
        ubuntu-client-76886f6bbd-mh7m2   19m          20Mi
        Running 2m test @ http://service0:80/endpoint1
        8 threads and 512 connections
        Thread Stats   Avg      Stdev     Max   +/- Stdev
        Latency     1.28s   487.65ms   3.55s    69.56%
        Req/Sec    63.26     57.84   410.00     82.07%
        Latency Distribution
        50%    1.20s
        75%    1.55s
        90%    2.01s
        99%    2.58s
        20000 requests in 2.50m, 3.03MB read
        Requests/sec:    133.33
        Transfer/sec:     20.70KB
        ------------------------------
        stop time: 50.568880
        stop time: 50.605306
        stop time: 50.573030
        stop time: 51.465303
        stop time: 50.584873
        stop time: 50.541876
        stop time: 50.615760
        stop time: 51.334629
        [run.sh] Test finished with status 0
        > STDERR
        > No resources found in default namespace.
    [exp] Times: [50.56888, 50.605306, 50.57303, 51.465303, 50.584873, 50.541876, 50.61576, 51.334629]
    [exp] Throughput: 393.80771142790866
[test.py] Baseline throughput: 393.80771142790866
[test.py] Running 0th optmization experiment
[test.py] Running 0th groundtruth exp
    [exp] Running (pre_run: False) workload synthetic/dag-cross-grpc-sync request with the following configuration: {'CLIENT_CPU_QUOTA': '2', 'SLOWPOKE_POKER_BATCH_THRESHOLD': '20000000', 'PROCESSING_TIME_SERVICE0': '0.00405644', 'PROCESSING_TIME_SERVICE1': '0.00295957', 'PROCESSING_TIME_SERVICE2': '0.0012509', 'PROCESSING_TIME_SERVICE3': '0.0', 'PROCESSING_TIME_SERVICE4': '0.00020241', 'SLOWPOKE_DELAY_MICROS_SERVICE0': '0.0', 'SLOWPOKE_POKER_BATCH_THRESHOLD_SERVICE0': '100', 'SLOWPOKE_IS_TARGET_SERVICE_SERVICE0': 'false', 'SLOWPOKE_DELAY_MICROS_SERVICE1': '0.0', 'SLOWPOKE_POKER_BATCH_THRESHOLD_SERVICE1': '100', 'SLOWPOKE_IS_TARGET_SERVICE_SERVICE1': 'false', 'SLOWPOKE_DELAY_MICROS_SERVICE2': '0.0', 'SLOWPOKE_POKER_BATCH_THRESHOLD_SERVICE2': '100', 'SLOWPOKE_IS_TARGET_SERVICE_SERVICE2': 'false', 'SLOWPOKE_DELAY_MICROS_SERVICE3': '0.0', 'SLOWPOKE_POKER_BATCH_THRESHOLD_SERVICE3': '100', 'SLOWPOKE_IS_TARGET_SERVICE_SERVICE3': 'true', 'SLOWPOKE_DELAY_MICROS_SERVICE4': '0.0', 'SLOWPOKE_POKER_BATCH_THRESHOLD_SERVICE4': '100', 'SLOWPOKE_IS_TARGET_SERVICE_SERVICE4': 'false'}
    [exp] Executing cmd `bash run.sh synthetic dag-cross-grpc-sync 8 512 20000`:
        [run.sh] Running benchmark synthetic with request dag-cross-grpc-sync, thread 8, conn 512, duration 60
        [run.sh] Deleting all services
        configmap "config-service0" deleted
        deployment.apps "service0" deleted
        service "service0" deleted
        configmap "config-service1" deleted
        deployment.apps "service1" deleted
        service "service1" deleted
        configmap "config-service2" deleted
        deployment.apps "service2" deleted
        service "service2" deleted
        configmap "config-service3" deleted
        deployment.apps "service3" deleted
        service "service3" deleted
        configmap "config-service4" deleted
        deployment.apps "service4" deleted
        service "service4" deleted
        deployment.apps "ubuntu-client" deleted
        [run.sh] Waiting for all pods to be deleted
        [run.sh] Deploying all services
        configmap/config-service0 created
        deployment.apps/service0 created
        service/service0 created
        configmap/config-service1 created
        deployment.apps/service1 created
        service/service1 created
        configmap/config-service2 created
        deployment.apps/service2 created
        service/service2 created
        configmap/config-service3 created
        deployment.apps/service3 created
        service/service3 created
        configmap/config-service4 created
        deployment.apps/service4 created
        service/service4 created
        [run.sh] Client pod not found, deploying client
        deployment.apps/ubuntu-client created
        [run.sh] Waiting for all pods to be running
        [run.sh] All pods are running
        [run.sh] Checking heartbeat for all services
        [run.sh] Running warmup test
        [run.sh] /wrk/wrk -t8 -c512 --timeout 3s -d3s -L http://service0:80/endpoint1
        Running 3s test @ http://service0:80/endpoint1
        8 threads and 512 connections
        Thread Stats   Avg      Stdev     Max   +/- Stdev
        Latency     2.63s   437.72ms   2.87s    96.73%
        Req/Sec    92.68     81.21   260.00     57.89%
        Latency Distribution
        50%    2.69s
        75%    2.85s
        90%    2.86s
        99%    2.87s
        397 requests in 3.03s, 61.64KB read
        Requests/sec:    131.09
        Transfer/sec:     20.36KB
        [run.sh] Speed is 131.09, duration is 200
        [run.sh] Fix the request number.
        [run.sh] Running the actual test
        [run.sh] /wrk/wrk --timeout 20s -t8 -c512 -d200s -L -s /wrk/fix_req_n.lua http://service0:80/endpoint1
        [run.sh] Checking the resource usage
        NAME                        CPU(cores)   MEMORY(bytes)
        service0-6fb7cc7c7f-6x27w   125m         45Mi
        service3-6f7656c754-d5h76   24m          8Mi
        service4-6fb56c9f99-82ck7   0m           10Mi
        Running 3m test @ http://service0:80/endpoint1
        8 threads and 512 connections
        Thread Stats   Avg      Stdev     Max   +/- Stdev
        Latency     1.38s   565.13ms   4.79s    75.03%
        Req/Sec    59.67     56.71   510.00     85.23%
        Latency Distribution
        50%    1.26s
        75%    1.64s
        90%    2.10s
        99%    3.30s
        20000 requests in 3.33m, 3.03MB read
        Requests/sec:    100.00
        Transfer/sec:     15.53KB
        ------------------------------
        stop time: 54.402408
        stop time: 54.466632
        stop time: 54.675539
        stop time: 54.415265
        stop time: 54.762132
        stop time: 54.758606
        stop time: 54.649840
        stop time: 54.655299
        [run.sh] Test finished with status 0
        > STDERR
        > No resources found in default namespace.
    [exp] Times: [54.402408, 54.466632, 54.675539, 54.415265, 54.762132, 54.758606, 54.64984, 54.655299]
    [exp] Throughput: 366.3123410575045
[test.py] Running 0th slowdown exp
    [exp] Running (pre_run: False) workload synthetic/dag-cross-grpc-sync request with the following configuration: {'CLIENT_CPU_QUOTA': '2', 'SLOWPOKE_POKER_BATCH_THRESHOLD': '20000000', 'PROCESSING_TIME_SERVICE0': '0.00405644', 'PROCESSING_TIME_SERVICE1': '0.00295957', 'PROCESSING_TIME_SERVICE2': '0.0012509', 'PROCESSING_TIME_SERVICE3': '0.00114543', 'PROCESSING_TIME_SERVICE4': '0.00020241', 'SLOWPOKE_DELAY_MICROS_SERVICE0': '572.5', 'SLOWPOKE_POKER_BATCH_THRESHOLD_SERVICE0': '100', 'SLOWPOKE_IS_TARGET_SERVICE_SERVICE0': 'false', 'SLOWPOKE_DELAY_MICROS_SERVICE1': '572.5', 'SLOWPOKE_POKER_BATCH_THRESHOLD_SERVICE1': '100', 'SLOWPOKE_IS_TARGET_SERVICE_SERVICE1': 'false', 'SLOWPOKE_DELAY_MICROS_SERVICE2': '286.0', 'SLOWPOKE_POKER_BATCH_THRESHOLD_SERVICE2': '100', 'SLOWPOKE_IS_TARGET_SERVICE_SERVICE2': 'false', 'SLOWPOKE_DELAY_MICROS_SERVICE3': '0.0', 'SLOWPOKE_POKER_BATCH_THRESHOLD_SERVICE3': '100', 'SLOWPOKE_IS_TARGET_SERVICE_SERVICE3': 'true', 'SLOWPOKE_DELAY_MICROS_SERVICE4': '143.0', 'SLOWPOKE_POKER_BATCH_THRESHOLD_SERVICE4': '100', 'SLOWPOKE_IS_TARGET_SERVICE_SERVICE4': 'false'}
    [exp] Executing cmd `bash run.sh synthetic dag-cross-grpc-sync 8 512 20000`:
        [run.sh] Running benchmark synthetic with request dag-cross-grpc-sync, thread 8, conn 512, duration 60
        [run.sh] Deleting all services
        configmap "config-service0" deleted
        deployment.apps "service0" deleted
        service "service0" deleted
        configmap "config-service1" deleted
        deployment.apps "service1" deleted
        service "service1" deleted
        configmap "config-service2" deleted
        deployment.apps "service2" deleted
        service "service2" deleted
        configmap "config-service3" deleted
        deployment.apps "service3" deleted
        service "service3" deleted
        configmap "config-service4" deleted
        deployment.apps "service4" deleted
        service "service4" deleted
        deployment.apps "ubuntu-client" deleted
        [run.sh] Waiting for all pods to be deleted
        [run.sh] Deploying all services
        configmap/config-service0 created
        deployment.apps/service0 created
        service/service0 created
        configmap/config-service1 created
        deployment.apps/service1 created
        service/service1 created
        configmap/config-service2 created
        deployment.apps/service2 created
        service/service2 created
        configmap/config-service3 created
        deployment.apps/service3 created
        service/service3 created
        configmap/config-service4 created
        deployment.apps/service4 created
        service/service4 created
        [run.sh] Client pod not found, deploying client
        deployment.apps/ubuntu-client created
        [run.sh] Waiting for all pods to be running
        [run.sh] All pods are running
        [run.sh] Checking heartbeat for all services
        [run.sh] Running warmup test
        [run.sh] /wrk/wrk -t8 -c512 --timeout 3s -d3s -L http://service0:80/endpoint1
        Running 3s test @ http://service0:80/endpoint1
        8 threads and 512 connections
        Thread Stats   Avg      Stdev     Max   +/- Stdev
        Latency     2.38s   518.42ms   3.00s    81.36%
        Req/Sec    36.37     28.25    90.00     57.69%
        Latency Distribution
        50%    2.58s
        75%    2.71s
        90%    2.96s
        99%    3.00s
        296 requests in 3.02s, 45.96KB read
        Socket errors: connect 0, read 0, write 0, timeout 1
        Requests/sec:     97.85
        Transfer/sec:     15.19KB
        [run.sh] Speed is 97.85, duration is 200
        [run.sh] Fix the request number.
        [run.sh] Running the actual test
        [run.sh] /wrk/wrk --timeout 20s -t8 -c512 -d200s -L -s /wrk/fix_req_n.lua http://service0:80/endpoint1
        [run.sh] Checking the resource usage
        NAME                             CPU(cores)   MEMORY(bytes)
        service0-765fd6ffb6-z5645        1486m        54Mi
        service1-76777f6676-lpl8m        1095m        15Mi
        service2-5854b897f5-qj7zq        1009m        14Mi
        service3-6f7656c754-44zmd        469m         11Mi
        service4-9986d657c-6dcf2         496m         11Mi
        ubuntu-client-76886f6bbd-bwwcn   14m          21Mi
