FIFO created
Recovery FIFO created
Starting synthetic service with 10 processes
SLOWPOKE_DELAY_MICROS=0
SLOWPOKE_PRERUN=false
SLOWPOKE_POKER_BATCH_THRESHOLD=100
SLOWPOKE_SERV_NAME=service4
env=true
SLOWPOKE_IS_TARGET_SERVICE=%!b(bool=true)
SLOWPOKE_FIFO=/tmp/slowpoke_fifo
SLOWPOKE_FIFO_RECOVER=/tmp/slowpoke_fifo_recover
Received 0 ns, started at 38816744638760, ended at 38816744660437, accumulated -21677, sleeped 21677
Starting gRPC server
TCP JSON server listening on :5550
Neighbor service0 registered
Received 0 ns, started at 38914453289282, ended at 38914453318291, accumulated -50686, sleeped 29009
Received 0 ns, started at 38914486047342, ended at 38914486070727, accumulated -74071, sleeped 23385
Neighbor service2 registered
Received 0 ns, started at 38914579699609, ended at 38914579713465, accumulated -87927, sleeped 13856
Received 0 ns, started at 38914622293470, ended at 38914622304919, accumulated -99376, sleeped 11449
Received 0 ns, started at 38914699991103, ended at 38914700021445, accumulated -129718, sleeped 30342
Received 0 ns, started at 38914785330681, ended at 38914785344759, accumulated -143796, sleeped 14078
Received 0 ns, started at 38914877759686, ended at 38914877773635, accumulated -157745, sleeped 13949
Received 0 ns, started at 38914956146454, ended at 38914956158030, accumulated -169321, sleeped 11576
Neighbor service1 registered
Received 0 ns, started at 38915192042943, ended at 38915192060416, accumulated -186794, sleeped 17473
Received 0 ns, started at 38915427778898, ended at 38915427797697, accumulated -205593, sleeped 18799
Received 0 ns, started at 38915495359480, ended at 38915495372801, accumulated -218914, sleeped 13321
Received 0 ns, started at 38915562485118, ended at 38915562498027, accumulated -231823, sleeped 12909
Received 0 ns, started at 38915628235433, ended at 38915628248369, accumulated -244759, sleeped 12936
Received 0 ns, started at 38915701888834, ended at 38915701902652, accumulated -258577, sleeped 13818
Received 0 ns, started at 38915774356921, ended at 38915774375230, accumulated -276886, sleeped 18309
Received 0 ns, started at 38915838765627, ended at 38915838781007, accumulated -292266, sleeped 15380
Received 0 ns, started at 38915912077048, ended at 38915912102961, accumulated -318179, sleeped 25913
Received 0 ns, started at 38915981589877, ended at 38915981606040, accumulated -334342, sleeped 16163
Received 0 ns, started at 38916053383507, ended at 38916053409540, accumulated -360375, sleeped 26033
Received 0 ns, started at 38916123463520, ended at 38916123487110, accumulated -383965, sleeped 23590
Received 0 ns, started at 38916387226518, ended at 38916387249987, accumulated -407434, sleeped 23469
Received 0 ns, started at 38916555725762, ended at 38916555748399, accumulated -430071, sleeped 22637
Received 0 ns, started at 38916709564489, ended at 38916709590516, accumulated -456098, sleeped 26027
Received 0 ns, started at 38916848143640, ended at 38916848163281, accumulated -475739, sleeped 19641
Received 0 ns, started at 38916973438702, ended at 38916973458596, accumulated -495633, sleeped 19894
Received 0 ns, started at 38917157779539, ended at 38917158095000, accumulated -811094, sleeped 315461
Received 0 ns, started at 38917278843467, ended at 38917278865276, accumulated -832903, sleeped 21809
Received 0 ns, started at 38917362717930, ended at 38917362736835, accumulated -851808, sleeped 18905
Received 0 ns, started at 38917445257926, ended at 38917445277955, accumulated -871837, sleeped 20029
Received 0 ns, started at 38917578800437, ended at 38917578818235, accumulated -889635, sleeped 17798
Received 0 ns, started at 38917707340394, ended at 38917707361200, accumulated -910441, sleeped 20806
Received 0 ns, started at 38917858579175, ended at 38917858605449, accumulated -936715, sleeped 26274
Received 0 ns, started at 38918125451103, ended at 38918125477888, accumulated -963500, sleeped 26785
Received 0 ns, started at 38918309863903, ended at 38918310197252, accumulated -1296849, sleeped 333349
Received 0 ns, started at 38918526839449, ended at 38918526879416, accumulated -1336816, sleeped 39967
Received 0 ns, started at 38918679607143, ended at 38918679638872, accumulated -1368545, sleeped 31729
Received 0 ns, started at 38918754540415, ended at 38918754575059, accumulated -1403189, sleeped 34644
Received 0 ns, started at 38918873611991, ended at 38918873639321, accumulated -1430519, sleeped 27330
Received 0 ns, started at 38919528970939, ended at 38919529023054, accumulated -1482634, sleeped 52115
Received 0 ns, started at 38920165018745, ended at 38920165050974, accumulated -1514863, sleeped 32229
Received 0 ns, started at 38920232628408, ended at 38920232658888, accumulated -1545343, sleeped 30480
Received 0 ns, started at 38920492941872, ended at 38920492978016, accumulated -1581487, sleeped 36144
Received 0 ns, started at 38920558638031, ended at 38920558659643, accumulated -1603099, sleeped 21612
Received 0 ns, started at 38920644335425, ended at 38920644359297, accumulated -1626971, sleeped 23872
Received 0 ns, started at 38920718047168, ended at 38920718075781, accumulated -1655584, sleeped 28613
Received 0 ns, started at 38920787750981, ended at 38920787783473, accumulated -1688076, sleeped 32492
Received 0 ns, started at 38920861995873, ended at 38920862041241, accumulated -1733444, sleeped 45368
Received 0 ns, started at 38920934737007, ended at 38920934763854, accumulated -1760291, sleeped 26847
Received 0 ns, started at 38921001483853, ended at 38921001510732, accumulated -1787170, sleeped 26879
Received 0 ns, started at 38921105744569, ended at 38921105773497, accumulated -1816098, sleeped 28928
Received 0 ns, started at 38921203188805, ended at 38921203216355, accumulated -1843648, sleeped 27550
Received 0 ns, started at 38921285140845, ended at 38921285170650, accumulated -1873453, sleeped 29805
Received 0 ns, started at 38921658040623, ended at 38921658074836, accumulated -1907666, sleeped 34213
Received 0 ns, started at 38921761851783, ended at 38921761886335, accumulated -1942218, sleeped 34552
Received 0 ns, started at 38921824832274, ended at 38921824876657, accumulated -1986601, sleeped 44383
Received 0 ns, started at 38922001748367, ended at 38922001779086, accumulated -2017320, sleeped 30719
Received 0 ns, started at 38922133436773, ended at 38922133481549, accumulated -2062096, sleeped 44776
Received 0 ns, started at 38922229940807, ended at 38922229968652, accumulated -2089941, sleeped 27845
Received 0 ns, started at 38922309934235, ended at 38922310031310, accumulated -2187016, sleeped 97075
Received 0 ns, started at 38922408345471, ended at 38922408375982, accumulated -2217527, sleeped 30511
Received 0 ns, started at 38922477052005, ended at 38922477080429, accumulated -2245951, sleeped 28424
Received 0 ns, started at 38922712736291, ended at 38922712766478, accumulated -2276138, sleeped 30187
Received 0 ns, started at 38922789960048, ended at 38922789990474, accumulated -2306564, sleeped 30426
Received 0 ns, started at 38922855041404, ended at 38922855067506, accumulated -2332666, sleeped 26102
Received 0 ns, started at 38923040745192, ended at 38923040781443, accumulated -2368917, sleeped 36251
Received 0 ns, started at 38923118302031, ended at 38923118335478, accumulated -2402364, sleeped 33447
Received 0 ns, started at 38923433239180, ended at 38923433287000, accumulated -2450184, sleeped 47820
Received 0 ns, started at 38923583187556, ended at 38923583220932, accumulated -2483560, sleeped 33376
Received 0 ns, started at 38923784688296, ended at 38923784725672, accumulated -2520936, sleeped 37376
Received 0 ns, started at 38923859719668, ended at 38923859759099, accumulated -2560367, sleeped 39431
Received 0 ns, started at 38924026601453, ended at 38924026642200, accumulated -2601114, sleeped 40747
Received 0 ns, started at 38924148698336, ended at 38924148743789, accumulated -2646567, sleeped 45453
