[run.sh] Running benchmark social with request mix, thread 8, conn 1024, duration 60
[run.sh] Deleting all services
service "composepost" deleted
deployment.apps "composepost" deleted
service "hometimeline" deleted
deployment.apps "hometimeline" deleted
service "poststorage" deleted
deployment.apps "poststorage" deleted
service "socialgraph" deleted
deployment.apps "socialgraph" deleted
service "usertimeline" deleted
deployment.apps "usertimeline" deleted
deployment.apps "ubuntu-client" deleted
[run.sh] Waiting for all pods to be deleted
[run.sh] Deploying all services
service/composepost created
deployment.apps/composepost created
service/hometimeline created
deployment.apps/hometimeline created
service/poststorage created
deployment.apps/poststorage created
service/socialgraph created
deployment.apps/socialgraph created
service/usertimeline created
deployment.apps/usertimeline created
[run.sh] Client pod not found, deploying client
deployment.apps/ubuntu-client created
[run.sh] Waiting for all pods to be running
[run.sh] All pods are running
[run.sh] Checking heartbeat for all services
[run.sh] All pods can connect to all services
[run.sh] Populating social benchmark
Parsing social graph file: ./data/socfb-Reed98.mtx... DONE!
Analyzing social graph in: ./data/analysis.txt... DONE!
Populating social graph... 
DONE!
[run.sh] Copying social/analysis.txt to ubuntu-client-76886f6bbd-nnw4w:/analysis.txt
[run.sh] Finished populating social
[run.sh] Starting the rust proxy first for social
[2m2025-04-15T23:01:27.532194Z[0m [32m INFO[0m [2mproxy::social[0m[2m:[0m Reading social graph from /analysis.txt
[run.sh] Running warmup test
[run.sh] /wrk/wrk -t8 -c1024 --timeout 3s -d3s -L http://localhost:3000
Running 3s test @ http://localhost:3000
  8 threads and 1024 connections
  Thread Stats   Avg      Stdev     Max   +/- Stdev
    Latency   273.49ms  254.58ms 985.93ms   45.29%
    Req/Sec   378.58    143.40     0.89k    71.25%
  Latency Distribution
     50%  248.73ms
     75%  515.53ms
     90%  580.61ms
     99%  774.90ms
  9046 requests in 3.03s, 689.05KB read
Requests/sec:   2986.79
Transfer/sec:    227.51KB
[run.sh] Speed is 2986.79, duration is 10
[run.sh] Fix the request number.
[run.sh] Running the actual test
[run.sh] /wrk/wrk --timeout 20s -t8 -c1024 -d10s -s /wrk/fix_req_n.lua -L http://localhost:3000
Running 10s test @ http://localhost:3000
  8 threads and 1024 connections
  Thread Stats   Avg      Stdev     Max   +/- Stdev
    Latency   301.03ms  276.07ms   1.12s    50.13%
    Req/Sec   402.06    136.11     1.16k    68.56%
  Latency Distribution
     50%  412.30ms
     75%  532.89ms
     90%  609.36ms
     99%  888.65ms
  20000 requests in 10.00s, 1.49MB read
Requests/sec:   1999.97
Transfer/sec:    152.34KB
------------------------------
stop time: 5.916677
stop time: 6.328811
stop time: 6.329465
stop time: 6.229477
stop time: 6.431835
stop time: 6.431502
stop time: 6.211590
stop time: 6.101198
[run.sh] Checking the resource usage
[run.sh] Test finished with status 0
