[run.sh] Running benchmark social with request mix, thread 8, conn 1024, duration 60
[run.sh] Deleting all services
service "composepost" deleted
deployment.apps "composepost" deleted
service "hometimeline" deleted
deployment.apps "hometimeline" deleted
service "poststorage" deleted
deployment.apps "poststorage" deleted
service "socialgraph" deleted
deployment.apps "socialgraph" deleted
service "usertimeline" deleted
deployment.apps "usertimeline" deleted
deployment.apps "ubuntu-client" deleted
[run.sh] Waiting for all pods to be deleted
[run.sh] Deploying all services
service/composepost created
deployment.apps/composepost created
service/hometimeline created
deployment.apps/hometimeline created
service/poststorage created
deployment.apps/poststorage created
service/socialgraph created
deployment.apps/socialgraph created
service/usertimeline created
deployment.apps/usertimeline created
[run.sh] Client pod not found, deploying client
deployment.apps/ubuntu-client created
[run.sh] Waiting for all pods to be running
[run.sh] All pods are running
[run.sh] Checking heartbeat for all services
[run.sh] All pods can connect to all services
[run.sh] Populating social benchmark
Parsing social graph file: ./data/socfb-Reed98.mtx... DONE!
Analyzing social graph in: ./data/analysis.txt... DONE!
Populating social graph... 
DONE!
[run.sh] Copying social/analysis.txt to ubuntu-client-76886f6bbd-n984g:/analysis.txt
[run.sh] Finished populating social
[run.sh] Starting the rust proxy first for social
[2m2025-04-15T23:50:38.638118Z[0m [32m INFO[0m [2mproxy::social[0m[2m:[0m Reading social graph from /analysis.txt
[run.sh] Running warmup test
[run.sh] /wrk/wrk -t8 -c1024 --timeout 3s -d3s -L http://localhost:3000
Running 3s test @ http://localhost:3000
  8 threads and 1024 connections
  Thread Stats   Avg      Stdev     Max   +/- Stdev
    Latency   276.21ms  255.80ms   1.33s    49.92%
    Req/Sec   380.28    145.51   810.00     66.25%
  Latency Distribution
     50%  269.56ms
     75%  493.26ms
     90%  580.57ms
     99%  878.23ms
  9088 requests in 3.03s, 692.25KB read
Requests/sec:   2998.00
Transfer/sec:    228.36KB
[run.sh] Speed is 2998.00, duration is 10
[run.sh] Fix the request number.
[run.sh] Running the actual test
[run.sh] /wrk/wrk --timeout 20s -t8 -c1024 -d10s -s /wrk/fix_req_n.lua -L http://localhost:3000
Running 10s test @ http://localhost:3000
  8 threads and 1024 connections
  Thread Stats   Avg      Stdev     Max   +/- Stdev
    Latency   287.04ms  263.63ms   1.19s    46.69%
    Req/Sec   404.89    169.56     1.05k    70.06%
  Latency Distribution
     50%  297.64ms
     75%  523.24ms
     90%  599.46ms
     99%  784.89ms
  20000 requests in 10.00s, 1.49MB read
Requests/sec:   1999.97
Transfer/sec:    152.34KB
------------------------------
stop time: 5.624242
stop time: 6.043587
stop time: 5.980162
stop time: 6.189338
stop time: 6.429264
stop time: 6.333852
stop time: 6.471410
stop time: 6.550515
[run.sh] Checking the resource usage
NAME                             CPU(cores)   MEMORY(bytes)   
composepost-7b4b6d79dd-bzvcz     58m          13Mi            
hometimeline-79bbcdf9d-lwwzc     0m           65Mi            
poststorage-6f7cf87dc5-jlxtl     189m         33Mi            
socialgraph-7885949c4-66pdf      18m          11Mi            
ubuntu-client-76886f6bbd-n984g   204m         69Mi            
usertimeline-647cdc4d75-cdxr6    131m         17Mi            
[run.sh] Test finished with status 0
