[run.sh] Running benchmark social with request mix, thread 8, conn 1024, duration 60
[run.sh] Deleting all services
service "composepost" deleted
deployment.apps "composepost" deleted
service "hometimeline" deleted
deployment.apps "hometimeline" deleted
service "poststorage" deleted
deployment.apps "poststorage" deleted
service "socialgraph" deleted
deployment.apps "socialgraph" deleted
service "usertimeline" deleted
deployment.apps "usertimeline" deleted
deployment.apps "ubuntu-client" deleted
[run.sh] Waiting for all pods to be deleted
[run.sh] Deploying all services
service/composepost created
deployment.apps/composepost created
service/hometimeline created
deployment.apps/hometimeline created
service/poststorage created
deployment.apps/poststorage created
service/socialgraph created
deployment.apps/socialgraph created
service/usertimeline created
deployment.apps/usertimeline created
[run.sh] Client pod not found, deploying client
deployment.apps/ubuntu-client created
[run.sh] Waiting for all pods to be running
[run.sh] All pods are running
[run.sh] Checking heartbeat for all services
[run.sh] All pods can connect to all services
[run.sh] Populating social benchmark
Parsing social graph file: ./data/socfb-Reed98.mtx... DONE!
Analyzing social graph in: ./data/analysis.txt... DONE!
Populating social graph... 
DONE!
[run.sh] Copying social/analysis.txt to ubuntu-client-76886f6bbd-88jgg:/analysis.txt
[run.sh] Finished populating social
[run.sh] Starting the rust proxy first for social
[2m2025-04-16T02:35:32.716203Z[0m [32m INFO[0m [2mproxy::social[0m[2m:[0m Reading social graph from /analysis.txt
[run.sh] Running warmup test
[run.sh] /wrk/wrk -t8 -c1024 --timeout 3s -d3s -L http://localhost:3000
Running 3s test @ http://localhost:3000
  8 threads and 1024 connections
  Thread Stats   Avg      Stdev     Max   +/- Stdev
    Latency   260.60ms  257.46ms   1.34s    75.16%
    Req/Sec   375.58    147.33     0.91k    70.83%
  Latency Distribution
     50%  236.42ms
     75%  502.88ms
     90%  601.64ms
     99%  866.35ms
  8978 requests in 3.03s, 683.87KB read
Requests/sec:   2959.31
Transfer/sec:    225.42KB
[run.sh] Speed is 2959.31, duration is 10
[run.sh] Fix the request number.
[run.sh] Running the actual test
[run.sh] /wrk/wrk --timeout 20s -t8 -c1024 -d10s -s /wrk/fix_req_n.lua -L http://localhost:3000
Running 10s test @ http://localhost:3000
  8 threads and 1024 connections
  Thread Stats   Avg      Stdev     Max   +/- Stdev
    Latency   301.74ms  279.96ms   1.38s    49.61%
    Req/Sec   398.12    137.90     1.31k    70.14%
  Latency Distribution
     50%  358.47ms
     75%  541.86ms
     90%  625.96ms
     99%  890.60ms
  20001 requests in 10.00s, 1.49MB read
Requests/sec:   2000.07
Transfer/sec:    152.35KB
------------------------------
stop time: 5.994316
stop time: 6.278770
stop time: 6.330320
stop time: 6.343717
stop time: 6.235293
stop time: 6.381572
stop time: 6.491591
stop time: 6.442291
[run.sh] Checking the resource usage
NAME                             CPU(cores)   MEMORY(bytes)   
composepost-7b4b6d79dd-xn4rw     0m           14Mi            
hometimeline-79bbcdf9d-l5kms     344m         78Mi            
poststorage-6f7cf87dc5-gp52k     0m           42Mi            
socialgraph-7885949c4-gm6bk      0m           11Mi            
ubuntu-client-76886f6bbd-88jgg   2m           71Mi            
usertimeline-647cdc4d75-zwv7f    40m          15Mi            
[run.sh] Test finished with status 0
