SLOWPOKE_POKER_BATCH_THRESHOLD_SOCIALGRAPH=100
SLOWPOKE_IS_TARGET_SERVICE_POSTSTORAGE=false
SLOWPOKE_POKER_BATCH_THRESHOLD_HOMETIMELINE=100
SLOWPOKE_IS_TARGET_SERVICE_USERTIMELINE=false
SLOWPOKE_PROCESSING_MICROS_USERTIMELINE=0
SLOWPOKE_IS_TARGET_SERVICE_SOCIALGRAPH=false
SLOWPOKE_DELAY_MICROS_SOCIALGRAPH=0.0
SLOWPOKE_IS_TARGET_SERVICE_HOMETIMELINE=true
SLOWPOKE_POKER_BATCH_THRESHOLD_POSTSTORAGE=100
SLOWPOKE_PROCESSING_MICROS_SOCIALGRAPH=0
SLOWPOKE_DELAY_MICROS_COMPOSEPOST=0.0
SLOWPOKE_PROCESSING_MICROS_HOMETIMELINE=1000
SLOWPOKE_DELAY_MICROS_USERTIMELINE=0.0
SLOWPOKE_IS_TARGET_SERVICE_COMPOSEPOST=false
SLOWPOKE_DELAY_MICROS_HOMETIMELINE=0.0
SLOWPOKE_PROCESSING_MICROS_POSTSTORAGE=0
SLOWPOKE_POKER_BATCH_THRESHOLD_COMPOSEPOST=100
SLOWPOKE_PROCESSING_MICROS_COMPOSEPOST=0
SLOWPOKE_DELAY_MICROS_POSTSTORAGE=0.0
SLOWPOKE_POKER_BATCH_THRESHOLD_USERTIMELINE=100
[run.sh] Running benchmark social with request mix, thread 8, conn 1024, duration 60
[run.sh] Deleting all services
service "composepost" deleted
deployment.apps "composepost" deleted
service "hometimeline" deleted
deployment.apps "hometimeline" deleted
service "poststorage" deleted
deployment.apps "poststorage" deleted
service "socialgraph" deleted
deployment.apps "socialgraph" deleted
service "usertimeline" deleted
deployment.apps "usertimeline" deleted
deployment.apps "ubuntu-client" deleted
[run.sh] Waiting for all pods to be deleted
[run.sh] Deploying all services
service/composepost created
deployment.apps/composepost created
service/hometimeline created
deployment.apps/hometimeline created
service/poststorage created
deployment.apps/poststorage created
service/socialgraph created
deployment.apps/socialgraph created
service/usertimeline created
deployment.apps/usertimeline created
[run.sh] Client pod not found, deploying client
deployment.apps/ubuntu-client created
[run.sh] Waiting for all pods to be running
[run.sh] All pods are running
[run.sh] Checking heartbeat for all services
[run.sh] All pods can connect to all services
[run.sh] Populating social benchmark
Parsing social graph file: ./data/socfb-Reed98.mtx... DONE!
Analyzing social graph in: ./data/analysis.txt... DONE!
Populating social graph... 
DONE!
[run.sh] Copying social/analysis.txt to ubuntu-client-76886f6bbd-frj6n:/analysis.txt
[run.sh] Finished populating social
[run.sh] Starting the rust proxy first for social
[2m2025-04-15T20:40:29.683526Z[0m [32m INFO[0m [2mproxy::social[0m[2m:[0m Reading social graph from /analysis.txt
[run.sh] Running warmup test
[run.sh] /wrk/wrk -t8 -c1024 --timeout 3s -d3s -L http://localhost:3000
Running 3s test @ http://localhost:3000
  8 threads and 1024 connections
  Thread Stats   Avg      Stdev     Max   +/- Stdev
    Latency   245.31ms  260.33ms   1.08s    80.47%
    Req/Sec   379.03    167.92     0.90k    70.42%
  Latency Distribution
     50%  154.35ms
     75%  466.40ms
     90%  610.42ms
     99%  882.01ms
  9063 requests in 3.03s, 690.35KB read
Requests/sec:   2993.29
Transfer/sec:    228.00KB
[run.sh] Speed is 2993.29, duration is 10
[run.sh] Fix the request number.
[run.sh] Running the actual test
[run.sh] /wrk/wrk --timeout 20s -t8 -c1024 -d10s -s /wrk/fix_req_n.lua -L http://localhost:3000
Running 10s test @ http://localhost:3000
  8 threads and 1024 connections
  Thread Stats   Avg      Stdev     Max   +/- Stdev
    Latency   287.16ms  268.94ms   1.21s    47.00%
    Req/Sec   407.17    185.68     1.77k    76.49%
  Latency Distribution
     50%  290.09ms
     75%  528.53ms
     90%  609.84ms
     99%  820.40ms
  20001 requests in 10.00s, 1.49MB read
Requests/sec:   2000.07
Transfer/sec:    152.35KB
------------------------------
stop time: 5.685266
stop time: 5.981634
stop time: 6.211185
stop time: 6.244360
stop time: 6.026762
stop time: 6.294820
stop time: 6.461613
stop time: 6.460113
[run.sh] Checking the resource usage
NAME                             CPU(cores)   MEMORY(bytes)   
composepost-7db6769456-g47dn     1m           13Mi            
hometimeline-79bbcdf9d-wsjvx     444m         93Mi            
poststorage-846449c5c5-bsqjj     505m         24Mi            
socialgraph-8fdd4b78-96nbv       13m          13Mi            
ubuntu-client-76886f6bbd-frj6n   963m         99Mi            
usertimeline-57d9cfd884-djmmm    91m          13Mi            
[run.sh] Test finished with status 0
NAME                             READY   STATUS    RESTARTS   AGE   IP            NODE            NOMINATED NODE   READINESS GATES
composepost-7db6769456-g47dn     1/1     Running   0          61s   10.35.0.1     worker-4cpu-1   <none>           <none>
hometimeline-79bbcdf9d-wsjvx     1/1     Running   0          61s   10.37.0.1     worker-4cpu     <none>           <none>
poststorage-846449c5c5-bsqjj     1/1     Running   0          61s   10.34.128.1   worker-4cpu-3   <none>           <none>
socialgraph-8fdd4b78-96nbv       1/1     Running   0          60s   10.46.128.1   worker-4cpu-4   <none>           <none>
ubuntu-client-76886f6bbd-frj6n   1/1     Running   0          60s   10.44.0.2     worker0         <none>           <none>
usertimeline-57d9cfd884-djmmm    1/1     Running   0          60s   10.33.0.1     worker-4cpu-2   <none>           <none>
