SLOWPOKE_POKER_BATCH_THRESHOLD_SOCIALGRAPH=100
SLOWPOKE_IS_TARGET_SERVICE_POSTSTORAGE=false
SLOWPOKE_POKER_BATCH_THRESHOLD_HOMETIMELINE=100
SLOWPOKE_IS_TARGET_SERVICE_USERTIMELINE=false
SLOWPOKE_PROCESSING_MICROS_USERTIMELINE=0
SLOWPOKE_IS_TARGET_SERVICE_SOCIALGRAPH=false
SLOWPOKE_DELAY_MICROS_SOCIALGRAPH=3432.590613093061
SLOWPOKE_IS_TARGET_SERVICE_HOMETIMELINE=true
SLOWPOKE_POKER_BATCH_THRESHOLD_POSTSTORAGE=100
SLOWPOKE_PROCESSING_MICROS_SOCIALGRAPH=0
SLOWPOKE_DELAY_MICROS_COMPOSEPOST=3432.590613093061
SLOWPOKE_PROCESSING_MICROS_HOMETIMELINE=1000
SLOWPOKE_DELAY_MICROS_USERTIMELINE=851.6787392209188
SLOWPOKE_IS_TARGET_SERVICE_COMPOSEPOST=false
SLOWPOKE_PROCESSING_MICROS_POSTSTORAGE=0
SLOWPOKE_POKER_BATCH_THRESHOLD_COMPOSEPOST=100
SLOWPOKE_PROCESSING_MICROS_COMPOSEPOST=0
SLOWPOKE_DELAY_MICROS_POSTSTORAGE=360.65963646184645
SLOWPOKE_OPT_TIME=977.9428189311029
SLOWPOKE_POKER_BATCH_THRESHOLD_USERTIMELINE=100
[run.sh] Running benchmark social with request mix, thread 8, conn 1024, duration 60
[run.sh] Deleting all services
service "composepost" deleted
deployment.apps "composepost" deleted
service "hometimeline" deleted
deployment.apps "hometimeline" deleted
service "poststorage" deleted
deployment.apps "poststorage" deleted
service "socialgraph" deleted
deployment.apps "socialgraph" deleted
service "usertimeline" deleted
deployment.apps "usertimeline" deleted
deployment.apps "ubuntu-client" deleted
[run.sh] Waiting for all pods to be deleted
[run.sh] Deploying all services
service/composepost created
deployment.apps/composepost created
service/hometimeline created
deployment.apps/hometimeline created
service/poststorage created
deployment.apps/poststorage created
service/socialgraph created
deployment.apps/socialgraph created
service/usertimeline created
deployment.apps/usertimeline created
[run.sh] Client pod not found, deploying client
deployment.apps/ubuntu-client created
[run.sh] Waiting for all pods to be running
[run.sh] All pods are running
[run.sh] Checking heartbeat for all services
[run.sh] All pods can connect to all services
[run.sh] Populating social benchmark
Parsing social graph file: ./data/socfb-Reed98.mtx... DONE!
Analyzing social graph in: ./data/analysis.txt... DONE!
Populating social graph... 
DONE!
[run.sh] Copying social/analysis.txt to ubuntu-client-76886f6bbd-2h6t6:/analysis.txt
[run.sh] Finished populating social
[run.sh] Starting the rust proxy first for social
[2m2025-04-16T01:58:08.418058Z[0m [32m INFO[0m [2mproxy::social[0m[2m:[0m Reading social graph from /analysis.txt
[run.sh] Running warmup test
[run.sh] /wrk/wrk -t8 -c1024 --timeout 3s -d3s -L http://localhost:3000
Running 3s test @ http://localhost:3000
  8 threads and 1024 connections
  Thread Stats   Avg      Stdev     Max   +/- Stdev
    Latency   415.88ms  429.91ms   1.93s    85.25%
    Req/Sec   168.05    111.90   505.00     68.20%
  Latency Distribution
     50%  304.78ms
     75%  582.88ms
     90%    1.18s 
     99%    1.69s 
  4008 requests in 3.03s, 305.30KB read
Requests/sec:   1324.05
Transfer/sec:    100.86KB
[run.sh] Speed is 1324.05, duration is 22
[run.sh] Fix the request number.
[run.sh] Running the actual test
[run.sh] /wrk/wrk --timeout 20s -t8 -c1024 -d22s -s /wrk/fix_req_n.lua -L http://localhost:3000
Running 22s test @ http://localhost:3000
  8 threads and 1024 connections
  Thread Stats   Avg      Stdev     Max   +/- Stdev
    Latency   646.88ms  562.22ms   2.21s    49.93%
    Req/Sec   186.20     96.97     0.99k    72.47%
  Latency Distribution
     50%  835.14ms
     75%    1.17s 
     90%    1.26s 
     99%    1.65s 
  20000 requests in 22.00s, 1.49MB read
Requests/sec:    909.09
Transfer/sec:     69.25KB
------------------------------
stop time: 12.865162
stop time: 12.908831
stop time: 13.436669
stop time: 13.021703
stop time: 13.656742
stop time: 14.102073
stop time: 14.079704
stop time: 13.998886
[run.sh] Checking the resource usage
NAME                             CPU(cores)   MEMORY(bytes)   
composepost-5795679c6c-wd7ln     16m          19Mi            
hometimeline-7b9d96d685-fvtjk    142m         89Mi            
poststorage-769486ccb5-xqlv6     73m          34Mi            
socialgraph-7476c944d9-28262     4m           10Mi            
ubuntu-client-76886f6bbd-2h6t6   1m           61Mi            
usertimeline-7654fc9797-qqw5c    15m          17Mi            
[run.sh] Test finished with status 0
