SLOWPOKE_POKER_BATCH_THRESHOLD_SOCIALGRAPH=100
SLOWPOKE_IS_TARGET_SERVICE_POSTSTORAGE=false
SLOWPOKE_POKER_BATCH_THRESHOLD_HOMETIMELINE=100
SLOWPOKE_IS_TARGET_SERVICE_USERTIMELINE=false
SLOWPOKE_PROCESSING_MICROS_USERTIMELINE=0
SLOWPOKE_IS_TARGET_SERVICE_SOCIALGRAPH=false
SLOWPOKE_DELAY_MICROS_SOCIALGRAPH=3406.8824470117906
SLOWPOKE_IS_TARGET_SERVICE_HOMETIMELINE=true
SLOWPOKE_POKER_BATCH_THRESHOLD_POSTSTORAGE=100
SLOWPOKE_PROCESSING_MICROS_SOCIALGRAPH=0
SLOWPOKE_DELAY_MICROS_COMPOSEPOST=3406.8824470117906
SLOWPOKE_PROCESSING_MICROS_HOMETIMELINE=1000
SLOWPOKE_DELAY_MICROS_USERTIMELINE=845.3001462153144
SLOWPOKE_IS_TARGET_SERVICE_COMPOSEPOST=false
SLOWPOKE_PROCESSING_MICROS_POSTSTORAGE=0
SLOWPOKE_POKER_BATCH_THRESHOLD_COMPOSEPOST=100
SLOWPOKE_PROCESSING_MICROS_COMPOSEPOST=0
SLOWPOKE_DELAY_MICROS_POSTSTORAGE=357.9584993680125
SLOWPOKE_OPT_TIME=970.6185792413565
SLOWPOKE_POKER_BATCH_THRESHOLD_USERTIMELINE=100
[run.sh] Running benchmark social with request mix, thread 8, conn 1024, duration 60
[run.sh] Deleting all services
service "composepost" deleted
deployment.apps "composepost" deleted
service "hometimeline" deleted
deployment.apps "hometimeline" deleted
service "poststorage" deleted
deployment.apps "poststorage" deleted
service "socialgraph" deleted
deployment.apps "socialgraph" deleted
service "usertimeline" deleted
deployment.apps "usertimeline" deleted
deployment.apps "ubuntu-client" deleted
[run.sh] Waiting for all pods to be deleted
[run.sh] Deploying all services
service/composepost created
deployment.apps/composepost created
service/hometimeline created
deployment.apps/hometimeline created
service/poststorage created
deployment.apps/poststorage created
service/socialgraph created
deployment.apps/socialgraph created
service/usertimeline created
deployment.apps/usertimeline created
[run.sh] Client pod not found, deploying client
deployment.apps/ubuntu-client created
[run.sh] Waiting for all pods to be running
[run.sh] All pods are running
[run.sh] Checking heartbeat for all services
[run.sh] All pods can connect to all services
[run.sh] Populating social benchmark
Parsing social graph file: ./data/socfb-Reed98.mtx... DONE!
Analyzing social graph in: ./data/analysis.txt... DONE!
Populating social graph... 
DONE!
[run.sh] Copying social/analysis.txt to ubuntu-client-76886f6bbd-jvzrh:/analysis.txt
[run.sh] Finished populating social
[run.sh] Starting the rust proxy first for social
[2m2025-04-15T22:46:15.721073Z[0m [32m INFO[0m [2mproxy::social[0m[2m:[0m Reading social graph from /analysis.txt
[run.sh] Running warmup test
[run.sh] /wrk/wrk -t8 -c1024 --timeout 3s -d3s -L http://localhost:3000
Running 3s test @ http://localhost:3000
  8 threads and 1024 connections
  Thread Stats   Avg      Stdev     Max   +/- Stdev
    Latency   463.87ms  490.57ms   1.96s    81.19%
    Req/Sec   158.41     97.21   460.00     65.83%
  Latency Distribution
     50%  326.47ms
     75%  719.93ms
     90%    1.29s 
     99%    1.80s 
  3791 requests in 3.03s, 288.77KB read
Requests/sec:   1250.23
Transfer/sec:     95.23KB
[run.sh] Speed is 1250.23, duration is 23
[run.sh] Fix the request number.
[run.sh] Running the actual test
[run.sh] /wrk/wrk --timeout 20s -t8 -c1024 -d23s -s /wrk/fix_req_n.lua -L http://localhost:3000
Running 23s test @ http://localhost:3000
  8 threads and 1024 connections
  Thread Stats   Avg      Stdev     Max   +/- Stdev
    Latency   673.71ms  570.11ms   2.34s    49.04%
    Req/Sec   184.75     95.84   838.00     71.22%
  Latency Distribution
     50%    1.02s 
     75%    1.19s 
     90%    1.30s 
     99%    1.51s 
  20000 requests in 23.00s, 1.49MB read
Requests/sec:    869.56
Transfer/sec:     66.24KB
------------------------------
stop time: 13.231555
stop time: 13.800561
stop time: 13.783511
stop time: 13.856450
stop time: 13.843036
stop time: 13.768838
stop time: 13.768231
stop time: 13.694946
[run.sh] Checking the resource usage
NAME                             CPU(cores)   MEMORY(bytes)   
composepost-784896c776-fplp4     67m          9Mi             
hometimeline-7b9d96d685-9t42v    159m         14Mi            
poststorage-8464c58fc5-ts82l     31m          12Mi            
socialgraph-78bd5f8648-kzc5v     47m          9Mi             
ubuntu-client-76886f6bbd-jvzrh   6m           1Mi             
usertimeline-54786ff678-rdvmk    14m          7Mi             
[run.sh] Test finished with status 0
