SLOWPOKE_POKER_BATCH_THRESHOLD_SOCIALGRAPH=100
SLOWPOKE_IS_TARGET_SERVICE_POSTSTORAGE=false
SLOWPOKE_IS_TARGET_SERVICE_USERTIMELINE=false
SLOWPOKE_PROCESSING_MICROS_USERTIMELINE=0
SLOWPOKE_IS_TARGET_SERVICE_SOCIALGRAPH=false
SLOWPOKE_DELAY_MICROS_SOCIALGRAPH=3519.687875985519
SLOWPOKE_IS_TARGET_SERVICE_HOMETIMELINE=true
SLOWPOKE_POKER_BATCH_THRESHOLD_POSTSTORAGE=100
SLOWPOKE_PROCESSING_MICROS_SOCIALGRAPH=0
SLOWPOKE_DELAY_MICROS_COMPOSEPOST=3519.687875985519
SLOWPOKE_PROCESSING_MICROS_HOMETIMELINE=1000
SLOWPOKE_DELAY_MICROS_USERTIMELINE=873.2889151524435
SLOWPOKE_IS_TARGET_SERVICE_COMPOSEPOST=false
SLOWPOKE_PROCESSING_MICROS_POSTSTORAGE=0
SLOWPOKE_POKER_BATCH_THRESHOLD_COMPOSEPOST=100
SLOWPOKE_PROCESSING_MICROS_COMPOSEPOST=0
SLOWPOKE_DELAY_MICROS_POSTSTORAGE=369.8108783989996
SLOWPOKE_OPT_TIME=1002.7567721212511
SLOWPOKE_POKER_BATCH_THRESHOLD_USERTIMELINE=100
[run.sh] Running benchmark social with request mix, thread 8, conn 1024, duration 60
[run.sh] Deleting all services
service "composepost" deleted
deployment.apps "composepost" deleted
service "hometimeline" deleted
deployment.apps "hometimeline" deleted
service "poststorage" deleted
deployment.apps "poststorage" deleted
service "socialgraph" deleted
deployment.apps "socialgraph" deleted
service "usertimeline" deleted
deployment.apps "usertimeline" deleted
deployment.apps "ubuntu-client" deleted
[run.sh] Waiting for all pods to be deleted
[run.sh] Deploying all services
service/composepost created
deployment.apps/composepost created
service/hometimeline created
deployment.apps/hometimeline created
service/poststorage created
deployment.apps/poststorage created
service/socialgraph created
deployment.apps/socialgraph created
service/usertimeline created
deployment.apps/usertimeline created
[run.sh] Client pod not found, deploying client
deployment.apps/ubuntu-client created
[run.sh] Waiting for all pods to be running
[run.sh] All pods are running
[run.sh] Checking heartbeat for all services
[run.sh] All pods can connect to all services
[run.sh] Populating social benchmark
Parsing social graph file: ./data/socfb-Reed98.mtx... DONE!
Analyzing social graph in: ./data/analysis.txt... DONE!
Populating social graph... 
DONE!
[run.sh] Copying social/analysis.txt to ubuntu-client-76886f6bbd-w67dt:/analysis.txt
[run.sh] Finished populating social
[run.sh] Starting the rust proxy first for social
[2m2025-04-15T20:57:21.439307Z[0m [32m INFO[0m [2mproxy::social[0m[2m:[0m Reading social graph from /analysis.txt
[run.sh] Running warmup test
[run.sh] /wrk/wrk -t8 -c1024 --timeout 3s -d3s -L http://localhost:3000
Running 3s test @ http://localhost:3000
  8 threads and 1024 connections
  Thread Stats   Avg      Stdev     Max   +/- Stdev
    Latency   346.06ms  405.07ms   1.77s    83.27%
    Req/Sec   173.72    120.21   707.00     67.36%
  Latency Distribution
     50%  206.52ms
     75%  517.59ms
     90%    1.04s 
     99%    1.41s 
  4145 requests in 3.03s, 315.73KB read
Requests/sec:   1368.56
Transfer/sec:    104.25KB
[run.sh] Speed is 1368.56, duration is 21
[run.sh] Fix the request number.
[run.sh] Running the actual test
[run.sh] /wrk/wrk --timeout 20s -t8 -c1024 -d21s -s /wrk/fix_req_n.lua -L http://localhost:3000
Running 21s test @ http://localhost:3000
  8 threads and 1024 connections
  Thread Stats   Avg      Stdev     Max   +/- Stdev
    Latency   639.86ms  590.13ms   2.44s    46.07%
    Req/Sec   190.76    102.85     0.92k    70.53%
  Latency Distribution
     50%  853.22ms
     75%    1.17s 
     90%    1.33s 
     99%    1.71s 
  20000 requests in 21.00s, 1.49MB read
Requests/sec:    952.37
Transfer/sec:     72.54KB
------------------------------
stop time: 12.652182
stop time: 13.012631
stop time: 12.888692
stop time: 13.243572
stop time: 13.544159
stop time: 13.408496
stop time: 13.252527
stop time: 13.402518
[run.sh] Checking the resource usage
NAME                             CPU(cores)   MEMORY(bytes)   
composepost-dddb56bb6-gtqm8      133m         14Mi            
hometimeline-745d8cf68d-qr522    1925m        87Mi            
poststorage-5fbf55d466-lr8sb     387m         32Mi            
socialgraph-b5775764-96hv6       25m          11Mi            
ubuntu-client-76886f6bbd-w67dt   553m         102Mi           
usertimeline-6c6bb6577b-tlhhf    208m         15Mi            
[run.sh] Test finished with status 0
