SLOWPOKE_POKER_BATCH_THRESHOLD_SOCIALGRAPH=100
SLOWPOKE_IS_TARGET_SERVICE_POSTSTORAGE=false
SLOWPOKE_POKER_BATCH_THRESHOLD_HOMETIMELINE=100
SLOWPOKE_IS_TARGET_SERVICE_USERTIMELINE=false
SLOWPOKE_PROCESSING_MICROS_USERTIMELINE=0
SLOWPOKE_IS_TARGET_SERVICE_SOCIALGRAPH=false
SLOWPOKE_DELAY_MICROS_SOCIALGRAPH=3534.0021353608217
SLOWPOKE_IS_TARGET_SERVICE_HOMETIMELINE=true
SLOWPOKE_POKER_BATCH_THRESHOLD_POSTSTORAGE=100
SLOWPOKE_PROCESSING_MICROS_SOCIALGRAPH=0
SLOWPOKE_DELAY_MICROS_COMPOSEPOST=3534.0021353608217
SLOWPOKE_PROCESSING_MICROS_HOMETIMELINE=1000
SLOWPOKE_DELAY_MICROS_USERTIMELINE=876.840503952791
SLOWPOKE_IS_TARGET_SERVICE_COMPOSEPOST=false
SLOWPOKE_PROCESSING_MICROS_POSTSTORAGE=0
SLOWPOKE_POKER_BATCH_THRESHOLD_COMPOSEPOST=100
SLOWPOKE_PROCESSING_MICROS_COMPOSEPOST=0
SLOWPOKE_DELAY_MICROS_POSTSTORAGE=371.31486654218963
SLOWPOKE_OPT_TIME=1006.8348952481393
SLOWPOKE_POKER_BATCH_THRESHOLD_USERTIMELINE=100
[run.sh] Running benchmark social with request mix, thread 8, conn 1024, duration 60
[run.sh] Deleting all services
service "composepost" deleted
deployment.apps "composepost" deleted
service "hometimeline" deleted
deployment.apps "hometimeline" deleted
service "poststorage" deleted
deployment.apps "poststorage" deleted
service "socialgraph" deleted
deployment.apps "socialgraph" deleted
service "usertimeline" deleted
deployment.apps "usertimeline" deleted
deployment.apps "ubuntu-client" deleted
[run.sh] Waiting for all pods to be deleted
[run.sh] Deploying all services
service/composepost created
deployment.apps/composepost created
service/hometimeline created
deployment.apps/hometimeline created
service/poststorage created
deployment.apps/poststorage created
service/socialgraph created
deployment.apps/socialgraph created
service/usertimeline created
deployment.apps/usertimeline created
[run.sh] Client pod not found, deploying client
deployment.apps/ubuntu-client created
[run.sh] Waiting for all pods to be running
[run.sh] All pods are running
[run.sh] Checking heartbeat for all services
[run.sh] All pods can connect to all services
[run.sh] Populating social benchmark
Parsing social graph file: ./data/socfb-Reed98.mtx... DONE!
Analyzing social graph in: ./data/analysis.txt... DONE!
Populating social graph... 
DONE!
[run.sh] Copying social/analysis.txt to ubuntu-client-76886f6bbd-zhjpw:/analysis.txt
[run.sh] Finished populating social
[run.sh] Starting the rust proxy first for social
[2m2025-04-15T23:55:24.139172Z[0m [32m INFO[0m [2mproxy::social[0m[2m:[0m Reading social graph from /analysis.txt
[run.sh] Running warmup test
[run.sh] /wrk/wrk -t8 -c1024 --timeout 3s -d3s -L http://localhost:3000
Running 3s test @ http://localhost:3000
  8 threads and 1024 connections
  Thread Stats   Avg      Stdev     Max   +/- Stdev
    Latency   515.47ms  434.44ms   1.85s    54.28%
    Req/Sec   173.83    121.36   555.00     65.37%
  Latency Distribution
     50%  458.59ms
     75%  899.90ms
     90%    1.15s 
     99%    1.54s 
  4031 requests in 3.03s, 307.05KB read
Requests/sec:   1330.89
Transfer/sec:    101.38KB
[run.sh] Speed is 1330.89, duration is 22
[run.sh] Fix the request number.
[run.sh] Running the actual test
[run.sh] /wrk/wrk --timeout 20s -t8 -c1024 -d22s -s /wrk/fix_req_n.lua -L http://localhost:3000
Running 22s test @ http://localhost:3000
  8 threads and 1024 connections
  Thread Stats   Avg      Stdev     Max   +/- Stdev
    Latency   639.22ms  559.30ms   2.07s    47.15%
    Req/Sec   188.34    103.12   838.00     70.60%
  Latency Distribution
     50%  774.20ms
     75%    1.17s 
     90%    1.27s 
     99%    1.49s 
  20000 requests in 22.00s, 1.49MB read
Requests/sec:    909.09
Transfer/sec:     69.25KB
------------------------------
stop time: 12.852229
stop time: 13.102459
stop time: 13.137695
stop time: 13.353737
stop time: 13.686623
stop time: 13.583084
stop time: 13.616227
stop time: 13.805910
[run.sh] Checking the resource usage
NAME                            CPU(cores)   MEMORY(bytes)   
hometimeline-7b9d96d685-9td4c   70m          12Mi            
[run.sh] Test finished with status 0
