SLOWPOKE_POKER_BATCH_THRESHOLD_SOCIALGRAPH=100
SLOWPOKE_IS_TARGET_SERVICE_POSTSTORAGE=false
SLOWPOKE_POKER_BATCH_THRESHOLD_HOMETIMELINE=100
SLOWPOKE_IS_TARGET_SERVICE_USERTIMELINE=false
SLOWPOKE_PROCESSING_MICROS_USERTIMELINE=0
SLOWPOKE_IS_TARGET_SERVICE_SOCIALGRAPH=false
SLOWPOKE_DELAY_MICROS_SOCIALGRAPH=3534.0021353608217
SLOWPOKE_IS_TARGET_SERVICE_HOMETIMELINE=true
SLOWPOKE_POKER_BATCH_THRESHOLD_POSTSTORAGE=100
SLOWPOKE_PROCESSING_MICROS_SOCIALGRAPH=0
SLOWPOKE_DELAY_MICROS_COMPOSEPOST=3534.0021353608217
SLOWPOKE_PROCESSING_MICROS_HOMETIMELINE=1000
SLOWPOKE_DELAY_MICROS_USERTIMELINE=876.840503952791
SLOWPOKE_IS_TARGET_SERVICE_COMPOSEPOST=false
SLOWPOKE_PROCESSING_MICROS_POSTSTORAGE=0
SLOWPOKE_POKER_BATCH_THRESHOLD_COMPOSEPOST=100
SLOWPOKE_PROCESSING_MICROS_COMPOSEPOST=0
SLOWPOKE_DELAY_MICROS_POSTSTORAGE=371.31486654218963
SLOWPOKE_OPT_TIME=1006.8348952481393
SLOWPOKE_POKER_BATCH_THRESHOLD_USERTIMELINE=100
[run.sh] Running benchmark social with request mix, thread 8, conn 1024, duration 60
[run.sh] Deleting all services
service "composepost" deleted
deployment.apps "composepost" deleted
service "hometimeline" deleted
deployment.apps "hometimeline" deleted
service "poststorage" deleted
deployment.apps "poststorage" deleted
service "socialgraph" deleted
deployment.apps "socialgraph" deleted
service "usertimeline" deleted
deployment.apps "usertimeline" deleted
deployment.apps "ubuntu-client" deleted
[run.sh] Waiting for all pods to be deleted
[run.sh] Deploying all services
service/composepost created
deployment.apps/composepost created
service/hometimeline created
deployment.apps/hometimeline created
service/poststorage created
deployment.apps/poststorage created
service/socialgraph created
deployment.apps/socialgraph created
service/usertimeline created
deployment.apps/usertimeline created
[run.sh] Client pod not found, deploying client
deployment.apps/ubuntu-client created
[run.sh] Waiting for all pods to be running
[run.sh] All pods are running
[run.sh] Checking heartbeat for all services
[run.sh] All pods can connect to all services
[run.sh] Populating social benchmark
Parsing social graph file: ./data/socfb-Reed98.mtx... DONE!
Analyzing social graph in: ./data/analysis.txt... DONE!
Populating social graph... 
DONE!
[run.sh] Copying social/analysis.txt to ubuntu-client-76886f6bbd-gcvg2:/analysis.txt
[run.sh] Finished populating social
[run.sh] Starting the rust proxy first for social
[2m2025-04-16T03:02:57.834247Z[0m [32m INFO[0m [2mproxy::social[0m[2m:[0m Reading social graph from /analysis.txt
[run.sh] Running warmup test
[run.sh] /wrk/wrk -t8 -c1024 --timeout 3s -d3s -L http://localhost:3000
Running 3s test @ http://localhost:3000
  8 threads and 1024 connections
  Thread Stats   Avg      Stdev     Max   +/- Stdev
    Latency   349.21ms  334.16ms   1.68s    63.87%
    Req/Sec   177.19    141.05     0.89k    74.14%
  Latency Distribution
     50%  286.82ms
     75%  535.73ms
     90%  858.02ms
     99%    1.28s 
  4140 requests in 3.03s, 315.35KB read
Requests/sec:   1366.17
Transfer/sec:    104.06KB
[run.sh] Speed is 1366.17, duration is 21
[run.sh] Fix the request number.
[run.sh] Running the actual test
[run.sh] /wrk/wrk --timeout 20s -t8 -c1024 -d21s -s /wrk/fix_req_n.lua -L http://localhost:3000
Running 21s test @ http://localhost:3000
  8 threads and 1024 connections
  Thread Stats   Avg      Stdev     Max   +/- Stdev
    Latency     1.17s     1.02s    4.13s    45.75%
    Req/Sec   106.64     75.01   820.00     74.08%
  Latency Distribution
     50%    1.30s 
     75%    2.10s 
     90%    2.47s 
     99%    3.12s 
  17752 requests in 21.04s, 1.32MB read
Requests/sec:    843.73
Transfer/sec:     64.27KB
------------------------------
[run.sh] Checking the resource usage
NAME                             CPU(cores)   MEMORY(bytes)   
composepost-6dcbf8f6d9-l5ppw     55m          21Mi            
hometimeline-7b9d96d685-bfbw5    668m         66Mi            
poststorage-f48ccbbb-xcrqn       181m         30Mi            
socialgraph-9ddf7c7df-jp74d      7m           11Mi            
ubuntu-client-76886f6bbd-gcvg2   269m         81Mi            
usertimeline-f47b49bb7-6vrl9     17m          19Mi            
[run.sh] Test finished with status 1
