[config.py] Random numbers for execution time: [673.9599190922808, 749.7098841370384, 823.8400185323862, 910.5644382128783, 997.1484338343456]
benchmark                        : synthetic
num_threads                      : 8
num_conns                        : 256
target_service                   : service4
request_type                     : dag-cross-grpc-sync
repetitions                      : 5
target_num_exp                   : 10
pre_run                          : False
num_req                          : 20000
groundtruths                     : []
slowdowns                        : []
predicteds                       : []
errs                             : []
poker_batch_req                  : 100
client_cpu_quota                 : 2
random_seed                      : 1348
request_ratio                    : {'service0': 1, 'service1': 1, 'service2': 2, 'service3': 1, 'service4': 4}
baseline_service_processing_time : {'service0': 3988.59, 'service1': 3642.26, 'service2': 1647.68, 'service3': 2998.84, 'service4': 1347.92}
cpu_quota                        : {'service0': 2, 'service1': 2, 'service2': 2, 'service3': 2, 'service4': 2}
target_processing_time_range     : [0, 1347.92]
baseline_throughputs             : []
poker_batch                      : 20000000
[test.py] Starting experiment...
[test.py] >>>>>>>>>>>>>>>>>>>>>>>>>>>>> Running experiment 0...
[test.py] Actual processing time range: [0, 134, 268, 402, 536, 670, 804, 938, 1072, 1206]
[test.py] Running baseline experiment
    [exp] Running (pre_run: False) workload synthetic/dag-cross-grpc-sync request with the following configuration: {'CLIENT_CPU_QUOTA': '2', 'SLOWPOKE_POKER_BATCH_THRESHOLD': '20000000', 'PROCESSING_TIME_SERVICE0': '0.00398859', 'PROCESSING_TIME_SERVICE1': '0.00364226', 'PROCESSING_TIME_SERVICE2': '0.00164768', 'PROCESSING_TIME_SERVICE3': '0.00299884', 'PROCESSING_TIME_SERVICE4': '0.00134792', 'SLOWPOKE_DELAY_MICROS_SERVICE0': '0.0', 'SLOWPOKE_POKER_BATCH_THRESHOLD_SERVICE0': '100', 'SLOWPOKE_IS_TARGET_SERVICE_SERVICE0': 'false', 'SLOWPOKE_DELAY_MICROS_SERVICE1': '0.0', 'SLOWPOKE_POKER_BATCH_THRESHOLD_SERVICE1': '100', 'SLOWPOKE_IS_TARGET_SERVICE_SERVICE1': 'false', 'SLOWPOKE_DELAY_MICROS_SERVICE2': '0.0', 'SLOWPOKE_POKER_BATCH_THRESHOLD_SERVICE2': '100', 'SLOWPOKE_IS_TARGET_SERVICE_SERVICE2': 'false', 'SLOWPOKE_DELAY_MICROS_SERVICE3': '0.0', 'SLOWPOKE_POKER_BATCH_THRESHOLD_SERVICE3': '100', 'SLOWPOKE_IS_TARGET_SERVICE_SERVICE3': 'false', 'SLOWPOKE_DELAY_MICROS_SERVICE4': '0.0', 'SLOWPOKE_POKER_BATCH_THRESHOLD_SERVICE4': '100', 'SLOWPOKE_IS_TARGET_SERVICE_SERVICE4': 'true'}
    [exp] Executing cmd `bash run.sh synthetic dag-cross-grpc-sync 8 256 20000`:
        [run.sh] Running benchmark synthetic with request dag-cross-grpc-sync, thread 8, conn 256, duration 60
        [run.sh] Deleting all services
        configmap "config-service0" deleted
        deployment.apps "service0" deleted
        service "service0" deleted
        configmap "config-service1" deleted
        deployment.apps "service1" deleted
        service "service1" deleted
        configmap "config-service2" deleted
        deployment.apps "service2" deleted
        service "service2" deleted
        configmap "config-service3" deleted
        deployment.apps "service3" deleted
        service "service3" deleted
        configmap "config-service4" deleted
        deployment.apps "service4" deleted
        service "service4" deleted
        deployment.apps "ubuntu-client" deleted
        [run.sh] Waiting for all pods to be deleted
        [run.sh] Deploying all services
        configmap/config-service0 created
        deployment.apps/service0 created
        service/service0 created
        configmap/config-service1 created
        deployment.apps/service1 created
        service/service1 created
        configmap/config-service2 created
        deployment.apps/service2 created
        service/service2 created
        configmap/config-service3 created
        deployment.apps/service3 created
        service/service3 created
        configmap/config-service4 created
        deployment.apps/service4 created
        service/service4 created
        [run.sh] Client pod not found, deploying client
        deployment.apps/ubuntu-client created
        [run.sh] Waiting for all pods to be running
        [run.sh] All pods are running
        [run.sh] Checking heartbeat for all services
        [run.sh] Running warmup test
        [run.sh] /wrk/wrk -t8 -c256 --timeout 3s -d3s -L http://service0:80/endpoint1
        Running 3s test @ http://service0:80/endpoint1
        8 threads and 256 connections
        Thread Stats   Avg      Stdev     Max   +/- Stdev
        Latency     1.08s   561.82ms   2.33s    55.26%
        Req/Sec    42.31     27.59   120.00     61.29%
        Latency Distribution
        50%  962.31ms
        75%    1.58s
        90%    1.81s
        99%    2.14s
        599 requests in 3.03s, 93.01KB read
        Requests/sec:    197.89
        Transfer/sec:     30.73KB
        [run.sh] Speed is 197.89, duration is 151
        [run.sh] Fix the request number.
        [run.sh] Running the actual test
        [run.sh] /wrk/wrk --timeout 20s -t8 -c256 -d151s -L -s /wrk/fix_req_n.lua http://service0:80/endpoint1
        [run.sh] Checking the resource usage
        NAME                             CPU(cores)   MEMORY(bytes)
        service0-6fb7cc7c7f-xwcrg        371m         29Mi
        service1-76b89695f7-hmwrv        342m         12Mi
        service2-8f7c6f8f5-4z8rv         331m         16Mi
        service3-766854894f-57mv6        289m         12Mi
        service4-5494b8f5d6-gh4c8        157m         14Mi
        ubuntu-client-76886f6bbd-wlhd6   9m           8Mi
        Running 3m test @ http://service0:80/endpoint1
        8 threads and 256 connections
        Thread Stats   Avg      Stdev     Max   +/- Stdev
        Latency   792.84ms  340.37ms   2.89s    68.64%
        Req/Sec    41.67     24.70   170.00     70.69%
        Latency Distribution
        50%  758.69ms
        75%    1.01s
        90%    1.25s
        99%    1.70s
        20000 requests in 2.52m, 3.03MB read
        Requests/sec:    132.45
        Transfer/sec:     20.57KB
        ------------------------------
        stop time: 62.338867
        stop time: 62.453256
        stop time: 62.107256
        stop time: 62.476136
        stop time: 62.494745
        stop time: 62.085714
        stop time: 62.889561
        stop time: 62.659895
        [run.sh] Test finished with status 0
        > STDERR
        > No resources found in default namespace.
    [exp] Times: [62.338867, 62.453256, 62.107256, 62.476136, 62.494745, 62.085714, 62.889561, 62.659895]
    [exp] Throughput: 320.3168381973345
[test.py] Baseline throughput: 320.3168381973345
[test.py] Running 0th optmization experiment
[test.py] Running 0th groundtruth exp
    [exp] Running (pre_run: False) workload synthetic/dag-cross-grpc-sync request with the following configuration: {'CLIENT_CPU_QUOTA': '2', 'SLOWPOKE_POKER_BATCH_THRESHOLD': '20000000', 'PROCESSING_TIME_SERVICE0': '0.00398859', 'PROCESSING_TIME_SERVICE1': '0.00364226', 'PROCESSING_TIME_SERVICE2': '0.00164768', 'PROCESSING_TIME_SERVICE3': '0.00299884', 'PROCESSING_TIME_SERVICE4': '0.0', 'SLOWPOKE_DELAY_MICROS_SERVICE0': '0.0', 'SLOWPOKE_POKER_BATCH_THRESHOLD_SERVICE0': '100', 'SLOWPOKE_IS_TARGET_SERVICE_SERVICE0': 'false', 'SLOWPOKE_DELAY_MICROS_SERVICE1': '0.0', 'SLOWPOKE_POKER_BATCH_THRESHOLD_SERVICE1': '100', 'SLOWPOKE_IS_TARGET_SERVICE_SERVICE1': 'false', 'SLOWPOKE_DELAY_MICROS_SERVICE2': '0.0', 'SLOWPOKE_POKER_BATCH_THRESHOLD_SERVICE2': '100', 'SLOWPOKE_IS_TARGET_SERVICE_SERVICE2': 'false', 'SLOWPOKE_DELAY_MICROS_SERVICE3': '0.0', 'SLOWPOKE_POKER_BATCH_THRESHOLD_SERVICE3': '100', 'SLOWPOKE_IS_TARGET_SERVICE_SERVICE3': 'false', 'SLOWPOKE_DELAY_MICROS_SERVICE4': '0.0', 'SLOWPOKE_POKER_BATCH_THRESHOLD_SERVICE4': '100', 'SLOWPOKE_IS_TARGET_SERVICE_SERVICE4': 'true'}
    [exp] Executing cmd `bash run.sh synthetic dag-cross-grpc-sync 8 256 20000`:
        [run.sh] Running benchmark synthetic with request dag-cross-grpc-sync, thread 8, conn 256, duration 60
        [run.sh] Deleting all services
        configmap "config-service0" deleted
        deployment.apps "service0" deleted
        service "service0" deleted
        configmap "config-service1" deleted
        deployment.apps "service1" deleted
        service "service1" deleted
        configmap "config-service2" deleted
        deployment.apps "service2" deleted
        service "service2" deleted
        configmap "config-service3" deleted
        deployment.apps "service3" deleted
        service "service3" deleted
        configmap "config-service4" deleted
        deployment.apps "service4" deleted
        service "service4" deleted
        deployment.apps "ubuntu-client" deleted
        [run.sh] Waiting for all pods to be deleted
        [run.sh] Deploying all services
        configmap/config-service0 created
        deployment.apps/service0 created
        service/service0 created
        configmap/config-service1 created
        deployment.apps/service1 created
        service/service1 created
        configmap/config-service2 created
        deployment.apps/service2 created
        service/service2 created
        configmap/config-service3 created
        deployment.apps/service3 created
        service/service3 created
        configmap/config-service4 created
        deployment.apps/service4 created
        service/service4 created
        [run.sh] Client pod not found, deploying client
        deployment.apps/ubuntu-client created
        [run.sh] Waiting for all pods to be running
        [run.sh] All pods are running
        [run.sh] Checking heartbeat for all services
        [run.sh] Running warmup test
        [run.sh] /wrk/wrk -t8 -c256 --timeout 3s -d3s -L http://service0:80/endpoint1
        Running 3s test @ http://service0:80/endpoint1
        8 threads and 256 connections
        Thread Stats   Avg      Stdev     Max   +/- Stdev
        Latency   995.10ms  475.98ms   1.69s    52.83%
        Req/Sec    47.20     39.04   200.00     77.50%
        Latency Distribution
        50%  938.11ms
        75%    1.46s
        90%    1.64s
        99%    1.69s
        653 requests in 3.02s, 101.39KB read
        Requests/sec:    216.03
        Transfer/sec:     33.54KB
        [run.sh] Speed is 216.03, duration is 138
        [run.sh] Fix the request number.
        [run.sh] Running the actual test
        [run.sh] /wrk/wrk --timeout 20s -t8 -c256 -d138s -L -s /wrk/fix_req_n.lua http://service0:80/endpoint1
        [run.sh] Checking the resource usage
        Running 2m test @ http://service0:80/endpoint1
        8 threads and 256 connections
        Thread Stats   Avg      Stdev     Max   +/- Stdev
        Latency   612.91ms  207.17ms   2.21s    73.00%
        Req/Sec    54.87     34.97   292.00     69.04%
        Latency Distribution
        50%  574.75ms
        75%  712.28ms
        90%  888.34ms
        99%    1.25s
        20000 requests in 2.30m, 3.03MB read
        Requests/sec:    144.93
        Transfer/sec:     22.50KB
        ------------------------------
        stop time: 48.036466
        stop time: 48.005827
        stop time: 47.904346
        stop time: 48.391746
        stop time: 48.420478
        stop time: 48.414280
        stop time: 48.273231
        stop time: 47.854527
        [run.sh] Test finished with status 0
        > STDERR
        > No resources found in default namespace.
        > error: metrics not available yet
    [exp] Times: [48.036466, 48.005827, 47.904346, 48.391746, 48.420478, 48.41428, 48.273231, 47.854527]
    [exp] Throughput: 415.2598646531584
[test.py] Running 0th slowdown exp
    [exp] Running (pre_run: False) workload synthetic/dag-cross-grpc-sync request with the following configuration: {'CLIENT_CPU_QUOTA': '2', 'SLOWPOKE_POKER_BATCH_THRESHOLD': '20000000', 'PROCESSING_TIME_SERVICE0': '0.00398859', 'PROCESSING_TIME_SERVICE1': '0.00364226', 'PROCESSING_TIME_SERVICE2': '0.00164768', 'PROCESSING_TIME_SERVICE3': '0.00299884', 'PROCESSING_TIME_SERVICE4': '0.00134792', 'SLOWPOKE_DELAY_MICROS_SERVICE0': '2695.5', 'SLOWPOKE_POKER_BATCH_THRESHOLD_SERVICE0': '100', 'SLOWPOKE_IS_TARGET_SERVICE_SERVICE0': 'false', 'SLOWPOKE_DELAY_MICROS_SERVICE1': '2695.5', 'SLOWPOKE_POKER_BATCH_THRESHOLD_SERVICE1': '100', 'SLOWPOKE_IS_TARGET_SERVICE_SERVICE1': 'false', 'SLOWPOKE_DELAY_MICROS_SERVICE2': '1347.5', 'SLOWPOKE_POKER_BATCH_THRESHOLD_SERVICE2': '100', 'SLOWPOKE_IS_TARGET_SERVICE_SERVICE2': 'false', 'SLOWPOKE_DELAY_MICROS_SERVICE3': '2695.5', 'SLOWPOKE_POKER_BATCH_THRESHOLD_SERVICE3': '100', 'SLOWPOKE_IS_TARGET_SERVICE_SERVICE3': 'false', 'SLOWPOKE_DELAY_MICROS_SERVICE4': '0.0', 'SLOWPOKE_POKER_BATCH_THRESHOLD_SERVICE4': '100', 'SLOWPOKE_IS_TARGET_SERVICE_SERVICE4': 'true'}
    [exp] Executing cmd `bash run.sh synthetic dag-cross-grpc-sync 8 256 20000`:
        [run.sh] Running benchmark synthetic with request dag-cross-grpc-sync, thread 8, conn 256, duration 60
        [run.sh] Deleting all services
        configmap "config-service0" deleted
        deployment.apps "service0" deleted
        service "service0" deleted
        configmap "config-service1" deleted
        deployment.apps "service1" deleted
        service "service1" deleted
        configmap "config-service2" deleted
        deployment.apps "service2" deleted
        service "service2" deleted
        configmap "config-service3" deleted
        deployment.apps "service3" deleted
        service "service3" deleted
        configmap "config-service4" deleted
        deployment.apps "service4" deleted
        service "service4" deleted
        deployment.apps "ubuntu-client" deleted
        [run.sh] Waiting for all pods to be deleted
        [run.sh] Deploying all services
        configmap/config-service0 created
        deployment.apps/service0 created
        service/service0 created
        configmap/config-service1 created
        deployment.apps/service1 created
        service/service1 created
        configmap/config-service2 created
        deployment.apps/service2 created
        service/service2 created
        configmap/config-service3 created
        deployment.apps/service3 created
        service/service3 created
        configmap/config-service4 created
        deployment.apps/service4 created
        service/service4 created
        [run.sh] Client pod not found, deploying client
        deployment.apps/ubuntu-client created
        [run.sh] Waiting for all pods to be running
        [run.sh] All pods are running
        [run.sh] Checking heartbeat for all services
        [run.sh] Running warmup test
        [run.sh] /wrk/wrk -t8 -c256 --timeout 3s -d3s -L http://service0:80/endpoint1
        Running 3s test @ http://service0:80/endpoint1
        8 threads and 256 connections
        Thread Stats   Avg      Stdev     Max   +/- Stdev
        Latency     2.10s   643.99ms   3.00s    66.78%
        Req/Sec    30.81     30.45   130.00     79.41%
        Latency Distribution
        50%    2.22s
        75%    2.54s
        90%    2.98s
        99%    2.99s
        304 requests in 3.02s, 47.20KB read
        Requests/sec:    100.71
        Transfer/sec:     15.64KB
        [run.sh] Speed is 100.71, duration is 200
        [run.sh] Fix the request number.
        [run.sh] Running the actual test
        [run.sh] /wrk/wrk --timeout 20s -t8 -c256 -d200s -L -s /wrk/fix_req_n.lua http://service0:80/endpoint1
        [run.sh] Checking the resource usage
        NAME                             CPU(cores)   MEMORY(bytes)
        service0-668f54dcf4-qggw2        675m         29Mi
        service1-687f6b6476-m5dvc        689m         16Mi
        service2-64c9bcd7c7-fqkm9        686m         11Mi
        service3-868f56df88-6lnt2        557m         14Mi
        service4-5494b8f5d6-6vq4v        1101m        10Mi
        ubuntu-client-76886f6bbd-gp4hm   9m           12Mi
        Running 3m test @ http://service0:80/endpoint1
        8 threads and 256 connections
        Thread Stats   Avg      Stdev     Max   +/- Stdev
        Latency     1.45s   499.28ms   5.06s    74.71%
        Req/Sec    27.79     23.62   180.00     83.21%
        Latency Distribution
        50%    1.35s
        75%    1.67s
        90%    2.09s
        99%    3.14s
        20000 requests in 3.33m, 3.03MB read
        Requests/sec:    100.00
        Transfer/sec:     15.53KB
        ------------------------------
        stop time: 113.510760
        stop time: 113.577862
        stop time: 113.510425
        stop time: 113.348684
        stop time: 113.557020
        stop time: 112.840865
        stop time: 114.360043
        stop time: 113.927322
        [run.sh] Test finished with status 0
        > STDERR
        > No resources found in default namespace.
    [exp] Times: [113.51076, 113.577862, 113.510425, 113.348684, 113.55702, 112.840865, 114.360043, 113.927322]
    [exp] Throughput: 176.0886995582213
[test.py] Finished running 0th optmization experiment: groundtruth->415.2598646531584, slowdown->176.0886995582213, predicted->335.2199364699138, err->-19.274660278112144
[test.py] Running 1th optmization experiment
[test.py] Running 1th groundtruth exp
    [exp] Running (pre_run: False) workload synthetic/dag-cross-grpc-sync request with the following configuration: {'CLIENT_CPU_QUOTA': '2', 'SLOWPOKE_POKER_BATCH_THRESHOLD': '20000000', 'PROCESSING_TIME_SERVICE0': '0.00398859', 'PROCESSING_TIME_SERVICE1': '0.00364226', 'PROCESSING_TIME_SERVICE2': '0.00164768', 'PROCESSING_TIME_SERVICE3': '0.00299884', 'PROCESSING_TIME_SERVICE4': '0.000134', 'SLOWPOKE_DELAY_MICROS_SERVICE0': '0.0', 'SLOWPOKE_POKER_BATCH_THRESHOLD_SERVICE0': '100', 'SLOWPOKE_IS_TARGET_SERVICE_SERVICE0': 'false', 'SLOWPOKE_DELAY_MICROS_SERVICE1': '0.0', 'SLOWPOKE_POKER_BATCH_THRESHOLD_SERVICE1': '100', 'SLOWPOKE_IS_TARGET_SERVICE_SERVICE1': 'false', 'SLOWPOKE_DELAY_MICROS_SERVICE2': '0.0', 'SLOWPOKE_POKER_BATCH_THRESHOLD_SERVICE2': '100', 'SLOWPOKE_IS_TARGET_SERVICE_SERVICE2': 'false', 'SLOWPOKE_DELAY_MICROS_SERVICE3': '0.0', 'SLOWPOKE_POKER_BATCH_THRESHOLD_SERVICE3': '100', 'SLOWPOKE_IS_TARGET_SERVICE_SERVICE3': 'false', 'SLOWPOKE_DELAY_MICROS_SERVICE4': '0.0', 'SLOWPOKE_POKER_BATCH_THRESHOLD_SERVICE4': '100', 'SLOWPOKE_IS_TARGET_SERVICE_SERVICE4': 'true'}
    [exp] Executing cmd `bash run.sh synthetic dag-cross-grpc-sync 8 256 20000`:
        [run.sh] Running benchmark synthetic with request dag-cross-grpc-sync, thread 8, conn 256, duration 60
        [run.sh] Deleting all services
        configmap "config-service0" deleted
        deployment.apps "service0" deleted
        service "service0" deleted
        configmap "config-service1" deleted
        deployment.apps "service1" deleted
        service "service1" deleted
        configmap "config-service2" deleted
        deployment.apps "service2" deleted
        service "service2" deleted
        configmap "config-service3" deleted
        deployment.apps "service3" deleted
        service "service3" deleted
        configmap "config-service4" deleted
        deployment.apps "service4" deleted
        service "service4" deleted
        deployment.apps "ubuntu-client" deleted
        [run.sh] Waiting for all pods to be deleted
        [run.sh] Deploying all services
        configmap/config-service0 created
        deployment.apps/service0 created
        service/service0 created
        configmap/config-service1 created
        deployment.apps/service1 created
        service/service1 created
        configmap/config-service2 created
        deployment.apps/service2 created
        service/service2 created
        configmap/config-service3 created
        deployment.apps/service3 created
        service/service3 created
        configmap/config-service4 created
        deployment.apps/service4 created
        service/service4 created
        [run.sh] Client pod not found, deploying client
        deployment.apps/ubuntu-client created
        [run.sh] Waiting for all pods to be running
        [run.sh] All pods are running
        [run.sh] Checking heartbeat for all services
        [run.sh] Running warmup test
        [run.sh] /wrk/wrk -t8 -c256 --timeout 3s -d3s -L http://service0:80/endpoint1
        Running 3s test @ http://service0:80/endpoint1
        8 threads and 256 connections
        Thread Stats   Avg      Stdev     Max   +/- Stdev
        Latency   966.92ms  532.03ms   2.14s    46.66%
        Req/Sec    61.26     46.06   171.00     62.39%
        Latency Distribution
        50%  871.56ms
        75%    1.54s
        90%    1.71s
        99%    1.77s
        718 requests in 3.02s, 111.49KB read
        Requests/sec:    238.00
        Transfer/sec:     36.95KB
        [run.sh] Speed is 238.00, duration is 126
        [run.sh] Fix the request number.
        [run.sh] Running the actual test
        [run.sh] /wrk/wrk --timeout 20s -t8 -c256 -d126s -L -s /wrk/fix_req_n.lua http://service0:80/endpoint1
