[config.py] Random numbers for execution time: [208.27062630931454, 660.0021733848569, 752.0856981649197, 1117.0809191726898, 1350.1911040810264]
benchmark                        : synthetic
num_threads                      : 8
num_conns                        : 512
target_service                   : service3
request_type                     : dag-cross-http-async
repetitions                      : 5
target_num_exp                   : 10
pre_run                          : False
num_req                          : 20000
groundtruths                     : []
slowdowns                        : []
predicteds                       : []
errs                             : []
poker_batch_req                  : 100
client_cpu_quota                 : 2
random_seed                      : 23541
request_ratio                    : {'service0': 1, 'service1': 1, 'service2': 2, 'service3': 1, 'service4': 4}
baseline_service_processing_time : {'service0': 5400.76, 'service1': 4468.32, 'service2': 1504.17, 'service3': 2640.01, 'service4': 208.27}
cpu_quota                        : {'service0': 2, 'service1': 2, 'service2': 2, 'service3': 2, 'service4': 2}
target_processing_time_range     : [0, 2640.01]
baseline_throughputs             : []
poker_batch                      : 20000000
[test.py] Starting experiment...
[test.py] >>>>>>>>>>>>>>>>>>>>>>>>>>>>> Running experiment 0...
[test.py] Actual processing time range: [0, 264, 528, 792, 1056, 1320, 1584, 1848, 2112, 2376]
[test.py] Running baseline experiment
    [exp] Running (pre_run: False) workload synthetic/dag-cross-http-async request with the following configuration: {'CLIENT_CPU_QUOTA': '2', 'SLOWPOKE_POKER_BATCH_THRESHOLD': '20000000', 'PROCESSING_TIME_SERVICE0': '0.00540076', 'PROCESSING_TIME_SERVICE1': '0.00446832', 'PROCESSING_TIME_SERVICE2': '0.00150417', 'PROCESSING_TIME_SERVICE3': '0.00264001', 'PROCESSING_TIME_SERVICE4': '0.00020827', 'SLOWPOKE_DELAY_MICROS_SERVICE0': '0.0', 'SLOWPOKE_POKER_BATCH_THRESHOLD_SERVICE0': '100', 'SLOWPOKE_IS_TARGET_SERVICE_SERVICE0': 'false', 'SLOWPOKE_DELAY_MICROS_SERVICE1': '0.0', 'SLOWPOKE_POKER_BATCH_THRESHOLD_SERVICE1': '100', 'SLOWPOKE_IS_TARGET_SERVICE_SERVICE1': 'false', 'SLOWPOKE_DELAY_MICROS_SERVICE2': '0.0', 'SLOWPOKE_POKER_BATCH_THRESHOLD_SERVICE2': '100', 'SLOWPOKE_IS_TARGET_SERVICE_SERVICE2': 'false', 'SLOWPOKE_DELAY_MICROS_SERVICE3': '0.0', 'SLOWPOKE_POKER_BATCH_THRESHOLD_SERVICE3': '100', 'SLOWPOKE_IS_TARGET_SERVICE_SERVICE3': 'true', 'SLOWPOKE_DELAY_MICROS_SERVICE4': '0.0', 'SLOWPOKE_POKER_BATCH_THRESHOLD_SERVICE4': '100', 'SLOWPOKE_IS_TARGET_SERVICE_SERVICE4': 'false'}
    [exp] Executing cmd `bash run.sh synthetic dag-cross-http-async 8 512 20000`:
        [run.sh] Running benchmark synthetic with request dag-cross-http-async, thread 8, conn 512, duration 60
        [run.sh] Deleting all services
        configmap "config-service0" deleted
        deployment.apps "service0" deleted
        service "service0" deleted
        configmap "config-service1" deleted
        deployment.apps "service1" deleted
        service "service1" deleted
        configmap "config-service2" deleted
        deployment.apps "service2" deleted
        service "service2" deleted
        configmap "config-service3" deleted
        deployment.apps "service3" deleted
        service "service3" deleted
        configmap "config-service4" deleted
        deployment.apps "service4" deleted
        service "service4" deleted
        deployment.apps "ubuntu-client" deleted
        [run.sh] Waiting for all pods to be deleted
        [run.sh] Deploying all services
        configmap/config-service0 created
        deployment.apps/service0 created
        service/service0 created
        configmap/config-service1 created
        deployment.apps/service1 created
        service/service1 created
        configmap/config-service2 created
        deployment.apps/service2 created
        service/service2 created
        configmap/config-service3 created
        deployment.apps/service3 created
        service/service3 created
        configmap/config-service4 created
        deployment.apps/service4 created
        service/service4 created
        [run.sh] Client pod not found, deploying client
        deployment.apps/ubuntu-client created
        [run.sh] Waiting for all pods to be running
        [run.sh] All pods are running
        [run.sh] Checking heartbeat for all services
        [run.sh] All pods can connect to all services
        [run.sh] Running warmup test
        [run.sh] /wrk/wrk -t8 -c512 --timeout 3s -d3s -L http://service0:80/endpoint1
        Running 3s test @ http://service0:80/endpoint1
        8 threads and 512 connections
        Thread Stats   Avg      Stdev     Max   +/- Stdev
        Latency     2.94s    32.61ms   2.99s    51.85%
        Req/Sec    53.57     64.86   170.00     78.57%
        Latency Distribution
        50%    2.94s
        75%    2.98s
        90%    2.99s
        99%    2.99s
        108 requests in 3.03s, 16.77KB read
        Requests/sec:     35.70
        Transfer/sec:      5.54KB
        [run.sh] Speed is 35.70, duration is 840
        [run.sh] Fix the request number.
        [run.sh] Running the actual test
        [run.sh] /wrk/wrk --timeout 20s -t8 -c512 -d840s -L -s /wrk/fix_req_n.lua http://service0:80/endpoint1
        [run.sh] Checking the resource usage
        NAME                             CPU(cores)   MEMORY(bytes)
        service0-7b65886d58-r6p9h        735m         110Mi
        service1-7585bd9d88-gbqw9        953m         61Mi
        service2-958786d58-6khz7         259m         49Mi
        service3-69c9c78bf7-h85g6        725m         46Mi
        service4-9bb5bd9fd-lm7fl         426m         42Mi
        ubuntu-client-76886f6bbd-2qsh4   13m          17Mi
        Running 14m test @ http://service0:80/endpoint1
        8 threads and 512 connections
        Thread Stats   Avg      Stdev     Max   +/- Stdev
        Latency     1.68s   726.62ms   6.17s    73.92%
        Req/Sec    46.58     42.92   262.00     81.40%
        Latency Distribution
        50%    1.55s
        75%    2.05s
        90%    2.64s
        99%    3.93s
        20000 requests in 14.00m, 3.03MB read
        Requests/sec:     23.81
        Transfer/sec:      3.70KB
        ------------------------------
        stop time: 67.394630
        stop time: 66.229769
        stop time: 65.749170
        stop time: 67.174212
        stop time: 67.164352
        stop time: 67.064072
        stop time: 67.443334
        stop time: 66.291775
        [run.sh] Test finished with status 0
        > STDERR
        > No resources found in default namespace.
    [exp] Times: [67.39463, 66.229769, 65.74917, 67.174212, 67.164352, 67.064072, 67.443334, 66.291775]
    [exp] Throughput: 299.3388461745451
[test.py] Baseline throughput: 299.3388461745451
[test.py] Running 0th optmization experiment
[test.py] Running 0th groundtruth exp
    [exp] Running (pre_run: False) workload synthetic/dag-cross-http-async request with the following configuration: {'CLIENT_CPU_QUOTA': '2', 'SLOWPOKE_POKER_BATCH_THRESHOLD': '20000000', 'PROCESSING_TIME_SERVICE0': '0.00540076', 'PROCESSING_TIME_SERVICE1': '0.00446832', 'PROCESSING_TIME_SERVICE2': '0.00150417', 'PROCESSING_TIME_SERVICE3': '0.0', 'PROCESSING_TIME_SERVICE4': '0.00020827', 'SLOWPOKE_DELAY_MICROS_SERVICE0': '0.0', 'SLOWPOKE_POKER_BATCH_THRESHOLD_SERVICE0': '100', 'SLOWPOKE_IS_TARGET_SERVICE_SERVICE0': 'false', 'SLOWPOKE_DELAY_MICROS_SERVICE1': '0.0', 'SLOWPOKE_POKER_BATCH_THRESHOLD_SERVICE1': '100', 'SLOWPOKE_IS_TARGET_SERVICE_SERVICE1': 'false', 'SLOWPOKE_DELAY_MICROS_SERVICE2': '0.0', 'SLOWPOKE_POKER_BATCH_THRESHOLD_SERVICE2': '100', 'SLOWPOKE_IS_TARGET_SERVICE_SERVICE2': 'false', 'SLOWPOKE_DELAY_MICROS_SERVICE3': '0.0', 'SLOWPOKE_POKER_BATCH_THRESHOLD_SERVICE3': '100', 'SLOWPOKE_IS_TARGET_SERVICE_SERVICE3': 'true', 'SLOWPOKE_DELAY_MICROS_SERVICE4': '0.0', 'SLOWPOKE_POKER_BATCH_THRESHOLD_SERVICE4': '100', 'SLOWPOKE_IS_TARGET_SERVICE_SERVICE4': 'false'}
    [exp] Executing cmd `bash run.sh synthetic dag-cross-http-async 8 512 20000`:
        [run.sh] Running benchmark synthetic with request dag-cross-http-async, thread 8, conn 512, duration 60
        [run.sh] Deleting all services
        configmap "config-service0" deleted
        deployment.apps "service0" deleted
        service "service0" deleted
        configmap "config-service1" deleted
        deployment.apps "service1" deleted
        service "service1" deleted
        configmap "config-service2" deleted
        deployment.apps "service2" deleted
        service "service2" deleted
        configmap "config-service3" deleted
        deployment.apps "service3" deleted
        service "service3" deleted
        configmap "config-service4" deleted
        deployment.apps "service4" deleted
        service "service4" deleted
        deployment.apps "ubuntu-client" deleted
        [run.sh] Waiting for all pods to be deleted
        [run.sh] Deploying all services
        configmap/config-service0 created
        deployment.apps/service0 created
        service/service0 created
        configmap/config-service1 created
        deployment.apps/service1 created
        service/service1 created
        configmap/config-service2 created
        deployment.apps/service2 created
        service/service2 created
        configmap/config-service3 created
        deployment.apps/service3 created
        service/service3 created
        configmap/config-service4 created
        deployment.apps/service4 created
        service/service4 created
        [run.sh] Client pod not found, deploying client
        deployment.apps/ubuntu-client created
        [run.sh] Waiting for all pods to be running
        [run.sh] All pods are running
        [run.sh] Checking heartbeat for all services
        [run.sh] All pods can connect to all services
        [run.sh] Running warmup test
        [run.sh] /wrk/wrk -t8 -c512 --timeout 3s -d3s -L http://service0:80/endpoint1
        Running 3s test @ http://service0:80/endpoint1
        8 threads and 512 connections
        Thread Stats   Avg      Stdev     Max   +/- Stdev
        Latency     2.59s   429.44ms   3.00s    92.41%
        Req/Sec    35.78     30.92   131.00     73.02%
        Latency Distribution
        50%    2.65s
        75%    2.93s
        90%    2.98s
        99%    2.99s
        306 requests in 3.02s, 47.51KB read
        Socket errors: connect 0, read 0, write 0, timeout 3
        Requests/sec:    101.22
        Transfer/sec:     15.72KB
        [run.sh] Speed is 101.22, duration is 296
        [run.sh] Fix the request number.
        [run.sh] Running the actual test
        [run.sh] /wrk/wrk --timeout 20s -t8 -c512 -d296s -L -s /wrk/fix_req_n.lua http://service0:80/endpoint1
        [run.sh] Checking the resource usage
        NAME                             CPU(cores)   MEMORY(bytes)
        service0-7b65886d58-pl2pp        1567m        120Mi
        service1-7585bd9d88-6kjfv        93m          39Mi
        service2-958786d58-q7bcw         732m         61Mi
        service3-69c9c78bf7-sw5rh        25m          45Mi
        service4-9bb5bd9fd-7755m         138m         33Mi
        ubuntu-client-76886f6bbd-7g2zm   15m          15Mi
        Running 5m test @ http://service0:80/endpoint1
        8 threads and 512 connections
        Thread Stats   Avg      Stdev     Max   +/- Stdev
        Latency     1.68s   721.58ms   6.31s    73.35%
        Req/Sec    45.39     44.30   313.00     85.35%
        Latency Distribution
        50%    1.58s
        75%    2.03s
        90%    2.62s
        99%    3.97s
        20000 requests in 4.93m, 3.03MB read
        Requests/sec:     67.57
        Transfer/sec:     10.49KB
        ------------------------------
        stop time: 66.093790
        stop time: 66.301337
        stop time: 67.131409
        stop time: 66.260659
        stop time: 67.122813
        stop time: 67.031601
        stop time: 66.737110
        stop time: 67.016672
        [run.sh] Test finished with status 0
        > STDERR
        > No resources found in default namespace.
    [exp] Times: [66.09379, 66.301337, 67.131409, 66.260659, 67.122813, 67.031601, 66.73711, 67.016672]
    [exp] Throughput: 299.79648072321464
[test.py] Running 0th slowdown exp
    [exp] Running (pre_run: False) workload synthetic/dag-cross-http-async request with the following configuration: {'CLIENT_CPU_QUOTA': '2', 'SLOWPOKE_POKER_BATCH_THRESHOLD': '20000000', 'PROCESSING_TIME_SERVICE0': '0.00540076', 'PROCESSING_TIME_SERVICE1': '0.00446832', 'PROCESSING_TIME_SERVICE2': '0.00150417', 'PROCESSING_TIME_SERVICE3': '0.00264001', 'PROCESSING_TIME_SERVICE4': '0.00020827', 'SLOWPOKE_DELAY_MICROS_SERVICE0': '1320.0', 'SLOWPOKE_POKER_BATCH_THRESHOLD_SERVICE0': '100', 'SLOWPOKE_IS_TARGET_SERVICE_SERVICE0': 'false', 'SLOWPOKE_DELAY_MICROS_SERVICE1': '1320.0', 'SLOWPOKE_POKER_BATCH_THRESHOLD_SERVICE1': '100', 'SLOWPOKE_IS_TARGET_SERVICE_SERVICE1': 'false', 'SLOWPOKE_DELAY_MICROS_SERVICE2': '660.0', 'SLOWPOKE_POKER_BATCH_THRESHOLD_SERVICE2': '100', 'SLOWPOKE_IS_TARGET_SERVICE_SERVICE2': 'false', 'SLOWPOKE_DELAY_MICROS_SERVICE3': '0.0', 'SLOWPOKE_POKER_BATCH_THRESHOLD_SERVICE3': '100', 'SLOWPOKE_IS_TARGET_SERVICE_SERVICE3': 'true', 'SLOWPOKE_DELAY_MICROS_SERVICE4': '330.0', 'SLOWPOKE_POKER_BATCH_THRESHOLD_SERVICE4': '100', 'SLOWPOKE_IS_TARGET_SERVICE_SERVICE4': 'false'}
    [exp] Executing cmd `bash run.sh synthetic dag-cross-http-async 8 512 20000`:
        [run.sh] Running benchmark synthetic with request dag-cross-http-async, thread 8, conn 512, duration 60
        [run.sh] Deleting all services
        configmap "config-service0" deleted
        deployment.apps "service0" deleted
        service "service0" deleted
        configmap "config-service1" deleted
        deployment.apps "service1" deleted
        service "service1" deleted
        configmap "config-service2" deleted
        deployment.apps "service2" deleted
        service "service2" deleted
        configmap "config-service3" deleted
        deployment.apps "service3" deleted
        service "service3" deleted
        configmap "config-service4" deleted
        deployment.apps "service4" deleted
        service "service4" deleted
        deployment.apps "ubuntu-client" deleted
        [run.sh] Waiting for all pods to be deleted
        [run.sh] Deploying all services
        configmap/config-service0 created
        deployment.apps/service0 created
        service/service0 created
        configmap/config-service1 created
        deployment.apps/service1 created
        service/service1 created
        configmap/config-service2 created
        deployment.apps/service2 created
        service/service2 created
        configmap/config-service3 created
        deployment.apps/service3 created
        service/service3 created
        configmap/config-service4 created
        deployment.apps/service4 created
        service/service4 created
        [run.sh] Client pod not found, deploying client
        deployment.apps/ubuntu-client created
        [run.sh] Waiting for all pods to be running
        [run.sh] All pods are running
        [run.sh] Checking heartbeat for all services
        [run.sh] All pods can connect to all services
        [run.sh] Running warmup test
        [run.sh] /wrk/wrk -t8 -c512 --timeout 3s -d3s -L http://service0:80/endpoint1
        Running 3s test @ http://service0:80/endpoint1
        8 threads and 512 connections
        Thread Stats   Avg      Stdev     Max   +/- Stdev
        Latency     0.00us    0.00us   0.00us    -nan%
        Req/Sec     0.00      0.00     0.00      -nan%
        Latency Distribution
        50%    0.00us
        75%    0.00us
        90%    0.00us
        99%    0.00us
        0 requests in 3.03s, 0.00B read
        Requests/sec:      0.00
        Transfer/sec:       0.00B
        [run.sh] Speed is 0.00, duration is
        [run.sh] Fix the request number.
        [run.sh] Running the actual test
        [run.sh] /wrk/wrk --timeout 20s -t8 -c512 -ds -L -s /wrk/fix_req_n.lua http://service0:80/endpoint1
        Usage: wrk <options> <url>
        Options:
        -c, --connections <N>  Connections to keep open
        -d, --duration    <T>  Duration of test
        -t, --threads     <N>  Number of threads to use
        
        -s, --script      <S>  Load Lua script file
        -H, --header      <H>  Add header to request
        --latency          Print latency statistics
        --timeout     <T>  Socket/request timeout
        -v, --version          Print version details
        
        Numeric arguments may include a SI unit (1k, 1M, 1G)
        Time arguments may include a time unit (2s, 2m, 2h)
        [run.sh] Checking the resource usage
        NAME                             CPU(cores)   MEMORY(bytes)
        service0-86746667db-n8j6x        1m           83Mi
        service1-d4df597dd-ckxbg         1m           49Mi
        service2-bd46c5db6-2mqng         1m           42Mi
        service3-69c9c78bf7-d55zz        1m           44Mi
        service4-7c96d54564-r4gnx        1m           27Mi
        ubuntu-client-76886f6bbd-2cksl   0m           0Mi
        [run.sh] Test finished with status 1
        > STDERR
        > No resources found in default namespace.
        > Runtime error (func=(main), adr=19): Divide by zero
        > command terminated with exit code 1
    [exp] Error running bash run.sh synthetic dag-cross-http-async 8 512 20000
[test.py] Found 0 throughput, rerun experiment
    [exp] Running (pre_run: False) workload synthetic/dag-cross-http-async request with the following configuration: {'CLIENT_CPU_QUOTA': '2', 'SLOWPOKE_POKER_BATCH_THRESHOLD': '20000000', 'PROCESSING_TIME_SERVICE0': '0.00540076', 'PROCESSING_TIME_SERVICE1': '0.00446832', 'PROCESSING_TIME_SERVICE2': '0.00150417', 'PROCESSING_TIME_SERVICE3': '0.00264001', 'PROCESSING_TIME_SERVICE4': '0.00020827', 'SLOWPOKE_DELAY_MICROS_SERVICE0': '1320.0', 'SLOWPOKE_POKER_BATCH_THRESHOLD_SERVICE0': '100', 'SLOWPOKE_IS_TARGET_SERVICE_SERVICE0': 'false', 'SLOWPOKE_DELAY_MICROS_SERVICE1': '1320.0', 'SLOWPOKE_POKER_BATCH_THRESHOLD_SERVICE1': '100', 'SLOWPOKE_IS_TARGET_SERVICE_SERVICE1': 'false', 'SLOWPOKE_DELAY_MICROS_SERVICE2': '660.0', 'SLOWPOKE_POKER_BATCH_THRESHOLD_SERVICE2': '100', 'SLOWPOKE_IS_TARGET_SERVICE_SERVICE2': 'false', 'SLOWPOKE_DELAY_MICROS_SERVICE3': '0.0', 'SLOWPOKE_POKER_BATCH_THRESHOLD_SERVICE3': '100', 'SLOWPOKE_IS_TARGET_SERVICE_SERVICE3': 'true', 'SLOWPOKE_DELAY_MICROS_SERVICE4': '330.0', 'SLOWPOKE_POKER_BATCH_THRESHOLD_SERVICE4': '100', 'SLOWPOKE_IS_TARGET_SERVICE_SERVICE4': 'false'}
    [exp] Executing cmd `bash run.sh synthetic dag-cross-http-async 8 512 20000`:
        [run.sh] Running benchmark synthetic with request dag-cross-http-async, thread 8, conn 512, duration 60
        [run.sh] Deleting all services
        configmap "config-service0" deleted
        deployment.apps "service0" deleted
        service "service0" deleted
        configmap "config-service1" deleted
        deployment.apps "service1" deleted
        service "service1" deleted
        configmap "config-service2" deleted
        deployment.apps "service2" deleted
        service "service2" deleted
        configmap "config-service3" deleted
        deployment.apps "service3" deleted
        service "service3" deleted
        configmap "config-service4" deleted
        deployment.apps "service4" deleted
        service "service4" deleted
        deployment.apps "ubuntu-client" deleted
        [run.sh] Waiting for all pods to be deleted
        [run.sh] Deploying all services
        configmap/config-service0 created
        deployment.apps/service0 created
        service/service0 created
        configmap/config-service1 created
        deployment.apps/service1 created
        service/service1 created
        configmap/config-service2 created
        deployment.apps/service2 created
        service/service2 created
        configmap/config-service3 created
        deployment.apps/service3 created
        service/service3 created
        configmap/config-service4 created
        deployment.apps/service4 created
        service/service4 created
        [run.sh] Client pod not found, deploying client
        deployment.apps/ubuntu-client created
        [run.sh] Waiting for all pods to be running
        [run.sh] All pods are running
        [run.sh] Checking heartbeat for all services
        [run.sh] All pods can connect to all services
        [run.sh] Running warmup test
        [run.sh] /wrk/wrk -t8 -c512 --timeout 3s -d3s -L http://service0:80/endpoint1
        Running 3s test @ http://service0:80/endpoint1
        8 threads and 512 connections
        Thread Stats   Avg      Stdev     Max   +/- Stdev
        Latency     0.00us    0.00us   0.00us    -nan%
        Req/Sec     0.00      0.00     0.00      -nan%
        Latency Distribution
        50%    0.00us
        75%    0.00us
        90%    0.00us
        99%    0.00us
        0 requests in 3.03s, 0.00B read
        Requests/sec:      0.00
        Transfer/sec:       0.00B
        [run.sh] Speed is 0.00, duration is
        [run.sh] Fix the request number.
        [run.sh] Running the actual test
        [run.sh] /wrk/wrk --timeout 20s -t8 -c512 -ds -L -s /wrk/fix_req_n.lua http://service0:80/endpoint1
        Usage: wrk <options> <url>
        Options:
        -c, --connections <N>  Connections to keep open
        -d, --duration    <T>  Duration of test
        -t, --threads     <N>  Number of threads to use
        
        -s, --script      <S>  Load Lua script file
        -H, --header      <H>  Add header to request
        --latency          Print latency statistics
        --timeout     <T>  Socket/request timeout
        -v, --version          Print version details
        
        Numeric arguments may include a SI unit (1k, 1M, 1G)
        Time arguments may include a time unit (2s, 2m, 2h)
        [run.sh] Checking the resource usage
        NAME                             CPU(cores)   MEMORY(bytes)
        service0-86746667db-svqpc        1m           56Mi
        service1-d4df597dd-7l97h         1m           26Mi
        service2-bd46c5db6-zj56w         1m           41Mi
        service3-69c9c78bf7-pqdfb        1m           56Mi
        service4-7c96d54564-pv77n        1m           23Mi
        ubuntu-client-76886f6bbd-fg6nw   0m           0Mi
        [run.sh] Test finished with status 1
        > STDERR
        > No resources found in default namespace.
        > Runtime error (func=(main), adr=19): Divide by zero
        > command terminated with exit code 1
    [exp] Error running bash run.sh synthetic dag-cross-http-async 8 512 20000
[test.py] Found 0 throughput, rerun experiment
    [exp] Running (pre_run: False) workload synthetic/dag-cross-http-async request with the following configuration: {'CLIENT_CPU_QUOTA': '2', 'SLOWPOKE_POKER_BATCH_THRESHOLD': '20000000', 'PROCESSING_TIME_SERVICE0': '0.00540076', 'PROCESSING_TIME_SERVICE1': '0.00446832', 'PROCESSING_TIME_SERVICE2': '0.00150417', 'PROCESSING_TIME_SERVICE3': '0.00264001', 'PROCESSING_TIME_SERVICE4': '0.00020827', 'SLOWPOKE_DELAY_MICROS_SERVICE0': '1320.0', 'SLOWPOKE_POKER_BATCH_THRESHOLD_SERVICE0': '100', 'SLOWPOKE_IS_TARGET_SERVICE_SERVICE0': 'false', 'SLOWPOKE_DELAY_MICROS_SERVICE1': '1320.0', 'SLOWPOKE_POKER_BATCH_THRESHOLD_SERVICE1': '100', 'SLOWPOKE_IS_TARGET_SERVICE_SERVICE1': 'false', 'SLOWPOKE_DELAY_MICROS_SERVICE2': '660.0', 'SLOWPOKE_POKER_BATCH_THRESHOLD_SERVICE2': '100', 'SLOWPOKE_IS_TARGET_SERVICE_SERVICE2': 'false', 'SLOWPOKE_DELAY_MICROS_SERVICE3': '0.0', 'SLOWPOKE_POKER_BATCH_THRESHOLD_SERVICE3': '100', 'SLOWPOKE_IS_TARGET_SERVICE_SERVICE3': 'true', 'SLOWPOKE_DELAY_MICROS_SERVICE4': '330.0', 'SLOWPOKE_POKER_BATCH_THRESHOLD_SERVICE4': '100', 'SLOWPOKE_IS_TARGET_SERVICE_SERVICE4': 'false'}
    [exp] Executing cmd `bash run.sh synthetic dag-cross-http-async 8 512 20000`:
        [run.sh] Running benchmark synthetic with request dag-cross-http-async, thread 8, conn 512, duration 60
        [run.sh] Deleting all services
        configmap "config-service0" deleted
        deployment.apps "service0" deleted
        service "service0" deleted
        configmap "config-service1" deleted
        deployment.apps "service1" deleted
        service "service1" deleted
        configmap "config-service2" deleted
        deployment.apps "service2" deleted
        service "service2" deleted
        configmap "config-service3" deleted
        deployment.apps "service3" deleted
        service "service3" deleted
        configmap "config-service4" deleted
        deployment.apps "service4" deleted
        service "service4" deleted
        deployment.apps "ubuntu-client" deleted
        [run.sh] Waiting for all pods to be deleted
        [run.sh] Deploying all services
        configmap/config-service0 created
        deployment.apps/service0 created
        service/service0 created
        configmap/config-service1 created
        deployment.apps/service1 created
        service/service1 created
        configmap/config-service2 created
        deployment.apps/service2 created
        service/service2 created
        configmap/config-service3 created
        deployment.apps/service3 created
        service/service3 created
        configmap/config-service4 created
        deployment.apps/service4 created
        service/service4 created
        [run.sh] Client pod not found, deploying client
        deployment.apps/ubuntu-client created
        [run.sh] Waiting for all pods to be running
        [run.sh] All pods are running
        [run.sh] Checking heartbeat for all services
        [run.sh] All pods can connect to all services
        [run.sh] Running warmup test
        [run.sh] /wrk/wrk -t8 -c512 --timeout 3s -d3s -L http://service0:80/endpoint1
        Running 3s test @ http://service0:80/endpoint1
        8 threads and 512 connections
        Thread Stats   Avg      Stdev     Max   +/- Stdev
        Latency     2.70s   142.46ms   2.94s    53.11%
        Req/Sec    48.86     39.92   161.00     61.36%
        Latency Distribution
        50%    2.67s
        75%    2.76s
        90%    2.92s
        99%    2.93s
        241 requests in 3.03s, 37.42KB read
        Requests/sec:     79.60
        Transfer/sec:     12.36KB
        [run.sh] Speed is 79.60, duration is 376
        [run.sh] Fix the request number.
        [run.sh] Running the actual test
        [run.sh] /wrk/wrk --timeout 20s -t8 -c512 -d376s -L -s /wrk/fix_req_n.lua http://service0:80/endpoint1
        [run.sh] Checking the resource usage
        NAME                             CPU(cores)   MEMORY(bytes)
        service0-86746667db-h2phn        527m         88Mi
        service1-d4df597dd-l5v94         373m         33Mi
        service2-bd46c5db6-dv9dj         211m         51Mi
        service3-69c9c78bf7-9v4f8        246m         41Mi
        service4-7c96d54564-rfgtp        118m         30Mi
        ubuntu-client-76886f6bbd-pztxj   10m          0Mi
        Running 6m test @ http://service0:80/endpoint1
        8 threads and 512 connections
        Thread Stats   Avg      Stdev     Max   +/- Stdev
        Latency     2.37s     1.01s    8.14s    74.11%
        Req/Sec    37.34     41.33   330.00     87.44%
        Latency Distribution
        50%    2.23s
        75%    2.84s
        90%    3.67s
        99%    5.77s
        20000 requests in 6.27m, 3.03MB read
        Requests/sec:     53.19
        Transfer/sec:      8.26KB
        ------------------------------
        stop time: 92.281181
        stop time: 92.697514
        stop time: 93.954293
        stop time: 94.364623
        stop time: 94.775526
        stop time: 94.502563
        stop time: 94.277998
        stop time: 94.233598
        [run.sh] Test finished with status 0
        > STDERR
        > No resources found in default namespace.
    [exp] Times: [92.281181, 92.697514, 93.954293, 94.364623, 94.775526, 94.502563, 94.277998, 94.233598]
    [exp] Throughput: 213.024505742672
[test.py] Finished running 0th optmization experiment: groundtruth->299.79648072321464, slowdown->213.024505742672, predicted->296.3585886763872, err->-1.146741962592092
[test.py] Running 1th optmization experiment
[test.py] Running 1th groundtruth exp
    [exp] Running (pre_run: False) workload synthetic/dag-cross-http-async request with the following configuration: {'CLIENT_CPU_QUOTA': '2', 'SLOWPOKE_POKER_BATCH_THRESHOLD': '20000000', 'PROCESSING_TIME_SERVICE0': '0.00540076', 'PROCESSING_TIME_SERVICE1': '0.00446832', 'PROCESSING_TIME_SERVICE2': '0.00150417', 'PROCESSING_TIME_SERVICE3': '0.000264', 'PROCESSING_TIME_SERVICE4': '0.00020827', 'SLOWPOKE_DELAY_MICROS_SERVICE0': '0.0', 'SLOWPOKE_POKER_BATCH_THRESHOLD_SERVICE0': '100', 'SLOWPOKE_IS_TARGET_SERVICE_SERVICE0': 'false', 'SLOWPOKE_DELAY_MICROS_SERVICE1': '0.0', 'SLOWPOKE_POKER_BATCH_THRESHOLD_SERVICE1': '100', 'SLOWPOKE_IS_TARGET_SERVICE_SERVICE1': 'false', 'SLOWPOKE_DELAY_MICROS_SERVICE2': '0.0', 'SLOWPOKE_POKER_BATCH_THRESHOLD_SERVICE2': '100', 'SLOWPOKE_IS_TARGET_SERVICE_SERVICE2': 'false', 'SLOWPOKE_DELAY_MICROS_SERVICE3': '0.0', 'SLOWPOKE_POKER_BATCH_THRESHOLD_SERVICE3': '100', 'SLOWPOKE_IS_TARGET_SERVICE_SERVICE3': 'true', 'SLOWPOKE_DELAY_MICROS_SERVICE4': '0.0', 'SLOWPOKE_POKER_BATCH_THRESHOLD_SERVICE4': '100', 'SLOWPOKE_IS_TARGET_SERVICE_SERVICE4': 'false'}
    [exp] Executing cmd `bash run.sh synthetic dag-cross-http-async 8 512 20000`:
        [run.sh] Running benchmark synthetic with request dag-cross-http-async, thread 8, conn 512, duration 60
        [run.sh] Deleting all services
        configmap "config-service0" deleted
        deployment.apps "service0" deleted
        service "service0" deleted
        configmap "config-service1" deleted
        deployment.apps "service1" deleted
        service "service1" deleted
        configmap "config-service2" deleted
        deployment.apps "service2" deleted
        service "service2" deleted
        configmap "config-service3" deleted
        deployment.apps "service3" deleted
        service "service3" deleted
        configmap "config-service4" deleted
        deployment.apps "service4" deleted
        service "service4" deleted
        deployment.apps "ubuntu-client" deleted
        [run.sh] Waiting for all pods to be deleted
        [run.sh] Deploying all services
        configmap/config-service0 created
        deployment.apps/service0 created
        service/service0 created
        configmap/config-service1 created
        deployment.apps/service1 created
        service/service1 created
        configmap/config-service2 created
        deployment.apps/service2 created
        service/service2 created
        configmap/config-service3 created
        deployment.apps/service3 created
        service/service3 created
        configmap/config-service4 created
        deployment.apps/service4 created
        service/service4 created
        [run.sh] Client pod not found, deploying client
        deployment.apps/ubuntu-client created
        [run.sh] Waiting for all pods to be running
        [run.sh] All pods are running
        [run.sh] Checking heartbeat for all services
        [run.sh] All pods can connect to all services
        [run.sh] Running warmup test
        [run.sh] /wrk/wrk -t8 -c512 --timeout 3s -d3s -L http://service0:80/endpoint1
        Running 3s test @ http://service0:80/endpoint1
        8 threads and 512 connections
        Thread Stats   Avg      Stdev     Max   +/- Stdev
        Latency     2.09s   892.88ms   3.00s    73.97%
        Req/Sec    32.76     24.70   110.00     76.47%
        Latency Distribution
        50%    2.43s
        75%    2.74s
        90%    2.94s
        99%    2.99s
        315 requests in 3.04s, 48.91KB read
        Requests/sec:    103.71
        Transfer/sec:     16.10KB
        [run.sh] Speed is 103.71, duration is 289
        [run.sh] Fix the request number.
        [run.sh] Running the actual test
        [run.sh] /wrk/wrk --timeout 20s -t8 -c512 -d289s -L -s /wrk/fix_req_n.lua http://service0:80/endpoint1
        [run.sh] Checking the resource usage
        Running 5m test @ http://service0:80/endpoint1
        8 threads and 512 connections
        Thread Stats   Avg      Stdev     Max   +/- Stdev
        Latency     1.68s   719.86ms   5.06s    71.98%
        Req/Sec    47.30     47.79   380.00     86.66%
        Latency Distribution
        50%    1.57s
        75%    2.04s
        90%    2.65s
        99%    4.00s
        20000 requests in 4.82m, 3.03MB read
        Requests/sec:     69.20
        Transfer/sec:     10.75KB
        ------------------------------
        stop time: 65.752051
        stop time: 64.998798
        stop time: 66.549140
        stop time: 67.131380
        stop time: 67.214890
        stop time: 66.767020
        stop time: 67.253325
        stop time: 65.769589
        [run.sh] Test finished with status 0
        > STDERR
        > No resources found in default namespace.
        > error: metrics not available yet
    [exp] Times: [65.752051, 64.998798, 66.54914, 67.13138, 67.21489, 66.76702, 67.253325, 65.769589]
    [exp] Throughput: 301.07095095798263
[test.py] Running 1th slowdown exp
    [exp] Running (pre_run: False) workload synthetic/dag-cross-http-async request with the following configuration: {'CLIENT_CPU_QUOTA': '2', 'SLOWPOKE_POKER_BATCH_THRESHOLD': '20000000', 'PROCESSING_TIME_SERVICE0': '0.00540076', 'PROCESSING_TIME_SERVICE1': '0.00446832', 'PROCESSING_TIME_SERVICE2': '0.00150417', 'PROCESSING_TIME_SERVICE3': '0.00264001', 'PROCESSING_TIME_SERVICE4': '0.00020827', 'SLOWPOKE_DELAY_MICROS_SERVICE0': '1188.0', 'SLOWPOKE_POKER_BATCH_THRESHOLD_SERVICE0': '100', 'SLOWPOKE_IS_TARGET_SERVICE_SERVICE0': 'false', 'SLOWPOKE_DELAY_MICROS_SERVICE1': '1188.0', 'SLOWPOKE_POKER_BATCH_THRESHOLD_SERVICE1': '100', 'SLOWPOKE_IS_TARGET_SERVICE_SERVICE1': 'false', 'SLOWPOKE_DELAY_MICROS_SERVICE2': '594.0', 'SLOWPOKE_POKER_BATCH_THRESHOLD_SERVICE2': '100', 'SLOWPOKE_IS_TARGET_SERVICE_SERVICE2': 'false', 'SLOWPOKE_DELAY_MICROS_SERVICE3': '0.0', 'SLOWPOKE_POKER_BATCH_THRESHOLD_SERVICE3': '100', 'SLOWPOKE_IS_TARGET_SERVICE_SERVICE3': 'true', 'SLOWPOKE_DELAY_MICROS_SERVICE4': '297.0', 'SLOWPOKE_POKER_BATCH_THRESHOLD_SERVICE4': '100', 'SLOWPOKE_IS_TARGET_SERVICE_SERVICE4': 'false'}
    [exp] Executing cmd `bash run.sh synthetic dag-cross-http-async 8 512 20000`:
        [run.sh] Running benchmark synthetic with request dag-cross-http-async, thread 8, conn 512, duration 60
        [run.sh] Deleting all services
        configmap "config-service0" deleted
        deployment.apps "service0" deleted
        service "service0" deleted
        configmap "config-service1" deleted
        deployment.apps "service1" deleted
        service "service1" deleted
        configmap "config-service2" deleted
        deployment.apps "service2" deleted
        service "service2" deleted
        configmap "config-service3" deleted
        deployment.apps "service3" deleted
        service "service3" deleted
        configmap "config-service4" deleted
        deployment.apps "service4" deleted
        service "service4" deleted
        deployment.apps "ubuntu-client" deleted
        [run.sh] Waiting for all pods to be deleted
        [run.sh] Deploying all services
        configmap/config-service0 created
        deployment.apps/service0 created
        service/service0 created
        configmap/config-service1 created
        deployment.apps/service1 created
        service/service1 created
        configmap/config-service2 created
        deployment.apps/service2 created
        service/service2 created
        configmap/config-service3 created
        deployment.apps/service3 created
        service/service3 created
        configmap/config-service4 created
        deployment.apps/service4 created
        service/service4 created
        [run.sh] Client pod not found, deploying client
        deployment.apps/ubuntu-client created
        [run.sh] Waiting for all pods to be running
        [run.sh] All pods are running
        [run.sh] Checking heartbeat for all services
        [run.sh] All pods can connect to all services
        [run.sh] Running warmup test
        [run.sh] /wrk/wrk -t8 -c512 --timeout 3s -d3s -L http://service0:80/endpoint1
        Running 3s test @ http://service0:80/endpoint1
        8 threads and 512 connections
        Thread Stats   Avg      Stdev     Max   +/- Stdev
        Latency     0.00us    0.00us   0.00us    -nan%
        Req/Sec     0.00      0.00     0.00      -nan%
        Latency Distribution
        50%    0.00us
        75%    0.00us
        90%    0.00us
        99%    0.00us
        0 requests in 3.03s, 0.00B read
        Requests/sec:      0.00
        Transfer/sec:       0.00B
        [run.sh] Speed is 0.00, duration is
        [run.sh] Fix the request number.
        [run.sh] Running the actual test
        [run.sh] /wrk/wrk --timeout 20s -t8 -c512 -ds -L -s /wrk/fix_req_n.lua http://service0:80/endpoint1
        Usage: wrk <options> <url>
        Options:
        -c, --connections <N>  Connections to keep open
        -d, --duration    <T>  Duration of test
        -t, --threads     <N>  Number of threads to use
        
        -s, --script      <S>  Load Lua script file
        -H, --header      <H>  Add header to request
        --latency          Print latency statistics
        --timeout     <T>  Socket/request timeout
        -v, --version          Print version details
        
        Numeric arguments may include a SI unit (1k, 1M, 1G)
        Time arguments may include a time unit (2s, 2m, 2h)
        [run.sh] Checking the resource usage
        NAME                             CPU(cores)   MEMORY(bytes)
        service0-869cd7b7b6-k72tc        360m         94Mi
        service1-569b5ff488-hwlbv        266m         45Mi
        service2-6b5b7b6d48-c9s64        3m           36Mi
        service4-85c57d6bdd-cf29k        3m           22Mi
        ubuntu-client-76886f6bbd-fdtsp   6m           0Mi
        [run.sh] Test finished with status 1
        > STDERR
        > No resources found in default namespace.
        > Runtime error (func=(main), adr=19): Divide by zero
        > command terminated with exit code 1
    [exp] Error running bash run.sh synthetic dag-cross-http-async 8 512 20000
[test.py] Found 0 throughput, rerun experiment
    [exp] Running (pre_run: False) workload synthetic/dag-cross-http-async request with the following configuration: {'CLIENT_CPU_QUOTA': '2', 'SLOWPOKE_POKER_BATCH_THRESHOLD': '20000000', 'PROCESSING_TIME_SERVICE0': '0.00540076', 'PROCESSING_TIME_SERVICE1': '0.00446832', 'PROCESSING_TIME_SERVICE2': '0.00150417', 'PROCESSING_TIME_SERVICE3': '0.00264001', 'PROCESSING_TIME_SERVICE4': '0.00020827', 'SLOWPOKE_DELAY_MICROS_SERVICE0': '1188.0', 'SLOWPOKE_POKER_BATCH_THRESHOLD_SERVICE0': '100', 'SLOWPOKE_IS_TARGET_SERVICE_SERVICE0': 'false', 'SLOWPOKE_DELAY_MICROS_SERVICE1': '1188.0', 'SLOWPOKE_POKER_BATCH_THRESHOLD_SERVICE1': '100', 'SLOWPOKE_IS_TARGET_SERVICE_SERVICE1': 'false', 'SLOWPOKE_DELAY_MICROS_SERVICE2': '594.0', 'SLOWPOKE_POKER_BATCH_THRESHOLD_SERVICE2': '100', 'SLOWPOKE_IS_TARGET_SERVICE_SERVICE2': 'false', 'SLOWPOKE_DELAY_MICROS_SERVICE3': '0.0', 'SLOWPOKE_POKER_BATCH_THRESHOLD_SERVICE3': '100', 'SLOWPOKE_IS_TARGET_SERVICE_SERVICE3': 'true', 'SLOWPOKE_DELAY_MICROS_SERVICE4': '297.0', 'SLOWPOKE_POKER_BATCH_THRESHOLD_SERVICE4': '100', 'SLOWPOKE_IS_TARGET_SERVICE_SERVICE4': 'false'}
    [exp] Executing cmd `bash run.sh synthetic dag-cross-http-async 8 512 20000`:
        [run.sh] Running benchmark synthetic with request dag-cross-http-async, thread 8, conn 512, duration 60
        [run.sh] Deleting all services
        configmap "config-service0" deleted
        deployment.apps "service0" deleted
        service "service0" deleted
        configmap "config-service1" deleted
        deployment.apps "service1" deleted
        service "service1" deleted
        configmap "config-service2" deleted
        deployment.apps "service2" deleted
        service "service2" deleted
        configmap "config-service3" deleted
        deployment.apps "service3" deleted
        service "service3" deleted
        configmap "config-service4" deleted
        deployment.apps "service4" deleted
        service "service4" deleted
        deployment.apps "ubuntu-client" deleted
        [run.sh] Waiting for all pods to be deleted
        [run.sh] Deploying all services
        configmap/config-service0 created
        deployment.apps/service0 created
        service/service0 created
        configmap/config-service1 created
        deployment.apps/service1 created
        service/service1 created
        configmap/config-service2 created
        deployment.apps/service2 created
        service/service2 created
        configmap/config-service3 created
        deployment.apps/service3 created
        service/service3 created
        configmap/config-service4 created
        deployment.apps/service4 created
        service/service4 created
        [run.sh] Client pod not found, deploying client
        deployment.apps/ubuntu-client created
        [run.sh] Waiting for all pods to be running
        [run.sh] All pods are running
        [run.sh] Checking heartbeat for all services
        [run.sh] All pods can connect to all services
        [run.sh] Running warmup test
        [run.sh] /wrk/wrk -t8 -c512 --timeout 3s -d3s -L http://service0:80/endpoint1
        Running 3s test @ http://service0:80/endpoint1
        8 threads and 512 connections
        Thread Stats   Avg      Stdev     Max   +/- Stdev
        Latency     2.66s   230.48ms   3.00s    80.00%
        Req/Sec    34.50     36.60   212.00     94.00%
        Latency Distribution
        50%    2.71s
        75%    2.75s
        90%    2.98s
        99%    3.00s
        199 requests in 3.03s, 30.90KB read
        Socket errors: connect 0, read 0, write 0, timeout 4
        Requests/sec:     65.66
        Transfer/sec:     10.19KB
        [run.sh] Speed is 65.66, duration is 456
        [run.sh] Fix the request number.
        [run.sh] Running the actual test
        [run.sh] /wrk/wrk --timeout 20s -t8 -c512 -d456s -L -s /wrk/fix_req_n.lua http://service0:80/endpoint1
        [run.sh] Checking the resource usage
        NAME                             CPU(cores)   MEMORY(bytes)
        service0-869cd7b7b6-b2hp7        1416m        107Mi
        service1-569b5ff488-dw69l        479m         50Mi
        service2-6b5b7b6d48-xjnrp        780m         66Mi
        service3-69c9c78bf7-gwjt4        429m         47Mi
        service4-85c57d6bdd-d7gfc        228m         32Mi
        ubuntu-client-76886f6bbd-2tdmr   13m          17Mi
        Running 8m test @ http://service0:80/endpoint1
        8 threads and 512 connections
        Thread Stats   Avg      Stdev     Max   +/- Stdev
        Latency     2.32s   980.02ms   8.34s    72.14%
        Req/Sec    37.82     39.56   282.00     86.60%
        Latency Distribution
        50%    2.20s
        75%    2.84s
        90%    3.56s
        99%    5.37s
        20000 requests in 7.60m, 3.03MB read
        Requests/sec:     43.86
        Transfer/sec:      6.81KB
        ------------------------------
        stop time: 90.112572
        stop time: 90.812092
        stop time: 90.808603
        stop time: 90.809866
        stop time: 92.149317
        stop time: 91.547869
        stop time: 92.155260
        stop time: 92.627948
        [run.sh] Test finished with status 0
        > STDERR
        > No resources found in default namespace.
    [exp] Times: [90.112572, 90.812092, 90.808603, 90.809866, 92.149317, 91.547869, 92.15526, 92.627948]
    [exp] Throughput: 218.87120467464788
[test.py] Finished running 1th optmization experiment: groundtruth->301.07095095798263, slowdown->218.87120467464788, predicted->295.7799264394214, err->-1.7574012045086533
[test.py] Running 2th optmization experiment
[test.py] Running 2th groundtruth exp
    [exp] Running (pre_run: False) workload synthetic/dag-cross-http-async request with the following configuration: {'CLIENT_CPU_QUOTA': '2', 'SLOWPOKE_POKER_BATCH_THRESHOLD': '20000000', 'PROCESSING_TIME_SERVICE0': '0.00540076', 'PROCESSING_TIME_SERVICE1': '0.00446832', 'PROCESSING_TIME_SERVICE2': '0.00150417', 'PROCESSING_TIME_SERVICE3': '0.000528', 'PROCESSING_TIME_SERVICE4': '0.00020827', 'SLOWPOKE_DELAY_MICROS_SERVICE0': '0.0', 'SLOWPOKE_POKER_BATCH_THRESHOLD_SERVICE0': '100', 'SLOWPOKE_IS_TARGET_SERVICE_SERVICE0': 'false', 'SLOWPOKE_DELAY_MICROS_SERVICE1': '0.0', 'SLOWPOKE_POKER_BATCH_THRESHOLD_SERVICE1': '100', 'SLOWPOKE_IS_TARGET_SERVICE_SERVICE1': 'false', 'SLOWPOKE_DELAY_MICROS_SERVICE2': '0.0', 'SLOWPOKE_POKER_BATCH_THRESHOLD_SERVICE2': '100', 'SLOWPOKE_IS_TARGET_SERVICE_SERVICE2': 'false', 'SLOWPOKE_DELAY_MICROS_SERVICE3': '0.0', 'SLOWPOKE_POKER_BATCH_THRESHOLD_SERVICE3': '100', 'SLOWPOKE_IS_TARGET_SERVICE_SERVICE3': 'true', 'SLOWPOKE_DELAY_MICROS_SERVICE4': '0.0', 'SLOWPOKE_POKER_BATCH_THRESHOLD_SERVICE4': '100', 'SLOWPOKE_IS_TARGET_SERVICE_SERVICE4': 'false'}
    [exp] Executing cmd `bash run.sh synthetic dag-cross-http-async 8 512 20000`:
        [run.sh] Running benchmark synthetic with request dag-cross-http-async, thread 8, conn 512, duration 60
        [run.sh] Deleting all services
        configmap "config-service0" deleted
        deployment.apps "service0" deleted
        service "service0" deleted
        configmap "config-service1" deleted
        deployment.apps "service1" deleted
        service "service1" deleted
        configmap "config-service2" deleted
        deployment.apps "service2" deleted
        service "service2" deleted
        configmap "config-service3" deleted
        deployment.apps "service3" deleted
        service "service3" deleted
        configmap "config-service4" deleted
        deployment.apps "service4" deleted
        service "service4" deleted
        deployment.apps "ubuntu-client" deleted
        [run.sh] Waiting for all pods to be deleted
        [run.sh] Deploying all services
        configmap/config-service0 created
        deployment.apps/service0 created
        service/service0 created
        configmap/config-service1 created
        deployment.apps/service1 created
        service/service1 created
        configmap/config-service2 created
        deployment.apps/service2 created
        service/service2 created
        configmap/config-service3 created
        deployment.apps/service3 created
        service/service3 created
        configmap/config-service4 created
        deployment.apps/service4 created
        service/service4 created
        [run.sh] Client pod not found, deploying client
        deployment.apps/ubuntu-client created
        [run.sh] Waiting for all pods to be running
        [run.sh] All pods are running
        [run.sh] Checking heartbeat for all services
        [run.sh] All pods can connect to all services
        [run.sh] Running warmup test
        [run.sh] /wrk/wrk -t8 -c512 --timeout 3s -d3s -L http://service0:80/endpoint1
        Running 3s test @ http://service0:80/endpoint1
        8 threads and 512 connections
        Thread Stats   Avg      Stdev     Max   +/- Stdev
        Latency     1.54s   517.55ms   2.91s    73.09%
        Req/Sec    41.46     49.68   190.00     84.54%
        Latency Distribution
        50%    1.42s
        75%    1.97s
        90%    2.08s
        99%    2.78s
        524 requests in 3.03s, 81.36KB read
        Requests/sec:    172.86
        Transfer/sec:     26.84KB
        [run.sh] Speed is 172.86, duration is 173
        [run.sh] Fix the request number.
        [run.sh] Running the actual test
        [run.sh] /wrk/wrk --timeout 20s -t8 -c512 -d173s -L -s /wrk/fix_req_n.lua http://service0:80/endpoint1
        [run.sh] Checking the resource usage
        Running 3m test @ http://service0:80/endpoint1
        8 threads and 512 connections
        Thread Stats   Avg      Stdev     Max   +/- Stdev
        Latency     1.67s   804.32ms   6.28s    74.26%
        Req/Sec    48.03     46.16   300.00     84.91%
        Latency Distribution
        50%    1.54s
        75%    2.04s
        90%    2.69s
        99%    4.61s
        20000 requests in 2.88m, 3.03MB read
        Requests/sec:    115.61
        Transfer/sec:     17.95KB
        ------------------------------
        stop time: 65.025986
        stop time: 65.625080
        stop time: 66.471561
        stop time: 65.768524
        stop time: 65.770368
        stop time: 66.516253
        stop time: 66.870575
        stop time: 66.737874
        [run.sh] Test finished with status 0
        > STDERR
        > No resources found in default namespace.
        > error: metrics not available yet
    [exp] Times: [65.025986, 65.62508, 66.471561, 65.768524, 65.770368, 66.516253, 66.870575, 66.737874]
    [exp] Throughput: 302.5797451707804
[test.py] Running 2th slowdown exp
    [exp] Running (pre_run: False) workload synthetic/dag-cross-http-async request with the following configuration: {'CLIENT_CPU_QUOTA': '2', 'SLOWPOKE_POKER_BATCH_THRESHOLD': '20000000', 'PROCESSING_TIME_SERVICE0': '0.00540076', 'PROCESSING_TIME_SERVICE1': '0.00446832', 'PROCESSING_TIME_SERVICE2': '0.00150417', 'PROCESSING_TIME_SERVICE3': '0.00264001', 'PROCESSING_TIME_SERVICE4': '0.00020827', 'SLOWPOKE_DELAY_MICROS_SERVICE0': '1056.0', 'SLOWPOKE_POKER_BATCH_THRESHOLD_SERVICE0': '100', 'SLOWPOKE_IS_TARGET_SERVICE_SERVICE0': 'false', 'SLOWPOKE_DELAY_MICROS_SERVICE1': '1056.0', 'SLOWPOKE_POKER_BATCH_THRESHOLD_SERVICE1': '100', 'SLOWPOKE_IS_TARGET_SERVICE_SERVICE1': 'false', 'SLOWPOKE_DELAY_MICROS_SERVICE2': '528.0', 'SLOWPOKE_POKER_BATCH_THRESHOLD_SERVICE2': '100', 'SLOWPOKE_IS_TARGET_SERVICE_SERVICE2': 'false', 'SLOWPOKE_DELAY_MICROS_SERVICE3': '0.0', 'SLOWPOKE_POKER_BATCH_THRESHOLD_SERVICE3': '100', 'SLOWPOKE_IS_TARGET_SERVICE_SERVICE3': 'true', 'SLOWPOKE_DELAY_MICROS_SERVICE4': '264.0', 'SLOWPOKE_POKER_BATCH_THRESHOLD_SERVICE4': '100', 'SLOWPOKE_IS_TARGET_SERVICE_SERVICE4': 'false'}
    [exp] Executing cmd `bash run.sh synthetic dag-cross-http-async 8 512 20000`:
        [run.sh] Running benchmark synthetic with request dag-cross-http-async, thread 8, conn 512, duration 60
        [run.sh] Deleting all services
        configmap "config-service0" deleted
        deployment.apps "service0" deleted
        service "service0" deleted
        configmap "config-service1" deleted
        deployment.apps "service1" deleted
        service "service1" deleted
        configmap "config-service2" deleted
        deployment.apps "service2" deleted
        service "service2" deleted
        configmap "config-service3" deleted
        deployment.apps "service3" deleted
        service "service3" deleted
        configmap "config-service4" deleted
        deployment.apps "service4" deleted
        service "service4" deleted
        deployment.apps "ubuntu-client" deleted
        [run.sh] Waiting for all pods to be deleted
        [run.sh] Deploying all services
        configmap/config-service0 created
        deployment.apps/service0 created
        service/service0 created
        configmap/config-service1 created
        deployment.apps/service1 created
        service/service1 created
        configmap/config-service2 created
        deployment.apps/service2 created
        service/service2 created
        configmap/config-service3 created
        deployment.apps/service3 created
        service/service3 created
        configmap/config-service4 created
        deployment.apps/service4 created
        service/service4 created
        [run.sh] Client pod not found, deploying client
        deployment.apps/ubuntu-client created
        [run.sh] Waiting for all pods to be running
        [run.sh] All pods are running
        [run.sh] Checking heartbeat for all services
        [run.sh] All pods can connect to all services
        [run.sh] Running warmup test
        [run.sh] /wrk/wrk -t8 -c512 --timeout 3s -d3s -L http://service0:80/endpoint1
        Running 3s test @ http://service0:80/endpoint1
        8 threads and 512 connections
        Thread Stats   Avg      Stdev     Max   +/- Stdev
        Latency     2.57s   179.81ms   2.89s    80.00%
        Req/Sec     0.50      1.00     2.00     75.00%
        Latency Distribution
        50%    2.49s
        75%    2.50s
        90%    2.89s
        99%    2.89s
        5 requests in 3.03s, 795.00B read
        Requests/sec:      1.65
        Transfer/sec:     262.66B
        [run.sh] Speed is 1.65, duration is 18181
        [run.sh] Fix the request number.
        [run.sh] Running the actual test
        [run.sh] /wrk/wrk --timeout 20s -t8 -c512 -d18181s -L -s /wrk/fix_req_n.lua http://service0:80/endpoint1
        [run.sh] Checking the resource usage
