[config.py] Random numbers for execution time: [447.9840905526902, 510.17151091739134, 625.949639105197, 707.261354445807, 788.280209018332, 826.9597521714729, 868.4323318601856, 960.6751428241988, 1035.4990120942941, 1108.2819021059308, 1166.3924505761834, 1294.574335708022, 1409.9390091953373]
benchmark                        : synthetic
num_threads                      : 8
num_conns                        : 512
target_service                   : service0
request_type                     : dag-balanced-http-sync
repetitions                      : 1
target_num_exp                   : 2
pre_run                          : False
num_req                          : 20000
groundtruths                     : []
slowdowns                        : []
predicteds                       : []
errs                             : []
client_cpu_quota                 : 2
random_seed                      : 17765
request_ratio                    : {'service0': 1, 'service1': 1, 'service2': 1, 'service3': 1, 'service4': 1, 'service5': 1, 'service6': 1, 'service7': 1, 'service8': 1, 'service9': 1, 'service10': 1, 'service11': 1, 'service12': 1}
baseline_service_processing_time : {'service0': 1409.94, 'service1': 1294.57, 'service2': 1166.39, 'service3': 1108.28, 'service4': 1035.5, 'service5': 960.68, 'service6': 868.43, 'service7': 826.96, 'service8': 788.28, 'service9': 707.26, 'service10': 625.95, 'service11': 510.17, 'service12': 447.98}
cpu_quota                        : {'service0': 2, 'service1': 2, 'service2': 2, 'service3': 2, 'service4': 2, 'service5': 2, 'service6': 2, 'service7': 2, 'service8': 2, 'service9': 2, 'service10': 2, 'service11': 2, 'service12': 2}
target_processing_time_range     : [0, 1409.94]
baseline_throughputs             : []
poker_batch                      : 30000000
[test.py] Starting experiment...
[test.py] >>>>>>>>>>>>>>>>>>>>>>>>>>>>> Running experiment 0...
[test.py] Actual processing time range: [0, 704]
[test.py] Running baseline experiment
    [exp] Running (pre_run: False) workload synthetic/dag-balanced-http-sync request with the following configuration: {'CLIENT_CPU_QUOTA': '2', 'SLOWPOKE_POKER_BATCH_THRESHOLD': '30000000', 'PROCESSING_TIME_SERVICE0': '0.00140994', 'PROCESSING_TIME_SERVICE1': '0.00129457', 'PROCESSING_TIME_SERVICE2': '0.00116639', 'PROCESSING_TIME_SERVICE3': '0.00110828', 'PROCESSING_TIME_SERVICE4': '0.0010355', 'PROCESSING_TIME_SERVICE5': '0.00096068', 'PROCESSING_TIME_SERVICE6': '0.00086843', 'PROCESSING_TIME_SERVICE7': '0.00082696', 'PROCESSING_TIME_SERVICE8': '0.00078828', 'PROCESSING_TIME_SERVICE9': '0.00070726', 'PROCESSING_TIME_SERVICE10': '0.00062595', 'PROCESSING_TIME_SERVICE11': '0.00051017', 'PROCESSING_TIME_SERVICE12': '0.00044798', 'SLOWPOKE_DELAY_MICROS_SERVICE0': '0.0', 'SLOWPOKE_POKER_BATCH_THRESHOLD_SERVICE0': '10', 'SLOWPOKE_DELAY_MICROS_SERVICE1': '0.0', 'SLOWPOKE_POKER_BATCH_THRESHOLD_SERVICE1': '10', 'SLOWPOKE_DELAY_MICROS_SERVICE2': '0.0', 'SLOWPOKE_POKER_BATCH_THRESHOLD_SERVICE2': '10', 'SLOWPOKE_DELAY_MICROS_SERVICE3': '0.0', 'SLOWPOKE_POKER_BATCH_THRESHOLD_SERVICE3': '10', 'SLOWPOKE_DELAY_MICROS_SERVICE4': '0.0', 'SLOWPOKE_POKER_BATCH_THRESHOLD_SERVICE4': '10', 'SLOWPOKE_DELAY_MICROS_SERVICE5': '0.0', 'SLOWPOKE_POKER_BATCH_THRESHOLD_SERVICE5': '10', 'SLOWPOKE_DELAY_MICROS_SERVICE6': '0.0', 'SLOWPOKE_POKER_BATCH_THRESHOLD_SERVICE6': '10', 'SLOWPOKE_DELAY_MICROS_SERVICE7': '0.0', 'SLOWPOKE_POKER_BATCH_THRESHOLD_SERVICE7': '10', 'SLOWPOKE_DELAY_MICROS_SERVICE8': '0.0', 'SLOWPOKE_POKER_BATCH_THRESHOLD_SERVICE8': '10', 'SLOWPOKE_DELAY_MICROS_SERVICE9': '0.0', 'SLOWPOKE_POKER_BATCH_THRESHOLD_SERVICE9': '10', 'SLOWPOKE_DELAY_MICROS_SERVICE10': '0.0', 'SLOWPOKE_POKER_BATCH_THRESHOLD_SERVICE10': '10', 'SLOWPOKE_DELAY_MICROS_SERVICE11': '0.0', 'SLOWPOKE_POKER_BATCH_THRESHOLD_SERVICE11': '10', 'SLOWPOKE_DELAY_MICROS_SERVICE12': '0.0', 'SLOWPOKE_POKER_BATCH_THRESHOLD_SERVICE12': '10'}
    [exp] Executing cmd `bash run.sh synthetic dag-balanced-http-sync 8 512 20000`:
        [run.sh] Running benchmark synthetic with request dag-balanced-http-sync, thread 8, conn 512, duration 60
        [run.sh] Deleting all services
        configmap "config-service0" deleted
        deployment.apps "service0" deleted
        service "service0" deleted
        configmap "config-service1" deleted
        deployment.apps "service1" deleted
        service "service1" deleted
        configmap "config-service10" deleted
        deployment.apps "service10" deleted
        service "service10" deleted
        configmap "config-service11" deleted
        deployment.apps "service11" deleted
        service "service11" deleted
        configmap "config-service12" deleted
        deployment.apps "service12" deleted
        service "service12" deleted
        configmap "config-service2" deleted
        deployment.apps "service2" deleted
        service "service2" deleted
        configmap "config-service3" deleted
        deployment.apps "service3" deleted
        service "service3" deleted
        configmap "config-service4" deleted
        deployment.apps "service4" deleted
        service "service4" deleted
        configmap "config-service5" deleted
        deployment.apps "service5" deleted
        service "service5" deleted
        configmap "config-service6" deleted
        deployment.apps "service6" deleted
        service "service6" deleted
        configmap "config-service7" deleted
        deployment.apps "service7" deleted
        service "service7" deleted
        configmap "config-service8" deleted
        deployment.apps "service8" deleted
        service "service8" deleted
        configmap "config-service9" deleted
        deployment.apps "service9" deleted
        service "service9" deleted
        deployment.apps "ubuntu-client" deleted
        [run.sh] Waiting for all pods to be deleted
        [run.sh] Deploying all services
        configmap/config-service0 created
        deployment.apps/service0 created
        service/service0 created
        configmap/config-service1 created
        deployment.apps/service1 created
        service/service1 created
        configmap/config-service10 created
        deployment.apps/service10 created
        service/service10 created
        configmap/config-service11 created
        deployment.apps/service11 created
        service/service11 created
        configmap/config-service12 created
        deployment.apps/service12 created
        service/service12 created
        configmap/config-service2 created
        deployment.apps/service2 created
        service/service2 created
        configmap/config-service3 created
        deployment.apps/service3 created
        service/service3 created
        configmap/config-service4 created
        deployment.apps/service4 created
        service/service4 created
        configmap/config-service5 created
        deployment.apps/service5 created
        service/service5 created
        configmap/config-service6 created
        deployment.apps/service6 created
        service/service6 created
        configmap/config-service7 created
        deployment.apps/service7 created
        service/service7 created
        configmap/config-service8 created
        deployment.apps/service8 created
        service/service8 created
        configmap/config-service9 created
        deployment.apps/service9 created
        service/service9 created
        [run.sh] Client pod not found, deploying client
        deployment.apps/ubuntu-client created
        [run.sh] Waiting for all pods to be running
        [run.sh] All pods are running
        [run.sh] Checking heartbeat for all services
        [run.sh] All pods can connect to all services
        [run.sh] Running warmup test
        [run.sh] /wrk/wrk -t8 -c512 -d3s -L http://service0:80/endpoint1
        Running 3s test @ http://service0:80/endpoint1
        8 threads and 512 connections
        Thread Stats   Avg      Stdev     Max   +/- Stdev
        Latency   594.18ms  237.66ms   1.88s    80.06%
        Req/Sec   113.53     43.18   230.00     66.67%
        Latency Distribution
        50%  535.88ms
        75%  665.49ms
        90%  889.40ms
        99%    1.56s
        2375 requests in 3.02s, 4.37MB read
        Requests/sec:    786.64
        Transfer/sec:      1.45MB
        [run.sh] Speed is 786.64, duration is 50
        [run.sh] Fix the request number.
        [run.sh] Running the actual test
        [run.sh] /wrk/wrk --timeout 20s -t8 -c512 -d50s -L -s /wrk/fix_req_n.lua http://service0:80/endpoint1
        [run.sh] Checking the resource usage
        NAME                             CPU(cores)   MEMORY(bytes)
        service0-5f7bfff576-8bkkm        1796m        56Mi
        service1-96558989f-d2k5p         1784m        22Mi
        service10-6dfc96fb89-tl2ph       776m         10Mi
        service11-fdc7b966d-dvq7h        641m         11Mi
        service12-7c4479d695-kz7km       586m         10Mi
        service2-b9b68cb9d-z2jrr         1706m        22Mi
        service3-ddcb6f57c-mmnpz         1666m        21Mi
        service4-b87f5c5bd-c8stq         1131m        11Mi
        service5-75886d8875-fcfls        1055m        11Mi
        service6-6764844dcd-4qnht        968m         11Mi
        service7-84cc97df4f-z2jbq        957m         11Mi
        service8-5bcf7cccb8-99sdj        893m         11Mi
        service9-5dd9f4f756-rs99j        816m         11Mi
        ubuntu-client-76886f6bbd-s8cvf   45m          16Mi
        Running 50s test @ http://service0:80/endpoint1
        8 threads and 512 connections
        Thread Stats   Avg      Stdev     Max   +/- Stdev
        Latency   552.72ms  132.24ms   1.54s    74.15%
        Req/Sec   115.65     40.14   252.00     69.37%
        Latency Distribution
        50%  531.60ms
        75%  616.76ms
        90%  720.09ms
        99%  982.64ms
        20000 requests in 50.00s, 36.78MB read
        Requests/sec:    400.00
        Transfer/sec:    753.16KB
        ------------------------------
        stop time: 21.870988
        stop time: 21.799489
        stop time: 21.852804
        stop time: 21.964246
        stop time: 21.957003
        stop time: 21.989683
        stop time: 21.805650
        stop time: 21.837505
        [run.sh] Test finished with status 0
        > STDERR
        > No resources found in default namespace.
    [exp] Times: [21.870988, 21.799489, 21.852804, 21.964246, 21.957003, 21.989683, 21.80565, 21.837505]
    [exp] Throughput: 913.8816845818701
[test.py] Baseline throughput: 913.8816845818701
[test.py] Running groundtruth experiment
    [exp] Running (pre_run: False) workload synthetic/dag-balanced-http-sync request with the following configuration: {'CLIENT_CPU_QUOTA': '2', 'SLOWPOKE_POKER_BATCH_THRESHOLD': '30000000', 'PROCESSING_TIME_SERVICE0': '0.0', 'PROCESSING_TIME_SERVICE1': '0.00129457', 'PROCESSING_TIME_SERVICE2': '0.00116639', 'PROCESSING_TIME_SERVICE3': '0.00110828', 'PROCESSING_TIME_SERVICE4': '0.0010355', 'PROCESSING_TIME_SERVICE5': '0.00096068', 'PROCESSING_TIME_SERVICE6': '0.00086843', 'PROCESSING_TIME_SERVICE7': '0.00082696', 'PROCESSING_TIME_SERVICE8': '0.00078828', 'PROCESSING_TIME_SERVICE9': '0.00070726', 'PROCESSING_TIME_SERVICE10': '0.00062595', 'PROCESSING_TIME_SERVICE11': '0.00051017', 'PROCESSING_TIME_SERVICE12': '0.00044798', 'SLOWPOKE_DELAY_MICROS_SERVICE0': '0.0', 'SLOWPOKE_POKER_BATCH_THRESHOLD_SERVICE0': '10', 'SLOWPOKE_DELAY_MICROS_SERVICE1': '0.0', 'SLOWPOKE_POKER_BATCH_THRESHOLD_SERVICE1': '10', 'SLOWPOKE_DELAY_MICROS_SERVICE2': '0.0', 'SLOWPOKE_POKER_BATCH_THRESHOLD_SERVICE2': '10', 'SLOWPOKE_DELAY_MICROS_SERVICE3': '0.0', 'SLOWPOKE_POKER_BATCH_THRESHOLD_SERVICE3': '10', 'SLOWPOKE_DELAY_MICROS_SERVICE4': '0.0', 'SLOWPOKE_POKER_BATCH_THRESHOLD_SERVICE4': '10', 'SLOWPOKE_DELAY_MICROS_SERVICE5': '0.0', 'SLOWPOKE_POKER_BATCH_THRESHOLD_SERVICE5': '10', 'SLOWPOKE_DELAY_MICROS_SERVICE6': '0.0', 'SLOWPOKE_POKER_BATCH_THRESHOLD_SERVICE6': '10', 'SLOWPOKE_DELAY_MICROS_SERVICE7': '0.0', 'SLOWPOKE_POKER_BATCH_THRESHOLD_SERVICE7': '10', 'SLOWPOKE_DELAY_MICROS_SERVICE8': '0.0', 'SLOWPOKE_POKER_BATCH_THRESHOLD_SERVICE8': '10', 'SLOWPOKE_DELAY_MICROS_SERVICE9': '0.0', 'SLOWPOKE_POKER_BATCH_THRESHOLD_SERVICE9': '10', 'SLOWPOKE_DELAY_MICROS_SERVICE10': '0.0', 'SLOWPOKE_POKER_BATCH_THRESHOLD_SERVICE10': '10', 'SLOWPOKE_DELAY_MICROS_SERVICE11': '0.0', 'SLOWPOKE_POKER_BATCH_THRESHOLD_SERVICE11': '10', 'SLOWPOKE_DELAY_MICROS_SERVICE12': '0.0', 'SLOWPOKE_POKER_BATCH_THRESHOLD_SERVICE12': '10'}
    [exp] Executing cmd `bash run.sh synthetic dag-balanced-http-sync 8 512 20000`:
        [run.sh] Running benchmark synthetic with request dag-balanced-http-sync, thread 8, conn 512, duration 60
        [run.sh] Deleting all services
        configmap "config-service0" deleted
        deployment.apps "service0" deleted
        service "service0" deleted
        configmap "config-service1" deleted
        deployment.apps "service1" deleted
        service "service1" deleted
        configmap "config-service10" deleted
        deployment.apps "service10" deleted
        service "service10" deleted
        configmap "config-service11" deleted
        deployment.apps "service11" deleted
        service "service11" deleted
        configmap "config-service12" deleted
        deployment.apps "service12" deleted
        service "service12" deleted
        configmap "config-service2" deleted
        deployment.apps "service2" deleted
        service "service2" deleted
        configmap "config-service3" deleted
        deployment.apps "service3" deleted
        service "service3" deleted
        configmap "config-service4" deleted
        deployment.apps "service4" deleted
        service "service4" deleted
        configmap "config-service5" deleted
        deployment.apps "service5" deleted
        service "service5" deleted
        configmap "config-service6" deleted
        deployment.apps "service6" deleted
        service "service6" deleted
        configmap "config-service7" deleted
        deployment.apps "service7" deleted
        service "service7" deleted
        configmap "config-service8" deleted
        deployment.apps "service8" deleted
        service "service8" deleted
        configmap "config-service9" deleted
        deployment.apps "service9" deleted
        service "service9" deleted
        deployment.apps "ubuntu-client" deleted
        [run.sh] Waiting for all pods to be deleted
        [run.sh] Deploying all services
        configmap/config-service0 created
        deployment.apps/service0 created
        service/service0 created
        configmap/config-service1 created
        deployment.apps/service1 created
        service/service1 created
        configmap/config-service10 created
        deployment.apps/service10 created
        service/service10 created
        configmap/config-service11 created
        deployment.apps/service11 created
        service/service11 created
        configmap/config-service12 created
        deployment.apps/service12 created
        service/service12 created
        configmap/config-service2 created
        deployment.apps/service2 created
        service/service2 created
        configmap/config-service3 created
        deployment.apps/service3 created
        service/service3 created
        configmap/config-service4 created
        deployment.apps/service4 created
        service/service4 created
        configmap/config-service5 created
        deployment.apps/service5 created
        service/service5 created
        configmap/config-service6 created
        deployment.apps/service6 created
        service/service6 created
        configmap/config-service7 created
        deployment.apps/service7 created
        service/service7 created
        configmap/config-service8 created
        deployment.apps/service8 created
        service/service8 created
        configmap/config-service9 created
        deployment.apps/service9 created
        service/service9 created
        [run.sh] Client pod not found, deploying client
        deployment.apps/ubuntu-client created
        [run.sh] Waiting for all pods to be running
        [run.sh] All pods are running
        [run.sh] Checking heartbeat for all services
        [run.sh] All pods can connect to all services
        [run.sh] Running warmup test
        [run.sh] /wrk/wrk -t8 -c512 -d3s -L http://service0:80/endpoint1
        Running 3s test @ http://service0:80/endpoint1
        8 threads and 512 connections
        Thread Stats   Avg      Stdev     Max   +/- Stdev
        Latency   509.62ms   98.11ms 982.00ms   71.25%
        Req/Sec   128.08     48.02   262.00     69.30%
        Latency Distribution
        50%  496.52ms
        75%  563.14ms
        90%  644.16ms
        99%  806.39ms
        2776 requests in 3.02s, 5.11MB read
        Requests/sec:    918.34
        Transfer/sec:      1.69MB
        [run.sh] Speed is 918.34, duration is 43
        [run.sh] Fix the request number.
        [run.sh] Running the actual test
        [run.sh] /wrk/wrk --timeout 20s -t8 -c512 -d43s -L -s /wrk/fix_req_n.lua http://service0:80/endpoint1
        [run.sh] Checking the resource usage
        NAME                             CPU(cores)   MEMORY(bytes)
        service0-5f7bfff576-zvw2k        1375m        51Mi
        service1-96558989f-zg8lz         929m         23Mi
        service10-6dfc96fb89-t75x9       338m         12Mi
        service11-fdc7b966d-n8sjm        504m         12Mi
        service12-7c4479d695-27gwj       657m         11Mi
        service2-b9b68cb9d-q4crz         1543m        24Mi
        service3-ddcb6f57c-qqzdr         1844m        21Mi
        service4-b87f5c5bd-5gc6m         542m         11Mi
        service5-75886d8875-r2fgr        944m         12Mi
        service6-6764844dcd-czrn7        1076m        11Mi
        service7-84cc97df4f-7nzmw        395m         13Mi
        service8-5bcf7cccb8-jrj2r        674m         13Mi
        service9-5dd9f4f756-7nfft        922m         12Mi
        ubuntu-client-76886f6bbd-s5cjn   39m          14Mi
        Running 43s test @ http://service0:80/endpoint1
        8 threads and 512 connections
        Thread Stats   Avg      Stdev     Max   +/- Stdev
        Latency   488.64ms   92.25ms 940.63ms   71.10%
        Req/Sec   130.68     46.21   313.00     68.00%
        Latency Distribution
        50%  478.47ms
        75%  542.60ms
        90%  610.25ms
        99%  740.68ms
        20000 requests in 43.00s, 36.77MB read
        Requests/sec:    465.11
        Transfer/sec:      0.86MB
        ------------------------------
        stop time: 19.278022
        stop time: 19.199909
        stop time: 19.311036
        stop time: 19.338834
        stop time: 19.408795
        stop time: 19.394322
        stop time: 19.471767
        stop time: 19.514910
        [run.sh] Test finished with status 0
        > STDERR
        > No resources found in default namespace.
    [exp] Times: [19.278022, 19.199909, 19.311036, 19.338834, 19.408795, 19.394322, 19.471767, 19.51491]
    [exp] Throughput: 1032.8071514407386
    [exp] Running (pre_run: False) workload synthetic/dag-balanced-http-sync request with the following configuration: {'CLIENT_CPU_QUOTA': '2', 'SLOWPOKE_POKER_BATCH_THRESHOLD': '30000000', 'PROCESSING_TIME_SERVICE0': '0.000704', 'PROCESSING_TIME_SERVICE1': '0.00129457', 'PROCESSING_TIME_SERVICE2': '0.00116639', 'PROCESSING_TIME_SERVICE3': '0.00110828', 'PROCESSING_TIME_SERVICE4': '0.0010355', 'PROCESSING_TIME_SERVICE5': '0.00096068', 'PROCESSING_TIME_SERVICE6': '0.00086843', 'PROCESSING_TIME_SERVICE7': '0.00082696', 'PROCESSING_TIME_SERVICE8': '0.00078828', 'PROCESSING_TIME_SERVICE9': '0.00070726', 'PROCESSING_TIME_SERVICE10': '0.00062595', 'PROCESSING_TIME_SERVICE11': '0.00051017', 'PROCESSING_TIME_SERVICE12': '0.00044798', 'SLOWPOKE_DELAY_MICROS_SERVICE0': '0.0', 'SLOWPOKE_POKER_BATCH_THRESHOLD_SERVICE0': '10', 'SLOWPOKE_DELAY_MICROS_SERVICE1': '0.0', 'SLOWPOKE_POKER_BATCH_THRESHOLD_SERVICE1': '10', 'SLOWPOKE_DELAY_MICROS_SERVICE2': '0.0', 'SLOWPOKE_POKER_BATCH_THRESHOLD_SERVICE2': '10', 'SLOWPOKE_DELAY_MICROS_SERVICE3': '0.0', 'SLOWPOKE_POKER_BATCH_THRESHOLD_SERVICE3': '10', 'SLOWPOKE_DELAY_MICROS_SERVICE4': '0.0', 'SLOWPOKE_POKER_BATCH_THRESHOLD_SERVICE4': '10', 'SLOWPOKE_DELAY_MICROS_SERVICE5': '0.0', 'SLOWPOKE_POKER_BATCH_THRESHOLD_SERVICE5': '10', 'SLOWPOKE_DELAY_MICROS_SERVICE6': '0.0', 'SLOWPOKE_POKER_BATCH_THRESHOLD_SERVICE6': '10', 'SLOWPOKE_DELAY_MICROS_SERVICE7': '0.0', 'SLOWPOKE_POKER_BATCH_THRESHOLD_SERVICE7': '10', 'SLOWPOKE_DELAY_MICROS_SERVICE8': '0.0', 'SLOWPOKE_POKER_BATCH_THRESHOLD_SERVICE8': '10', 'SLOWPOKE_DELAY_MICROS_SERVICE9': '0.0', 'SLOWPOKE_POKER_BATCH_THRESHOLD_SERVICE9': '10', 'SLOWPOKE_DELAY_MICROS_SERVICE10': '0.0', 'SLOWPOKE_POKER_BATCH_THRESHOLD_SERVICE10': '10', 'SLOWPOKE_DELAY_MICROS_SERVICE11': '0.0', 'SLOWPOKE_POKER_BATCH_THRESHOLD_SERVICE11': '10', 'SLOWPOKE_DELAY_MICROS_SERVICE12': '0.0', 'SLOWPOKE_POKER_BATCH_THRESHOLD_SERVICE12': '10'}
    [exp] Executing cmd `bash run.sh synthetic dag-balanced-http-sync 8 512 20000`:
        [run.sh] Running benchmark synthetic with request dag-balanced-http-sync, thread 8, conn 512, duration 60
        [run.sh] Deleting all services
        configmap "config-service0" deleted
        deployment.apps "service0" deleted
        service "service0" deleted
        configmap "config-service1" deleted
        deployment.apps "service1" deleted
        service "service1" deleted
        configmap "config-service10" deleted
        deployment.apps "service10" deleted
        service "service10" deleted
        configmap "config-service11" deleted
        deployment.apps "service11" deleted
        service "service11" deleted
        configmap "config-service12" deleted
        deployment.apps "service12" deleted
        service "service12" deleted
        configmap "config-service2" deleted
        deployment.apps "service2" deleted
        service "service2" deleted
        configmap "config-service3" deleted
        deployment.apps "service3" deleted
        service "service3" deleted
        configmap "config-service4" deleted
        deployment.apps "service4" deleted
        service "service4" deleted
        configmap "config-service5" deleted
        deployment.apps "service5" deleted
        service "service5" deleted
        configmap "config-service6" deleted
        deployment.apps "service6" deleted
        service "service6" deleted
        configmap "config-service7" deleted
        deployment.apps "service7" deleted
        service "service7" deleted
        configmap "config-service8" deleted
        deployment.apps "service8" deleted
        service "service8" deleted
        configmap "config-service9" deleted
        deployment.apps "service9" deleted
        service "service9" deleted
        deployment.apps "ubuntu-client" deleted
        [run.sh] Waiting for all pods to be deleted
        [run.sh] Deploying all services
        configmap/config-service0 created
        deployment.apps/service0 created
        service/service0 created
        configmap/config-service1 created
        deployment.apps/service1 created
        service/service1 created
        configmap/config-service10 created
        deployment.apps/service10 created
        service/service10 created
        configmap/config-service11 created
        deployment.apps/service11 created
        service/service11 created
        configmap/config-service12 created
        deployment.apps/service12 created
        service/service12 created
        configmap/config-service2 created
        deployment.apps/service2 created
        service/service2 created
        configmap/config-service3 created
        deployment.apps/service3 created
        service/service3 created
        configmap/config-service4 created
        deployment.apps/service4 created
        service/service4 created
        configmap/config-service5 created
        deployment.apps/service5 created
        service/service5 created
        configmap/config-service6 created
        deployment.apps/service6 created
        service/service6 created
        configmap/config-service7 created
        deployment.apps/service7 created
        service/service7 created
        configmap/config-service8 created
        deployment.apps/service8 created
        service/service8 created
        configmap/config-service9 created
        deployment.apps/service9 created
        service/service9 created
        [run.sh] Client pod not found, deploying client
        deployment.apps/ubuntu-client created
        [run.sh] Waiting for all pods to be running
        [run.sh] All pods are running
        [run.sh] Checking heartbeat for all services
        [run.sh] All pods can connect to all services
        [run.sh] Running warmup test
        [run.sh] /wrk/wrk -t8 -c512 -d3s -L http://service0:80/endpoint1
        Running 3s test @ http://service0:80/endpoint1
        8 threads and 512 connections
        Thread Stats   Avg      Stdev     Max   +/- Stdev
        Latency   535.54ms  149.68ms   1.22s    75.55%
        Req/Sec   129.03     52.09   270.00     69.50%
        Latency Distribution
        50%  491.07ms
        75%  605.22ms
        90%  756.07ms
        99%  997.34ms
        2662 requests in 3.02s, 4.89MB read
        Requests/sec:    880.85
        Transfer/sec:      1.62MB
        [run.sh] Speed is 880.85, duration is 45
        [run.sh] Fix the request number.
        [run.sh] Running the actual test
        [run.sh] /wrk/wrk --timeout 20s -t8 -c512 -d45s -L -s /wrk/fix_req_n.lua http://service0:80/endpoint1
        [run.sh] Checking the resource usage
        NAME                             CPU(cores)   MEMORY(bytes)
        service0-5f7bfff576-sdqnz        33m          53Mi
        service1-96558989f-lwcqq         470m         23Mi
        service10-6dfc96fb89-c2bvr       133m         11Mi
        service11-fdc7b966d-7rxbx        325m         12Mi
        service12-7c4479d695-dbxtg       501m         11Mi
        service2-b9b68cb9d-wxpd8         1108m        21Mi
        service3-ddcb6f57c-mx87k         1540m        21Mi
        service4-b87f5c5bd-g4qxd         245m         12Mi
        service5-75886d8875-24s2j        659m         12Mi
        service6-6764844dcd-5g97s        852m         11Mi
        service7-84cc97df4f-82qtd        144m         11Mi
        service8-5bcf7cccb8-drh4b        431m         11Mi
        service9-5dd9f4f756-jq6bk        699m         11Mi
        ubuntu-client-76886f6bbd-xl5s6   26m          14Mi
        Running 45s test @ http://service0:80/endpoint1
        8 threads and 512 connections
        Thread Stats   Avg      Stdev     Max   +/- Stdev
        Latency   497.41ms  100.31ms   1.17s    75.67%
        Req/Sec   128.01     43.88   290.00     69.98%
        Latency Distribution
        50%  486.87ms
        75%  549.61ms
        90%  613.96ms
        99%  805.54ms
        20000 requests in 45.00s, 36.77MB read
        Requests/sec:    444.44
        Transfer/sec:    836.80KB
        ------------------------------
        stop time: 19.389771
        stop time: 19.463899
        stop time: 19.485906
        stop time: 19.631904
        stop time: 19.808935
        stop time: 19.819814
        stop time: 19.961725
        stop time: 19.890650
        [run.sh] Test finished with status 0
        > STDERR
        > No resources found in default namespace.
    [exp] Times: [19.389771, 19.463899, 19.485906, 19.631904, 19.808935, 19.819814, 19.961725, 19.89065]
    [exp] Throughput: 1016.1788114980936
[test.py] Running slowdown experiment
    [exp] Running (pre_run: False) workload synthetic/dag-balanced-http-sync request with the following configuration: {'CLIENT_CPU_QUOTA': '2', 'SLOWPOKE_POKER_BATCH_THRESHOLD': '30000000', 'PROCESSING_TIME_SERVICE0': '0.00140994', 'PROCESSING_TIME_SERVICE1': '0.00129457', 'PROCESSING_TIME_SERVICE2': '0.00116639', 'PROCESSING_TIME_SERVICE3': '0.00110828', 'PROCESSING_TIME_SERVICE4': '0.0010355', 'PROCESSING_TIME_SERVICE5': '0.00096068', 'PROCESSING_TIME_SERVICE6': '0.00086843', 'PROCESSING_TIME_SERVICE7': '0.00082696', 'PROCESSING_TIME_SERVICE8': '0.00078828', 'PROCESSING_TIME_SERVICE9': '0.00070726', 'PROCESSING_TIME_SERVICE10': '0.00062595', 'PROCESSING_TIME_SERVICE11': '0.00051017', 'PROCESSING_TIME_SERVICE12': '0.00044798', 'SLOWPOKE_DELAY_MICROS_SERVICE0': '0.0', 'SLOWPOKE_POKER_BATCH_THRESHOLD_SERVICE0': '10', 'SLOWPOKE_DELAY_MICROS_SERVICE1': '704.5', 'SLOWPOKE_POKER_BATCH_THRESHOLD_SERVICE1': '70450000', 'SLOWPOKE_DELAY_MICROS_SERVICE2': '704.5', 'SLOWPOKE_POKER_BATCH_THRESHOLD_SERVICE2': '70450000', 'SLOWPOKE_DELAY_MICROS_SERVICE3': '704.5', 'SLOWPOKE_POKER_BATCH_THRESHOLD_SERVICE3': '70450000', 'SLOWPOKE_DELAY_MICROS_SERVICE4': '704.5', 'SLOWPOKE_POKER_BATCH_THRESHOLD_SERVICE4': '70450000', 'SLOWPOKE_DELAY_MICROS_SERVICE5': '704.5', 'SLOWPOKE_POKER_BATCH_THRESHOLD_SERVICE5': '70450000', 'SLOWPOKE_DELAY_MICROS_SERVICE6': '704.5', 'SLOWPOKE_POKER_BATCH_THRESHOLD_SERVICE6': '70450000', 'SLOWPOKE_DELAY_MICROS_SERVICE7': '704.5', 'SLOWPOKE_POKER_BATCH_THRESHOLD_SERVICE7': '70450000', 'SLOWPOKE_DELAY_MICROS_SERVICE8': '704.5', 'SLOWPOKE_POKER_BATCH_THRESHOLD_SERVICE8': '70450000', 'SLOWPOKE_DELAY_MICROS_SERVICE9': '704.5', 'SLOWPOKE_POKER_BATCH_THRESHOLD_SERVICE9': '70450000', 'SLOWPOKE_DELAY_MICROS_SERVICE10': '704.5', 'SLOWPOKE_POKER_BATCH_THRESHOLD_SERVICE10': '70450000', 'SLOWPOKE_DELAY_MICROS_SERVICE11': '704.5', 'SLOWPOKE_POKER_BATCH_THRESHOLD_SERVICE11': '70450000', 'SLOWPOKE_DELAY_MICROS_SERVICE12': '704.5', 'SLOWPOKE_POKER_BATCH_THRESHOLD_SERVICE12': '70450000'}
    [exp] Executing cmd `bash run.sh synthetic dag-balanced-http-sync 8 512 20000`:
        [run.sh] Running benchmark synthetic with request dag-balanced-http-sync, thread 8, conn 512, duration 60
        [run.sh] Deleting all services
        configmap "config-service0" deleted
        deployment.apps "service0" deleted
        service "service0" deleted
        configmap "config-service1" deleted
        deployment.apps "service1" deleted
        service "service1" deleted
        configmap "config-service10" deleted
        deployment.apps "service10" deleted
        service "service10" deleted
        configmap "config-service11" deleted
        deployment.apps "service11" deleted
        service "service11" deleted
        configmap "config-service12" deleted
        deployment.apps "service12" deleted
        service "service12" deleted
        configmap "config-service2" deleted
        deployment.apps "service2" deleted
        service "service2" deleted
        configmap "config-service3" deleted
        deployment.apps "service3" deleted
        service "service3" deleted
        configmap "config-service4" deleted
        deployment.apps "service4" deleted
        service "service4" deleted
        configmap "config-service5" deleted
        deployment.apps "service5" deleted
        service "service5" deleted
        configmap "config-service6" deleted
        deployment.apps "service6" deleted
        service "service6" deleted
        configmap "config-service7" deleted
        deployment.apps "service7" deleted
        service "service7" deleted
        configmap "config-service8" deleted
        deployment.apps "service8" deleted
        service "service8" deleted
        configmap "config-service9" deleted
        deployment.apps "service9" deleted
        service "service9" deleted
        deployment.apps "ubuntu-client" deleted
        [run.sh] Waiting for all pods to be deleted
        [run.sh] Deploying all services
        configmap/config-service0 created
        deployment.apps/service0 created
        service/service0 created
        configmap/config-service1 created
        deployment.apps/service1 created
        service/service1 created
        configmap/config-service10 created
        deployment.apps/service10 created
        service/service10 created
        configmap/config-service11 created
        deployment.apps/service11 created
        service/service11 created
        configmap/config-service12 created
        deployment.apps/service12 created
        service/service12 created
        configmap/config-service2 created
        deployment.apps/service2 created
        service/service2 created
        configmap/config-service3 created
        deployment.apps/service3 created
        service/service3 created
        configmap/config-service4 created
        deployment.apps/service4 created
        service/service4 created
        configmap/config-service5 created
        deployment.apps/service5 created
        service/service5 created
        configmap/config-service6 created
        deployment.apps/service6 created
        service/service6 created
        configmap/config-service7 created
        deployment.apps/service7 created
        service/service7 created
        configmap/config-service8 created
        deployment.apps/service8 created
        service/service8 created
        configmap/config-service9 created
        deployment.apps/service9 created
        service/service9 created
        [run.sh] Client pod not found, deploying client
        deployment.apps/ubuntu-client created
        [run.sh] Waiting for all pods to be running
        [run.sh] All pods are running
        [run.sh] Checking heartbeat for all services
        [run.sh] All pods can connect to all services
        [run.sh] Running warmup test
        [run.sh] /wrk/wrk -t8 -c512 -d3s -L http://service0:80/endpoint1
        Running 3s test @ http://service0:80/endpoint1
        8 threads and 512 connections
        Thread Stats   Avg      Stdev     Max   +/- Stdev
        Latency   875.39ms  154.84ms   1.49s    77.90%
        Req/Sec    73.07     37.72   190.00     68.37%
        Latency Distribution
        50%  850.00ms
        75%  920.69ms
        90%    1.10s
        99%    1.30s
        1511 requests in 3.02s, 2.78MB read
        Requests/sec:    501.02
        Transfer/sec:      0.92MB
        [run.sh] Speed is 501.02, duration is 79
        [run.sh] Fix the request number.
        [run.sh] Running the actual test
        [run.sh] /wrk/wrk --timeout 20s -t8 -c512 -d79s -L -s /wrk/fix_req_n.lua http://service0:80/endpoint1
        [run.sh] Checking the resource usage
        NAME                             CPU(cores)   MEMORY(bytes)
        service0-5f7bfff576-rkmgk        540m         52Mi
        service1-6c89cd99d-zh86v         237m         25Mi
        service10-85f7f6d694-vr4xz       146m         10Mi
        service11-c6659bb7f-s7kxm        15m          11Mi
        service12-558b48df96-24wrh       136m         9Mi
        service2-69d655bd55-n77f2        197m         16Mi
        service3-7dd96d5996-qwlvz        466m         18Mi
        service4-64466b4f5c-skfnb        185m         14Mi
        service5-787d56c58-cmst7         105m         13Mi
        service6-5485f4df47-v86qw        234m         11Mi
        service7-7785c8b9c6-t7z78        189m         10Mi
        service8-844f9599bf-dsknb        35m          9Mi
        service9-5b67f77879-x55m2        184m         9Mi
        ubuntu-client-76886f6bbd-vszxj   6m           13Mi
        Running 1m test @ http://service0:80/endpoint1
        8 threads and 512 connections
        Thread Stats   Avg      Stdev     Max   +/- Stdev
        Latency   880.41ms  104.35ms   1.60s    81.60%
        Req/Sec    72.69     38.40   222.00     67.22%
        Latency Distribution
        50%  874.42ms
        75%  929.27ms
        90%  990.58ms
        99%    1.15s
        20000 requests in 1.32m, 36.78MB read
        Requests/sec:    253.16
        Transfer/sec:    476.68KB
        ------------------------------
        stop time: 34.397318
        stop time: 34.420893
        stop time: 34.737571
        stop time: 34.937471
        stop time: 35.086729
        stop time: 35.068455
        stop time: 34.934989
        stop time: 34.921227
        [run.sh] Test finished with status 0
        > STDERR
        > No resources found in default namespace.
    [exp] Times: [34.397318, 34.420893, 34.737571, 34.937471, 35.086729, 35.068455, 34.934989, 34.921227]
    [exp] Throughput: 574.4966853390418
    [exp] Running (pre_run: False) workload synthetic/dag-balanced-http-sync request with the following configuration: {'CLIENT_CPU_QUOTA': '2', 'SLOWPOKE_POKER_BATCH_THRESHOLD': '30000000', 'PROCESSING_TIME_SERVICE0': '0.00140994', 'PROCESSING_TIME_SERVICE1': '0.00129457', 'PROCESSING_TIME_SERVICE2': '0.00116639', 'PROCESSING_TIME_SERVICE3': '0.00110828', 'PROCESSING_TIME_SERVICE4': '0.0010355', 'PROCESSING_TIME_SERVICE5': '0.00096068', 'PROCESSING_TIME_SERVICE6': '0.00086843', 'PROCESSING_TIME_SERVICE7': '0.00082696', 'PROCESSING_TIME_SERVICE8': '0.00078828', 'PROCESSING_TIME_SERVICE9': '0.00070726', 'PROCESSING_TIME_SERVICE10': '0.00062595', 'PROCESSING_TIME_SERVICE11': '0.00051017', 'PROCESSING_TIME_SERVICE12': '0.00044798', 'SLOWPOKE_DELAY_MICROS_SERVICE0': '0.0', 'SLOWPOKE_POKER_BATCH_THRESHOLD_SERVICE0': '10', 'SLOWPOKE_DELAY_MICROS_SERVICE1': '352.5', 'SLOWPOKE_POKER_BATCH_THRESHOLD_SERVICE1': '35250000', 'SLOWPOKE_DELAY_MICROS_SERVICE2': '352.5', 'SLOWPOKE_POKER_BATCH_THRESHOLD_SERVICE2': '35250000', 'SLOWPOKE_DELAY_MICROS_SERVICE3': '352.5', 'SLOWPOKE_POKER_BATCH_THRESHOLD_SERVICE3': '35250000', 'SLOWPOKE_DELAY_MICROS_SERVICE4': '352.5', 'SLOWPOKE_POKER_BATCH_THRESHOLD_SERVICE4': '35250000', 'SLOWPOKE_DELAY_MICROS_SERVICE5': '352.5', 'SLOWPOKE_POKER_BATCH_THRESHOLD_SERVICE5': '35250000', 'SLOWPOKE_DELAY_MICROS_SERVICE6': '352.5', 'SLOWPOKE_POKER_BATCH_THRESHOLD_SERVICE6': '35250000', 'SLOWPOKE_DELAY_MICROS_SERVICE7': '352.5', 'SLOWPOKE_POKER_BATCH_THRESHOLD_SERVICE7': '35250000', 'SLOWPOKE_DELAY_MICROS_SERVICE8': '352.5', 'SLOWPOKE_POKER_BATCH_THRESHOLD_SERVICE8': '35250000', 'SLOWPOKE_DELAY_MICROS_SERVICE9': '352.5', 'SLOWPOKE_POKER_BATCH_THRESHOLD_SERVICE9': '35250000', 'SLOWPOKE_DELAY_MICROS_SERVICE10': '352.5', 'SLOWPOKE_POKER_BATCH_THRESHOLD_SERVICE10': '35250000', 'SLOWPOKE_DELAY_MICROS_SERVICE11': '352.5', 'SLOWPOKE_POKER_BATCH_THRESHOLD_SERVICE11': '35250000', 'SLOWPOKE_DELAY_MICROS_SERVICE12': '352.5', 'SLOWPOKE_POKER_BATCH_THRESHOLD_SERVICE12': '35250000'}
    [exp] Executing cmd `bash run.sh synthetic dag-balanced-http-sync 8 512 20000`:
        [run.sh] Running benchmark synthetic with request dag-balanced-http-sync, thread 8, conn 512, duration 60
        [run.sh] Deleting all services
        configmap "config-service0" deleted
        deployment.apps "service0" deleted
        service "service0" deleted
        configmap "config-service1" deleted
        deployment.apps "service1" deleted
        service "service1" deleted
        configmap "config-service10" deleted
        deployment.apps "service10" deleted
        service "service10" deleted
        configmap "config-service11" deleted
        deployment.apps "service11" deleted
        service "service11" deleted
        configmap "config-service12" deleted
        deployment.apps "service12" deleted
        service "service12" deleted
        configmap "config-service2" deleted
        deployment.apps "service2" deleted
        service "service2" deleted
        configmap "config-service3" deleted
        deployment.apps "service3" deleted
        service "service3" deleted
        configmap "config-service4" deleted
        deployment.apps "service4" deleted
        service "service4" deleted
        configmap "config-service5" deleted
        deployment.apps "service5" deleted
        service "service5" deleted
        configmap "config-service6" deleted
        deployment.apps "service6" deleted
        service "service6" deleted
        configmap "config-service7" deleted
        deployment.apps "service7" deleted
        service "service7" deleted
        configmap "config-service8" deleted
        deployment.apps "service8" deleted
        service "service8" deleted
        configmap "config-service9" deleted
        deployment.apps "service9" deleted
        service "service9" deleted
        deployment.apps "ubuntu-client" deleted
        [run.sh] Waiting for all pods to be deleted
        [run.sh] Deploying all services
        configmap/config-service0 created
        deployment.apps/service0 created
        service/service0 created
        configmap/config-service1 created
        deployment.apps/service1 created
        service/service1 created
        configmap/config-service10 created
        deployment.apps/service10 created
        service/service10 created
        configmap/config-service11 created
        deployment.apps/service11 created
        service/service11 created
        configmap/config-service12 created
        deployment.apps/service12 created
        service/service12 created
        configmap/config-service2 created
        deployment.apps/service2 created
        service/service2 created
        configmap/config-service3 created
        deployment.apps/service3 created
        service/service3 created
        configmap/config-service4 created
        deployment.apps/service4 created
        service/service4 created
        configmap/config-service5 created
        deployment.apps/service5 created
        service/service5 created
        configmap/config-service6 created
        deployment.apps/service6 created
        service/service6 created
        configmap/config-service7 created
        deployment.apps/service7 created
        service/service7 created
        configmap/config-service8 created
        deployment.apps/service8 created
        service/service8 created
        configmap/config-service9 created
        deployment.apps/service9 created
        service/service9 created
        [run.sh] Client pod not found, deploying client
        deployment.apps/ubuntu-client created
        [run.sh] Waiting for all pods to be running
        [run.sh] All pods are running
        [run.sh] Checking heartbeat for all services
        [run.sh] All pods can connect to all services
        [run.sh] Running warmup test
        [run.sh] /wrk/wrk -t8 -c512 -d3s -L http://service0:80/endpoint1
        Running 3s test @ http://service0:80/endpoint1
        8 threads and 512 connections
        Thread Stats   Avg      Stdev     Max   +/- Stdev
        Latency   721.21ms  135.36ms   1.22s    76.22%
        Req/Sec    91.76     40.13   210.00     70.73%
        Latency Distribution
        50%  691.49ms
        75%  780.06ms
        90%  930.09ms
        99%    1.10s
        1909 requests in 3.04s, 3.51MB read
        Requests/sec:    628.33
        Transfer/sec:      1.16MB
        [run.sh] Speed is 628.33, duration is 63
        [run.sh] Fix the request number.
        [run.sh] Running the actual test
        [run.sh] /wrk/wrk --timeout 20s -t8 -c512 -d63s -L -s /wrk/fix_req_n.lua http://service0:80/endpoint1
        [run.sh] Checking the resource usage
        NAME                             CPU(cores)   MEMORY(bytes)
        service0-5f7bfff576-56h59        1722m        55Mi
        service1-5d67cd7b58-2bjvl        1437m        25Mi
        service10-86dc7b6c74-bggvq       616m         11Mi
        service11-6d8bc75787-kwd9t       515m         10Mi
        service12-559f8b7c48-bvknj       473m         10Mi
        service2-7ccd49c45f-l5cdv        1407m        25Mi
        service3-79fd9bfd4d-mtxn9        1328m        19Mi
        service4-79849549b9-7lnrh        908m         12Mi
        service5-5f747c958-7fxtp         848m         13Mi
        service6-866fd5bd99-mhgwl        779m         12Mi
        service7-94554f6b4-b276d         769m         13Mi
        service8-9f958b96f-zmgz2         726m         12Mi
        service9-7c9b6dfcdc-m7lsk        662m         12Mi
        ubuntu-client-76886f6bbd-t8r77   37m          14Mi
        Running 1m test @ http://service0:80/endpoint1
        8 threads and 512 connections
        Thread Stats   Avg      Stdev     Max   +/- Stdev
        Latency   686.24ms   85.43ms   1.36s    75.62%
        Req/Sec    93.60     38.24   250.00     70.03%
        Latency Distribution
        50%  678.11ms
        75%  727.50ms
        90%  783.71ms
        99%  956.90ms
        20000 requests in 1.05m, 36.77MB read
        Requests/sec:    317.46
        Transfer/sec:    597.72KB
        ------------------------------
        stop time: 27.152235
        stop time: 26.980085
        stop time: 26.989732
        stop time: 27.140394
        stop time: 27.182220
        stop time: 27.234873
        stop time: 27.274550
        stop time: 27.359718
        [run.sh] Test finished with status 0
        > STDERR
        > No resources found in default namespace.
    [exp] Times: [27.152235, 26.980085, 26.989732, 27.140394, 27.18222, 27.234873, 27.27455, 27.359718]
    [exp] Throughput: 736.2624685876494
[test.py] Baseline throughput:  913.8816845818701
[test.py] Groundtruth:  [1032.8071514407386, 1016.1788114980936]
[test.py] Slowdown:  [574.4966853390418, 736.2624685876494]
[test.py] Predicted:  [965.5453995132075, 994.7860341764837]
[test.py] Error percentage:  [-6.512518027562335, -2.1052178100497723]
[test.py] ++++++++++++++++++++++++++++++++ Summary: 
[test.py] Result for the experiment 0: 
    Baseline throughput: 913.8816845818701
    Groundtruth: [1032.8071514407386, 1016.1788114980936]
    Slowdown:    [574.4966853390418, 736.2624685876494]
    Predicted:   [965.5453995132075, 994.7860341764837]
    Error Perc:  [-6.512518027562335, -2.1052178100497723]
