[config.py] Random numbers for execution time: [522.2551759100179, 696.0933418365564, 1061.686329548961]
benchmark                        : synthetic
num_threads                      : 8
num_conns                        : 512
target_service                   : service2
request_type                     : dynamic-cache-grpc-async
repetitions                      : 5
target_num_exp                   : 10
pre_run                          : False
num_req                          : 20000
groundtruths                     : []
slowdowns                        : []
predicteds                       : []
errs                             : []
poker_batch_req                  : 100
client_cpu_quota                 : 2
random_seed                      : 22745
request_ratio                    : {'service0': 1, 'service1': 1, 'service2': 0.25}
baseline_service_processing_time : {'service0': 1061.69, 'service1': 696.09, 'service2': 4178.04}
cpu_quota                        : {'service0': 2, 'service1': 2, 'service2': 2}
target_processing_time_range     : [0, 4178.04]
baseline_throughputs             : []
poker_batch                      : 20000000
[test.py] Starting experiment...
[test.py] >>>>>>>>>>>>>>>>>>>>>>>>>>>>> Running experiment 0...
[test.py] Actual processing time range: [0, 417, 834, 1251, 1668, 2085, 2502, 2919, 3336, 3753]
[test.py] Running baseline experiment
    [exp] Running (pre_run: False) workload synthetic/dynamic-cache-grpc-async request with the following configuration: {'CLIENT_CPU_QUOTA': '2', 'SLOWPOKE_POKER_BATCH_THRESHOLD': '20000000', 'PROCESSING_TIME_SERVICE0': '0.00106169', 'PROCESSING_TIME_SERVICE1': '0.00069609', 'PROCESSING_TIME_SERVICE2': '0.00417804', 'SLOWPOKE_DELAY_MICROS_SERVICE0': '0.0', 'SLOWPOKE_POKER_BATCH_THRESHOLD_SERVICE0': '100', 'SLOWPOKE_IS_TARGET_SERVICE_SERVICE0': 'false', 'SLOWPOKE_DELAY_MICROS_SERVICE1': '0.0', 'SLOWPOKE_POKER_BATCH_THRESHOLD_SERVICE1': '100', 'SLOWPOKE_IS_TARGET_SERVICE_SERVICE1': 'false', 'SLOWPOKE_DELAY_MICROS_SERVICE2': '0.0', 'SLOWPOKE_POKER_BATCH_THRESHOLD_SERVICE2': '100', 'SLOWPOKE_IS_TARGET_SERVICE_SERVICE2': 'true'}
    [exp] Executing cmd `bash run.sh synthetic dynamic-cache-grpc-async 8 512 20000`:
        [run.sh] Running benchmark synthetic with request dynamic-cache-grpc-async, thread 8, conn 512, duration 60
        [run.sh] Deleting all services
        configmap "config-service0" deleted
        deployment.apps "service0" deleted
        service "service0" deleted
        configmap "config-service1" deleted
        deployment.apps "service1" deleted
        service "service1" deleted
        configmap "config-service2" deleted
        deployment.apps "service2" deleted
        service "service2" deleted
        deployment.apps "ubuntu-client" deleted
        [run.sh] Waiting for all pods to be deleted
        [run.sh] Deploying all services
        configmap/config-service0 created
        deployment.apps/service0 created
        service/service0 created
        configmap/config-service1 created
        deployment.apps/service1 created
        service/service1 created
        configmap/config-service2 created
        deployment.apps/service2 created
        service/service2 created
        [run.sh] Client pod not found, deploying client
        deployment.apps/ubuntu-client created
        [run.sh] Waiting for all pods to be running
        [run.sh] All pods are running
        [run.sh] Checking heartbeat for all services
        [run.sh] Running warmup test
        [run.sh] /wrk/wrk -t8 -c512 --timeout 3s -d3s -L http://service0:80/endpoint1
        Running 3s test @ http://service0:80/endpoint1
        8 threads and 512 connections
        Thread Stats   Avg      Stdev     Max   +/- Stdev
        Latency   330.46ms  171.06ms   1.16s    73.61%
        Req/Sec   191.73    118.76   520.00     68.98%
        Latency Distribution
        50%  310.04ms
        75%  427.48ms
        90%  529.16ms
        99%  879.14ms
        4260 requests in 3.03s, 661.46KB read
        Requests/sec:   1406.14
        Transfer/sec:    218.34KB
        [run.sh] Speed is 1406.14, duration is 21
        [run.sh] Fix the request number.
        [run.sh] Running the actual test
        [run.sh] /wrk/wrk --timeout 20s -t8 -c512 -d21s -L -s /wrk/fix_req_n.lua http://service0:80/endpoint1
        Running 21s test @ http://service0:80/endpoint1
        8 threads and 512 connections
        Thread Stats   Avg      Stdev     Max   +/- Stdev
        Latency   334.56ms  231.72ms   2.27s    81.42%
        Req/Sec   194.77    105.98   630.00     68.23%
        Latency Distribution
        50%  283.70ms
        75%  404.92ms
        90%  620.51ms
        99%    1.17s
        20000 requests in 21.00s, 3.03MB read
        Requests/sec:    952.38
        Transfer/sec:    147.88KB
        ------------------------------
        stop time: 12.721979
        stop time: 12.826749
        stop time: 13.069549
        stop time: 13.011415
        stop time: 13.007787
        stop time: 13.138239
        stop time: 13.173153
        stop time: 13.172396
        [run.sh] Checking the resource usage
        NAME                             CPU(cores)   MEMORY(bytes)
        service0-6fb7cc7c7f-x45hd        415m         52Mi
        service1-76b89695f7-6cvsv        215m         19Mi
        service2-7bdbb95446-fc4wm        538m         12Mi
        ubuntu-client-76886f6bbd-kw6ls   15m          12Mi
        [run.sh] Test finished with status 0
        > STDERR
        > No resources found in default namespace.
    [exp] Times: [12.721979, 12.826749, 13.069549, 13.011415, 13.007787, 13.138239, 13.173153, 13.172396]
    [exp] Throughput: 1536.6697372209271
[test.py] Baseline throughput: 1536.6697372209271
[test.py] Running 0th optmization experiment
[test.py] Running 0th groundtruth exp
    [exp] Running (pre_run: False) workload synthetic/dynamic-cache-grpc-async request with the following configuration: {'CLIENT_CPU_QUOTA': '2', 'SLOWPOKE_POKER_BATCH_THRESHOLD': '20000000', 'PROCESSING_TIME_SERVICE0': '0.00106169', 'PROCESSING_TIME_SERVICE1': '0.00069609', 'PROCESSING_TIME_SERVICE2': '0.0', 'SLOWPOKE_DELAY_MICROS_SERVICE0': '0.0', 'SLOWPOKE_POKER_BATCH_THRESHOLD_SERVICE0': '100', 'SLOWPOKE_IS_TARGET_SERVICE_SERVICE0': 'false', 'SLOWPOKE_DELAY_MICROS_SERVICE1': '0.0', 'SLOWPOKE_POKER_BATCH_THRESHOLD_SERVICE1': '100', 'SLOWPOKE_IS_TARGET_SERVICE_SERVICE1': 'false', 'SLOWPOKE_DELAY_MICROS_SERVICE2': '0.0', 'SLOWPOKE_POKER_BATCH_THRESHOLD_SERVICE2': '100', 'SLOWPOKE_IS_TARGET_SERVICE_SERVICE2': 'true'}
    [exp] Executing cmd `bash run.sh synthetic dynamic-cache-grpc-async 8 512 20000`:
        [run.sh] Running benchmark synthetic with request dynamic-cache-grpc-async, thread 8, conn 512, duration 60
        [run.sh] Deleting all services
        configmap "config-service0" deleted
        deployment.apps "service0" deleted
        service "service0" deleted
        configmap "config-service1" deleted
        deployment.apps "service1" deleted
        service "service1" deleted
        configmap "config-service2" deleted
        deployment.apps "service2" deleted
        service "service2" deleted
        deployment.apps "ubuntu-client" deleted
        [run.sh] Waiting for all pods to be deleted
        [run.sh] Deploying all services
        configmap/config-service0 created
        deployment.apps/service0 created
        service/service0 created
        configmap/config-service1 created
        deployment.apps/service1 created
        service/service1 created
        configmap/config-service2 created
        deployment.apps/service2 created
        service/service2 created
        [run.sh] Client pod not found, deploying client
        deployment.apps/ubuntu-client created
        [run.sh] Waiting for all pods to be running
        [run.sh] All pods are running
        [run.sh] Checking heartbeat for all services
        [run.sh] Running warmup test
        [run.sh] /wrk/wrk -t8 -c512 --timeout 3s -d3s -L http://service0:80/endpoint1
        Running 3s test @ http://service0:80/endpoint1
        8 threads and 512 connections
        Thread Stats   Avg      Stdev     Max   +/- Stdev
        Latency   335.49ms  179.74ms   1.17s    71.71%
        Req/Sec   193.18    122.36   550.00     69.38%
        Latency Distribution
        50%  301.76ms
        75%  449.08ms
        90%  536.05ms
        99%  864.59ms
        4155 requests in 3.02s, 645.16KB read
        Requests/sec:   1376.17
        Transfer/sec:    213.68KB
        [run.sh] Speed is 1376.17, duration is 21
        [run.sh] Fix the request number.
        [run.sh] Running the actual test
        [run.sh] /wrk/wrk --timeout 20s -t8 -c512 -d21s -L -s /wrk/fix_req_n.lua http://service0:80/endpoint1
        Running 21s test @ http://service0:80/endpoint1
        8 threads and 512 connections
        Thread Stats   Avg      Stdev     Max   +/- Stdev
        Latency   339.30ms  240.46ms   1.95s    84.25%
        Req/Sec   193.51    111.16   540.00     64.20%
        Latency Distribution
        50%  268.61ms
        75%  382.81ms
        90%  636.74ms
        99%    1.34s
        20000 requests in 21.00s, 3.03MB read
        Requests/sec:    952.37
        Transfer/sec:    147.88KB
        ------------------------------
        stop time: 12.581474
        stop time: 12.910746
        stop time: 12.830954
        stop time: 13.024266
        stop time: 13.022332
        stop time: 13.230835
        stop time: 13.233175
        stop time: 13.288377
        [run.sh] Checking the resource usage
        NAME                             CPU(cores)   MEMORY(bytes)
        service0-6fb7cc7c7f-ddg8c        2m           51Mi
        service1-76b89695f7-hkwz8        509m         16Mi
        service2-7bdbb95446-g4lcm        0m           8Mi
        ubuntu-client-76886f6bbd-4kfss   21m          0Mi
        [run.sh] Test finished with status 0
        > STDERR
        > No resources found in default namespace.
    [exp] Times: [12.581474, 12.910746, 12.830954, 13.024266, 13.022332, 13.230835, 13.233175, 13.288377]
    [exp] Throughput: 1536.6565727858176
[test.py] Running 0th slowdown exp
    [exp] Running (pre_run: False) workload synthetic/dynamic-cache-grpc-async request with the following configuration: {'CLIENT_CPU_QUOTA': '2', 'SLOWPOKE_POKER_BATCH_THRESHOLD': '20000000', 'PROCESSING_TIME_SERVICE0': '0.00106169', 'PROCESSING_TIME_SERVICE1': '0.00069609', 'PROCESSING_TIME_SERVICE2': '0.00417804', 'SLOWPOKE_DELAY_MICROS_SERVICE0': '522.0', 'SLOWPOKE_POKER_BATCH_THRESHOLD_SERVICE0': '100', 'SLOWPOKE_IS_TARGET_SERVICE_SERVICE0': 'false', 'SLOWPOKE_DELAY_MICROS_SERVICE1': '522.0', 'SLOWPOKE_POKER_BATCH_THRESHOLD_SERVICE1': '100', 'SLOWPOKE_IS_TARGET_SERVICE_SERVICE1': 'false', 'SLOWPOKE_DELAY_MICROS_SERVICE2': '0.0', 'SLOWPOKE_POKER_BATCH_THRESHOLD_SERVICE2': '100', 'SLOWPOKE_IS_TARGET_SERVICE_SERVICE2': 'true'}
    [exp] Executing cmd `bash run.sh synthetic dynamic-cache-grpc-async 8 512 20000`:
        [run.sh] Running benchmark synthetic with request dynamic-cache-grpc-async, thread 8, conn 512, duration 60
        [run.sh] Deleting all services
        configmap "config-service0" deleted
        deployment.apps "service0" deleted
        service "service0" deleted
        configmap "config-service1" deleted
        deployment.apps "service1" deleted
        service "service1" deleted
        configmap "config-service2" deleted
        deployment.apps "service2" deleted
        service "service2" deleted
        deployment.apps "ubuntu-client" deleted
        [run.sh] Waiting for all pods to be deleted
        [run.sh] Deploying all services
        configmap/config-service0 created
        deployment.apps/service0 created
        service/service0 created
        configmap/config-service1 created
        deployment.apps/service1 created
        service/service1 created
        configmap/config-service2 created
        deployment.apps/service2 created
        service/service2 created
        [run.sh] Client pod not found, deploying client
        deployment.apps/ubuntu-client created
        [run.sh] Waiting for all pods to be running
        [run.sh] All pods are running
        [run.sh] Checking heartbeat for all services
        [run.sh] Running warmup test
        [run.sh] /wrk/wrk -t8 -c512 --timeout 3s -d3s -L http://service0:80/endpoint1
        Running 3s test @ http://service0:80/endpoint1
        8 threads and 512 connections
        Thread Stats   Avg      Stdev     Max   +/- Stdev
        Latency   600.79ms  435.77ms   2.10s    70.61%
        Req/Sec   123.65     87.14   424.00     66.46%
        Latency Distribution
        50%  486.90ms
        75%  843.44ms
        90%    1.29s
        99%    1.92s
        2183 requests in 3.02s, 338.96KB read
        Requests/sec:    721.76
        Transfer/sec:    112.07KB
        [run.sh] Speed is 721.76, duration is 41
        [run.sh] Fix the request number.
        [run.sh] Running the actual test
        [run.sh] /wrk/wrk --timeout 20s -t8 -c512 -d41s -L -s /wrk/fix_req_n.lua http://service0:80/endpoint1
        [run.sh] Checking the resource usage
        NAME                             CPU(cores)   MEMORY(bytes)
        service0-594f78695b-4whw4        349m         47Mi
        service1-566db6887d-xsxkl        25m          12Mi
        service2-7bdbb95446-w6mgp        318m         11Mi
        ubuntu-client-76886f6bbd-f8qgz   0m           0Mi
        Running 41s test @ http://service0:80/endpoint1
        8 threads and 512 connections
        Thread Stats   Avg      Stdev     Max   +/- Stdev
        Latency   596.74ms  386.45ms   3.62s    76.61%
        Req/Sec   131.23     98.74   490.00     66.28%
        Latency Distribution
        50%  538.78ms
        75%  723.45ms
        90%    1.08s
        99%    2.08s
        20000 requests in 41.00s, 3.03MB read
        Requests/sec:    487.80
        Transfer/sec:     75.74KB
        ------------------------------
        stop time: 22.856362
        stop time: 23.142272
        stop time: 23.136245
        stop time: 23.452394
        stop time: 23.543867
        stop time: 23.537128
        stop time: 23.426099
        stop time: 23.504010
        [run.sh] Test finished with status 0
        > STDERR
        > No resources found in default namespace.
    [exp] Times: [22.856362, 23.142272, 23.136245, 23.452394, 23.543867, 23.537128, 23.426099, 23.50401]
    [exp] Throughput: 857.4565469023347
[test.py] Finished running 0th optmization experiment: groundtruth->1536.6565727858176, slowdown->857.4565469023347, predicted->1552.8315461067184, err->1.052608214962244
[test.py] Running 1th optmization experiment
[test.py] Running 1th groundtruth exp
    [exp] Running (pre_run: False) workload synthetic/dynamic-cache-grpc-async request with the following configuration: {'CLIENT_CPU_QUOTA': '2', 'SLOWPOKE_POKER_BATCH_THRESHOLD': '20000000', 'PROCESSING_TIME_SERVICE0': '0.00106169', 'PROCESSING_TIME_SERVICE1': '0.00069609', 'PROCESSING_TIME_SERVICE2': '0.000417', 'SLOWPOKE_DELAY_MICROS_SERVICE0': '0.0', 'SLOWPOKE_POKER_BATCH_THRESHOLD_SERVICE0': '100', 'SLOWPOKE_IS_TARGET_SERVICE_SERVICE0': 'false', 'SLOWPOKE_DELAY_MICROS_SERVICE1': '0.0', 'SLOWPOKE_POKER_BATCH_THRESHOLD_SERVICE1': '100', 'SLOWPOKE_IS_TARGET_SERVICE_SERVICE1': 'false', 'SLOWPOKE_DELAY_MICROS_SERVICE2': '0.0', 'SLOWPOKE_POKER_BATCH_THRESHOLD_SERVICE2': '100', 'SLOWPOKE_IS_TARGET_SERVICE_SERVICE2': 'true'}
    [exp] Executing cmd `bash run.sh synthetic dynamic-cache-grpc-async 8 512 20000`:
        [run.sh] Running benchmark synthetic with request dynamic-cache-grpc-async, thread 8, conn 512, duration 60
        [run.sh] Deleting all services
        configmap "config-service0" deleted
        deployment.apps "service0" deleted
        service "service0" deleted
        configmap "config-service1" deleted
        deployment.apps "service1" deleted
        service "service1" deleted
        configmap "config-service2" deleted
        deployment.apps "service2" deleted
        service "service2" deleted
        deployment.apps "ubuntu-client" deleted
        [run.sh] Waiting for all pods to be deleted
        [run.sh] Deploying all services
        configmap/config-service0 created
        deployment.apps/service0 created
        service/service0 created
        configmap/config-service1 created
        deployment.apps/service1 created
        service/service1 created
        configmap/config-service2 created
        deployment.apps/service2 created
        service/service2 created
        [run.sh] Client pod not found, deploying client
        deployment.apps/ubuntu-client created
        [run.sh] Waiting for all pods to be running
        [run.sh] All pods are running
        [run.sh] Checking heartbeat for all services
        [run.sh] Running warmup test
        [run.sh] /wrk/wrk -t8 -c512 --timeout 3s -d3s -L http://service0:80/endpoint1
        Running 3s test @ http://service0:80/endpoint1
        8 threads and 512 connections
        Thread Stats   Avg      Stdev     Max   +/- Stdev
        Latency   340.62ms  141.75ms 875.24ms   67.24%
        Req/Sec   191.31    118.17   555.00     69.30%
        Latency Distribution
        50%  326.93ms
        75%  430.62ms
        90%  530.31ms
        99%  728.20ms
        4141 requests in 3.03s, 642.99KB read
        Requests/sec:   1366.03
        Transfer/sec:    212.11KB
        [run.sh] Speed is 1366.03, duration is 21
        [run.sh] Fix the request number.
        [run.sh] Running the actual test
        [run.sh] /wrk/wrk --timeout 20s -t8 -c512 -d21s -L -s /wrk/fix_req_n.lua http://service0:80/endpoint1
        Running 21s test @ http://service0:80/endpoint1
        8 threads and 512 connections
        Thread Stats   Avg      Stdev     Max   +/- Stdev
        Latency   332.50ms  196.77ms   1.62s    74.04%
        Req/Sec   195.52    118.12   585.00     66.73%
        Latency Distribution
        50%  286.31ms
        75%  411.99ms
        90%  605.61ms
        99%  958.37ms
        20000 requests in 21.00s, 3.03MB read
        Requests/sec:    952.37
        Transfer/sec:    147.88KB
        ------------------------------
        stop time: 12.928446
        stop time: 12.610946
        stop time: 13.091470
        stop time: 13.354091
        stop time: 13.300039
        stop time: 13.168656
        stop time: 13.384826
        stop time: 13.321046
        [run.sh] Checking the resource usage
        NAME                             CPU(cores)   MEMORY(bytes)
        service0-6fb7cc7c7f-b49fj        1722m        51Mi
        service1-76b89695f7-rhr2s        1048m        15Mi
        service2-7bdbb95446-m5dmk        247m         8Mi
        ubuntu-client-76886f6bbd-fhps9   43m          15Mi
        [run.sh] Test finished with status 0
        > STDERR
        > No resources found in default namespace.
    [exp] Times: [12.928446, 12.610946, 13.09147, 13.354091, 13.300039, 13.168656, 13.384826, 13.321046]
    [exp] Throughput: 1521.498006076863
[test.py] Running 1th slowdown exp
    [exp] Running (pre_run: False) workload synthetic/dynamic-cache-grpc-async request with the following configuration: {'CLIENT_CPU_QUOTA': '2', 'SLOWPOKE_POKER_BATCH_THRESHOLD': '20000000', 'PROCESSING_TIME_SERVICE0': '0.00106169', 'PROCESSING_TIME_SERVICE1': '0.00069609', 'PROCESSING_TIME_SERVICE2': '0.00417804', 'SLOWPOKE_DELAY_MICROS_SERVICE0': '470.0', 'SLOWPOKE_POKER_BATCH_THRESHOLD_SERVICE0': '100', 'SLOWPOKE_IS_TARGET_SERVICE_SERVICE0': 'false', 'SLOWPOKE_DELAY_MICROS_SERVICE1': '470.0', 'SLOWPOKE_POKER_BATCH_THRESHOLD_SERVICE1': '100', 'SLOWPOKE_IS_TARGET_SERVICE_SERVICE1': 'false', 'SLOWPOKE_DELAY_MICROS_SERVICE2': '0.0', 'SLOWPOKE_POKER_BATCH_THRESHOLD_SERVICE2': '100', 'SLOWPOKE_IS_TARGET_SERVICE_SERVICE2': 'true'}
    [exp] Executing cmd `bash run.sh synthetic dynamic-cache-grpc-async 8 512 20000`:
        [run.sh] Running benchmark synthetic with request dynamic-cache-grpc-async, thread 8, conn 512, duration 60
        [run.sh] Deleting all services
        configmap "config-service0" deleted
        deployment.apps "service0" deleted
        service "service0" deleted
        configmap "config-service1" deleted
        deployment.apps "service1" deleted
        service "service1" deleted
        configmap "config-service2" deleted
        deployment.apps "service2" deleted
        service "service2" deleted
        deployment.apps "ubuntu-client" deleted
        [run.sh] Waiting for all pods to be deleted
        [run.sh] Deploying all services
        configmap/config-service0 created
        deployment.apps/service0 created
        service/service0 created
        configmap/config-service1 created
        deployment.apps/service1 created
        service/service1 created
        configmap/config-service2 created
        deployment.apps/service2 created
        service/service2 created
        [run.sh] Client pod not found, deploying client
        deployment.apps/ubuntu-client created
        [run.sh] Waiting for all pods to be running
        [run.sh] All pods are running
        [run.sh] Checking heartbeat for all services
        [run.sh] Running warmup test
        [run.sh] /wrk/wrk -t8 -c512 --timeout 3s -d3s -L http://service0:80/endpoint1
        Running 3s test @ http://service0:80/endpoint1
        8 threads and 512 connections
        Thread Stats   Avg      Stdev     Max   +/- Stdev
        Latency   551.89ms  302.06ms   1.47s    71.51%
        Req/Sec   136.59     97.32   470.00     64.91%
        Latency Distribution
        50%  499.12ms
        75%  678.01ms
        90%  888.94ms
        99%    1.44s
        2331 requests in 3.03s, 361.94KB read
        Requests/sec:    769.09
        Transfer/sec:    119.42KB
        [run.sh] Speed is 769.09, duration is 39
        [run.sh] Fix the request number.
        [run.sh] Running the actual test
        [run.sh] /wrk/wrk --timeout 20s -t8 -c512 -d39s -L -s /wrk/fix_req_n.lua http://service0:80/endpoint1
        [run.sh] Checking the resource usage
        Running 39s test @ http://service0:80/endpoint1
        8 threads and 512 connections
        Thread Stats   Avg      Stdev     Max   +/- Stdev
        Latency   576.30ms  370.85ms   3.01s    76.00%
        Req/Sec   130.95     96.28   585.00     68.58%
        Latency Distribution
        50%  482.73ms
        75%  720.47ms
        90%    1.05s
        99%    1.99s
        20001 requests in 39.00s, 3.03MB read
        Requests/sec:    512.84
        Transfer/sec:     79.63KB
        ------------------------------
        stop time: 22.394544
        stop time: 21.306526
        stop time: 22.664432
        stop time: 22.648379
        stop time: 22.794590
        stop time: 22.832570
        stop time: 22.764277
        stop time: 22.826093
        [run.sh] Test finished with status 0
        > STDERR
        > No resources found in default namespace.
        > error: metrics not available yet
    [exp] Times: [22.394544, 21.306526, 22.664432, 22.648379, 22.79459, 22.83257, 22.764277, 22.826093]
    [exp] Throughput: 887.7475857967955
[test.py] Finished running 1th optmization experiment: groundtruth->1521.498006076863, slowdown->887.7475857967955, predicted->1523.655547533192, err->0.1418037649547866
[test.py] Running 2th optmization experiment
[test.py] Running 2th groundtruth exp
    [exp] Running (pre_run: False) workload synthetic/dynamic-cache-grpc-async request with the following configuration: {'CLIENT_CPU_QUOTA': '2', 'SLOWPOKE_POKER_BATCH_THRESHOLD': '20000000', 'PROCESSING_TIME_SERVICE0': '0.00106169', 'PROCESSING_TIME_SERVICE1': '0.00069609', 'PROCESSING_TIME_SERVICE2': '0.000834', 'SLOWPOKE_DELAY_MICROS_SERVICE0': '0.0', 'SLOWPOKE_POKER_BATCH_THRESHOLD_SERVICE0': '100', 'SLOWPOKE_IS_TARGET_SERVICE_SERVICE0': 'false', 'SLOWPOKE_DELAY_MICROS_SERVICE1': '0.0', 'SLOWPOKE_POKER_BATCH_THRESHOLD_SERVICE1': '100', 'SLOWPOKE_IS_TARGET_SERVICE_SERVICE1': 'false', 'SLOWPOKE_DELAY_MICROS_SERVICE2': '0.0', 'SLOWPOKE_POKER_BATCH_THRESHOLD_SERVICE2': '100', 'SLOWPOKE_IS_TARGET_SERVICE_SERVICE2': 'true'}
    [exp] Executing cmd `bash run.sh synthetic dynamic-cache-grpc-async 8 512 20000`:
        [run.sh] Running benchmark synthetic with request dynamic-cache-grpc-async, thread 8, conn 512, duration 60
        [run.sh] Deleting all services
        configmap "config-service0" deleted
        deployment.apps "service0" deleted
        service "service0" deleted
        configmap "config-service1" deleted
        deployment.apps "service1" deleted
        service "service1" deleted
        configmap "config-service2" deleted
        deployment.apps "service2" deleted
        service "service2" deleted
        deployment.apps "ubuntu-client" deleted
        [run.sh] Waiting for all pods to be deleted
        [run.sh] Deploying all services
        configmap/config-service0 created
        deployment.apps/service0 created
        service/service0 created
        configmap/config-service1 created
        deployment.apps/service1 created
        service/service1 created
        configmap/config-service2 created
        deployment.apps/service2 created
        service/service2 created
        [run.sh] Client pod not found, deploying client
        deployment.apps/ubuntu-client created
        [run.sh] Waiting for all pods to be running
        [run.sh] All pods are running
        [run.sh] Checking heartbeat for all services
        [run.sh] Running warmup test
        [run.sh] /wrk/wrk -t8 -c512 --timeout 3s -d3s -L http://service0:80/endpoint1
        Running 3s test @ http://service0:80/endpoint1
        8 threads and 512 connections
        Thread Stats   Avg      Stdev     Max   +/- Stdev
        Latency   360.15ms  276.26ms   1.62s    81.43%
        Req/Sec   186.09    105.01   530.00     66.81%
        Latency Distribution
        50%  271.51ms
        75%  458.98ms
        90%  702.84ms
        99%    1.39s
        4387 requests in 3.03s, 681.18KB read
        Requests/sec:   1447.48
        Transfer/sec:    224.75KB
        [run.sh] Speed is 1447.48, duration is 20
        [run.sh] Fix the request number.
        [run.sh] Running the actual test
        [run.sh] /wrk/wrk --timeout 20s -t8 -c512 -d20s -L -s /wrk/fix_req_n.lua http://service0:80/endpoint1
        Running 20s test @ http://service0:80/endpoint1
        8 threads and 512 connections
        Thread Stats   Avg      Stdev     Max   +/- Stdev
        Latency   328.45ms  242.08ms   1.82s    80.40%
        Req/Sec   199.42    105.49   610.00     68.45%
        Latency Distribution
        50%  262.46ms
        75%  408.25ms
        90%  648.53ms
        99%    1.23s
        20000 requests in 20.00s, 3.03MB read
        Requests/sec:    999.99
        Transfer/sec:    155.27KB
        ------------------------------
        stop time: 12.892063
        stop time: 12.561490
        stop time: 12.808832
        stop time: 13.127049
        stop time: 13.012070
        stop time: 12.795807
        stop time: 13.005733
        stop time: 13.055189
        [run.sh] Checking the resource usage
        NAME                             CPU(cores)   MEMORY(bytes)
        service0-6fb7cc7c7f-rxrjt        980m         52Mi
        service1-76b89695f7-sn96l        127m         14Mi
        service2-7bdbb95446-2k8tq        142m         9Mi
        ubuntu-client-76886f6bbd-zqdlq   15m          14Mi
        [run.sh] Test finished with status 0
        > STDERR
        > No resources found in default namespace.
    [exp] Times: [12.892063, 12.56149, 12.808832, 13.127049, 13.01207, 12.795807, 13.005733, 13.055189]
    [exp] Throughput: 1549.5132480138411
[test.py] Running 2th slowdown exp
    [exp] Running (pre_run: False) workload synthetic/dynamic-cache-grpc-async request with the following configuration: {'CLIENT_CPU_QUOTA': '2', 'SLOWPOKE_POKER_BATCH_THRESHOLD': '20000000', 'PROCESSING_TIME_SERVICE0': '0.00106169', 'PROCESSING_TIME_SERVICE1': '0.00069609', 'PROCESSING_TIME_SERVICE2': '0.00417804', 'SLOWPOKE_DELAY_MICROS_SERVICE0': '418.0', 'SLOWPOKE_POKER_BATCH_THRESHOLD_SERVICE0': '100', 'SLOWPOKE_IS_TARGET_SERVICE_SERVICE0': 'false', 'SLOWPOKE_DELAY_MICROS_SERVICE1': '418.0', 'SLOWPOKE_POKER_BATCH_THRESHOLD_SERVICE1': '100', 'SLOWPOKE_IS_TARGET_SERVICE_SERVICE1': 'false', 'SLOWPOKE_DELAY_MICROS_SERVICE2': '0.0', 'SLOWPOKE_POKER_BATCH_THRESHOLD_SERVICE2': '100', 'SLOWPOKE_IS_TARGET_SERVICE_SERVICE2': 'true'}
    [exp] Executing cmd `bash run.sh synthetic dynamic-cache-grpc-async 8 512 20000`:
        [run.sh] Running benchmark synthetic with request dynamic-cache-grpc-async, thread 8, conn 512, duration 60
        [run.sh] Deleting all services
        configmap "config-service0" deleted
        deployment.apps "service0" deleted
        service "service0" deleted
        configmap "config-service1" deleted
        deployment.apps "service1" deleted
        service "service1" deleted
        configmap "config-service2" deleted
        deployment.apps "service2" deleted
        service "service2" deleted
        deployment.apps "ubuntu-client" deleted
        [run.sh] Waiting for all pods to be deleted
        [run.sh] Deploying all services
        configmap/config-service0 created
        deployment.apps/service0 created
        service/service0 created
        configmap/config-service1 created
        deployment.apps/service1 created
        service/service1 created
        configmap/config-service2 created
        deployment.apps/service2 created
        service/service2 created
        [run.sh] Client pod not found, deploying client
        deployment.apps/ubuntu-client created
        [run.sh] Waiting for all pods to be running
        [run.sh] All pods are running
        [run.sh] Checking heartbeat for all services
        [run.sh] Running warmup test
        [run.sh] /wrk/wrk -t8 -c512 --timeout 3s -d3s -L http://service0:80/endpoint1
        Running 3s test @ http://service0:80/endpoint1
        8 threads and 512 connections
        Thread Stats   Avg      Stdev     Max   +/- Stdev
        Latency   505.03ms  256.04ms   1.54s    63.98%
        Req/Sec   133.67     95.65   380.00     63.51%
        Latency Distribution
        50%  486.53ms
        75%  649.74ms
        90%  834.51ms
        99%    1.24s
        2484 requests in 3.04s, 385.70KB read
        Requests/sec:    817.76
        Transfer/sec:    126.98KB
        [run.sh] Speed is 817.76, duration is 36
        [run.sh] Fix the request number.
        [run.sh] Running the actual test
        [run.sh] /wrk/wrk --timeout 20s -t8 -c512 -d36s -L -s /wrk/fix_req_n.lua http://service0:80/endpoint1
        [run.sh] Checking the resource usage
        NAME                             CPU(cores)   MEMORY(bytes)
        service0-7575d79f9d-ntgwh        0m           52Mi
        service1-7cbccd47c6-x92dl        337m         15Mi
        service2-7bdbb95446-wnt8t        0m           10Mi
        ubuntu-client-76886f6bbd-qqjmk   20m          19Mi
        Running 36s test @ http://service0:80/endpoint1
        8 threads and 512 connections
        Thread Stats   Avg      Stdev     Max   +/- Stdev
        Latency   541.68ms  341.17ms   2.79s    74.66%
        Req/Sec   136.03    100.28   640.00     69.79%
        Latency Distribution
        50%  458.74ms
        75%  685.09ms
        90%    1.02s
        99%    1.70s
        20000 requests in 36.00s, 3.03MB read
        Requests/sec:    555.55
        Transfer/sec:     86.26KB
        ------------------------------
        stop time: 20.246113
        stop time: 20.844592
        stop time: 21.054009
        stop time: 21.605336
        stop time: 21.564132
        stop time: 21.853368
        stop time: 21.768631
        stop time: 21.458597
        [run.sh] Test finished with status 0
        > STDERR
        > No resources found in default namespace.
    [exp] Times: [20.246113, 20.844592, 21.054009, 21.605336, 21.564132, 21.853368, 21.768631, 21.458597]
    [exp] Throughput: 938.9959121869333
[test.py] Finished running 2th optmization experiment: groundtruth->1549.5132480138411, slowdown->938.9959121869333, predicted->1545.684970197938, err->-0.24706325168954116
[test.py] Running 3th optmization experiment
[test.py] Running 3th groundtruth exp
    [exp] Running (pre_run: False) workload synthetic/dynamic-cache-grpc-async request with the following configuration: {'CLIENT_CPU_QUOTA': '2', 'SLOWPOKE_POKER_BATCH_THRESHOLD': '20000000', 'PROCESSING_TIME_SERVICE0': '0.00106169', 'PROCESSING_TIME_SERVICE1': '0.00069609', 'PROCESSING_TIME_SERVICE2': '0.001251', 'SLOWPOKE_DELAY_MICROS_SERVICE0': '0.0', 'SLOWPOKE_POKER_BATCH_THRESHOLD_SERVICE0': '100', 'SLOWPOKE_IS_TARGET_SERVICE_SERVICE0': 'false', 'SLOWPOKE_DELAY_MICROS_SERVICE1': '0.0', 'SLOWPOKE_POKER_BATCH_THRESHOLD_SERVICE1': '100', 'SLOWPOKE_IS_TARGET_SERVICE_SERVICE1': 'false', 'SLOWPOKE_DELAY_MICROS_SERVICE2': '0.0', 'SLOWPOKE_POKER_BATCH_THRESHOLD_SERVICE2': '100', 'SLOWPOKE_IS_TARGET_SERVICE_SERVICE2': 'true'}
    [exp] Executing cmd `bash run.sh synthetic dynamic-cache-grpc-async 8 512 20000`:
        [run.sh] Running benchmark synthetic with request dynamic-cache-grpc-async, thread 8, conn 512, duration 60
        [run.sh] Deleting all services
        configmap "config-service0" deleted
        deployment.apps "service0" deleted
        service "service0" deleted
        configmap "config-service1" deleted
        deployment.apps "service1" deleted
        service "service1" deleted
        configmap "config-service2" deleted
        deployment.apps "service2" deleted
        service "service2" deleted
        deployment.apps "ubuntu-client" deleted
        [run.sh] Waiting for all pods to be deleted
        [run.sh] Deploying all services
        configmap/config-service0 created
        deployment.apps/service0 created
        service/service0 created
        configmap/config-service1 created
        deployment.apps/service1 created
        service/service1 created
        configmap/config-service2 created
        deployment.apps/service2 created
        service/service2 created
        [run.sh] Client pod not found, deploying client
        deployment.apps/ubuntu-client created
        [run.sh] Waiting for all pods to be running
        [run.sh] All pods are running
        [run.sh] Checking heartbeat for all services
        [run.sh] Running warmup test
        [run.sh] /wrk/wrk -t8 -c512 --timeout 3s -d3s -L http://service0:80/endpoint1
        Running 3s test @ http://service0:80/endpoint1
        8 threads and 512 connections
        Thread Stats   Avg      Stdev     Max   +/- Stdev
        Latency   351.30ms  231.91ms   1.50s    81.57%
        Req/Sec   197.09    116.00   520.00     68.90%
        Latency Distribution
        50%  295.72ms
        75%  424.82ms
        90%  623.17ms
        99%    1.20s
        4396 requests in 3.02s, 682.58KB read
        Requests/sec:   1454.27
        Transfer/sec:    225.81KB
        [run.sh] Speed is 1454.27, duration is 20
        [run.sh] Fix the request number.
        [run.sh] Running the actual test
        [run.sh] /wrk/wrk --timeout 20s -t8 -c512 -d20s -L -s /wrk/fix_req_n.lua http://service0:80/endpoint1
        Running 20s test @ http://service0:80/endpoint1
        8 threads and 512 connections
        Thread Stats   Avg      Stdev     Max   +/- Stdev
        Latency   335.28ms  207.49ms   1.46s    76.89%
        Req/Sec   197.88    109.16   620.00     69.17%
        Latency Distribution
        50%  282.45ms
        75%  416.94ms
        90%  629.70ms
        99%    1.02s
        20000 requests in 20.00s, 3.03MB read
        Requests/sec:    999.99
        Transfer/sec:    155.27KB
        ------------------------------
        stop time: 12.914753
        stop time: 13.132870
        stop time: 13.107659
        stop time: 13.268627
        stop time: 13.160468
        stop time: 13.258962
        stop time: 13.193731
        stop time: 13.247444
        [run.sh] Checking the resource usage
        NAME                             CPU(cores)   MEMORY(bytes)
        service0-6fb7cc7c7f-rs6mx        614m         48Mi
        service1-76b89695f7-2m7cx        418m         12Mi
        service2-7bdbb95446-cjk5v        114m         8Mi
        ubuntu-client-76886f6bbd-95dqt   22m          0Mi
        [run.sh] Test finished with status 0
        > STDERR
        > No resources found in default namespace.
    [exp] Times: [12.914753, 13.13287, 13.107659, 13.268627, 13.160468, 13.258962, 13.193731, 13.247444]
    [exp] Throughput: 1519.6916803928068
[test.py] Running 3th slowdown exp
    [exp] Running (pre_run: False) workload synthetic/dynamic-cache-grpc-async request with the following configuration: {'CLIENT_CPU_QUOTA': '2', 'SLOWPOKE_POKER_BATCH_THRESHOLD': '20000000', 'PROCESSING_TIME_SERVICE0': '0.00106169', 'PROCESSING_TIME_SERVICE1': '0.00069609', 'PROCESSING_TIME_SERVICE2': '0.00417804', 'SLOWPOKE_DELAY_MICROS_SERVICE0': '365.5', 'SLOWPOKE_POKER_BATCH_THRESHOLD_SERVICE0': '100', 'SLOWPOKE_IS_TARGET_SERVICE_SERVICE0': 'false', 'SLOWPOKE_DELAY_MICROS_SERVICE1': '365.5', 'SLOWPOKE_POKER_BATCH_THRESHOLD_SERVICE1': '100', 'SLOWPOKE_IS_TARGET_SERVICE_SERVICE1': 'false', 'SLOWPOKE_DELAY_MICROS_SERVICE2': '0.0', 'SLOWPOKE_POKER_BATCH_THRESHOLD_SERVICE2': '100', 'SLOWPOKE_IS_TARGET_SERVICE_SERVICE2': 'true'}
    [exp] Executing cmd `bash run.sh synthetic dynamic-cache-grpc-async 8 512 20000`:
        [run.sh] Running benchmark synthetic with request dynamic-cache-grpc-async, thread 8, conn 512, duration 60
        [run.sh] Deleting all services
        configmap "config-service0" deleted
        deployment.apps "service0" deleted
        service "service0" deleted
        configmap "config-service1" deleted
        deployment.apps "service1" deleted
        service "service1" deleted
        configmap "config-service2" deleted
        deployment.apps "service2" deleted
        service "service2" deleted
        deployment.apps "ubuntu-client" deleted
        [run.sh] Waiting for all pods to be deleted
        [run.sh] Deploying all services
        configmap/config-service0 created
        deployment.apps/service0 created
        service/service0 created
        configmap/config-service1 created
        deployment.apps/service1 created
        service/service1 created
        configmap/config-service2 created
        deployment.apps/service2 created
        service/service2 created
        [run.sh] Client pod not found, deploying client
        deployment.apps/ubuntu-client created
        [run.sh] Waiting for all pods to be running
        [run.sh] All pods are running
        [run.sh] Checking heartbeat for all services
        [run.sh] Running warmup test
        [run.sh] /wrk/wrk -t8 -c512 --timeout 3s -d3s -L http://service0:80/endpoint1
        Running 3s test @ http://service0:80/endpoint1
        8 threads and 512 connections
        Thread Stats   Avg      Stdev     Max   +/- Stdev
        Latency   487.04ms  280.64ms   1.42s    70.89%
        Req/Sec   145.71     96.94   380.00     67.10%
        Latency Distribution
        50%  424.42ms
        75%  647.07ms
        90%  883.70ms
        99%    1.28s
        2738 requests in 3.03s, 425.14KB read
        Requests/sec:    902.67
        Transfer/sec:    140.16KB
        [run.sh] Speed is 902.67, duration is 33
        [run.sh] Fix the request number.
        [run.sh] Running the actual test
        [run.sh] /wrk/wrk --timeout 20s -t8 -c512 -d33s -L -s /wrk/fix_req_n.lua http://service0:80/endpoint1
        Running 33s test @ http://service0:80/endpoint1
        8 threads and 512 connections
        Thread Stats   Avg      Stdev     Max   +/- Stdev
        Latency   515.77ms  312.07ms   3.07s    77.10%
        Req/Sec   137.10     95.91   460.00     65.91%
        Latency Distribution
        50%  446.32ms
        75%  635.73ms
        90%  903.70ms
        99%    1.62s
        20000 requests in 33.00s, 3.03MB read
        Requests/sec:    606.06
        Transfer/sec:     94.10KB
        ------------------------------
        stop time: 19.928853
        stop time: 19.747117
        stop time: 19.917331
        stop time: 20.339572
        stop time: 20.241497
        stop time: 20.494777
        stop time: 20.345309
        stop time: 20.540201
        [run.sh] Checking the resource usage
        NAME                             CPU(cores)   MEMORY(bytes)
        service0-7d946d77f6-ggt27        1239m        54Mi
        service1-bbb497454-mvn9s         780m         13Mi
        service2-7bdbb95446-22hcp        543m         10Mi
        ubuntu-client-76886f6bbd-jpczr   36m          18Mi
        [run.sh] Test finished with status 0
        > STDERR
        > No resources found in default namespace.
    [exp] Times: [19.928853, 19.747117, 19.917331, 20.339572, 20.241497, 20.494777, 20.345309, 20.540201]
    [exp] Throughput: 990.3768976464727
[test.py] Finished running 3th optmization experiment: groundtruth->1519.6916803928068, slowdown->990.3768976464727, predicted->1553.1891015399995, err->2.2042248160846882
[test.py] Running 4th optmization experiment
[test.py] Running 4th groundtruth exp
    [exp] Running (pre_run: False) workload synthetic/dynamic-cache-grpc-async request with the following configuration: {'CLIENT_CPU_QUOTA': '2', 'SLOWPOKE_POKER_BATCH_THRESHOLD': '20000000', 'PROCESSING_TIME_SERVICE0': '0.00106169', 'PROCESSING_TIME_SERVICE1': '0.00069609', 'PROCESSING_TIME_SERVICE2': '0.001668', 'SLOWPOKE_DELAY_MICROS_SERVICE0': '0.0', 'SLOWPOKE_POKER_BATCH_THRESHOLD_SERVICE0': '100', 'SLOWPOKE_IS_TARGET_SERVICE_SERVICE0': 'false', 'SLOWPOKE_DELAY_MICROS_SERVICE1': '0.0', 'SLOWPOKE_POKER_BATCH_THRESHOLD_SERVICE1': '100', 'SLOWPOKE_IS_TARGET_SERVICE_SERVICE1': 'false', 'SLOWPOKE_DELAY_MICROS_SERVICE2': '0.0', 'SLOWPOKE_POKER_BATCH_THRESHOLD_SERVICE2': '100', 'SLOWPOKE_IS_TARGET_SERVICE_SERVICE2': 'true'}
    [exp] Executing cmd `bash run.sh synthetic dynamic-cache-grpc-async 8 512 20000`:
        [run.sh] Running benchmark synthetic with request dynamic-cache-grpc-async, thread 8, conn 512, duration 60
        [run.sh] Deleting all services
        configmap "config-service0" deleted
        deployment.apps "service0" deleted
        service "service0" deleted
        configmap "config-service1" deleted
        deployment.apps "service1" deleted
        service "service1" deleted
        configmap "config-service2" deleted
        deployment.apps "service2" deleted
        service "service2" deleted
        deployment.apps "ubuntu-client" deleted
        [run.sh] Waiting for all pods to be deleted
        [run.sh] Deploying all services
        configmap/config-service0 created
        deployment.apps/service0 created
        service/service0 created
        configmap/config-service1 created
        deployment.apps/service1 created
        service/service1 created
        configmap/config-service2 created
        deployment.apps/service2 created
        service/service2 created
        [run.sh] Client pod not found, deploying client
        deployment.apps/ubuntu-client created
        [run.sh] Waiting for all pods to be running
        [run.sh] All pods are running
        [run.sh] Checking heartbeat for all services
        [run.sh] Running warmup test
        [run.sh] /wrk/wrk -t8 -c512 --timeout 3s -d3s -L http://service0:80/endpoint1
        Running 3s test @ http://service0:80/endpoint1
        8 threads and 512 connections
        Thread Stats   Avg      Stdev     Max   +/- Stdev
        Latency   335.23ms  191.19ms 987.53ms   70.22%
        Req/Sec   192.19    104.51   535.00     68.18%
        Latency Distribution
        50%  293.64ms
        75%  457.60ms
        90%  641.48ms
        99%  858.99ms
        4218 requests in 3.02s, 654.94KB read
        Requests/sec:   1395.58
        Transfer/sec:    216.70KB
        [run.sh] Speed is 1395.58, duration is 21
        [run.sh] Fix the request number.
        [run.sh] Running the actual test
        [run.sh] /wrk/wrk --timeout 20s -t8 -c512 -d21s -L -s /wrk/fix_req_n.lua http://service0:80/endpoint1
        Running 21s test @ http://service0:80/endpoint1
        8 threads and 512 connections
        Thread Stats   Avg      Stdev     Max   +/- Stdev
        Latency   334.57ms  219.57ms   1.90s    82.01%
        Req/Sec   196.17    104.04   505.00     63.25%
        Latency Distribution
        50%  287.35ms
        75%  397.33ms
        90%  583.01ms
        99%    1.23s
        20000 requests in 21.00s, 3.03MB read
        Requests/sec:    952.38
        Transfer/sec:    147.88KB
        ------------------------------
        stop time: 12.874791
        stop time: 13.026356
        stop time: 12.740285
        stop time: 13.075554
        stop time: 13.071127
        stop time: 13.024666
        stop time: 12.706168
        stop time: 13.055018
        [run.sh] Checking the resource usage
        NAME                             CPU(cores)   MEMORY(bytes)
        service0-6fb7cc7c7f-c7bhr        0m           34Mi
        service1-76b89695f7-2w89w        280m         11Mi
        service2-7bdbb95446-9lcqc        229m         8Mi
        ubuntu-client-76886f6bbd-ksljl   0m           0Mi
        [run.sh] Test finished with status 0
        > STDERR
        > No resources found in default namespace.
    [exp] Times: [12.874791, 13.026356, 12.740285, 13.075554, 13.071127, 13.024666, 12.706168, 13.055018]
    [exp] Throughput: 1544.7897548384865
[test.py] Running 4th slowdown exp
    [exp] Running (pre_run: False) workload synthetic/dynamic-cache-grpc-async request with the following configuration: {'CLIENT_CPU_QUOTA': '2', 'SLOWPOKE_POKER_BATCH_THRESHOLD': '20000000', 'PROCESSING_TIME_SERVICE0': '0.00106169', 'PROCESSING_TIME_SERVICE1': '0.00069609', 'PROCESSING_TIME_SERVICE2': '0.00417804', 'SLOWPOKE_DELAY_MICROS_SERVICE0': '313.5', 'SLOWPOKE_POKER_BATCH_THRESHOLD_SERVICE0': '100', 'SLOWPOKE_IS_TARGET_SERVICE_SERVICE0': 'false', 'SLOWPOKE_DELAY_MICROS_SERVICE1': '313.5', 'SLOWPOKE_POKER_BATCH_THRESHOLD_SERVICE1': '100', 'SLOWPOKE_IS_TARGET_SERVICE_SERVICE1': 'false', 'SLOWPOKE_DELAY_MICROS_SERVICE2': '0.0', 'SLOWPOKE_POKER_BATCH_THRESHOLD_SERVICE2': '100', 'SLOWPOKE_IS_TARGET_SERVICE_SERVICE2': 'true'}
    [exp] Executing cmd `bash run.sh synthetic dynamic-cache-grpc-async 8 512 20000`:
        [run.sh] Running benchmark synthetic with request dynamic-cache-grpc-async, thread 8, conn 512, duration 60
        [run.sh] Deleting all services
        configmap "config-service0" deleted
        deployment.apps "service0" deleted
        service "service0" deleted
        configmap "config-service1" deleted
        deployment.apps "service1" deleted
        service "service1" deleted
        configmap "config-service2" deleted
        deployment.apps "service2" deleted
        service "service2" deleted
        deployment.apps "ubuntu-client" deleted
        [run.sh] Waiting for all pods to be deleted
        [run.sh] Deploying all services
        configmap/config-service0 created
        deployment.apps/service0 created
        service/service0 created
        configmap/config-service1 created
        deployment.apps/service1 created
        service/service1 created
        configmap/config-service2 created
        deployment.apps/service2 created
        service/service2 created
        [run.sh] Client pod not found, deploying client
        deployment.apps/ubuntu-client created
        [run.sh] Waiting for all pods to be running
        [run.sh] All pods are running
        [run.sh] Checking heartbeat for all services
        [run.sh] Running warmup test
        [run.sh] /wrk/wrk -t8 -c512 --timeout 3s -d3s -L http://service0:80/endpoint1
        Running 3s test @ http://service0:80/endpoint1
        8 threads and 512 connections
        Thread Stats   Avg      Stdev     Max   +/- Stdev
        Latency   495.41ms  392.64ms   2.24s    76.79%
        Req/Sec   132.38     90.60   470.00     63.59%
        Latency Distribution
        50%  377.44ms
        75%  666.30ms
        90%    1.12s
        99%    1.73s
        2713 requests in 3.03s, 421.26KB read
        Requests/sec:    894.03
        Transfer/sec:    138.82KB
        [run.sh] Speed is 894.03, duration is 33
        [run.sh] Fix the request number.
        [run.sh] Running the actual test
        [run.sh] /wrk/wrk --timeout 20s -t8 -c512 -d33s -L -s /wrk/fix_req_n.lua http://service0:80/endpoint1
        Running 33s test @ http://service0:80/endpoint1
        8 threads and 512 connections
        Thread Stats   Avg      Stdev     Max   +/- Stdev
        Latency   486.03ms  326.18ms   2.80s    77.44%
        Req/Sec   141.26    102.76   530.00     71.03%
        Latency Distribution
        50%  416.36ms
        75%  606.68ms
        90%  907.83ms
        99%    1.65s
        20000 requests in 33.00s, 3.03MB read
        Requests/sec:    606.06
        Transfer/sec:     94.10KB
        ------------------------------
        stop time: 18.473669
        stop time: 18.761900
        stop time: 18.945296
        stop time: 19.376889
        stop time: 19.398735
        stop time: 19.148986
        stop time: 19.478162
        stop time: 19.384784
        [run.sh] Checking the resource usage
        NAME                             CPU(cores)   MEMORY(bytes)
        service0-5b9b595fc-zvnws         1309m        51Mi
        service1-cb7c98bdc-mlskp         897m         14Mi
        service2-7bdbb95446-r67mf        1150m        11Mi
        ubuntu-client-76886f6bbd-m8lgc   38m          18Mi
        [run.sh] Test finished with status 0
        > STDERR
        > No resources found in default namespace.
    [exp] Times: [18.473669, 18.7619, 18.945296, 19.376889, 19.398735, 19.148986, 19.478162, 19.384784]
    [exp] Throughput: 1045.9675203158436
[test.py] Finished running 4th optmization experiment: groundtruth->1544.7897548384865, slowdown->1045.9675203158436, predicted->1556.9106148715848, err->0.7846284580237656
[test.py] Running 5th optmization experiment
[test.py] Running 5th groundtruth exp
    [exp] Running (pre_run: False) workload synthetic/dynamic-cache-grpc-async request with the following configuration: {'CLIENT_CPU_QUOTA': '2', 'SLOWPOKE_POKER_BATCH_THRESHOLD': '20000000', 'PROCESSING_TIME_SERVICE0': '0.00106169', 'PROCESSING_TIME_SERVICE1': '0.00069609', 'PROCESSING_TIME_SERVICE2': '0.002085', 'SLOWPOKE_DELAY_MICROS_SERVICE0': '0.0', 'SLOWPOKE_POKER_BATCH_THRESHOLD_SERVICE0': '100', 'SLOWPOKE_IS_TARGET_SERVICE_SERVICE0': 'false', 'SLOWPOKE_DELAY_MICROS_SERVICE1': '0.0', 'SLOWPOKE_POKER_BATCH_THRESHOLD_SERVICE1': '100', 'SLOWPOKE_IS_TARGET_SERVICE_SERVICE1': 'false', 'SLOWPOKE_DELAY_MICROS_SERVICE2': '0.0', 'SLOWPOKE_POKER_BATCH_THRESHOLD_SERVICE2': '100', 'SLOWPOKE_IS_TARGET_SERVICE_SERVICE2': 'true'}
    [exp] Executing cmd `bash run.sh synthetic dynamic-cache-grpc-async 8 512 20000`:
        [run.sh] Running benchmark synthetic with request dynamic-cache-grpc-async, thread 8, conn 512, duration 60
        [run.sh] Deleting all services
        configmap "config-service0" deleted
        deployment.apps "service0" deleted
        service "service0" deleted
        configmap "config-service1" deleted
        deployment.apps "service1" deleted
        service "service1" deleted
        configmap "config-service2" deleted
        deployment.apps "service2" deleted
        service "service2" deleted
        deployment.apps "ubuntu-client" deleted
        [run.sh] Waiting for all pods to be deleted
        [run.sh] Deploying all services
        configmap/config-service0 created
        deployment.apps/service0 created
        service/service0 created
        configmap/config-service1 created
        deployment.apps/service1 created
        service/service1 created
        configmap/config-service2 created
        deployment.apps/service2 created
        service/service2 created
        [run.sh] Client pod not found, deploying client
        deployment.apps/ubuntu-client created
        [run.sh] Waiting for all pods to be running
