[config.py] Random numbers for execution time: [230.40842340295774, 523.8836849387527, 570.43386826362, 811.1482189778271, 972.3846291096283, 1111.3834938341888]
benchmark                        : synthetic
num_threads                      : 8
num_conns                        : 512
target_service                   : service5
request_type                     : chain-d4-grpc-sync
repetitions                      : 5
target_num_exp                   : 10
pre_run                          : False
num_req                          : 20000
groundtruths                     : []
slowdowns                        : []
predicteds                       : []
errs                             : []
poker_batch_req                  : 100
client_cpu_quota                 : 2
random_seed                      : 6536
request_ratio                    : {'service0': 1, 'service1': 1, 'service2': 1, 'service3': 1, 'service4': 1, 'service5': 1}
baseline_service_processing_time : {'service0': 1111.38, 'service1': 972.38, 'service2': 811.15, 'service3': 570.43, 'service4': 523.88, 'service5': 460.82}
cpu_quota                        : {'service0': 2, 'service1': 2, 'service2': 2, 'service3': 2, 'service4': 2, 'service5': 2}
target_processing_time_range     : [0, 460.82]
baseline_throughputs             : []
poker_batch                      : 20000000
[test.py] Starting experiment...
[test.py] >>>>>>>>>>>>>>>>>>>>>>>>>>>>> Running experiment 0...
[test.py] Actual processing time range: [0, 46, 92, 138, 184, 230, 276, 322, 368, 414]
[test.py] Running baseline experiment
    [exp] Running (pre_run: False) workload synthetic/chain-d4-grpc-sync request with the following configuration: {'CLIENT_CPU_QUOTA': '2', 'SLOWPOKE_POKER_BATCH_THRESHOLD': '20000000', 'PROCESSING_TIME_SERVICE0': '0.00111138', 'PROCESSING_TIME_SERVICE1': '0.00097238', 'PROCESSING_TIME_SERVICE2': '0.00081115', 'PROCESSING_TIME_SERVICE3': '0.00057043', 'PROCESSING_TIME_SERVICE4': '0.00052388', 'PROCESSING_TIME_SERVICE5': '0.00046082', 'SLOWPOKE_DELAY_MICROS_SERVICE0': '0.0', 'SLOWPOKE_POKER_BATCH_THRESHOLD_SERVICE0': '100', 'SLOWPOKE_IS_TARGET_SERVICE_SERVICE0': 'false', 'SLOWPOKE_DELAY_MICROS_SERVICE1': '0.0', 'SLOWPOKE_POKER_BATCH_THRESHOLD_SERVICE1': '100', 'SLOWPOKE_IS_TARGET_SERVICE_SERVICE1': 'false', 'SLOWPOKE_DELAY_MICROS_SERVICE2': '0.0', 'SLOWPOKE_POKER_BATCH_THRESHOLD_SERVICE2': '100', 'SLOWPOKE_IS_TARGET_SERVICE_SERVICE2': 'false', 'SLOWPOKE_DELAY_MICROS_SERVICE3': '0.0', 'SLOWPOKE_POKER_BATCH_THRESHOLD_SERVICE3': '100', 'SLOWPOKE_IS_TARGET_SERVICE_SERVICE3': 'false', 'SLOWPOKE_DELAY_MICROS_SERVICE4': '0.0', 'SLOWPOKE_POKER_BATCH_THRESHOLD_SERVICE4': '100', 'SLOWPOKE_IS_TARGET_SERVICE_SERVICE4': 'false', 'SLOWPOKE_DELAY_MICROS_SERVICE5': '0.0', 'SLOWPOKE_POKER_BATCH_THRESHOLD_SERVICE5': '100', 'SLOWPOKE_IS_TARGET_SERVICE_SERVICE5': 'true'}
    [exp] Executing cmd `bash run.sh synthetic chain-d4-grpc-sync 8 512 20000`:
        [run.sh] Running benchmark synthetic with request chain-d4-grpc-sync, thread 8, conn 512, duration 60
        [run.sh] Deleting all services
        configmap "config-service0" deleted
        deployment.apps "service0" deleted
        service "service0" deleted
        configmap "config-service1" deleted
        deployment.apps "service1" deleted
        service "service1" deleted
        configmap "config-service2" deleted
        deployment.apps "service2" deleted
        service "service2" deleted
        configmap "config-service3" deleted
        deployment.apps "service3" deleted
        service "service3" deleted
        configmap "config-service4" deleted
        deployment.apps "service4" deleted
        service "service4" deleted
        configmap "config-service5" deleted
        deployment.apps "service5" deleted
        service "service5" deleted
        deployment.apps "ubuntu-client" deleted
        [run.sh] Waiting for all pods to be deleted
        [run.sh] Deploying all services
        configmap/config-service0 created
        deployment.apps/service0 created
        service/service0 created
        configmap/config-service1 created
        deployment.apps/service1 created
        service/service1 created
        configmap/config-service2 created
        deployment.apps/service2 created
        service/service2 created
        configmap/config-service3 created
        deployment.apps/service3 created
        service/service3 created
        configmap/config-service4 created
        deployment.apps/service4 created
        service/service4 created
        configmap/config-service5 created
        deployment.apps/service5 created
        service/service5 created
        [run.sh] Client pod not found, deploying client
        deployment.apps/ubuntu-client created
        [run.sh] Waiting for all pods to be running
        [run.sh] All pods are running
        [run.sh] Checking heartbeat for all services
        [run.sh] Running warmup test
        [run.sh] /wrk/wrk -t8 -c512 --timeout 3s -d3s -L http://service0:80/endpoint1
        Running 3s test @ http://service0:80/endpoint1
        8 threads and 512 connections
        Thread Stats   Avg      Stdev     Max   +/- Stdev
        Latency   390.62ms  223.77ms   1.03s    71.32%
        Req/Sec   190.70    116.11   464.00     63.35%
        Latency Distribution
        50%  326.15ms
        75%  502.13ms
        90%  772.45ms
        99%  929.87ms
        3665 requests in 3.02s, 569.08KB read
        Requests/sec:   1212.58
        Transfer/sec:    188.28KB
        [run.sh] Speed is 1212.58, duration is 24
        [run.sh] Fix the request number.
        [run.sh] Running the actual test
        [run.sh] /wrk/wrk --timeout 20s -t8 -c512 -d24s -L -s /wrk/fix_req_n.lua http://service0:80/endpoint1
        Running 24s test @ http://service0:80/endpoint1
        8 threads and 512 connections
        Thread Stats   Avg      Stdev     Max   +/- Stdev
        Latency   356.26ms  196.30ms   1.42s    75.40%
        Req/Sec   186.22    108.23   520.00     64.83%
        Latency Distribution
        50%  308.78ms
        75%  450.12ms
        90%  614.73ms
        99%    1.02s
        20000 requests in 24.00s, 3.03MB read
        Requests/sec:    833.33
        Transfer/sec:    129.39KB
        ------------------------------
        stop time: 14.012316
        stop time: 14.047945
        stop time: 14.115502
        stop time: 14.135316
        stop time: 14.089172
        stop time: 14.109433
        stop time: 14.296838
        stop time: 14.271927
        [run.sh] Checking the resource usage
        NAME                        CPU(cores)   MEMORY(bytes)
        service0-6fb7cc7c7f-66znx   0m           44Mi
        service1-76b89695f7-fj26q   484m         14Mi
        service2-8f7c6f8f5-blwjl    0m           11Mi
        service3-766854894f-2vtp8   187m         9Mi
        service4-6fb56c9f99-9zz6r   344m         10Mi
        service5-858ff6f8bb-t452g   279m         9Mi
        [run.sh] Test finished with status 0
        > STDERR
        > No resources found in default namespace.
    [exp] Times: [14.012316, 14.047945, 14.115502, 14.135316, 14.089172, 14.109433, 14.296838, 14.271927]
    [exp] Throughput: 1414.9468923119027
[test.py] Baseline throughput: 1414.9468923119027
[test.py] Running 0th optmization experiment
[test.py] Running 0th groundtruth exp
    [exp] Running (pre_run: False) workload synthetic/chain-d4-grpc-sync request with the following configuration: {'CLIENT_CPU_QUOTA': '2', 'SLOWPOKE_POKER_BATCH_THRESHOLD': '20000000', 'PROCESSING_TIME_SERVICE0': '0.00111138', 'PROCESSING_TIME_SERVICE1': '0.00097238', 'PROCESSING_TIME_SERVICE2': '0.00081115', 'PROCESSING_TIME_SERVICE3': '0.00057043', 'PROCESSING_TIME_SERVICE4': '0.00052388', 'PROCESSING_TIME_SERVICE5': '0.0', 'SLOWPOKE_DELAY_MICROS_SERVICE0': '0.0', 'SLOWPOKE_POKER_BATCH_THRESHOLD_SERVICE0': '100', 'SLOWPOKE_IS_TARGET_SERVICE_SERVICE0': 'false', 'SLOWPOKE_DELAY_MICROS_SERVICE1': '0.0', 'SLOWPOKE_POKER_BATCH_THRESHOLD_SERVICE1': '100', 'SLOWPOKE_IS_TARGET_SERVICE_SERVICE1': 'false', 'SLOWPOKE_DELAY_MICROS_SERVICE2': '0.0', 'SLOWPOKE_POKER_BATCH_THRESHOLD_SERVICE2': '100', 'SLOWPOKE_IS_TARGET_SERVICE_SERVICE2': 'false', 'SLOWPOKE_DELAY_MICROS_SERVICE3': '0.0', 'SLOWPOKE_POKER_BATCH_THRESHOLD_SERVICE3': '100', 'SLOWPOKE_IS_TARGET_SERVICE_SERVICE3': 'false', 'SLOWPOKE_DELAY_MICROS_SERVICE4': '0.0', 'SLOWPOKE_POKER_BATCH_THRESHOLD_SERVICE4': '100', 'SLOWPOKE_IS_TARGET_SERVICE_SERVICE4': 'false', 'SLOWPOKE_DELAY_MICROS_SERVICE5': '0.0', 'SLOWPOKE_POKER_BATCH_THRESHOLD_SERVICE5': '100', 'SLOWPOKE_IS_TARGET_SERVICE_SERVICE5': 'true'}
    [exp] Executing cmd `bash run.sh synthetic chain-d4-grpc-sync 8 512 20000`:
        [run.sh] Running benchmark synthetic with request chain-d4-grpc-sync, thread 8, conn 512, duration 60
        [run.sh] Deleting all services
        configmap "config-service0" deleted
        deployment.apps "service0" deleted
        service "service0" deleted
        configmap "config-service1" deleted
        deployment.apps "service1" deleted
        service "service1" deleted
        configmap "config-service2" deleted
        deployment.apps "service2" deleted
        service "service2" deleted
        configmap "config-service3" deleted
        deployment.apps "service3" deleted
        service "service3" deleted
        configmap "config-service4" deleted
        deployment.apps "service4" deleted
        service "service4" deleted
        configmap "config-service5" deleted
        deployment.apps "service5" deleted
        service "service5" deleted
        deployment.apps "ubuntu-client" deleted
        [run.sh] Waiting for all pods to be deleted
        [run.sh] Deploying all services
        configmap/config-service0 created
        deployment.apps/service0 created
        service/service0 created
        configmap/config-service1 created
        deployment.apps/service1 created
        service/service1 created
        configmap/config-service2 created
        deployment.apps/service2 created
        service/service2 created
        configmap/config-service3 created
        deployment.apps/service3 created
        service/service3 created
        configmap/config-service4 created
        deployment.apps/service4 created
        service/service4 created
        configmap/config-service5 created
        deployment.apps/service5 created
        service/service5 created
        [run.sh] Client pod not found, deploying client
        deployment.apps/ubuntu-client created
        [run.sh] Waiting for all pods to be running
        [run.sh] All pods are running
        [run.sh] Checking heartbeat for all services
        [run.sh] Running warmup test
        [run.sh] /wrk/wrk -t8 -c512 --timeout 3s -d3s -L http://service0:80/endpoint1
        Running 3s test @ http://service0:80/endpoint1
        8 threads and 512 connections
        Thread Stats   Avg      Stdev     Max   +/- Stdev
        Latency   553.38ms  359.46ms   1.50s    69.58%
        Req/Sec   166.17    137.12   525.00     69.92%
        Latency Distribution
        50%  416.53ms
        75%  694.88ms
        90%    1.20s
        99%    1.30s
        2575 requests in 3.03s, 399.83KB read
        Requests/sec:    851.19
        Transfer/sec:    132.17KB
        [run.sh] Speed is 851.19, duration is 35
        [run.sh] Fix the request number.
        [run.sh] Running the actual test
        [run.sh] /wrk/wrk --timeout 20s -t8 -c512 -d35s -L -s /wrk/fix_req_n.lua http://service0:80/endpoint1
        [run.sh] Checking the resource usage
        NAME                             CPU(cores)   MEMORY(bytes)
        service0-6fb7cc7c7f-swwjx        1817m        46Mi
        service1-76b89695f7-tvfc4        1420m        16Mi
        service2-8f7c6f8f5-m6ksg         1393m        15Mi
        service3-766854894f-6jjf6        1229m        10Mi
        service4-6fb56c9f99-9s547        961m         9Mi
        service5-858ff6f8bb-m59h7        286m         8Mi
        ubuntu-client-76886f6bbd-lrxdc   59m          15Mi
        Running 35s test @ http://service0:80/endpoint1
        8 threads and 512 connections
        Thread Stats   Avg      Stdev     Max   +/- Stdev
        Latency   363.62ms  208.89ms   1.74s    79.90%
        Req/Sec   180.52    114.07   640.00     68.44%
        Latency Distribution
        50%  321.17ms
        75%  444.72ms
        90%  610.56ms
        99%    1.18s
        20000 requests in 35.00s, 3.03MB read
        Requests/sec:    571.43
        Transfer/sec:     88.73KB
        ------------------------------
        stop time: 14.176871
        stop time: 14.367014
        stop time: 14.407777
        stop time: 14.159364
        stop time: 14.512238
        stop time: 14.529986
        stop time: 14.522779
        stop time: 14.628719
        [run.sh] Test finished with status 0
        > STDERR
        > No resources found in default namespace.
    [exp] Times: [14.176871, 14.367014, 14.407777, 14.159364, 14.512238, 14.529986, 14.522779, 14.628719]
    [exp] Throughput: 1387.6271599847737
[test.py] Running 0th slowdown exp
    [exp] Running (pre_run: False) workload synthetic/chain-d4-grpc-sync request with the following configuration: {'CLIENT_CPU_QUOTA': '2', 'SLOWPOKE_POKER_BATCH_THRESHOLD': '20000000', 'PROCESSING_TIME_SERVICE0': '0.00111138', 'PROCESSING_TIME_SERVICE1': '0.00097238', 'PROCESSING_TIME_SERVICE2': '0.00081115', 'PROCESSING_TIME_SERVICE3': '0.00057043', 'PROCESSING_TIME_SERVICE4': '0.00052388', 'PROCESSING_TIME_SERVICE5': '0.00046082', 'SLOWPOKE_DELAY_MICROS_SERVICE0': '230.0', 'SLOWPOKE_POKER_BATCH_THRESHOLD_SERVICE0': '100', 'SLOWPOKE_IS_TARGET_SERVICE_SERVICE0': 'false', 'SLOWPOKE_DELAY_MICROS_SERVICE1': '230.0', 'SLOWPOKE_POKER_BATCH_THRESHOLD_SERVICE1': '100', 'SLOWPOKE_IS_TARGET_SERVICE_SERVICE1': 'false', 'SLOWPOKE_DELAY_MICROS_SERVICE2': '230.0', 'SLOWPOKE_POKER_BATCH_THRESHOLD_SERVICE2': '100', 'SLOWPOKE_IS_TARGET_SERVICE_SERVICE2': 'false', 'SLOWPOKE_DELAY_MICROS_SERVICE3': '230.0', 'SLOWPOKE_POKER_BATCH_THRESHOLD_SERVICE3': '100', 'SLOWPOKE_IS_TARGET_SERVICE_SERVICE3': 'false', 'SLOWPOKE_DELAY_MICROS_SERVICE4': '230.0', 'SLOWPOKE_POKER_BATCH_THRESHOLD_SERVICE4': '100', 'SLOWPOKE_IS_TARGET_SERVICE_SERVICE4': 'false', 'SLOWPOKE_DELAY_MICROS_SERVICE5': '0.0', 'SLOWPOKE_POKER_BATCH_THRESHOLD_SERVICE5': '100', 'SLOWPOKE_IS_TARGET_SERVICE_SERVICE5': 'true'}
    [exp] Executing cmd `bash run.sh synthetic chain-d4-grpc-sync 8 512 20000`:
        [run.sh] Running benchmark synthetic with request chain-d4-grpc-sync, thread 8, conn 512, duration 60
        [run.sh] Deleting all services
        configmap "config-service0" deleted
        deployment.apps "service0" deleted
        service "service0" deleted
        configmap "config-service1" deleted
        deployment.apps "service1" deleted
        service "service1" deleted
        configmap "config-service2" deleted
        deployment.apps "service2" deleted
        service "service2" deleted
        configmap "config-service3" deleted
        deployment.apps "service3" deleted
        service "service3" deleted
        configmap "config-service4" deleted
        deployment.apps "service4" deleted
        service "service4" deleted
        configmap "config-service5" deleted
        deployment.apps "service5" deleted
        service "service5" deleted
        deployment.apps "ubuntu-client" deleted
        [run.sh] Waiting for all pods to be deleted
        [run.sh] Deploying all services
        configmap/config-service0 created
        deployment.apps/service0 created
        service/service0 created
        configmap/config-service1 created
        deployment.apps/service1 created
        service/service1 created
        configmap/config-service2 created
        deployment.apps/service2 created
        service/service2 created
        configmap/config-service3 created
        deployment.apps/service3 created
        service/service3 created
        configmap/config-service4 created
        deployment.apps/service4 created
        service/service4 created
        configmap/config-service5 created
        deployment.apps/service5 created
        service/service5 created
        [run.sh] Client pod not found, deploying client
        deployment.apps/ubuntu-client created
        [run.sh] Waiting for all pods to be running
        [run.sh] All pods are running
        [run.sh] Checking heartbeat for all services
        [run.sh] Running warmup test
        [run.sh] /wrk/wrk -t8 -c512 --timeout 3s -d3s -L http://service0:80/endpoint1
        Running 3s test @ http://service0:80/endpoint1
        8 threads and 512 connections
        Thread Stats   Avg      Stdev     Max   +/- Stdev
        Latency   588.58ms  406.59ms   1.56s    72.03%
        Req/Sec   149.18     86.13   343.00     64.34%
        Latency Distribution
        50%  428.26ms
        75%  742.01ms
        90%    1.30s
        99%    1.53s
        2403 requests in 3.04s, 373.12KB read
        Requests/sec:    791.17
        Transfer/sec:    122.85KB
        [run.sh] Speed is 791.17, duration is 37
        [run.sh] Fix the request number.
        [run.sh] Running the actual test
        [run.sh] /wrk/wrk --timeout 20s -t8 -c512 -d37s -L -s /wrk/fix_req_n.lua http://service0:80/endpoint1
        [run.sh] Checking the resource usage
        Running 37s test @ http://service0:80/endpoint1
        8 threads and 512 connections
        Thread Stats   Avg      Stdev     Max   +/- Stdev
        Latency   471.46ms  244.99ms   2.43s    74.33%
        Req/Sec   139.93     94.92   535.00     67.04%
        Latency Distribution
        50%  426.56ms
        75%  591.20ms
        90%  781.22ms
        99%    1.27s
        20000 requests in 37.00s, 3.03MB read
        Requests/sec:    540.54
        Transfer/sec:     83.93KB
        ------------------------------
        stop time: 18.341227
        stop time: 18.302393
        stop time: 18.666010
        stop time: 18.650398
        stop time: 18.788278
        stop time: 18.898981
        stop time: 18.768351
        stop time: 18.635998
        [run.sh] Test finished with status 0
        > STDERR
        > No resources found in default namespace.
        > error: metrics not available yet
    [exp] Times: [18.341227, 18.302393, 18.66601, 18.650398, 18.788278, 18.898981, 18.768351, 18.635998]
    [exp] Throughput: 1073.4534976858627
[test.py] Finished running 0th optmization experiment: groundtruth->1387.6271599847737, slowdown->1073.4534976858627, predicted->1426.2024553572785, err->2.779946694970145
[test.py] Running 1th optmization experiment
[test.py] Running 1th groundtruth exp
    [exp] Running (pre_run: False) workload synthetic/chain-d4-grpc-sync request with the following configuration: {'CLIENT_CPU_QUOTA': '2', 'SLOWPOKE_POKER_BATCH_THRESHOLD': '20000000', 'PROCESSING_TIME_SERVICE0': '0.00111138', 'PROCESSING_TIME_SERVICE1': '0.00097238', 'PROCESSING_TIME_SERVICE2': '0.00081115', 'PROCESSING_TIME_SERVICE3': '0.00057043', 'PROCESSING_TIME_SERVICE4': '0.00052388', 'PROCESSING_TIME_SERVICE5': '4.6e-05', 'SLOWPOKE_DELAY_MICROS_SERVICE0': '0.0', 'SLOWPOKE_POKER_BATCH_THRESHOLD_SERVICE0': '100', 'SLOWPOKE_IS_TARGET_SERVICE_SERVICE0': 'false', 'SLOWPOKE_DELAY_MICROS_SERVICE1': '0.0', 'SLOWPOKE_POKER_BATCH_THRESHOLD_SERVICE1': '100', 'SLOWPOKE_IS_TARGET_SERVICE_SERVICE1': 'false', 'SLOWPOKE_DELAY_MICROS_SERVICE2': '0.0', 'SLOWPOKE_POKER_BATCH_THRESHOLD_SERVICE2': '100', 'SLOWPOKE_IS_TARGET_SERVICE_SERVICE2': 'false', 'SLOWPOKE_DELAY_MICROS_SERVICE3': '0.0', 'SLOWPOKE_POKER_BATCH_THRESHOLD_SERVICE3': '100', 'SLOWPOKE_IS_TARGET_SERVICE_SERVICE3': 'false', 'SLOWPOKE_DELAY_MICROS_SERVICE4': '0.0', 'SLOWPOKE_POKER_BATCH_THRESHOLD_SERVICE4': '100', 'SLOWPOKE_IS_TARGET_SERVICE_SERVICE4': 'false', 'SLOWPOKE_DELAY_MICROS_SERVICE5': '0.0', 'SLOWPOKE_POKER_BATCH_THRESHOLD_SERVICE5': '100', 'SLOWPOKE_IS_TARGET_SERVICE_SERVICE5': 'true'}
    [exp] Executing cmd `bash run.sh synthetic chain-d4-grpc-sync 8 512 20000`:
        [run.sh] Running benchmark synthetic with request chain-d4-grpc-sync, thread 8, conn 512, duration 60
        [run.sh] Deleting all services
        configmap "config-service0" deleted
        deployment.apps "service0" deleted
        service "service0" deleted
        configmap "config-service1" deleted
        deployment.apps "service1" deleted
        service "service1" deleted
        configmap "config-service2" deleted
        deployment.apps "service2" deleted
        service "service2" deleted
        configmap "config-service3" deleted
        deployment.apps "service3" deleted
        service "service3" deleted
        configmap "config-service4" deleted
        deployment.apps "service4" deleted
        service "service4" deleted
        configmap "config-service5" deleted
        deployment.apps "service5" deleted
        service "service5" deleted
        deployment.apps "ubuntu-client" deleted
        [run.sh] Waiting for all pods to be deleted
        [run.sh] Deploying all services
        configmap/config-service0 created
        deployment.apps/service0 created
        service/service0 created
        configmap/config-service1 created
        deployment.apps/service1 created
        service/service1 created
        configmap/config-service2 created
        deployment.apps/service2 created
        service/service2 created
        configmap/config-service3 created
        deployment.apps/service3 created
        service/service3 created
        configmap/config-service4 created
        deployment.apps/service4 created
        service/service4 created
        configmap/config-service5 created
        deployment.apps/service5 created
        service/service5 created
        [run.sh] Client pod not found, deploying client
        deployment.apps/ubuntu-client created
        [run.sh] Waiting for all pods to be running
        [run.sh] All pods are running
        [run.sh] Checking heartbeat for all services
        [run.sh] Running warmup test
        [run.sh] /wrk/wrk -t8 -c512 --timeout 3s -d3s -L http://service0:80/endpoint1
        Running 3s test @ http://service0:80/endpoint1
        8 threads and 512 connections
        Thread Stats   Avg      Stdev     Max   +/- Stdev
        Latency   403.13ms  247.45ms   1.47s    71.80%
        Req/Sec   187.61     95.54   410.00     61.96%
        Latency Distribution
        50%  321.08ms
        75%  531.24ms
        90%  795.23ms
        99%  992.45ms
        3648 requests in 3.03s, 566.44KB read
        Requests/sec:   1202.78
        Transfer/sec:    186.76KB
        [run.sh] Speed is 1202.78, duration is 24
        [run.sh] Fix the request number.
        [run.sh] Running the actual test
        [run.sh] /wrk/wrk --timeout 20s -t8 -c512 -d24s -L -s /wrk/fix_req_n.lua http://service0:80/endpoint1
        Running 24s test @ http://service0:80/endpoint1
        8 threads and 512 connections
        Thread Stats   Avg      Stdev     Max   +/- Stdev
        Latency   357.08ms  206.02ms   1.78s    73.40%
        Req/Sec   183.00    109.63   560.00     68.33%
        Latency Distribution
        50%  316.03ms
        75%  448.50ms
        90%  636.36ms
        99%    1.05s
        20000 requests in 24.00s, 3.03MB read
        Requests/sec:    833.32
        Transfer/sec:    129.39KB
        ------------------------------
        stop time: 14.042414
        stop time: 13.713190
        stop time: 14.001093
        stop time: 14.120463
        stop time: 14.091122
        stop time: 14.096568
        stop time: 14.195015
        stop time: 14.277817
        [run.sh] Checking the resource usage
        NAME                             CPU(cores)   MEMORY(bytes)
        service0-6fb7cc7c7f-79jd4        247m         48Mi
        service1-76b89695f7-rchw8        885m         17Mi
        service2-8f7c6f8f5-b84vh         115m         12Mi
        service3-766854894f-dzfgg        407m         12Mi
        service4-6fb56c9f99-4v75b        730m         9Mi
        service5-858ff6f8bb-p82tf        243m         7Mi
        ubuntu-client-76886f6bbd-qh9bg   6m           14Mi
        [run.sh] Test finished with status 0
        > STDERR
        > No resources found in default namespace.
    [exp] Times: [14.042414, 13.71319, 14.001093, 14.120463, 14.091122, 14.096568, 14.195015, 14.277817]
    [exp] Throughput: 1421.7460068175208
[test.py] Running 1th slowdown exp
    [exp] Running (pre_run: False) workload synthetic/chain-d4-grpc-sync request with the following configuration: {'CLIENT_CPU_QUOTA': '2', 'SLOWPOKE_POKER_BATCH_THRESHOLD': '20000000', 'PROCESSING_TIME_SERVICE0': '0.00111138', 'PROCESSING_TIME_SERVICE1': '0.00097238', 'PROCESSING_TIME_SERVICE2': '0.00081115', 'PROCESSING_TIME_SERVICE3': '0.00057043', 'PROCESSING_TIME_SERVICE4': '0.00052388', 'PROCESSING_TIME_SERVICE5': '0.00046082', 'SLOWPOKE_DELAY_MICROS_SERVICE0': '207.0', 'SLOWPOKE_POKER_BATCH_THRESHOLD_SERVICE0': '100', 'SLOWPOKE_IS_TARGET_SERVICE_SERVICE0': 'false', 'SLOWPOKE_DELAY_MICROS_SERVICE1': '207.0', 'SLOWPOKE_POKER_BATCH_THRESHOLD_SERVICE1': '100', 'SLOWPOKE_IS_TARGET_SERVICE_SERVICE1': 'false', 'SLOWPOKE_DELAY_MICROS_SERVICE2': '207.0', 'SLOWPOKE_POKER_BATCH_THRESHOLD_SERVICE2': '100', 'SLOWPOKE_IS_TARGET_SERVICE_SERVICE2': 'false', 'SLOWPOKE_DELAY_MICROS_SERVICE3': '207.0', 'SLOWPOKE_POKER_BATCH_THRESHOLD_SERVICE3': '100', 'SLOWPOKE_IS_TARGET_SERVICE_SERVICE3': 'false', 'SLOWPOKE_DELAY_MICROS_SERVICE4': '207.0', 'SLOWPOKE_POKER_BATCH_THRESHOLD_SERVICE4': '100', 'SLOWPOKE_IS_TARGET_SERVICE_SERVICE4': 'false', 'SLOWPOKE_DELAY_MICROS_SERVICE5': '0.0', 'SLOWPOKE_POKER_BATCH_THRESHOLD_SERVICE5': '100', 'SLOWPOKE_IS_TARGET_SERVICE_SERVICE5': 'true'}
    [exp] Executing cmd `bash run.sh synthetic chain-d4-grpc-sync 8 512 20000`:
        [run.sh] Running benchmark synthetic with request chain-d4-grpc-sync, thread 8, conn 512, duration 60
        [run.sh] Deleting all services
        configmap "config-service0" deleted
        deployment.apps "service0" deleted
        service "service0" deleted
        configmap "config-service1" deleted
        deployment.apps "service1" deleted
        service "service1" deleted
        configmap "config-service2" deleted
        deployment.apps "service2" deleted
        service "service2" deleted
        configmap "config-service3" deleted
        deployment.apps "service3" deleted
        service "service3" deleted
        configmap "config-service4" deleted
        deployment.apps "service4" deleted
        service "service4" deleted
        configmap "config-service5" deleted
        deployment.apps "service5" deleted
        service "service5" deleted
        deployment.apps "ubuntu-client" deleted
        [run.sh] Waiting for all pods to be deleted
        [run.sh] Deploying all services
        configmap/config-service0 created
        deployment.apps/service0 created
        service/service0 created
        configmap/config-service1 created
        deployment.apps/service1 created
        service/service1 created
        configmap/config-service2 created
        deployment.apps/service2 created
        service/service2 created
        configmap/config-service3 created
        deployment.apps/service3 created
        service/service3 created
        configmap/config-service4 created
        deployment.apps/service4 created
        service/service4 created
        configmap/config-service5 created
        deployment.apps/service5 created
        service/service5 created
        [run.sh] Client pod not found, deploying client
        deployment.apps/ubuntu-client created
        [run.sh] Waiting for all pods to be running
        [run.sh] All pods are running
        [run.sh] Checking heartbeat for all services
        [run.sh] Running warmup test
        [run.sh] /wrk/wrk -t8 -c512 --timeout 3s -d3s -L http://service0:80/endpoint1
        Running 3s test @ http://service0:80/endpoint1
        8 threads and 512 connections
        Thread Stats   Avg      Stdev     Max   +/- Stdev
        Latency   603.66ms  404.92ms   1.48s    69.66%
        Req/Sec   145.16     95.36   373.00     71.62%
        Latency Distribution
        50%  445.92ms
        75%  793.70ms
        90%    1.34s
        99%    1.47s
        2294 requests in 3.04s, 356.20KB read
        Requests/sec:    755.80
        Transfer/sec:    117.36KB
        [run.sh] Speed is 755.80, duration is 39
        [run.sh] Fix the request number.
        [run.sh] Running the actual test
        [run.sh] /wrk/wrk --timeout 20s -t8 -c512 -d39s -L -s /wrk/fix_req_n.lua http://service0:80/endpoint1
        [run.sh] Checking the resource usage
        NAME                             CPU(cores)   MEMORY(bytes)
        service0-6977d79968-4cf7f        172m         46Mi
        service1-54fc876cf4-fxqgj        0m           16Mi
        service2-54f556d676-db24f        352m         14Mi
        service3-bd76c6df8-cm8md         0m           11Mi
        service4-574d56fc4d-mg9gk        0m           10Mi
        service5-858ff6f8bb-2b9kf        0m           9Mi
        ubuntu-client-76886f6bbd-k9tx4   15m          17Mi
        Running 39s test @ http://service0:80/endpoint1
        8 threads and 512 connections
        Thread Stats   Avg      Stdev     Max   +/- Stdev
        Latency   483.61ms  274.74ms   1.97s    75.65%
        Req/Sec   139.65     92.14   454.00     65.03%
        Latency Distribution
        50%  422.25ms
        75%  597.74ms
        90%  851.09ms
        99%    1.41s
        20000 requests in 39.00s, 3.03MB read
        Requests/sec:    512.82
        Transfer/sec:     79.63KB
        ------------------------------
        stop time: 18.957628
        stop time: 18.781156
        stop time: 18.911171
        stop time: 19.457611
        stop time: 19.477299
        stop time: 19.329043
        stop time: 19.482839
        stop time: 19.437164
        [run.sh] Test finished with status 0
        > STDERR
        > No resources found in default namespace.
    [exp] Times: [18.957628, 18.781156, 18.911171, 19.457611, 19.477299, 19.329043, 19.482839, 19.437164]
    [exp] Throughput: 1040.0827682265713
[test.py] Finished running 1th optmization experiment: groundtruth->1421.7460068175208, slowdown->1040.0827682265713, predicted->1326.1685859821112, err->-6.722538370222189
[test.py] Running 2th optmization experiment
[test.py] Running 2th groundtruth exp
    [exp] Running (pre_run: False) workload synthetic/chain-d4-grpc-sync request with the following configuration: {'CLIENT_CPU_QUOTA': '2', 'SLOWPOKE_POKER_BATCH_THRESHOLD': '20000000', 'PROCESSING_TIME_SERVICE0': '0.00111138', 'PROCESSING_TIME_SERVICE1': '0.00097238', 'PROCESSING_TIME_SERVICE2': '0.00081115', 'PROCESSING_TIME_SERVICE3': '0.00057043', 'PROCESSING_TIME_SERVICE4': '0.00052388', 'PROCESSING_TIME_SERVICE5': '9.2e-05', 'SLOWPOKE_DELAY_MICROS_SERVICE0': '0.0', 'SLOWPOKE_POKER_BATCH_THRESHOLD_SERVICE0': '100', 'SLOWPOKE_IS_TARGET_SERVICE_SERVICE0': 'false', 'SLOWPOKE_DELAY_MICROS_SERVICE1': '0.0', 'SLOWPOKE_POKER_BATCH_THRESHOLD_SERVICE1': '100', 'SLOWPOKE_IS_TARGET_SERVICE_SERVICE1': 'false', 'SLOWPOKE_DELAY_MICROS_SERVICE2': '0.0', 'SLOWPOKE_POKER_BATCH_THRESHOLD_SERVICE2': '100', 'SLOWPOKE_IS_TARGET_SERVICE_SERVICE2': 'false', 'SLOWPOKE_DELAY_MICROS_SERVICE3': '0.0', 'SLOWPOKE_POKER_BATCH_THRESHOLD_SERVICE3': '100', 'SLOWPOKE_IS_TARGET_SERVICE_SERVICE3': 'false', 'SLOWPOKE_DELAY_MICROS_SERVICE4': '0.0', 'SLOWPOKE_POKER_BATCH_THRESHOLD_SERVICE4': '100', 'SLOWPOKE_IS_TARGET_SERVICE_SERVICE4': 'false', 'SLOWPOKE_DELAY_MICROS_SERVICE5': '0.0', 'SLOWPOKE_POKER_BATCH_THRESHOLD_SERVICE5': '100', 'SLOWPOKE_IS_TARGET_SERVICE_SERVICE5': 'true'}
    [exp] Executing cmd `bash run.sh synthetic chain-d4-grpc-sync 8 512 20000`:
        [run.sh] Running benchmark synthetic with request chain-d4-grpc-sync, thread 8, conn 512, duration 60
        [run.sh] Deleting all services
        configmap "config-service0" deleted
        deployment.apps "service0" deleted
        service "service0" deleted
        configmap "config-service1" deleted
        deployment.apps "service1" deleted
        service "service1" deleted
        configmap "config-service2" deleted
        deployment.apps "service2" deleted
        service "service2" deleted
        configmap "config-service3" deleted
        deployment.apps "service3" deleted
        service "service3" deleted
        configmap "config-service4" deleted
        deployment.apps "service4" deleted
        service "service4" deleted
        configmap "config-service5" deleted
        deployment.apps "service5" deleted
        service "service5" deleted
        deployment.apps "ubuntu-client" deleted
        [run.sh] Waiting for all pods to be deleted
        [run.sh] Deploying all services
        configmap/config-service0 created
        deployment.apps/service0 created
        service/service0 created
        configmap/config-service1 created
        deployment.apps/service1 created
        service/service1 created
        configmap/config-service2 created
        deployment.apps/service2 created
        service/service2 created
        configmap/config-service3 created
        deployment.apps/service3 created
        service/service3 created
        configmap/config-service4 created
        deployment.apps/service4 created
        service/service4 created
        configmap/config-service5 created
        deployment.apps/service5 created
        service/service5 created
        [run.sh] Client pod not found, deploying client
        deployment.apps/ubuntu-client created
        [run.sh] Waiting for all pods to be running
        [run.sh] All pods are running
        [run.sh] Checking heartbeat for all services
        [run.sh] Running warmup test
        [run.sh] /wrk/wrk -t8 -c512 --timeout 3s -d3s -L http://service0:80/endpoint1
        Running 3s test @ http://service0:80/endpoint1
        8 threads and 512 connections
        Thread Stats   Avg      Stdev     Max   +/- Stdev
        Latency   409.39ms  234.68ms   1.36s    67.13%
        Req/Sec   179.55    103.88   440.00     63.83%
        Latency Distribution
        50%  347.62ms
        75%  534.90ms
        90%  753.14ms
        99%    1.02s
        3599 requests in 3.03s, 558.83KB read
        Requests/sec:   1187.48
        Transfer/sec:    184.38KB
        [run.sh] Speed is 1187.48, duration is 25
        [run.sh] Fix the request number.
        [run.sh] Running the actual test
        [run.sh] /wrk/wrk --timeout 20s -t8 -c512 -d25s -L -s /wrk/fix_req_n.lua http://service0:80/endpoint1
        Running 25s test @ http://service0:80/endpoint1
        8 threads and 512 connections
        Thread Stats   Avg      Stdev     Max   +/- Stdev
        Latency   369.92ms  248.07ms   1.80s    76.81%
        Req/Sec   178.48    106.87   610.00     65.04%
        Latency Distribution
        50%  293.95ms
        75%  478.84ms
        90%  727.57ms
        99%    1.13s
        20000 requests in 25.00s, 3.03MB read
        Requests/sec:    799.99
        Transfer/sec:    124.22KB
        ------------------------------
        stop time: 14.493078
        stop time: 14.593755
        stop time: 14.664958
        stop time: 14.745645
        stop time: 14.473302
        stop time: 14.695734
        stop time: 14.641466
        stop time: 14.560190
        [run.sh] Checking the resource usage
        NAME                             CPU(cores)   MEMORY(bytes)
        service0-6fb7cc7c7f-xjhm8        455m         44Mi
        service1-76b89695f7-6j74k        479m         15Mi
        service2-8f7c6f8f5-smjzm         20m          11Mi
        service3-766854894f-md4dp        351m         10Mi
        service4-6fb56c9f99-f7kdq        346m         9Mi
        service5-858ff6f8bb-n5x58        134m         8Mi
        ubuntu-client-76886f6bbd-9p4nh   5m           0Mi
        [run.sh] Test finished with status 0
        > STDERR
        > No resources found in default namespace.
    [exp] Times: [14.493078, 14.593755, 14.664958, 14.745645, 14.473302, 14.695734, 14.641466, 14.56019]
    [exp] Throughput: 1369.0644552807416
[test.py] Running 2th slowdown exp
    [exp] Running (pre_run: False) workload synthetic/chain-d4-grpc-sync request with the following configuration: {'CLIENT_CPU_QUOTA': '2', 'SLOWPOKE_POKER_BATCH_THRESHOLD': '20000000', 'PROCESSING_TIME_SERVICE0': '0.00111138', 'PROCESSING_TIME_SERVICE1': '0.00097238', 'PROCESSING_TIME_SERVICE2': '0.00081115', 'PROCESSING_TIME_SERVICE3': '0.00057043', 'PROCESSING_TIME_SERVICE4': '0.00052388', 'PROCESSING_TIME_SERVICE5': '0.00046082', 'SLOWPOKE_DELAY_MICROS_SERVICE0': '184.0', 'SLOWPOKE_POKER_BATCH_THRESHOLD_SERVICE0': '100', 'SLOWPOKE_IS_TARGET_SERVICE_SERVICE0': 'false', 'SLOWPOKE_DELAY_MICROS_SERVICE1': '184.0', 'SLOWPOKE_POKER_BATCH_THRESHOLD_SERVICE1': '100', 'SLOWPOKE_IS_TARGET_SERVICE_SERVICE1': 'false', 'SLOWPOKE_DELAY_MICROS_SERVICE2': '184.0', 'SLOWPOKE_POKER_BATCH_THRESHOLD_SERVICE2': '100', 'SLOWPOKE_IS_TARGET_SERVICE_SERVICE2': 'false', 'SLOWPOKE_DELAY_MICROS_SERVICE3': '184.0', 'SLOWPOKE_POKER_BATCH_THRESHOLD_SERVICE3': '100', 'SLOWPOKE_IS_TARGET_SERVICE_SERVICE3': 'false', 'SLOWPOKE_DELAY_MICROS_SERVICE4': '184.0', 'SLOWPOKE_POKER_BATCH_THRESHOLD_SERVICE4': '100', 'SLOWPOKE_IS_TARGET_SERVICE_SERVICE4': 'false', 'SLOWPOKE_DELAY_MICROS_SERVICE5': '0.0', 'SLOWPOKE_POKER_BATCH_THRESHOLD_SERVICE5': '100', 'SLOWPOKE_IS_TARGET_SERVICE_SERVICE5': 'true'}
    [exp] Executing cmd `bash run.sh synthetic chain-d4-grpc-sync 8 512 20000`:
        [run.sh] Running benchmark synthetic with request chain-d4-grpc-sync, thread 8, conn 512, duration 60
        [run.sh] Deleting all services
        configmap "config-service0" deleted
        deployment.apps "service0" deleted
        service "service0" deleted
        configmap "config-service1" deleted
        deployment.apps "service1" deleted
        service "service1" deleted
        configmap "config-service2" deleted
        deployment.apps "service2" deleted
        service "service2" deleted
        configmap "config-service3" deleted
        deployment.apps "service3" deleted
        service "service3" deleted
        configmap "config-service4" deleted
        deployment.apps "service4" deleted
        service "service4" deleted
        configmap "config-service5" deleted
        deployment.apps "service5" deleted
        service "service5" deleted
        deployment.apps "ubuntu-client" deleted
        [run.sh] Waiting for all pods to be deleted
        [run.sh] Deploying all services
        configmap/config-service0 created
        deployment.apps/service0 created
        service/service0 created
        configmap/config-service1 created
        deployment.apps/service1 created
        service/service1 created
        configmap/config-service2 created
        deployment.apps/service2 created
        service/service2 created
        configmap/config-service3 created
        deployment.apps/service3 created
        service/service3 created
        configmap/config-service4 created
        deployment.apps/service4 created
        service/service4 created
        configmap/config-service5 created
        deployment.apps/service5 created
        service/service5 created
        [run.sh] Client pod not found, deploying client
        deployment.apps/ubuntu-client created
        [run.sh] Waiting for all pods to be running
        [run.sh] All pods are running
        [run.sh] Checking heartbeat for all services
        [run.sh] Running warmup test
        [run.sh] /wrk/wrk -t8 -c512 --timeout 3s -d3s -L http://service0:80/endpoint1
        Running 3s test @ http://service0:80/endpoint1
        8 threads and 512 connections
        Thread Stats   Avg      Stdev     Max   +/- Stdev
        Latency   476.88ms  277.34ms   1.43s    61.94%
        Req/Sec   146.91    113.96   500.00     65.93%
        Latency Distribution
        50%  386.09ms
        75%  676.10ms
        90%  909.63ms
        99%    1.12s
        2827 requests in 3.03s, 438.96KB read
        Requests/sec:    933.24
        Transfer/sec:    144.91KB
        [run.sh] Speed is 933.24, duration is 32
        [run.sh] Fix the request number.
        [run.sh] Running the actual test
        [run.sh] /wrk/wrk --timeout 20s -t8 -c512 -d32s -L -s /wrk/fix_req_n.lua http://service0:80/endpoint1
        Running 32s test @ http://service0:80/endpoint1
        8 threads and 512 connections
        Thread Stats   Avg      Stdev     Max   +/- Stdev
        Latency   435.64ms  217.49ms   1.70s    72.48%
        Req/Sec   149.98     89.68   565.00     67.59%
        Latency Distribution
        50%  402.77ms
        75%  554.16ms
        90%  707.48ms
        99%    1.12s
        20000 requests in 32.00s, 3.03MB read
        Requests/sec:    625.00
        Transfer/sec:     97.05KB
        ------------------------------
        stop time: 17.062454
        stop time: 17.128850
        stop time: 17.224487
        stop time: 17.210669
        stop time: 17.223554
        stop time: 17.330227
        stop time: 17.182610
        stop time: 17.403277
        [run.sh] Checking the resource usage
        NAME                             CPU(cores)   MEMORY(bytes)
        service0-6f6c4658b4-2v2q6        1494m        49Mi
        service1-56869cb786-glkx2        1063m        14Mi
        service2-794cc45b68-8p9nj        1204m        11Mi
        service3-548bdb986-ckxxb         989m         9Mi
        service4-8fd9f87d4-vhzd7         981m         9Mi
        service5-858ff6f8bb-fjf2z        598m         8Mi
        ubuntu-client-76886f6bbd-nd8mp   46m          16Mi
        [run.sh] Test finished with status 0
        > STDERR
        > No resources found in default namespace.
    [exp] Times: [17.062454, 17.12885, 17.224487, 17.210669, 17.223554, 17.330227, 17.18261, 17.403277]
    [exp] Throughput: 1161.3885235999376
[test.py] Finished running 2th optmization experiment: groundtruth->1369.0644552807416, slowdown->1161.3885235999376, predicted->1477.9163094419787, err->7.95082026572049
[test.py] Running 3th optmization experiment
[test.py] Running 3th groundtruth exp
    [exp] Running (pre_run: False) workload synthetic/chain-d4-grpc-sync request with the following configuration: {'CLIENT_CPU_QUOTA': '2', 'SLOWPOKE_POKER_BATCH_THRESHOLD': '20000000', 'PROCESSING_TIME_SERVICE0': '0.00111138', 'PROCESSING_TIME_SERVICE1': '0.00097238', 'PROCESSING_TIME_SERVICE2': '0.00081115', 'PROCESSING_TIME_SERVICE3': '0.00057043', 'PROCESSING_TIME_SERVICE4': '0.00052388', 'PROCESSING_TIME_SERVICE5': '0.000138', 'SLOWPOKE_DELAY_MICROS_SERVICE0': '0.0', 'SLOWPOKE_POKER_BATCH_THRESHOLD_SERVICE0': '100', 'SLOWPOKE_IS_TARGET_SERVICE_SERVICE0': 'false', 'SLOWPOKE_DELAY_MICROS_SERVICE1': '0.0', 'SLOWPOKE_POKER_BATCH_THRESHOLD_SERVICE1': '100', 'SLOWPOKE_IS_TARGET_SERVICE_SERVICE1': 'false', 'SLOWPOKE_DELAY_MICROS_SERVICE2': '0.0', 'SLOWPOKE_POKER_BATCH_THRESHOLD_SERVICE2': '100', 'SLOWPOKE_IS_TARGET_SERVICE_SERVICE2': 'false', 'SLOWPOKE_DELAY_MICROS_SERVICE3': '0.0', 'SLOWPOKE_POKER_BATCH_THRESHOLD_SERVICE3': '100', 'SLOWPOKE_IS_TARGET_SERVICE_SERVICE3': 'false', 'SLOWPOKE_DELAY_MICROS_SERVICE4': '0.0', 'SLOWPOKE_POKER_BATCH_THRESHOLD_SERVICE4': '100', 'SLOWPOKE_IS_TARGET_SERVICE_SERVICE4': 'false', 'SLOWPOKE_DELAY_MICROS_SERVICE5': '0.0', 'SLOWPOKE_POKER_BATCH_THRESHOLD_SERVICE5': '100', 'SLOWPOKE_IS_TARGET_SERVICE_SERVICE5': 'true'}
    [exp] Executing cmd `bash run.sh synthetic chain-d4-grpc-sync 8 512 20000`:
        [run.sh] Running benchmark synthetic with request chain-d4-grpc-sync, thread 8, conn 512, duration 60
        [run.sh] Deleting all services
        configmap "config-service0" deleted
        deployment.apps "service0" deleted
        service "service0" deleted
        configmap "config-service1" deleted
        deployment.apps "service1" deleted
        service "service1" deleted
        configmap "config-service2" deleted
        deployment.apps "service2" deleted
        service "service2" deleted
        configmap "config-service3" deleted
        deployment.apps "service3" deleted
        service "service3" deleted
        configmap "config-service4" deleted
        deployment.apps "service4" deleted
        service "service4" deleted
        configmap "config-service5" deleted
        deployment.apps "service5" deleted
        service "service5" deleted
        deployment.apps "ubuntu-client" deleted
        [run.sh] Waiting for all pods to be deleted
        [run.sh] Deploying all services
        configmap/config-service0 created
        deployment.apps/service0 created
        service/service0 created
        configmap/config-service1 created
        deployment.apps/service1 created
        service/service1 created
        configmap/config-service2 created
        deployment.apps/service2 created
        service/service2 created
        configmap/config-service3 created
        deployment.apps/service3 created
        service/service3 created
        configmap/config-service4 created
        deployment.apps/service4 created
        service/service4 created
        configmap/config-service5 created
        deployment.apps/service5 created
        service/service5 created
        [run.sh] Client pod not found, deploying client
        deployment.apps/ubuntu-client created
        [run.sh] Waiting for all pods to be running
        [run.sh] All pods are running
        [run.sh] Checking heartbeat for all services
        [run.sh] Running warmup test
        [run.sh] /wrk/wrk -t8 -c512 --timeout 3s -d3s -L http://service0:80/endpoint1
        Running 3s test @ http://service0:80/endpoint1
        8 threads and 512 connections
        Thread Stats   Avg      Stdev     Max   +/- Stdev
        Latency   421.07ms  309.14ms   1.54s    77.42%
        Req/Sec   199.94    102.70   494.00     68.75%
        Latency Distribution
        50%  293.33ms
        75%  578.17ms
        90%  951.26ms
        99%    1.33s
        3695 requests in 3.03s, 573.74KB read
        Requests/sec:   1221.23
        Transfer/sec:    189.63KB
        [run.sh] Speed is 1221.23, duration is 24
        [run.sh] Fix the request number.
        [run.sh] Running the actual test
        [run.sh] /wrk/wrk --timeout 20s -t8 -c512 -d24s -L -s /wrk/fix_req_n.lua http://service0:80/endpoint1
        Running 24s test @ http://service0:80/endpoint1
        8 threads and 512 connections
        Thread Stats   Avg      Stdev     Max   +/- Stdev
        Latency   377.03ms  234.00ms   1.76s    72.83%
        Req/Sec   177.48    116.19   560.00     65.67%
        Latency Distribution
        50%  323.22ms
        75%  497.71ms
        90%  708.99ms
        99%    1.13s
        20000 requests in 24.00s, 3.03MB read
        Requests/sec:    833.33
        Transfer/sec:    129.39KB
        ------------------------------
        stop time: 14.541226
        stop time: 14.637482
        stop time: 14.690967
        stop time: 14.960309
        stop time: 14.913383
        stop time: 15.067640
        stop time: 15.059319
        stop time: 14.829465
        [run.sh] Checking the resource usage
        NAME                        CPU(cores)   MEMORY(bytes)
        service1-76b89695f7-sbt2m   0m           2Mi
        [run.sh] Test finished with status 0
        > STDERR
        > No resources found in default namespace.
    [exp] Times: [14.541226, 14.637482, 14.690967, 14.960309, 14.913383, 15.06764, 15.059319, 14.829465]
    [exp] Throughput: 1347.9383464120842
[test.py] Running 3th slowdown exp
    [exp] Running (pre_run: False) workload synthetic/chain-d4-grpc-sync request with the following configuration: {'CLIENT_CPU_QUOTA': '2', 'SLOWPOKE_POKER_BATCH_THRESHOLD': '20000000', 'PROCESSING_TIME_SERVICE0': '0.00111138', 'PROCESSING_TIME_SERVICE1': '0.00097238', 'PROCESSING_TIME_SERVICE2': '0.00081115', 'PROCESSING_TIME_SERVICE3': '0.00057043', 'PROCESSING_TIME_SERVICE4': '0.00052388', 'PROCESSING_TIME_SERVICE5': '0.00046082', 'SLOWPOKE_DELAY_MICROS_SERVICE0': '161.0', 'SLOWPOKE_POKER_BATCH_THRESHOLD_SERVICE0': '100', 'SLOWPOKE_IS_TARGET_SERVICE_SERVICE0': 'false', 'SLOWPOKE_DELAY_MICROS_SERVICE1': '161.0', 'SLOWPOKE_POKER_BATCH_THRESHOLD_SERVICE1': '100', 'SLOWPOKE_IS_TARGET_SERVICE_SERVICE1': 'false', 'SLOWPOKE_DELAY_MICROS_SERVICE2': '161.0', 'SLOWPOKE_POKER_BATCH_THRESHOLD_SERVICE2': '100', 'SLOWPOKE_IS_TARGET_SERVICE_SERVICE2': 'false', 'SLOWPOKE_DELAY_MICROS_SERVICE3': '161.0', 'SLOWPOKE_POKER_BATCH_THRESHOLD_SERVICE3': '100', 'SLOWPOKE_IS_TARGET_SERVICE_SERVICE3': 'false', 'SLOWPOKE_DELAY_MICROS_SERVICE4': '161.0', 'SLOWPOKE_POKER_BATCH_THRESHOLD_SERVICE4': '100', 'SLOWPOKE_IS_TARGET_SERVICE_SERVICE4': 'false', 'SLOWPOKE_DELAY_MICROS_SERVICE5': '0.0', 'SLOWPOKE_POKER_BATCH_THRESHOLD_SERVICE5': '100', 'SLOWPOKE_IS_TARGET_SERVICE_SERVICE5': 'true'}
    [exp] Executing cmd `bash run.sh synthetic chain-d4-grpc-sync 8 512 20000`:
        [run.sh] Running benchmark synthetic with request chain-d4-grpc-sync, thread 8, conn 512, duration 60
        [run.sh] Deleting all services
        configmap "config-service0" deleted
        deployment.apps "service0" deleted
        service "service0" deleted
        configmap "config-service1" deleted
        deployment.apps "service1" deleted
        service "service1" deleted
        configmap "config-service2" deleted
        deployment.apps "service2" deleted
        service "service2" deleted
        configmap "config-service3" deleted
        deployment.apps "service3" deleted
        service "service3" deleted
        configmap "config-service4" deleted
        deployment.apps "service4" deleted
        service "service4" deleted
        configmap "config-service5" deleted
        deployment.apps "service5" deleted
        service "service5" deleted
        deployment.apps "ubuntu-client" deleted
        [run.sh] Waiting for all pods to be deleted
        [run.sh] Deploying all services
        configmap/config-service0 created
        deployment.apps/service0 created
        service/service0 created
        configmap/config-service1 created
        deployment.apps/service1 created
        service/service1 created
        configmap/config-service2 created
        deployment.apps/service2 created
        service/service2 created
        configmap/config-service3 created
        deployment.apps/service3 created
        service/service3 created
        configmap/config-service4 created
        deployment.apps/service4 created
        service/service4 created
        configmap/config-service5 created
        deployment.apps/service5 created
        service/service5 created
        [run.sh] Client pod not found, deploying client
        deployment.apps/ubuntu-client created
        [run.sh] Waiting for all pods to be running
        [run.sh] All pods are running
        [run.sh] Checking heartbeat for all services
        [run.sh] Running warmup test
        [run.sh] /wrk/wrk -t8 -c512 --timeout 3s -d3s -L http://service0:80/endpoint1
        Running 3s test @ http://service0:80/endpoint1
        8 threads and 512 connections
        Thread Stats   Avg      Stdev     Max   +/- Stdev
        Latency   485.57ms  332.73ms   1.76s    75.41%
        Req/Sec   165.13     75.31   313.00     65.84%
        Latency Distribution
        50%  370.63ms
        75%  740.17ms
        90%  962.08ms
        99%    1.54s
        3028 requests in 3.02s, 470.17KB read
        Requests/sec:   1002.35
        Transfer/sec:    155.64KB
        [run.sh] Speed is 1002.35, duration is 29
        [run.sh] Fix the request number.
        [run.sh] Running the actual test
        [run.sh] /wrk/wrk --timeout 20s -t8 -c512 -d29s -L -s /wrk/fix_req_n.lua http://service0:80/endpoint1
        Running 29s test @ http://service0:80/endpoint1
        8 threads and 512 connections
        Thread Stats   Avg      Stdev     Max   +/- Stdev
        Latency   424.78ms  230.82ms   2.25s    75.74%
        Req/Sec   155.44     93.51   464.00     66.34%
        Latency Distribution
        50%  388.45ms
        75%  541.03ms
        90%  686.00ms
        99%    1.26s
        20000 requests in 29.00s, 3.03MB read
        Requests/sec:    689.65
        Transfer/sec:    107.08KB
        ------------------------------
        stop time: 16.281216
        stop time: 16.579357
        stop time: 16.694904
        stop time: 16.691947
        stop time: 16.867029
        stop time: 16.959983
        stop time: 16.682321
        stop time: 16.837320
        [run.sh] Checking the resource usage
        NAME                             CPU(cores)   MEMORY(bytes)
        service0-55fb6fbfd9-gftht        1308m        48Mi
        service1-589d96c56c-26g5g        292m         15Mi
        service2-cc8f75fd9-5tccf         713m         11Mi
        service3-64cf5bb767-8tprb        1021m        9Mi
        service4-68fff77c57-8c7wn        260m         9Mi
        service5-858ff6f8bb-rpqsz        195m         8Mi
        ubuntu-client-76886f6bbd-shctp   31m          16Mi
        [run.sh] Test finished with status 0
        > STDERR
        > No resources found in default namespace.
    [exp] Times: [16.281216, 16.579357, 16.694904, 16.691947, 16.867029, 16.959983, 16.682321, 16.83732]
    [exp] Throughput: 1197.657887183127
[test.py] Finished running 3th optmization experiment: groundtruth->1347.9383464120842, slowdown->1197.657887183127, predicted->1484.6642028726078, err->10.143331616350093
[test.py] Running 4th optmization experiment
[test.py] Running 4th groundtruth exp
    [exp] Running (pre_run: False) workload synthetic/chain-d4-grpc-sync request with the following configuration: {'CLIENT_CPU_QUOTA': '2', 'SLOWPOKE_POKER_BATCH_THRESHOLD': '20000000', 'PROCESSING_TIME_SERVICE0': '0.00111138', 'PROCESSING_TIME_SERVICE1': '0.00097238', 'PROCESSING_TIME_SERVICE2': '0.00081115', 'PROCESSING_TIME_SERVICE3': '0.00057043', 'PROCESSING_TIME_SERVICE4': '0.00052388', 'PROCESSING_TIME_SERVICE5': '0.000184', 'SLOWPOKE_DELAY_MICROS_SERVICE0': '0.0', 'SLOWPOKE_POKER_BATCH_THRESHOLD_SERVICE0': '100', 'SLOWPOKE_IS_TARGET_SERVICE_SERVICE0': 'false', 'SLOWPOKE_DELAY_MICROS_SERVICE1': '0.0', 'SLOWPOKE_POKER_BATCH_THRESHOLD_SERVICE1': '100', 'SLOWPOKE_IS_TARGET_SERVICE_SERVICE1': 'false', 'SLOWPOKE_DELAY_MICROS_SERVICE2': '0.0', 'SLOWPOKE_POKER_BATCH_THRESHOLD_SERVICE2': '100', 'SLOWPOKE_IS_TARGET_SERVICE_SERVICE2': 'false', 'SLOWPOKE_DELAY_MICROS_SERVICE3': '0.0', 'SLOWPOKE_POKER_BATCH_THRESHOLD_SERVICE3': '100', 'SLOWPOKE_IS_TARGET_SERVICE_SERVICE3': 'false', 'SLOWPOKE_DELAY_MICROS_SERVICE4': '0.0', 'SLOWPOKE_POKER_BATCH_THRESHOLD_SERVICE4': '100', 'SLOWPOKE_IS_TARGET_SERVICE_SERVICE4': 'false', 'SLOWPOKE_DELAY_MICROS_SERVICE5': '0.0', 'SLOWPOKE_POKER_BATCH_THRESHOLD_SERVICE5': '100', 'SLOWPOKE_IS_TARGET_SERVICE_SERVICE5': 'true'}
    [exp] Executing cmd `bash run.sh synthetic chain-d4-grpc-sync 8 512 20000`:
        [run.sh] Running benchmark synthetic with request chain-d4-grpc-sync, thread 8, conn 512, duration 60
        [run.sh] Deleting all services
        configmap "config-service0" deleted
        deployment.apps "service0" deleted
        service "service0" deleted
        configmap "config-service1" deleted
        deployment.apps "service1" deleted
        service "service1" deleted
        configmap "config-service2" deleted
        deployment.apps "service2" deleted
        service "service2" deleted
        configmap "config-service3" deleted
        deployment.apps "service3" deleted
        service "service3" deleted
        configmap "config-service4" deleted
        deployment.apps "service4" deleted
        service "service4" deleted
        configmap "config-service5" deleted
        deployment.apps "service5" deleted
        service "service5" deleted
        deployment.apps "ubuntu-client" deleted
        [run.sh] Waiting for all pods to be deleted
        [run.sh] Deploying all services
        configmap/config-service0 created
        deployment.apps/service0 created
        service/service0 created
        configmap/config-service1 created
        deployment.apps/service1 created
        service/service1 created
        configmap/config-service2 created
        deployment.apps/service2 created
        service/service2 created
        configmap/config-service3 created
        deployment.apps/service3 created
        service/service3 created
        configmap/config-service4 created
        deployment.apps/service4 created
        service/service4 created
        configmap/config-service5 created
        deployment.apps/service5 created
        service/service5 created
        [run.sh] Client pod not found, deploying client
        deployment.apps/ubuntu-client created
        [run.sh] Waiting for all pods to be running
        [run.sh] All pods are running
        [run.sh] Checking heartbeat for all services
        [run.sh] Running warmup test
        [run.sh] /wrk/wrk -t8 -c512 --timeout 3s -d3s -L http://service0:80/endpoint1
        Running 3s test @ http://service0:80/endpoint1
        8 threads and 512 connections
        Thread Stats   Avg      Stdev     Max   +/- Stdev
        Latency   552.54ms  353.30ms   1.34s    72.64%
        Req/Sec   165.86    104.21   390.00     62.14%
        Latency Distribution
        50%  435.52ms
        75%  673.86ms
        90%    1.20s
        99%    1.32s
        2607 requests in 3.04s, 404.80KB read
        Requests/sec:    858.11
        Transfer/sec:    133.24KB
        [run.sh] Speed is 858.11, duration is 34
        [run.sh] Fix the request number.
        [run.sh] Running the actual test
        [run.sh] /wrk/wrk --timeout 20s -t8 -c512 -d34s -L -s /wrk/fix_req_n.lua http://service0:80/endpoint1
        Running 34s test @ http://service0:80/endpoint1
        8 threads and 512 connections
        Thread Stats   Avg      Stdev     Max   +/- Stdev
        Latency   380.42ms  281.01ms   2.21s    82.43%
        Req/Sec   180.06    106.65   560.00     66.14%
        Latency Distribution
        50%  303.95ms
        75%  472.32ms
        90%  763.27ms
        99%    1.37s
        20000 requests in 34.00s, 3.03MB read
        Requests/sec:    588.23
        Transfer/sec:     91.34KB
        ------------------------------
        stop time: 14.804142
        stop time: 14.689602
        stop time: 15.124816
        stop time: 15.092930
        stop time: 15.086857
        stop time: 15.153441
        stop time: 15.036890
        stop time: 15.073124
        [run.sh] Checking the resource usage
        [run.sh] Test finished with status 0
        > STDERR
        > No resources found in default namespace.
        > error: metrics not available yet
    [exp] Times: [14.804142, 14.689602, 15.124816, 15.09293, 15.086857, 15.153441, 15.03689, 15.073124]
    [exp] Throughput: 1332.646997918622
[test.py] Running 4th slowdown exp
    [exp] Running (pre_run: False) workload synthetic/chain-d4-grpc-sync request with the following configuration: {'CLIENT_CPU_QUOTA': '2', 'SLOWPOKE_POKER_BATCH_THRESHOLD': '20000000', 'PROCESSING_TIME_SERVICE0': '0.00111138', 'PROCESSING_TIME_SERVICE1': '0.00097238', 'PROCESSING_TIME_SERVICE2': '0.00081115', 'PROCESSING_TIME_SERVICE3': '0.00057043', 'PROCESSING_TIME_SERVICE4': '0.00052388', 'PROCESSING_TIME_SERVICE5': '0.00046082', 'SLOWPOKE_DELAY_MICROS_SERVICE0': '138.0', 'SLOWPOKE_POKER_BATCH_THRESHOLD_SERVICE0': '100', 'SLOWPOKE_IS_TARGET_SERVICE_SERVICE0': 'false', 'SLOWPOKE_DELAY_MICROS_SERVICE1': '138.0', 'SLOWPOKE_POKER_BATCH_THRESHOLD_SERVICE1': '100', 'SLOWPOKE_IS_TARGET_SERVICE_SERVICE1': 'false', 'SLOWPOKE_DELAY_MICROS_SERVICE2': '138.0', 'SLOWPOKE_POKER_BATCH_THRESHOLD_SERVICE2': '100', 'SLOWPOKE_IS_TARGET_SERVICE_SERVICE2': 'false', 'SLOWPOKE_DELAY_MICROS_SERVICE3': '138.0', 'SLOWPOKE_POKER_BATCH_THRESHOLD_SERVICE3': '100', 'SLOWPOKE_IS_TARGET_SERVICE_SERVICE3': 'false', 'SLOWPOKE_DELAY_MICROS_SERVICE4': '138.0', 'SLOWPOKE_POKER_BATCH_THRESHOLD_SERVICE4': '100', 'SLOWPOKE_IS_TARGET_SERVICE_SERVICE4': 'false', 'SLOWPOKE_DELAY_MICROS_SERVICE5': '0.0', 'SLOWPOKE_POKER_BATCH_THRESHOLD_SERVICE5': '100', 'SLOWPOKE_IS_TARGET_SERVICE_SERVICE5': 'true'}
    [exp] Executing cmd `bash run.sh synthetic chain-d4-grpc-sync 8 512 20000`:
        [run.sh] Running benchmark synthetic with request chain-d4-grpc-sync, thread 8, conn 512, duration 60
        [run.sh] Deleting all services
        configmap "config-service0" deleted
        deployment.apps "service0" deleted
        service "service0" deleted
        configmap "config-service1" deleted
        deployment.apps "service1" deleted
        service "service1" deleted
        configmap "config-service2" deleted
        deployment.apps "service2" deleted
        service "service2" deleted
        configmap "config-service3" deleted
        deployment.apps "service3" deleted
        service "service3" deleted
        configmap "config-service4" deleted
        deployment.apps "service4" deleted
        service "service4" deleted
        configmap "config-service5" deleted
        deployment.apps "service5" deleted
        service "service5" deleted
        deployment.apps "ubuntu-client" deleted
        [run.sh] Waiting for all pods to be deleted
        [run.sh] Deploying all services
        configmap/config-service0 created
        deployment.apps/service0 created
        service/service0 created
        configmap/config-service1 created
        deployment.apps/service1 created
        service/service1 created
        configmap/config-service2 created
        deployment.apps/service2 created
        service/service2 created
        configmap/config-service3 created
        deployment.apps/service3 created
        service/service3 created
        configmap/config-service4 created
        deployment.apps/service4 created
        service/service4 created
        configmap/config-service5 created
        deployment.apps/service5 created
        service/service5 created
        [run.sh] Client pod not found, deploying client
        deployment.apps/ubuntu-client created
        [run.sh] Waiting for all pods to be running
        [run.sh] All pods are running
        [run.sh] Checking heartbeat for all services
        [run.sh] Running warmup test
        [run.sh] /wrk/wrk -t8 -c512 --timeout 3s -d3s -L http://service0:80/endpoint1
        Running 3s test @ http://service0:80/endpoint1
        8 threads and 512 connections
        Thread Stats   Avg      Stdev     Max   +/- Stdev
        Latency   598.93ms  450.16ms   1.64s    69.31%
        Req/Sec   147.00    109.77   505.00     67.13%
        Latency Distribution
        50%  461.23ms
        75%  785.69ms
        90%    1.38s
        99%    1.55s
        2187 requests in 3.03s, 339.58KB read
        Requests/sec:    721.35
        Transfer/sec:    112.01KB
        [run.sh] Speed is 721.35, duration is 41
        [run.sh] Fix the request number.
        [run.sh] Running the actual test
        [run.sh] /wrk/wrk --timeout 20s -t8 -c512 -d41s -L -s /wrk/fix_req_n.lua http://service0:80/endpoint1
        [run.sh] Checking the resource usage
        NAME                             CPU(cores)   MEMORY(bytes)
        service0-56878c9ccf-87c7w        10m          43Mi
        service1-7b9856c4bf-ftzt6        318m         20Mi
        service2-64969c5847-pvrt4        281m         14Mi
        service3-65798567b5-wg5g9        143m         11Mi
        service4-65744c5479-c65sp        222m         9Mi
        service5-858ff6f8bb-z27qw        179m         9Mi
        ubuntu-client-76886f6bbd-8tjpj   16m          12Mi
        Running 41s test @ http://service0:80/endpoint1
        8 threads and 512 connections
        Thread Stats   Avg      Stdev     Max   +/- Stdev
        Latency   426.34ms  260.23ms   2.39s    78.82%
        Req/Sec   154.58     91.76   464.00     65.08%
        Latency Distribution
        50%  362.98ms
        75%  537.51ms
        90%  757.22ms
        99%    1.41s
        20000 requests in 41.00s, 3.03MB read
        Requests/sec:    487.80
        Transfer/sec:     75.74KB
        ------------------------------
        stop time: 16.838951
        stop time: 16.840677
        stop time: 16.671504
        stop time: 16.870142
        stop time: 16.650401
        stop time: 16.859156
        stop time: 16.950176
        stop time: 17.013530
        [run.sh] Test finished with status 0
        > STDERR
        > No resources found in default namespace.
    [exp] Times: [16.838951, 16.840677, 16.671504, 16.870142, 16.650401, 16.859156, 16.950176, 17.01353]
    [exp] Throughput: 1187.8729721607046
[test.py] Finished running 4th optmization experiment: groundtruth->1332.646997918622, slowdown->1187.8729721607046, predicted->1421.6038308740312, err->6.675198540524638
[test.py] Running 5th optmization experiment
[test.py] Running 5th groundtruth exp
    [exp] Running (pre_run: False) workload synthetic/chain-d4-grpc-sync request with the following configuration: {'CLIENT_CPU_QUOTA': '2', 'SLOWPOKE_POKER_BATCH_THRESHOLD': '20000000', 'PROCESSING_TIME_SERVICE0': '0.00111138', 'PROCESSING_TIME_SERVICE1': '0.00097238', 'PROCESSING_TIME_SERVICE2': '0.00081115', 'PROCESSING_TIME_SERVICE3': '0.00057043', 'PROCESSING_TIME_SERVICE4': '0.00052388', 'PROCESSING_TIME_SERVICE5': '0.00023', 'SLOWPOKE_DELAY_MICROS_SERVICE0': '0.0', 'SLOWPOKE_POKER_BATCH_THRESHOLD_SERVICE0': '100', 'SLOWPOKE_IS_TARGET_SERVICE_SERVICE0': 'false', 'SLOWPOKE_DELAY_MICROS_SERVICE1': '0.0', 'SLOWPOKE_POKER_BATCH_THRESHOLD_SERVICE1': '100', 'SLOWPOKE_IS_TARGET_SERVICE_SERVICE1': 'false', 'SLOWPOKE_DELAY_MICROS_SERVICE2': '0.0', 'SLOWPOKE_POKER_BATCH_THRESHOLD_SERVICE2': '100', 'SLOWPOKE_IS_TARGET_SERVICE_SERVICE2': 'false', 'SLOWPOKE_DELAY_MICROS_SERVICE3': '0.0', 'SLOWPOKE_POKER_BATCH_THRESHOLD_SERVICE3': '100', 'SLOWPOKE_IS_TARGET_SERVICE_SERVICE3': 'false', 'SLOWPOKE_DELAY_MICROS_SERVICE4': '0.0', 'SLOWPOKE_POKER_BATCH_THRESHOLD_SERVICE4': '100', 'SLOWPOKE_IS_TARGET_SERVICE_SERVICE4': 'false', 'SLOWPOKE_DELAY_MICROS_SERVICE5': '0.0', 'SLOWPOKE_POKER_BATCH_THRESHOLD_SERVICE5': '100', 'SLOWPOKE_IS_TARGET_SERVICE_SERVICE5': 'true'}
    [exp] Executing cmd `bash run.sh synthetic chain-d4-grpc-sync 8 512 20000`:
        [run.sh] Running benchmark synthetic with request chain-d4-grpc-sync, thread 8, conn 512, duration 60
        [run.sh] Deleting all services
        configmap "config-service0" deleted
        deployment.apps "service0" deleted
        service "service0" deleted
        configmap "config-service1" deleted
        deployment.apps "service1" deleted
        service "service1" deleted
        configmap "config-service2" deleted
        deployment.apps "service2" deleted
        service "service2" deleted
        configmap "config-service3" deleted
        deployment.apps "service3" deleted
        service "service3" deleted
        configmap "config-service4" deleted
        deployment.apps "service4" deleted
        service "service4" deleted
        configmap "config-service5" deleted
        deployment.apps "service5" deleted
        service "service5" deleted
        deployment.apps "ubuntu-client" deleted
        [run.sh] Waiting for all pods to be deleted
        [run.sh] Deploying all services
        configmap/config-service0 created
        deployment.apps/service0 created
        service/service0 created
        configmap/config-service1 created
        deployment.apps/service1 created
        service/service1 created
        configmap/config-service2 created
        deployment.apps/service2 created
        service/service2 created
        configmap/config-service3 created
        deployment.apps/service3 created
        service/service3 created
        configmap/config-service4 created
        deployment.apps/service4 created
        service/service4 created
        configmap/config-service5 created
        deployment.apps/service5 created
        service/service5 created
        [run.sh] Client pod not found, deploying client
        deployment.apps/ubuntu-client created
        [run.sh] Waiting for all pods to be running
        [run.sh] All pods are running
        [run.sh] Checking heartbeat for all services
        [run.sh] Running warmup test
        [run.sh] /wrk/wrk -t8 -c512 --timeout 3s -d3s -L http://service0:80/endpoint1
        Running 3s test @ http://service0:80/endpoint1
        8 threads and 512 connections
        Thread Stats   Avg      Stdev     Max   +/- Stdev
        Latency   457.10ms  291.52ms   1.63s    70.10%
        Req/Sec   186.33    111.10   434.00     57.50%
        Latency Distribution
        50%  359.96ms
        75%  632.33ms
        90%  940.96ms
        99%    1.15s
        3196 requests in 3.04s, 496.25KB read
        Requests/sec:   1051.88
        Transfer/sec:    163.33KB
        [run.sh] Speed is 1051.88, duration is 28
        [run.sh] Fix the request number.
        [run.sh] Running the actual test
        [run.sh] /wrk/wrk --timeout 20s -t8 -c512 -d28s -L -s /wrk/fix_req_n.lua http://service0:80/endpoint1
        Running 28s test @ http://service0:80/endpoint1
        8 threads and 512 connections
        Thread Stats   Avg      Stdev     Max   +/- Stdev
        Latency   358.07ms  232.70ms   2.11s    78.05%
        Req/Sec   185.36    104.82   505.00     63.11%
        Latency Distribution
        50%  297.74ms
        75%  448.56ms
        90%  670.13ms
        99%    1.14s
        20000 requests in 28.00s, 3.03MB read
        Requests/sec:    714.28
        Transfer/sec:    110.91KB
        ------------------------------
        stop time: 13.694109
        stop time: 13.769815
        stop time: 14.227526
        stop time: 14.050512
        stop time: 14.238440
        stop time: 14.185358
        stop time: 14.266360
        stop time: 14.392534
        [run.sh] Checking the resource usage
        NAME                             CPU(cores)   MEMORY(bytes)
        service0-6fb7cc7c7f-qkt7b        900m         45Mi
        service1-76b89695f7-78p28        1583m        15Mi
        service2-8f7c6f8f5-dt496         1107m        13Mi
        service3-766854894f-gss29        399m         11Mi
        service4-6fb56c9f99-5nk8x        1133m        12Mi
        service5-858ff6f8bb-gxd67        623m         8Mi
        ubuntu-client-76886f6bbd-l6qcf   47m          16Mi
        [run.sh] Test finished with status 0
        > STDERR
        > No resources found in default namespace.
    [exp] Times: [13.694109, 13.769815, 14.227526, 14.050512, 14.23844, 14.185358, 14.26636, 14.392534]
    [exp] Throughput: 1418.1297644396054
[test.py] Running 5th slowdown exp
    [exp] Running (pre_run: False) workload synthetic/chain-d4-grpc-sync request with the following configuration: {'CLIENT_CPU_QUOTA': '2', 'SLOWPOKE_POKER_BATCH_THRESHOLD': '20000000', 'PROCESSING_TIME_SERVICE0': '0.00111138', 'PROCESSING_TIME_SERVICE1': '0.00097238', 'PROCESSING_TIME_SERVICE2': '0.00081115', 'PROCESSING_TIME_SERVICE3': '0.00057043', 'PROCESSING_TIME_SERVICE4': '0.00052388', 'PROCESSING_TIME_SERVICE5': '0.00046082', 'SLOWPOKE_DELAY_MICROS_SERVICE0': '115.0', 'SLOWPOKE_POKER_BATCH_THRESHOLD_SERVICE0': '100', 'SLOWPOKE_IS_TARGET_SERVICE_SERVICE0': 'false', 'SLOWPOKE_DELAY_MICROS_SERVICE1': '115.0', 'SLOWPOKE_POKER_BATCH_THRESHOLD_SERVICE1': '100', 'SLOWPOKE_IS_TARGET_SERVICE_SERVICE1': 'false', 'SLOWPOKE_DELAY_MICROS_SERVICE2': '115.0', 'SLOWPOKE_POKER_BATCH_THRESHOLD_SERVICE2': '100', 'SLOWPOKE_IS_TARGET_SERVICE_SERVICE2': 'false', 'SLOWPOKE_DELAY_MICROS_SERVICE3': '115.0', 'SLOWPOKE_POKER_BATCH_THRESHOLD_SERVICE3': '100', 'SLOWPOKE_IS_TARGET_SERVICE_SERVICE3': 'false', 'SLOWPOKE_DELAY_MICROS_SERVICE4': '115.0', 'SLOWPOKE_POKER_BATCH_THRESHOLD_SERVICE4': '100', 'SLOWPOKE_IS_TARGET_SERVICE_SERVICE4': 'false', 'SLOWPOKE_DELAY_MICROS_SERVICE5': '0.0', 'SLOWPOKE_POKER_BATCH_THRESHOLD_SERVICE5': '100', 'SLOWPOKE_IS_TARGET_SERVICE_SERVICE5': 'true'}
    [exp] Executing cmd `bash run.sh synthetic chain-d4-grpc-sync 8 512 20000`:
        [run.sh] Running benchmark synthetic with request chain-d4-grpc-sync, thread 8, conn 512, duration 60
        [run.sh] Deleting all services
        configmap "config-service0" deleted
        deployment.apps "service0" deleted
        service "service0" deleted
        configmap "config-service1" deleted
        deployment.apps "service1" deleted
        service "service1" deleted
        configmap "config-service2" deleted
        deployment.apps "service2" deleted
        service "service2" deleted
        configmap "config-service3" deleted
        deployment.apps "service3" deleted
        service "service3" deleted
        configmap "config-service4" deleted
        deployment.apps "service4" deleted
        service "service4" deleted
        configmap "config-service5" deleted
        deployment.apps "service5" deleted
        service "service5" deleted
        deployment.apps "ubuntu-client" deleted
        [run.sh] Waiting for all pods to be deleted
