[test.py] ++++++++++++++++++++++++++++++++ Summary: 
[test.py] Result for the experiment 0: 
    Baseline throughput: 1736.9343456186702
    Groundtruth: [1807.3248481389646, 1800.8973173484637, 1767.4091346243495, 1815.4098935709142, 1758.907127680915, 1793.6933785651981, 1731.5777068980494, 1741.4150767211431, 1663.971829622513, 1797.0083225744947]
    Slowdown:    [1086.785057770505, 1141.576090630582, 1165.4970054375535, 1247.9108315298615, 1296.4411765988025, 1359.321960690754, 1421.088559876492, 1507.5518832931725, 1605.6437575255145, 1681.7546865011132]
    Predicted:   [1792.3229966780189, 1818.936159944968, 1761.2050340963794, 1827.7215067384261, 1807.885540235408, 1806.8450563285078, 1793.799476493076, 1807.935467189847, 1822.84446790344, 1797.2454001666295]
    Error Perc:  [-0.8300583858177711, 1.00165858556909, -0.3510279768520406, 0.6781726380974484, 2.7845934434906763, 0.7332177238581243, 3.593357049305678, 3.8199043615697357, 9.54779614970818, 0.013192904515604007]
[test.py] Result for the experiment 1: 
    Baseline throughput: 1652.3274250373124
    Groundtruth: [1781.250900366666, 1782.0284502401357, 1794.4019548753217, 1749.4875532270655, 1763.12468361554, 1777.9695219131074, 1789.0088373346732, 1764.0370464097089, 1779.915891854446, 1718.3780315678932]
    Slowdown:    [1111.7721136771702, 1118.0416416146727, 1167.9805718111684, 1255.8320053433142, 1283.7524185895568, 1339.0411412607475, 1417.7586893898413, 1502.7473602927714, 1570.4370409483704, 1610.7363307982089]
    Predicted:   [1861.3138537531977, 1759.9093981042759, 1766.8823956451643, 1844.7636889997757, 1783.3055494328732, 1771.1872490635867, 1788.4971553505616, 1801.029955000366, 1777.602644415022, 1716.372602694113]
    Error Perc:  [4.494760023422358, -1.2412289002950117, -1.5336340419930936, 5.445945333933126, 1.1446079795076876, -0.3814617048228673, -0.028601422946236982, 2.0970596204851666, -0.12996386233811832, -0.11670475512017231]
[test.py] Result for the experiment 2: 
    Baseline throughput: 1697.5329615545177
    Groundtruth: [1773.3410361356807, 1771.493189173351, 1764.6989857535964, 1765.6857535567729, 1806.731758318687, 1769.999691135054, 1778.091946868212, 1768.4523160762337, 1804.8411705929107, 1741.406509876012]
    Slowdown:    [1095.0409591857976, 1134.2730535096362, 1145.9906824797815, 1233.8523810991214, 1272.6740706124597, 1368.170324618248, 1426.8784245806778, 1496.4020369136756, 1580.4482900087842, 1674.3755439954577]
    Predicted:   [1814.8891143586134, 1800.465463083262, 1717.040503407945, 1797.721379163304, 1761.9992506877938, 1822.5122730254604, 1803.0345048178156, 1791.9232798799255, 1790.4401885606558, 1788.820504641246]
    Error Perc:  [2.34292656495847, 1.635471933337237, -2.700657887288319, 1.8143446840412552, -2.4758798546011342, 2.96681305388994, 1.4027709868173752, 1.3272036565717629, -0.7979085510069567, 2.7227413298581236]
[test.py] Result for the experiment 3: 
    Baseline throughput: 1717.8886298384414
    Groundtruth: [1791.4001818942959, 1790.8836233229101, 1815.4643980623548, 1785.9338997735235, 1805.3462372561876, 1786.6418439582076, 1760.4654776350794, 1771.2182873328757, 1816.8579481210295, 1787.9042489220417]
    Slowdown:    [1069.641825487642, 1135.470582299121, 1179.8071522623127, 1241.9933057958058, 1288.4691800749065, 1325.0375163669048, 1415.8287548749747, 1496.7683648426773, 1554.2074079877889, 1641.3746225223065]
    Predicted:   [1746.1685950661438, 1803.484647949653, 1794.0883532897255, 1815.0555705921556, 1792.420498981188, 1746.7687888837552, 1785.4270033358578, 1792.4486111704857, 1756.8370029577343, 1751.2048015408852]
    Error Perc:  [-2.5249292305152315, 0.7036205179743716, -1.1774422453805158, 1.630613026737722, -0.7159700454270965, -2.2317318498550227, 1.417893507023517, 1.1986283107757976, -3.3035573983848368, -2.052651723563115]
[test.py] Result for the experiment 4: 
    Baseline throughput: 1741.095677603751
    Groundtruth: [1803.3015679132332, 1801.347935149763, 1788.7948459811869, 1815.0413017185808, 1806.592894295279, 1811.2205566288294, 1758.9092739755688, 1795.5464052515692, 1766.2711687461583, 1817.742172450018]
    Slowdown:    [1096.792079219866, 1138.3643197405543, 1184.8597349345844, 1221.7237852188512, 1275.124037890024, 1361.109946369631, 1439.13475476793, 1489.6373979576272, 1606.721720316946, 1714.106859478548]
    Predicted:   [1819.70429031908, 1810.7957674414463, 1805.7981265995634, 1772.089390524078, 1766.6988290507877, 1810.0055090911426, 1822.6490896767727, 1782.231594334593, 1824.2339215157558, 1834.2424450305048]
    Error Perc:  [0.9095939746133489, 0.5244868083132264, 0.9505439182462471, -2.3664426343264804, -2.208248763208671, -0.06708446043414756, 3.6238262339214486, -0.7415464661917652, 3.2816451853621174, 0.9077344868027764]
