[test.py] ++++++++++++++++++++++++++++++++ Summary: 
[test.py] Result for the experiment 0: 
    Baseline throughput: 1328.3768824397669
    Groundtruth: [1333.9061237387511, 1369.3586137359696, 1415.1983350050068, 1341.1560956659382, 1373.490970151011, 1316.6797917697243, 1355.1837859171453, 1336.8796852149674, 1337.9805635242983, 1365.8868212691766]
    Slowdown:    [1038.2845089560603, 1060.7237637783292, 1086.166815006505, 1110.9434820834813, 1145.844892491282, 1193.841277280038, 1197.884338607104, 1252.859132207279, 1330.1811918780966, 1295.4998472808102]
    Predicted:   [1384.3088453943662, 1377.3962034466874, 1373.7699896734566, 1367.2581060631337, 1373.6764359243691, 1394.919420997544, 1354.9031429705144, 1378.4940268087626, 1422.4097906599507, 1338.4052982848261]
    Error Perc:  [3.778580873018512, 0.5869601746462298, -2.927387936151269, 1.9462320964387667, 0.013503239365145211, 5.94219108676828, -0.020708847725843714, 3.1127963162297356, 6.310198327041624, -2.011991224779133]
[test.py] Result for the experiment 1: 
    Baseline throughput: 1349.1277063038026
    Groundtruth: [1405.3252040657358, 1353.110669500892, 1370.4976902402834, 1363.7110190662993, 1379.9036796183793, 1357.7951097871967, 1362.619930460906, 1369.7070218937909, 1362.5777839237603, 1358.1763826827653]
    Slowdown:    [1038.5996197816617, 1055.735817314313, 1067.1965795709307, 1112.2854682878933, 1151.87247850165, 1196.161258356859, 1206.7704104058728, 1256.8249719936193, 1279.899942542092, 1327.0469460689367]
    Predicted:   [1384.8690420228988, 1368.9972401529014, 1343.5632462832548, 1369.291334566449, 1382.348353253765, 1398.0877602231255, 1366.2825346242041, 1383.2966480180412, 1365.0645779631554, 1372.1037837005306]
    Error Perc:  [-1.4556176736640996, 1.1740777018534103, -1.965303856317068, 0.40920073403604373, 0.177162628920722, 2.9675059326324877, 0.26879132481639106, 0.9921556878244656, 0.18250657457763733, 1.025448623267541]
[test.py] Result for the experiment 2: 
    Baseline throughput: 1365.1964146904588
    Groundtruth: [1324.4991338230964, 1353.3875366169568, 1364.8064990993641, 1369.283928519408, 1370.1603197186896, 1368.911549850685, 1375.1810672977945, 1368.4099451040115, 1351.2644435917405, 1345.5566842159776]
    Slowdown:    [1032.043818877677, 1057.4474101166563, 1090.6485597556327, 1122.7057849359255, 1143.6943434550426, 1182.5582590282704, 1229.4885387616318, 1257.2735040248704, 1291.6261751951574, 1315.77210679086]
    Predicted:   [1373.2375922383303, 1371.8766537812296, 1380.9472196621477, 1385.1177015453823, 1370.5868196593342, 1379.54001445482, 1395.4760445866457, 1383.8400110734879, 1378.411394823881, 1360.0538003282063]
    Error Perc:  [3.679765216195572, 1.3661362074080985, 1.1826380203666131, 1.15635425905387, 0.031127739907995226, 0.7764171911102832, 1.475804006575692, 1.1275908966229795, 2.009003593699418, 1.0774065695103587]
[test.py] Result for the experiment 3: 
    Baseline throughput: 1349.6410916315538
    Groundtruth: [1372.8729082554426, 1376.326196740789, 1361.4443917527647, 1369.6220985786363, 1334.263381623494, 1358.9364087151414, 1357.4082928806572, 1343.8409488981886, 1363.3562675136427, 1347.4212740066891]
    Slowdown:    [1014.9536804954488, 1060.1602160500506, 1083.37725525289, 1112.1971716492264, 1161.6285457204872, 1169.8174835408322, 1224.8217882384329, 1260.2764120144798, 1271.3618185762869, 1334.0614640804283]
    Predicted:   [1343.144308549394, 1376.4460910371986, 1369.3106000387515, 1369.1575224629116, 1396.4230031295062, 1362.2322620821121, 1389.4672425672597, 1387.4788153664251, 1355.3567051495352, 1379.6040577742308]
    Error Perc:  [-2.165429846221211, 0.008711183198677743, 0.5777840309628579, -0.03392002189558468, 4.658721985638105, 0.2425318319410489, 2.361776471732603, 3.247249349263774, -0.5867550951077785, 2.3884722906179885]
[test.py] Result for the experiment 4: 
    Baseline throughput: 1363.0322383192356
    Groundtruth: [1376.188911103254, 1362.314833103576, 1365.5407498696334, 1342.7459939404057, 1371.326905169899, 1365.8781577267607, 1355.084299582545, 1367.7734703836652, 1363.2771827011336, 1370.999969418132]
    Slowdown:    [1030.1135939738767, 1054.6688035750742, 1094.1624586432235, 1115.116174754539, 1151.6274770715288, 1169.690999000404, 1213.7686916301006, 1259.983231040676, 1298.2940959240211, 1348.2369581394587]
    Predicted:   [1369.8222474132535, 1367.2036036957668, 1386.5854959517337, 1373.5838264899896, 1381.9955144571586, 1362.060749560929, 1375.2600498567867, 1387.1234732441264, 1386.0080975270835, 1394.7694280942358]
    Error Perc:  [-0.4626300676188755, 0.35885762038232205, 1.5411291156349207, 2.296624431482206, 0.777977099919721, -0.2794837990663112, 1.4888926305512573, 1.4147081574139249, 1.6673729388554641, 1.7337315248950607]
