[test.py] ++++++++++++++++++++++++++++++++ Summary: 
[test.py] Result for the experiment 0: 
    Baseline throughput: 1377.6761121690802
    Groundtruth: [1339.8910055612344, 1298.2242434419713, 1352.3175045414623, 1382.0306099740667, 1217.120868028695, 1290.9711999736257, 1278.040630796763, 1266.8675997859152, 1366.8371195134443, 1338.5917567963502]
    Slowdown:    [900.5206489581797, 960.1184037217837, 996.5429054634432, 1059.7956651694556, 1067.9415610630429, 1090.3445303357291, 1156.0358942497958, 1195.1472063561034, 1273.5386152349795, 1192.7174254353506]
    Predicted:   [1300.4176705857224, 1362.299069720874, 1369.8928745484473, 1420.2666854283893, 1368.184036350187, 1341.1004507036284, 1374.4947904800463, 1363.8247961793675, 1397.177401256321, 1245.428411766873]
    Error Perc:  [-2.9460108928022817, 4.935574620685072, 1.299648192673829, 2.766659086880871, 12.411517400581655, 3.883064992544127, 7.547033901664869, 7.653301450746455, 2.2197437653490804, -6.959802684908565]
[test.py] Result for the experiment 1: 
    Baseline throughput: 1325.7907111092263
    Groundtruth: [1388.168944949783, 1364.2425562897351, 1359.6100060668348, 1343.1572639124292, 1350.3863269603312, 1247.7345332484406, 1321.532379566896, 1353.734930984224, 1333.493997135088, 1387.6468967341277]
    Slowdown:    [924.6994950591718, 953.5986808678729, 973.9116876238157, 994.8775248561443, 1016.7428765230658, 1094.143850114547, 1082.5614253133633, 1168.9484650292957, 1247.0431146373298, 1315.8104335921864]
    Predicted:   [1351.4474022794784, 1349.2105393884858, 1327.4885891362499, 1306.0561759576344, 1285.2680257374602, 1346.8528514520551, 1271.8599134063718, 1329.8142790520349, 1365.3519399854777, 1380.2567368972639]
    Error Perc:  [-2.645322300567172, -1.1018580846892203, -2.3625463763324146, -2.762229632494749, -4.822197909056871, 7.943862701752983, -3.7587021648915857, -1.7670115016384986, 2.3890578374431453, -0.532567748629485]
[test.py] Result for the experiment 2: 
    Baseline throughput: 1306.2352543898464
    Groundtruth: [1290.0066434535884, 1306.812648747439, 1315.5191756035983, 1323.18472700797, 1341.8710099989685, 1337.1018658019718, 1355.4114611983607, 1388.6630262228964, 1420.3008770704114, 1427.815527733023]
    Slowdown:    [921.0101992151392, 944.0531281946794, 981.0283104414057, 988.9092162612003, 1043.191532873332, 1063.729758444324, 1192.218790329362, 1226.8325610102875, 1236.936424513736, 1281.1583926708515]
    Predicted:   [1343.5816253422804, 1330.1809485881156, 1340.7457355151782, 1295.7896950170252, 1327.82421280481, 1301.0611300075334, 1425.9492733696711, 1405.2401140369918, 1353.24591849613, 1342.1762841510674]
    Error Perc:  [4.153077983014244, 1.7881905155321847, 1.9176124817796913, -2.070386049035747, -1.0468068159672994, -2.6954368037488146, 5.204162292455885, 1.1937444506738533, -4.7211798328670085, -5.997920734054978]
[test.py] Result for the experiment 3: 
    Baseline throughput: 1186.3404698978932
    Groundtruth: [1266.3112162740365, 1309.2356296169785, 1324.4192413349126, 1291.651711088964, 1310.0918347355507, 1411.4302384284997, 1376.8003546981913, 1335.4627732406914, 1365.770484779636, 1300.4901905162858]
    Slowdown:    [902.0987824327627, 942.0026567889681, 988.3570001079471, 1002.2029736752787, 1057.3459506425622, 1086.8262133434828, 1112.8319124637517, 1180.9714266472888, 1247.8088184692488, 1302.9881296478402]
    Predicted:   [1303.7111899030695, 1326.1137380733578, 1354.4718416944104, 1318.709949903116, 1350.8415911968355, 1335.7817210443782, 1313.8475616085502, 1345.3960873830051, 1366.2698759924788, 1366.154372438546]
    Error Perc:  [2.95345829274716, 1.2891574346565158, 2.2691153542293048, 2.0948556473741493, 3.110450380717799, -5.359706439926449, -4.572398087698124, 0.7438106356352517, 0.03656479755625367, 5.049187022025287]
[test.py] Result for the experiment 4: 
    Baseline throughput: 1360.3411497543884
    Groundtruth: [1328.384823120372, 1352.6605531143978, 1299.5094522378417, 1293.1988530457722, 1343.1638375298946, 1414.4415114821004, 1219.9888090426543, 1272.2336446274373, 1367.7229488421353, 1248.7626323266932]
    Slowdown:    [939.1138506444719, 972.5898409198014, 961.1087003968647, 1025.0994577121362, 1077.912368311446, 1072.9685615316052, 1072.9724326624798, 1161.6979586469215, 1237.9195397328497, 1324.4975988141641]
    Predicted:   [1382.4592652545246, 1387.5444161639764, 1303.8148988330092, 1358.6400882246533, 1384.5924216826065, 1314.9092522365027, 1258.6446962683065, 1320.4388954026872, 1354.4226992914703, 1389.818800723446]
    Error Perc:  [4.070691052245832, 2.5789073961875495, 0.33131321882678344, 5.060415497953179, 3.084402884826016, -7.036859314267751, 3.168544411156201, 3.7890249938615908, -0.97243740495285, 11.295674994209035]
