[test.py] ++++++++++++++++++++++++++++++++ Summary: 
[test.py] Result for the experiment 0: 
    Baseline throughput: 1518.6948055882237
    Groundtruth: [1469.2237072798755, 1546.060231240557, 1561.9930081873717, 1584.9031948062564, 1584.206302790519, 1441.7313203568265, 1545.6920181990552, 1601.185966421609, 1564.038042019094, 1593.0389296498877]
    Slowdown:    [1158.9104196578326, 1209.504878972595, 1278.3358215207977, 1304.8925052389802, 1326.8358183309667, 1381.2984977679555, 1387.9452668294848, 1460.0095668951883, 1488.683303998984, 1477.786154054422]
    Predicted:   [1546.3970234795452, 1582.1042649229635, 1641.8957784283812, 1626.9907350199098, 1603.957926579628, 1625.378051506341, 1579.0940423634022, 1614.9557336091355, 1593.5758654210044, 1529.1153648063566]
    Error Perc:  [5.252659334128806, 2.3313473145535095, 5.115437125658666, 2.6555275017158633, 1.2467835631203688, 12.737930331156452, 2.1609753929676763, 0.859973012272874, 1.8885616978841855, -4.012680647897282]
[test.py] Result for the experiment 1: 
    Baseline throughput: 1508.1608895102763
    Groundtruth: [1460.631147665272, 1598.5729698955038, 1582.4811112087414, 1519.7182974177992, 1575.0550654017004, 1602.0841673141006, 1579.5684245890982, 1601.7832813449543, 1451.5359981562588, 1546.1405645090624]
    Slowdown:    [1170.3509008245744, 1176.5656564705805, 1207.396668955589, 1265.348619440598, 1282.8520880762949, 1335.7895274585271, 1434.239170407379, 1397.9913537904495, 1422.5707836769072, 1462.1004732782678]
    Predicted:   [1566.8342706021692, 1526.2135135885608, 1526.6867321648356, 1565.971961702668, 1540.124650951203, 1562.72969379513, 1639.2937901860707, 1539.4159615556264, 1518.0548669621785, 1512.3273012016462]
    Error Perc:  [7.271043281985072, -4.526503179374603, -3.5257532395624334, 3.0435682957466437, -2.2177265555848247, -2.456454805676559, 3.7811192391054056, -3.893617851783327, 4.582653746817993, -2.186946263721682]
[test.py] Result for the experiment 2: 
    Baseline throughput: 1590.9592151639094
    Groundtruth: [1456.0989930356513, 1464.131951671054, 1540.5373236279738, 1521.409160353207, 1571.9292112332341, 1599.2835049969267, 1537.4625721552804, 1571.5649832691195, 1569.350583111826, 1575.6520166218681]
    Slowdown:    [1149.2930938812776, 1212.3336092958223, 1277.341158176245, 1230.132637129516, 1307.6455304455105, 1393.4624212534789, 1422.5267820450877, 1365.2662394174054, 1497.4069871143824, 1558.2533184051367]
    Predicted:   [1529.3207442580863, 1586.9477672210262, 1640.2552593939133, 1512.389184999462, 1575.9988301360686, 1642.2468326139297, 1624.0107719010493, 1499.828564908067, 1603.5763279982284, 1615.4327296504975]
    Error Perc:  [5.028624535326641, 8.388302393769854, 6.4729321540294285, -0.5928697939251846, 0.2588932678235366, 2.68641097608804, 5.629288238505993, -4.564648558905195, 2.18088585525212, 2.524714379125258]
[test.py] Result for the experiment 3: 
    Baseline throughput: 1484.1110376630743
    Groundtruth: [1423.2486565021923, 1528.6610426398886, 1561.616055162057, 1599.1194288952845, 1528.2895809975375, 1562.1727065112743, 1605.9727249823, 1551.343838025431, 1552.661418392887, 1603.1052951118963]
    Slowdown:    [1158.5754197189274, 1195.0107226818382, 1240.589469808348, 1257.2727136570354, 1303.03664546246, 1378.4955470070643, 1294.9560797030576, 1409.4411095599623, 1421.4609509129557, 1485.4179077062506]
    Predicted:   [1545.8006133234446, 1557.395696440685, 1580.1447230849706, 1553.6215685864402, 1569.3090234288031, 1621.498393221772, 1459.8285208778382, 1553.3109823532805, 1516.791114637651, 1537.2879521446102]
    Error Perc:  [8.610720007453848, 1.8797269636160627, 1.186505982803234, -2.8451821350376254, 2.684009819951241, 3.7976394327735274, -9.100042723706437, 0.12680260040567068, -2.310246350576831, -4.105615717693207]
[test.py] Result for the experiment 4: 
    Baseline throughput: 1537.385043714871
    Groundtruth: [1557.2294322864136, 1611.8683640701688, 1549.8474780567026, 1570.5315973632464, 1593.20085602682, 1554.012451408216, 1567.6455822973467, 1508.3880801215773, 1566.4394728962502, 1529.0558893150082]
    Slowdown:    [1156.2017008030523, 1201.9616494904344, 1237.6574418230225, 1291.846188206778, 1321.228120183633, 1377.2117234838088, 1382.0616244348082, 1438.3396425652272, 1453.1636016449158, 1470.4370019296728]
    Predicted:   [1541.5779123256277, 1569.222401654086, 1575.3910992096444, 1606.7587664808507, 1595.7703946113786, 1619.7223384907284, 1571.4826500752674, 1588.4839204672708, 1552.9426992679294, 1521.248176522596]
    Error Perc:  [-1.0050876021400026, -2.645747218984828, 1.648137737073974, 2.3066819654202297, 0.16128152171387802, 4.22840158217312, 0.24476628016248644, 5.31002872544827, -0.8616211390131882, -0.5106231137116923]
