[test.py] ++++++++++++++++++++++++++++++++ Summary: 
[test.py] Result for the experiment 0: 
    Baseline throughput: 1561.3382667458993
    Groundtruth: [1547.5234638650998, 1594.6996171475057, 1599.1013370306157, 1589.2633500157644, 1565.1341023528444, 1578.478565479469, 1581.6513418655845, 1590.0663941166983, 1579.0823695749516, 1578.3005455533935]
    Slowdown:    [1192.1462418908536, 1198.5677445059287, 1254.5638681215007, 1278.8093875383017, 1347.168654376127, 1357.8132234731177, 1410.7720202995986, 1450.607621907682, 1488.2278525953845, 1549.5144034917685]
    Predicted:   [1606.146368801201, 1563.4426001543534, 1602.8858356585197, 1586.6408175111285, 1633.7665398057159, 1592.9570430957897, 1608.7082595505992, 1603.4601547717868, 1593.053981958405, 1606.0426390669309]
    Error Perc:  [3.7881755142946, -1.9600567189614573, 0.23666409002768093, -0.16501560327367656, 4.385083511355181, 0.9172425861812634, 1.7106752271395416, 0.8423397101307144, 0.8847931338258355, 1.7577193134537175]
[test.py] Result for the experiment 1: 
    Baseline throughput: 1564.056557028029
    Groundtruth: [1539.840317404205, 1577.3803500070949, 1583.4920322243797, 1586.6765815441786, 1582.5183784040998, 1569.2601705271873, 1584.2155887705057, 1588.263826226228, 1586.7188301804356, 1562.6156854444469]
    Slowdown:    [1197.9758580610649, 1210.8068079489528, 1262.208365278052, 1285.8496282761419, 1335.071095247685, 1335.982731821999, 1422.0865614846412, 1418.7338897779082, 1518.9440566733217, 1537.6524227996374]
    Predicted:   [1616.7459636774977, 1584.332629685003, 1615.3856599489004, 1597.492798951757, 1616.0080953925537, 1562.9941289935346, 1623.4370410619583, 1564.605326204027, 1628.300928533516, 1593.3029493780268]
    Error Perc:  [4.994391003018857, 0.44074846487575675, 2.01413250433087, 0.6816901146326867, 2.116229261250463, -0.39929908700528877, 2.4757648245269426, -1.4895825008125032, 2.620634328033526, 1.9638394916566928]
[test.py] Result for the experiment 2: 
    Baseline throughput: 1571.0426055364562
    Groundtruth: [1588.2469724042087, 1564.3818566551233, 1540.1963030244585, 1561.553841717682, 1590.2971834067675, 1574.5200459429204, 1581.0951613744778, 1560.9440558430858, 1569.0059967507261, 1564.969013711339]
    Slowdown:    [1186.1070363598221, 1193.3639002557213, 1254.5263605116877, 1296.3217591164052, 1296.7904800341478, 1356.6403121480128, 1407.1098128021556, 1471.835873226839, 1500.046810835791, 1558.0663275067884]
    Predicted:   [1595.20358970259, 1554.5998091845327, 1602.82460972498, 1613.6881582126841, 1560.2581193516523, 1591.3429511250142, 1603.9480539769415, 1629.437864406593, 1606.6041391062934, 1615.23176476023]
    Error Perc:  [0.43800601664933825, -0.625297936624381, 4.066254838914971, 3.3386179267219713, -1.8888962621920073, 1.0684465545828723, 1.445383754295804, 4.387973310581768, 2.396303292239143, 3.211740974327179]
[test.py] Result for the experiment 3: 
    Baseline throughput: 1542.7843460267811
    Groundtruth: [1580.2745547282611, 1564.6120735050838, 1579.998093139801, 1586.5563307965588, 1559.483875945514, 1553.4896990622474, 1540.5533581006168, 1578.0719330162121, 1583.3183948892065, 1573.2161213906145]
    Slowdown:    [1172.0231310192132, 1215.966790001418, 1249.1960935170994, 1291.6926498716268, 1297.7100567784648, 1363.7188996234022, 1379.2518574147703, 1445.3332943093346, 1511.2465171198824, 1540.6522125821582]
    Predicted:   [1569.8328825574563, 1593.1789477214356, 1594.1340172327684, 1606.5212553405288, 1561.5895048692557, 1601.091432007371, 1567.8509190139441, 1597.0182073051408, 1619.458342602202, 1596.52403191248]
    Error Perc:  [-0.6607505094328603, 1.8258119504571888, 0.8946798198266288, 1.258381070777757, 0.13502088455163358, 3.0641807907614704, 1.7719321937010393, 1.2005963665240595, 2.2825445488192186, 1.481545364616717]
[test.py] Result for the experiment 4: 
    Baseline throughput: 1564.5571481878123
    Groundtruth: [1589.277005012252, 1590.0944272606582, 1588.9019488905258, 1571.4151260078995, 1564.063559515595, 1573.8953094417861, 1569.9646298743623, 1571.506497103866, 1600.4886932175868, 1552.0976716439595]
    Slowdown:    [1180.265375735675, 1208.721207562044, 1248.0922617257897, 1278.7469200880919, 1323.1911394093179, 1363.7160984119928, 1399.788135066817, 1501.3580440352446, 1497.3916840668257, 1538.3468132895782]
    Predicted:   [1584.6552601794465, 1580.763655461417, 1592.3368629238107, 1586.5446575483516, 1598.6348617461606, 1601.0875707541866, 1594.4415853006517, 1665.6987915625946, 1603.5587779960065, 1594.0485241920178]
    Error Perc:  [-0.29080801007183965, -0.5868061442939427, 0.2161816237737904, 0.9627966086140359, 2.2103514924465513, 1.7277045778886475, 1.5590768709386873, 5.993757877063561, 0.19182170992083744, 2.70284875201343]
