[test.py] ++++++++++++++++++++++++++++++++ Summary: 
[test.py] Result for the experiment 0: 
    Baseline throughput: 1196.0900802052406
    Groundtruth: [1176.6413742700597, 1205.1997771917042, 1190.4977771062709, 1185.6844900982378, 1164.3753482119062, 1163.813568006253, 1191.4113686185449, 1177.7313929904387, 1169.3084279505435, 1187.6112462361166]
    Slowdown:    [598.8772257258058, 656.8660203720839, 687.9415751858442, 737.241852346326, 760.5200613000084, 807.1379405197453, 875.4898091891848, 936.9109520071053, 1008.9858577830522, 1104.552721937537]
    Predicted:   [1074.0719415937401, 1166.6903346815293, 1160.28554337151, 1193.101030497765, 1149.2473439080227, 1152.4845376912003, 1184.1848559927598, 1186.1238308683196, 1189.99570314864, 1207.599903192754]
    Error Perc:  [-8.71713632711152, -3.195274612471943, -2.5377816167114133, 0.6255070772590278, -1.2992377696002464, -0.9734403023381694, -0.6065505849725344, 0.7125935444899021, 1.7691889242904983, 1.6830976483245064]
[test.py] Result for the experiment 1: 
    Baseline throughput: 1154.0495856013504
    Groundtruth: [1194.9923189628087, 1167.4912754836346, 1146.0232202784052, 1184.947853296257, 1191.460342037733, 1177.3413620263393, 1181.5461804887705, 1176.2169837454826, 1171.8147785617953, 1135.3658852099393]
    Slowdown:    [600.060217542981, 653.6385767748799, 673.5033401408946, 746.1487961255255, 784.3360406195087, 816.2065815593102, 873.294583942702, 947.3374574524844, 1040.0807061024707, 1037.2070275858434]
    Predicted:   [1077.883074828004, 1156.5474093287435, 1119.7974655917906, 1216.603835034877, 1204.516370265803, 1171.0629981830082, 1180.1721983353732, 1202.884435682066, 1233.4884465613025, 1127.557571891591]
    Error Perc:  [-9.79999973861333, -0.9373831209451738, -2.2884139014429046, 2.6715084255024446, 1.0958004867993005, -0.5332662255682032, -0.11628679234770908, 2.267222145667795, 5.263090134022819, -0.6877354181647404]
[test.py] Result for the experiment 2: 
    Baseline throughput: 1190.1090542299298
    Groundtruth: [1157.7799673326597, 1159.0881774954612, 1198.8575966076166, 1221.984637010571, 1173.9879576277515, 1186.7970313755754, 1206.9501985795162, 1149.847244949472, 1188.0388192278203, 1185.0866913135071]
    Slowdown:    [614.6929298011531, 661.6339507768904, 680.1591798633808, 745.0411805214758, 766.5940432202751, 824.9149984384874, 885.4395704980566, 945.3932358437526, 1018.6394011872254, 1105.2671263127247]
    Predicted:   [1126.0328765285387, 1181.8169281521564, 1138.3180913370927, 1213.661919149939, 1163.1742831355075, 1189.0732079525985, 1202.4613662690708, 1199.7515554478978, 1203.4466682492491, 1208.45387503386]
    Error Perc:  [-2.742065996983967, 1.9609164425960324, -5.049766164207606, -0.6810820372498769, -0.9211060830721736, 0.19179156307669912, -0.3719152882801899, 4.3400817558699885, 1.2969146102013136, 1.97176998878061]
[test.py] Result for the experiment 3: 
    Baseline throughput: 1160.6263740954867
    Groundtruth: [1197.9023113360386, 1175.688305983933, 1160.2575417864216, 1152.2590665540656, 1168.8705489528209, 1152.9039098689698, 1206.531880063673, 1168.261267847071, 1193.0872583903229, 1156.7481429691832]
    Slowdown:    [612.3118789430636, 662.5896202155562, 695.3936295850143, 716.1895571487531, 770.1258257565868, 814.559041390265, 878.4635277590907, 945.0583087095929, 1025.9326009474075, 1106.751310269042]
    Predicted:   [1118.0684004339053, 1184.869500842916, 1181.642768963293, 1138.9218262708296, 1171.3248719460066, 1167.67443660347, 1189.6318528092302, 1199.2122105166368, 1213.639511927588, 1210.228341647703]
    Error Perc:  [-6.66447590480841, 0.7809208284417888, 1.8431448541972095, -1.1574862520389846, 0.20997389277919376, 1.2811585257073952, -1.4007112065328104, 2.6493168541488807, 1.7226110992915693, 4.623322631082418]
[test.py] Result for the experiment 4: 
    Baseline throughput: 1161.2855585002935
    Groundtruth: [1200.5861711907569, 1156.4818371130316, 1195.3079203598008, 1182.4928242085844, 1180.3304162376935, 1183.3707097273966, 1193.7389793178083, 1188.075685321967, 1190.8922230033813, 1148.9969640699528]
    Slowdown:    [623.9290988185692, 653.7717649916383, 696.7280765551224, 711.9743721264881, 767.4474869260524, 844.0353098162693, 873.1768429069888, 933.2790631558108, 979.1506813943249, 1103.8840893005247]
    Predicted:   [1157.4191791910152, 1156.964456735842, 1185.5010641390973, 1128.298943369195, 1165.1402843466608, 1229.211639967383, 1179.9571795014504, 1180.308848465606, 1148.7145779770176, 1206.8007385077458]
    Error Perc:  [-3.59549302129043, 0.04173170795446907, -0.8204460167679323, -4.583019848400351, -1.286938952183516, 3.873759073396906, -1.1545069780861088, -0.6537324980484152, -3.541684479221255, 5.030803060875084]
