[test.py] ++++++++++++++++++++++++++++++++ Summary: 
[test.py] Result for the experiment 0: 
    Baseline throughput: 1740.2588980987377
    Groundtruth: [1656.6887924702914, 1729.4536341425367, 1691.9967748849474, 1777.2260873063647, 1712.5526599239474, 1701.7848223491403, 1803.5849949123121, 1663.5917253113942, 1713.6914856427406, 1719.063950769103]
    Slowdown:    [1138.9263095387164, 1142.8693225787806, 1221.8076942652278, 1310.6255228986267, 1332.4916205848037, 1357.9883934599243, 1488.1286213377482, 1481.7792916787519, 1626.1611438490663, 1607.9545996430722]
    Predicted:   [1681.3930602119779, 1613.6432243705954, 1691.5195824314758, 1773.9320507745476, 1726.5230258498698, 1686.0326661874183, 1796.2675984265957, 1701.8688668767752, 1799.62860839455, 1693.098455569345]
    Error Perc:  [1.4911833685341611, -6.696358172641045, -0.028202917437834034, -0.18534707291009903, 0.8157627063300208, -0.9256256111144414, -0.40571398111860174, 2.3008735246153176, 5.014737102435771, -1.510443819622944]
[test.py] Result for the experiment 1: 
    Baseline throughput: 1705.6624817598054
    Groundtruth: [1756.4843281143903, 1706.8662289145082, 1760.2088399778193, 1741.9316122874814, 1684.9884411372614, 1552.5109113135227, 1649.7436478811906, 1787.4384256787516, 1793.8816325816265, 1690.6927312311575]
    Slowdown:    [1173.27837384556, 1227.2190559629685, 1187.8305542193907, 1288.0007930220881, 1299.6572219060083, 1365.581273367496, 1476.1799179893483, 1517.471349477028, 1651.6153582721197, 1672.021646911853]
    Predicted:   [1757.352962497297, 1787.069107481395, 1627.0853246696738, 1732.7357734108355, 1671.7972731816214, 1697.7528214715392, 1778.8871708791899, 1749.1201160576177, 1830.8551640688815, 1764.2802302884108]
    Error Perc:  [0.0494530107102771, 4.698837976183538, -7.562938685719983, -0.5279104421654097, -0.7828640027190158, 9.355290780863665, 7.82809639327066, -2.143755503442485, 2.061090922372921, 4.352505792324969]
[test.py] Result for the experiment 2: 
    Baseline throughput: 1681.5692412567257
    Groundtruth: [1718.3176484582414, 1675.9942029036515, 1661.043256628951, 1793.3839041440785, 1670.2582961546887, 1614.274040634163, 1694.9752068031303, 1699.7625123688265, 1772.7953954121517, 1685.0977213971696]
    Slowdown:    [1188.0777937894363, 1230.35312534224, 1249.8655418085102, 1346.4089615230146, 1342.199016421461, 1343.5947019709608, 1498.4247528830676, 1460.360130649659, 1546.8826635648834, 1640.0692199414623]
    Predicted:   [1790.7644813863242, 1793.7226568001158, 1745.7763396460243, 1840.1248469504906, 1742.855618169701, 1663.901643446052, 1811.2906394469533, 1673.6749013703381, 1703.0365919444816, 1728.7418612183753]
    Error Perc:  [4.216149033508772, 7.024395054141617, 5.101196653303128, 2.6062987795532764, 4.346472769041042, 3.0742985120663313, 6.862367790217059, -1.5347797594460462, -3.9349607770981416, 2.590006458795692]
[test.py] Result for the experiment 3: 
    Baseline throughput: 1691.2961671000614
    Groundtruth: [1670.4077013144824, 1714.885569008571, 1760.8863773757796, 1611.126893441638, 1755.2135904608617, 1738.655573928195, 1640.062898872266, 1634.235217701529, 1801.152981063533, 1729.481507064997]
    Slowdown:    [1168.2226784294035, 1186.2075730990778, 1282.497998301171, 1253.1025939137544, 1408.7780467017672, 1404.2175322526825, 1469.4700604200168, 1509.7556114242716, 1548.6270540384314, 1672.2437214120137]
    Predicted:   [1746.0350544910257, 1701.4100989153037, 1810.1077093279262, 1670.162159488774, 1856.8032411986019, 1757.885158680997, 1769.152373666211, 1738.8768422761648, 1705.1511828601786, 1764.5274899211568]
    Error Perc:  [4.527478717742401, -0.7857941274214578, 2.795258830129648, 3.6642219981212505, 5.787879679707017, 1.1060031118961604, 7.871007562131238, 6.403094453062206, -5.330019116236749, 2.0263866779144846]
[test.py] Result for the experiment 4: 
    Baseline throughput: 1608.6627292300402
    Groundtruth: [1632.3554395204758, 1671.14451580452, 1625.4798683251588, 1710.0847749944735, 1641.2406351322247, 1684.4128686279662, 1760.5305059389461, 1612.932216311912, 1688.5471063167724, 1735.604497649834]
    Slowdown:    [1180.6048319720776, 1191.314551499966, 1221.605992411063, 1087.5763589910653, 1289.6400074702397, 1370.520769796847, 1464.3506131281777, 1558.630258973139, 1630.670415591541, 1638.0662517328822]
    Predicted:   [1773.8407382592118, 1711.9363445573197, 1691.1330101796589, 1388.501904247919, 1655.2586584769986, 1705.3943242600951, 1761.7371609275324, 1804.0317109537093, 1805.1528607391244, 1726.5165983475056]
    Error Perc:  [8.667554584821245, 2.440951597364494, 4.039000613532477, -18.80508355193057, 0.8541113987008061, 1.2456242779253588, 0.06853928316014635, 11.84795571129209, 6.905685603092478, -0.5236157958010748]
