[test.py] Result for the experiment 0: 
    Baseline throughput: 1233.297319509982
    Groundtruth: [1207.750135639776, 1223.8740093304023, 1219.8036370778314, 1225.3699772974937, 1185.0745255594873, 1205.0592454197676, 1210.4854061609772, 1234.8563964658347, 1218.5850488053215, 1194.4781366081347]
    Slowdown:    [790.3171684066009, 821.9528861845589, 822.4129867399218, 866.3271923856639, 929.6015100446929, 955.2859656299812, 1010.0008134294048, 1083.0961375356633, 1100.6900150031615, 1164.0051289266996]
    Predicted:   [1213.8650764386769, 1220.8301799353371, 1159.5088746526483, 1183.7145119707457, 1234.2178252526521, 1211.6703789470332, 1230.6204771524767, 1266.1768735769556, 1220.9699047630502, 1229.1010664379905]
    Error Perc:  [0.5063084340422385, -0.24870447218096012, -4.942989231416424, -3.3994194486972495, 4.146853099383243, 0.5486148131217115, 1.6633881655258786, 2.5363659451220624, 0.19570697671588055, 2.8985821312872098]
[test.py] Result for the experiment 1: 
    Baseline throughput: 1208.7698519200271
    Groundtruth: [1188.8677956497056, 1178.6146442663292, 1214.602654545985, 1209.3114959592106, 1206.8437028939675, 1219.493168425947, 1208.2425977753521, 1177.978400588047, 1207.258566678494, 1195.5178154159498]
    Slowdown:    [789.6661835258636, 809.1416909153788, 837.3996018719671, 875.4077409888222, 914.4774880533377, 955.3317503844479, 1004.1208555092118, 1031.5282682488746, 1086.6781933339328, 1168.4558573954544]
    Predicted:   [1212.3300451558086, 1192.7801198263924, 1189.5231470089802, 1200.7326900893243, 1207.6993763915953, 1211.7440384294928, 1221.9022713551842, 1196.2647142709393, 1203.7523790472992, 1234.0645819006936]
    Error Perc:  [1.9734952525382459, 1.201875068240054, -2.0648322678316022, -0.7093958751365139, 0.07090176595162262, -0.6354385737524383, 1.130540638525958, 1.5523471121171502, -0.29042557476657527, 3.224273698617567]
[test.py] Result for the experiment 2: 
    Baseline throughput: 1207.6564148663288
    Groundtruth: [1196.0440871717894, 1196.2291448102517, 1206.6043974335282, 1204.4147551858016, 1196.9640383675448, 1214.4150950339013, 1199.6633084941548, 1227.5158605022743, 1196.9608237041514, 1211.5742689461192]
    Slowdown:    [764.5978320296789, 816.8992686923733, 851.3208788813281, 875.2157721408994, 897.3874924408424, 961.85794404187, 1012.7916150678352, 1059.8799866094762, 1103.5173484376166, 1162.4211305436202]
    Predicted:   [1154.231792121527, 1209.714777834898, 1217.8113897104145, 1200.3715570098987, 1178.0702430420024, 1222.2629388563728, 1234.766159328777, 1234.5632525704686, 1224.4499013414797, 1227.3350811249697]
    Error Perc:  [-3.4958824259675416, 1.1273452986121253, 0.9288041963649177, -0.3356981603300942, -1.578476438716602, 0.6462241662314362, 2.9260585521019262, 0.5741182085672331, 2.296572877987755, 1.3008539866532474]
[test.py] Result for the experiment 3: 
    Baseline throughput: 1211.4752755311222
    Groundtruth: [1194.8004346116454, 1193.2210427812252, 1207.3735631613183, 1215.9003778775193, 1227.0899902166416, 1210.0003473457245, 1143.8263559496686, 1232.3837387859144, 1183.9266623732553, 1208.5707517070625]
    Slowdown:    [778.4023813625133, 818.3945384522316, 860.7829807882761, 886.2712719160968, 927.6292206636739, 967.6945984394317, 993.1403609058418, 1063.5109885012926, 1112.2319628716953, 1170.3842887320484]
    Predicted:   [1185.9827190309763, 1212.9967200720314, 1237.2669666631793, 1221.265595552114, 1230.743593433454, 1231.7032313295483, 1205.6806578597575, 1239.4925505103286, 1235.1885072132388, 1236.2158551868931]
    Error Perc:  [-0.7380073964850171, 1.6573356135852255, 2.4759034332000645, 0.44125470903794817, 0.2977453361971709, 1.7936262606396394, 5.40766538455341, 0.576834268473669, 4.329815897314611, 2.2874211907563446]
[test.py] Result for the experiment 4: 
    Baseline throughput: 1211.090115686507
    Groundtruth: [1176.7491230222001, 1180.950715811872, 1201.143587789922, 1210.7591081245719, 1201.8471399016398, 1212.88327035538, 1202.7993079062712, 1202.542234410656, 1207.069616631144, 1204.7358346369958]
    Slowdown:    [783.0922512870012, 804.3480036773785, 844.3100945387732, 892.1460496835132, 930.7033479348086, 956.3391204581386, 988.2754154834923, 1044.7329169680884, 1094.8102981141071, 1163.7002782872844]
    Predicted:   [1196.9041983142788, 1182.3923307077448, 1203.5157644092014, 1232.4488404901779, 1236.1608413681533, 1213.3651964045048, 1198.5181312085062, 1214.0601213195102, 1213.73916320574, 1228.7611703606092]
    Error Perc:  [1.7127758923087317, 0.12207240120784767, 0.19749317595276822, 1.7914159984476785, 2.8550803448533215, 0.03973391841603097, -0.3559344164586591, 0.957794793336218, 0.5525403408968372, 1.994240980708649]
