[test.py] Result for the experiment 0: 
    Baseline throughput: 1748.0381903954674
    Groundtruth: [1780.8553530625318, 1779.8654808817198, 1757.6535623743407, 1760.5629928338483, 1769.3118368874957, 1759.839983029863, 1750.2159793865687, 1741.264562698872, 1749.4771277569998, 1742.7037541182674]
    Slowdown:    [1076.1951695544817, 1124.891658872105, 1162.5247194533588, 1216.195328266892, 1274.8889802771805, 1334.5916196771552, 1393.2961555475829, 1480.5893715484801, 1588.0626600295707, 1688.731366841542]
    Predicted:   [1763.7011303494405, 1776.9422200583015, 1754.426709164145, 1760.48172941803, 1766.2476347184406, 1763.410663703578, 1749.7430064959208, 1769.2954999273811, 1800.2186635599694, 1805.2154683181918]
    Error Perc:  [-0.9632574977856113, -0.16424054822222803, -0.18358869343038753, -0.0046157630342712605, -0.17318610010802302, 0.20289803096570747, -0.02702368714595578, 1.6098034628961058, 2.900382920011373, 3.5870533963216626]
[test.py] Result for the experiment 1: 
    Baseline throughput: 1763.0894598974892
    Groundtruth: [1759.7417156694244, 1758.3169794285816, 1755.0463780877546, 1749.6618013091934, 1749.780626721989, 1742.3882272925841, 1731.4860555906798, 1748.1496327804105, 1759.3613307246112, 1741.4436397983175]
    Slowdown:    [1076.1100850663004, 1120.9446996854988, 1165.5314669420566, 1228.550713890088, 1270.7868562896692, 1351.0672848902866, 1405.3736287681668, 1504.0967176304146, 1615.3184688699105, 1657.9598731225483]
    Predicted:   [1763.4726250027372, 1767.1133078685682, 1761.2837274963392, 1786.4888163455325, 1758.3838974939563, 1792.28946765351, 1768.8328294665614, 1802.968492967826, 1835.323847194377, 1770.0966400855314]
    Error Perc:  [0.2120145985113269, 0.5002697774576028, 0.3553951329411935, 2.104807626752962, 0.49167710743743775, 2.863956469590308, 2.1569202798541216, 3.1358219662367715, 4.317618850840602, 1.645359036169112]
[test.py] Result for the experiment 2: 
    Baseline throughput: 1748.0358604749679
    Groundtruth: [1752.9929506017982, 1752.4240761995172, 1753.347510243796, 1760.4318321679991, 1747.21626679311, 1758.3168055216775, 1716.5991013260384, 1730.3009348037317, 1726.490124994432, 1728.9068821991143]
    Slowdown:    [1076.7568329154763, 1115.3465078016363, 1181.9935486939862, 1216.5371220638299, 1272.402221674718, 1342.828867916793, 1402.6549610902198, 1474.4899824394693, 1533.2899431445546, 1630.0488751817174]
    Predicted:   [1765.2101289036964, 1753.2406489238933, 1799.149090188859, 1761.1979968178018, 1761.478213140207, 1777.8203466983018, 1764.5282683108157, 1760.5924974749523, 1730.156582739186, 1738.3186022058442]
    Error Perc:  [0.6969325402993836, 0.046596753346769965, 2.612236289581545, 0.043521403998879084, 0.8162668021213932, 1.1092165595743047, 2.792100202531448, 1.7506528524563616, 0.21236482570473403, 0.5443740263650555]
[test.py] Result for the experiment 3: 
    Baseline throughput: 1715.2285202709622
    Groundtruth: [1726.7102827928404, 1730.4651119252396, 1707.6520410929816, 1721.4330181052362, 1741.1371900211293, 1716.8564431492337, 1721.30423393936, 1718.0521017339397, 1712.015386224679, 1730.8833962597796]
    Slowdown:    [1061.2941621332325, 1111.5611776004166, 1158.3749068657526, 1211.5434986179278, 1271.8902244266199, 1368.2186327861527, 1399.1288848671709, 1461.293428624643, 1530.683224475288, 1632.3474957672465]
    Predicted:   [1724.031423791459, 1743.9054184176796, 1744.9924904793484, 1750.7511789421653, 1760.4971291793377, 1822.5979938322141, 1758.9517175448952, 1741.8105321426037, 1726.8382371114244, 1740.932962710467]
    Error Perc:  [-0.15514235526810663, 0.7766875159642406, 2.1866544523008957, 1.703125275777463, 1.1119134821290804, 6.159021105399965, 2.1871487249744055, 1.3828701926260496, 0.8658129480619048, 0.5806033192301313]
[test.py] Result for the experiment 4: 
    Baseline throughput: 1728.8889850343262
    Groundtruth: [1715.958430563828, 1716.6538014193336, 1723.1351517901678, 1706.5633262932972, 1735.2221486704934, 1769.8976819937664, 1714.868622628669, 1737.8105299066547, 1726.77584163756, 1715.4775055224438]
    Slowdown:    [1067.4326990688264, 1112.0811702485757, 1160.280023721345, 1204.4453730049133, 1259.1604116692754, 1315.952842303515, 1376.0906367602265, 1462.7922116005732, 1556.4867475319252, 1652.9687385696566]
    Predicted:   [1740.2889754194405, 1745.1856599403209, 1749.3193453093631, 1735.9674643241865, 1736.2015759545106, 1731.0152846053104, 1722.693485960818, 1743.940392989338, 1759.749980002091, 1764.4086767928502]
    Error Perc:  [1.417898267361757, 1.662062466957348, 1.519567022470207, 1.7230030423046694, 0.056443913234259104, -2.1968726093056095, 0.45629520704358034, 0.3527348336997748, 1.9095783928306804, 2.8523353476153286]
