[test.py] ++++++++++++++++++++++++++++++++ Summary: 
[test.py] Result for the experiment 0: 
    Baseline throughput: 1548.1913554452087
    Groundtruth: [1935.8704674224578, 1937.5715418017255, 1083.5142147448785, 1858.066568393526, 1798.776555380446, 1877.7848649812245, 1876.2055866812202, 1895.6160986903235, 1882.7219546795877, 1881.9420578739998]
    Slowdown:    [1042.5108221582416, 1082.0912717747028, 1152.971237143614, 1222.7565073763933, 1278.326772520912, 1370.7651485119945, 1441.2055511490694, 1531.2218332940033, 1650.0626363776769, 1776.335353996214]
    Predicted:   [1874.0009598398663, 1848.3213441584278, 1898.5443528201665, 1924.11552918769, 1898.730834908143, 1936.428715441812, 1911.1011181757083, 1904.8771498294695, 1921.4784008534439, 1923.6252950089788]
    Error Perc:  [-3.195952860677116, -4.606291727442745, 75.22099174925849, 3.5547144498310193, 5.5567924336525625, 3.1230335036902095, 1.8598991359051449, 0.48855098590608537, 2.0585326514903226, 2.2149054462424775]
[test.py] Result for the experiment 1: 
    Baseline throughput: 1780.0938975054642
    Groundtruth: [1886.9473916826448, 1897.228687226602, 1877.9860050839663, 1871.5774988659412, 1868.1623579272746, 1933.1103933499066, 1896.6507423870337, 1938.6853205352638, 1952.870282971514, 1871.141457803035]
    Slowdown:    [1034.2765519621867, 1071.4655465565843, 1150.2050305165928, 1214.666315334557, 1308.84154859907, 1373.2176857461016, 1476.1787875783798, 1554.72284815742, 1664.0866390067733, 1762.7225019889293]
    Predicted:   [1847.5600596452439, 1817.5337021866524, 1891.055489548526, 1904.1584905373854, 1966.8413172585358, 1941.3266536165834, 1973.0881869915406, 1941.3839638505576, 1940.5220295337751, 1907.6714898603148]
    Error Perc:  [-2.0873571892366396, -4.200599831560052, 0.6959308764377835, 1.7408304861105843, 5.282140436698741, 0.42502799089702714, 4.0301275767992175, 0.13919965693806916, -0.6323130391922144, 1.952285964534754]
[test.py] Result for the experiment 2: 
    Baseline throughput: 1759.9330345480355
    Groundtruth: [1956.4423543553391, 1921.5672917733236, 1887.7449180903939, 1926.032225071118, 1914.7119103517523, 1891.609901423952, 1914.8265293423292, 1913.2608600483043, 1879.5883100132812, 1920.1979877741237]
    Slowdown:    [1056.379076772356, 1093.934523465268, 1159.870311130934, 1225.0202296778177, 1269.947179404454, 1375.672521156339, 1462.7818605797193, 1573.3378239017056, 1669.0123766342983, 1730.8406861969825]
    Predicted:   [1919.2941373565166, 1883.145213599806, 1917.3236386100427, 1929.7268732124094, 1880.3024823800383, 1946.2364348840988, 1949.2268081207565, 1970.4961309000578, 1947.223500865182, 1870.3862539328964]
    Error Perc:  [-1.8987636878809637, -1.9995177029714961, 1.5668812155812941, 0.1918269119902632, -1.7971073238580628, 2.8878329204676687, 1.796521943439047, 2.9915037748855893, 3.5984045278203913, -2.5940936381757522]
[test.py] Result for the experiment 3: 
    Baseline throughput: 1804.8485406073662
    Groundtruth: [1880.9197909381162, 1928.962182057452, 1908.7031495391377, 1914.1982183360806, 1898.6084469778052, 1917.9995724778948, 1881.471128860805, 1903.6149087931103, 1874.5146032302807, 1833.368757455294]
    Slowdown:    [1030.8416946782327, 1092.9345843472436, 1139.3787497488738, 1214.639832226051, 1274.6524048783274, 1342.8151525477458, 1449.6758352683332, 1555.9142434914963, 1648.5059863279712, 1751.461159208728]
    Predicted:   [1836.6280546611272, 1880.1839830534316, 1861.9675942228916, 1904.093409300789, 1890.6357720080907, 1881.1166713000923, 1926.0237857677962, 1943.2420061005412, 1919.3678600340334, 1894.4888809309832]
    Error Perc:  [-2.3547913361525286, -2.5287275954779553, -2.4485502278094167, -0.5278872866194144, -0.4199220214365606, -1.9229879770073621, 2.3679692036500684, 2.081676137562633, 2.392793138365457, 3.3337605011074642]
[test.py] Result for the experiment 4: 
    Baseline throughput: 1751.8909993566947
    Groundtruth: [1881.4016381058334, 1905.6521165363438, 1918.2487923125223, 1872.4692334872818, 1872.1970431221976, 1885.7803802961362, 1883.9606023332904, 1878.8684139203485, 1887.8877616743705, 1852.6454659877506]
    Slowdown:    [1038.2330757723653, 1093.5254076083495, 1136.092773449489, 1216.5737059887165, 1288.4550896818698, 1331.8188111782417, 1446.6854938919626, 1559.9268671186342, 1646.4020979443374, 1736.176537989545]
    Predicted:   [1860.2233305071115, 1881.9331815154317, 1853.2081041855986, 1908.850070778968, 1921.1620878930216, 1859.607491252116, 1920.748961484049, 1949.5051126441724, 1916.5164017989096, 1876.6187229288223]
    Error Perc:  [-1.1256664802335272, -1.2446623817164981, -3.3906283891629423, 1.9429337818240502, 2.6153788112583913, -1.3879075908038703, 1.9527138256074021, 3.759534100444908, 1.5164376138096407, 1.2940013284349665]
