[test.py] ++++++++++++++++++++++++++++++++ Summary: 
[test.py] Result for the experiment 0: 
    Baseline throughput: 1244.9326766085226
    Groundtruth: [1267.224923070141, 1256.2381942562106, 1249.1118814522874, 1248.0708919243464, 1251.0708188810545, 1247.2514864665263, 1250.770318169703, 1241.8225114464797, 1247.9505629376295, 1252.72087058338]
    Slowdown:    [851.3033267710261, 882.0346369268697, 916.4965711085143, 947.0121824830919, 990.0278210193053, 1018.2896856082148, 1053.6784084461597, 1117.146931856495, 1148.9301991369625, 1200.4873438396683]
    Predicted:   [1250.422896931314, 1256.5934637097223, 1265.5479586557187, 1262.6061358554732, 1276.9229222189533, 1262.468742950641, 1256.0980814138086, 1283.3718387664028, 1263.5278124543775, 1264.1345451263876]
    Error Perc:  [-1.3258913893612665, 0.028280421271704492, 1.315821060345835, 1.164616851909396, 2.0663980765709726, 1.2200632069178947, 0.4259585606334152, 3.345834604940951, 1.2482264906455691, 0.9111107518861992]
[test.py] Result for the experiment 1: 
    Baseline throughput: 1247.4902250954208
    Groundtruth: [1239.2252462898214, 1251.4254518036953, 1242.9170237140024, 1241.633196503803, 1232.730941894888, 1275.7992930413377, 1233.5275216604157, 1253.0814153075282, 1232.0694051801465, 1260.3762046518218]
    Slowdown:    [842.2302190928738, 880.3681770145729, 910.8618885451746, 967.1874523773521, 975.8645459999706, 1009.869148224857, 1051.460694454039, 1100.5610261157765, 1151.008759543544, 1207.5014123427065]
    Predicted:   [1230.9452464706667, 1253.2138669618237, 1254.8290822795743, 1298.7253546368445, 1253.4589493486721, 1249.5512549055818, 1252.9477161206385, 1261.5312033672033, 1266.0421486479236, 1271.9144803496804]
    Error Perc:  [-0.6681593878065822, 0.14291024331898539, 0.9583953182954299, 4.5981501053452725, 1.681470526076205, -2.0573798934457814, 1.5743624782754593, 0.6743207549368452, 2.7573725412660277, 0.9154628320713197]
[test.py] Result for the experiment 2: 
    Baseline throughput: 1235.650172515685
    Groundtruth: [1236.9544597898266, 1251.1253579362133, 1245.4118928569346, 1235.1378468260318, 1256.4193704844238, 1240.949859320107, 1244.9764519318053, 1244.6467645419023, 1235.389244435629, 1259.6869632232738]
    Slowdown:    [859.1817122227453, 881.3949798683602, 907.4519065802764, 946.9500024721314, 979.4862760994525, 1033.004193448242, 1042.7200447222629, 1101.359718057419, 1156.7934048316006, 1197.507717001683]
    Predicted:   [1267.4943631951069, 1255.295591945581, 1248.3665513789756, 1262.4956094742533, 1259.4405300682927, 1285.164871994165, 1240.5559768707642, 1262.580729214548, 1273.044340333287, 1260.8310310690042]
    Error Perc:  [2.4689593997235235, 0.33331863852929317, 0.2372434805695553, 2.2149562268311613, 0.24045789605297618, 3.5629975169409818, -0.35506495357256956, 1.4408879035849516, 3.048034946658464, 0.09082159926486849]
[test.py] Result for the experiment 3: 
    Baseline throughput: 1252.1399364985057
    Groundtruth: [1231.4005224555353, 1246.5281949914138, 1224.150812319701, 1253.0997379987741, 1242.582095535179, 1231.0151497187555, 1253.1378866385621, 1244.393056541845, 1244.883615869655, 1236.3984673944608]
    Slowdown:    [848.6870501033699, 878.6697256674496, 915.7178079819539, 938.0875084496033, 970.2753420076555, 1018.9933741484335, 1053.2500723352402, 1092.318059561414, 1143.672892054677, 1200.954798095517]
    Predicted:   [1244.7864744240221, 1249.7749623958339, 1264.0635263973638, 1246.7916446974837, 1244.252670545339, 1263.5505530466005, 1255.489411665264, 1250.7124859557691, 1257.1723450181898, 1264.6528908396126]
    Error Perc:  [1.0870510223427432, 0.26046481880359407, 3.260440925741042, -0.5033991397496108, 0.13444383402615737, 2.6429734301221375, 0.18765094023369308, 0.50783226253976, 0.9871387969027299, 2.2852198696666224]
[test.py] Result for the experiment 4: 
    Baseline throughput: 1244.6274973421564
    Groundtruth: [1233.8391459482646, 1239.8585287322605, 1256.7990471955063, 1247.5761058267037, 1248.797027969221, 1264.1035639598638, 1241.0744639403797, 1251.0778035277392, 1234.6231925386537, 1259.1986923851177]
    Slowdown:    [843.9807037737763, 875.5178298084282, 917.6874031958085, 937.9741440978606, 975.5330637329836, 1010.3338780274805, 1058.6325840082684, 1088.8369624053792, 1156.4677355440176, 1207.2217848181042]
    Predicted:   [1234.6879975069182, 1243.408081768629, 1267.8197111876589, 1246.5914003346863, 1252.91211033758, 1250.2628384587508, 1263.1449275569412, 1246.1507280211158, 1272.6499375506698, 1271.604227998225]
    Error Perc:  [0.06879758690111057, 0.2862869395267097, 0.8768835413063603, -0.07892949275145585, 0.3295237157195132, -1.094904396737577, 1.7783351650382302, -0.39382646648595515, 3.0800284039557755, 0.9851928601997906]
