[test.py] ++++++++++++++++++++++++++++++++ Summary: 
[test.py] Result for the experiment 0: 
    Baseline throughput: 1204.2112683000694
    Groundtruth: [1222.0322454288014, 1235.140364014238, 1175.4184763427895, 1204.7492419868363, 1261.2588438484772, 1211.9560831048889, 1240.4494309546774, 1224.8322615183456, 1176.4782526450872, 1238.214461933209]
    Slowdown:    [801.5180953104704, 886.6030341694759, 900.5430972797496, 949.1912629412144, 925.6146879870903, 1032.3326522153043, 1046.7626561979237, 1092.7516241260053, 1077.748812829371, 1139.6701286070015]
    Predicted:   [1145.8790304817787, 1265.8860891295049, 1235.3288867052393, 1266.482558097196, 1171.7516685597293, 1284.1256285463887, 1246.2823397804352, 1251.2809402087446, 1177.9673169728496, 1196.8782333712227]
    Error Perc:  [-6.231686212199834, 2.489249482167553, 5.096943052048635, 5.124163100410091, -7.096653928358974, 5.9547987297204665, 0.4702254425050366, 2.1593714928452545, 0.12656964329043546, -3.3383739112082793]
[test.py] Result for the experiment 1: 
    Baseline throughput: 1183.5852672247406
    Groundtruth: [1202.2043197635674, 1205.752972987426, 1235.3366409317478, 1217.279294805759, 1171.0930066475703, 1188.3669011208106, 1230.4002810480322, 1178.4817192810879, 1231.187408307799, 1200.4339778906024]
    Slowdown:    [834.6452739849352, 838.628187106838, 882.5991636291741, 912.2015110606628, 972.5474236765904, 1029.587281894402, 1017.7071567883271, 1076.2826783805685, 1131.1590194661158, 1164.6386643760745]
    Predicted:   [1214.8103236160555, 1170.2975440545345, 1201.8116168402832, 1201.4768463284306, 1247.9915233919746, 1279.880459165114, 1205.3116668918717, 1229.7340784599548, 1242.0678442297876, 1224.4466966440805]
    Error Perc:  [1.0485741604195284, -2.9405217923738993, -2.7138371016161544, -1.2981777103051784, 6.566388519775888, 7.700783146854075, -2.0390611529111857, 4.349016055177554, 0.8837351526314964, 2.0003364779521786]
[test.py] Result for the experiment 2: 
    Baseline throughput: 1191.2615367351257
    Groundtruth: [1196.2764847669703, 1212.7393968413323, 1204.5581655428355, 1222.5252446305487, 1219.695214479325, 1204.9878393003814, 1189.487941945138, 1219.3955904186173, 1215.8551216217597, 1154.726777354734]
    Slowdown:    [820.9708380383087, 878.2400188584478, 866.7847321373517, 910.3048523333622, 973.2215357259437, 1009.7224215635158, 999.2522158495951, 1088.2060365781415, 1107.5295604831238, 1187.3080391900107]
    Predicted:   [1186.0566293115662, 1248.9058121524042, 1172.6780267798326, 1198.1886921631137, 1249.1017689662149, 1249.3266227107229, 1179.5118641753752, 1245.3243906588839, 1213.6357744024037, 1249.5292203423421]
    Error Perc:  [-0.8543054708121964, 2.982208329775543, -2.6466251008008412, -1.9906789307070383, 2.410975638651111, 3.679604222071205, -0.838686750657521, 2.126364933906744, -0.18253385455955765, 8.20994583712548]
[test.py] Result for the experiment 3: 
    Baseline throughput: 1160.7283381703662
    Groundtruth: [1220.2375203010342, 1244.1906502882964, 1223.6935616181602, 1242.6292089346346, 1264.13709200163, 1186.3786821394176, 1236.857337527444, 1258.3226640678947, 1217.494355981516, 1239.5307969987025]
    Slowdown:    [833.7812823272636, 852.3603469500828, 880.4780925604356, 923.3799142141972, 994.7795585285206, 1019.2352821644904, 1019.6546332889862, 1102.4111578561003, 1136.031121345363, 1142.3823442752405]
    Predicted:   [1212.9808847555355, 1197.2137692902468, 1197.882240030206, 1220.944785847315, 1284.8386612835568, 1263.9225312810363, 1208.0442823128215, 1263.9627196723761, 1247.9446741199954, 1199.869931099794]
    Error Perc:  [-0.5946904127082174, -3.775697959727027, -2.109296183091977, -1.7450437291676648, 1.637604767149743, 6.536180252479125, -2.3295374769916273, 0.4482201398366521, 2.5010644188104685, -3.1996676480277872]
[test.py] Result for the experiment 4: 
    Baseline throughput: 1184.82727080792
    Groundtruth: [1222.3590619237627, 1237.6341781094195, 1228.1908047841532, 1277.6127346113203, 1182.9827254725703, 1230.3333615156569, 1205.3611813552081, 1208.804664215105, 1208.1154673271515, 1210.8814438162856]
    Slowdown:    [825.9831501915311, 860.7026140296881, 868.2643262080795, 948.0828470107805, 941.9427188266427, 987.369385686538, 1061.5553977361785, 1100.2861067086487, 1140.8367535619204, 1142.728626698376]
    Predicted:   [1196.546598998766, 1213.7373493768066, 1175.3878399707398, 1264.5100253239473, 1198.0414209193561, 1215.2850963891979, 1267.3083328619866, 1261.169995444733, 1253.746193626556, 1200.251947887011]
    Error Perc:  [-2.111692360211469, -1.9308475117515846, -4.299247690809179, -1.0255618883885966, 1.272942970555234, -1.2231046964312933, 5.139302017104138, 4.331992817353137, 3.7770169767264514, -0.8778312677559892]
