[test.py] ++++++++++++++++++++++++++++++++ Summary: 
[test.py] Result for the experiment 0: 
    Baseline throughput: 968.086712930603
    Groundtruth: [964.3728716366065, 969.8681308491041, 983.8129564968979, 967.985061715733, 982.4289150050151, 982.8547741771371, 957.1618562074766, 982.2739759187555, 978.8371133677521, 973.3360075740142]
    Slowdown:    [535.729763281978, 567.3853328870139, 618.0301290074162, 638.605105086641, 686.4422410401686, 698.9944401414299, 796.5194687902142, 809.0226370955477, 934.7208976853863, 956.479363975656]
    Predicted:   [860.8498703759165, 886.9174438673416, 949.6007982106916, 933.7565608289204, 969.1642876358701, 929.664776187534, 1030.405097001853, 979.3462187017092, 1081.2352959179832, 1030.3639365203594]
    Error Perc:  [-10.734748384720163, -8.552779944335368, -3.4775063756048628, -3.536056726551465, -1.3501869872261782, -5.411786093640806, 7.652126996011421, -0.29805912493078696, 10.461207605617199, 5.859017698162033]
[test.py] Result for the experiment 1: 
    Baseline throughput: 951.3324481184903
    Groundtruth: [977.7863861004781, 964.6712546270759, 976.4698414512632, 964.7871736176246, 958.3674574541901, 977.5570139049787, 981.2687629703415, 985.4928613945988, 966.6797688025831, 981.4219703931612]
    Slowdown:    [555.137687226864, 572.718095310285, 607.9464236271143, 628.1971455711116, 680.0904073082277, 695.215753734975, 764.3418842011536, 821.4973956735531, 895.0124396939918, 938.2805064401872]
    Predicted:   [912.0884359123285, 900.017323083426, 926.0015601042785, 911.6709690129078, 956.5508364711238, 922.9925296099755, 977.1874968126892, 997.6860542632714, 1028.4543427175615, 1009.2758888317427]
    Error Perc:  [-6.719049387684816, -6.702172500065201, -5.168442403912543, -5.505484116828488, -0.18955370082076486, -5.581718868451294, -0.41591726055745737, 1.2372685126727083, 6.390386548742815, 2.8381184932535253]
[test.py] Result for the experiment 2: 
    Baseline throughput: 968.8189379009949
    Groundtruth: [981.6210357265148, 990.8975224620211, 980.0326674289034, 974.1836581446338, 973.4003746618042, 984.0159584264082, 958.036917210126, 970.2055455639209, 956.6306359310968, 969.8456558527906]
    Slowdown:    [560.7822977543639, 557.7745628814004, 614.7114590514572, 632.7884016688449, 662.8081099228475, 744.3143905460499, 789.4709288531069, 843.9768662565052, 918.0972448372208, 951.0169337005319]
    Predicted:   [927.4259569054955, 863.6555463584037, 941.7885223290995, 921.3727290429669, 922.7115630124309, 1011.5843670181846, 1018.6400043078287, 1031.0377415489447, 1059.053638405913, 1024.027801125967]
    Error Perc:  [-5.520977734641622, -12.841083282504048, -3.9023337048689144, -5.421044446818906, -5.207395946090989, 2.801622103351092, 6.325756973351643, 6.270031774521126, 10.70664043443759, 5.586677111579546]
[test.py] Result for the experiment 3: 
    Baseline throughput: 968.5694785124466
    Groundtruth: [982.6232837094859, 982.9905828457736, 974.6293977806373, 966.2186878264696, 988.20704592859, 956.6151988756662, 960.7474730630128, 975.2984158660619, 975.6457776535591, 993.0408010984273]
    Slowdown:    [551.1866055481562, 565.6381098563389, 601.9021280956973, 629.9119922003352, 657.8051000780569, 707.096075035197, 775.7704469647006, 814.9259348706813, 891.2399303117219, 963.8613384018303]
    Predicted:   [901.4713454712244, 882.6555167856478, 912.0511992709427, 915.2871063728427, 913.0442870990153, 944.0508499773628, 995.9453942561262, 988.0101205087677, 1023.4761767049532, 1038.9355310698506]
    Error Perc:  [-8.258702962126659, -10.20712383323695, -6.420717315955545, -5.271227114039641, -7.605972770508473, -1.3134172353806077, 3.663597582088554, 1.3033656607980748, 4.9024348946014875, 4.6216358804852735]
[test.py] Result for the experiment 4: 
    Baseline throughput: 965.7450648027915
    Groundtruth: [969.1996116998675, 948.446075434469, 960.8822378702296, 975.794103833653, 980.27878810143, 965.1314708423256, 966.3468618229924, 961.9656806718849, 970.7390197934841, 949.4864485941184]
    Slowdown:    [562.4440223192693, 577.3114264093457, 594.9666461326324, 627.4753584250036, 684.9521785653207, 741.4171843793649, 782.8481646511311, 816.2920381088794, 917.1809768548349, 969.5947156506239]
    Predicted:   [931.9797275303677, 911.4130704893988, 896.2207814800994, 910.1515821622874, 966.1967025518162, 1006.2403947672254, 1007.6410300998374, 990.0188649332234, 1057.834608061501, 1045.599912655811]
    Error Perc:  [-3.840270231249926, -3.904597836846538, -6.729384084927058, -6.72708734490939, -1.4365388418622715, 4.259411817648194, 4.273224233268003, 2.916235456731135, 8.972091004083236, 10.122678865401978]
