[test.py] ++++++++++++++++++++++++++++++++ Summary: 
[test.py] Result for the experiment 0: 
    Baseline throughput: 467.5763586823602
    Groundtruth: [466.89117264880076, 468.8312062349183, 481.3009902677631, 477.1881872171622, 468.96159785439755, 467.4956771405197, 472.02295461789004, 472.8338008930672, 467.70939728999764, 446.31756238798437]
    Slowdown:    [339.78479178062287, 349.03029839309175, 362.99725087662017, 369.57572438897745, 382.7344719344196, 397.1542379734244, 421.5170124345253, 429.0517263125483, 433.0824013298554, 466.05090894287434]
    Predicted:   [467.41436800801057, 467.0778362590043, 473.8815896907629, 467.1379161750673, 470.1087340640815, 473.52891531664295, 488.81266968711765, 479.9359635841869, 466.97998396828535, 486.0082271351187]
    Error Perc:  [0.11205938125614547, -0.3739874719507085, -1.541530295392194, -2.1061441400520553, 0.24461197141350938, 1.2905441635366748, 3.556970038209084, 1.5020420870304654, -0.15595438662097744, 8.89292021913115]
[test.py] Result for the experiment 1: 
    Baseline throughput: 478.63258356346813
    Groundtruth: [469.124911893577, 458.4561348683048, 476.1825228085774, 478.408860926263, 480.72313161651925, 461.7727956918445, 473.4241363785808, 482.7007415417737, 467.34979673277803, 472.4607361505223]
    Slowdown:    [343.535312236293, 347.78491527098697, 352.6846072359393, 378.3874330873853, 378.8661221763777, 390.3901835451411, 406.5955635046795, 427.92436833689504, 446.96894241332035, 454.66059475777814]
    Predicted:   [474.5411279976077, 464.85026580254413, 456.45749013391395, 481.30516870251546, 464.2860088171512, 463.94458836053906, 468.8592121455071, 478.5257859915387, 483.1660333698741, 473.63445990032756]
    Error Perc:  [1.1545360237145939, 1.3947094275608523, -4.142326047231431, 0.6054042917693498, -3.419249401229195, 0.4703162873509425, -0.964235636144934, -0.8649159180696382, 3.384239545553826, 0.2484277866915352]
[test.py] Result for the experiment 2: 
    Baseline throughput: 460.68099511632647
    Groundtruth: [472.4613374478652, 481.3553358530801, 469.5740175656781, 468.43376786557354, 475.89987416433996, 479.1033116791712, 476.5330367860303, 470.6824479235101, 476.17942769399315, 471.74668281074236]
    Slowdown:    [337.72769625027667, 347.4896263487484, 360.9193667448647, 370.17059821003085, 384.7850387438733, 395.18750242839633, 414.26142706293626, 420.86924887925477, 444.0535330179904, 462.80411509221]
    Predicted:   [463.53050214522926, 464.3228808448819, 470.34653942460125, 468.08872411125606, 473.20620268161645, 470.73568217042384, 479.0821662415177, 469.72066812774256, 479.7611024792594, 482.47846291528816]
    Error Perc:  [-1.8902785465745011, -3.5384369382781338, 0.16451546082723606, -0.0736590267370529, -0.566016430967436, -1.746518820631886, 0.5349323674765454, -0.2043372978981018, 0.7521691566163086, 2.2749031409408413]
[test.py] Result for the experiment 3: 
    Baseline throughput: 470.09959579984707
    Groundtruth: [471.4242340730693, 467.6610717459515, 477.4734487683687, 474.79210181795554, 472.94093422050474, 476.2032188783956, 468.12226358765093, 480.7394243471094, 467.02594817184206, 467.5789876946478]
    Slowdown:    [337.7616446303511, 344.8008589385917, 356.5531826448514, 369.4495037988368, 379.5113285471721, 403.13848754926687, 408.8105114196758, 422.97619038209086, 441.1120743068949, 458.39994564981043]
    Predicted:   [463.5944548030119, 459.534581021227, 462.9585276166524, 466.93627722959326, 465.25532413985144, 482.06079156563305, 471.806927853104, 472.3466387368886, 476.32939000177646, 477.6938170187445]
    Error Perc:  [-1.6608775502287354, -1.7376880856012542, -3.0399430982303173, -1.6545819861540907, -1.6250676404910118, 1.2300573484223454, 0.7871157926166794, -1.7458076423873432, 1.9920610121027367, 2.1632343604589317]
[test.py] Result for the experiment 4: 
    Baseline throughput: 477.96854763819897
    Groundtruth: [473.88729929317935, 469.8547091775546, 467.6358808044423, 479.4417792242642, 475.75695399369584, 476.1624803874999, 470.94308675460707, 472.97576548740597, 476.0527425141131, 466.35016704998174]
    Slowdown:    [338.59111871517166, 346.7661209239783, 363.5053051032023, 378.5649314676925, 384.93914156680415, 392.78303784911856, 410.3055816981472, 426.66920620178195, 448.47521133013873, 450.7450285696848]
    Predicted:   [465.1585246588006, 463.03197562808054, 474.7478108473453, 481.5923905368263, 473.4392880794002, 467.3279821047031, 473.79939396437965, 476.95677538681736, 484.9266271007557, 469.3867928591154]
    Error Perc:  [-1.8419515879404305, -1.4520943211182709, 1.520826423898189, 0.44856568737955543, -0.48715334475727445, -1.8553537178333135, 0.6065079390922047, 0.8416942663666757, 1.8640549237838941, 0.6511471472911957]
