[test.py] ++++++++++++++++++++++++++++++++ Summary: 
[test.py] Result for the experiment 0: 
    Baseline throughput: 1018.5364985169853
    Groundtruth: [1025.5707083057944, 1025.4323567297156, 1018.7198949170053, 1017.8174090148686, 1019.7992299585246, 1026.5616342696967, 1023.4257091663745, 1015.3176467899139, 1026.439970983825, 1020.3807925917498]
    Slowdown:    [591.3146521266336, 618.578729926806, 648.088646634433, 679.5537696580465, 711.7921253449562, 752.234861564902, 791.0541896642599, 844.1215273954867, 900.9410678568428, 950.8683472377227]
    Predicted:   [1021.5231870951386, 1025.2073957718253, 1027.93718031756, 1028.3863425357456, 1023.7847136362499, 1028.536381928883, 1022.4539057330215, 1031.367129665635, 1035.3104938230463, 1021.8328902665921]
    Error Perc:  [-0.39466037571822987, -0.02193815676030833, 0.9047909485762663, 1.0383918989071408, 0.39081061846725906, 0.1923652310064293, -0.09495593325914838, 1.5807351449533213, 0.8642027873017184, 0.14230938933631018]
[test.py] Result for the experiment 1: 
    Baseline throughput: 1015.8257848112879
    Groundtruth: [1022.6218918318368, 1021.9611857991927, 1012.8534200872673, 1026.1843836940866, 1015.2425985641933, 1028.881375411195, 1024.0414925228106, 1023.8787334410172, 1024.0836766483185, 1022.1511330305746]
    Slowdown:    [594.9267082086884, 614.3800425769977, 647.2350235084457, 676.6434300828276, 718.0720343924551, 747.4712731489926, 793.8874359012182, 834.9298888759978, 894.9917931769731, 954.6789669414126]
    Predicted:   [1032.3511825927994, 1013.7255011532584, 1025.7913501029145, 1021.7358333932007, 1036.8267983231065, 1019.651377752623, 1027.1921186630311, 1017.6784420437054, 1027.4620242490414, 1026.2348340610984]
    Error Perc:  [0.9514064620242384, -0.8058705908183599, 1.2773743721507596, -0.4335039951467507, 2.1260139979782817, -0.8970905567109881, 0.3076658673721034, -0.6055689208890979, 0.329889800780711, 0.3995202762644344]
[test.py] Result for the experiment 2: 
    Baseline throughput: 1017.1174897967541
    Groundtruth: [1036.0860414803913, 1034.1303942899406, 1024.6810243221298, 1025.0570650869786, 1022.716358426135, 1013.772922506672, 1015.9026802312785, 1020.7987229399657, 1019.7927755585246, 1029.1173113528112]
    Slowdown:    [590.1795952287919, 616.3944330475468, 647.000229333275, 677.9373870249123, 713.6558429131445, 753.6767152907166, 794.5889051769682, 837.9475219129167, 899.6303553814291, 948.9251589962653]
    Predicted:   [1018.1404307733071, 1019.2213748762531, 1025.2017069941612, 1024.6890894769015, 1027.6447352507769, 1031.2338696492805, 1028.366764487056, 1022.1651856887954, 1033.5800333836016, 1019.589175658965]
    Error Perc:  [-1.7320579554805031, -1.441696278922773, 0.05081412260716472, -0.035898060957795214, 0.48189087658930035, 1.722372609778749, 1.2268974674759032, 0.13386211386454225, 1.3519666108171826, -0.9258551565244847]
[test.py] Result for the experiment 3: 
    Baseline throughput: 1016.4218707762905
    Groundtruth: [1026.6745117432795, 1026.1077336418773, 1019.6667133950183, 1030.301502022469, 1028.535231477961, 1017.7680223864692, 1025.1987181120269, 1016.6018387086843, 1033.4458338162003, 1024.1079032858356]
    Slowdown:    [587.4872479008227, 615.6598982364211, 611.7579448774892, 681.367073262389, 716.8020350296496, 752.4825374787214, 798.1219113960271, 846.184442230544, 900.7037603796538, 950.1645916675388]
    Predicted:   [1010.1541643621212, 1017.2146218524036, 939.4463419955765, 1032.5447855491277, 1034.1811076053807, 1028.9994754482236, 1034.2922504586522, 1034.4484256341495, 1034.9971343516843, 1021.0202153962115]
    Error Perc:  [-1.6091124491935622, -0.8666840233149882, -7.867312950948949, 0.2177307829072439, 0.5489239410211467, 1.1035376249510045, 0.8870019232341326, 1.7555139333738006, 0.1501095156342622, -0.3015002500925276]
[test.py] Result for the experiment 4: 
    Baseline throughput: 1018.3019731860088
    Groundtruth: [1020.6743587833423, 1014.761024634903, 1014.9426582137335, 1028.3450920202715, 1016.2315229975385, 1024.1014270053306, 1022.6742084287504, 1014.0715804861422, 1023.1919959220171, 1020.8728557347272]
    Slowdown:    [590.4524713677879, 617.381123833754, 647.9490781679086, 674.8011755272659, 709.911874335198, 751.2775509970841, 799.2951375864436, 848.465921909795, 898.3425165087001, 971.7614503957504]
    Predicted:   [1018.9528088246151, 1021.921943800795, 1027.586107814219, 1017.5410984531684, 1019.8994168820701, 1026.7474974489658, 1036.2633963679186, 1037.8600783378085, 1031.8805027688127, 1046.0005547725443]
    Error Perc:  [-0.16866789529026027, 0.7056754242673424, 1.2457304359181902, -1.0506194516743177, 0.3609309297661402, 0.2583797242986734, 1.3287895428639835, 2.345840107289289, 0.8491570381144551, 2.461393590461626]
