[test.py] ++++++++++++++++++++++++++++++++ Summary: 
[test.py] Result for the experiment 0: 
    Baseline throughput: 1700.3875842204627
    Groundtruth: [1681.690946132254, 1671.475763606651, 1680.3725377514334, 1689.2741165893497, 1675.8688274844496, 1682.3473885641745, 1676.7509086234577, 1672.701477389535, 1714.849250496197, 1684.2842447777875]
    Slowdown:    [1111.50345639367, 1142.78210288663, 1190.0203790246144, 1217.82674889169, 1283.7014967831083, 1344.543961612732, 1399.9066034810655, 1461.3975223941359, 1546.2123291820724, 1610.905232388333]
    Predicted:   [1736.4206748229963, 1714.464637039854, 1722.5438540555767, 1685.3463078033487, 1714.6414778975, 1724.2520884141293, 1716.5956573627432, 1710.8888300580754, 1727.2448685794982, 1709.4485183392362]
    Error Perc:  [3.254446295058903, 2.5719112636394534, 2.509640889547881, -0.23251458999035535, 2.3135850358437486, 2.490847023320137, 2.3763069716775256, 2.2829747677473584, 0.7228401026920808, 1.4940633470550972]
[test.py] Result for the experiment 1: 
    Baseline throughput: 1687.7498799403304
    Groundtruth: [1697.1195140518898, 1687.046451400594, 1689.3380407019392, 1664.4882503306271, 1692.972138291953, 1694.9940247752827, 1676.4137904732129, 1679.3447045821697, 1691.8492613486578, 1684.3878125656613]
    Slowdown:    [1101.1654080862222, 1124.1841628658992, 1192.9008946808901, 1236.3844610119104, 1271.1431827598028, 1336.4224627190545, 1402.231265445358, 1475.5578952985247, 1539.9999095250055, 1607.6192309641935]
    Predicted:   [1711.3213695212912, 1672.943078582266, 1728.585742341742, 1721.096616071267, 1692.3095636115368, 1710.918486165208, 1720.0923775611368, 1730.3290221717111, 1719.496217699398, 1705.7486554836014]
    Error Perc:  [0.8368211756339015, -0.8359801122618297, 2.3232592112526413, 3.4009471517383996, -0.03913677404547263, 0.939499559123015, 2.6054776771786434, 3.0359650076859364, 1.634126454546034, 1.2681665563349827]
[test.py] Result for the experiment 2: 
    Baseline throughput: 1678.7939066118638
    Groundtruth: [1679.6665861826427, 1699.5741217787984, 1682.237049763316, 1698.6613242918688, 1687.3587113911499, 1679.5863422379089, 1681.1336270708075, 1681.611091889946, 1686.2796446907612, 1685.556860422376]
    Slowdown:    [1084.975711360765, 1144.1237286863604, 1174.195808335255, 1238.2521887713294, 1277.6188557442706, 1333.6996895238815, 1391.7912084933503, 1470.5044111364168, 1537.9513083270074, 1608.6789516384056]
    Predicted:   [1672.5355416154594, 1717.4860962791574, 1689.583865420252, 1724.7179975584245, 1703.8066885636351, 1706.458487832263, 1704.4091744425718, 1723.3839134304624, 1716.9426278148155, 1706.941743742555]
    Error Perc:  [-0.424551195210117, 1.0539095806902579, 0.4367289174834043, 1.5339534075409684, 0.9747765582651154, 1.5999264175099956, 1.3845150080258308, 2.484095266853188, 1.818380671355223, 1.2687132556786114]
[test.py] Result for the experiment 3: 
    Baseline throughput: 1683.5667658280477
    Groundtruth: [1691.979723188099, 1686.8082820937207, 1678.9339197737588, 1682.666175300099, 1672.6422682869063, 1691.2960061979234, 1673.6973812033657, 1679.6778890110634, 1671.4751175334293, 1668.6683734363014]
    Slowdown:    [1083.2418558153636, 1136.5044402234037, 1175.3919414217567, 1232.504056074559, 1291.5503554939885, 1325.5076356654374, 1405.3080099640556, 1457.6384839007385, 1529.8674638525547, 1606.5397251939496]
    Predicted:   [1668.418854050681, 1700.3738144302984, 1692.0615852040887, 1713.586503672746, 1728.6734074917663, 1693.0702560348673, 1724.7244116760223, 1705.7389993746979, 1706.8738037681655, 1704.5333908556534]
    Error Perc:  [-1.392503043300282, 0.8042130502074435, 0.7819048311382553, 1.8375794810953756, 3.3498579025057276, 0.10490474940176013, 3.0487608480314936, 1.5515540529606175, 2.1178111395982713, 2.149319660532359]
[test.py] Result for the experiment 4: 
    Baseline throughput: 1675.6961554000395
    Groundtruth: [1673.8058146110045, 1694.569716393317, 1708.2679742888588, 1693.4178351655444, 1682.677553926976, 1678.4978560389525, 1703.2469646249551, 1677.1558263193192, 1687.4428319416518, 1674.5994536033172]
    Slowdown:    [1103.5084893735718, 1139.7412287349307, 1177.3185259333359, 1236.6939173974877, 1280.4966995477678, 1332.7370112637852, 1399.5822684298196, 1461.9207517064933, 1537.6598262844186, 1608.1249710097784]
    Predicted:   [1716.987123712614, 1707.629441806993, 1696.057056377011, 1721.696331871086, 1708.928595441307, 1704.882804597852, 1716.10800647509, 1711.606005584735, 1716.5793585795234, 1706.3180317664162]
    Error Perc:  [2.5798278823427854, 0.7706809160659392, -0.7148127867310297, 1.6699066301482008, 1.5600755743765073, 1.5719381745988548, 0.7550896679840408, 2.0540833907496823, 1.726667480897456, 1.8940993976110867]
