[test.py] ++++++++++++++++++++++++++++++++ Summary: 
[test.py] Result for the experiment 0: 
    Baseline throughput: 3215.7685855747372
    Groundtruth: [3250.361887166613, 3262.972231616863, 3312.7011404843265, 3254.7520244099887, 3335.7208755500083, 3260.419884208633, 3291.8925213551242, 3174.0962009044188, 3218.410531234664, 3232.206872875809]
    Slowdown:    [2319.663656888574, 2369.0051214929476, 2483.9103928083837, 2504.497176875996, 2588.7858489199143, 2706.684271843399, 2808.2699337142985, 2932.2662620921164, 3018.0599955619427, 3140.4303696810603]
    Predicted:   [3350.959590212828, 3306.406783093517, 3379.337236777614, 3272.1791009233903, 3272.182045393959, 3313.6642507569036, 3317.6725365970387, 3340.480290915748, 3303.997415613221, 3303.025937155679]
    Error Perc:  [3.0949693153677553, 1.3311345728226163, 2.0115335935056695, 0.5354348467318534, -1.9048005671509516, 1.633052442298978, 0.7831366022637344, 5.241935955309738, 2.6592904649029867, 2.1910436758913185]
[test.py] Result for the experiment 1: 
    Baseline throughput: 3211.4379859884157
    Groundtruth: [3282.948486619225, 3268.7115862546593, 3280.491786724977, 3231.842830312213, 3267.822612621728, 3259.290138015456, 3252.643316495957, 3239.487014273342, 3258.425391996721, 3284.0132020614733]
    Slowdown:    [2305.849058515344, 2414.893347593681, 2461.807177260349, 2520.6099245865016, 2637.119631135529, 2716.5522089839537, 2785.036181623489, 2963.69856392319, 3008.710857282891, 3186.041696444541]
    Predicted:   [3322.2069163073993, 3396.4857495982487, 3338.556435323138, 3299.7378770723903, 3349.785175136295, 3328.46635275207, 3285.293985148254, 3381.3344043146503, 3292.796131754816, 3353.5205489277187]
    Error Perc:  [1.1958283795248463, 3.909006957998244, 1.769998292119759, 2.100815241489269, 2.5081704924249193, 2.1224319347873393, 1.0038195238533227, 4.378699140213297, 1.0548266608318204, 2.116536767349581]
[test.py] Result for the experiment 2: 
    Baseline throughput: 3213.7375066205504
    Groundtruth: [3245.00431585574, 3258.2502817215554, 3239.9204858714356, 3243.079182879444, 3295.9465872079863, 3276.9426796572047, 3260.5406758970407, 3234.2748394986056, 3146.062025006081, 3227.9925705329997]
    Slowdown:    [2305.352596475404, 2376.395501126857, 2474.9144986647684, 2528.591814891402, 2646.991709638509, 2725.777607280388, 2805.9802172782724, 2938.861846767927, 2990.792508797509, 3092.747296895371]
    Predicted:   [3321.176443725779, 3320.820757454309, 3362.708130090904, 3313.4302481307805, 3365.730098274901, 3342.326559259053, 3314.4772721321738, 3349.042786010086, 3271.346363078636, 3250.3189019918955]
    Error Perc:  [2.3473659957198385, 1.920370454159625, 3.7898351133899006, 2.16926757825486, 2.1172524863647375, 1.995270775034972, 1.6542224617484333, 3.5484908428274493, 3.9822589979710497, 0.6916475478507463]
[test.py] Result for the experiment 3: 
    Baseline throughput: 3269.7849270353627
    Groundtruth: [3266.478054779653, 3236.9040728102727, 3218.6801250948083, 3276.0531144034394, 3265.7418657207772, 3248.0246427629645, 3281.2187611311506, 3251.570162909355, 3251.0547589985995, 3232.7525026707085]
    Slowdown:    [2315.2254725736943, 2360.8293670293324, 2482.2263286519787, 2549.363971929463, 2620.5082482298712, 2733.0314574824606, 2817.0242564979458, 2941.399670916205, 3022.976491804418, 3155.9193182125478]
    Predicted:   [3341.7056984854134, 3290.5024397738816, 3376.2209047833117, 3349.189512883829, 3323.0279314205127, 3353.239630824245, 3329.897780670996, 3352.338859775689, 3309.8905508148155, 3320.1646610762423]
    Error Perc:  [2.3030200247536934, 1.655852807435066, 4.89457708022051, 2.232454600898853, 1.7541516768684324, 3.2393531340876276, 1.483565195850091, 3.099078039766813, 1.809744719105832, 2.703954550597951]
[test.py] Result for the experiment 4: 
    Baseline throughput: 3282.078279249025
    Groundtruth: [3250.0015335944745, 3285.1374243820396, 3297.0238281063657, 3221.9296128396477, 3262.337861043696, 3221.7943433225, 3237.1226099236305, 3179.7800963453496, 3148.8640846742146, 3181.430562464396]
    Slowdown:    [2291.20542135862, 2399.854664801499, 2400.0757343897985, 2502.6103398943696, 2629.124650858408, 2645.5682160508572, 2760.8636533680465, 2847.4626029388874, 2997.1433290323703, 3044.7248191980557]
    Predicted:   [3291.8940791108394, 3366.811787477412, 3226.0299972802545, 3268.9590173672646, 3336.8956780256053, 3222.525388011694, 3251.709992992565, 3230.8626213385796, 3278.9460696779734, 3197.320325834918]
    Error Perc:  [1.289000792255998, 2.4861779750579545, -2.1532701772096767, 1.4596657959317583, 2.285410652042532, 0.0226906068883319, 0.45062806778512565, 1.6064798019190447, 4.131076524924612, 0.4994534080986949]
