[test.py] ++++++++++++++++++++++++++++++++ Summary: 
[test.py] Result for the experiment 0: 
    Baseline throughput: 1266.5699608837283
    Groundtruth: [1257.2549405227655, 1272.855826826501, 1271.1746008446207, 1263.6716437690682, 1275.5289546826564, 1297.9565961042838, 1270.439999981261, 1290.2038194645534, 1265.0126162870754, 1273.4437917947732]
    Slowdown:    [789.4336243493223, 819.6899484859192, 849.430375175771, 887.2399829552326, 931.4552664707808, 969.9146008986005, 1042.0297353344768, 1086.384619944297, 1142.4452179131783, 1220.043769680259]
    Predicted:   [1278.6563776491153, 1275.9765193843923, 1266.7856621778437, 1269.6304305783378, 1277.9081359443148, 1268.4582778346503, 1306.4969923377707, 1290.9483782824075, 1285.5858292895166, 1297.7192033470512]
    Error Perc:  [1.7022352775524605, 0.24517250831713092, -0.34526639093172584, 0.4715455030308979, 0.18652506890761916, -2.272673705590034, 2.838149960410686, 0.05770861988016063, 1.6263247289047138, 1.9062805683841442]
[test.py] Result for the experiment 1: 
    Baseline throughput: 1269.8016439677451
    Groundtruth: [1273.4464472670722, 1261.0079790043433, 1266.0662822098143, 1281.0780425457388, 1259.4709460046859, 1282.4110970110012, 1265.2186329032743, 1105.5972137291822, 1271.9987108929065, 1247.3829418620771]
    Slowdown:    [788.6934601247456, 824.3650997615731, 860.0319917925427, 882.1848282084819, 933.7411938211474, 977.7863263463432, 1022.8662256169788, 1100.9280541383573, 1148.525130785069, 1210.6899289840312]
    Predicted:   [1276.715705024316, 1287.341347247777, 1290.510006408915, 1259.304201843985, 1282.2147336073476, 1281.9554127414497, 1276.511630712334, 1311.536353275301, 1293.289867369729, 1287.1415659674817]
    Error Perc:  [0.2567251857555505, 2.088279271969866, 1.9306828198944006, -1.69964982449352, 1.8058207436074631, -0.03553340037477876, 0.8925728340836898, 18.626958985495783, 1.6738347527000894, 3.1873631401479177]
[test.py] Result for the experiment 2: 
    Baseline throughput: 1270.8878156982637
    Groundtruth: [1261.5449199206373, 1253.1435890145171, 1264.1443931008687, 1248.8054492937024, 1263.3524809404132, 1274.0218410660302, 1291.6662364476258, 1260.239634093833, 1279.5436737805323, 1268.7689083738312]
    Slowdown:    [783.4935421744511, 816.118029111277, 852.1387983486978, 897.6162672393025, 920.8071069964333, 989.0508424614535, 1026.8845565085842, 1066.7434081874517, 1138.6194938887588, 1196.1182374838934]
    Predicted:   [1263.1450671662787, 1267.3420511997635, 1272.8188679550583, 1290.985887111724, 1257.950591710475, 1301.387957097371, 1282.7760505198255, 1263.308072146166, 1280.7434049479155, 1270.6839551689993]
    Error Perc:  [0.1268402908508483, 1.133027556436066, 0.6861933574622482, 3.377662857082977, -0.4275836958753706, 2.1480099594244355, -0.6882726881713905, 0.24348052301492343, 0.09376242421162441, 0.15093739943727075]
[test.py] Result for the experiment 3: 
    Baseline throughput: 1267.529888849908
    Groundtruth: [1274.348245143218, 1284.6881559612707, 1286.477000022473, 1272.123954931288, 1274.6801275862392, 1293.9135141252375, 1256.7104114208335, 1270.6007865876525, 1258.108509342714, 1295.9714589501568]
    Slowdown:    [782.8348200426656, 816.9252951737453, 861.0970393503263, 891.59621584499, 928.9742625009773, 965.7483407945542, 1041.6137247503314, 1085.0279803285782, 1149.1923364931122, 1212.9980902785505]
    Predicted:   [1261.433813474463, 1269.2898137858235, 1292.9095675695874, 1278.5697305280844, 1273.242910062243, 1261.34191754291, 1305.843083839199, 1289.033183621528, 1294.135929583541, 1289.7507530068706]
    Error Perc:  [-1.0134146390497538, -1.1986054439744815, 0.5000141896825177, 0.5066939877839676, -0.11275123012372847, -2.517293175065703, 3.909625636252683, 1.4506835843678247, 2.8636178813899926, -0.4800033133696887]
[test.py] Result for the experiment 4: 
    Baseline throughput: 1260.0840986427854
    Groundtruth: [1266.4472615385278, 1274.971695229937, 1268.7928542220848, 1279.145960291568, 1275.4697152391097, 1285.7691019543295, 1280.057151991722, 1272.314963159524, 1275.8739868384348, 1262.146712612278]
    Slowdown:    [796.6068094816384, 822.4349057164736, 854.6223910521634, 891.0001930463293, 934.9192813189005, 979.0883375598945, 1035.9232813864423, 1079.774823488366, 1144.6608749354186, 1192.8236745678812]
    Predicted:   [1297.5815974252932, 1282.640474464103, 1278.367912799201, 1277.3444111878955, 1284.4372786759036, 1284.194404944765, 1296.9118130444556, 1281.6256857908957, 1288.392163963428, 1266.9664626058811]
    Error Perc:  [2.458399716458964, 0.6014862339969695, 0.7546589299627425, -0.1408399947775913, 0.7030792914681413, -0.12247121253504982, 1.3167116035802193, 0.7317938482976272, 0.9811452583975547, 0.38186923480771073]
