[test.py] ++++++++++++++++++++++++++++++++ Summary: 
[test.py] Result for the experiment 0: 
    Baseline throughput: 1431.7815723429699
    Groundtruth: [1423.5123546325865, 1435.2385730700228, 1443.5500649326864, 1436.255407827012, 1434.5505713102134, 1436.0312519173262, 1444.47927244468, 1449.0371637097192, 1439.912202793347, 1421.8770410322875]
    Slowdown:    [929.4966129840544, 947.4983130976908, 989.0119657961584, 1032.0408299089252, 1086.8689519988402, 1132.4954405379658, 1182.9789469746913, 1230.2773091190152, 1293.8387125567322, 1385.9191000562041]
    Predicted:   [1481.654560684607, 1439.9245133973097, 1448.897152915283, 1453.4378556210427, 1472.441508641483, 1466.1127912458255, 1461.147543455281, 1445.3062685281484, 1445.1621742024136, 1469.2640880432996]
    Error Perc:  [4.084418787290911, 0.3264920839790133, 0.3704123682642011, 1.1963365081442492, 2.6413106717222865, 2.0947691276450784, 1.153929400620003, -0.25747408520697934, 0.36460357783494934, 3.3327106102373625]
[test.py] Result for the experiment 1: 
    Baseline throughput: 1438.4708177739865
    Groundtruth: [1426.7935291810177, 1433.6306471237601, 1424.0023390662423, 1458.5133134963976, 1435.1866137274164, 1452.3831860684863, 1428.3264450802678, 1439.4404117821582, 1440.0774934500776, 1442.3348444344963]
    Slowdown:    [914.6881927709024, 948.9663624104554, 1000.4247365745673, 1019.901874348255, 1071.594659032912, 1125.6242377853061, 1184.3654463808966, 1233.2045916553996, 1307.1108915709442, 1386.6423116811043]
    Predicted:   [1444.3796870854321, 1443.317741502532, 1473.5234859520858, 1429.4771427364287, 1444.5467223650176, 1454.6175242318823, 1463.2633380705872, 1449.347921611982, 1461.7403398263075, 1470.0769241639316]
    Error Perc:  [1.2325650169235727, 0.6757036338618161, 3.4776029173039107, -1.9908060139925883, 0.6521875655801561, 0.15383944022680068, 2.4460019703938225, 0.6882889870763992, 1.504283378829218, 1.923414652047202]
[test.py] Result for the experiment 2: 
    Baseline throughput: 1443.0181012190617
    Groundtruth: [1426.3806861351109, 1444.4763774034711, 1424.7460363476223, 1432.1970610063136, 1432.880483994071, 1439.5681612221329, 1428.9022577182577, 1439.9116714983352, 1402.5374532286633, 1429.042821312798]
    Slowdown:    [929.601774693452, 960.9792224520111, 994.9253397764863, 1038.3997838778528, 1074.5190368844105, 1141.0533331465808, 1178.0876087648217, 1245.6849085491324, 1316.3226601367192, 1378.8970560961523]
    Predicted:   [1481.921790632774, 1471.2909389922224, 1461.623873075433, 1466.0816915196067, 1449.8659463007712, 1480.4874164306493, 1453.6926787739217, 1466.6170998974135, 1473.2701150057674, 1461.3744840800057]
    Error Perc:  [3.8938486084073434, 1.856351686204243, 2.5883796681651523, 2.365919567624623, 1.1854067730306537, 2.8424673670038474, 1.7349276986412308, 1.8546574020953186, 5.043192366398231, 2.2624698354039565]
[test.py] Result for the experiment 3: 
    Baseline throughput: 1420.1336033291338
    Groundtruth: [1438.3286132482326, 1447.6495757911734, 1434.8162742421737, 1464.7654694430516, 1439.3876557035107, 1447.7615073513712, 1436.558488545098, 1442.9595779134006, 1435.7474867980552, 1457.2624541520186]
    Slowdown:    [921.2020147885626, 964.3407871853575, 988.2080774139479, 1045.0811563650557, 1069.4956394924848, 1131.3751878135845, 1178.2825094919494, 1256.9396225752828, 1300.5912626067632, 1376.1035016983355]
    Predicted:   [1460.6894329965144, 1479.1853201950862, 1447.1724922248625, 1479.4355043697994, 1440.7349880726952, 1464.2358472499645, 1453.9894489801648, 1482.2431073981663, 1453.5917529963135, 1458.2371276578333]
    Error Perc:  [1.5546391514650786, 2.1784100884136794, 0.8611707439138843, 1.0015279055100743, 0.09360455217506337, 1.137918076626626, 1.213383274962946, 2.722427577740735, 1.2428554716159634, 0.06688386865644583]
[test.py] Result for the experiment 4: 
    Baseline throughput: 1424.0815157076324
    Groundtruth: [1444.7454310693265, 1446.8443754476511, 1454.1382165281968, 1431.1862953822354, 1440.4052969212319, 1433.1597406654455, 1447.2503261401223, 1436.1744978943213, 1438.811773124095, 1459.3053637151709]
    Slowdown:    [923.4830407274434, 944.295662465812, 986.3962152371781, 1042.7879896267623, 1074.4835704578668, 1136.0816734795471, 1178.1943905870517, 1227.457569131676, 1302.0931562528958, 1372.6638708649307]
    Predicted:   [1466.4327987418962, 1432.5408842467843, 1443.2901010216478, 1474.8442453863556, 1449.801374946318, 1472.128761214228, 1453.8552697982834, 1441.4162750924222, 1455.4680492788368, 1454.3752265359851]
    Error Perc:  [1.5011203500756432, -0.988599150232818, -0.7460168079791774, 3.0504728940588604, 0.6523218183916432, 2.7190981886421395, 0.4563787990828637, 0.3649819159013204, 1.1576410803600814, -0.3378413662946023]
