[test.py] ++++++++++++++++++++++++++++++++ Summary: 
[test.py] Result for the experiment 0: 
    Baseline throughput: 685.4049379870244
    Groundtruth: [711.2379358987831, 704.8509445540107, 705.8405215102694, 714.0735866130625, 694.6282737168472, 709.6574047268078, 703.2787395483274, 718.2212138396379, 711.6076709438958, 713.7496086700485]
    Slowdown:    [545.6404575593554, 563.3518383732027, 574.6281976887498, 587.1940371796071, 600.3120722307492, 618.6644626538963, 627.4912087305111, 655.8376422105533, 676.5022826159488, 701.0920354143847]
    Predicted:   [702.245378685557, 710.7903424862857, 707.9391880060516, 706.3096775669394, 704.6743338757565, 709.1292964354627, 700.3081513435245, 714.5089377230838, 717.6244041598212, 723.5150499111655]
    Error Perc:  [-1.2643528641174613, 0.8426459492131545, 0.2973287069566068, -1.0872701625820196, 1.4462498200878604, -0.07441735798535386, -0.42239129917544577, -0.5168708532999379, 0.8455126977404133, 1.3681886648334989]
[test.py] Result for the experiment 1: 
    Baseline throughput: 711.7307185687159
    Groundtruth: [711.1466779269632, 719.013878936164, 642.3327263610236, 646.3513560881679, 639.8471354005758, 660.2369981776882, 629.6797578229613, 699.8645460286848, 713.537347396548, 702.2775704342266]
    Slowdown:    [542.1837437732612, 561.7587669872561, 543.6759010947247, 540.4839394555565, 547.3920845243445, 564.8546597540412, 594.0922993900963, 649.4917951995029, 668.4952742105362, 689.0844975825064]
    Predicted:   [696.5300773941996, 708.2561620001403, 661.539246861879, 639.7998757172745, 632.8556770729867, 639.3200039001716, 658.9633277064866, 706.9834182739296, 708.6208536611929, 710.7341566673256]
    Error Perc:  [-2.055356649541265, -1.4961765344419466, 2.9901201842330467, -1.0136097509788018, -1.0926763504554955, -3.168103928627036, 4.650549667464227, 1.0171785791465175, -0.6890310301617223, 1.204165787022096]
[test.py] Result for the experiment 2: 
    Baseline throughput: 705.2120001923995
    Groundtruth: [725.8724796664064, 707.3980197771862, 715.4868090191173, 680.661223070027, 680.6867518409715, 695.7891626984978, 700.5217074120302, 699.3020441123225, 703.6114201797567, 699.4145070021664]
    Slowdown:    [554.8208398377842, 560.4969924029152, 581.6204858425685, 574.7971764396369, 588.826432559876, 597.7590126694836, 630.0972777651332, 634.6837266267404, 671.7287106721154, 695.2578538869212]
    Predicted:   [717.5255310495025, 706.251650890822, 718.5822135793948, 688.4496229376473, 688.9005531234209, 681.7980523117651, 703.5557200410199, 689.4731039644772, 712.2551606748148, 717.3033647095873]
    Error Perc:  [-1.149919421210175, -0.16205429677697192, 0.43262915839370963, 1.1442402774895648, 1.2066932785505944, -2.010826143435543, 0.4331075820902631, -1.4055357381833355, 1.2284821205502592, 2.557690400803413]
[test.py] Result for the experiment 3: 
    Baseline throughput: 705.5685751821836
    Groundtruth: [702.1422179144627, 702.7904840833152, 694.1282937108779, 695.6496756233389, 685.3996353870992, 683.489697620954, 686.941212768865, 702.8916245362578, 696.3456584991633, 700.3282872010238]
    Slowdown:    [535.704344691809, 547.1391870113534, 565.4156326319073, 577.3420280802204, 584.70115184117, 607.8078140866633, 624.6442114412224, 636.3395812812375, 671.3206192368802, 677.4718486629512]
    Predicted:   [685.8727938564007, 685.1738988484625, 694.008059767176, 692.1035334113091, 683.2606041565347, 694.9019698316648, 696.7639243719548, 691.427623283749, 711.796359047736, 698.3868899686]
    Error Perc:  [-2.317112351737833, -2.506662459698904, -0.017321573661712684, -0.5097597736752078, -0.3120852594787988, 1.66970654428793, 1.4299202639913347, -1.6309770741787388, 2.2188262912234853, -0.27721245420243135]
[test.py] Result for the experiment 4: 
    Baseline throughput: 692.9431068113722
    Groundtruth: [699.9297274928159, 696.4251816411806, 705.4691109225441, 686.9804997107319, 696.6247438331218, 693.1932967341714, 705.1139788321875, 690.8908038146171, 688.8462768582024, 691.6919188976009]
    Slowdown:    [545.818993758669, 555.0283845852036, 557.542044951249, 582.0164885925988, 588.0789948283306, 595.1252760465346, 614.660542900999, 637.1187273973919, 644.1997805887758, 672.3577633139896]
    Predicted:   [702.5411334320918, 697.5910372108358, 682.1832865069224, 698.8318558186189, 687.8776846167834, 678.373824484688, 684.3646765326189, 692.3476078115798, 681.3806386611388, 692.9534306233886]
    Error Perc:  [0.3730954461142919, 0.16740571713787258, -3.3007574754294753, 1.7251371928136636, -1.255634298633776, -2.1378556773849513, -2.9426876962407835, 0.21085879113156622, -1.0837887127900254, 0.18238057888521947]
