        ubuntu-client-76886f6bbd-5kzzb   14m          24Mi
        [run.sh] Test finished with status 0
        > STDERR
        > No resources found in default namespace.
    [exp] Times: [16.936964, 17.046306, 16.1708, 16.918302, 16.886751, 16.878521, 16.899508, 17.217975]
    [exp] Throughput: 1185.5792629501211
[test.py] Finished running 9th optmization experiment: groundtruth->1248.26312962363, slowdown->1185.5792629501211, predicted->1281.7480274518703, err->2.6825191767329106
[test.py] Baseline throughput:  1199.239490284841
[test.py] Groundtruth:  [2220.899861429729, 2238.926855491041, 2193.634503172564, 2187.6922349094702, 2146.2688383884647, 1948.344990524955, 1667.2843434132656, 1472.4414408888615, 1365.6349820715598, 1248.26312962363]
[test.py] Slowdown:  [913.5381581805481, 954.8093508298964, 1024.1969473374702, 1087.20761351922, 1174.346325256397, 1176.815940448524, 1181.25163474152, 1176.9744025133584, 1185.7598834753762, 1185.5792629501211]
[test.py] Predicted:  [2112.5569274676286, 2048.9934831762266, 2087.291740792702, 2063.972731617859, 2090.9454365305337, 1857.1289999758462, 1674.2715568846106, 1509.7731769620996, 1392.648920083451, 1281.7480274518703]
[test.py] Error percentage:  [-4.878334941781358, -8.483232574078805, -4.847788554841878, -5.655251745076051, -2.5776548057917488, -4.681716584727216, 0.41907749562626073, 2.535363039680695, 1.9781228781144171, 2.6825191767329106]
[test.py] ++++++++++++++++++++++++++++++++ Summary: 
[test.py] Result for the experiment 0: 
    Baseline throughput: 1167.568505093521
    Groundtruth: [2227.0974622948224, 2224.996421927629, 2160.3619092279387, 2219.055999154096, 2138.241452764008, 1946.9164469612017, 1740.257099928108, 1493.0260566266709, 1365.3034612217637, 1298.7900001547182]
    Slowdown:    [919.5744602516038, 970.7519476135653, 1045.5029272905774, 1110.992227227574, 1151.146648543014, 1187.857874201085, 1156.6687341879317, 1165.9054445729355, 1193.430241112068, 1142.6467652641325]
    Predicted:   [2145.1193915132885, 2123.84444942014, 2177.7360354173925, 2151.410661818427, 2018.5136049330858, 1884.777674393796, 1625.3112483738378, 1491.6078691935973, 1403.2413559784327, 1231.7150363214287]
    Error Perc:  [-3.680937730361514, -4.546163378539544, 0.8042229459444095, -3.048383518102083, -5.599360524797395, -3.1916507081951884, -6.60510746136411, -0.09498745362005709, 2.7787151965995682, -5.164419484697236]
[test.py] Result for the experiment 1: 
    Baseline throughput: 1174.3310520411337
    Groundtruth: [2224.264715081977, 2240.7410444337693, 2172.5957597041197, 2201.944303057448, 2128.8173170454147, 1894.287890890154, 1707.2972102251395, 1503.3986534678413, 1398.7563133084757, 1273.8318615506541]
    Slowdown:    [914.0882973302994, 975.0255136754336, 1013.2664185700728, 1072.3058588399545, 1180.4193861869358, 1162.7238495031002, 1161.6374264012843, 1172.820460509713, 1161.838555779488, 1174.541826465835]
    Predicted:   [2115.5012095047614, 2144.407913562133, 2042.39073886089, 2010.920327977586, 2110.276564141605, 1822.275497964968, 1635.1389897267177, 1502.9448137075478, 1359.7676123156364, 1268.8570899027516]
    Error Perc:  [-4.889863371015493, -4.299163935562186, -5.993062458198022, -8.675241004716645, -0.8709414732468682, -3.801554836068036, -4.226459228437815, -0.030187585923841218, -2.7873833792120237, -0.3905359724513963]
[test.py] Result for the experiment 2: 
    Baseline throughput: 1199.239490284841
    Groundtruth: [2220.899861429729, 2238.926855491041, 2193.634503172564, 2187.6922349094702, 2146.2688383884647, 1948.344990524955, 1667.2843434132656, 1472.4414408888615, 1365.6349820715598, 1248.26312962363]
    Slowdown:    [913.5381581805481, 954.8093508298964, 1024.1969473374702, 1087.20761351922, 1174.346325256397, 1176.815940448524, 1181.25163474152, 1176.9744025133584, 1185.7598834753762, 1185.5792629501211]
    Predicted:   [2112.5569274676286, 2048.9934831762266, 2087.291740792702, 2063.972731617859, 2090.9454365305337, 1857.1289999758462, 1674.2715568846106, 1509.7731769620996, 1392.648920083451, 1281.7480274518703]
    Error Perc:  [-4.878334941781358, -8.483232574078805, -4.847788554841878, -5.655251745076051, -2.5776548057917488, -4.681716584727216, 0.41907749562626073, 2.535363039680695, 1.9781228781144171, 2.6825191767329106]
