[test.py] ++++++++++++++++++++++++++++++++ Summary: 
[test.py] Result for the experiment 0: 
    Baseline throughput: 601.1807761565452
    Groundtruth: [992.2879812225377, 889.0156081858846, 877.4408594989488, 795.5475787546732, 804.0646392186841, 735.6518317309909, 746.0921453736482, 702.9446469884253, 684.6835054561337, 655.1443669780361]
    Slowdown:    [624.3415878965452, 635.5056834703161, 619.0915833942056, 605.8035847109503, 533.6143542181242, 624.9016658644232, 670.7027911829025, 635.7279337145555, 634.7487691348588, 632.2868240823224]
    Predicted:   [921.7462228712084, 902.3153004567835, 832.3068908601801, 776.1504264126785, 639.7041777588538, 745.73341212504, 779.3118461113937, 705.8607930460712, 679.977706250923, 654.3343347620423]
    Error Perc:  [-7.109000581103395, 1.4960021115982485, -5.143818885359619, -2.4382139874472895, -20.441200053212217, 1.3704282323782273, 4.452493025658221, 0.4148471818000577, -0.6872955413283598, -0.12364178901976046]
[test.py] Result for the experiment 1: 
    Baseline throughput: 458.80562378011103
    Groundtruth: [998.5065400087749, 902.577102451538, 891.4552002142079, 841.4169663653665, 581.6009062941523, 778.4131705017528, 743.2708208506419, 571.9366595305892, 661.7512309120908, 682.9431220424694]
    Slowdown:    [625.9722963597293, 650.3658324066433, 630.2478796028968, 533.9768573228588, 635.5250394085106, 557.3276213011203, 629.1816988660888, 581.2201168855452, 570.7232431085756, 521.8217609106227]
    Predicted:   [925.3049541995445, 932.5694905321583, 852.5968397208583, 662.0542067309113, 791.9461452862822, 651.471416190796, 723.8110679398022, 639.2927632019251, 607.0271634563819, 536.7475739160618]
    Error Perc:  [-7.331107296361538, 3.322972408579422, -4.358980741153609, -21.316751005062443, 36.16659408810223, -16.307760341353436, -2.618124156760096, 11.776846710021658, -8.269583024467185, -21.406694555936436]
[test.py] Result for the experiment 2: 
    Baseline throughput: 651.2303766734814
    Groundtruth: [1053.7727940852155, 969.6822305270658, 919.23350702193, 853.8696682263254, 844.2129117837766, 730.7551008464419, 673.8456469198487, 660.3912765482245, 590.3604876920762, 615.4921134495065]
    Slowdown:    [654.6389685318567, 660.7251317090511, 646.3142341269839, 647.8274345784176, 473.8688011297032, 593.7635448829593, 563.8800521542528, 588.7423592970615, 574.2008624095013, 595.5072454603561]
    Predicted:   [989.3452096640773, 954.01762071738, 882.2660168902439, 846.5028364828669, 555.7103054392229, 701.8124486325374, 638.7177383720248, 648.4050542606625, 610.9628049815585, 615.0247998564192]
    Error Perc:  [-6.113992008786686, -1.6154374408997216, -4.021555986514333, -0.8627583362647204, -34.174152316026905, -3.960650042727018, -5.213049710774829, -1.8150182646585433, 3.489785939100355, -0.07592519593276972]
[test.py] Result for the experiment 3: 
    Baseline throughput: 574.8803832014662
    Groundtruth: [978.9070732570246, 931.5651512562539, 889.71802700401, 793.0590166317014, 767.974189923425, 661.8626442163023, 652.0261263608701, 723.3509387759246, 669.0284290124897, 646.7012816491716]
    Slowdown:    [638.314665448592, 647.3701224009395, 659.2580537631783, 583.961106730389, 547.0581562994729, 582.1906123284735, 513.5187913937268, 634.6243358695989, 643.407682683427, 563.7113569126725]
    Predicted:   [952.5302274751722, 926.4222587955718, 906.5634873521051, 740.656902494139, 659.1222571888867, 685.7015091360234, 574.8585367453799, 704.5005290270597, 689.9242309686255, 581.1698013143541]
    Error Perc:  [-2.69451988880735, -0.5520700783779539, 1.893348211097806, -6.607593260855402, -14.173905082069487, 3.6017843170388044, -11.835045636312596, -2.6059840028360504, 3.1233055353086745, -10.133191659633606]
[test.py] Result for the experiment 4: 
    Baseline throughput: 521.3060452382349
    Groundtruth: [893.0408740566111, 870.1369967072546, 878.2855282428823, 742.2148584818234, 815.5979020782963, 752.9705618111487, 538.3722227686139, 560.4806900985753, 685.3023768886297, 659.7132858846372]
    Slowdown:    [650.5372197348435, 443.3572130977907, 659.2237123296703, 560.7060003444487, 567.7749497656678, 607.6556653545457, 361.4573802530556, 632.8327514205463, 602.133842664301, 608.2966908713241]
    Predicted:   [980.006819622456, 558.5881909701446, 906.4985498629383, 703.6426944616086, 689.4311221575213, 721.3035599901139, 390.8100393940428, 702.2933807334545, 642.685776146286, 628.6759320244462]
    Error Perc:  [9.738181990573928, -35.804569500672116, 3.212283558457305, -5.196900005358682, -15.469237917272528, -4.205609545327382, -27.408951861543503, 25.30197616798138, -6.218656490851405, -4.704673154879965]
