[test.py] ++++++++++++++++++++++++++++++++ Summary: 
[test.py] Result for the experiment 0: 
    Baseline throughput: 1319.8927771903523
    Groundtruth: [1317.203636940841, 1360.3096915051424, 1339.5309972119253, 1343.7153371307456, 1289.4915449409484, 1346.2876609984396, 1341.845824330107, 1344.7179508307074, 1212.0100744701408, 1323.6185577178803]
    Slowdown:    [785.9424718306307, 819.705784437277, 867.3160265371167, 897.3812765412432, 933.4368732627719, 1007.8114139946242, 1052.971626435703, 1113.6477687182996, 1150.307330125687, 1259.8118774890586]
    Predicted:   [1338.3785632373958, 1338.2135080509345, 1364.6339071456862, 1339.282358606144, 1322.53313102544, 1370.6814208185483, 1352.2500379961132, 1350.8676175232454, 1308.647197982282, 1349.37414214066]
    Error Perc:  [1.6075666436613232, -1.6243494839589896, 1.874007394081183, -0.3299045863439645, 2.5623732248670756, 1.8119277571048742, 0.7753658041303138, 0.45732019035954385, 7.973293749591022, 1.9458464277794876]
[test.py] Result for the experiment 1: 
    Baseline throughput: 1313.7078085905391
    Groundtruth: [1329.6766781458762, 1326.9047122109955, 1340.7188619468827, 1334.7351945854132, 1335.2504414087598, 1351.285658781656, 1352.5577780559538, 1309.0267786789973, 1328.8829486344548, 1292.4216610322737]
    Slowdown:    [788.8958802594899, 804.8396132721513, 859.1146802815725, 898.1619620662418, 952.2102403557781, 990.1241735147316, 1072.4032375585641, 1127.233096318954, 1189.7331030089363, 1228.4638671270143]
    Predicted:   [1346.9657038286418, 1299.041116047792, 1344.4402810676768, 1341.021971052532, 1360.5382132709803, 1338.1697800064771, 1384.46616844921, 1370.9091065499172, 1359.9157885747084, 1313.474032835915]
    Error Perc:  [1.3002428309770597, -2.099894280786368, 0.2775689390533457, 0.4710130138638965, 1.8938598391729882, -0.9706222137371228, 2.359114775793055, 4.72735385393478, 2.3352575915089098, 1.6289089264278143]
[test.py] Result for the experiment 2: 
    Baseline throughput: 1296.5595969372216
    Groundtruth: [1328.676521427209, 1309.8350132635942, 1316.125496975157, 1264.0238109221357, 1320.3112574375402, 1276.939502908042, 1305.1948549871415, 1306.8281361731254, 1303.869192713301, 1293.2536148095517]
    Slowdown:    [778.7177452554747, 796.823324373304, 854.272340377638, 893.4058396199603, 937.6185995964173, 993.959848880084, 1044.1776487887723, 1073.9676995622615, 1167.896544453982, 1259.2788882689301]
    Predicted:   [1317.5623969141236, 1278.2846953330263, 1332.619249308591, 1330.4469065953595, 1330.9434137013252, 1345.1855728477385, 1337.781109930398, 1292.9222719695613, 1331.4600134763725, 1348.7626952604805]
    Error Perc:  [-0.836480838928887, -2.4087245806597335, 1.2532051366941466, 5.254892755917828, 0.8052764985447333, 5.344502992058446, 2.49665824369018, -1.0640928075122087, 2.116072756167834, 4.292203773124833]
[test.py] Result for the experiment 3: 
    Baseline throughput: 1308.988267750867
    Groundtruth: [1320.9879959839323, 1298.889121020219, 1283.3388061049359, 1294.7344195038406, 1284.315753009256, 1348.7737694928264, 1311.6662895352822, 1291.3438670189582, 1298.8249295450387, 1290.6498852926848]
    Slowdown:    [763.3875039944847, 804.3094053413314, 847.8164627421677, 896.6683033852098, 918.4541420266946, 988.3988843076943, 1038.881551030417, 1098.102749542906, 1159.520067397104, 1235.630152264001]
    Predicted:   [1274.2656719525835, 1297.6604212622601, 1316.9754989302003, 1337.6949322497649, 1292.6560541651322, 1335.0202983578454, 1329.1003370490466, 1328.062529832123, 1320.5839209415929, 1321.6697628845975]
    Error Perc:  [-3.53692268009959, -0.09459620055895956, 2.621029821996514, 3.318094591351582, 0.6493964693911293, -1.0197018540887486, 1.3291526703748127, 2.8434457893797846, 1.6752828577271037, 2.403430856454016]
[test.py] Result for the experiment 4: 
    Baseline throughput: 1311.2674557153018
    Groundtruth: [1308.5813427575615, 1324.7967734839542, 1304.307544958564, 1323.0183217613467, 1302.58319751529, 1301.4307856852342, 1299.3807102808025, 1321.8325529619476, 1278.866658136626, 1295.332529914126]
    Slowdown:    [771.6842130454584, 806.3951855626957, 849.3110415372022, 892.2225246918539, 924.3138754555911, 977.2957999216515, 1036.6612665253524, 1092.7297574954025, 1146.5740246320504, 1248.0031462159316]
    Predicted:   [1297.552269825215, 1303.0983778273962, 1320.5853923942043, 1327.8244001360317, 1304.2935419568234, 1314.8437269196131, 1325.4684454011378, 1320.2115744665014, 1303.8175337349342, 1335.8357432992914]
    Error Perc:  [-0.8428266988053654, -1.6378659799642685, 1.2480068445941115, 0.36326619938918764, 0.13130404605217574, 1.0306303940179689, 2.0077052794402053, -0.1226311526232261, 1.9510146299898716, 3.1268583510251564]
