        40000 requests in 1.17m, 6.07MB read
        Requests/sec:    571.43
        Transfer/sec:     88.73KB
        ------------------------------
        stop time: 38.205829
        stop time: 38.133583
        stop time: 38.032680
        stop time: 38.177206
        stop time: 38.145045
        stop time: 38.130357
        stop time: 38.415929
        stop time: 38.245826
        [run.sh] Test finished with status 0
        > STDERR
        > No resources found in default namespace.
        > command terminated with exit code 1
    [exp] Times: [38.205829, 38.133583, 38.03268, 38.177206, 38.145045, 38.130357, 38.415929, 38.245826]
    [exp] Throughput: 1047.5096187161555
[test.py] Finished running 9th optmization experiment: groundtruth->1074.2049356091352, slowdown->1047.5096187161555, predicted->1108.6964049878104, err->3.2108835321182543
[test.py] Baseline throughput:  1116.7730925249473
[test.py] Groundtruth:  [1137.5182699208785, 1097.851625133293, 1110.0939605383173, 1106.8403101265546, 1127.3079825488496, 1105.3307074175939, 1097.8881801780524, 1115.4102235677713, 1130.456347599472, 1074.2049356091352]
[test.py] Slowdown:  [695.9056666291435, 731.8769368051048, 762.0906176613947, 802.4613354882027, 830.2218003957502, 874.3224103779229, 923.9579329575777, 961.5470686560021, 1018.0821539548862, 1047.5096187161555]
[test.py] Predicted:  [1096.7421176004423, 1118.9876300708165, 1121.0826272509707, 1138.3285993033421, 1124.4642490085598, 1134.9992592356396, 1146.6373030052926, 1133.394027291866, 1140.180646159684, 1108.6964049878104]
[test.py] Error percentage:  [-3.584659112620011, 1.9252150703841504, 0.9898861811053078, 2.844880954253206, -0.252258795671801, 2.6841335013084815, 4.440263016524522, 1.6123040065538778, 0.8602100011080988, 3.2108835321182543]
[test.py] ++++++++++++++++++++++++++++++++ Summary: 
[test.py] Result for the experiment 0: 
    Baseline throughput: 1116.7730925249473
    Groundtruth: [1137.5182699208785, 1097.851625133293, 1110.0939605383173, 1106.8403101265546, 1127.3079825488496, 1105.3307074175939, 1097.8881801780524, 1115.4102235677713, 1130.456347599472, 1074.2049356091352]
    Slowdown:    [695.9056666291435, 731.8769368051048, 762.0906176613947, 802.4613354882027, 830.2218003957502, 874.3224103779229, 923.9579329575777, 961.5470686560021, 1018.0821539548862, 1047.5096187161555]
    Predicted:   [1096.7421176004423, 1118.9876300708165, 1121.0826272509707, 1138.3285993033421, 1124.4642490085598, 1134.9992592356396, 1146.6373030052926, 1133.394027291866, 1140.180646159684, 1108.6964049878104]
    Error Perc:  [-3.584659112620011, 1.9252150703841504, 0.9898861811053078, 2.844880954253206, -0.252258795671801, 2.6841335013084815, 4.440263016524522, 1.6123040065538778, 0.8602100011080988, 3.2108835321182543]
